# gunzip -c exp/percgncopas5k/chain_s/tdnn1k_sp/decode_test_5g_400k/depth_stats_tmp.*.gz | steps/diagnostic/analyze_lattice_depth_stats.py exp/percgncopas5k/chain_s/tree_sp/graph_5g_400k 
# Started at Tue Mar 23 10:21:55 CET 2021
#
The total amount of data analyzed assuming 100 frames per second is 0.2 hours
Overall, lattice depth (10,50,90-percentile)=(1,8,28) and mean=12.4
Phone SIL accounts for 59.2% of frames, with lattice depth (10,50,90-percentile)=(1,8,23) and mean=11.4
Nonsilence phones as a group account for 40.8% of frames, with lattice depth (10,50,90-percentile)=(1,7,33) and mean=13.8
Phone n_E accounts for 3.5% of frames, with lattice depth (10,50,90-percentile)=(1,14,42) and mean=21.3
Phone d_B accounts for 2.0% of frames, with lattice depth (10,50,90-percentile)=(2,10,36) and mean=18.3
Phone r_B accounts for 1.7% of frames, with lattice depth (10,50,90-percentile)=(4,13,42) and mean=18.7
Phone a_I accounts for 1.7% of frames, with lattice depth (10,50,90-percentile)=(1,5,21) and mean=8.0
Phone l_E accounts for 1.7% of frames, with lattice depth (10,50,90-percentile)=(4,16,36) and mean=19.9
Phone A_B accounts for 1.4% of frames, with lattice depth (10,50,90-percentile)=(1,7,32) and mean=12.4
Phone o_I accounts for 1.4% of frames, with lattice depth (10,50,90-percentile)=(1,6,29) and mean=11.4
Phone p_I accounts for 1.3% of frames, with lattice depth (10,50,90-percentile)=(1,4,14) and mean=6.5
Phone @_I accounts for 1.3% of frames, with lattice depth (10,50,90-percentile)=(1,4,19) and mean=8.6
Phone l_B accounts for 1.3% of frames, with lattice depth (10,50,90-percentile)=(3,18,53) and mean=23.2
Phone m_I accounts for 1.3% of frames, with lattice depth (10,50,90-percentile)=(1,5,20) and mean=8.4
Phone s_B accounts for 1.2% of frames, with lattice depth (10,50,90-percentile)=(2,7,31) and mean=11.8
Phone t_I accounts for 1.2% of frames, with lattice depth (10,50,90-percentile)=(1,6,29) and mean=12.3
Phone I_I accounts for 1.1% of frames, with lattice depth (10,50,90-percentile)=(2,14,41) and mean=20.6
Phone p_E accounts for 1.1% of frames, with lattice depth (10,50,90-percentile)=(1,5,20) and mean=8.5
Phone t_E accounts for 1.0% of frames, with lattice depth (10,50,90-percentile)=(1,3,25) and mean=10.0
Phone @_E accounts for 0.9% of frames, with lattice depth (10,50,90-percentile)=(1,7,32) and mean=16.5
Phone k_I accounts for 0.9% of frames, with lattice depth (10,50,90-percentile)=(1,6,31) and mean=11.9
Phone r_E accounts for 0.9% of frames, with lattice depth (10,50,90-percentile)=(1,3,18) and mean=6.5
Phone O_B accounts for 0.9% of frames, with lattice depth (10,50,90-percentile)=(1,5,24) and mean=9.8
Phone N_E accounts for 0.8% of frames, with lattice depth (10,50,90-percentile)=(5,14,37) and mean=18.0
Phone a_B accounts for 0.8% of frames, with lattice depth (10,50,90-percentile)=(1,4,26) and mean=9.7
Phone 2_I accounts for 0.7% of frames, with lattice depth (10,50,90-percentile)=(1,6,20) and mean=9.5
Phone Y+_B accounts for 0.7% of frames, with lattice depth (10,50,90-percentile)=(1,5,38) and mean=22.7
Phone A_I accounts for 0.6% of frames, with lattice depth (10,50,90-percentile)=(1,3,20) and mean=7.7
Phone I_B accounts for 0.6% of frames, with lattice depth (10,50,90-percentile)=(5,22,50) and mean=26.6
Phone o_B accounts for 0.6% of frames, with lattice depth (10,50,90-percentile)=(1,5,31) and mean=13.8
Phone n_I accounts for 0.5% of frames, with lattice depth (10,50,90-percentile)=(1,3,25) and mean=9.3
Phone l_I accounts for 0.5% of frames, with lattice depth (10,50,90-percentile)=(2,8,29) and mean=13.2
Phone i_E accounts for 0.5% of frames, with lattice depth (10,50,90-percentile)=(1,5,22) and mean=9.3
# Accounting: time=0 threads=1
# Ended (code 0) at Tue Mar 23 10:21:55 CET 2021, elapsed time 0 seconds
