# lattice-scale --inv-acoustic-scale=10 "ark:gunzip -c exp/percgncopas5k/chain_s/tdnn1k_sp/decode_test_5g_400k/lat.*.gz|" ark:- | lattice-add-penalty --word-ins-penalty=0.0 ark:- ark:- | lattice-best-path --word-symbol-table=exp/percgncopas5k/chain_s/tree_sp/graph_5g_400k/words.txt ark:- ark,t:exp/percgncopas5k/chain_s/tdnn1k_sp/decode_test_5g_400k/scoring/10.tra 
# Started at Tue Mar 23 15:33:12 CET 2021
#
lattice-best-path --word-symbol-table=exp/percgncopas5k/chain_s/tree_sp/graph_5g_400k/words.txt ark:- ark,t:exp/percgncopas5k/chain_s/tdnn1k_sp/decode_test_5g_400k/scoring/10.tra 
lattice-scale --inv-acoustic-scale=10 'ark:gunzip -c exp/percgncopas5k/chain_s/tdnn1k_sp/decode_test_5g_400k/lat.*.gz|' ark:- 
lattice-add-penalty --word-ins-penalty=0.0 ark:- ark:- 
LOG (lattice-best-path[5.5.569~1-6f329]:main():lattice-best-path.cc:99) For utterance pp48-domotica3_command1, best cost 176.408 + -484.415 = -308.007 over 236 frames.
pp48-domotica3_command1 doe alle lichten uit 
LOG (lattice-best-path[5.5.569~1-6f329]:main():lattice-best-path.cc:99) For utterance pp48-domotica3_command10, best cost 170.556 + -446.066 = -275.51 over 206 frames.
pp48-domotica3_command10 alle in hoofdeinde op stand twee 
LOG (lattice-best-path[5.5.569~1-6f329]:main():lattice-best-path.cc:99) For utterance pp48-domotica3_command100, best cost 144.216 + -372.909 = -228.693 over 168 frames.
pp48-domotica3_command100 alle in hoofdeinde op stand drie 
LOG (lattice-best-path[5.5.569~1-6f329]:main():lattice-best-path.cc:99) For utterance pp48-domotica3_command101, best cost 161.667 + -452.337 = -290.67 over 190 frames.
pp48-domotica3_command101 alle in deur dicht aan de slaapkamer 
LOG (lattice-best-path[5.5.569~1-6f329]:main():lattice-best-path.cc:99) For utterance pp48-domotica3_command102, best cost 168.409 + -520.072 = -351.663 over 224 frames.
pp48-domotica3_command102 deur open naar mijn slaapkamer 
LOG (lattice-best-path[5.5.569~1-6f329]:main():lattice-best-path.cc:99) For utterance pp48-domotica3_command103, best cost 183.499 + -512.041 = -328.542 over 223 frames.
pp48-domotica3_command103 alle in licht aan in mijn slaapkamer 
LOG (lattice-best-path[5.5.569~1-6f329]:main():lattice-best-path.cc:99) For utterance pp48-domotica3_command104, best cost 159.888 + -460.67 = -300.781 over 208 frames.
pp48-domotica3_command104 alle lichten uit op mijn slaapkamer 
LOG (lattice-best-path[5.5.569~1-6f329]:main():lattice-best-path.cc:99) For utterance pp48-domotica3_command105, best cost 138.47 + -384.02 = -245.551 over 161 frames.
pp48-domotica3_command105 alle in de voordeur sluiten 
LOG (lattice-best-path[5.5.569~1-6f329]:main():lattice-best-path.cc:99) For utterance pp48-domotica3_command106, best cost 122.455 + -314.977 = -192.522 over 139 frames.
pp48-domotica3_command106 alle in deur open 
LOG (lattice-best-path[5.5.569~1-6f329]:main():lattice-best-path.cc:99) For utterance pp48-domotica3_command107, best cost 142.444 + -384.341 = -241.897 over 187 frames.
pp48-domotica3_command107 doe alle lichten uit 
LOG (lattice-best-path[5.5.569~1-6f329]:main():lattice-best-path.cc:99) For utterance pp48-domotica3_command108, best cost 235.765 + -584.191 = -348.426 over 289 frames.
pp48-domotica3_command108 alle in hoofdeinde op stand twee een 
LOG (lattice-best-path[5.5.569~1-6f329]:main():lattice-best-path.cc:99) For utterance pp48-domotica3_command109, best cost 148.375 + -422.228 = -273.853 over 174 frames.
pp48-domotica3_command109 alle in hoofdeinde op stand twee 
LOG (lattice-best-path[5.5.569~1-6f329]:main():lattice-best-path.cc:99) For utterance pp48-domotica3_command11, best cost 151.147 + -402.61 = -251.463 over 178 frames.
pp48-domotica3_command11 alle in hoofdeinde op stand twee 
LOG (lattice-best-path[5.5.569~1-6f329]:main():lattice-best-path.cc:99) For utterance pp48-domotica3_command110, best cost 144.857 + -387.164 = -242.307 over 180 frames.
pp48-domotica3_command110 alle hoofdeinde op stand drie 
LOG (lattice-best-path[5.5.569~1-6f329]:main():lattice-best-path.cc:99) For utterance pp48-domotica3_command111, best cost 149.086 + -400.461 = -251.376 over 194 frames.
pp48-domotica3_command111 deur dicht aan de slaapkamer 
LOG (lattice-best-path[5.5.569~1-6f329]:main():lattice-best-path.cc:99) For utterance pp48-domotica3_command112, best cost 176.779 + -490.912 = -314.132 over 225 frames.
pp48-domotica3_command112 alle deur open naar mijn slaapkamer 
LOG (lattice-best-path[5.5.569~1-6f329]:main():lattice-best-path.cc:99) For utterance pp48-domotica3_command113, best cost 161.959 + -428.126 = -266.167 over 203 frames.
pp48-domotica3_command113 in licht aan in mijn slaapkamer 
LOG (lattice-best-path[5.5.569~1-6f329]:main():lattice-best-path.cc:99) For utterance pp48-domotica3_command114, best cost 157.889 + -424.436 = -266.547 over 195 frames.
pp48-domotica3_command114 in licht uit op mijn slaapkamer 
LOG (lattice-best-path[5.5.569~1-6f329]:main():lattice-best-path.cc:99) For utterance pp48-domotica3_command115, best cost 150.894 + -473.042 = -322.148 over 190 frames.
pp48-domotica3_command115 alle de voordeur sluiten 
LOG (lattice-best-path[5.5.569~1-6f329]:main():lattice-best-path.cc:99) For utterance pp48-domotica3_command116, best cost 150.214 + -401.619 = -251.406 over 189 frames.
pp48-domotica3_command116 aan in deur open 
LOG (lattice-best-path[5.5.569~1-6f329]:main():lattice-best-path.cc:99) For utterance pp48-domotica3_command117, best cost 142.496 + -354.697 = -212.201 over 176 frames.
pp48-domotica3_command117 in doe alle lichten uit 
LOG (lattice-best-path[5.5.569~1-6f329]:main():lattice-best-path.cc:99) For utterance pp48-domotica3_command118, best cost 137.873 + -381.951 = -244.078 over 181 frames.
pp48-domotica3_command118 hoofdeinde op stand een 
LOG (lattice-best-path[5.5.569~1-6f329]:main():lattice-best-path.cc:99) For utterance pp48-domotica3_command119, best cost 142.137 + -382.065 = -239.928 over 165 frames.
pp48-domotica3_command119 alle in hoofdeinde op stand twee 
LOG (lattice-best-path[5.5.569~1-6f329]:main():lattice-best-path.cc:99) For utterance pp48-domotica3_command12, best cost 156.693 + -376.157 = -219.464 over 186 frames.
pp48-domotica3_command12 alle in hoofdeinde op stand drie 
LOG (lattice-best-path[5.5.569~1-6f329]:main():lattice-best-path.cc:99) For utterance pp48-domotica3_command120, best cost 141.393 + -396.257 = -254.865 over 175 frames.
pp48-domotica3_command120 hoofdeinde hoofdeinde op stand drie 
LOG (lattice-best-path[5.5.569~1-6f329]:main():lattice-best-path.cc:99) For utterance pp48-domotica3_command121, best cost 154.631 + -440.416 = -285.785 over 202 frames.
pp48-domotica3_command121 deur dicht aan de slaapkamer 
LOG (lattice-best-path[5.5.569~1-6f329]:main():lattice-best-path.cc:99) For utterance pp48-domotica3_command122, best cost 136.577 + -382.77 = -246.193 over 167 frames.
pp48-domotica3_command122 in deur open naar mijn slaapkamer 
LOG (lattice-best-path[5.5.569~1-6f329]:main():lattice-best-path.cc:99) For utterance pp48-domotica3_command123, best cost 168.943 + -471.854 = -302.91 over 202 frames.
pp48-domotica3_command123 alle in licht aan in mijn slaapkamer 
LOG (lattice-best-path[5.5.569~1-6f329]:main():lattice-best-path.cc:99) For utterance pp48-domotica3_command124, best cost 166.82 + -477.318 = -310.498 over 218 frames.
pp48-domotica3_command124 alle lichten uit op mijn slaapkamer 
LOG (lattice-best-path[5.5.569~1-6f329]:main():lattice-best-path.cc:99) For utterance pp48-domotica3_command125, best cost 144.015 + -372.534 = -228.519 over 169 frames.
pp48-domotica3_command125 alle in de voordeur sluiten 
LOG (lattice-best-path[5.5.569~1-6f329]:main():lattice-best-path.cc:99) For utterance pp48-domotica3_command126, best cost 128.641 + -341.346 = -212.705 over 159 frames.
pp48-domotica3_command126 alle deur open 
LOG (lattice-best-path[5.5.569~1-6f329]:main():lattice-best-path.cc:99) For utterance pp48-domotica3_command127, best cost 182.697 + -507.141 = -324.444 over 234 frames.
pp48-domotica3_command127 mijn doe alle lichten uit 
LOG (lattice-best-path[5.5.569~1-6f329]:main():lattice-best-path.cc:99) For utterance pp48-domotica3_command128, best cost 165.651 + -472.297 = -306.647 over 210 frames.
pp48-domotica3_command128 hoofdeinde op stand twee een 
LOG (lattice-best-path[5.5.569~1-6f329]:main():lattice-best-path.cc:99) For utterance pp48-domotica3_command129, best cost 156.641 + -450.406 = -293.765 over 197 frames.
pp48-domotica3_command129 in hoofdeinde op stand twee 
LOG (lattice-best-path[5.5.569~1-6f329]:main():lattice-best-path.cc:99) For utterance pp48-domotica3_command13, best cost 167.556 + -448.732 = -281.176 over 200 frames.
pp48-domotica3_command13 alle in licht aan in mijn slaapkamer 
LOG (lattice-best-path[5.5.569~1-6f329]:main():lattice-best-path.cc:99) For utterance pp48-domotica3_command130, best cost 155.307 + -437.537 = -282.23 over 184 frames.
pp48-domotica3_command130 alle in hoofdeinde op stand drie 
LOG (lattice-best-path[5.5.569~1-6f329]:main():lattice-best-path.cc:99) For utterance pp48-domotica3_command131, best cost 169.238 + -467.129 = -297.891 over 212 frames.
pp48-domotica3_command131 mijn deur dicht aan de slaapkamer 
LOG (lattice-best-path[5.5.569~1-6f329]:main():lattice-best-path.cc:99) For utterance pp48-domotica3_command132, best cost 194.8 + -580.397 = -385.597 over 251 frames.
pp48-domotica3_command132 mijn deur open naar mijn slaapkamer 
LOG (lattice-best-path[5.5.569~1-6f329]:main():lattice-best-path.cc:99) For utterance pp48-domotica3_command133, best cost 177.359 + -499.637 = -322.278 over 214 frames.
pp48-domotica3_command133 alle in dicht aan in mijn slaapkamer 
LOG (lattice-best-path[5.5.569~1-6f329]:main():lattice-best-path.cc:99) For utterance pp48-domotica3_command134, best cost 161.275 + -456.196 = -294.921 over 210 frames.
pp48-domotica3_command134 alle lichten uit op mijn slaapkamer 
LOG (lattice-best-path[5.5.569~1-6f329]:main():lattice-best-path.cc:99) For utterance pp48-domotica3_command135, best cost 155.798 + -438.545 = -282.747 over 186 frames.
pp48-domotica3_command135 alle in de voordeur sluiten 
LOG (lattice-best-path[5.5.569~1-6f329]:main():lattice-best-path.cc:99) For utterance pp48-domotica3_command136, best cost 142.555 + -403.248 = -260.693 over 168 frames.
pp48-domotica3_command136 alle mijn deur open 
LOG (lattice-best-path[5.5.569~1-6f329]:main():lattice-best-path.cc:99) For utterance pp48-domotica3_command137, best cost 149.427 + -369.72 = -220.292 over 186 frames.
pp48-domotica3_command137 alle doe alle lichten uit 
LOG (lattice-best-path[5.5.569~1-6f329]:main():lattice-best-path.cc:99) For utterance pp48-domotica3_command138, best cost 156.588 + -449.78 = -293.192 over 208 frames.
pp48-domotica3_command138 hoofdeinde op stand een 
LOG (lattice-best-path[5.5.569~1-6f329]:main():lattice-best-path.cc:99) For utterance pp48-domotica3_command139, best cost 154.614 + -408.687 = -254.074 over 183 frames.
pp48-domotica3_command139 alle in hoofdeinde op stand twee 
LOG (lattice-best-path[5.5.569~1-6f329]:main():lattice-best-path.cc:99) For utterance pp48-domotica3_command14, best cost 158.502 + -448.222 = -289.72 over 206 frames.
pp48-domotica3_command14 alle lichten uit op mijn slaapkamer 
LOG (lattice-best-path[5.5.569~1-6f329]:main():lattice-best-path.cc:99) For utterance pp48-domotica3_command140, best cost 165.011 + -444.658 = -279.647 over 198 frames.
pp48-domotica3_command140 alle in hoofdeinde op stand drie 
LOG (lattice-best-path[5.5.569~1-6f329]:main():lattice-best-path.cc:99) For utterance pp48-domotica3_command141, best cost 159.483 + -459.193 = -299.711 over 209 frames.
pp48-domotica3_command141 deur dicht aan de slaapkamer 
LOG (lattice-best-path[5.5.569~1-6f329]:main():lattice-best-path.cc:99) For utterance pp48-domotica3_command142, best cost 168.409 + -494.713 = -326.303 over 224 frames.
pp48-domotica3_command142 deur open naar mijn slaapkamer 
LOG (lattice-best-path[5.5.569~1-6f329]:main():lattice-best-path.cc:99) For utterance pp48-domotica3_command143, best cost 170.331 + -470.638 = -300.307 over 214 frames.
pp48-domotica3_command143 alle lichten licht aan in mijn slaapkamer 
LOG (lattice-best-path[5.5.569~1-6f329]:main():lattice-best-path.cc:99) For utterance pp48-domotica3_command144, best cost 175.135 + -485.448 = -310.313 over 220 frames.
pp48-domotica3_command144 hoofdeinde lichten uit op mijn slaapkamer 
LOG (lattice-best-path[5.5.569~1-6f329]:main():lattice-best-path.cc:99) For utterance pp48-domotica3_command145, best cost 160.649 + -491.319 = -330.669 over 193 frames.
pp48-domotica3_command145 alle drie de voordeur sluiten 
LOG (lattice-best-path[5.5.569~1-6f329]:main():lattice-best-path.cc:99) For utterance pp48-domotica3_command146, best cost 131.413 + -381.178 = -249.766 over 163 frames.
pp48-domotica3_command146 mijn deur open 
LOG (lattice-best-path[5.5.569~1-6f329]:main():lattice-best-path.cc:99) For utterance pp48-domotica3_command147, best cost 154.972 + -391.496 = -236.523 over 194 frames.
pp48-domotica3_command147 in doe alle lichten uit 
LOG (lattice-best-path[5.5.569~1-6f329]:main():lattice-best-path.cc:99) For utterance pp48-domotica3_command148, best cost 157.334 + -422.628 = -265.294 over 198 frames.
pp48-domotica3_command148 in hoofdeinde op stand twee 
LOG (lattice-best-path[5.5.569~1-6f329]:main():lattice-best-path.cc:99) For utterance pp48-domotica3_command149, best cost 152.482 + -427.487 = -275.005 over 191 frames.
pp48-domotica3_command149 in hoofdeinde op stand twee 
LOG (lattice-best-path[5.5.569~1-6f329]:main():lattice-best-path.cc:99) For utterance pp48-domotica3_command15, best cost 137.672 + -414.469 = -276.796 over 182 frames.
pp48-domotica3_command15 de voordeur sluiten 
LOG (lattice-best-path[5.5.569~1-6f329]:main():lattice-best-path.cc:99) For utterance pp48-domotica3_command150, best cost 147.578 + -413.668 = -266.09 over 195 frames.
pp48-domotica3_command150 hoofdeinde op stand drie 
LOG (lattice-best-path[5.5.569~1-6f329]:main():lattice-best-path.cc:99) For utterance pp48-domotica3_command151, best cost 152.551 + -403.415 = -250.863 over 199 frames.
pp48-domotica3_command151 deur dicht aan de slaapkamer 
LOG (lattice-best-path[5.5.569~1-6f329]:main():lattice-best-path.cc:99) For utterance pp48-domotica3_command152, best cost 183.71 + -522.202 = -338.492 over 235 frames.
pp48-domotica3_command152 mijn deur open naar mijn slaapkamer 
LOG (lattice-best-path[5.5.569~1-6f329]:main():lattice-best-path.cc:99) For utterance pp48-domotica3_command153, best cost 189.835 + -527.005 = -337.171 over 232 frames.
pp48-domotica3_command153 alle mijn dicht aan in mijn slaapkamer 
LOG (lattice-best-path[5.5.569~1-6f329]:main():lattice-best-path.cc:99) For utterance pp48-domotica3_command154, best cost 179.988 + -525.539 = -345.551 over 227 frames.
pp48-domotica3_command154 in lichten uit op mijn slaapkamer 
LOG (lattice-best-path[5.5.569~1-6f329]:main():lattice-best-path.cc:99) For utterance pp48-domotica3_command155, best cost 144.656 + -420.202 = -275.546 over 181 frames.
pp48-domotica3_command155 alle de voordeur sluiten 
LOG (lattice-best-path[5.5.569~1-6f329]:main():lattice-best-path.cc:99) For utterance pp48-domotica3_command156, best cost 125.261 + -347.101 = -221.841 over 153 frames.
pp48-domotica3_command156 aan in deur open 
LOG (lattice-best-path[5.5.569~1-6f329]:main():lattice-best-path.cc:99) For utterance pp48-domotica3_command157, best cost 144.523 + -374.357 = -229.834 over 190 frames.
pp48-domotica3_command157 doe alle lichten uit 
LOG (lattice-best-path[5.5.569~1-6f329]:main():lattice-best-path.cc:99) For utterance pp48-domotica3_command158, best cost 153.174 + -399.584 = -246.41 over 192 frames.
pp48-domotica3_command158 alle hoofdeinde op stand een 
LOG (lattice-best-path[5.5.569~1-6f329]:main():lattice-best-path.cc:99) For utterance pp48-domotica3_command159, best cost 142.829 + -389.175 = -246.346 over 166 frames.
pp48-domotica3_command159 alle in hoofdeinde op stand twee 
LOG (lattice-best-path[5.5.569~1-6f329]:main():lattice-best-path.cc:99) For utterance pp48-domotica3_command16, best cost 127.948 + -370.444 = -242.497 over 158 frames.
pp48-domotica3_command16 alle deur open 
LOG (lattice-best-path[5.5.569~1-6f329]:main():lattice-best-path.cc:99) For utterance pp48-domotica3_command160, best cost 144.805 + -402.263 = -257.457 over 191 frames.
pp48-domotica3_command160 hoofdeinde op stand drie 
LOG (lattice-best-path[5.5.569~1-6f329]:main():lattice-best-path.cc:99) For utterance pp48-domotica3_command161, best cost 152.552 + -427.32 = -274.769 over 199 frames.
pp48-domotica3_command161 deur dicht aan de slaapkamer 
LOG (lattice-best-path[5.5.569~1-6f329]:main():lattice-best-path.cc:99) For utterance pp48-domotica3_command162, best cost 166.33 + -527.872 = -361.542 over 221 frames.
pp48-domotica3_command162 deur open naar mijn slaapkamer 
LOG (lattice-best-path[5.5.569~1-6f329]:main():lattice-best-path.cc:99) For utterance pp48-domotica3_command163, best cost 171.022 + -472.896 = -301.874 over 205 frames.
pp48-domotica3_command163 alle in licht aan in mijn slaapkamer 
LOG (lattice-best-path[5.5.569~1-6f329]:main():lattice-best-path.cc:99) For utterance pp48-domotica3_command164, best cost 168.206 + -505.26 = -337.054 over 220 frames.
pp48-domotica3_command164 alle lichten uit op mijn slaapkamer 
LOG (lattice-best-path[5.5.569~1-6f329]:main():lattice-best-path.cc:99) For utterance pp48-domotica3_command165, best cost 148.763 + -463.734 = -314.972 over 198 frames.
pp48-domotica3_command165 de voordeur sluiten 
LOG (lattice-best-path[5.5.569~1-6f329]:main():lattice-best-path.cc:99) For utterance pp48-domotica3_command166, best cost 124.482 + -355.568 = -231.086 over 153 frames.
pp48-domotica3_command166 in deur open 
LOG (lattice-best-path[5.5.569~1-6f329]:main():lattice-best-path.cc:99) For utterance pp48-domotica3_command167, best cost 143.83 + -373.719 = -229.889 over 189 frames.
pp48-domotica3_command167 doe alle lichten uit 
LOG (lattice-best-path[5.5.569~1-6f329]:main():lattice-best-path.cc:99) For utterance pp48-domotica3_command168, best cost 160.106 + -406.848 = -246.743 over 202 frames.
pp48-domotica3_command168 in hoofdeinde op stand een 
LOG (lattice-best-path[5.5.569~1-6f329]:main():lattice-best-path.cc:99) For utterance pp48-domotica3_command169, best cost 119.296 + -275.429 = -156.133 over 142 frames.
pp48-domotica3_command169 aan in hoofdeinde op stand twee 
LOG (lattice-best-path[5.5.569~1-6f329]:main():lattice-best-path.cc:99) For utterance pp48-domotica3_command17, best cost 154.332 + -403.888 = -249.556 over 182 frames.
pp48-domotica3_command17 alle in doe alle lichten uit 
LOG (lattice-best-path[5.5.569~1-6f329]:main():lattice-best-path.cc:99) For utterance pp48-domotica3_command170, best cost 137.925 + -337.225 = -199.3 over 170 frames.
pp48-domotica3_command170 hoofdeinde hoofdeinde op stand drie 
LOG (lattice-best-path[5.5.569~1-6f329]:main():lattice-best-path.cc:99) For utterance pp48-domotica3_command18, best cost 166.448 + -439.669 = -273.221 over 189 frames.
pp48-domotica3_command18 alle in hoofdeinde op stand twee een 
LOG (lattice-best-path[5.5.569~1-6f329]:main():lattice-best-path.cc:99) For utterance pp48-domotica3_command19, best cost 156 + -422.717 = -266.717 over 185 frames.
pp48-domotica3_command19 alle in hoofdeinde op stand twee 
LOG (lattice-best-path[5.5.569~1-6f329]:main():lattice-best-path.cc:99) For utterance pp48-domotica3_command2, best cost 189.912 + -504.432 = -314.52 over 245 frames.
pp48-domotica3_command2 in hoofdeinde op stand een 
LOG (lattice-best-path[5.5.569~1-6f329]:main():lattice-best-path.cc:99) For utterance pp48-domotica3_command20, best cost 151.096 + -405.956 = -254.86 over 189 frames.
pp48-domotica3_command20 alle hoofdeinde op stand drie 
LOG (lattice-best-path[5.5.569~1-6f329]:main():lattice-best-path.cc:99) For utterance pp48-domotica3_command21, best cost 157.456 + -420.681 = -263.225 over 195 frames.
pp48-domotica3_command21 alle deur dicht aan de slaapkamer 
LOG (lattice-best-path[5.5.569~1-6f329]:main():lattice-best-path.cc:99) For utterance pp48-domotica3_command22, best cost 159.238 + -403.675 = -244.436 over 188 frames.
pp48-domotica3_command22 alle in licht aan in mijn slaapkamer 
LOG (lattice-best-path[5.5.569~1-6f329]:main():lattice-best-path.cc:99) For utterance pp48-domotica3_command23, best cost 157.116 + -411.74 = -254.624 over 204 frames.
pp48-domotica3_command23 alle lichten uit op mijn slaapkamer 
LOG (lattice-best-path[5.5.569~1-6f329]:main():lattice-best-path.cc:99) For utterance pp48-domotica3_command24, best cost 146.788 + -393.6 = -246.813 over 173 frames.
pp48-domotica3_command24 alle in de voordeur sluiten 
LOG (lattice-best-path[5.5.569~1-6f329]:main():lattice-best-path.cc:99) For utterance pp48-domotica3_command25, best cost 118.885 + -359.64 = -240.755 over 156 frames.
pp48-domotica3_command25 deur open 
LOG (lattice-best-path[5.5.569~1-6f329]:main():lattice-best-path.cc:99) For utterance pp48-domotica3_command26, best cost 157.052 + -406.1 = -249.048 over 197 frames.
pp48-domotica3_command26 alle doe alle lichten uit 
LOG (lattice-best-path[5.5.569~1-6f329]:main():lattice-best-path.cc:99) For utterance pp48-domotica3_command27, best cost 147.578 + -409.17 = -261.592 over 195 frames.
pp48-domotica3_command27 hoofdeinde op stand twee 
LOG (lattice-best-path[5.5.569~1-6f329]:main():lattice-best-path.cc:99) For utterance pp48-domotica3_command28, best cost 142.778 + -396.054 = -253.276 over 177 frames.
pp48-domotica3_command28 in hoofdeinde op stand twee 
LOG (lattice-best-path[5.5.569~1-6f329]:main():lattice-best-path.cc:99) For utterance pp48-domotica3_command29, best cost 153.868 + -440.503 = -286.635 over 193 frames.
pp48-domotica3_command29 in hoofdeinde op stand drie 
LOG (lattice-best-path[5.5.569~1-6f329]:main():lattice-best-path.cc:99) For utterance pp48-domotica3_command3, best cost 192.684 + -528.619 = -335.934 over 249 frames.
pp48-domotica3_command3 in hoofdeinde op stand twee 
LOG (lattice-best-path[5.5.569~1-6f329]:main():lattice-best-path.cc:99) For utterance pp48-domotica3_command30, best cost 152.551 + -433.722 = -281.171 over 199 frames.
pp48-domotica3_command30 deur dicht aan de slaapkamer 
LOG (lattice-best-path[5.5.569~1-6f329]:main():lattice-best-path.cc:99) For utterance pp48-domotica3_command31, best cost 171.927 + -495.359 = -323.432 over 218 frames.
pp48-domotica3_command31 alle deur open naar mijn slaapkamer 
LOG (lattice-best-path[5.5.569~1-6f329]:main():lattice-best-path.cc:99) For utterance pp48-domotica3_command32, best cost 165.73 + -448.544 = -282.814 over 213 frames.
pp48-domotica3_command32 alle lichten mijn slaapkamer 
LOG (lattice-best-path[5.5.569~1-6f329]:main():lattice-best-path.cc:99) For utterance pp48-domotica3_command33, best cost 164.741 + -486.645 = -321.905 over 215 frames.
pp48-domotica3_command33 alle lichten uit op mijn slaapkamer 
LOG (lattice-best-path[5.5.569~1-6f329]:main():lattice-best-path.cc:99) For utterance pp48-domotica3_command34, best cost 148.122 + -408.938 = -260.816 over 186 frames.
pp48-domotica3_command34 alle de voordeur sluiten 
LOG (lattice-best-path[5.5.569~1-6f329]:main():lattice-best-path.cc:99) For utterance pp48-domotica3_command35, best cost 123.044 + -368.476 = -245.432 over 162 frames.
pp48-domotica3_command35 deur open 
LOG (lattice-best-path[5.5.569~1-6f329]:main():lattice-best-path.cc:99) For utterance pp48-domotica3_command36, best cost 159.131 + -455.221 = -296.09 over 200 frames.
pp48-domotica3_command36 alle doe alle lichten uit 
LOG (lattice-best-path[5.5.569~1-6f329]:main():lattice-best-path.cc:99) For utterance pp48-domotica3_command37, best cost 144.111 + -418.554 = -274.443 over 190 frames.
pp48-domotica3_command37 hoofdeinde op stand twee 
LOG (lattice-best-path[5.5.569~1-6f329]:main():lattice-best-path.cc:99) For utterance pp48-domotica3_command38, best cost 153.868 + -456.617 = -302.748 over 193 frames.
pp48-domotica3_command38 alle hoofdeinde op stand twee 
LOG (lattice-best-path[5.5.569~1-6f329]:main():lattice-best-path.cc:99) For utterance pp48-domotica3_command39, best cost 163.572 + -468.573 = -305 over 207 frames.
pp48-domotica3_command39 in hoofdeinde op stand drie 
LOG (lattice-best-path[5.5.569~1-6f329]:main():lattice-best-path.cc:99) For utterance pp48-domotica3_command4, best cost 169.758 + -507.35 = -337.592 over 227 frames.
pp48-domotica3_command4 hoofdeinde op stand drie 
LOG (lattice-best-path[5.5.569~1-6f329]:main():lattice-best-path.cc:99) For utterance pp48-domotica3_command40, best cost 187.954 + -570.44 = -382.486 over 239 frames.
pp48-domotica3_command40 alle deur dicht aan de slaapkamer 
LOG (lattice-best-path[5.5.569~1-6f329]:main():lattice-best-path.cc:99) For utterance pp48-domotica3_command41, best cost 177.473 + -509.431 = -331.959 over 226 frames.
pp48-domotica3_command41 alle deur open naar mijn slaapkamer 
LOG (lattice-best-path[5.5.569~1-6f329]:main():lattice-best-path.cc:99) For utterance pp48-domotica3_command42, best cost 174.436 + -505.023 = -330.587 over 221 frames.
pp48-domotica3_command42 alle licht aan in mijn slaapkamer 
LOG (lattice-best-path[5.5.569~1-6f329]:main():lattice-best-path.cc:99) For utterance pp48-domotica3_command43, best cost 162.661 + -433.331 = -270.67 over 212 frames.
pp48-domotica3_command43 alle lichten uit op mijn slaapkamer 
LOG (lattice-best-path[5.5.569~1-6f329]:main():lattice-best-path.cc:99) For utterance pp48-domotica3_command44, best cost 150.894 + -420.943 = -270.048 over 190 frames.
pp48-domotica3_command44 alle de voordeur sluiten 
LOG (lattice-best-path[5.5.569~1-6f329]:main():lattice-best-path.cc:99) For utterance pp48-domotica3_command45, best cost 138.345 + -393.141 = -254.796 over 173 frames.
pp48-domotica3_command45 alle deur open 
LOG (lattice-best-path[5.5.569~1-6f329]:main():lattice-best-path.cc:99) For utterance pp48-domotica3_command46, best cost 143.137 + -379.634 = -236.497 over 188 frames.
pp48-domotica3_command46 doe alle lichten uit 
LOG (lattice-best-path[5.5.569~1-6f329]:main():lattice-best-path.cc:99) For utterance pp48-domotica3_command47, best cost 151.788 + -394.408 = -242.62 over 190 frames.
pp48-domotica3_command47 alle hoofdeinde op stand een 
LOG (lattice-best-path[5.5.569~1-6f329]:main():lattice-best-path.cc:99) For utterance pp48-domotica3_command48, best cost 156 + -405.871 = -249.871 over 185 frames.
pp48-domotica3_command48 alle in hoofdeinde op stand twee 
LOG (lattice-best-path[5.5.569~1-6f329]:main():lattice-best-path.cc:99) For utterance pp48-domotica3_command49, best cost 158.772 + -379.636 = -220.864 over 189 frames.
pp48-domotica3_command49 alle in hoofdeinde op stand drie 
LOG (lattice-best-path[5.5.569~1-6f329]:main():lattice-best-path.cc:99) For utterance pp48-domotica3_command5, best cost 180.033 + -494.913 = -314.881 over 218 frames.
pp48-domotica3_command5 alle in licht aan in mijn slaapkamer 
LOG (lattice-best-path[5.5.569~1-6f329]:main():lattice-best-path.cc:99) For utterance pp48-domotica3_command50, best cost 154.631 + -389.001 = -234.37 over 202 frames.
pp48-domotica3_command50 deur dicht aan de slaapkamer 
LOG (lattice-best-path[5.5.569~1-6f329]:main():lattice-best-path.cc:99) For utterance pp48-domotica3_command51, best cost 178.859 + -484.404 = -305.545 over 228 frames.
pp48-domotica3_command51 alle deur open naar mijn slaapkamer 
LOG (lattice-best-path[5.5.569~1-6f329]:main():lattice-best-path.cc:99) For utterance pp48-domotica3_command52, best cost 164.707 + -417.907 = -253.201 over 209 frames.
pp48-domotica3_command52 alle lichten in mijn slaapkamer 
LOG (lattice-best-path[5.5.569~1-6f329]:main():lattice-best-path.cc:99) For utterance pp48-domotica3_command53, best cost 160.582 + -465.068 = -304.486 over 209 frames.
pp48-domotica3_command53 alle lichten uit op mijn slaapkamer 
LOG (lattice-best-path[5.5.569~1-6f329]:main():lattice-best-path.cc:99) For utterance pp48-domotica3_command54, best cost 143.963 + -406.165 = -262.203 over 180 frames.
pp48-domotica3_command54 alle de voordeur sluiten 
LOG (lattice-best-path[5.5.569~1-6f329]:main():lattice-best-path.cc:99) For utterance pp48-domotica3_command55, best cost 127.948 + -351.235 = -223.287 over 158 frames.
pp48-domotica3_command55 alle deur open 
LOG (lattice-best-path[5.5.569~1-6f329]:main():lattice-best-path.cc:99) For utterance pp48-domotica3_command56, best cost 153.586 + -370.657 = -217.071 over 192 frames.
pp48-domotica3_command56 alle doe alle lichten uit 
LOG (lattice-best-path[5.5.569~1-6f329]:main():lattice-best-path.cc:99) For utterance pp48-domotica3_command57, best cost 164.317 + -401.235 = -236.919 over 197 frames.
pp48-domotica3_command57 alle in hoofdeinde op stand twee 
LOG (lattice-best-path[5.5.569~1-6f329]:main():lattice-best-path.cc:99) For utterance pp48-domotica3_command58, best cost 157.386 + -433.638 = -276.252 over 187 frames.
pp48-domotica3_command58 alle in hoofdeinde op stand twee 
LOG (lattice-best-path[5.5.569~1-6f329]:main():lattice-best-path.cc:99) For utterance pp48-domotica3_command59, best cost 152.532 + -383.183 = -230.651 over 180 frames.
pp48-domotica3_command59 hoofdeinde in hoofdeinde op stand drie 
LOG (lattice-best-path[5.5.569~1-6f329]:main():lattice-best-path.cc:99) For utterance pp48-domotica3_command6, best cost 180.155 + -516.025 = -335.87 over 226 frames.
pp48-domotica3_command6 aan in licht uit op mijn slaapkamer 
LOG (lattice-best-path[5.5.569~1-6f329]:main():lattice-best-path.cc:99) For utterance pp48-domotica3_command60, best cost 151.91 + -399.917 = -248.007 over 187 frames.
pp48-domotica3_command60 hoofdeinde deur dicht aan de slaapkamer 
LOG (lattice-best-path[5.5.569~1-6f329]:main():lattice-best-path.cc:99) For utterance pp48-domotica3_command61, best cost 155.933 + -449.011 = -293.078 over 206 frames.
pp48-domotica3_command61 deur open naar mijn slaapkamer 
LOG (lattice-best-path[5.5.569~1-6f329]:main():lattice-best-path.cc:99) For utterance pp48-domotica3_command62, best cost 157.8 + -398.975 = -241.175 over 197 frames.
pp48-domotica3_command62 in licht aan in mijn slaapkamer 
LOG (lattice-best-path[5.5.569~1-6f329]:main():lattice-best-path.cc:99) For utterance pp48-domotica3_command63, best cost 152.343 + -384.962 = -232.619 over 187 frames.
pp48-domotica3_command63 hoofdeinde licht uit op mijn slaapkamer 
LOG (lattice-best-path[5.5.569~1-6f329]:main():lattice-best-path.cc:99) For utterance pp48-domotica3_command64, best cost 150.946 + -402.996 = -252.05 over 179 frames.
pp48-domotica3_command64 alle in de voordeur sluiten 
LOG (lattice-best-path[5.5.569~1-6f329]:main():lattice-best-path.cc:99) For utterance pp48-domotica3_command65, best cost 123.096 + -315.624 = -192.528 over 151 frames.
pp48-domotica3_command65 alle deur open 
LOG (lattice-best-path[5.5.569~1-6f329]:main():lattice-best-path.cc:99) For utterance pp48-domotica3_command66, best cost 158.49 + -369.153 = -210.663 over 188 frames.
pp48-domotica3_command66 alle in doe alle lichten uit 
LOG (lattice-best-path[5.5.569~1-6f329]:main():lattice-best-path.cc:99) For utterance pp48-domotica3_command67, best cost 146.936 + -366.336 = -219.4 over 183 frames.
pp48-domotica3_command67 in hoofdeinde op stand drie 
LOG (lattice-best-path[5.5.569~1-6f329]:main():lattice-best-path.cc:99) For utterance pp48-domotica3_command68, best cost 144.909 + -362.398 = -217.489 over 169 frames.
pp48-domotica3_command68 hoofdeinde in hoofdeinde op stand twee 
LOG (lattice-best-path[5.5.569~1-6f329]:main():lattice-best-path.cc:99) For utterance pp48-domotica3_command69, best cost 160.159 + -409.221 = -249.062 over 191 frames.
pp48-domotica3_command69 alle in hoofdeinde op stand drie 
LOG (lattice-best-path[5.5.569~1-6f329]:main():lattice-best-path.cc:99) For utterance pp48-domotica3_command7, best cost 155.884 + -455.507 = -299.624 over 185 frames.
pp48-domotica3_command7 alle aan in de voordeur sluiten 
LOG (lattice-best-path[5.5.569~1-6f329]:main():lattice-best-path.cc:99) For utterance pp48-domotica3_command70, best cost 151.961 + -364.065 = -212.104 over 176 frames.
pp48-domotica3_command70 hoofdeinde in deur dicht aan de slaapkamer 
LOG (lattice-best-path[5.5.569~1-6f329]:main():lattice-best-path.cc:99) For utterance pp48-domotica3_command71, best cost 169.207 + -452.017 = -282.81 over 203 frames.
pp48-domotica3_command71 alle in deur open naar mijn slaapkamer 
LOG (lattice-best-path[5.5.569~1-6f329]:main():lattice-best-path.cc:99) For utterance pp48-domotica3_command72, best cost 165.477 + -423.3 = -257.824 over 197 frames.
pp48-domotica3_command72 alle in licht aan in mijn slaapkamer 
LOG (lattice-best-path[5.5.569~1-6f329]:main():lattice-best-path.cc:99) For utterance pp48-domotica3_command73, best cost 178.363 + -459.962 = -281.599 over 222 frames.
pp48-domotica3_command73 op mijn licht uit op mijn slaapkamer 
LOG (lattice-best-path[5.5.569~1-6f329]:main():lattice-best-path.cc:99) For utterance pp48-domotica3_command74, best cost 142.629 + -374.644 = -232.016 over 167 frames.
pp48-domotica3_command74 alle in de voordeur sluiten 
LOG (lattice-best-path[5.5.569~1-6f329]:main():lattice-best-path.cc:99) For utterance pp48-domotica3_command75, best cost 123.096 + -347.099 = -224.003 over 151 frames.
pp48-domotica3_command75 alle deur open 
LOG (lattice-best-path[5.5.569~1-6f329]:main():lattice-best-path.cc:99) For utterance pp48-domotica3_command76, best cost 146.655 + -392.477 = -245.822 over 182 frames.
pp48-domotica3_command76 alle doe alle lichten uit 
LOG (lattice-best-path[5.5.569~1-6f329]:main():lattice-best-path.cc:99) For utterance pp48-domotica3_command77, best cost 149.793 + -399.262 = -249.469 over 186 frames.
pp48-domotica3_command77 aan in hoofdeinde op stand twee 
LOG (lattice-best-path[5.5.569~1-6f329]:main():lattice-best-path.cc:99) For utterance pp48-domotica3_command78, best cost 142.778 + -399.66 = -256.882 over 177 frames.
pp48-domotica3_command78 alle hoofdeinde op stand twee 
LOG (lattice-best-path[5.5.569~1-6f329]:main():lattice-best-path.cc:99) For utterance pp48-domotica3_command79, best cost 144.216 + -407.137 = -262.921 over 168 frames.
pp48-domotica3_command79 alle in hoofdeinde op stand drie 
LOG (lattice-best-path[5.5.569~1-6f329]:main():lattice-best-path.cc:99) For utterance pp48-domotica3_command8, best cost 131.551 + -374.561 = -243.011 over 151 frames.
pp48-domotica3_command8 alle aan in deur open 
LOG (lattice-best-path[5.5.569~1-6f329]:main():lattice-best-path.cc:99) For utterance pp48-domotica3_command81, best cost 130.371 + -378.1 = -247.729 over 167 frames.
pp48-domotica3_command81 deur dicht aan de slaapkamer 
LOG (lattice-best-path[5.5.569~1-6f329]:main():lattice-best-path.cc:99) For utterance pp48-domotica3_command82, best cost 160.144 + -455.809 = -295.666 over 201 frames.
pp48-domotica3_command82 alle deur open naar mijn slaapkamer 
LOG (lattice-best-path[5.5.569~1-6f329]:main():lattice-best-path.cc:99) For utterance pp48-domotica3_command83, best cost 150.869 + -422.013 = -271.145 over 187 frames.
pp48-domotica3_command83 alle licht aan in mijn slaapkamer 
LOG (lattice-best-path[5.5.569~1-6f329]:main():lattice-best-path.cc:99) For utterance pp48-domotica3_command84, best cost 147.412 + -383.991 = -236.579 over 190 frames.
pp48-domotica3_command84 alle lichten uit op mijn slaapkamer 
LOG (lattice-best-path[5.5.569~1-6f329]:main():lattice-best-path.cc:99) For utterance pp48-domotica3_command85, best cost 153.026 + -416.271 = -263.245 over 182 frames.
pp48-domotica3_command85 alle in de voordeur sluiten 
LOG (lattice-best-path[5.5.569~1-6f329]:main():lattice-best-path.cc:99) For utterance pp48-domotica3_command86, best cost 146.715 + -400.043 = -253.328 over 174 frames.
pp48-domotica3_command86 alle in deur open 
LOG (lattice-best-path[5.5.569~1-6f329]:main():lattice-best-path.cc:99) For utterance pp48-domotica3_command87, best cost 132.74 + -347.383 = -214.644 over 173 frames.
pp48-domotica3_command87 doe alle lichten uit 
LOG (lattice-best-path[5.5.569~1-6f329]:main():lattice-best-path.cc:99) For utterance pp48-domotica3_command88, best cost 144.857 + -401.095 = -256.238 over 180 frames.
pp48-domotica3_command88 alle hoofdeinde op stand twee 
LOG (lattice-best-path[5.5.569~1-6f329]:main():lattice-best-path.cc:99) For utterance pp48-domotica3_command89, best cost 140.751 + -392.259 = -251.509 over 163 frames.
pp48-domotica3_command89 alle in hoofdeinde op stand twee 
LOG (lattice-best-path[5.5.569~1-6f329]:main():lattice-best-path.cc:99) For utterance pp48-domotica3_command9, best cost 150.121 + -417.828 = -267.706 over 187 frames.
pp48-domotica3_command9 in doe alle lichten uit 
LOG (lattice-scale[5.5.569~1-6f329]:main():lattice-scale.cc:107) Done 169 lattices.
LOG (lattice-best-path[5.5.569~1-6f329]:main():lattice-best-path.cc:99) For utterance pp48-domotica3_command90, best cost 156.693 + -422.049 = -265.356 over 186 frames.
pp48-domotica3_command90 alle in hoofdeinde op stand drie 
LOG (lattice-best-path[5.5.569~1-6f329]:main():lattice-best-path.cc:99) For utterance pp48-domotica3_command91, best cost 170.678 + -486.656 = -315.978 over 203 frames.
pp48-domotica3_command91 alle in deur dicht aan de slaapkamer 
LOG (lattice-best-path[5.5.569~1-6f329]:main():lattice-best-path.cc:99) For utterance pp48-domotica3_command92, best cost 192.081 + -569.985 = -377.904 over 236 frames.
pp48-domotica3_command92 alle in deur open naar mijn slaapkamer 
LOG (lattice-best-path[5.5.569~1-6f329]:main():lattice-best-path.cc:99) For utterance pp48-domotica3_command93, best cost 145.272 + -345.625 = -200.353 over 190 frames.
pp48-domotica3_command93 licht aan in mijn slaapkamer 
LOG (lattice-best-path[5.5.569~1-6f329]:main():lattice-best-path.cc:99) For utterance pp48-domotica3_command94, best cost 166.82 + -486.353 = -319.533 over 218 frames.
pp48-domotica3_command94 alle lichten uit op mijn slaapkamer 
LOG (lattice-best-path[5.5.569~1-6f329]:main():lattice-best-path.cc:99) For utterance pp48-domotica3_command95, best cost 145.349 + -413.497 = -268.147 over 182 frames.
pp48-domotica3_command95 alle de voordeur sluiten 
LOG (lattice-best-path[5.5.569~1-6f329]:main():lattice-best-path.cc:99) For utterance pp48-domotica3_command96, best cost 216.533 + -602.142 = -385.609 over 283 frames.
pp48-domotica3_command96 naar mijn deur open 
LOG (lattice-best-path[5.5.569~1-6f329]:main():lattice-best-path.cc:99) For utterance pp48-domotica3_command97, best cost 124.422 + -334.654 = -210.232 over 161 frames.
pp48-domotica3_command97 doe alle lichten uit 
LOG (lattice-best-path[5.5.569~1-6f329]:main():lattice-best-path.cc:99) For utterance pp48-domotica3_command98, best cost 146.295 + -373.773 = -227.478 over 171 frames.
pp48-domotica3_command98 alle in hoofdeinde op stand een 
LOG (lattice-best-path[5.5.569~1-6f329]:main():lattice-best-path.cc:99) For utterance pp48-domotica3_command99, best cost 138.671 + -368.41 = -229.739 over 160 frames.
pp48-domotica3_command99 alle in hoofdeinde op stand twee 
LOG (lattice-add-penalty[5.5.569~1-6f329]:main():lattice-add-penalty.cc:62) Done adding word insertion penalty to 169 lattices.
LOG (lattice-best-path[5.5.569~1-6f329]:main():lattice-best-path.cc:124) Overall cost per frame is -1.39711 = 0.80273 [graph] + -2.19984 [acoustic] over 32735 frames.
LOG (lattice-best-path[5.5.569~1-6f329]:main():lattice-best-path.cc:128) Done 169 lattices, failed for 0
# Accounting: time=1 threads=1
# Ended (code 0) at Tue Mar 23 15:33:13 CET 2021, elapsed time 1 seconds
