# lattice-scale --inv-acoustic-scale=16 "ark:gunzip -c exp/percgncopas5k/chain_s/tdnn1k_sp/decode_test_5g_400k/lat.*.gz|" ark:- | lattice-add-penalty --word-ins-penalty=0.0 ark:- ark:- | lattice-best-path --word-symbol-table=exp/percgncopas5k/chain_s/tree_sp/graph_5g_400k/words.txt ark:- ark,t:exp/percgncopas5k/chain_s/tdnn1k_sp/decode_test_5g_400k/scoring/16.tra 
# Started at Tue Mar 23 15:33:13 CET 2021
#
lattice-best-path --word-symbol-table=exp/percgncopas5k/chain_s/tree_sp/graph_5g_400k/words.txt ark:- ark,t:exp/percgncopas5k/chain_s/tdnn1k_sp/decode_test_5g_400k/scoring/16.tra 
lattice-add-penalty --word-ins-penalty=0.0 ark:- ark:- 
lattice-scale --inv-acoustic-scale=16 'ark:gunzip -c exp/percgncopas5k/chain_s/tdnn1k_sp/decode_test_5g_400k/lat.*.gz|' ark:- 
LOG (lattice-best-path[5.5.569~1-6f329]:main():lattice-best-path.cc:99) For utterance pp48-domotica3_command1, best cost 176.408 + -302.759 = -126.352 over 236 frames.
pp48-domotica3_command1 doe alle lichten uit 
LOG (lattice-best-path[5.5.569~1-6f329]:main():lattice-best-path.cc:99) For utterance pp48-domotica3_command10, best cost 162.879 + -273.704 = -110.825 over 206 frames.
pp48-domotica3_command10 in hoofdeinde op stand twee 
LOG (lattice-best-path[5.5.569~1-6f329]:main():lattice-best-path.cc:99) For utterance pp48-domotica3_command100, best cost 137.286 + -226.621 = -89.3357 over 168 frames.
pp48-domotica3_command100 alle lichten hoofdeinde op stand drie 
LOG (lattice-best-path[5.5.569~1-6f329]:main():lattice-best-path.cc:99) For utterance pp48-domotica3_command101, best cost 153.99 + -276.475 = -122.485 over 190 frames.
pp48-domotica3_command101 alle deur dicht aan de slaapkamer 
LOG (lattice-best-path[5.5.569~1-6f329]:main():lattice-best-path.cc:99) For utterance pp48-domotica3_command102, best cost 168.409 + -325.045 = -156.636 over 224 frames.
pp48-domotica3_command102 deur open naar mijn slaapkamer 
LOG (lattice-best-path[5.5.569~1-6f329]:main():lattice-best-path.cc:99) For utterance pp48-domotica3_command103, best cost 172.662 + -309.849 = -137.187 over 223 frames.
pp48-domotica3_command103 alle lichten mijn slaapkamer 
LOG (lattice-best-path[5.5.569~1-6f329]:main():lattice-best-path.cc:99) For utterance pp48-domotica3_command104, best cost 159.888 + -287.919 = -128.03 over 208 frames.
pp48-domotica3_command104 alle lichten uit op mijn slaapkamer 
LOG (lattice-best-path[5.5.569~1-6f329]:main():lattice-best-path.cc:99) For utterance pp48-domotica3_command105, best cost 130.793 + -233.261 = -102.468 over 161 frames.
pp48-domotica3_command105 alle de voordeur sluiten 
LOG (lattice-best-path[5.5.569~1-6f329]:main():lattice-best-path.cc:99) For utterance pp48-domotica3_command106, best cost 114.778 + -189.862 = -75.0837 over 139 frames.
pp48-domotica3_command106 alle deur open 
LOG (lattice-best-path[5.5.569~1-6f329]:main():lattice-best-path.cc:99) For utterance pp48-domotica3_command107, best cost 142.444 + -240.213 = -97.7694 over 187 frames.
pp48-domotica3_command107 doe alle lichten uit 
LOG (lattice-best-path[5.5.569~1-6f329]:main():lattice-best-path.cc:99) For utterance pp48-domotica3_command108, best cost 220.412 + -353.539 = -133.127 over 289 frames.
pp48-domotica3_command108 alle hoofdeinde op stand twee 
LOG (lattice-best-path[5.5.569~1-6f329]:main():lattice-best-path.cc:99) For utterance pp48-domotica3_command109, best cost 140.698 + -258.515 = -117.816 over 174 frames.
pp48-domotica3_command109 alle hoofdeinde op stand twee 
LOG (lattice-best-path[5.5.569~1-6f329]:main():lattice-best-path.cc:99) For utterance pp48-domotica3_command11, best cost 151.147 + -251.631 = -100.484 over 178 frames.
pp48-domotica3_command11 alle in hoofdeinde op stand twee 
LOG (lattice-best-path[5.5.569~1-6f329]:main():lattice-best-path.cc:99) For utterance pp48-domotica3_command110, best cost 144.857 + -241.978 = -97.1203 over 180 frames.
pp48-domotica3_command110 alle hoofdeinde op stand drie 
LOG (lattice-best-path[5.5.569~1-6f329]:main():lattice-best-path.cc:99) For utterance pp48-domotica3_command111, best cost 149.086 + -250.288 = -101.203 over 194 frames.
pp48-domotica3_command111 deur dicht aan de slaapkamer 
LOG (lattice-best-path[5.5.569~1-6f329]:main():lattice-best-path.cc:99) For utterance pp48-domotica3_command112, best cost 176.779 + -306.82 = -130.04 over 225 frames.
pp48-domotica3_command112 alle deur open naar mijn slaapkamer 
LOG (lattice-best-path[5.5.569~1-6f329]:main():lattice-best-path.cc:99) For utterance pp48-domotica3_command113, best cost 154.282 + -261.276 = -106.994 over 203 frames.
pp48-domotica3_command113 licht aan in mijn slaapkamer 
LOG (lattice-best-path[5.5.569~1-6f329]:main():lattice-best-path.cc:99) For utterance pp48-domotica3_command114, best cost 150.212 + -260.291 = -110.078 over 195 frames.
pp48-domotica3_command114 licht uit op mijn slaapkamer 
LOG (lattice-best-path[5.5.569~1-6f329]:main():lattice-best-path.cc:99) For utterance pp48-domotica3_command115, best cost 150.894 + -295.651 = -144.757 over 190 frames.
pp48-domotica3_command115 alle de voordeur sluiten 
LOG (lattice-best-path[5.5.569~1-6f329]:main():lattice-best-path.cc:99) For utterance pp48-domotica3_command116, best cost 141.759 + -244.283 = -102.524 over 189 frames.
pp48-domotica3_command116 deur open 
LOG (lattice-best-path[5.5.569~1-6f329]:main():lattice-best-path.cc:99) For utterance pp48-domotica3_command117, best cost 142.496 + -221.686 = -79.1897 over 176 frames.
pp48-domotica3_command117 in doe alle lichten uit 
LOG (lattice-best-path[5.5.569~1-6f329]:main():lattice-best-path.cc:99) For utterance pp48-domotica3_command118, best cost 137.873 + -238.719 = -100.847 over 181 frames.
pp48-domotica3_command118 hoofdeinde op stand een 
LOG (lattice-best-path[5.5.569~1-6f329]:main():lattice-best-path.cc:99) For utterance pp48-domotica3_command119, best cost 135.206 + -232.232 = -97.0255 over 165 frames.
pp48-domotica3_command119 alle lichten hoofdeinde op stand twee 
LOG (lattice-best-path[5.5.569~1-6f329]:main():lattice-best-path.cc:99) For utterance pp48-domotica3_command12, best cost 156.693 + -235.098 = -78.4049 over 186 frames.
pp48-domotica3_command12 alle in hoofdeinde op stand drie 
LOG (lattice-best-path[5.5.569~1-6f329]:main():lattice-best-path.cc:99) For utterance pp48-domotica3_command120, best cost 133.717 + -242.414 = -108.697 over 175 frames.
pp48-domotica3_command120 hoofdeinde op stand drie 
LOG (lattice-best-path[5.5.569~1-6f329]:main():lattice-best-path.cc:99) For utterance pp48-domotica3_command121, best cost 154.631 + -275.26 = -120.629 over 202 frames.
pp48-domotica3_command121 deur dicht aan de slaapkamer 
LOG (lattice-best-path[5.5.569~1-6f329]:main():lattice-best-path.cc:99) For utterance pp48-domotica3_command122, best cost 128.9 + -232.47 = -103.57 over 167 frames.
pp48-domotica3_command122 deur open naar mijn slaapkamer 
LOG (lattice-best-path[5.5.569~1-6f329]:main():lattice-best-path.cc:99) For utterance pp48-domotica3_command123, best cost 168.943 + -294.909 = -125.965 over 202 frames.
pp48-domotica3_command123 alle in licht aan in mijn slaapkamer 
LOG (lattice-best-path[5.5.569~1-6f329]:main():lattice-best-path.cc:99) For utterance pp48-domotica3_command124, best cost 166.82 + -298.323 = -131.504 over 218 frames.
pp48-domotica3_command124 alle lichten uit op mijn slaapkamer 
LOG (lattice-best-path[5.5.569~1-6f329]:main():lattice-best-path.cc:99) For utterance pp48-domotica3_command125, best cost 136.338 + -227.214 = -90.8756 over 169 frames.
pp48-domotica3_command125 alle de voordeur sluiten 
LOG (lattice-best-path[5.5.569~1-6f329]:main():lattice-best-path.cc:99) For utterance pp48-domotica3_command126, best cost 128.641 + -213.341 = -84.7002 over 159 frames.
pp48-domotica3_command126 alle deur open 
LOG (lattice-best-path[5.5.569~1-6f329]:main():lattice-best-path.cc:99) For utterance pp48-domotica3_command127, best cost 175.022 + -310.992 = -135.971 over 234 frames.
pp48-domotica3_command127 doe alle lichten uit 
LOG (lattice-best-path[5.5.569~1-6f329]:main():lattice-best-path.cc:99) For utterance pp48-domotica3_command128, best cost 157.974 + -289.258 = -131.284 over 210 frames.
pp48-domotica3_command128 hoofdeinde op stand een 
LOG (lattice-best-path[5.5.569~1-6f329]:main():lattice-best-path.cc:99) For utterance pp48-domotica3_command129, best cost 156.641 + -281.504 = -124.863 over 197 frames.
pp48-domotica3_command129 in hoofdeinde op stand twee 
LOG (lattice-best-path[5.5.569~1-6f329]:main():lattice-best-path.cc:99) For utterance pp48-domotica3_command13, best cost 160.658 + -273.843 = -113.185 over 200 frames.
pp48-domotica3_command13 aan in licht aan in mijn slaapkamer 
LOG (lattice-best-path[5.5.569~1-6f329]:main():lattice-best-path.cc:99) For utterance pp48-domotica3_command130, best cost 147.63 + -267.234 = -119.604 over 184 frames.
pp48-domotica3_command130 alle hoofdeinde op stand drie 
LOG (lattice-best-path[5.5.569~1-6f329]:main():lattice-best-path.cc:99) For utterance pp48-domotica3_command131, best cost 161.562 + -285.637 = -124.075 over 212 frames.
pp48-domotica3_command131 deur dicht aan de slaapkamer 
LOG (lattice-best-path[5.5.569~1-6f329]:main():lattice-best-path.cc:99) For utterance pp48-domotica3_command132, best cost 187.124 + -355.606 = -168.482 over 251 frames.
pp48-domotica3_command132 deur open naar mijn slaapkamer 
LOG (lattice-best-path[5.5.569~1-6f329]:main():lattice-best-path.cc:99) For utterance pp48-domotica3_command133, best cost 177.359 + -312.273 = -134.914 over 214 frames.
pp48-domotica3_command133 alle in dicht aan in mijn slaapkamer 
LOG (lattice-best-path[5.5.569~1-6f329]:main():lattice-best-path.cc:99) For utterance pp48-domotica3_command134, best cost 161.275 + -285.123 = -123.848 over 210 frames.
pp48-domotica3_command134 alle lichten uit op mijn slaapkamer 
LOG (lattice-best-path[5.5.569~1-6f329]:main():lattice-best-path.cc:99) For utterance pp48-domotica3_command135, best cost 148.122 + -267.496 = -119.375 over 186 frames.
pp48-domotica3_command135 alle de voordeur sluiten 
LOG (lattice-best-path[5.5.569~1-6f329]:main():lattice-best-path.cc:99) For utterance pp48-domotica3_command136, best cost 134.879 + -247.019 = -112.14 over 168 frames.
pp48-domotica3_command136 alle deur open 
LOG (lattice-best-path[5.5.569~1-6f329]:main():lattice-best-path.cc:99) For utterance pp48-domotica3_command137, best cost 141.751 + -224.997 = -83.2463 over 186 frames.
pp48-domotica3_command137 doe alle lichten uit 
LOG (lattice-best-path[5.5.569~1-6f329]:main():lattice-best-path.cc:99) For utterance pp48-domotica3_command138, best cost 156.588 + -281.112 = -124.525 over 208 frames.
pp48-domotica3_command138 hoofdeinde op stand een 
LOG (lattice-best-path[5.5.569~1-6f329]:main():lattice-best-path.cc:99) For utterance pp48-domotica3_command139, best cost 146.937 + -250.594 = -103.658 over 183 frames.
pp48-domotica3_command139 in hoofdeinde op stand twee 
LOG (lattice-best-path[5.5.569~1-6f329]:main():lattice-best-path.cc:99) For utterance pp48-domotica3_command14, best cost 158.502 + -280.139 = -121.636 over 206 frames.
pp48-domotica3_command14 alle lichten uit op mijn slaapkamer 
LOG (lattice-best-path[5.5.569~1-6f329]:main():lattice-best-path.cc:99) For utterance pp48-domotica3_command140, best cost 157.334 + -271.189 = -113.855 over 198 frames.
pp48-domotica3_command140 alle hoofdeinde op stand drie 
LOG (lattice-best-path[5.5.569~1-6f329]:main():lattice-best-path.cc:99) For utterance pp48-domotica3_command141, best cost 159.483 + -286.996 = -127.513 over 209 frames.
pp48-domotica3_command141 deur dicht aan de slaapkamer 
LOG (lattice-best-path[5.5.569~1-6f329]:main():lattice-best-path.cc:99) For utterance pp48-domotica3_command142, best cost 168.409 + -309.195 = -140.786 over 224 frames.
pp48-domotica3_command142 deur open naar mijn slaapkamer 
LOG (lattice-best-path[5.5.569~1-6f329]:main():lattice-best-path.cc:99) For utterance pp48-domotica3_command143, best cost 170.331 + -294.148 = -123.818 over 214 frames.
pp48-domotica3_command143 alle lichten licht aan in mijn slaapkamer 
LOG (lattice-best-path[5.5.569~1-6f329]:main():lattice-best-path.cc:99) For utterance pp48-domotica3_command144, best cost 168.206 + -298.562 = -130.355 over 220 frames.
pp48-domotica3_command144 alle lichten uit op mijn slaapkamer 
LOG (lattice-best-path[5.5.569~1-6f329]:main():lattice-best-path.cc:99) For utterance pp48-domotica3_command145, best cost 153.72 + -302.024 = -148.304 over 193 frames.
pp48-domotica3_command145 alle lichten de voordeur sluiten 
LOG (lattice-best-path[5.5.569~1-6f329]:main():lattice-best-path.cc:99) For utterance pp48-domotica3_command146, best cost 123.737 + -232.801 = -109.064 over 163 frames.
pp48-domotica3_command146 deur open 
LOG (lattice-best-path[5.5.569~1-6f329]:main():lattice-best-path.cc:99) For utterance pp48-domotica3_command147, best cost 147.296 + -239.14 = -91.8444 over 194 frames.
pp48-domotica3_command147 doe alle lichten uit 
LOG (lattice-best-path[5.5.569~1-6f329]:main():lattice-best-path.cc:99) For utterance pp48-domotica3_command148, best cost 157.334 + -264.143 = -106.809 over 198 frames.
pp48-domotica3_command148 in hoofdeinde op stand twee 
LOG (lattice-best-path[5.5.569~1-6f329]:main():lattice-best-path.cc:99) For utterance pp48-domotica3_command149, best cost 144.805 + -260.089 = -115.283 over 191 frames.
pp48-domotica3_command149 hoofdeinde op stand twee 
LOG (lattice-best-path[5.5.569~1-6f329]:main():lattice-best-path.cc:99) For utterance pp48-domotica3_command15, best cost 137.672 + -259.043 = -121.371 over 182 frames.
pp48-domotica3_command15 de voordeur sluiten 
LOG (lattice-best-path[5.5.569~1-6f329]:main():lattice-best-path.cc:99) For utterance pp48-domotica3_command150, best cost 147.578 + -258.542 = -110.965 over 195 frames.
pp48-domotica3_command150 hoofdeinde op stand drie 
LOG (lattice-best-path[5.5.569~1-6f329]:main():lattice-best-path.cc:99) For utterance pp48-domotica3_command151, best cost 152.551 + -252.134 = -99.5827 over 199 frames.
pp48-domotica3_command151 deur dicht aan de slaapkamer 
LOG (lattice-best-path[5.5.569~1-6f329]:main():lattice-best-path.cc:99) For utterance pp48-domotica3_command152, best cost 176.034 + -320.819 = -144.785 over 235 frames.
pp48-domotica3_command152 deur open naar mijn slaapkamer 
LOG (lattice-best-path[5.5.569~1-6f329]:main():lattice-best-path.cc:99) For utterance pp48-domotica3_command153, best cost 175.259 + -317.313 = -142.053 over 232 frames.
pp48-domotica3_command153 deur dicht aan in mijn slaapkamer 
LOG (lattice-best-path[5.5.569~1-6f329]:main():lattice-best-path.cc:99) For utterance pp48-domotica3_command154, best cost 173.058 + -322.584 = -149.525 over 227 frames.
pp48-domotica3_command154 alle lichten uit op mijn slaapkamer 
LOG (lattice-best-path[5.5.569~1-6f329]:main():lattice-best-path.cc:99) For utterance pp48-domotica3_command155, best cost 136.979 + -255.689 = -118.71 over 181 frames.
pp48-domotica3_command155 de voordeur sluiten 
LOG (lattice-best-path[5.5.569~1-6f329]:main():lattice-best-path.cc:99) For utterance pp48-domotica3_command156, best cost 116.805 + -210.562 = -93.7561 over 153 frames.
pp48-domotica3_command156 deur open 
LOG (lattice-best-path[5.5.569~1-6f329]:main():lattice-best-path.cc:99) For utterance pp48-domotica3_command157, best cost 144.523 + -233.973 = -89.45 over 190 frames.
pp48-domotica3_command157 doe alle lichten uit 
LOG (lattice-best-path[5.5.569~1-6f329]:main():lattice-best-path.cc:99) For utterance pp48-domotica3_command158, best cost 145.497 + -244.021 = -98.5235 over 192 frames.
pp48-domotica3_command158 hoofdeinde op stand een 
LOG (lattice-best-path[5.5.569~1-6f329]:main():lattice-best-path.cc:99) For utterance pp48-domotica3_command159, best cost 135.152 + -237.047 = -101.895 over 166 frames.
pp48-domotica3_command159 alle hoofdeinde op stand twee 
LOG (lattice-best-path[5.5.569~1-6f329]:main():lattice-best-path.cc:99) For utterance pp48-domotica3_command16, best cost 127.948 + -231.528 = -103.58 over 158 frames.
pp48-domotica3_command16 alle deur open 
LOG (lattice-best-path[5.5.569~1-6f329]:main():lattice-best-path.cc:99) For utterance pp48-domotica3_command160, best cost 144.805 + -251.414 = -106.609 over 191 frames.
pp48-domotica3_command160 hoofdeinde op stand drie 
LOG (lattice-best-path[5.5.569~1-6f329]:main():lattice-best-path.cc:99) For utterance pp48-domotica3_command161, best cost 152.552 + -267.075 = -114.524 over 199 frames.
pp48-domotica3_command161 deur dicht aan de slaapkamer 
LOG (lattice-best-path[5.5.569~1-6f329]:main():lattice-best-path.cc:99) For utterance pp48-domotica3_command162, best cost 166.33 + -329.92 = -163.59 over 221 frames.
pp48-domotica3_command162 deur open naar mijn slaapkamer 
LOG (lattice-best-path[5.5.569~1-6f329]:main():lattice-best-path.cc:99) For utterance pp48-domotica3_command163, best cost 163.345 + -290.321 = -126.976 over 205 frames.
pp48-domotica3_command163 in licht aan in mijn slaapkamer 
LOG (lattice-best-path[5.5.569~1-6f329]:main():lattice-best-path.cc:99) For utterance pp48-domotica3_command164, best cost 168.206 + -315.788 = -147.581 over 220 frames.
pp48-domotica3_command164 alle lichten uit op mijn slaapkamer 
LOG (lattice-best-path[5.5.569~1-6f329]:main():lattice-best-path.cc:99) For utterance pp48-domotica3_command165, best cost 148.763 + -289.834 = -141.071 over 198 frames.
pp48-domotica3_command165 de voordeur sluiten 
LOG (lattice-best-path[5.5.569~1-6f329]:main():lattice-best-path.cc:99) For utterance pp48-domotica3_command166, best cost 116.805 + -216.266 = -99.461 over 153 frames.
pp48-domotica3_command166 deur open 
LOG (lattice-best-path[5.5.569~1-6f329]:main():lattice-best-path.cc:99) For utterance pp48-domotica3_command167, best cost 143.83 + -233.574 = -89.7442 over 189 frames.
pp48-domotica3_command167 doe alle lichten uit 
LOG (lattice-best-path[5.5.569~1-6f329]:main():lattice-best-path.cc:99) For utterance pp48-domotica3_command168, best cost 152.429 + -248.471 = -96.0424 over 202 frames.
pp48-domotica3_command168 hoofdeinde op stand een 
LOG (lattice-best-path[5.5.569~1-6f329]:main():lattice-best-path.cc:99) For utterance pp48-domotica3_command169, best cost 119.296 + -172.143 = -52.8473 over 142 frames.
pp48-domotica3_command169 aan in hoofdeinde op stand twee 
LOG (lattice-best-path[5.5.569~1-6f329]:main():lattice-best-path.cc:99) For utterance pp48-domotica3_command17, best cost 146.655 + -247.082 = -100.428 over 182 frames.
pp48-domotica3_command17 alle doe alle lichten uit 
LOG (lattice-best-path[5.5.569~1-6f329]:main():lattice-best-path.cc:99) For utterance pp48-domotica3_command170, best cost 130.249 + -203.176 = -72.9267 over 170 frames.
pp48-domotica3_command170 hoofdeinde op stand drie 
LOG (lattice-best-path[5.5.569~1-6f329]:main():lattice-best-path.cc:99) For utterance pp48-domotica3_command18, best cost 143.419 + -255.331 = -111.912 over 189 frames.
pp48-domotica3_command18 hoofdeinde op stand twee 
LOG (lattice-best-path[5.5.569~1-6f329]:main():lattice-best-path.cc:99) For utterance pp48-domotica3_command19, best cost 140.646 + -251.433 = -110.787 over 185 frames.
pp48-domotica3_command19 hoofdeinde op stand twee 
LOG (lattice-best-path[5.5.569~1-6f329]:main():lattice-best-path.cc:99) For utterance pp48-domotica3_command2, best cost 182.235 + -307.873 = -125.638 over 245 frames.
pp48-domotica3_command2 hoofdeinde op stand een 
LOG (lattice-best-path[5.5.569~1-6f329]:main():lattice-best-path.cc:99) For utterance pp48-domotica3_command20, best cost 151.096 + -253.723 = -102.627 over 189 frames.
pp48-domotica3_command20 alle hoofdeinde op stand drie 
LOG (lattice-best-path[5.5.569~1-6f329]:main():lattice-best-path.cc:99) For utterance pp48-domotica3_command21, best cost 157.456 + -262.926 = -105.47 over 195 frames.
pp48-domotica3_command21 alle deur dicht aan de slaapkamer 
LOG (lattice-best-path[5.5.569~1-6f329]:main():lattice-best-path.cc:99) For utterance pp48-domotica3_command22, best cost 146.026 + -242.557 = -96.5314 over 188 frames.
pp48-domotica3_command22 alle lichten uit op mijn slaapkamer 
LOG (lattice-best-path[5.5.569~1-6f329]:main():lattice-best-path.cc:99) For utterance pp48-domotica3_command23, best cost 157.116 + -257.337 = -100.221 over 204 frames.
pp48-domotica3_command23 alle lichten uit op mijn slaapkamer 
LOG (lattice-best-path[5.5.569~1-6f329]:main():lattice-best-path.cc:99) For utterance pp48-domotica3_command24, best cost 131.434 + -232.647 = -101.213 over 173 frames.
pp48-domotica3_command24 de voordeur sluiten 
LOG (lattice-best-path[5.5.569~1-6f329]:main():lattice-best-path.cc:99) For utterance pp48-domotica3_command25, best cost 118.885 + -224.775 = -105.89 over 156 frames.
pp48-domotica3_command25 deur open 
LOG (lattice-best-path[5.5.569~1-6f329]:main():lattice-best-path.cc:99) For utterance pp48-domotica3_command26, best cost 157.052 + -253.813 = -96.7607 over 197 frames.
pp48-domotica3_command26 alle doe alle lichten uit 
LOG (lattice-best-path[5.5.569~1-6f329]:main():lattice-best-path.cc:99) For utterance pp48-domotica3_command27, best cost 147.578 + -255.731 = -108.154 over 195 frames.
pp48-domotica3_command27 hoofdeinde op stand twee 
LOG (lattice-best-path[5.5.569~1-6f329]:main():lattice-best-path.cc:99) For utterance pp48-domotica3_command28, best cost 135.101 + -242.027 = -106.926 over 177 frames.
pp48-domotica3_command28 hoofdeinde op stand twee 
LOG (lattice-best-path[5.5.569~1-6f329]:main():lattice-best-path.cc:99) For utterance pp48-domotica3_command29, best cost 146.191 + -267.815 = -121.623 over 193 frames.
pp48-domotica3_command29 hoofdeinde op stand drie 
LOG (lattice-best-path[5.5.569~1-6f329]:main():lattice-best-path.cc:99) For utterance pp48-domotica3_command3, best cost 185.008 + -324.421 = -139.413 over 249 frames.
pp48-domotica3_command3 hoofdeinde op stand twee 
LOG (lattice-best-path[5.5.569~1-6f329]:main():lattice-best-path.cc:99) For utterance pp48-domotica3_command30, best cost 152.551 + -271.076 = -118.525 over 199 frames.
pp48-domotica3_command30 deur dicht aan de slaapkamer 
LOG (lattice-best-path[5.5.569~1-6f329]:main():lattice-best-path.cc:99) For utterance pp48-domotica3_command31, best cost 171.927 + -309.6 = -137.672 over 218 frames.
pp48-domotica3_command31 alle deur open naar mijn slaapkamer 
LOG (lattice-best-path[5.5.569~1-6f329]:main():lattice-best-path.cc:99) For utterance pp48-domotica3_command32, best cost 163.354 + -278.225 = -114.871 over 213 frames.
pp48-domotica3_command32 alle lichten uit op mijn slaapkamer 
LOG (lattice-best-path[5.5.569~1-6f329]:main():lattice-best-path.cc:99) For utterance pp48-domotica3_command33, best cost 164.741 + -304.153 = -139.413 over 215 frames.
pp48-domotica3_command33 alle lichten uit op mijn slaapkamer 
LOG (lattice-best-path[5.5.569~1-6f329]:main():lattice-best-path.cc:99) For utterance pp48-domotica3_command34, best cost 148.122 + -255.586 = -107.464 over 186 frames.
pp48-domotica3_command34 alle de voordeur sluiten 
LOG (lattice-best-path[5.5.569~1-6f329]:main():lattice-best-path.cc:99) For utterance pp48-domotica3_command35, best cost 123.044 + -230.297 = -107.254 over 162 frames.
pp48-domotica3_command35 deur open 
LOG (lattice-best-path[5.5.569~1-6f329]:main():lattice-best-path.cc:99) For utterance pp48-domotica3_command36, best cost 159.131 + -284.513 = -125.382 over 200 frames.
pp48-domotica3_command36 alle doe alle lichten uit 
LOG (lattice-best-path[5.5.569~1-6f329]:main():lattice-best-path.cc:99) For utterance pp48-domotica3_command37, best cost 144.111 + -261.596 = -117.485 over 190 frames.
pp48-domotica3_command37 hoofdeinde op stand twee 
LOG (lattice-best-path[5.5.569~1-6f329]:main():lattice-best-path.cc:99) For utterance pp48-domotica3_command38, best cost 146.191 + -277.885 = -131.693 over 193 frames.
pp48-domotica3_command38 hoofdeinde op stand twee 
LOG (lattice-best-path[5.5.569~1-6f329]:main():lattice-best-path.cc:99) For utterance pp48-domotica3_command39, best cost 155.896 + -287.892 = -131.996 over 207 frames.
pp48-domotica3_command39 hoofdeinde op stand drie 
LOG (lattice-best-path[5.5.569~1-6f329]:main():lattice-best-path.cc:99) For utterance pp48-domotica3_command4, best cost 169.758 + -317.094 = -147.335 over 227 frames.
pp48-domotica3_command4 hoofdeinde op stand drie 
LOG (lattice-best-path[5.5.569~1-6f329]:main():lattice-best-path.cc:99) For utterance pp48-domotica3_command40, best cost 187.954 + -356.525 = -168.571 over 239 frames.
pp48-domotica3_command40 alle deur dicht aan de slaapkamer 
LOG (lattice-best-path[5.5.569~1-6f329]:main():lattice-best-path.cc:99) For utterance pp48-domotica3_command41, best cost 177.473 + -318.395 = -140.922 over 226 frames.
pp48-domotica3_command41 alle deur open naar mijn slaapkamer 
LOG (lattice-best-path[5.5.569~1-6f329]:main():lattice-best-path.cc:99) For utterance pp48-domotica3_command42, best cost 174.436 + -315.639 = -141.204 over 221 frames.
pp48-domotica3_command42 alle licht aan in mijn slaapkamer 
LOG (lattice-best-path[5.5.569~1-6f329]:main():lattice-best-path.cc:99) For utterance pp48-domotica3_command43, best cost 162.661 + -270.832 = -108.171 over 212 frames.
pp48-domotica3_command43 alle lichten uit op mijn slaapkamer 
LOG (lattice-best-path[5.5.569~1-6f329]:main():lattice-best-path.cc:99) For utterance pp48-domotica3_command44, best cost 150.894 + -263.089 = -112.195 over 190 frames.
pp48-domotica3_command44 alle de voordeur sluiten 
LOG (lattice-best-path[5.5.569~1-6f329]:main():lattice-best-path.cc:99) For utterance pp48-domotica3_command45, best cost 130.668 + -239.15 = -108.482 over 173 frames.
pp48-domotica3_command45 deur open 
LOG (lattice-best-path[5.5.569~1-6f329]:main():lattice-best-path.cc:99) For utterance pp48-domotica3_command46, best cost 143.137 + -237.271 = -94.1341 over 188 frames.
pp48-domotica3_command46 doe alle lichten uit 
LOG (lattice-best-path[5.5.569~1-6f329]:main():lattice-best-path.cc:99) For utterance pp48-domotica3_command47, best cost 144.111 + -241.563 = -97.4515 over 190 frames.
pp48-domotica3_command47 hoofdeinde op stand een 
LOG (lattice-best-path[5.5.569~1-6f329]:main():lattice-best-path.cc:99) For utterance pp48-domotica3_command48, best cost 156 + -253.669 = -97.6694 over 185 frames.
pp48-domotica3_command48 alle in hoofdeinde op stand twee 
LOG (lattice-best-path[5.5.569~1-6f329]:main():lattice-best-path.cc:99) For utterance pp48-domotica3_command49, best cost 151.096 + -230.645 = -79.5497 over 189 frames.
pp48-domotica3_command49 in hoofdeinde op stand drie 
LOG (lattice-best-path[5.5.569~1-6f329]:main():lattice-best-path.cc:99) For utterance pp48-domotica3_command5, best cost 170.945 + -300.965 = -130.02 over 218 frames.
pp48-domotica3_command5 alle lichten in mijn slaapkamer 
LOG (lattice-best-path[5.5.569~1-6f329]:main():lattice-best-path.cc:99) For utterance pp48-domotica3_command50, best cost 154.631 + -243.126 = -88.4949 over 202 frames.
pp48-domotica3_command50 deur dicht aan de slaapkamer 
LOG (lattice-best-path[5.5.569~1-6f329]:main():lattice-best-path.cc:99) For utterance pp48-domotica3_command51, best cost 178.859 + -302.752 = -123.893 over 228 frames.
pp48-domotica3_command51 alle deur open naar mijn slaapkamer 
LOG (lattice-best-path[5.5.569~1-6f329]:main():lattice-best-path.cc:99) For utterance pp48-domotica3_command52, best cost 158.442 + -256.932 = -98.4902 over 209 frames.
pp48-domotica3_command52 licht aan in mijn slaapkamer 
LOG (lattice-best-path[5.5.569~1-6f329]:main():lattice-best-path.cc:99) For utterance pp48-domotica3_command53, best cost 160.582 + -290.668 = -130.086 over 209 frames.
pp48-domotica3_command53 alle lichten uit op mijn slaapkamer 
LOG (lattice-best-path[5.5.569~1-6f329]:main():lattice-best-path.cc:99) For utterance pp48-domotica3_command54, best cost 143.963 + -253.853 = -109.891 over 180 frames.
pp48-domotica3_command54 alle de voordeur sluiten 
LOG (lattice-best-path[5.5.569~1-6f329]:main():lattice-best-path.cc:99) For utterance pp48-domotica3_command55, best cost 127.948 + -219.522 = -91.5739 over 158 frames.
pp48-domotica3_command55 alle deur open 
LOG (lattice-best-path[5.5.569~1-6f329]:main():lattice-best-path.cc:99) For utterance pp48-domotica3_command56, best cost 145.909 + -226.755 = -80.8451 over 192 frames.
pp48-domotica3_command56 doe alle lichten uit 
LOG (lattice-best-path[5.5.569~1-6f329]:main():lattice-best-path.cc:99) For utterance pp48-domotica3_command57, best cost 148.963 + -238.487 = -89.5235 over 197 frames.
pp48-domotica3_command57 hoofdeinde op stand twee 
LOG (lattice-best-path[5.5.569~1-6f329]:main():lattice-best-path.cc:99) For utterance pp48-domotica3_command58, best cost 150.455 + -264.628 = -114.172 over 187 frames.
pp48-domotica3_command58 alle lichten hoofdeinde op stand twee 
LOG (lattice-best-path[5.5.569~1-6f329]:main():lattice-best-path.cc:99) For utterance pp48-domotica3_command59, best cost 137.181 + -227.28 = -90.0994 over 180 frames.
pp48-domotica3_command59 hoofdeinde op stand drie 
LOG (lattice-best-path[5.5.569~1-6f329]:main():lattice-best-path.cc:99) For utterance pp48-domotica3_command6, best cost 172.365 + -315.742 = -143.377 over 226 frames.
pp48-domotica3_command6 alle lichten uit op mijn slaapkamer 
LOG (lattice-best-path[5.5.569~1-6f329]:main():lattice-best-path.cc:99) For utterance pp48-domotica3_command60, best cost 151.91 + -249.948 = -98.0385 over 187 frames.
pp48-domotica3_command60 hoofdeinde deur dicht aan de slaapkamer 
LOG (lattice-best-path[5.5.569~1-6f329]:main():lattice-best-path.cc:99) For utterance pp48-domotica3_command61, best cost 155.933 + -280.632 = -124.699 over 206 frames.
pp48-domotica3_command61 deur open naar mijn slaapkamer 
LOG (lattice-best-path[5.5.569~1-6f329]:main():lattice-best-path.cc:99) For utterance pp48-domotica3_command62, best cost 150.123 + -241.722 = -91.5992 over 197 frames.
pp48-domotica3_command62 licht aan in mijn slaapkamer 
LOG (lattice-best-path[5.5.569~1-6f329]:main():lattice-best-path.cc:99) For utterance pp48-domotica3_command63, best cost 145.332 + -234.891 = -89.5588 over 187 frames.
pp48-domotica3_command63 alle lichten uit op mijn slaapkamer 
LOG (lattice-best-path[5.5.569~1-6f329]:main():lattice-best-path.cc:99) For utterance pp48-domotica3_command64, best cost 150.946 + -251.873 = -100.926 over 179 frames.
pp48-domotica3_command64 alle in de voordeur sluiten 
LOG (lattice-best-path[5.5.569~1-6f329]:main():lattice-best-path.cc:99) For utterance pp48-domotica3_command65, best cost 123.096 + -197.265 = -74.1689 over 151 frames.
pp48-domotica3_command65 alle deur open 
LOG (lattice-best-path[5.5.569~1-6f329]:main():lattice-best-path.cc:99) For utterance pp48-domotica3_command66, best cost 150.814 + -225.401 = -74.5877 over 188 frames.
pp48-domotica3_command66 alle doe alle lichten uit 
LOG (lattice-best-path[5.5.569~1-6f329]:main():lattice-best-path.cc:99) For utterance pp48-domotica3_command67, best cost 146.936 + -228.96 = -82.0241 over 183 frames.
pp48-domotica3_command67 in hoofdeinde op stand drie 
LOG (lattice-best-path[5.5.569~1-6f329]:main():lattice-best-path.cc:99) For utterance pp48-domotica3_command68, best cost 129.558 + -213.559 = -84.0008 over 169 frames.
pp48-domotica3_command68 hoofdeinde op stand twee 
LOG (lattice-best-path[5.5.569~1-6f329]:main():lattice-best-path.cc:99) For utterance pp48-domotica3_command69, best cost 153.228 + -250.365 = -97.1367 over 191 frames.
pp48-domotica3_command69 alle lichten hoofdeinde op stand drie 
LOG (lattice-best-path[5.5.569~1-6f329]:main():lattice-best-path.cc:99) For utterance pp48-domotica3_command7, best cost 148.175 + -278.655 = -130.481 over 185 frames.
pp48-domotica3_command7 alle lichten de voordeur sluiten 
LOG (lattice-best-path[5.5.569~1-6f329]:main():lattice-best-path.cc:99) For utterance pp48-domotica3_command70, best cost 144.285 + -221.026 = -76.741 over 176 frames.
pp48-domotica3_command70 hoofdeinde deur dicht aan de slaapkamer 
LOG (lattice-best-path[5.5.569~1-6f329]:main():lattice-best-path.cc:99) For utterance pp48-domotica3_command71, best cost 169.207 + -282.511 = -113.304 over 203 frames.
pp48-domotica3_command71 alle in deur open naar mijn slaapkamer 
LOG (lattice-best-path[5.5.569~1-6f329]:main():lattice-best-path.cc:99) For utterance pp48-domotica3_command72, best cost 165.477 + -264.563 = -99.086 over 197 frames.
pp48-domotica3_command72 alle in licht aan in mijn slaapkamer 
LOG (lattice-best-path[5.5.569~1-6f329]:main():lattice-best-path.cc:99) For utterance pp48-domotica3_command73, best cost 168.927 + -279.358 = -110.43 over 222 frames.
pp48-domotica3_command73 licht uit op mijn slaapkamer 
LOG (lattice-best-path[5.5.569~1-6f329]:main():lattice-best-path.cc:99) For utterance pp48-domotica3_command74, best cost 127.275 + -221.702 = -94.4268 over 167 frames.
pp48-domotica3_command74 de voordeur sluiten 
LOG (lattice-best-path[5.5.569~1-6f329]:main():lattice-best-path.cc:99) For utterance pp48-domotica3_command75, best cost 123.096 + -216.937 = -93.8409 over 151 frames.
pp48-domotica3_command75 alle deur open 
LOG (lattice-best-path[5.5.569~1-6f329]:main():lattice-best-path.cc:99) For utterance pp48-domotica3_command76, best cost 146.655 + -245.298 = -98.6435 over 182 frames.
pp48-domotica3_command76 alle doe alle lichten uit 
LOG (lattice-best-path[5.5.569~1-6f329]:main():lattice-best-path.cc:99) For utterance pp48-domotica3_command77, best cost 141.337 + -243.704 = -102.367 over 186 frames.
pp48-domotica3_command77 hoofdeinde op stand twee 
LOG (lattice-best-path[5.5.569~1-6f329]:main():lattice-best-path.cc:99) For utterance pp48-domotica3_command78, best cost 135.101 + -244.018 = -108.917 over 177 frames.
pp48-domotica3_command78 hoofdeinde op stand twee 
LOG (lattice-best-path[5.5.569~1-6f329]:main():lattice-best-path.cc:99) For utterance pp48-domotica3_command79, best cost 136.54 + -249.043 = -112.504 over 168 frames.
pp48-domotica3_command79 alle hoofdeinde op stand drie 
LOG (lattice-best-path[5.5.569~1-6f329]:main():lattice-best-path.cc:99) For utterance pp48-domotica3_command8, best cost 123.096 + -226.095 = -102.999 over 151 frames.
pp48-domotica3_command8 alle deur open 
LOG (lattice-best-path[5.5.569~1-6f329]:main():lattice-best-path.cc:99) For utterance pp48-domotica3_command81, best cost 130.371 + -236.312 = -105.942 over 167 frames.
pp48-domotica3_command81 deur dicht aan de slaapkamer 
LOG (lattice-best-path[5.5.569~1-6f329]:main():lattice-best-path.cc:99) For utterance pp48-domotica3_command82, best cost 152.467 + -278.013 = -125.546 over 201 frames.
pp48-domotica3_command82 deur open naar mijn slaapkamer 
LOG (lattice-best-path[5.5.569~1-6f329]:main():lattice-best-path.cc:99) For utterance pp48-domotica3_command83, best cost 150.869 + -263.758 = -112.89 over 187 frames.
pp48-domotica3_command83 alle licht aan in mijn slaapkamer 
LOG (lattice-best-path[5.5.569~1-6f329]:main():lattice-best-path.cc:99) For utterance pp48-domotica3_command84, best cost 147.412 + -239.994 = -92.5826 over 190 frames.
pp48-domotica3_command84 alle lichten uit op mijn slaapkamer 
LOG (lattice-scale[5.5.569~1-6f329]:main():lattice-scale.cc:107) Done 169 lattices.
LOG (lattice-best-path[5.5.569~1-6f329]:main():lattice-best-path.cc:99) For utterance pp48-domotica3_command85, best cost 145.349 + -253.693 = -108.344 over 182 frames.
pp48-domotica3_command85 alle de voordeur sluiten 
LOG (lattice-best-path[5.5.569~1-6f329]:main():lattice-best-path.cc:99) For utterance pp48-domotica3_command86, best cost 146.715 + -250.027 = -103.312 over 174 frames.
pp48-domotica3_command86 alle in deur open 
LOG (lattice-best-path[5.5.569~1-6f329]:main():lattice-best-path.cc:99) For utterance pp48-domotica3_command87, best cost 132.74 + -217.115 = -84.3749 over 173 frames.
pp48-domotica3_command87 doe alle lichten uit 
LOG (lattice-best-path[5.5.569~1-6f329]:main():lattice-best-path.cc:99) For utterance pp48-domotica3_command88, best cost 144.857 + -250.684 = -105.827 over 180 frames.
pp48-domotica3_command88 alle hoofdeinde op stand twee 
LOG (lattice-best-path[5.5.569~1-6f329]:main():lattice-best-path.cc:99) For utterance pp48-domotica3_command89, best cost 133.821 + -239.761 = -105.94 over 163 frames.
pp48-domotica3_command89 alle lichten hoofdeinde op stand twee 
LOG (lattice-best-path[5.5.569~1-6f329]:main():lattice-best-path.cc:99) For utterance pp48-domotica3_command9, best cost 150.121 + -261.142 = -111.021 over 187 frames.
pp48-domotica3_command9 in doe alle lichten uit 
LOG (lattice-best-path[5.5.569~1-6f329]:main():lattice-best-path.cc:99) For utterance pp48-domotica3_command90, best cost 149.762 + -259.112 = -109.349 over 186 frames.
pp48-domotica3_command90 alle lichten hoofdeinde op stand drie 
LOG (lattice-best-path[5.5.569~1-6f329]:main():lattice-best-path.cc:99) For utterance pp48-domotica3_command91, best cost 163.001 + -298.627 = -135.626 over 203 frames.
pp48-domotica3_command91 alle deur dicht aan de slaapkamer 
LOG (lattice-best-path[5.5.569~1-6f329]:main():lattice-best-path.cc:99) For utterance pp48-domotica3_command92, best cost 184.404 + -349.738 = -165.334 over 236 frames.
pp48-domotica3_command92 alle deur open naar mijn slaapkamer 
LOG (lattice-best-path[5.5.569~1-6f329]:main():lattice-best-path.cc:99) For utterance pp48-domotica3_command93, best cost 145.272 + -216.016 = -70.7435 over 190 frames.
pp48-domotica3_command93 licht aan in mijn slaapkamer 
LOG (lattice-best-path[5.5.569~1-6f329]:main():lattice-best-path.cc:99) For utterance pp48-domotica3_command94, best cost 166.82 + -303.971 = -137.151 over 218 frames.
pp48-domotica3_command94 alle lichten uit op mijn slaapkamer 
LOG (lattice-best-path[5.5.569~1-6f329]:main():lattice-best-path.cc:99) For utterance pp48-domotica3_command95, best cost 145.349 + -258.435 = -113.086 over 182 frames.
pp48-domotica3_command95 alle de voordeur sluiten 
LOG (lattice-best-path[5.5.569~1-6f329]:main():lattice-best-path.cc:99) For utterance pp48-domotica3_command96, best cost 206.914 + -368.893 = -161.978 over 283 frames.
pp48-domotica3_command96 deur open 
LOG (lattice-best-path[5.5.569~1-6f329]:main():lattice-best-path.cc:99) For utterance pp48-domotica3_command97, best cost 124.422 + -209.159 = -84.7368 over 161 frames.
pp48-domotica3_command97 doe alle lichten uit 
LOG (lattice-add-penalty[5.5.569~1-6f329]:main():lattice-add-penalty.cc:62) Done adding word insertion penalty to 169 lattices.
LOG (lattice-best-path[5.5.569~1-6f329]:main():lattice-best-path.cc:99) For utterance pp48-domotica3_command98, best cost 138.618 + -226.748 = -88.1303 over 171 frames.
pp48-domotica3_command98 alle hoofdeinde op stand een 
LOG (lattice-best-path[5.5.569~1-6f329]:main():lattice-best-path.cc:99) For utterance pp48-domotica3_command99, best cost 130.994 + -225.051 = -94.0569 over 160 frames.
pp48-domotica3_command99 alle hoofdeinde op stand twee 
LOG (lattice-best-path[5.5.569~1-6f329]:main():lattice-best-path.cc:124) Overall cost per frame is -0.57656 = 0.780174 [graph] + -1.35673 [acoustic] over 32735 frames.
LOG (lattice-best-path[5.5.569~1-6f329]:main():lattice-best-path.cc:128) Done 169 lattices, failed for 0
# Accounting: time=0 threads=1
# Ended (code 0) at Tue Mar 23 15:33:13 CET 2021, elapsed time 0 seconds
