# lattice-scale --inv-acoustic-scale=12 "ark:gunzip -c exp/percgncopas5k/chain_s/tdnn1k_sp/decode_test_5g_400k/lat.*.gz|" ark:- | lattice-add-penalty --word-ins-penalty=0.0 ark:- ark:- | lattice-best-path --word-symbol-table=exp/percgncopas5k/chain_s/tree_sp/graph_5g_400k/words.txt ark:- ark,t:exp/percgncopas5k/chain_s/tdnn1k_sp/decode_test_5g_400k/scoring/12.tra 
# Started at Tue Mar 23 15:33:13 CET 2021
#
lattice-add-penalty --word-ins-penalty=0.0 ark:- ark:- 
lattice-scale --inv-acoustic-scale=12 'ark:gunzip -c exp/percgncopas5k/chain_s/tdnn1k_sp/decode_test_5g_400k/lat.*.gz|' ark:- 
lattice-best-path --word-symbol-table=exp/percgncopas5k/chain_s/tree_sp/graph_5g_400k/words.txt ark:- ark,t:exp/percgncopas5k/chain_s/tdnn1k_sp/decode_test_5g_400k/scoring/12.tra 
LOG (lattice-best-path[5.5.569~1-6f329]:main():lattice-best-path.cc:99) For utterance pp48-domotica3_command1, best cost 176.408 + -403.679 = -227.272 over 236 frames.
pp48-domotica3_command1 doe alle lichten uit 
LOG (lattice-best-path[5.5.569~1-6f329]:main():lattice-best-path.cc:99) For utterance pp48-domotica3_command10, best cost 162.879 + -364.938 = -202.059 over 206 frames.
pp48-domotica3_command10 in hoofdeinde op stand twee 
LOG (lattice-best-path[5.5.569~1-6f329]:main():lattice-best-path.cc:99) For utterance pp48-domotica3_command100, best cost 144.216 + -310.758 = -166.541 over 168 frames.
pp48-domotica3_command100 alle in hoofdeinde op stand drie 
LOG (lattice-best-path[5.5.569~1-6f329]:main():lattice-best-path.cc:99) For utterance pp48-domotica3_command101, best cost 161.667 + -376.947 = -215.281 over 190 frames.
pp48-domotica3_command101 alle in deur dicht aan de slaapkamer 
LOG (lattice-best-path[5.5.569~1-6f329]:main():lattice-best-path.cc:99) For utterance pp48-domotica3_command102, best cost 168.409 + -433.394 = -264.984 over 224 frames.
pp48-domotica3_command102 deur open naar mijn slaapkamer 
LOG (lattice-best-path[5.5.569~1-6f329]:main():lattice-best-path.cc:99) For utterance pp48-domotica3_command103, best cost 183.499 + -426.701 = -243.202 over 223 frames.
pp48-domotica3_command103 alle in licht aan in mijn slaapkamer 
LOG (lattice-best-path[5.5.569~1-6f329]:main():lattice-best-path.cc:99) For utterance pp48-domotica3_command104, best cost 159.888 + -383.892 = -224.003 over 208 frames.
pp48-domotica3_command104 alle lichten uit op mijn slaapkamer 
LOG (lattice-best-path[5.5.569~1-6f329]:main():lattice-best-path.cc:99) For utterance pp48-domotica3_command105, best cost 138.47 + -320.017 = -181.547 over 161 frames.
pp48-domotica3_command105 alle in de voordeur sluiten 
LOG (lattice-best-path[5.5.569~1-6f329]:main():lattice-best-path.cc:99) For utterance pp48-domotica3_command106, best cost 122.455 + -262.481 = -140.026 over 139 frames.
pp48-domotica3_command106 alle in deur open 
LOG (lattice-best-path[5.5.569~1-6f329]:main():lattice-best-path.cc:99) For utterance pp48-domotica3_command107, best cost 142.444 + -320.284 = -177.84 over 187 frames.
pp48-domotica3_command107 doe alle lichten uit 
LOG (lattice-best-path[5.5.569~1-6f329]:main():lattice-best-path.cc:99) For utterance pp48-domotica3_command108, best cost 228.088 + -480.203 = -252.115 over 289 frames.
pp48-domotica3_command108 alle hoofdeinde op stand twee een 
LOG (lattice-best-path[5.5.569~1-6f329]:main():lattice-best-path.cc:99) For utterance pp48-domotica3_command109, best cost 140.698 + -344.686 = -203.988 over 174 frames.
pp48-domotica3_command109 alle hoofdeinde op stand twee 
LOG (lattice-best-path[5.5.569~1-6f329]:main():lattice-best-path.cc:99) For utterance pp48-domotica3_command11, best cost 151.147 + -335.508 = -184.361 over 178 frames.
pp48-domotica3_command11 alle in hoofdeinde op stand twee 
LOG (lattice-best-path[5.5.569~1-6f329]:main():lattice-best-path.cc:99) For utterance pp48-domotica3_command110, best cost 144.857 + -322.637 = -177.779 over 180 frames.
pp48-domotica3_command110 alle hoofdeinde op stand drie 
LOG (lattice-best-path[5.5.569~1-6f329]:main():lattice-best-path.cc:99) For utterance pp48-domotica3_command111, best cost 149.086 + -333.718 = -184.632 over 194 frames.
pp48-domotica3_command111 deur dicht aan de slaapkamer 
LOG (lattice-best-path[5.5.569~1-6f329]:main():lattice-best-path.cc:99) For utterance pp48-domotica3_command112, best cost 176.779 + -409.093 = -232.314 over 225 frames.
pp48-domotica3_command112 alle deur open naar mijn slaapkamer 
LOG (lattice-best-path[5.5.569~1-6f329]:main():lattice-best-path.cc:99) For utterance pp48-domotica3_command113, best cost 161.959 + -356.771 = -194.812 over 203 frames.
pp48-domotica3_command113 in licht aan in mijn slaapkamer 
LOG (lattice-best-path[5.5.569~1-6f329]:main():lattice-best-path.cc:99) For utterance pp48-domotica3_command114, best cost 150.212 + -347.055 = -196.842 over 195 frames.
pp48-domotica3_command114 licht uit op mijn slaapkamer 
LOG (lattice-best-path[5.5.569~1-6f329]:main():lattice-best-path.cc:99) For utterance pp48-domotica3_command115, best cost 150.894 + -394.202 = -243.308 over 190 frames.
pp48-domotica3_command115 alle de voordeur sluiten 
LOG (lattice-best-path[5.5.569~1-6f329]:main():lattice-best-path.cc:99) For utterance pp48-domotica3_command116, best cost 150.214 + -334.683 = -184.469 over 189 frames.
pp48-domotica3_command116 aan in deur open 
LOG (lattice-best-path[5.5.569~1-6f329]:main():lattice-best-path.cc:99) For utterance pp48-domotica3_command117, best cost 142.496 + -295.581 = -153.085 over 176 frames.
pp48-domotica3_command117 in doe alle lichten uit 
LOG (lattice-best-path[5.5.569~1-6f329]:main():lattice-best-path.cc:99) For utterance pp48-domotica3_command118, best cost 137.873 + -318.292 = -180.42 over 181 frames.
pp48-domotica3_command118 hoofdeinde op stand een 
LOG (lattice-best-path[5.5.569~1-6f329]:main():lattice-best-path.cc:99) For utterance pp48-domotica3_command119, best cost 142.137 + -318.388 = -176.251 over 165 frames.
pp48-domotica3_command119 alle in hoofdeinde op stand twee 
LOG (lattice-best-path[5.5.569~1-6f329]:main():lattice-best-path.cc:99) For utterance pp48-domotica3_command12, best cost 156.693 + -313.464 = -156.771 over 186 frames.
pp48-domotica3_command12 alle in hoofdeinde op stand drie 
LOG (lattice-best-path[5.5.569~1-6f329]:main():lattice-best-path.cc:99) For utterance pp48-domotica3_command120, best cost 133.717 + -323.219 = -189.502 over 175 frames.
pp48-domotica3_command120 hoofdeinde op stand drie 
LOG (lattice-best-path[5.5.569~1-6f329]:main():lattice-best-path.cc:99) For utterance pp48-domotica3_command121, best cost 154.631 + -367.014 = -212.383 over 202 frames.
pp48-domotica3_command121 deur dicht aan de slaapkamer 
LOG (lattice-best-path[5.5.569~1-6f329]:main():lattice-best-path.cc:99) For utterance pp48-domotica3_command122, best cost 136.577 + -318.975 = -182.398 over 167 frames.
pp48-domotica3_command122 in deur open naar mijn slaapkamer 
LOG (lattice-best-path[5.5.569~1-6f329]:main():lattice-best-path.cc:99) For utterance pp48-domotica3_command123, best cost 168.943 + -393.211 = -224.268 over 202 frames.
pp48-domotica3_command123 alle in licht aan in mijn slaapkamer 
LOG (lattice-best-path[5.5.569~1-6f329]:main():lattice-best-path.cc:99) For utterance pp48-domotica3_command124, best cost 166.82 + -397.765 = -230.945 over 218 frames.
pp48-domotica3_command124 alle lichten uit op mijn slaapkamer 
LOG (lattice-best-path[5.5.569~1-6f329]:main():lattice-best-path.cc:99) For utterance pp48-domotica3_command125, best cost 136.338 + -302.952 = -166.613 over 169 frames.
pp48-domotica3_command125 alle de voordeur sluiten 
LOG (lattice-best-path[5.5.569~1-6f329]:main():lattice-best-path.cc:99) For utterance pp48-domotica3_command126, best cost 128.641 + -284.455 = -155.814 over 159 frames.
pp48-domotica3_command126 alle deur open 
LOG (lattice-best-path[5.5.569~1-6f329]:main():lattice-best-path.cc:99) For utterance pp48-domotica3_command127, best cost 182.697 + -422.618 = -239.921 over 234 frames.
pp48-domotica3_command127 mijn doe alle lichten uit 
LOG (lattice-best-path[5.5.569~1-6f329]:main():lattice-best-path.cc:99) For utterance pp48-domotica3_command128, best cost 165.651 + -393.581 = -227.931 over 210 frames.
pp48-domotica3_command128 hoofdeinde op stand twee een 
LOG (lattice-best-path[5.5.569~1-6f329]:main():lattice-best-path.cc:99) For utterance pp48-domotica3_command129, best cost 156.641 + -375.339 = -218.698 over 197 frames.
pp48-domotica3_command129 in hoofdeinde op stand twee 
LOG (lattice-best-path[5.5.569~1-6f329]:main():lattice-best-path.cc:99) For utterance pp48-domotica3_command13, best cost 167.556 + -373.943 = -206.387 over 200 frames.
pp48-domotica3_command13 alle in licht aan in mijn slaapkamer 
LOG (lattice-best-path[5.5.569~1-6f329]:main():lattice-best-path.cc:99) For utterance pp48-domotica3_command130, best cost 155.307 + -364.614 = -209.307 over 184 frames.
pp48-domotica3_command130 alle in hoofdeinde op stand drie 
LOG (lattice-best-path[5.5.569~1-6f329]:main():lattice-best-path.cc:99) For utterance pp48-domotica3_command131, best cost 169.238 + -389.275 = -220.036 over 212 frames.
pp48-domotica3_command131 mijn deur dicht aan de slaapkamer 
LOG (lattice-best-path[5.5.569~1-6f329]:main():lattice-best-path.cc:99) For utterance pp48-domotica3_command132, best cost 194.8 + -483.665 = -288.864 over 251 frames.
pp48-domotica3_command132 mijn deur open naar mijn slaapkamer 
LOG (lattice-best-path[5.5.569~1-6f329]:main():lattice-best-path.cc:99) For utterance pp48-domotica3_command133, best cost 177.359 + -416.364 = -239.005 over 214 frames.
pp48-domotica3_command133 alle in dicht aan in mijn slaapkamer 
LOG (lattice-best-path[5.5.569~1-6f329]:main():lattice-best-path.cc:99) For utterance pp48-domotica3_command134, best cost 161.275 + -380.164 = -218.889 over 210 frames.
pp48-domotica3_command134 alle lichten uit op mijn slaapkamer 
LOG (lattice-best-path[5.5.569~1-6f329]:main():lattice-best-path.cc:99) For utterance pp48-domotica3_command135, best cost 155.798 + -365.454 = -209.656 over 186 frames.
pp48-domotica3_command135 alle in de voordeur sluiten 
LOG (lattice-best-path[5.5.569~1-6f329]:main():lattice-best-path.cc:99) For utterance pp48-domotica3_command136, best cost 134.879 + -329.359 = -194.479 over 168 frames.
pp48-domotica3_command136 alle deur open 
LOG (lattice-best-path[5.5.569~1-6f329]:main():lattice-best-path.cc:99) For utterance pp48-domotica3_command137, best cost 149.427 + -308.1 = -158.672 over 186 frames.
pp48-domotica3_command137 alle doe alle lichten uit 
LOG (lattice-best-path[5.5.569~1-6f329]:main():lattice-best-path.cc:99) For utterance pp48-domotica3_command138, best cost 156.588 + -374.816 = -218.229 over 208 frames.
pp48-domotica3_command138 hoofdeinde op stand een 
LOG (lattice-best-path[5.5.569~1-6f329]:main():lattice-best-path.cc:99) For utterance pp48-domotica3_command139, best cost 146.937 + -334.126 = -187.189 over 183 frames.
pp48-domotica3_command139 in hoofdeinde op stand twee 
LOG (lattice-best-path[5.5.569~1-6f329]:main():lattice-best-path.cc:99) For utterance pp48-domotica3_command14, best cost 158.502 + -373.518 = -215.016 over 206 frames.
pp48-domotica3_command14 alle lichten uit op mijn slaapkamer 
LOG (lattice-best-path[5.5.569~1-6f329]:main():lattice-best-path.cc:99) For utterance pp48-domotica3_command140, best cost 165.011 + -370.548 = -205.538 over 198 frames.
pp48-domotica3_command140 alle in hoofdeinde op stand drie 
LOG (lattice-best-path[5.5.569~1-6f329]:main():lattice-best-path.cc:99) For utterance pp48-domotica3_command141, best cost 159.483 + -382.661 = -223.178 over 209 frames.
pp48-domotica3_command141 deur dicht aan de slaapkamer 
LOG (lattice-best-path[5.5.569~1-6f329]:main():lattice-best-path.cc:99) For utterance pp48-domotica3_command142, best cost 168.409 + -412.261 = -243.851 over 224 frames.
pp48-domotica3_command142 deur open naar mijn slaapkamer 
LOG (lattice-best-path[5.5.569~1-6f329]:main():lattice-best-path.cc:99) For utterance pp48-domotica3_command143, best cost 170.331 + -392.198 = -221.867 over 214 frames.
pp48-domotica3_command143 alle lichten licht aan in mijn slaapkamer 
LOG (lattice-best-path[5.5.569~1-6f329]:main():lattice-best-path.cc:99) For utterance pp48-domotica3_command144, best cost 168.206 + -398.082 = -229.876 over 220 frames.
pp48-domotica3_command144 alle lichten uit op mijn slaapkamer 
LOG (lattice-best-path[5.5.569~1-6f329]:main():lattice-best-path.cc:99) For utterance pp48-domotica3_command145, best cost 153.72 + -402.698 = -248.979 over 193 frames.
pp48-domotica3_command145 alle lichten de voordeur sluiten 
LOG (lattice-best-path[5.5.569~1-6f329]:main():lattice-best-path.cc:99) For utterance pp48-domotica3_command146, best cost 123.737 + -310.401 = -186.664 over 163 frames.
pp48-domotica3_command146 deur open 
LOG (lattice-best-path[5.5.569~1-6f329]:main():lattice-best-path.cc:99) For utterance pp48-domotica3_command147, best cost 147.296 + -318.853 = -171.558 over 194 frames.
pp48-domotica3_command147 doe alle lichten uit 
LOG (lattice-best-path[5.5.569~1-6f329]:main():lattice-best-path.cc:99) For utterance pp48-domotica3_command148, best cost 157.334 + -352.19 = -194.856 over 198 frames.
pp48-domotica3_command148 in hoofdeinde op stand twee 
LOG (lattice-best-path[5.5.569~1-6f329]:main():lattice-best-path.cc:99) For utterance pp48-domotica3_command149, best cost 152.482 + -356.239 = -203.757 over 191 frames.
pp48-domotica3_command149 in hoofdeinde op stand twee 
LOG (lattice-best-path[5.5.569~1-6f329]:main():lattice-best-path.cc:99) For utterance pp48-domotica3_command15, best cost 137.672 + -345.391 = -207.718 over 182 frames.
pp48-domotica3_command15 de voordeur sluiten 
LOG (lattice-best-path[5.5.569~1-6f329]:main():lattice-best-path.cc:99) For utterance pp48-domotica3_command150, best cost 147.578 + -344.723 = -197.146 over 195 frames.
pp48-domotica3_command150 hoofdeinde op stand drie 
LOG (lattice-best-path[5.5.569~1-6f329]:main():lattice-best-path.cc:99) For utterance pp48-domotica3_command151, best cost 152.551 + -336.179 = -183.627 over 199 frames.
pp48-domotica3_command151 deur dicht aan de slaapkamer 
LOG (lattice-best-path[5.5.569~1-6f329]:main():lattice-best-path.cc:99) For utterance pp48-domotica3_command152, best cost 176.034 + -427.759 = -251.725 over 235 frames.
pp48-domotica3_command152 deur open naar mijn slaapkamer 
LOG (lattice-best-path[5.5.569~1-6f329]:main():lattice-best-path.cc:99) For utterance pp48-domotica3_command153, best cost 189.835 + -439.171 = -249.337 over 232 frames.
pp48-domotica3_command153 alle mijn dicht aan in mijn slaapkamer 
LOG (lattice-best-path[5.5.569~1-6f329]:main():lattice-best-path.cc:99) For utterance pp48-domotica3_command154, best cost 179.988 + -437.949 = -257.961 over 227 frames.
pp48-domotica3_command154 in lichten uit op mijn slaapkamer 
LOG (lattice-best-path[5.5.569~1-6f329]:main():lattice-best-path.cc:99) For utterance pp48-domotica3_command155, best cost 144.656 + -350.168 = -205.512 over 181 frames.
pp48-domotica3_command155 alle de voordeur sluiten 
LOG (lattice-best-path[5.5.569~1-6f329]:main():lattice-best-path.cc:99) For utterance pp48-domotica3_command156, best cost 125.261 + -289.251 = -163.991 over 153 frames.
pp48-domotica3_command156 aan in deur open 
LOG (lattice-best-path[5.5.569~1-6f329]:main():lattice-best-path.cc:99) For utterance pp48-domotica3_command157, best cost 144.523 + -311.964 = -167.441 over 190 frames.
pp48-domotica3_command157 doe alle lichten uit 
LOG (lattice-best-path[5.5.569~1-6f329]:main():lattice-best-path.cc:99) For utterance pp48-domotica3_command158, best cost 145.497 + -325.361 = -179.864 over 192 frames.
pp48-domotica3_command158 hoofdeinde op stand een 
LOG (lattice-best-path[5.5.569~1-6f329]:main():lattice-best-path.cc:99) For utterance pp48-domotica3_command159, best cost 142.829 + -324.313 = -181.484 over 166 frames.
pp48-domotica3_command159 alle in hoofdeinde op stand twee 
LOG (lattice-best-path[5.5.569~1-6f329]:main():lattice-best-path.cc:99) For utterance pp48-domotica3_command16, best cost 127.948 + -308.704 = -180.756 over 158 frames.
pp48-domotica3_command16 alle deur open 
LOG (lattice-best-path[5.5.569~1-6f329]:main():lattice-best-path.cc:99) For utterance pp48-domotica3_command160, best cost 144.805 + -335.219 = -190.414 over 191 frames.
pp48-domotica3_command160 hoofdeinde op stand drie 
LOG (lattice-best-path[5.5.569~1-6f329]:main():lattice-best-path.cc:99) For utterance pp48-domotica3_command161, best cost 152.552 + -356.1 = -203.549 over 199 frames.
pp48-domotica3_command161 deur dicht aan de slaapkamer 
LOG (lattice-best-path[5.5.569~1-6f329]:main():lattice-best-path.cc:99) For utterance pp48-domotica3_command162, best cost 166.33 + -439.894 = -273.564 over 221 frames.
pp48-domotica3_command162 deur open naar mijn slaapkamer 
LOG (lattice-best-path[5.5.569~1-6f329]:main():lattice-best-path.cc:99) For utterance pp48-domotica3_command163, best cost 163.345 + -387.094 = -223.749 over 205 frames.
pp48-domotica3_command163 in licht aan in mijn slaapkamer 
LOG (lattice-best-path[5.5.569~1-6f329]:main():lattice-best-path.cc:99) For utterance pp48-domotica3_command164, best cost 168.206 + -421.05 = -252.844 over 220 frames.
pp48-domotica3_command164 alle lichten uit op mijn slaapkamer 
LOG (lattice-best-path[5.5.569~1-6f329]:main():lattice-best-path.cc:99) For utterance pp48-domotica3_command165, best cost 148.763 + -386.445 = -237.683 over 198 frames.
pp48-domotica3_command165 de voordeur sluiten 
LOG (lattice-best-path[5.5.569~1-6f329]:main():lattice-best-path.cc:99) For utterance pp48-domotica3_command166, best cost 124.482 + -296.307 = -171.825 over 153 frames.
pp48-domotica3_command166 in deur open 
LOG (lattice-best-path[5.5.569~1-6f329]:main():lattice-best-path.cc:99) For utterance pp48-domotica3_command167, best cost 143.83 + -311.432 = -167.602 over 189 frames.
pp48-domotica3_command167 doe alle lichten uit 
LOG (lattice-best-path[5.5.569~1-6f329]:main():lattice-best-path.cc:99) For utterance pp48-domotica3_command168, best cost 160.106 + -339.04 = -178.935 over 202 frames.
pp48-domotica3_command168 in hoofdeinde op stand een 
LOG (lattice-best-path[5.5.569~1-6f329]:main():lattice-best-path.cc:99) For utterance pp48-domotica3_command169, best cost 119.296 + -229.524 = -110.228 over 142 frames.
pp48-domotica3_command169 aan in hoofdeinde op stand twee 
LOG (lattice-best-path[5.5.569~1-6f329]:main():lattice-best-path.cc:99) For utterance pp48-domotica3_command17, best cost 146.655 + -329.443 = -182.788 over 182 frames.
pp48-domotica3_command17 alle doe alle lichten uit 
LOG (lattice-best-path[5.5.569~1-6f329]:main():lattice-best-path.cc:99) For utterance pp48-domotica3_command170, best cost 137.925 + -281.021 = -143.096 over 170 frames.
pp48-domotica3_command170 hoofdeinde hoofdeinde op stand drie 
LOG (lattice-best-path[5.5.569~1-6f329]:main():lattice-best-path.cc:99) For utterance pp48-domotica3_command18, best cost 158.772 + -359.584 = -200.812 over 189 frames.
pp48-domotica3_command18 alle in hoofdeinde op stand twee 
LOG (lattice-best-path[5.5.569~1-6f329]:main():lattice-best-path.cc:99) For utterance pp48-domotica3_command19, best cost 149.069 + -345.595 = -196.525 over 185 frames.
pp48-domotica3_command19 alle lichten hoofdeinde op stand twee 
LOG (lattice-best-path[5.5.569~1-6f329]:main():lattice-best-path.cc:99) For utterance pp48-domotica3_command2, best cost 189.912 + -420.36 = -230.448 over 245 frames.
pp48-domotica3_command2 in hoofdeinde op stand een 
LOG (lattice-best-path[5.5.569~1-6f329]:main():lattice-best-path.cc:99) For utterance pp48-domotica3_command20, best cost 151.096 + -338.297 = -187.201 over 189 frames.
pp48-domotica3_command20 alle hoofdeinde op stand drie 
LOG (lattice-best-path[5.5.569~1-6f329]:main():lattice-best-path.cc:99) For utterance pp48-domotica3_command21, best cost 157.456 + -350.567 = -193.112 over 195 frames.
pp48-domotica3_command21 alle deur dicht aan de slaapkamer 
LOG (lattice-best-path[5.5.569~1-6f329]:main():lattice-best-path.cc:99) For utterance pp48-domotica3_command22, best cost 146.026 + -323.409 = -177.384 over 188 frames.
pp48-domotica3_command22 alle lichten uit op mijn slaapkamer 
LOG (lattice-best-path[5.5.569~1-6f329]:main():lattice-best-path.cc:99) For utterance pp48-domotica3_command23, best cost 157.116 + -343.116 = -186.001 over 204 frames.
pp48-domotica3_command23 alle lichten uit op mijn slaapkamer 
LOG (lattice-best-path[5.5.569~1-6f329]:main():lattice-best-path.cc:99) For utterance pp48-domotica3_command24, best cost 146.788 + -328 = -181.213 over 173 frames.
pp48-domotica3_command24 alle in de voordeur sluiten 
LOG (lattice-best-path[5.5.569~1-6f329]:main():lattice-best-path.cc:99) For utterance pp48-domotica3_command25, best cost 118.885 + -299.7 = -180.815 over 156 frames.
pp48-domotica3_command25 deur open 
LOG (lattice-best-path[5.5.569~1-6f329]:main():lattice-best-path.cc:99) For utterance pp48-domotica3_command26, best cost 157.052 + -338.417 = -181.365 over 197 frames.
pp48-domotica3_command26 alle doe alle lichten uit 
LOG (lattice-best-path[5.5.569~1-6f329]:main():lattice-best-path.cc:99) For utterance pp48-domotica3_command27, best cost 147.578 + -340.975 = -193.397 over 195 frames.
pp48-domotica3_command27 hoofdeinde op stand twee 
LOG (lattice-best-path[5.5.569~1-6f329]:main():lattice-best-path.cc:99) For utterance pp48-domotica3_command28, best cost 135.101 + -322.703 = -187.602 over 177 frames.
pp48-domotica3_command28 hoofdeinde op stand twee 
LOG (lattice-best-path[5.5.569~1-6f329]:main():lattice-best-path.cc:99) For utterance pp48-domotica3_command29, best cost 153.868 + -367.086 = -213.218 over 193 frames.
pp48-domotica3_command29 in hoofdeinde op stand drie 
LOG (lattice-best-path[5.5.569~1-6f329]:main():lattice-best-path.cc:99) For utterance pp48-domotica3_command3, best cost 192.684 + -440.516 = -247.831 over 249 frames.
pp48-domotica3_command3 in hoofdeinde op stand twee 
LOG (lattice-best-path[5.5.569~1-6f329]:main():lattice-best-path.cc:99) For utterance pp48-domotica3_command30, best cost 152.551 + -361.435 = -208.884 over 199 frames.
pp48-domotica3_command30 deur dicht aan de slaapkamer 
LOG (lattice-best-path[5.5.569~1-6f329]:main():lattice-best-path.cc:99) For utterance pp48-domotica3_command31, best cost 171.927 + -412.8 = -240.872 over 218 frames.
pp48-domotica3_command31 alle deur open naar mijn slaapkamer 
LOG (lattice-best-path[5.5.569~1-6f329]:main():lattice-best-path.cc:99) For utterance pp48-domotica3_command32, best cost 165.73 + -373.787 = -208.057 over 213 frames.
pp48-domotica3_command32 alle lichten mijn slaapkamer 
LOG (lattice-best-path[5.5.569~1-6f329]:main():lattice-best-path.cc:99) For utterance pp48-domotica3_command33, best cost 164.741 + -405.538 = -240.797 over 215 frames.
pp48-domotica3_command33 alle lichten uit op mijn slaapkamer 
LOG (lattice-best-path[5.5.569~1-6f329]:main():lattice-best-path.cc:99) For utterance pp48-domotica3_command34, best cost 148.122 + -340.781 = -192.66 over 186 frames.
pp48-domotica3_command34 alle de voordeur sluiten 
LOG (lattice-best-path[5.5.569~1-6f329]:main():lattice-best-path.cc:99) For utterance pp48-domotica3_command35, best cost 123.044 + -307.063 = -184.019 over 162 frames.
pp48-domotica3_command35 deur open 
LOG (lattice-best-path[5.5.569~1-6f329]:main():lattice-best-path.cc:99) For utterance pp48-domotica3_command36, best cost 159.131 + -379.351 = -220.22 over 200 frames.
pp48-domotica3_command36 alle doe alle lichten uit 
LOG (lattice-best-path[5.5.569~1-6f329]:main():lattice-best-path.cc:99) For utterance pp48-domotica3_command37, best cost 144.111 + -348.795 = -204.684 over 190 frames.
pp48-domotica3_command37 hoofdeinde op stand twee 
LOG (lattice-best-path[5.5.569~1-6f329]:main():lattice-best-path.cc:99) For utterance pp48-domotica3_command38, best cost 153.868 + -380.514 = -226.646 over 193 frames.
pp48-domotica3_command38 alle hoofdeinde op stand twee 
LOG (lattice-best-path[5.5.569~1-6f329]:main():lattice-best-path.cc:99) For utterance pp48-domotica3_command39, best cost 155.896 + -383.855 = -227.96 over 207 frames.
pp48-domotica3_command39 hoofdeinde op stand drie 
LOG (lattice-best-path[5.5.569~1-6f329]:main():lattice-best-path.cc:99) For utterance pp48-domotica3_command4, best cost 169.758 + -422.792 = -253.033 over 227 frames.
pp48-domotica3_command4 hoofdeinde op stand drie 
LOG (lattice-best-path[5.5.569~1-6f329]:main():lattice-best-path.cc:99) For utterance pp48-domotica3_command40, best cost 187.954 + -475.367 = -287.412 over 239 frames.
pp48-domotica3_command40 alle deur dicht aan de slaapkamer 
LOG (lattice-best-path[5.5.569~1-6f329]:main():lattice-best-path.cc:99) For utterance pp48-domotica3_command41, best cost 177.473 + -424.526 = -247.054 over 226 frames.
pp48-domotica3_command41 alle deur open naar mijn slaapkamer 
LOG (lattice-best-path[5.5.569~1-6f329]:main():lattice-best-path.cc:99) For utterance pp48-domotica3_command42, best cost 174.436 + -420.852 = -246.417 over 221 frames.
pp48-domotica3_command42 alle licht aan in mijn slaapkamer 
LOG (lattice-best-path[5.5.569~1-6f329]:main():lattice-best-path.cc:99) For utterance pp48-domotica3_command43, best cost 162.661 + -361.109 = -198.448 over 212 frames.
pp48-domotica3_command43 alle lichten uit op mijn slaapkamer 
LOG (lattice-best-path[5.5.569~1-6f329]:main():lattice-best-path.cc:99) For utterance pp48-domotica3_command44, best cost 150.894 + -350.786 = -199.891 over 190 frames.
pp48-domotica3_command44 alle de voordeur sluiten 
LOG (lattice-best-path[5.5.569~1-6f329]:main():lattice-best-path.cc:99) For utterance pp48-domotica3_command45, best cost 138.345 + -327.617 = -189.272 over 173 frames.
pp48-domotica3_command45 alle deur open 
LOG (lattice-best-path[5.5.569~1-6f329]:main():lattice-best-path.cc:99) For utterance pp48-domotica3_command46, best cost 143.137 + -316.361 = -173.224 over 188 frames.
pp48-domotica3_command46 doe alle lichten uit 
LOG (lattice-best-path[5.5.569~1-6f329]:main():lattice-best-path.cc:99) For utterance pp48-domotica3_command47, best cost 144.111 + -322.083 = -177.972 over 190 frames.
pp48-domotica3_command47 hoofdeinde op stand een 
LOG (lattice-best-path[5.5.569~1-6f329]:main():lattice-best-path.cc:99) For utterance pp48-domotica3_command48, best cost 156 + -338.226 = -182.226 over 185 frames.
pp48-domotica3_command48 alle in hoofdeinde op stand twee 
LOG (lattice-best-path[5.5.569~1-6f329]:main():lattice-best-path.cc:99) For utterance pp48-domotica3_command49, best cost 158.772 + -316.363 = -157.591 over 189 frames.
pp48-domotica3_command49 alle in hoofdeinde op stand drie 
LOG (lattice-best-path[5.5.569~1-6f329]:main():lattice-best-path.cc:99) For utterance pp48-domotica3_command5, best cost 180.033 + -412.428 = -232.395 over 218 frames.
pp48-domotica3_command5 alle in licht aan in mijn slaapkamer 
LOG (lattice-best-path[5.5.569~1-6f329]:main():lattice-best-path.cc:99) For utterance pp48-domotica3_command50, best cost 154.631 + -324.168 = -169.537 over 202 frames.
pp48-domotica3_command50 deur dicht aan de slaapkamer 
LOG (lattice-best-path[5.5.569~1-6f329]:main():lattice-best-path.cc:99) For utterance pp48-domotica3_command51, best cost 178.859 + -403.67 = -224.811 over 228 frames.
pp48-domotica3_command51 alle deur open naar mijn slaapkamer 
LOG (lattice-best-path[5.5.569~1-6f329]:main():lattice-best-path.cc:99) For utterance pp48-domotica3_command52, best cost 158.442 + -342.576 = -184.134 over 209 frames.
pp48-domotica3_command52 licht aan in mijn slaapkamer 
LOG (lattice-best-path[5.5.569~1-6f329]:main():lattice-best-path.cc:99) For utterance pp48-domotica3_command53, best cost 160.582 + -387.557 = -226.975 over 209 frames.
pp48-domotica3_command53 alle lichten uit op mijn slaapkamer 
LOG (lattice-best-path[5.5.569~1-6f329]:main():lattice-best-path.cc:99) For utterance pp48-domotica3_command54, best cost 143.963 + -338.471 = -194.508 over 180 frames.
pp48-domotica3_command54 alle de voordeur sluiten 
LOG (lattice-best-path[5.5.569~1-6f329]:main():lattice-best-path.cc:99) For utterance pp48-domotica3_command55, best cost 127.948 + -292.696 = -164.748 over 158 frames.
pp48-domotica3_command55 alle deur open 
LOG (lattice-best-path[5.5.569~1-6f329]:main():lattice-best-path.cc:99) For utterance pp48-domotica3_command56, best cost 145.909 + -302.339 = -156.43 over 192 frames.
pp48-domotica3_command56 doe alle lichten uit 
LOG (lattice-best-path[5.5.569~1-6f329]:main():lattice-best-path.cc:99) For utterance pp48-domotica3_command57, best cost 156.64 + -326.71 = -170.07 over 197 frames.
pp48-domotica3_command57 in hoofdeinde op stand twee 
LOG (lattice-best-path[5.5.569~1-6f329]:main():lattice-best-path.cc:99) For utterance pp48-domotica3_command58, best cost 157.386 + -361.365 = -203.979 over 187 frames.
pp48-domotica3_command58 alle in hoofdeinde op stand twee 
LOG (lattice-best-path[5.5.569~1-6f329]:main():lattice-best-path.cc:99) For utterance pp48-domotica3_command59, best cost 152.532 + -319.32 = -166.787 over 180 frames.
pp48-domotica3_command59 hoofdeinde in hoofdeinde op stand drie 
LOG (lattice-best-path[5.5.569~1-6f329]:main():lattice-best-path.cc:99) For utterance pp48-domotica3_command6, best cost 180.155 + -430.021 = -249.866 over 226 frames.
pp48-domotica3_command6 aan in licht uit op mijn slaapkamer 
LOG (lattice-best-path[5.5.569~1-6f329]:main():lattice-best-path.cc:99) For utterance pp48-domotica3_command60, best cost 151.91 + -333.264 = -181.354 over 187 frames.
pp48-domotica3_command60 hoofdeinde deur dicht aan de slaapkamer 
LOG (lattice-best-path[5.5.569~1-6f329]:main():lattice-best-path.cc:99) For utterance pp48-domotica3_command61, best cost 155.933 + -374.176 = -218.243 over 206 frames.
pp48-domotica3_command61 deur open naar mijn slaapkamer 
LOG (lattice-best-path[5.5.569~1-6f329]:main():lattice-best-path.cc:99) For utterance pp48-domotica3_command62, best cost 157.8 + -332.479 = -174.679 over 197 frames.
pp48-domotica3_command62 in licht aan in mijn slaapkamer 
LOG (lattice-best-path[5.5.569~1-6f329]:main():lattice-best-path.cc:99) For utterance pp48-domotica3_command63, best cost 152.343 + -320.802 = -168.459 over 187 frames.
pp48-domotica3_command63 hoofdeinde licht uit op mijn slaapkamer 
LOG (lattice-best-path[5.5.569~1-6f329]:main():lattice-best-path.cc:99) For utterance pp48-domotica3_command64, best cost 150.946 + -335.83 = -184.884 over 179 frames.
pp48-domotica3_command64 alle in de voordeur sluiten 
LOG (lattice-best-path[5.5.569~1-6f329]:main():lattice-best-path.cc:99) For utterance pp48-domotica3_command65, best cost 123.096 + -263.02 = -139.924 over 151 frames.
pp48-domotica3_command65 alle deur open 
LOG (lattice-best-path[5.5.569~1-6f329]:main():lattice-best-path.cc:99) For utterance pp48-domotica3_command66, best cost 150.814 + -300.535 = -149.721 over 188 frames.
pp48-domotica3_command66 alle doe alle lichten uit 
LOG (lattice-best-path[5.5.569~1-6f329]:main():lattice-best-path.cc:99) For utterance pp48-domotica3_command67, best cost 146.936 + -305.28 = -158.344 over 183 frames.
pp48-domotica3_command67 in hoofdeinde op stand drie 
LOG (lattice-best-path[5.5.569~1-6f329]:main():lattice-best-path.cc:99) For utterance pp48-domotica3_command68, best cost 144.909 + -301.999 = -157.089 over 169 frames.
pp48-domotica3_command68 hoofdeinde in hoofdeinde op stand twee 
LOG (lattice-best-path[5.5.569~1-6f329]:main():lattice-best-path.cc:99) For utterance pp48-domotica3_command69, best cost 160.159 + -341.018 = -180.859 over 191 frames.
pp48-domotica3_command69 alle in hoofdeinde op stand drie 
LOG (lattice-best-path[5.5.569~1-6f329]:main():lattice-best-path.cc:99) For utterance pp48-domotica3_command7, best cost 155.105 + -378.917 = -223.812 over 185 frames.
pp48-domotica3_command7 alle in de voordeur sluiten 
LOG (lattice-best-path[5.5.569~1-6f329]:main():lattice-best-path.cc:99) For utterance pp48-domotica3_command70, best cost 151.961 + -303.387 = -151.427 over 176 frames.
pp48-domotica3_command70 hoofdeinde in deur dicht aan de slaapkamer 
LOG (lattice-best-path[5.5.569~1-6f329]:main():lattice-best-path.cc:99) For utterance pp48-domotica3_command71, best cost 169.207 + -376.681 = -207.474 over 203 frames.
pp48-domotica3_command71 alle in deur open naar mijn slaapkamer 
LOG (lattice-best-path[5.5.569~1-6f329]:main():lattice-best-path.cc:99) For utterance pp48-domotica3_command72, best cost 165.477 + -352.75 = -187.274 over 197 frames.
pp48-domotica3_command72 alle in licht aan in mijn slaapkamer 
LOG (lattice-best-path[5.5.569~1-6f329]:main():lattice-best-path.cc:99) For utterance pp48-domotica3_command73, best cost 178.363 + -383.302 = -204.939 over 222 frames.
pp48-domotica3_command73 op mijn licht uit op mijn slaapkamer 
LOG (lattice-best-path[5.5.569~1-6f329]:main():lattice-best-path.cc:99) For utterance pp48-domotica3_command74, best cost 134.952 + -305.546 = -170.594 over 167 frames.
pp48-domotica3_command74 in de voordeur sluiten 
LOG (lattice-best-path[5.5.569~1-6f329]:main():lattice-best-path.cc:99) For utterance pp48-domotica3_command75, best cost 123.096 + -289.249 = -166.153 over 151 frames.
pp48-domotica3_command75 alle deur open 
LOG (lattice-best-path[5.5.569~1-6f329]:main():lattice-best-path.cc:99) For utterance pp48-domotica3_command76, best cost 146.655 + -327.064 = -180.41 over 182 frames.
pp48-domotica3_command76 alle doe alle lichten uit 
LOG (lattice-best-path[5.5.569~1-6f329]:main():lattice-best-path.cc:99) For utterance pp48-domotica3_command77, best cost 141.337 + -324.939 = -183.602 over 186 frames.
pp48-domotica3_command77 hoofdeinde op stand twee 
LOG (lattice-best-path[5.5.569~1-6f329]:main():lattice-best-path.cc:99) For utterance pp48-domotica3_command78, best cost 142.778 + -333.05 = -190.272 over 177 frames.
pp48-domotica3_command78 alle hoofdeinde op stand twee 
LOG (lattice-best-path[5.5.569~1-6f329]:main():lattice-best-path.cc:99) For utterance pp48-domotica3_command79, best cost 136.54 + -332.058 = -195.518 over 168 frames.
pp48-domotica3_command79 alle hoofdeinde op stand drie 
LOG (lattice-best-path[5.5.569~1-6f329]:main():lattice-best-path.cc:99) For utterance pp48-domotica3_command8, best cost 130.773 + -311.438 = -180.665 over 151 frames.
pp48-domotica3_command8 alle in deur open 
LOG (lattice-best-path[5.5.569~1-6f329]:main():lattice-best-path.cc:99) For utterance pp48-domotica3_command81, best cost 130.371 + -315.083 = -184.712 over 167 frames.
pp48-domotica3_command81 deur dicht aan de slaapkamer 
LOG (lattice-best-path[5.5.569~1-6f329]:main():lattice-best-path.cc:99) For utterance pp48-domotica3_command82, best cost 160.144 + -379.841 = -219.697 over 201 frames.
pp48-domotica3_command82 alle deur open naar mijn slaapkamer 
LOG (lattice-best-path[5.5.569~1-6f329]:main():lattice-best-path.cc:99) For utterance pp48-domotica3_command83, best cost 150.869 + -351.678 = -200.809 over 187 frames.
pp48-domotica3_command83 alle licht aan in mijn slaapkamer 
LOG (lattice-best-path[5.5.569~1-6f329]:main():lattice-best-path.cc:99) For utterance pp48-domotica3_command84, best cost 147.412 + -319.993 = -172.581 over 190 frames.
pp48-domotica3_command84 alle lichten uit op mijn slaapkamer 
LOG (lattice-best-path[5.5.569~1-6f329]:main():lattice-best-path.cc:99) For utterance pp48-domotica3_command85, best cost 153.026 + -346.892 = -193.867 over 182 frames.
pp48-domotica3_command85 alle in de voordeur sluiten 
LOG (lattice-scale[5.5.569~1-6f329]:main():lattice-scale.cc:107) Done 169 lattices.
LOG (lattice-best-path[5.5.569~1-6f329]:main():lattice-best-path.cc:99) For utterance pp48-domotica3_command86, best cost 146.715 + -333.369 = -186.654 over 174 frames.
pp48-domotica3_command86 alle in deur open 
LOG (lattice-best-path[5.5.569~1-6f329]:main():lattice-best-path.cc:99) For utterance pp48-domotica3_command87, best cost 132.74 + -289.486 = -156.746 over 173 frames.
pp48-domotica3_command87 doe alle lichten uit 
LOG (lattice-best-path[5.5.569~1-6f329]:main():lattice-best-path.cc:99) For utterance pp48-domotica3_command88, best cost 144.857 + -334.246 = -189.388 over 180 frames.
pp48-domotica3_command88 alle hoofdeinde op stand twee 
LOG (lattice-best-path[5.5.569~1-6f329]:main():lattice-best-path.cc:99) For utterance pp48-domotica3_command89, best cost 140.751 + -326.883 = -186.132 over 163 frames.
pp48-domotica3_command89 alle in hoofdeinde op stand twee 
LOG (lattice-best-path[5.5.569~1-6f329]:main():lattice-best-path.cc:99) For utterance pp48-domotica3_command9, best cost 150.121 + -348.19 = -198.068 over 187 frames.
pp48-domotica3_command9 in doe alle lichten uit 
LOG (lattice-best-path[5.5.569~1-6f329]:main():lattice-best-path.cc:99) For utterance pp48-domotica3_command90, best cost 149.762 + -345.482 = -195.72 over 186 frames.
pp48-domotica3_command90 alle lichten hoofdeinde op stand drie 
LOG (lattice-best-path[5.5.569~1-6f329]:main():lattice-best-path.cc:99) For utterance pp48-domotica3_command91, best cost 163.001 + -398.169 = -235.169 over 203 frames.
pp48-domotica3_command91 alle deur dicht aan de slaapkamer 
LOG (lattice-best-path[5.5.569~1-6f329]:main():lattice-best-path.cc:99) For utterance pp48-domotica3_command92, best cost 192.081 + -474.987 = -282.907 over 236 frames.
pp48-domotica3_command92 alle in deur open naar mijn slaapkamer 
LOG (lattice-best-path[5.5.569~1-6f329]:main():lattice-best-path.cc:99) For utterance pp48-domotica3_command93, best cost 145.272 + -288.021 = -142.749 over 190 frames.
pp48-domotica3_command93 licht aan in mijn slaapkamer 
LOG (lattice-best-path[5.5.569~1-6f329]:main():lattice-best-path.cc:99) For utterance pp48-domotica3_command94, best cost 166.82 + -405.294 = -238.474 over 218 frames.
pp48-domotica3_command94 alle lichten uit op mijn slaapkamer 
LOG (lattice-best-path[5.5.569~1-6f329]:main():lattice-best-path.cc:99) For utterance pp48-domotica3_command95, best cost 145.349 + -344.58 = -199.231 over 182 frames.
pp48-domotica3_command95 alle de voordeur sluiten 
LOG (lattice-best-path[5.5.569~1-6f329]:main():lattice-best-path.cc:99) For utterance pp48-domotica3_command96, best cost 216.533 + -501.785 = -285.252 over 283 frames.
pp48-domotica3_command96 naar mijn deur open 
LOG (lattice-best-path[5.5.569~1-6f329]:main():lattice-best-path.cc:99) For utterance pp48-domotica3_command97, best cost 124.422 + -278.878 = -154.456 over 161 frames.
pp48-domotica3_command97 doe alle lichten uit 
LOG (lattice-best-path[5.5.569~1-6f329]:main():lattice-best-path.cc:99) For utterance pp48-domotica3_command98, best cost 146.295 + -311.478 = -165.183 over 171 frames.
pp48-domotica3_command98 alle in hoofdeinde op stand een 
LOG (lattice-add-penalty[5.5.569~1-6f329]:main():lattice-add-penalty.cc:62) Done adding word insertion penalty to 169 lattices.
LOG (lattice-best-path[5.5.569~1-6f329]:main():lattice-best-path.cc:99) For utterance pp48-domotica3_command99, best cost 130.994 + -300.068 = -169.074 over 160 frames.
pp48-domotica3_command99 alle hoofdeinde op stand twee 
LOG (lattice-best-path[5.5.569~1-6f329]:main():lattice-best-path.cc:124) Overall cost per frame is -1.03107 = 0.79512 [graph] + -1.82619 [acoustic] over 32735 frames.
LOG (lattice-best-path[5.5.569~1-6f329]:main():lattice-best-path.cc:128) Done 169 lattices, failed for 0
# Accounting: time=0 threads=1
# Ended (code 0) at Tue Mar 23 15:33:13 CET 2021, elapsed time 0 seconds
