# lattice-scale --inv-acoustic-scale=13 "ark:gunzip -c exp/percgncopas5k/chain_s/tdnn1k_sp/decode_test_5g_400k/lat.*.gz|" ark:- | lattice-add-penalty --word-ins-penalty=0.0 ark:- ark:- | lattice-best-path --word-symbol-table=exp/percgncopas5k/chain_s/tree_sp/graph_5g_400k/words.txt ark:- ark,t:exp/percgncopas5k/chain_s/tdnn1k_sp/decode_test_5g_400k/scoring/13.tra 
# Started at Tue Mar 23 10:02:11 CET 2021
#
lattice-best-path --word-symbol-table=exp/percgncopas5k/chain_s/tree_sp/graph_5g_400k/words.txt ark:- ark,t:exp/percgncopas5k/chain_s/tdnn1k_sp/decode_test_5g_400k/scoring/13.tra 
lattice-scale --inv-acoustic-scale=13 'ark:gunzip -c exp/percgncopas5k/chain_s/tdnn1k_sp/decode_test_5g_400k/lat.*.gz|' ark:- 
lattice-add-penalty --word-ins-penalty=0.0 ark:- ark:- 
LOG (lattice-best-path[5.5.569~1-6f329]:main():lattice-best-path.cc:99) For utterance pp33-domotica3_command1, best cost 383.201 + -899.273 = -516.072 over 537 frames.
pp33-domotica3_command1 op stand twee 
LOG (lattice-best-path[5.5.569~1-6f329]:main():lattice-best-path.cc:99) For utterance pp33-domotica3_command10, best cost 362.434 + -828.657 = -466.222 over 506 frames.
pp33-domotica3_command10 hoofdeinde op stand drie 
LOG (lattice-best-path[5.5.569~1-6f329]:main():lattice-best-path.cc:99) For utterance pp33-domotica3_command100, best cost 360.769 + -780.416 = -419.647 over 507 frames.
pp33-domotica3_command100 een 
LOG (lattice-best-path[5.5.569~1-6f329]:main():lattice-best-path.cc:99) For utterance pp33-domotica3_command101, best cost 263.035 + -560.544 = -297.509 over 366 frames.
pp33-domotica3_command101 een 
LOG (lattice-best-path[5.5.569~1-6f329]:main():lattice-best-path.cc:99) For utterance pp33-domotica3_command102, best cost 347.057 + -764.042 = -416.986 over 477 frames.
pp33-domotica3_command102 een een 
LOG (lattice-best-path[5.5.569~1-6f329]:main():lattice-best-path.cc:99) For utterance pp33-domotica3_command103, best cost 394.04 + -947.127 = -553.087 over 555 frames.
pp33-domotica3_command103 een 
LOG (lattice-best-path[5.5.569~1-6f329]:main():lattice-best-path.cc:99) For utterance pp33-domotica3_command104, best cost 368.393 + -855.153 = -486.759 over 518 frames.
pp33-domotica3_command104 een 
LOG (lattice-best-path[5.5.569~1-6f329]:main():lattice-best-path.cc:99) For utterance pp33-domotica3_command105, best cost 355.067 + -820.43 = -465.363 over 503 frames.
pp33-domotica3_command105 
LOG (lattice-best-path[5.5.569~1-6f329]:main():lattice-best-path.cc:99) For utterance pp33-domotica3_command106, best cost 368.393 + -865.764 = -497.371 over 518 frames.
pp33-domotica3_command106 een 
LOG (lattice-best-path[5.5.569~1-6f329]:main():lattice-best-path.cc:99) For utterance pp33-domotica3_command107, best cost 295.663 + -699.227 = -403.565 over 414 frames.
pp33-domotica3_command107 dicht 
LOG (lattice-best-path[5.5.569~1-6f329]:main():lattice-best-path.cc:99) For utterance pp33-domotica3_command108, best cost 267.887 + -622.364 = -354.477 over 373 frames.
pp33-domotica3_command108 een 
LOG (lattice-best-path[5.5.569~1-6f329]:main():lattice-best-path.cc:99) For utterance pp33-domotica3_command109, best cost 348.292 + -824.758 = -476.465 over 489 frames.
pp33-domotica3_command109 een 
LOG (lattice-best-path[5.5.569~1-6f329]:main():lattice-best-path.cc:99) For utterance pp33-domotica3_command11, best cost 408.752 + -1064.01 = -655.258 over 573 frames.
pp33-domotica3_command11 de slaapkamerdeur dicht 
LOG (lattice-best-path[5.5.569~1-6f329]:main():lattice-best-path.cc:99) For utterance pp33-domotica3_command110, best cost 283.171 + -599.3 = -316.13 over 390 frames.
pp33-domotica3_command110 de 
LOG (lattice-best-path[5.5.569~1-6f329]:main():lattice-best-path.cc:99) For utterance pp33-domotica3_command111, best cost 315.714 + -718.759 = -403.045 over 442 frames.
pp33-domotica3_command111 een 
LOG (lattice-best-path[5.5.569~1-6f329]:main():lattice-best-path.cc:99) For utterance pp33-domotica3_command112, best cost 310.013 + -712.513 = -402.5 over 438 frames.
pp33-domotica3_command112 
LOG (lattice-best-path[5.5.569~1-6f329]:main():lattice-best-path.cc:99) For utterance pp33-domotica3_command115, best cost 321.953 + -714.778 = -392.825 over 451 frames.
pp33-domotica3_command115 een 
LOG (lattice-best-path[5.5.569~1-6f329]:main():lattice-best-path.cc:99) For utterance pp33-domotica3_command116, best cost 419.184 + -1037.43 = -618.248 over 582 frames.
pp33-domotica3_command116 de een 
LOG (lattice-best-path[5.5.569~1-6f329]:main():lattice-best-path.cc:99) For utterance pp33-domotica3_command117, best cost 511.875 + -1276.97 = -765.091 over 725 frames.
pp33-domotica3_command117 een 
LOG (lattice-best-path[5.5.569~1-6f329]:main():lattice-best-path.cc:99) For utterance pp33-domotica3_command118, best cost 645.109 + -1448.86 = -803.755 over 907 frames.
pp33-domotica3_command118 aan een 
LOG (lattice-best-path[5.5.569~1-6f329]:main():lattice-best-path.cc:99) For utterance pp33-domotica3_command119, best cost 364.421 + -884.908 = -520.486 over 497 frames.
pp33-domotica3_command119 een de 
LOG (lattice-best-path[5.5.569~1-6f329]:main():lattice-best-path.cc:99) For utterance pp33-domotica3_command13, best cost 335.949 + -803.914 = -467.965 over 470 frames.
pp33-domotica3_command13 deur open 
LOG (lattice-best-path[5.5.569~1-6f329]:main():lattice-best-path.cc:99) For utterance pp33-domotica3_command14, best cost 567.361 + -1399.09 = -831.734 over 800 frames.
pp33-domotica3_command14 de 
LOG (lattice-best-path[5.5.569~1-6f329]:main():lattice-best-path.cc:99) For utterance pp33-domotica3_command15, best cost 358.846 + -831.979 = -473.134 over 501 frames.
pp33-domotica3_command15 de slaapkamerdeur open 
LOG (lattice-best-path[5.5.569~1-6f329]:main():lattice-best-path.cc:99) For utterance pp33-domotica3_command16, best cost 321.446 + -801.072 = -479.626 over 435 frames.
pp33-domotica3_command16 voordeur de 
LOG (lattice-best-path[5.5.569~1-6f329]:main():lattice-best-path.cc:99) For utterance pp33-domotica3_command17, best cost 279.111 + -642.573 = -363.462 over 388 frames.
pp33-domotica3_command17 deur open 
LOG (lattice-best-path[5.5.569~1-6f329]:main():lattice-best-path.cc:99) For utterance pp33-domotica3_command18, best cost 313.027 + -697.803 = -384.776 over 438 frames.
pp33-domotica3_command18 aan 
LOG (lattice-best-path[5.5.569~1-6f329]:main():lattice-best-path.cc:99) For utterance pp33-domotica3_command19, best cost 487.801 + -1116.19 = -628.393 over 687 frames.
pp33-domotica3_command19 hoofdeinde op stand een 
LOG (lattice-best-path[5.5.569~1-6f329]:main():lattice-best-path.cc:99) For utterance pp33-domotica3_command2, best cost 223.268 + -427.887 = -204.618 over 287 frames.
pp33-domotica3_command2 op lampen deur open 
LOG (lattice-best-path[5.5.569~1-6f329]:main():lattice-best-path.cc:99) For utterance pp33-domotica3_command20, best cost 292.399 + -628.019 = -335.62 over 406 frames.
pp33-domotica3_command20 op stand twee 
LOG (lattice-best-path[5.5.569~1-6f329]:main():lattice-best-path.cc:99) For utterance pp33-domotica3_command21, best cost 272.325 + -589.924 = -317.599 over 376 frames.
pp33-domotica3_command21 hoofdeinde op stand drie 
LOG (lattice-best-path[5.5.569~1-6f329]:main():lattice-best-path.cc:99) For utterance pp33-domotica3_command22, best cost 422.54 + -1029.79 = -607.252 over 595 frames.
pp33-domotica3_command22 slaapkamerdeur dicht 
LOG (lattice-best-path[5.5.569~1-6f329]:main():lattice-best-path.cc:99) For utterance pp33-domotica3_command23, best cost 289.531 + -666.583 = -377.052 over 401 frames.
pp33-domotica3_command23 de slaapkamerdeur open 
LOG (lattice-best-path[5.5.569~1-6f329]:main():lattice-best-path.cc:99) For utterance pp33-domotica3_command24, best cost 429.546 + -1064.72 = -635.171 over 603 frames.
pp33-domotica3_command24 de slaapkamerdeur open 
LOG (lattice-best-path[5.5.569~1-6f329]:main():lattice-best-path.cc:99) For utterance pp33-domotica3_command25, best cost 360.925 + -872.355 = -511.43 over 504 frames.
pp33-domotica3_command25 de slaapkamerdeur open 
LOG (lattice-best-path[5.5.569~1-6f329]:main():lattice-best-path.cc:99) For utterance pp33-domotica3_command26, best cost 255.095 + -620.225 = -365.13 over 342 frames.
pp33-domotica3_command26 alle lampen voordeur dicht 
LOG (lattice-best-path[5.5.569~1-6f329]:main():lattice-best-path.cc:99) For utterance pp33-domotica3_command27, best cost 291.839 + -681.825 = -389.986 over 385 frames.
pp33-domotica3_command27 een deur open een 
LOG (lattice-best-path[5.5.569~1-6f329]:main():lattice-best-path.cc:99) For utterance pp33-domotica3_command28, best cost 314.56 + -760.355 = -445.795 over 439 frames.
pp33-domotica3_command28 lampen uit 
LOG (lattice-best-path[5.5.569~1-6f329]:main():lattice-best-path.cc:99) For utterance pp33-domotica3_command29, best cost 373.404 + -849.176 = -475.771 over 523 frames.
pp33-domotica3_command29 op stand een 
LOG (lattice-best-path[5.5.569~1-6f329]:main():lattice-best-path.cc:99) For utterance pp33-domotica3_command30, best cost 363.127 + -790.319 = -427.192 over 507 frames.
pp33-domotica3_command30 hoofdeinde op stand twee 
LOG (lattice-best-path[5.5.569~1-6f329]:main():lattice-best-path.cc:99) For utterance pp33-domotica3_command31, best cost 303.517 + -637.448 = -333.931 over 421 frames.
pp33-domotica3_command31 hoofdeinde op stand drie 
LOG (lattice-best-path[5.5.569~1-6f329]:main():lattice-best-path.cc:99) For utterance pp33-domotica3_command32, best cost 400.012 + -895.357 = -495.345 over 544 frames.
pp33-domotica3_command32 lampen de drie 
LOG (lattice-best-path[5.5.569~1-6f329]:main():lattice-best-path.cc:99) For utterance pp33-domotica3_command33, best cost 468.395 + -1118.12 = -649.724 over 653 frames.
pp33-domotica3_command33 slaapkamerdeur een 
LOG (lattice-best-path[5.5.569~1-6f329]:main():lattice-best-path.cc:99) For utterance pp33-domotica3_command34, best cost 486.228 + -1154.27 = -668.042 over 688 frames.
pp33-domotica3_command34 een 
LOG (lattice-best-path[5.5.569~1-6f329]:main():lattice-best-path.cc:99) For utterance pp33-domotica3_command35, best cost 337.388 + -784.983 = -447.595 over 470 frames.
pp33-domotica3_command35 hoofdeinde op stand een 
LOG (lattice-best-path[5.5.569~1-6f329]:main():lattice-best-path.cc:99) For utterance pp33-domotica3_command36, best cost 328.472 + -756.443 = -427.971 over 449 frames.
pp33-domotica3_command36 voordeur stand een 
LOG (lattice-best-path[5.5.569~1-6f329]:main():lattice-best-path.cc:99) For utterance pp33-domotica3_command37, best cost 262.736 + -605.683 = -342.948 over 347 frames.
pp33-domotica3_command37 een de open 
LOG (lattice-best-path[5.5.569~1-6f329]:main():lattice-best-path.cc:99) For utterance pp33-domotica3_command38, best cost 318.331 + -740.676 = -422.345 over 450 frames.
pp33-domotica3_command38 
LOG (lattice-best-path[5.5.569~1-6f329]:main():lattice-best-path.cc:99) For utterance pp33-domotica3_command39, best cost 407.395 + -942.383 = -534.988 over 571 frames.
pp33-domotica3_command39 hoofdeinde op stand een 
LOG (lattice-best-path[5.5.569~1-6f329]:main():lattice-best-path.cc:99) For utterance pp33-domotica3_command4, best cost 299.212 + -642.33 = -343.118 over 417 frames.
pp33-domotica3_command4 deur open 
LOG (lattice-best-path[5.5.569~1-6f329]:main():lattice-best-path.cc:99) For utterance pp33-domotica3_command40, best cost 315.3 + -692.365 = -377.065 over 438 frames.
pp33-domotica3_command40 hoofdeinde op stand twee 
LOG (lattice-best-path[5.5.569~1-6f329]:main():lattice-best-path.cc:99) For utterance pp33-domotica3_command41, best cost 313.914 + -703.004 = -389.09 over 436 frames.
pp33-domotica3_command41 hoofdeinde op stand drie 
LOG (lattice-best-path[5.5.569~1-6f329]:main():lattice-best-path.cc:99) For utterance pp33-domotica3_command42, best cost 365.009 + -855.458 = -490.449 over 512 frames.
pp33-domotica3_command42 slaapkamerdeur dicht 
LOG (lattice-best-path[5.5.569~1-6f329]:main():lattice-best-path.cc:99) For utterance pp33-domotica3_command44, best cost 347.402 + -728.531 = -381.128 over 464 frames.
pp33-domotica3_command44 de slaapkamerdeur deur open een 
LOG (lattice-best-path[5.5.569~1-6f329]:main():lattice-best-path.cc:99) For utterance pp33-domotica3_command45, best cost 419.842 + -980.581 = -560.738 over 589 frames.
pp33-domotica3_command45 de slaapkamerdeur open 
LOG (lattice-best-path[5.5.569~1-6f329]:main():lattice-best-path.cc:99) For utterance pp33-domotica3_command46, best cost 349.067 + -795.965 = -446.899 over 489 frames.
pp33-domotica3_command46 slaapkamerdeur open 
LOG (lattice-best-path[5.5.569~1-6f329]:main():lattice-best-path.cc:99) For utterance pp33-domotica3_command47, best cost 319.314 + -789.648 = -470.334 over 446 frames.
pp33-domotica3_command47 voordeur dicht 
LOG (lattice-best-path[5.5.569~1-6f329]:main():lattice-best-path.cc:99) For utterance pp33-domotica3_command48, best cost 289.505 + -678.135 = -388.63 over 403 frames.
pp33-domotica3_command48 stand een 
LOG (lattice-best-path[5.5.569~1-6f329]:main():lattice-best-path.cc:99) For utterance pp33-domotica3_command49, best cost 253.481 + -542.471 = -288.99 over 342 frames.
pp33-domotica3_command49 lampen een 
LOG (lattice-best-path[5.5.569~1-6f329]:main():lattice-best-path.cc:99) For utterance pp33-domotica3_command5, best cost 222.174 + -506.496 = -284.322 over 302 frames.
pp33-domotica3_command5 de 
LOG (lattice-best-path[5.5.569~1-6f329]:main():lattice-best-path.cc:99) For utterance pp33-domotica3_command50, best cost 259.619 + -520.92 = -261.301 over 362 frames.
pp33-domotica3_command50 open 
LOG (lattice-best-path[5.5.569~1-6f329]:main():lattice-best-path.cc:99) For utterance pp33-domotica3_command51, best cost 281.984 + -579.571 = -297.587 over 383 frames.
pp33-domotica3_command51 open twee 
LOG (lattice-best-path[5.5.569~1-6f329]:main():lattice-best-path.cc:99) For utterance pp33-domotica3_command52, best cost 238.358 + -477.509 = -239.152 over 321 frames.
pp33-domotica3_command52 de drie 
LOG (lattice-best-path[5.5.569~1-6f329]:main():lattice-best-path.cc:99) For utterance pp33-domotica3_command53, best cost 331.12 + -779.933 = -448.814 over 461 frames.
pp33-domotica3_command53 de slaapkamerdeur dicht 
LOG (lattice-best-path[5.5.569~1-6f329]:main():lattice-best-path.cc:99) For utterance pp33-domotica3_command54, best cost 232.22 + -423.967 = -191.747 over 309 frames.
pp33-domotica3_command54 alle lampen deur open 
LOG (lattice-best-path[5.5.569~1-6f329]:main():lattice-best-path.cc:99) For utterance pp33-domotica3_command55, best cost 353.3 + -767.826 = -414.526 over 493 frames.
pp33-domotica3_command55 de slaapkamerdeur open 
LOG (lattice-best-path[5.5.569~1-6f329]:main():lattice-best-path.cc:99) For utterance pp33-domotica3_command56, best cost 249.016 + -515.5 = -266.484 over 350 frames.
pp33-domotica3_command56 
LOG (lattice-best-path[5.5.569~1-6f329]:main():lattice-best-path.cc:99) For utterance pp33-domotica3_command57, best cost 229.205 + -520.664 = -291.459 over 316 frames.
pp33-domotica3_command57 voordeur dicht 
LOG (lattice-best-path[5.5.569~1-6f329]:main():lattice-best-path.cc:99) For utterance pp33-domotica3_command58, best cost 232.822 + -491.085 = -258.264 over 311 frames.
pp33-domotica3_command58 een deur open 
LOG (lattice-best-path[5.5.569~1-6f329]:main():lattice-best-path.cc:99) For utterance pp33-domotica3_command59, best cost 281.533 + -626.524 = -344.99 over 380 frames.
pp33-domotica3_command59 een alle lampen uit 
LOG (lattice-best-path[5.5.569~1-6f329]:main():lattice-best-path.cc:99) For utterance pp33-domotica3_command60, best cost 358.126 + -799.545 = -441.419 over 502 frames.
pp33-domotica3_command60 stand een 
LOG (lattice-best-path[5.5.569~1-6f329]:main():lattice-best-path.cc:99) For utterance pp33-domotica3_command61, best cost 237.612 + -449.867 = -212.255 over 328 frames.
pp33-domotica3_command61 stand twee 
LOG (lattice-best-path[5.5.569~1-6f329]:main():lattice-best-path.cc:99) For utterance pp33-domotica3_command62, best cost 278.379 + -600.564 = -322.185 over 389 frames.
pp33-domotica3_command62 uit 
LOG (lattice-best-path[5.5.569~1-6f329]:main():lattice-best-path.cc:99) For utterance pp33-domotica3_command63, best cost 263.861 + -601.587 = -337.726 over 366 frames.
pp33-domotica3_command63 deur open 
LOG (lattice-best-path[5.5.569~1-6f329]:main():lattice-best-path.cc:99) For utterance pp33-domotica3_command64, best cost 261.259 + -525.963 = -264.704 over 343 frames.
pp33-domotica3_command64 een deur een 
LOG (lattice-best-path[5.5.569~1-6f329]:main():lattice-best-path.cc:99) For utterance pp33-domotica3_command65, best cost 295.076 + -646.708 = -351.632 over 409 frames.
pp33-domotica3_command65 de slaapkamerdeur open 
LOG (lattice-best-path[5.5.569~1-6f329]:main():lattice-best-path.cc:99) For utterance pp33-domotica3_command66, best cost 217.672 + -431 = -213.328 over 289 frames.
pp33-domotica3_command66 een lampen uit 
LOG (lattice-best-path[5.5.569~1-6f329]:main():lattice-best-path.cc:99) For utterance pp33-domotica3_command67, best cost 219.367 + -484.321 = -264.954 over 303 frames.
pp33-domotica3_command67 een 
LOG (lattice-best-path[5.5.569~1-6f329]:main():lattice-best-path.cc:99) For utterance pp33-domotica3_command68, best cost 231.977 + -523.093 = -291.116 over 320 frames.
pp33-domotica3_command68 deur open 
LOG (lattice-best-path[5.5.569~1-6f329]:main():lattice-best-path.cc:99) For utterance pp33-domotica3_command69, best cost 282.959 + -597.377 = -314.418 over 383 frames.
pp33-domotica3_command69 de alle lampen uit 
LOG (lattice-best-path[5.5.569~1-6f329]:main():lattice-best-path.cc:99) For utterance pp33-domotica3_command7, best cost 366.5 + -829.463 = -462.963 over 512 frames.
pp33-domotica3_command7 hoofdeinde op stand een 
LOG (lattice-best-path[5.5.569~1-6f329]:main():lattice-best-path.cc:99) For utterance pp33-domotica3_command70, best cost 334.429 + -702.454 = -368.024 over 469 frames.
pp33-domotica3_command70 een 
LOG (lattice-best-path[5.5.569~1-6f329]:main():lattice-best-path.cc:99) For utterance pp33-domotica3_command71, best cost 245.707 + -490.658 = -244.951 over 341 frames.
pp33-domotica3_command71 een 
LOG (lattice-best-path[5.5.569~1-6f329]:main():lattice-best-path.cc:99) For utterance pp33-domotica3_command72, best cost 235.31 + -472.274 = -236.964 over 326 frames.
pp33-domotica3_command72 een 
LOG (lattice-best-path[5.5.569~1-6f329]:main():lattice-best-path.cc:99) For utterance pp33-domotica3_command73, best cost 335.972 + -757.057 = -421.085 over 468 frames.
pp33-domotica3_command73 de slaapkamerdeur dicht 
LOG (lattice-best-path[5.5.569~1-6f329]:main():lattice-best-path.cc:99) For utterance pp33-domotica3_command74, best cost 243.067 + -478.472 = -235.404 over 336 frames.
pp33-domotica3_command74 deur open 
LOG (lattice-best-path[5.5.569~1-6f329]:main():lattice-best-path.cc:99) For utterance pp33-domotica3_command75, best cost 263.812 + -529.857 = -266.045 over 367 frames.
pp33-domotica3_command75 drie 
LOG (lattice-best-path[5.5.569~1-6f329]:main():lattice-best-path.cc:99) For utterance pp33-domotica3_command76, best cost 257.029 + -578.632 = -321.603 over 356 frames.
pp33-domotica3_command76 lampen uit 
LOG (lattice-best-path[5.5.569~1-6f329]:main():lattice-best-path.cc:99) For utterance pp33-domotica3_command77, best cost 321.394 + -762.749 = -441.355 over 449 frames.
pp33-domotica3_command77 voordeur dicht 
LOG (lattice-best-path[5.5.569~1-6f329]:main():lattice-best-path.cc:99) For utterance pp33-domotica3_command78, best cost 232.77 + -515.872 = -283.102 over 310 frames.
pp33-domotica3_command78 deur open een 
LOG (lattice-best-path[5.5.569~1-6f329]:main():lattice-best-path.cc:99) For utterance pp33-domotica3_command79, best cost 327.498 + -776.906 = -449.408 over 459 frames.
pp33-domotica3_command79 een 
LOG (lattice-best-path[5.5.569~1-6f329]:main():lattice-best-path.cc:99) For utterance pp33-domotica3_command8, best cost 464.097 + -1113.53 = -649.433 over 657 frames.
pp33-domotica3_command8 open 
LOG (lattice-best-path[5.5.569~1-6f329]:main():lattice-best-path.cc:99) For utterance pp33-domotica3_command80, best cost 317.794 + -655.736 = -337.942 over 445 frames.
pp33-domotica3_command80 een 
LOG (lattice-best-path[5.5.569~1-6f329]:main():lattice-best-path.cc:99) For utterance pp33-domotica3_command81, best cost 248.881 + -485.725 = -236.844 over 333 frames.
pp33-domotica3_command81 een op stand twee 
LOG (lattice-best-path[5.5.569~1-6f329]:main():lattice-best-path.cc:99) For utterance pp33-domotica3_command82, best cost 231.974 + -456.079 = -224.105 over 320 frames.
pp33-domotica3_command82 stand een 
LOG (lattice-best-path[5.5.569~1-6f329]:main():lattice-best-path.cc:99) For utterance pp33-domotica3_command83, best cost 268.998 + -627.155 = -358.157 over 351 frames.
pp33-domotica3_command83 de de de 
LOG (lattice-best-path[5.5.569~1-6f329]:main():lattice-best-path.cc:99) For utterance pp33-domotica3_command84, best cost 303.471 + -716.48 = -413.009 over 412 frames.
pp33-domotica3_command84 deur open een 
LOG (lattice-best-path[5.5.569~1-6f329]:main():lattice-best-path.cc:99) For utterance pp33-domotica3_command85, best cost 298.71 + -675.057 = -376.347 over 415 frames.
pp33-domotica3_command85 alle lampen uit 
LOG (lattice-best-path[5.5.569~1-6f329]:main():lattice-best-path.cc:99) For utterance pp33-domotica3_command86, best cost 333.043 + -762.404 = -429.361 over 467 frames.
pp33-domotica3_command86 een 
LOG (lattice-best-path[5.5.569~1-6f329]:main():lattice-best-path.cc:99) For utterance pp33-domotica3_command87, best cost 236.83 + -534.1 = -297.271 over 327 frames.
pp33-domotica3_command87 voordeur dicht 
LOG (lattice-best-path[5.5.569~1-6f329]:main():lattice-best-path.cc:99) For utterance pp33-domotica3_command88, best cost 241.789 + -535.102 = -293.314 over 327 frames.
pp33-domotica3_command88 de open 
LOG (lattice-best-path[5.5.569~1-6f329]:main():lattice-best-path.cc:99) For utterance pp33-domotica3_command89, best cost 317.843 + -710.284 = -392.441 over 446 frames.
pp33-domotica3_command89 open 
LOG (lattice-best-path[5.5.569~1-6f329]:main():lattice-best-path.cc:99) For utterance pp33-domotica3_command9, best cost 373.62 + -878.669 = -505.049 over 514 frames.
pp33-domotica3_command9 voordeur stand twee 
LOG (lattice-best-path[5.5.569~1-6f329]:main():lattice-best-path.cc:99) For utterance pp33-domotica3_command90, best cost 335.816 + -687.543 = -351.727 over 471 frames.
pp33-domotica3_command90 een 
LOG (lattice-best-path[5.5.569~1-6f329]:main():lattice-best-path.cc:99) For utterance pp33-domotica3_command91, best cost 210.486 + -403.956 = -193.47 over 289 frames.
pp33-domotica3_command91 stand een 
LOG (lattice-best-path[5.5.569~1-6f329]:main():lattice-best-path.cc:99) For utterance pp33-domotica3_command92, best cost 227.685 + -450.657 = -222.972 over 315 frames.
pp33-domotica3_command92 een 
LOG (lattice-best-path[5.5.569~1-6f329]:main():lattice-best-path.cc:99) For utterance pp33-domotica3_command93, best cost 319.336 + -759.48 = -440.144 over 444 frames.
pp33-domotica3_command93 de slaapkamerdeur dicht 
LOG (lattice-best-path[5.5.569~1-6f329]:main():lattice-best-path.cc:99) For utterance pp33-domotica3_command94, best cost 283.981 + -621.097 = -337.115 over 386 frames.
pp33-domotica3_command94 een een 
LOG (lattice-best-path[5.5.569~1-6f329]:main():lattice-best-path.cc:99) For utterance pp33-domotica3_command95, best cost 314.328 + -706.496 = -392.167 over 440 frames.
pp33-domotica3_command95 een 
LOG (lattice-scale[5.5.569~1-6f329]:main():lattice-scale.cc:107) Done 113 lattices.
LOG (lattice-best-path[5.5.569~1-6f329]:main():lattice-best-path.cc:99) For utterance pp33-domotica3_command96, best cost 252.482 + -533.259 = -280.778 over 355 frames.
pp33-domotica3_command96 
LOG (lattice-best-path[5.5.569~1-6f329]:main():lattice-best-path.cc:99) For utterance pp33-domotica3_command97, best cost 272.789 + -653.474 = -380.685 over 381 frames.
pp33-domotica3_command97 dicht 
LOG (lattice-best-path[5.5.569~1-6f329]:main():lattice-best-path.cc:99) For utterance pp33-domotica3_command98, best cost 331.941 + -763.992 = -432.05 over 454 frames.
pp33-domotica3_command98 een deur open 
LOG (lattice-best-path[5.5.569~1-6f329]:main():lattice-best-path.cc:99) For utterance pp33-domotica3_command99, best cost 234.666 + -498.64 = -263.974 over 326 frames.
pp33-domotica3_command99 open 
LOG (lattice-add-penalty[5.5.569~1-6f329]:main():lattice-add-penalty.cc:62) Done adding word insertion penalty to 113 lattices.
LOG (lattice-best-path[5.5.569~1-6f329]:main():lattice-best-path.cc:124) Overall cost per frame is -0.907594 = 0.721301 [graph] + -1.6289 [acoustic] over 49872 frames.
LOG (lattice-best-path[5.5.569~1-6f329]:main():lattice-best-path.cc:128) Done 113 lattices, failed for 0
# Accounting: time=0 threads=1
# Ended (code 0) at Tue Mar 23 10:02:11 CET 2021, elapsed time 0 seconds
