# lattice-scale --inv-acoustic-scale=14 "ark:gunzip -c exp/percgncopas5k/chain_s/tdnn1k_sp/decode_test_5g_400k/lat.*.gz|" ark:- | lattice-add-penalty --word-ins-penalty=0.0 ark:- ark:- | lattice-best-path --word-symbol-table=exp/percgncopas5k/chain_s/tree_sp/graph_5g_400k/words.txt ark:- ark,t:exp/percgncopas5k/chain_s/tdnn1k_sp/decode_test_5g_400k/scoring/14.tra 
# Started at Tue Mar 23 10:02:11 CET 2021
#
lattice-best-path --word-symbol-table=exp/percgncopas5k/chain_s/tree_sp/graph_5g_400k/words.txt ark:- ark,t:exp/percgncopas5k/chain_s/tdnn1k_sp/decode_test_5g_400k/scoring/14.tra 
lattice-add-penalty --word-ins-penalty=0.0 ark:- ark:- 
lattice-scale --inv-acoustic-scale=14 'ark:gunzip -c exp/percgncopas5k/chain_s/tdnn1k_sp/decode_test_5g_400k/lat.*.gz|' ark:- 
LOG (lattice-best-path[5.5.569~1-6f329]:main():lattice-best-path.cc:99) For utterance pp33-domotica3_command1, best cost 383.201 + -835.04 = -451.838 over 537 frames.
pp33-domotica3_command1 op stand twee 
LOG (lattice-best-path[5.5.569~1-6f329]:main():lattice-best-path.cc:99) For utterance pp33-domotica3_command10, best cost 362.434 + -769.467 = -407.033 over 506 frames.
pp33-domotica3_command10 hoofdeinde op stand drie 
LOG (lattice-best-path[5.5.569~1-6f329]:main():lattice-best-path.cc:99) For utterance pp33-domotica3_command100, best cost 360.769 + -724.672 = -363.903 over 507 frames.
pp33-domotica3_command100 een 
LOG (lattice-best-path[5.5.569~1-6f329]:main():lattice-best-path.cc:99) For utterance pp33-domotica3_command101, best cost 263.035 + -520.505 = -257.47 over 366 frames.
pp33-domotica3_command101 een 
LOG (lattice-best-path[5.5.569~1-6f329]:main():lattice-best-path.cc:99) For utterance pp33-domotica3_command102, best cost 347.057 + -709.468 = -362.411 over 477 frames.
pp33-domotica3_command102 een een 
LOG (lattice-best-path[5.5.569~1-6f329]:main():lattice-best-path.cc:99) For utterance pp33-domotica3_command103, best cost 394.04 + -879.475 = -485.435 over 555 frames.
pp33-domotica3_command103 een 
LOG (lattice-best-path[5.5.569~1-6f329]:main():lattice-best-path.cc:99) For utterance pp33-domotica3_command104, best cost 368.393 + -794.07 = -425.677 over 518 frames.
pp33-domotica3_command104 een 
LOG (lattice-best-path[5.5.569~1-6f329]:main():lattice-best-path.cc:99) For utterance pp33-domotica3_command105, best cost 355.067 + -761.828 = -406.76 over 503 frames.
pp33-domotica3_command105 
LOG (lattice-best-path[5.5.569~1-6f329]:main():lattice-best-path.cc:99) For utterance pp33-domotica3_command106, best cost 368.393 + -803.924 = -435.531 over 518 frames.
pp33-domotica3_command106 een 
LOG (lattice-best-path[5.5.569~1-6f329]:main():lattice-best-path.cc:99) For utterance pp33-domotica3_command107, best cost 295.663 + -649.283 = -353.62 over 414 frames.
pp33-domotica3_command107 dicht 
LOG (lattice-best-path[5.5.569~1-6f329]:main():lattice-best-path.cc:99) For utterance pp33-domotica3_command108, best cost 267.887 + -577.91 = -310.022 over 373 frames.
pp33-domotica3_command108 een 
LOG (lattice-best-path[5.5.569~1-6f329]:main():lattice-best-path.cc:99) For utterance pp33-domotica3_command109, best cost 348.292 + -765.846 = -417.554 over 489 frames.
pp33-domotica3_command109 een 
LOG (lattice-best-path[5.5.569~1-6f329]:main():lattice-best-path.cc:99) For utterance pp33-domotica3_command11, best cost 408.752 + -988.01 = -579.258 over 573 frames.
pp33-domotica3_command11 de slaapkamerdeur dicht 
LOG (lattice-best-path[5.5.569~1-6f329]:main():lattice-best-path.cc:99) For utterance pp33-domotica3_command110, best cost 283.171 + -556.493 = -273.322 over 390 frames.
pp33-domotica3_command110 de 
LOG (lattice-best-path[5.5.569~1-6f329]:main():lattice-best-path.cc:99) For utterance pp33-domotica3_command111, best cost 315.714 + -667.419 = -351.705 over 442 frames.
pp33-domotica3_command111 een 
LOG (lattice-best-path[5.5.569~1-6f329]:main():lattice-best-path.cc:99) For utterance pp33-domotica3_command112, best cost 310.013 + -661.619 = -351.606 over 438 frames.
pp33-domotica3_command112 
LOG (lattice-best-path[5.5.569~1-6f329]:main():lattice-best-path.cc:99) For utterance pp33-domotica3_command115, best cost 321.953 + -663.722 = -341.769 over 451 frames.
pp33-domotica3_command115 een 
LOG (lattice-best-path[5.5.569~1-6f329]:main():lattice-best-path.cc:99) For utterance pp33-domotica3_command116, best cost 419.184 + -963.329 = -544.146 over 582 frames.
pp33-domotica3_command116 de een 
LOG (lattice-best-path[5.5.569~1-6f329]:main():lattice-best-path.cc:99) For utterance pp33-domotica3_command117, best cost 511.875 + -1185.75 = -673.879 over 725 frames.
pp33-domotica3_command117 een 
LOG (lattice-best-path[5.5.569~1-6f329]:main():lattice-best-path.cc:99) For utterance pp33-domotica3_command118, best cost 645.109 + -1345.37 = -700.264 over 907 frames.
pp33-domotica3_command118 aan een 
LOG (lattice-best-path[5.5.569~1-6f329]:main():lattice-best-path.cc:99) For utterance pp33-domotica3_command119, best cost 364.421 + -821.7 = -457.279 over 497 frames.
pp33-domotica3_command119 een de 
LOG (lattice-best-path[5.5.569~1-6f329]:main():lattice-best-path.cc:99) For utterance pp33-domotica3_command13, best cost 335.949 + -746.491 = -410.542 over 470 frames.
pp33-domotica3_command13 deur open 
LOG (lattice-best-path[5.5.569~1-6f329]:main():lattice-best-path.cc:99) For utterance pp33-domotica3_command14, best cost 567.361 + -1299.16 = -731.799 over 800 frames.
pp33-domotica3_command14 de 
LOG (lattice-best-path[5.5.569~1-6f329]:main():lattice-best-path.cc:99) For utterance pp33-domotica3_command15, best cost 358.846 + -772.552 = -413.707 over 501 frames.
pp33-domotica3_command15 de slaapkamerdeur open 
LOG (lattice-best-path[5.5.569~1-6f329]:main():lattice-best-path.cc:99) For utterance pp33-domotica3_command16, best cost 311.69 + -734.405 = -422.716 over 435 frames.
pp33-domotica3_command16 voordeur dicht 
LOG (lattice-best-path[5.5.569~1-6f329]:main():lattice-best-path.cc:99) For utterance pp33-domotica3_command17, best cost 279.111 + -596.675 = -317.564 over 388 frames.
pp33-domotica3_command17 deur open 
LOG (lattice-best-path[5.5.569~1-6f329]:main():lattice-best-path.cc:99) For utterance pp33-domotica3_command18, best cost 313.027 + -647.96 = -334.933 over 438 frames.
pp33-domotica3_command18 aan 
LOG (lattice-best-path[5.5.569~1-6f329]:main():lattice-best-path.cc:99) For utterance pp33-domotica3_command19, best cost 487.801 + -1036.47 = -548.665 over 687 frames.
pp33-domotica3_command19 hoofdeinde op stand een 
LOG (lattice-best-path[5.5.569~1-6f329]:main():lattice-best-path.cc:99) For utterance pp33-domotica3_command2, best cost 223.268 + -397.323 = -174.055 over 287 frames.
pp33-domotica3_command2 op lampen deur open 
LOG (lattice-best-path[5.5.569~1-6f329]:main():lattice-best-path.cc:99) For utterance pp33-domotica3_command20, best cost 292.399 + -583.161 = -290.762 over 406 frames.
pp33-domotica3_command20 op stand twee 
LOG (lattice-best-path[5.5.569~1-6f329]:main():lattice-best-path.cc:99) For utterance pp33-domotica3_command21, best cost 272.325 + -547.787 = -275.461 over 376 frames.
pp33-domotica3_command21 hoofdeinde op stand drie 
LOG (lattice-best-path[5.5.569~1-6f329]:main():lattice-best-path.cc:99) For utterance pp33-domotica3_command22, best cost 422.54 + -956.236 = -533.696 over 595 frames.
pp33-domotica3_command22 slaapkamerdeur dicht 
LOG (lattice-best-path[5.5.569~1-6f329]:main():lattice-best-path.cc:99) For utterance pp33-domotica3_command23, best cost 289.531 + -618.97 = -329.439 over 401 frames.
pp33-domotica3_command23 de slaapkamerdeur open 
LOG (lattice-best-path[5.5.569~1-6f329]:main():lattice-best-path.cc:99) For utterance pp33-domotica3_command24, best cost 429.546 + -988.666 = -559.12 over 603 frames.
pp33-domotica3_command24 de slaapkamerdeur open 
LOG (lattice-best-path[5.5.569~1-6f329]:main():lattice-best-path.cc:99) For utterance pp33-domotica3_command25, best cost 360.925 + -810.044 = -449.119 over 504 frames.
pp33-domotica3_command25 de slaapkamerdeur open 
LOG (lattice-best-path[5.5.569~1-6f329]:main():lattice-best-path.cc:99) For utterance pp33-domotica3_command26, best cost 255.095 + -575.924 = -320.828 over 342 frames.
pp33-domotica3_command26 alle lampen voordeur dicht 
LOG (lattice-best-path[5.5.569~1-6f329]:main():lattice-best-path.cc:99) For utterance pp33-domotica3_command27, best cost 284.755 + -626.315 = -341.56 over 385 frames.
pp33-domotica3_command27 deur open een 
LOG (lattice-best-path[5.5.569~1-6f329]:main():lattice-best-path.cc:99) For utterance pp33-domotica3_command28, best cost 314.56 + -706.044 = -391.484 over 439 frames.
pp33-domotica3_command28 lampen uit 
LOG (lattice-best-path[5.5.569~1-6f329]:main():lattice-best-path.cc:99) For utterance pp33-domotica3_command29, best cost 373.404 + -788.52 = -415.116 over 523 frames.
pp33-domotica3_command29 op stand een 
LOG (lattice-best-path[5.5.569~1-6f329]:main():lattice-best-path.cc:99) For utterance pp33-domotica3_command30, best cost 363.127 + -733.868 = -370.741 over 507 frames.
pp33-domotica3_command30 hoofdeinde op stand twee 
LOG (lattice-best-path[5.5.569~1-6f329]:main():lattice-best-path.cc:99) For utterance pp33-domotica3_command31, best cost 303.517 + -591.916 = -288.399 over 421 frames.
pp33-domotica3_command31 hoofdeinde op stand drie 
LOG (lattice-best-path[5.5.569~1-6f329]:main():lattice-best-path.cc:99) For utterance pp33-domotica3_command32, best cost 400.012 + -831.403 = -431.391 over 544 frames.
pp33-domotica3_command32 lampen de drie 
LOG (lattice-best-path[5.5.569~1-6f329]:main():lattice-best-path.cc:99) For utterance pp33-domotica3_command33, best cost 468.395 + -1038.25 = -569.858 over 653 frames.
pp33-domotica3_command33 slaapkamerdeur een 
LOG (lattice-best-path[5.5.569~1-6f329]:main():lattice-best-path.cc:99) For utterance pp33-domotica3_command34, best cost 486.228 + -1071.82 = -585.594 over 688 frames.
pp33-domotica3_command34 een 
LOG (lattice-best-path[5.5.569~1-6f329]:main():lattice-best-path.cc:99) For utterance pp33-domotica3_command35, best cost 337.388 + -728.913 = -391.525 over 470 frames.
pp33-domotica3_command35 hoofdeinde op stand een 
LOG (lattice-best-path[5.5.569~1-6f329]:main():lattice-best-path.cc:99) For utterance pp33-domotica3_command36, best cost 328.472 + -702.411 = -373.939 over 449 frames.
pp33-domotica3_command36 voordeur stand een 
LOG (lattice-best-path[5.5.569~1-6f329]:main():lattice-best-path.cc:99) For utterance pp33-domotica3_command37, best cost 255.652 + -555.437 = -299.786 over 347 frames.
pp33-domotica3_command37 de open 
LOG (lattice-best-path[5.5.569~1-6f329]:main():lattice-best-path.cc:99) For utterance pp33-domotica3_command38, best cost 318.331 + -687.771 = -369.44 over 450 frames.
pp33-domotica3_command38 
LOG (lattice-best-path[5.5.569~1-6f329]:main():lattice-best-path.cc:99) For utterance pp33-domotica3_command39, best cost 407.395 + -875.07 = -467.675 over 571 frames.
pp33-domotica3_command39 hoofdeinde op stand een 
LOG (lattice-best-path[5.5.569~1-6f329]:main():lattice-best-path.cc:99) For utterance pp33-domotica3_command4, best cost 299.212 + -596.449 = -297.237 over 417 frames.
pp33-domotica3_command4 deur open 
LOG (lattice-best-path[5.5.569~1-6f329]:main():lattice-best-path.cc:99) For utterance pp33-domotica3_command40, best cost 315.3 + -642.911 = -327.61 over 438 frames.
pp33-domotica3_command40 hoofdeinde op stand twee 
LOG (lattice-best-path[5.5.569~1-6f329]:main():lattice-best-path.cc:99) For utterance pp33-domotica3_command41, best cost 313.914 + -652.789 = -338.875 over 436 frames.
pp33-domotica3_command41 hoofdeinde op stand drie 
LOG (lattice-best-path[5.5.569~1-6f329]:main():lattice-best-path.cc:99) For utterance pp33-domotica3_command42, best cost 365.009 + -794.354 = -429.345 over 512 frames.
pp33-domotica3_command42 slaapkamerdeur dicht 
LOG (lattice-best-path[5.5.569~1-6f329]:main():lattice-best-path.cc:99) For utterance pp33-domotica3_command44, best cost 347.402 + -676.493 = -329.09 over 464 frames.
pp33-domotica3_command44 de slaapkamerdeur deur open een 
LOG (lattice-best-path[5.5.569~1-6f329]:main():lattice-best-path.cc:99) For utterance pp33-domotica3_command45, best cost 419.842 + -910.539 = -490.697 over 589 frames.
pp33-domotica3_command45 de slaapkamerdeur open 
LOG (lattice-best-path[5.5.569~1-6f329]:main():lattice-best-path.cc:99) For utterance pp33-domotica3_command46, best cost 349.067 + -739.111 = -390.044 over 489 frames.
pp33-domotica3_command46 slaapkamerdeur open 
LOG (lattice-best-path[5.5.569~1-6f329]:main():lattice-best-path.cc:99) For utterance pp33-domotica3_command47, best cost 319.314 + -733.245 = -413.931 over 446 frames.
pp33-domotica3_command47 voordeur dicht 
LOG (lattice-best-path[5.5.569~1-6f329]:main():lattice-best-path.cc:99) For utterance pp33-domotica3_command48, best cost 289.505 + -629.697 = -340.192 over 403 frames.
pp33-domotica3_command48 stand een 
LOG (lattice-best-path[5.5.569~1-6f329]:main():lattice-best-path.cc:99) For utterance pp33-domotica3_command49, best cost 253.481 + -503.723 = -250.242 over 342 frames.
pp33-domotica3_command49 lampen een 
LOG (lattice-best-path[5.5.569~1-6f329]:main():lattice-best-path.cc:99) For utterance pp33-domotica3_command5, best cost 222.174 + -470.318 = -248.144 over 302 frames.
pp33-domotica3_command5 de 
LOG (lattice-best-path[5.5.569~1-6f329]:main():lattice-best-path.cc:99) For utterance pp33-domotica3_command50, best cost 259.619 + -483.712 = -224.092 over 362 frames.
pp33-domotica3_command50 open 
LOG (lattice-best-path[5.5.569~1-6f329]:main():lattice-best-path.cc:99) For utterance pp33-domotica3_command51, best cost 281.984 + -538.173 = -256.189 over 383 frames.
pp33-domotica3_command51 open twee 
LOG (lattice-best-path[5.5.569~1-6f329]:main():lattice-best-path.cc:99) For utterance pp33-domotica3_command52, best cost 238.358 + -443.401 = -205.044 over 321 frames.
pp33-domotica3_command52 de drie 
LOG (lattice-best-path[5.5.569~1-6f329]:main():lattice-best-path.cc:99) For utterance pp33-domotica3_command53, best cost 331.12 + -724.224 = -393.104 over 461 frames.
pp33-domotica3_command53 de slaapkamerdeur dicht 
LOG (lattice-best-path[5.5.569~1-6f329]:main():lattice-best-path.cc:99) For utterance pp33-domotica3_command54, best cost 232.22 + -393.684 = -161.463 over 309 frames.
pp33-domotica3_command54 alle lampen deur open 
LOG (lattice-best-path[5.5.569~1-6f329]:main():lattice-best-path.cc:99) For utterance pp33-domotica3_command55, best cost 353.3 + -712.981 = -359.681 over 493 frames.
pp33-domotica3_command55 de slaapkamerdeur open 
LOG (lattice-best-path[5.5.569~1-6f329]:main():lattice-best-path.cc:99) For utterance pp33-domotica3_command56, best cost 249.016 + -478.679 = -229.663 over 350 frames.
pp33-domotica3_command56 
LOG (lattice-best-path[5.5.569~1-6f329]:main():lattice-best-path.cc:99) For utterance pp33-domotica3_command57, best cost 229.205 + -483.474 = -254.269 over 316 frames.
pp33-domotica3_command57 voordeur dicht 
LOG (lattice-best-path[5.5.569~1-6f329]:main():lattice-best-path.cc:99) For utterance pp33-domotica3_command58, best cost 232.822 + -456.008 = -223.186 over 311 frames.
pp33-domotica3_command58 een deur open 
LOG (lattice-best-path[5.5.569~1-6f329]:main():lattice-best-path.cc:99) For utterance pp33-domotica3_command59, best cost 274.45 + -574.897 = -300.446 over 380 frames.
pp33-domotica3_command59 alle lampen uit 
LOG (lattice-best-path[5.5.569~1-6f329]:main():lattice-best-path.cc:99) For utterance pp33-domotica3_command60, best cost 358.126 + -742.435 = -384.309 over 502 frames.
pp33-domotica3_command60 stand een 
LOG (lattice-best-path[5.5.569~1-6f329]:main():lattice-best-path.cc:99) For utterance pp33-domotica3_command61, best cost 237.612 + -417.734 = -180.122 over 328 frames.
pp33-domotica3_command61 stand twee 
LOG (lattice-best-path[5.5.569~1-6f329]:main():lattice-best-path.cc:99) For utterance pp33-domotica3_command62, best cost 278.379 + -557.667 = -279.288 over 389 frames.
pp33-domotica3_command62 uit 
LOG (lattice-best-path[5.5.569~1-6f329]:main():lattice-best-path.cc:99) For utterance pp33-domotica3_command63, best cost 263.861 + -558.617 = -294.755 over 366 frames.
pp33-domotica3_command63 deur open 
LOG (lattice-best-path[5.5.569~1-6f329]:main():lattice-best-path.cc:99) For utterance pp33-domotica3_command64, best cost 254.175 + -481.57 = -227.395 over 343 frames.
pp33-domotica3_command64 deur een 
LOG (lattice-best-path[5.5.569~1-6f329]:main():lattice-best-path.cc:99) For utterance pp33-domotica3_command65, best cost 295.076 + -600.514 = -305.438 over 409 frames.
pp33-domotica3_command65 de slaapkamerdeur open 
LOG (lattice-best-path[5.5.569~1-6f329]:main():lattice-best-path.cc:99) For utterance pp33-domotica3_command66, best cost 217.672 + -400.215 = -182.542 over 289 frames.
pp33-domotica3_command66 een lampen uit 
LOG (lattice-best-path[5.5.569~1-6f329]:main():lattice-best-path.cc:99) For utterance pp33-domotica3_command67, best cost 219.367 + -449.727 = -230.36 over 303 frames.
pp33-domotica3_command67 een 
LOG (lattice-best-path[5.5.569~1-6f329]:main():lattice-best-path.cc:99) For utterance pp33-domotica3_command68, best cost 231.977 + -485.729 = -253.752 over 320 frames.
pp33-domotica3_command68 deur open 
LOG (lattice-best-path[5.5.569~1-6f329]:main():lattice-best-path.cc:99) For utterance pp33-domotica3_command69, best cost 282.959 + -554.707 = -271.749 over 383 frames.
pp33-domotica3_command69 de alle lampen uit 
LOG (lattice-best-path[5.5.569~1-6f329]:main():lattice-best-path.cc:99) For utterance pp33-domotica3_command7, best cost 366.5 + -770.216 = -403.716 over 512 frames.
pp33-domotica3_command7 hoofdeinde op stand een 
LOG (lattice-best-path[5.5.569~1-6f329]:main():lattice-best-path.cc:99) For utterance pp33-domotica3_command70, best cost 334.429 + -652.278 = -317.849 over 469 frames.
pp33-domotica3_command70 een 
LOG (lattice-best-path[5.5.569~1-6f329]:main():lattice-best-path.cc:99) For utterance pp33-domotica3_command71, best cost 245.707 + -455.611 = -209.904 over 341 frames.
pp33-domotica3_command71 een 
LOG (lattice-best-path[5.5.569~1-6f329]:main():lattice-best-path.cc:99) For utterance pp33-domotica3_command72, best cost 235.31 + -438.54 = -203.23 over 326 frames.
pp33-domotica3_command72 een 
LOG (lattice-best-path[5.5.569~1-6f329]:main():lattice-best-path.cc:99) For utterance pp33-domotica3_command73, best cost 335.972 + -702.981 = -367.009 over 468 frames.
pp33-domotica3_command73 de slaapkamerdeur dicht 
LOG (lattice-best-path[5.5.569~1-6f329]:main():lattice-best-path.cc:99) For utterance pp33-domotica3_command74, best cost 243.067 + -444.295 = -201.228 over 336 frames.
pp33-domotica3_command74 deur open 
LOG (lattice-best-path[5.5.569~1-6f329]:main():lattice-best-path.cc:99) For utterance pp33-domotica3_command75, best cost 263.812 + -492.01 = -228.198 over 367 frames.
pp33-domotica3_command75 drie 
LOG (lattice-best-path[5.5.569~1-6f329]:main():lattice-best-path.cc:99) For utterance pp33-domotica3_command76, best cost 257.029 + -537.301 = -280.272 over 356 frames.
pp33-domotica3_command76 lampen uit 
LOG (lattice-best-path[5.5.569~1-6f329]:main():lattice-best-path.cc:99) For utterance pp33-domotica3_command77, best cost 321.394 + -708.267 = -386.873 over 449 frames.
pp33-domotica3_command77 voordeur dicht 
LOG (lattice-best-path[5.5.569~1-6f329]:main():lattice-best-path.cc:99) For utterance pp33-domotica3_command78, best cost 232.77 + -479.024 = -246.254 over 310 frames.
pp33-domotica3_command78 deur open een 
LOG (lattice-best-path[5.5.569~1-6f329]:main():lattice-best-path.cc:99) For utterance pp33-domotica3_command79, best cost 327.498 + -721.413 = -393.915 over 459 frames.
pp33-domotica3_command79 een 
LOG (lattice-best-path[5.5.569~1-6f329]:main():lattice-best-path.cc:99) For utterance pp33-domotica3_command8, best cost 464.097 + -1033.99 = -569.896 over 657 frames.
pp33-domotica3_command8 open 
LOG (lattice-best-path[5.5.569~1-6f329]:main():lattice-best-path.cc:99) For utterance pp33-domotica3_command80, best cost 317.794 + -608.897 = -291.103 over 445 frames.
pp33-domotica3_command80 een 
LOG (lattice-best-path[5.5.569~1-6f329]:main():lattice-best-path.cc:99) For utterance pp33-domotica3_command81, best cost 248.881 + -451.031 = -202.149 over 333 frames.
pp33-domotica3_command81 een op stand twee 
LOG (lattice-best-path[5.5.569~1-6f329]:main():lattice-best-path.cc:99) For utterance pp33-domotica3_command82, best cost 231.974 + -423.502 = -191.528 over 320 frames.
pp33-domotica3_command82 stand een 
LOG (lattice-best-path[5.5.569~1-6f329]:main():lattice-best-path.cc:99) For utterance pp33-domotica3_command83, best cost 262.568 + -576.242 = -313.674 over 351 frames.
pp33-domotica3_command83 de de 
LOG (lattice-best-path[5.5.569~1-6f329]:main():lattice-best-path.cc:99) For utterance pp33-domotica3_command84, best cost 303.471 + -665.303 = -361.832 over 412 frames.
pp33-domotica3_command84 deur open een 
LOG (lattice-best-path[5.5.569~1-6f329]:main():lattice-best-path.cc:99) For utterance pp33-domotica3_command85, best cost 298.71 + -626.838 = -328.129 over 415 frames.
pp33-domotica3_command85 alle lampen uit 
LOG (lattice-best-path[5.5.569~1-6f329]:main():lattice-best-path.cc:99) For utterance pp33-domotica3_command86, best cost 333.043 + -707.946 = -374.903 over 467 frames.
pp33-domotica3_command86 een 
LOG (lattice-best-path[5.5.569~1-6f329]:main():lattice-best-path.cc:99) For utterance pp33-domotica3_command87, best cost 236.83 + -495.95 = -259.121 over 327 frames.
pp33-domotica3_command87 voordeur dicht 
LOG (lattice-best-path[5.5.569~1-6f329]:main():lattice-best-path.cc:99) For utterance pp33-domotica3_command88, best cost 241.789 + -496.881 = -255.092 over 327 frames.
pp33-domotica3_command88 de open 
LOG (lattice-best-path[5.5.569~1-6f329]:main():lattice-best-path.cc:99) For utterance pp33-domotica3_command89, best cost 317.843 + -659.55 = -341.707 over 446 frames.
pp33-domotica3_command89 open 
LOG (lattice-best-path[5.5.569~1-6f329]:main():lattice-best-path.cc:99) For utterance pp33-domotica3_command9, best cost 373.62 + -815.907 = -442.287 over 514 frames.
pp33-domotica3_command9 voordeur stand twee 
LOG (lattice-best-path[5.5.569~1-6f329]:main():lattice-best-path.cc:99) For utterance pp33-domotica3_command90, best cost 335.816 + -638.432 = -302.617 over 471 frames.
pp33-domotica3_command90 een 
LOG (lattice-best-path[5.5.569~1-6f329]:main():lattice-best-path.cc:99) For utterance pp33-domotica3_command91, best cost 210.486 + -375.102 = -164.616 over 289 frames.
pp33-domotica3_command91 stand een 
LOG (lattice-best-path[5.5.569~1-6f329]:main():lattice-best-path.cc:99) For utterance pp33-domotica3_command92, best cost 227.685 + -418.467 = -190.782 over 315 frames.
pp33-domotica3_command92 een 
LOG (lattice-best-path[5.5.569~1-6f329]:main():lattice-best-path.cc:99) For utterance pp33-domotica3_command93, best cost 319.336 + -705.232 = -385.895 over 444 frames.
pp33-domotica3_command93 de slaapkamerdeur dicht 
LOG (lattice-best-path[5.5.569~1-6f329]:main():lattice-best-path.cc:99) For utterance pp33-domotica3_command94, best cost 283.981 + -576.733 = -292.751 over 386 frames.
pp33-domotica3_command94 een een 
LOG (lattice-best-path[5.5.569~1-6f329]:main():lattice-best-path.cc:99) For utterance pp33-domotica3_command95, best cost 314.328 + -656.032 = -341.703 over 440 frames.
pp33-domotica3_command95 een 
LOG (lattice-best-path[5.5.569~1-6f329]:main():lattice-best-path.cc:99) For utterance pp33-domotica3_command96, best cost 252.482 + -495.17 = -242.688 over 355 frames.
pp33-domotica3_command96 
LOG (lattice-best-path[5.5.569~1-6f329]:main():lattice-best-path.cc:99) For utterance pp33-domotica3_command97, best cost 272.789 + -606.797 = -334.008 over 381 frames.
pp33-domotica3_command97 dicht 
LOG (lattice-scale[5.5.569~1-6f329]:main():lattice-scale.cc:107) Done 113 lattices.
LOG (lattice-best-path[5.5.569~1-6f329]:main():lattice-best-path.cc:99) For utterance pp33-domotica3_command98, best cost 331.941 + -709.421 = -377.479 over 454 frames.
pp33-domotica3_command98 een deur open 
LOG (lattice-add-penalty[5.5.569~1-6f329]:main():lattice-add-penalty.cc:62) Done adding word insertion penalty to 113 lattices.
LOG (lattice-best-path[5.5.569~1-6f329]:main():lattice-best-path.cc:99) For utterance pp33-domotica3_command99, best cost 234.666 + -463.023 = -228.357 over 326 frames.
pp33-domotica3_command99 open 
LOG (lattice-best-path[5.5.569~1-6f329]:main():lattice-best-path.cc:124) Overall cost per frame is -0.791274 = 0.720408 [graph] + -1.51168 [acoustic] over 49872 frames.
LOG (lattice-best-path[5.5.569~1-6f329]:main():lattice-best-path.cc:128) Done 113 lattices, failed for 0
# Accounting: time=0 threads=1
# Ended (code 0) at Tue Mar 23 10:02:11 CET 2021, elapsed time 0 seconds
