# lattice-scale --inv-acoustic-scale=17 "ark:gunzip -c exp/percgncopas5k/chain_s/tdnn1k_sp/decode_test_5g_400k/lat.*.gz|" ark:- | lattice-add-penalty --word-ins-penalty=0.0 ark:- ark:- | lattice-best-path --word-symbol-table=exp/percgncopas5k/chain_s/tree_sp/graph_5g_400k/words.txt ark:- ark,t:exp/percgncopas5k/chain_s/tdnn1k_sp/decode_test_5g_400k/scoring/17.tra 
# Started at Tue Mar 23 10:15:27 CET 2021
#
lattice-scale --inv-acoustic-scale=17 'ark:gunzip -c exp/percgncopas5k/chain_s/tdnn1k_sp/decode_test_5g_400k/lat.*.gz|' ark:- 
lattice-add-penalty --word-ins-penalty=0.0 ark:- ark:- 
lattice-best-path --word-symbol-table=exp/percgncopas5k/chain_s/tree_sp/graph_5g_400k/words.txt ark:- ark,t:exp/percgncopas5k/chain_s/tdnn1k_sp/decode_test_5g_400k/scoring/17.tra 
LOG (lattice-best-path[5.5.569~1-6f329]:main():lattice-best-path.cc:99) For utterance pp46-domotica3_command1, best cost 240.918 + -413.617 = -172.699 over 317 frames.
pp46-domotica3_command1 doe alle lichten uit in de zitkamer en de keuken 
LOG (lattice-best-path[5.5.569~1-6f329]:main():lattice-best-path.cc:99) For utterance pp46-domotica3_command10, best cost 192.575 + -322.407 = -129.832 over 248 frames.
pp46-domotica3_command10 uit in hoofdeinde op stand een 
LOG (lattice-best-path[5.5.569~1-6f329]:main():lattice-best-path.cc:99) For utterance pp46-domotica3_command11, best cost 181.838 + -311.285 = -129.447 over 233 frames.
pp46-domotica3_command11 alle lichten hoofdeinde op stand twee 
LOG (lattice-best-path[5.5.569~1-6f329]:main():lattice-best-path.cc:99) For utterance pp46-domotica3_command12, best cost 174.553 + -305.598 = -131.045 over 222 frames.
pp46-domotica3_command12 uit in hoofdeinde op stand twee 
LOG (lattice-best-path[5.5.569~1-6f329]:main():lattice-best-path.cc:99) For utterance pp46-domotica3_command13, best cost 229.958 + -414.703 = -184.745 over 290 frames.
pp46-domotica3_command13 alle wil je de deur van de slaapkamer open doen 
LOG (lattice-best-path[5.5.569~1-6f329]:main():lattice-best-path.cc:99) For utterance pp46-domotica3_command14, best cost 266.945 + -436.472 = -169.528 over 320 frames.
pp46-domotica3_command14 alle doen wil je het licht aansteken boven het bed alle lichten 
LOG (lattice-best-path[5.5.569~1-6f329]:main():lattice-best-path.cc:99) For utterance pp46-domotica3_command15, best cost 194.983 + -317.871 = -122.887 over 245 frames.
pp46-domotica3_command15 alle doe het licht uit in de slaapkamer 
LOG (lattice-best-path[5.5.569~1-6f329]:main():lattice-best-path.cc:99) For utterance pp46-domotica3_command16, best cost 190.058 + -332.218 = -142.16 over 247 frames.
pp46-domotica3_command16 uit in de deur dicht in de woonkamer 
LOG (lattice-best-path[5.5.569~1-6f329]:main():lattice-best-path.cc:99) For utterance pp46-domotica3_command17, best cost 158.109 + -262.599 = -104.49 over 187 frames.
pp46-domotica3_command17 alle doen open de deur 
LOG (lattice-best-path[5.5.569~1-6f329]:main():lattice-best-path.cc:99) For utterance pp46-domotica3_command18, best cost 250.905 + -435.649 = -184.744 over 319 frames.
pp46-domotica3_command18 uit in doe alle lichten uit in de zitkamer en de keuken 
LOG (lattice-best-path[5.5.569~1-6f329]:main():lattice-best-path.cc:99) For utterance pp46-domotica3_command19, best cost 189.217 + -322.477 = -133.26 over 234 frames.
pp46-domotica3_command19 alle doen hoofdeinde op stand een 
LOG (lattice-best-path[5.5.569~1-6f329]:main():lattice-best-path.cc:99) For utterance pp46-domotica3_command2, best cost 197.427 + -335.877 = -138.45 over 255 frames.
pp46-domotica3_command2 uit in hoofdeinde op stand een 
LOG (lattice-best-path[5.5.569~1-6f329]:main():lattice-best-path.cc:99) For utterance pp46-domotica3_command20, best cost 171.345 + -285.95 = -114.605 over 219 frames.
pp46-domotica3_command20 alle hoofdeinde op stand twee 
LOG (lattice-best-path[5.5.569~1-6f329]:main():lattice-best-path.cc:99) For utterance pp46-domotica3_command21, best cost 173.425 + -292.275 = -118.851 over 222 frames.
pp46-domotica3_command21 alle hoofdeinde op stand een 
LOG (lattice-best-path[5.5.569~1-6f329]:main():lattice-best-path.cc:99) For utterance pp46-domotica3_command22, best cost 185.148 + -313.463 = -128.315 over 236 frames.
pp46-domotica3_command22 alle lichten uit in de deur dicht van de kamer 
LOG (lattice-best-path[5.5.569~1-6f329]:main():lattice-best-path.cc:99) For utterance pp46-domotica3_command23, best cost 251.443 + -479.125 = -227.682 over 333 frames.
pp46-domotica3_command23 uit in de deur van de slaapkamer open doen 
LOG (lattice-best-path[5.5.569~1-6f329]:main():lattice-best-path.cc:99) For utterance pp46-domotica3_command24, best cost 274.464 + -482.508 = -208.044 over 340 frames.
pp46-domotica3_command24 uit in wil je het licht aansteken boven het bed alle lichten 
LOG (lattice-best-path[5.5.569~1-6f329]:main():lattice-best-path.cc:99) For utterance pp46-domotica3_command25, best cost 214.392 + -392.92 = -178.527 over 273 frames.
pp46-domotica3_command25 alle doe het licht uit in de slaapkamer 
LOG (lattice-best-path[5.5.569~1-6f329]:main():lattice-best-path.cc:99) For utterance pp46-domotica3_command26, best cost 196.296 + -359.883 = -163.586 over 256 frames.
pp46-domotica3_command26 uit in de deur dicht in de woonkamer 
LOG (lattice-best-path[5.5.569~1-6f329]:main():lattice-best-path.cc:99) For utterance pp46-domotica3_command27, best cost 152.116 + -274.476 = -122.36 over 188 frames.
pp46-domotica3_command27 alle lichten open de deur 
LOG (lattice-best-path[5.5.569~1-6f329]:main():lattice-best-path.cc:99) For utterance pp46-domotica3_command28, best cost 239.431 + -431.017 = -191.586 over 303 frames.
pp46-domotica3_command28 alle doe alle lichten uit in de zitkamer en 
LOG (lattice-best-path[5.5.569~1-6f329]:main():lattice-best-path.cc:99) For utterance pp46-domotica3_command29, best cost 176.89 + -308.654 = -131.763 over 227 frames.
pp46-domotica3_command29 alle hoofdeinde op stand een 
LOG (lattice-best-path[5.5.569~1-6f329]:main():lattice-best-path.cc:99) For utterance pp46-domotica3_command3, best cost 203.381 + -386.663 = -183.282 over 276 frames.
pp46-domotica3_command3 hoofdeinde op stand twee 
LOG (lattice-best-path[5.5.569~1-6f329]:main():lattice-best-path.cc:99) For utterance pp46-domotica3_command30, best cost 174.118 + -299.17 = -125.053 over 223 frames.
pp46-domotica3_command30 alle hoofdeinde op stand twee 
LOG (lattice-best-path[5.5.569~1-6f329]:main():lattice-best-path.cc:99) For utterance pp46-domotica3_command31, best cost 170.748 + -297.303 = -126.555 over 217 frames.
pp46-domotica3_command31 alle lichten hoofdeinde op stand een 
LOG (lattice-best-path[5.5.569~1-6f329]:main():lattice-best-path.cc:99) For utterance pp46-domotica3_command32, best cost 232.833 + -451.94 = -219.107 over 308 frames.
pp46-domotica3_command32 uit in de deur dicht van de kamer 
LOG (lattice-best-path[5.5.569~1-6f329]:main():lattice-best-path.cc:99) For utterance pp46-domotica3_command33, best cost 210.546 + -386.619 = -176.073 over 274 frames.
pp46-domotica3_command33 uit in de deur van de slaapkamer open doen 
LOG (lattice-best-path[5.5.569~1-6f329]:main():lattice-best-path.cc:99) For utterance pp46-domotica3_command34, best cost 287.889 + -501.221 = -213.332 over 361 frames.
pp46-domotica3_command34 alle wil je het licht aansteken boven het bed alle lichten 
LOG (lattice-best-path[5.5.569~1-6f329]:main():lattice-best-path.cc:99) For utterance pp46-domotica3_command35, best cost 211.715 + -403.699 = -191.984 over 268 frames.
pp46-domotica3_command35 alle lichten doe het licht uit in de slaapkamer 
LOG (lattice-best-path[5.5.569~1-6f329]:main():lattice-best-path.cc:99) For utterance pp46-domotica3_command36, best cost 198.432 + -350.856 = -152.424 over 248 frames.
pp46-domotica3_command36 alle lichten doe de deur dicht in de woonkamer 
LOG (lattice-best-path[5.5.569~1-6f329]:main():lattice-best-path.cc:99) For utterance pp46-domotica3_command37, best cost 153.504 + -265.888 = -112.384 over 190 frames.
pp46-domotica3_command37 alle lichten open de deur 
LOG (lattice-best-path[5.5.569~1-6f329]:main():lattice-best-path.cc:99) For utterance pp46-domotica3_command38, best cost 234.527 + -419.861 = -185.334 over 297 frames.
pp46-domotica3_command38 alle doe alle lichten uit in de zitkamer en de keuken 
LOG (lattice-best-path[5.5.569~1-6f329]:main():lattice-best-path.cc:99) For utterance pp46-domotica3_command39, best cost 180.356 + -314.392 = -134.036 over 232 frames.
pp46-domotica3_command39 alle hoofdeinde op stand een 
LOG (lattice-best-path[5.5.569~1-6f329]:main():lattice-best-path.cc:99) For utterance pp46-domotica3_command4, best cost 186.337 + -308.404 = -122.067 over 239 frames.
pp46-domotica3_command4 uit in hoofdeinde op stand drie 
LOG (lattice-best-path[5.5.569~1-6f329]:main():lattice-best-path.cc:99) For utterance pp46-domotica3_command40, best cost 159.997 + -276.304 = -116.306 over 201 frames.
pp46-domotica3_command40 uit in hoofdeinde op stand twee 
LOG (lattice-best-path[5.5.569~1-6f329]:main():lattice-best-path.cc:99) For utterance pp46-domotica3_command41, best cost 146.488 + -237.96 = -91.4723 over 182 frames.
pp46-domotica3_command41 alle lichten hoofdeinde op stand een 
LOG (lattice-best-path[5.5.569~1-6f329]:main():lattice-best-path.cc:99) For utterance pp46-domotica3_command42, best cost 208.151 + -377.374 = -169.223 over 267 frames.
pp46-domotica3_command42 alle deur dicht van de kamer 
LOG (lattice-best-path[5.5.569~1-6f329]:main():lattice-best-path.cc:99) For utterance pp46-domotica3_command43, best cost 220.947 + -372.57 = -151.623 over 277 frames.
pp46-domotica3_command43 alle wil je de deur van de slaapkamer open doen 
LOG (lattice-best-path[5.5.569~1-6f329]:main():lattice-best-path.cc:99) For utterance pp46-domotica3_command44, best cost 258.141 + -462.218 = -204.077 over 330 frames.
pp46-domotica3_command44 alle wil je het licht aansteken boven het bed 
LOG (lattice-best-path[5.5.569~1-6f329]:main():lattice-best-path.cc:99) For utterance pp46-domotica3_command45, best cost 199.836 + -311.757 = -111.921 over 252 frames.
pp46-domotica3_command45 alle doe het licht uit in de slaapkamer 
LOG (lattice-best-path[5.5.569~1-6f329]:main():lattice-best-path.cc:99) For utterance pp46-domotica3_command46, best cost 186.592 + -287.049 = -100.456 over 242 frames.
pp46-domotica3_command46 uit in de deur dicht in de woonkamer 
LOG (lattice-best-path[5.5.569~1-6f329]:main():lattice-best-path.cc:99) For utterance pp46-domotica3_command47, best cost 190.791 + -323.07 = -132.279 over 249 frames.
pp46-domotica3_command47 alle open doen 
LOG (lattice-best-path[5.5.569~1-6f329]:main():lattice-best-path.cc:99) For utterance pp46-domotica3_command48, best cost 222.051 + -363.727 = -141.676 over 279 frames.
pp46-domotica3_command48 alle doe alle lichten uit in de zitkamer en de keuken 
LOG (lattice-best-path[5.5.569~1-6f329]:main():lattice-best-path.cc:99) For utterance pp46-domotica3_command49, best cost 169.959 + -259.459 = -89.5 over 217 frames.
pp46-domotica3_command49 aansteken hoofdeinde op stand een 
LOG (lattice-best-path[5.5.569~1-6f329]:main():lattice-best-path.cc:99) For utterance pp46-domotica3_command5, best cost 253.288 + -396.777 = -143.489 over 323 frames.
pp46-domotica3_command5 alle wil je het licht aansteken boven het bed 
LOG (lattice-best-path[5.5.569~1-6f329]:main():lattice-best-path.cc:99) For utterance pp46-domotica3_command50, best cost 176.889 + -279.159 = -102.27 over 227 frames.
pp46-domotica3_command50 alle hoofdeinde op stand twee 
LOG (lattice-best-path[5.5.569~1-6f329]:main():lattice-best-path.cc:99) For utterance pp46-domotica3_command51, best cost 148.567 + -228.428 = -79.861 over 185 frames.
pp46-domotica3_command51 alle lichten hoofdeinde op stand twee 
LOG (lattice-best-path[5.5.569~1-6f329]:main():lattice-best-path.cc:99) For utterance pp46-domotica3_command52, best cost 164.905 + -279.573 = -114.669 over 210 frames.
pp46-domotica3_command52 uit in de deur dicht van de kamer 
LOG (lattice-best-path[5.5.569~1-6f329]:main():lattice-best-path.cc:99) For utterance pp46-domotica3_command53, best cost 198.071 + -343.365 = -145.294 over 256 frames.
pp46-domotica3_command53 uit in de deur van de slaapkamer open doen 
LOG (lattice-best-path[5.5.569~1-6f329]:main():lattice-best-path.cc:99) For utterance pp46-domotica3_command54, best cost 267.097 + -450.325 = -183.228 over 331 frames.
pp46-domotica3_command54 alle wil je het licht aansteken boven het bed alle lichten 
LOG (lattice-best-path[5.5.569~1-6f329]:main():lattice-best-path.cc:99) For utterance pp46-domotica3_command55, best cost 228.948 + -398.638 = -169.69 over 294 frames.
pp46-domotica3_command55 alle doe het licht uit in de slaapkamer 
LOG (lattice-best-path[5.5.569~1-6f329]:main():lattice-best-path.cc:99) For utterance pp46-domotica3_command56, best cost 201.148 + -358.968 = -157.82 over 263 frames.
pp46-domotica3_command56 uit in de deur dicht in de woonkamer 
LOG (lattice-best-path[5.5.569~1-6f329]:main():lattice-best-path.cc:99) For utterance pp46-domotica3_command57, best cost 152.411 + -262.715 = -110.303 over 192 frames.
pp46-domotica3_command57 uit in open doen 
LOG (lattice-best-path[5.5.569~1-6f329]:main():lattice-best-path.cc:99) For utterance pp46-domotica3_command58, best cost 227.88 + -382.502 = -154.622 over 292 frames.
pp46-domotica3_command58 uit in doe alle lichten uit in de kamer 
LOG (lattice-best-path[5.5.569~1-6f329]:main():lattice-best-path.cc:99) For utterance pp46-domotica3_command59, best cost 167.186 + -290.058 = -122.872 over 213 frames.
pp46-domotica3_command59 alle hoofdeinde op stand een 
LOG (lattice-best-path[5.5.569~1-6f329]:main():lattice-best-path.cc:99) For utterance pp46-domotica3_command6, best cost 217.165 + -350.434 = -133.27 over 277 frames.
pp46-domotica3_command6 alle doe het licht uit in de slaapkamer 
LOG (lattice-best-path[5.5.569~1-6f329]:main():lattice-best-path.cc:99) For utterance pp46-domotica3_command60, best cost 154.016 + -241.356 = -87.34 over 194 frames.
pp46-domotica3_command60 alle hoofdeinde op stand twee 
LOG (lattice-best-path[5.5.569~1-6f329]:main():lattice-best-path.cc:99) For utterance pp46-domotica3_command61, best cost 131.295 + -198.187 = -66.8923 over 172 frames.
pp46-domotica3_command61 hoofdeinde op stand twee 
LOG (lattice-best-path[5.5.569~1-6f329]:main():lattice-best-path.cc:99) For utterance pp46-domotica3_command62, best cost 171.835 + -257.238 = -85.4025 over 220 frames.
pp46-domotica3_command62 uit in de deur dicht van de kamer 
LOG (lattice-best-path[5.5.569~1-6f329]:main():lattice-best-path.cc:99) For utterance pp46-domotica3_command63, best cost 214.803 + -331.151 = -116.349 over 267 frames.
pp46-domotica3_command63 alle lichten wil je de deur van de slaapkamer open doen 
LOG (lattice-best-path[5.5.569~1-6f329]:main():lattice-best-path.cc:99) For utterance pp46-domotica3_command64, best cost 265.017 + -398.108 = -133.091 over 328 frames.
pp46-domotica3_command64 alle wil je het licht aansteken boven het bed alle lichten 
LOG (lattice-best-path[5.5.569~1-6f329]:main():lattice-best-path.cc:99) For utterance pp46-domotica3_command65, best cost 199.58 + -306.317 = -106.737 over 250 frames.
pp46-domotica3_command65 uit in doe het licht uit in de slaapkamer 
LOG (lattice-best-path[5.5.569~1-6f329]:main():lattice-best-path.cc:99) For utterance pp46-domotica3_command66, best cost 192.193 + -303.079 = -110.885 over 239 frames.
pp46-domotica3_command66 alle lichten doe de deur dicht in de woonkamer 
LOG (lattice-best-path[5.5.569~1-6f329]:main():lattice-best-path.cc:99) For utterance pp46-domotica3_command67, best cost 155.486 + -239.952 = -84.4656 over 194 frames.
pp46-domotica3_command67 alle open de deur 
LOG (lattice-best-path[5.5.569~1-6f329]:main():lattice-best-path.cc:99) For utterance pp46-domotica3_command68, best cost 228.687 + -373.476 = -144.789 over 287 frames.
pp46-domotica3_command68 uit in doe alle lichten uit in de zitkamer en de deur 
LOG (lattice-best-path[5.5.569~1-6f329]:main():lattice-best-path.cc:99) For utterance pp46-domotica3_command69, best cost 169.701 + -250.492 = -80.7905 over 215 frames.
pp46-domotica3_command69 uit in hoofdeinde op stand een 
LOG (lattice-best-path[5.5.569~1-6f329]:main():lattice-best-path.cc:99) For utterance pp46-domotica3_command7, best cost 197.683 + -352.604 = -154.922 over 258 frames.
pp46-domotica3_command7 uit in de deur dicht in de woonkamer 
LOG (lattice-best-path[5.5.569~1-6f329]:main():lattice-best-path.cc:99) For utterance pp46-domotica3_command70, best cost 145.699 + -196.3 = -50.6012 over 182 frames.
pp46-domotica3_command70 alle hoofdeinde op stand twee 
LOG (lattice-best-path[5.5.569~1-6f329]:main():lattice-best-path.cc:99) For utterance pp46-domotica3_command71, best cost 146.828 + -210.073 = -63.2453 over 182 frames.
pp46-domotica3_command71 uit in hoofdeinde op stand twee 
LOG (lattice-best-path[5.5.569~1-6f329]:main():lattice-best-path.cc:99) For utterance pp46-domotica3_command72, best cost 172.528 + -254.653 = -82.1245 over 221 frames.
pp46-domotica3_command72 uit in de deur dicht van de kamer 
LOG (lattice-best-path[5.5.569~1-6f329]:main():lattice-best-path.cc:99) For utterance pp46-domotica3_command73, best cost 201.281 + -304.163 = -102.883 over 247 frames.
pp46-domotica3_command73 uit in wil je de deur van de slaapkamer open doen 
LOG (lattice-best-path[5.5.569~1-6f329]:main():lattice-best-path.cc:99) For utterance pp46-domotica3_command74, best cost 263.628 + -401.626 = -137.998 over 326 frames.
pp46-domotica3_command74 alle wil je het licht aansteken boven het bed aansteken boven 
LOG (lattice-best-path[5.5.569~1-6f329]:main():lattice-best-path.cc:99) For utterance pp46-domotica3_command75, best cost 201.223 + -328.53 = -127.307 over 254 frames.
pp46-domotica3_command75 alle doe het licht uit in de slaapkamer 
LOG (lattice-best-path[5.5.569~1-6f329]:main():lattice-best-path.cc:99) For utterance pp46-domotica3_command76, best cost 181.007 + -289.169 = -108.162 over 224 frames.
pp46-domotica3_command76 alle doe de deur dicht in de woonkamer 
LOG (lattice-best-path[5.5.569~1-6f329]:main():lattice-best-path.cc:99) For utterance pp46-domotica3_command77, best cost 155.337 + -249.559 = -94.2219 over 183 frames.
pp46-domotica3_command77 alle doen open de deur 
LOG (lattice-best-path[5.5.569~1-6f329]:main():lattice-best-path.cc:99) For utterance pp46-domotica3_command78, best cost 211.502 + -349.828 = -138.326 over 270 frames.
pp46-domotica3_command78 alle doe alle lichten uit in de kamer 
LOG (lattice-best-path[5.5.569~1-6f329]:main():lattice-best-path.cc:99) For utterance pp46-domotica3_command79, best cost 171.782 + -257.505 = -85.7236 over 218 frames.
pp46-domotica3_command79 uit in hoofdeinde op stand een 
LOG (lattice-best-path[5.5.569~1-6f329]:main():lattice-best-path.cc:99) For utterance pp46-domotica3_command8, best cost 164.933 + -286.527 = -121.594 over 206 frames.
pp46-domotica3_command8 uit in open de deur 
LOG (lattice-best-path[5.5.569~1-6f329]:main():lattice-best-path.cc:99) For utterance pp46-domotica3_command80, best cost 164.848 + -255.746 = -90.8974 over 208 frames.
pp46-domotica3_command80 uit in hoofdeinde op stand twee 
LOG (lattice-best-path[5.5.569~1-6f329]:main():lattice-best-path.cc:99) For utterance pp46-domotica3_command81, best cost 175.599 + -267.888 = -92.2895 over 224 frames.
pp46-domotica3_command81 alle lichten hoofdeinde op stand twee 
LOG (lattice-best-path[5.5.569~1-6f329]:main():lattice-best-path.cc:99) For utterance pp46-domotica3_command82, best cost 179.461 + -283.82 = -104.359 over 231 frames.
pp46-domotica3_command82 uit in de deur dicht van de kamer 
LOG (lattice-best-path[5.5.569~1-6f329]:main():lattice-best-path.cc:99) For utterance pp46-domotica3_command83, best cost 232.58 + -361.063 = -128.484 over 283 frames.
pp46-domotica3_command83 alle doen wil je de deur van de slaapkamer open doen 
LOG (lattice-best-path[5.5.569~1-6f329]:main():lattice-best-path.cc:99) For utterance pp46-domotica3_command84, best cost 270.335 + -457.094 = -186.758 over 335 frames.
pp46-domotica3_command84 alle wil je het licht aansteken boven het aansteken boven het licht 
LOG (lattice-best-path[5.5.569~1-6f329]:main():lattice-best-path.cc:99) For utterance pp46-domotica3_command85, best cost 202.61 + -357.903 = -155.293 over 256 frames.
pp46-domotica3_command85 alle doe het licht uit in de slaapkamer 
LOG (lattice-best-path[5.5.569~1-6f329]:main():lattice-best-path.cc:99) For utterance pp46-domotica3_command86, best cost 181.047 + -323.124 = -142.077 over 234 frames.
pp46-domotica3_command86 uit in de deur dicht in de woonkamer 
LOG (lattice-best-path[5.5.569~1-6f329]:main():lattice-best-path.cc:99) For utterance pp46-domotica3_command87, best cost 139.287 + -241.441 = -102.154 over 169 frames.
pp46-domotica3_command87 uit in open de deur 
LOG (lattice-best-path[5.5.569~1-6f329]:main():lattice-best-path.cc:99) For utterance pp46-domotica3_command88, best cost 208.336 + -345.013 = -136.677 over 270 frames.
pp46-domotica3_command88 doe alle lichten uit in de zitkamer en de keuken 
LOG (lattice-scale[5.5.569~1-6f329]:main():lattice-scale.cc:107) Done 97 lattices.
LOG (lattice-best-path[5.5.569~1-6f329]:main():lattice-best-path.cc:99) For utterance pp46-domotica3_command89, best cost 173.167 + -288.606 = -115.439 over 220 frames.
pp46-domotica3_command89 uit in hoofdeinde op stand een 
LOG (lattice-best-path[5.5.569~1-6f329]:main():lattice-best-path.cc:99) For utterance pp46-domotica3_command9, best cost 237.584 + -426.401 = -188.816 over 306 frames.
pp46-domotica3_command9 uit in doe alle lichten uit in de kamer 
LOG (lattice-best-path[5.5.569~1-6f329]:main():lattice-best-path.cc:99) For utterance pp46-domotica3_command90, best cost 143.619 + -222.548 = -78.929 over 179 frames.
pp46-domotica3_command90 alle hoofdeinde op stand twee 
LOG (lattice-best-path[5.5.569~1-6f329]:main():lattice-best-path.cc:99) For utterance pp46-domotica3_command91, best cost 141.54 + -224.694 = -83.154 over 176 frames.
pp46-domotica3_command91 alle hoofdeinde op stand twee 
LOG (lattice-best-path[5.5.569~1-6f329]:main():lattice-best-path.cc:99) For utterance pp46-domotica3_command92, best cost 223.128 + -383.946 = -160.818 over 294 frames.
pp46-domotica3_command92 uit in de deur dicht van de kamer 
LOG (lattice-best-path[5.5.569~1-6f329]:main():lattice-best-path.cc:99) For utterance pp46-domotica3_command93, best cost 227.62 + -397.685 = -170.065 over 285 frames.
pp46-domotica3_command93 uit in wil je de deur van de slaapkamer open doen 
LOG (lattice-best-path[5.5.569~1-6f329]:main():lattice-best-path.cc:99) For utterance pp46-domotica3_command94, best cost 256.943 + -461.469 = -204.526 over 324 frames.
pp46-domotica3_command94 alle wil je het licht aansteken boven het bed woonkamer 
LOG (lattice-best-path[5.5.569~1-6f329]:main():lattice-best-path.cc:99) For utterance pp46-domotica3_command95, best cost 188.053 + -312.571 = -124.519 over 235 frames.
pp46-domotica3_command95 alle doe het licht uit in de slaapkamer 
LOG (lattice-best-path[5.5.569~1-6f329]:main():lattice-best-path.cc:99) For utterance pp46-domotica3_command96, best cost 185.858 + -303.387 = -117.529 over 231 frames.
pp46-domotica3_command96 alle doe de deur dicht in de woonkamer 
LOG (lattice-best-path[5.5.569~1-6f329]:main():lattice-best-path.cc:99) For utterance pp46-domotica3_command97, best cost 150.73 + -270.391 = -119.661 over 186 frames.
pp46-domotica3_command97 alle lichten open de deur 
LOG (lattice-add-penalty[5.5.569~1-6f329]:main():lattice-add-penalty.cc:62) Done adding word insertion penalty to 97 lattices.
LOG (lattice-best-path[5.5.569~1-6f329]:main():lattice-best-path.cc:124) Overall cost per frame is -0.536709 = 0.789273 [graph] + -1.32598 [acoustic] over 24189 frames.
LOG (lattice-best-path[5.5.569~1-6f329]:main():lattice-best-path.cc:128) Done 97 lattices, failed for 0
# Accounting: time=1 threads=1
# Ended (code 0) at Tue Mar 23 10:15:28 CET 2021, elapsed time 1 seconds
