# lattice-scale --inv-acoustic-scale=11 "ark:gunzip -c exp/percgncopas5k/chain_s/tdnn1k_sp/decode_test_5g_400k/lat.*.gz|" ark:- | lattice-add-penalty --word-ins-penalty=0.0 ark:- ark:- | lattice-best-path --word-symbol-table=exp/percgncopas5k/chain_s/tree_sp/graph_5g_400k/words.txt ark:- ark,t:exp/percgncopas5k/chain_s/tdnn1k_sp/decode_test_5g_400k/scoring/11.tra 
# Started at Tue Mar 23 10:15:27 CET 2021
#
lattice-add-penalty --word-ins-penalty=0.0 ark:- ark:- 
lattice-scale --inv-acoustic-scale=11 'ark:gunzip -c exp/percgncopas5k/chain_s/tdnn1k_sp/decode_test_5g_400k/lat.*.gz|' ark:- 
lattice-best-path --word-symbol-table=exp/percgncopas5k/chain_s/tree_sp/graph_5g_400k/words.txt ark:- ark,t:exp/percgncopas5k/chain_s/tdnn1k_sp/decode_test_5g_400k/scoring/11.tra 
LOG (lattice-best-path[5.5.569~1-6f329]:main():lattice-best-path.cc:99) For utterance pp46-domotica3_command1, best cost 244.672 + -643.546 = -398.874 over 317 frames.
pp46-domotica3_command1 doe alle lichten uit in de zitkamer de keuken 
LOG (lattice-best-path[5.5.569~1-6f329]:main():lattice-best-path.cc:99) For utterance pp46-domotica3_command10, best cost 198.921 + -505.92 = -306.999 over 248 frames.
pp46-domotica3_command10 alle doen hoofdeinde op stand een 
LOG (lattice-best-path[5.5.569~1-6f329]:main():lattice-best-path.cc:99) For utterance pp46-domotica3_command11, best cost 181.838 + -481.077 = -299.239 over 233 frames.
pp46-domotica3_command11 alle lichten hoofdeinde op stand twee 
LOG (lattice-best-path[5.5.569~1-6f329]:main():lattice-best-path.cc:99) For utterance pp46-domotica3_command12, best cost 174.553 + -472.288 = -297.735 over 222 frames.
pp46-domotica3_command12 uit in hoofdeinde op stand twee 
LOG (lattice-best-path[5.5.569~1-6f329]:main():lattice-best-path.cc:99) For utterance pp46-domotica3_command13, best cost 229.958 + -640.905 = -410.947 over 290 frames.
pp46-domotica3_command13 alle wil je de deur van de slaapkamer open doen 
LOG (lattice-best-path[5.5.569~1-6f329]:main():lattice-best-path.cc:99) For utterance pp46-domotica3_command14, best cost 266.945 + -674.548 = -407.604 over 320 frames.
pp46-domotica3_command14 alle doen wil je het licht aansteken boven het bed alle lichten 
LOG (lattice-best-path[5.5.569~1-6f329]:main():lattice-best-path.cc:99) For utterance pp46-domotica3_command15, best cost 199.827 + -496.86 = -297.033 over 245 frames.
pp46-domotica3_command15 alle doe het licht uit in slaapkamer 
LOG (lattice-best-path[5.5.569~1-6f329]:main():lattice-best-path.cc:99) For utterance pp46-domotica3_command16, best cost 197.533 + -524.655 = -327.122 over 247 frames.
pp46-domotica3_command16 alle uit in de deur dicht in de woonkamer 
LOG (lattice-best-path[5.5.569~1-6f329]:main():lattice-best-path.cc:99) For utterance pp46-domotica3_command17, best cost 158.109 + -405.835 = -247.726 over 187 frames.
pp46-domotica3_command17 alle doen open de deur 
LOG (lattice-best-path[5.5.569~1-6f329]:main():lattice-best-path.cc:99) For utterance pp46-domotica3_command18, best cost 250.905 + -673.276 = -422.371 over 319 frames.
pp46-domotica3_command18 uit in doe alle lichten uit in de zitkamer en de keuken 
LOG (lattice-best-path[5.5.569~1-6f329]:main():lattice-best-path.cc:99) For utterance pp46-domotica3_command19, best cost 189.217 + -498.374 = -309.157 over 234 frames.
pp46-domotica3_command19 alle doen hoofdeinde op stand een 
LOG (lattice-best-path[5.5.569~1-6f329]:main():lattice-best-path.cc:99) For utterance pp46-domotica3_command2, best cost 204.902 + -527.987 = -323.086 over 255 frames.
pp46-domotica3_command2 alle uit in hoofdeinde op stand een 
LOG (lattice-best-path[5.5.569~1-6f329]:main():lattice-best-path.cc:99) For utterance pp46-domotica3_command20, best cost 178.82 + -449.415 = -270.595 over 219 frames.
pp46-domotica3_command20 alle doen hoofdeinde op stand twee 
LOG (lattice-best-path[5.5.569~1-6f329]:main():lattice-best-path.cc:99) For utterance pp46-domotica3_command21, best cost 173.425 + -451.698 = -278.274 over 222 frames.
pp46-domotica3_command21 alle hoofdeinde op stand een 
LOG (lattice-best-path[5.5.569~1-6f329]:main():lattice-best-path.cc:99) For utterance pp46-domotica3_command22, best cost 189.271 + -490.629 = -301.358 over 236 frames.
pp46-domotica3_command22 alle in de deur dicht van de kamer 
LOG (lattice-best-path[5.5.569~1-6f329]:main():lattice-best-path.cc:99) For utterance pp46-domotica3_command23, best cost 260.892 + -751.227 = -490.335 over 333 frames.
pp46-domotica3_command23 uit in wil je de deur van de slaapkamer open doen 
LOG (lattice-best-path[5.5.569~1-6f329]:main():lattice-best-path.cc:99) For utterance pp46-domotica3_command24, best cost 274.464 + -745.695 = -471.231 over 340 frames.
pp46-domotica3_command24 uit in wil je het licht aansteken boven het bed alle lichten 
LOG (lattice-best-path[5.5.569~1-6f329]:main():lattice-best-path.cc:99) For utterance pp46-domotica3_command25, best cost 221.867 + -616.369 = -394.502 over 273 frames.
pp46-domotica3_command25 alle doen doe het licht uit in de slaapkamer 
LOG (lattice-best-path[5.5.569~1-6f329]:main():lattice-best-path.cc:99) For utterance pp46-domotica3_command26, best cost 196.296 + -556.182 = -359.886 over 256 frames.
pp46-domotica3_command26 uit in de deur dicht in de woonkamer 
LOG (lattice-best-path[5.5.569~1-6f329]:main():lattice-best-path.cc:99) For utterance pp46-domotica3_command27, best cost 158.802 + -430.885 = -272.083 over 188 frames.
pp46-domotica3_command27 alle in open de deur 
LOG (lattice-best-path[5.5.569~1-6f329]:main():lattice-best-path.cc:99) For utterance pp46-domotica3_command28, best cost 248.034 + -675.892 = -427.858 over 303 frames.
pp46-domotica3_command28 alle uit in doe alle lichten uit in de zitkamer en 
LOG (lattice-best-path[5.5.569~1-6f329]:main():lattice-best-path.cc:99) For utterance pp46-domotica3_command29, best cost 176.89 + -477.01 = -300.12 over 227 frames.
pp46-domotica3_command29 alle hoofdeinde op stand een 
LOG (lattice-best-path[5.5.569~1-6f329]:main():lattice-best-path.cc:99) For utterance pp46-domotica3_command3, best cost 211.982 + -609.352 = -397.37 over 276 frames.
pp46-domotica3_command3 uit in hoofdeinde op stand twee 
LOG (lattice-best-path[5.5.569~1-6f329]:main():lattice-best-path.cc:99) For utterance pp46-domotica3_command30, best cost 174.118 + -462.354 = -288.236 over 223 frames.
pp46-domotica3_command30 alle hoofdeinde op stand twee 
LOG (lattice-best-path[5.5.569~1-6f329]:main():lattice-best-path.cc:99) For utterance pp46-domotica3_command31, best cost 177.433 + -469.638 = -292.204 over 217 frames.
pp46-domotica3_command31 alle doen hoofdeinde op stand een 
LOG (lattice-best-path[5.5.569~1-6f329]:main():lattice-best-path.cc:99) For utterance pp46-domotica3_command32, best cost 240.308 + -706.163 = -465.856 over 308 frames.
pp46-domotica3_command32 alle uit in de deur dicht van de kamer 
LOG (lattice-best-path[5.5.569~1-6f329]:main():lattice-best-path.cc:99) For utterance pp46-domotica3_command33, best cost 227.47 + -619.317 = -391.846 over 274 frames.
pp46-domotica3_command33 alle uit in wil je de deur van de slaapkamer open doen 
LOG (lattice-best-path[5.5.569~1-6f329]:main():lattice-best-path.cc:99) For utterance pp46-domotica3_command34, best cost 287.889 + -774.615 = -486.726 over 361 frames.
pp46-domotica3_command34 alle wil je het licht aansteken boven het bed alle lichten 
LOG (lattice-best-path[5.5.569~1-6f329]:main():lattice-best-path.cc:99) For utterance pp46-domotica3_command35, best cost 211.715 + -623.899 = -412.184 over 268 frames.
pp46-domotica3_command35 alle lichten doe het licht uit in de slaapkamer 
LOG (lattice-best-path[5.5.569~1-6f329]:main():lattice-best-path.cc:99) For utterance pp46-domotica3_command36, best cost 198.432 + -542.232 = -343.8 over 248 frames.
pp46-domotica3_command36 alle lichten doe de deur dicht in de woonkamer 
LOG (lattice-best-path[5.5.569~1-6f329]:main():lattice-best-path.cc:99) For utterance pp46-domotica3_command37, best cost 160.189 + -420.994 = -260.805 over 190 frames.
pp46-domotica3_command37 alle doen open de deur 
LOG (lattice-best-path[5.5.569~1-6f329]:main():lattice-best-path.cc:99) For utterance pp46-domotica3_command38, best cost 243.13 + -657.908 = -414.777 over 297 frames.
pp46-domotica3_command38 alle uit in doe alle lichten uit in de zitkamer en de keuken 
LOG (lattice-best-path[5.5.569~1-6f329]:main():lattice-best-path.cc:99) For utterance pp46-domotica3_command39, best cost 180.356 + -485.879 = -305.523 over 232 frames.
pp46-domotica3_command39 alle hoofdeinde op stand een 
LOG (lattice-best-path[5.5.569~1-6f329]:main():lattice-best-path.cc:99) For utterance pp46-domotica3_command4, best cost 192.683 + -484.086 = -291.403 over 239 frames.
pp46-domotica3_command4 alle doen hoofdeinde op stand drie 
LOG (lattice-best-path[5.5.569~1-6f329]:main():lattice-best-path.cc:99) For utterance pp46-domotica3_command40, best cost 167.472 + -435.657 = -268.185 over 201 frames.
pp46-domotica3_command40 alle uit in hoofdeinde op stand twee 
LOG (lattice-best-path[5.5.569~1-6f329]:main():lattice-best-path.cc:99) For utterance pp46-domotica3_command41, best cost 154.302 + -376.697 = -222.395 over 182 frames.
pp46-domotica3_command41 alle uit in hoofdeinde op stand een 
LOG (lattice-best-path[5.5.569~1-6f329]:main():lattice-best-path.cc:99) For utterance pp46-domotica3_command42, best cost 211.305 + -587.762 = -376.457 over 267 frames.
pp46-domotica3_command42 alle doe de deur dicht van de kamer 
LOG (lattice-best-path[5.5.569~1-6f329]:main():lattice-best-path.cc:99) For utterance pp46-domotica3_command43, best cost 220.947 + -575.789 = -354.842 over 277 frames.
pp46-domotica3_command43 alle wil je de deur van de slaapkamer open doen 
LOG (lattice-best-path[5.5.569~1-6f329]:main():lattice-best-path.cc:99) For utterance pp46-domotica3_command44, best cost 275.007 + -734.291 = -459.284 over 330 frames.
pp46-domotica3_command44 alle uit in wil je het licht aansteken boven het bed alle lichten 
LOG (lattice-best-path[5.5.569~1-6f329]:main():lattice-best-path.cc:99) For utterance pp46-domotica3_command45, best cost 199.836 + -481.806 = -281.97 over 252 frames.
pp46-domotica3_command45 alle doe het licht uit in de slaapkamer 
LOG (lattice-best-path[5.5.569~1-6f329]:main():lattice-best-path.cc:99) For utterance pp46-domotica3_command46, best cost 194.067 + -453.722 = -259.656 over 242 frames.
pp46-domotica3_command46 alle uit in de deur dicht in de woonkamer 
LOG (lattice-best-path[5.5.569~1-6f329]:main():lattice-best-path.cc:99) For utterance pp46-domotica3_command47, best cost 190.791 + -499.289 = -308.499 over 249 frames.
pp46-domotica3_command47 alle open doen 
LOG (lattice-best-path[5.5.569~1-6f329]:main():lattice-best-path.cc:99) For utterance pp46-domotica3_command48, best cost 230.655 + -572.426 = -341.772 over 279 frames.
pp46-domotica3_command48 alle uit in doe alle lichten uit in de zitkamer en de keuken 
LOG (lattice-best-path[5.5.569~1-6f329]:main():lattice-best-path.cc:99) For utterance pp46-domotica3_command49, best cost 169.959 + -400.982 = -231.023 over 217 frames.
pp46-domotica3_command49 aansteken hoofdeinde op stand een 
LOG (lattice-best-path[5.5.569~1-6f329]:main():lattice-best-path.cc:99) For utterance pp46-domotica3_command5, best cost 260.887 + -622.255 = -361.369 over 323 frames.
pp46-domotica3_command5 alle wil je het licht aansteken boven het bed het licht 
LOG (lattice-best-path[5.5.569~1-6f329]:main():lattice-best-path.cc:99) For utterance pp46-domotica3_command50, best cost 176.889 + -431.428 = -254.539 over 227 frames.
pp46-domotica3_command50 alle hoofdeinde op stand twee 
LOG (lattice-best-path[5.5.569~1-6f329]:main():lattice-best-path.cc:99) For utterance pp46-domotica3_command51, best cost 156.382 + -361.819 = -205.438 over 185 frames.
pp46-domotica3_command51 alle uit in hoofdeinde op stand twee 
LOG (lattice-best-path[5.5.569~1-6f329]:main():lattice-best-path.cc:99) For utterance pp46-domotica3_command52, best cost 164.905 + -432.068 = -267.163 over 210 frames.
pp46-domotica3_command52 uit in de deur dicht van de kamer 
LOG (lattice-best-path[5.5.569~1-6f329]:main():lattice-best-path.cc:99) For utterance pp46-domotica3_command53, best cost 213.865 + -548.89 = -335.025 over 256 frames.
pp46-domotica3_command53 alle in wil je de deur van de slaapkamer open doen 
LOG (lattice-best-path[5.5.569~1-6f329]:main():lattice-best-path.cc:99) For utterance pp46-domotica3_command54, best cost 267.097 + -695.956 = -428.859 over 331 frames.
pp46-domotica3_command54 alle wil je het licht aansteken boven het bed alle lichten 
LOG (lattice-best-path[5.5.569~1-6f329]:main():lattice-best-path.cc:99) For utterance pp46-domotica3_command55, best cost 228.948 + -616.077 = -387.128 over 294 frames.
pp46-domotica3_command55 alle doe het licht uit in de slaapkamer 
LOG (lattice-best-path[5.5.569~1-6f329]:main():lattice-best-path.cc:99) For utterance pp46-domotica3_command56, best cost 209.169 + -563.687 = -354.518 over 263 frames.
pp46-domotica3_command56 uit in doe de deur dicht in de woonkamer 
LOG (lattice-best-path[5.5.569~1-6f329]:main():lattice-best-path.cc:99) For utterance pp46-domotica3_command57, best cost 157.205 + -412.643 = -255.438 over 192 frames.
pp46-domotica3_command57 uit in open de 
LOG (lattice-best-path[5.5.569~1-6f329]:main():lattice-best-path.cc:99) For utterance pp46-domotica3_command58, best cost 227.88 + -591.139 = -363.259 over 292 frames.
pp46-domotica3_command58 uit in doe alle lichten uit in de kamer 
LOG (lattice-best-path[5.5.569~1-6f329]:main():lattice-best-path.cc:99) For utterance pp46-domotica3_command59, best cost 175.79 + -457.692 = -281.903 over 213 frames.
pp46-domotica3_command59 alle uit in hoofdeinde op stand een 
LOG (lattice-best-path[5.5.569~1-6f329]:main():lattice-best-path.cc:99) For utterance pp46-domotica3_command6, best cost 217.954 + -542.493 = -324.539 over 277 frames.
pp46-domotica3_command6 alle lichten doe het licht uit in de slaapkamer 
LOG (lattice-best-path[5.5.569~1-6f329]:main():lattice-best-path.cc:99) For utterance pp46-domotica3_command60, best cost 154.016 + -373.005 = -218.989 over 194 frames.
pp46-domotica3_command60 alle hoofdeinde op stand twee 
LOG (lattice-best-path[5.5.569~1-6f329]:main():lattice-best-path.cc:99) For utterance pp46-domotica3_command61, best cost 138.767 + -315.724 = -176.957 over 172 frames.
pp46-domotica3_command61 alle hoofdeinde op stand twee 
LOG (lattice-best-path[5.5.569~1-6f329]:main():lattice-best-path.cc:99) For utterance pp46-domotica3_command62, best cost 179.31 + -405.508 = -226.198 over 220 frames.
pp46-domotica3_command62 alle uit in de deur dicht van de kamer 
LOG (lattice-best-path[5.5.569~1-6f329]:main():lattice-best-path.cc:99) For utterance pp46-domotica3_command63, best cost 221.487 + -522.034 = -300.546 over 267 frames.
pp46-domotica3_command63 alle in wil je de deur van de slaapkamer open doen 
LOG (lattice-best-path[5.5.569~1-6f329]:main():lattice-best-path.cc:99) For utterance pp46-domotica3_command64, best cost 273.621 + -624.98 = -351.36 over 328 frames.
pp46-domotica3_command64 alle uit in wil je het licht aansteken boven het bed alle lichten 
LOG (lattice-best-path[5.5.569~1-6f329]:main():lattice-best-path.cc:99) For utterance pp46-domotica3_command65, best cost 199.58 + -473.399 = -273.819 over 250 frames.
pp46-domotica3_command65 uit in doe het licht uit in de slaapkamer 
LOG (lattice-best-path[5.5.569~1-6f329]:main():lattice-best-path.cc:99) For utterance pp46-domotica3_command66, best cost 198.879 + -477.388 = -278.509 over 239 frames.
pp46-domotica3_command66 alle doen doe de deur dicht in de woonkamer 
LOG (lattice-best-path[5.5.569~1-6f329]:main():lattice-best-path.cc:99) For utterance pp46-domotica3_command67, best cost 155.486 + -370.835 = -215.348 over 194 frames.
pp46-domotica3_command67 alle open de deur 
LOG (lattice-best-path[5.5.569~1-6f329]:main():lattice-best-path.cc:99) For utterance pp46-domotica3_command68, best cost 236.162 + -585.586 = -349.424 over 287 frames.
pp46-domotica3_command68 alle uit in doe alle lichten uit in de zitkamer en de deur 
LOG (lattice-best-path[5.5.569~1-6f329]:main():lattice-best-path.cc:99) For utterance pp46-domotica3_command69, best cost 169.701 + -387.124 = -217.422 over 215 frames.
pp46-domotica3_command69 uit in hoofdeinde op stand een 
LOG (lattice-best-path[5.5.569~1-6f329]:main():lattice-best-path.cc:99) For utterance pp46-domotica3_command7, best cost 205.157 + -554.136 = -348.979 over 258 frames.
pp46-domotica3_command7 alle uit in de deur dicht in de woonkamer 
LOG (lattice-best-path[5.5.569~1-6f329]:main():lattice-best-path.cc:99) For utterance pp46-domotica3_command70, best cost 154.302 + -312.878 = -158.576 over 182 frames.
pp46-domotica3_command70 alle uit in hoofdeinde op stand twee 
LOG (lattice-best-path[5.5.569~1-6f329]:main():lattice-best-path.cc:99) For utterance pp46-domotica3_command71, best cost 153.173 + -333.179 = -180.005 over 182 frames.
pp46-domotica3_command71 alle doen hoofdeinde op stand twee 
LOG (lattice-best-path[5.5.569~1-6f329]:main():lattice-best-path.cc:99) For utterance pp46-domotica3_command72, best cost 185.737 + -410.048 = -224.311 over 221 frames.
pp46-domotica3_command72 alle uit in de de deur dicht van de kamer 
LOG (lattice-best-path[5.5.569~1-6f329]:main():lattice-best-path.cc:99) For utterance pp46-domotica3_command73, best cost 201.281 + -470.071 = -268.79 over 247 frames.
pp46-domotica3_command73 uit in wil je de deur van de slaapkamer open doen 
LOG (lattice-best-path[5.5.569~1-6f329]:main():lattice-best-path.cc:99) For utterance pp46-domotica3_command74, best cost 269.667 + -627.449 = -357.781 over 326 frames.
pp46-domotica3_command74 alle wil je het licht aansteken boven het bed aansteken licht 
LOG (lattice-best-path[5.5.569~1-6f329]:main():lattice-best-path.cc:99) For utterance pp46-domotica3_command75, best cost 206.067 + -513.423 = -307.356 over 254 frames.
pp46-domotica3_command75 alle doe het licht uit in slaapkamer 
LOG (lattice-best-path[5.5.569~1-6f329]:main():lattice-best-path.cc:99) For utterance pp46-domotica3_command76, best cost 181.007 + -446.898 = -265.891 over 224 frames.
pp46-domotica3_command76 alle doe de deur dicht in de woonkamer 
LOG (lattice-best-path[5.5.569~1-6f329]:main():lattice-best-path.cc:99) For utterance pp46-domotica3_command77, best cost 155.337 + -385.682 = -230.345 over 183 frames.
pp46-domotica3_command77 alle doen open de deur 
LOG (lattice-best-path[5.5.569~1-6f329]:main():lattice-best-path.cc:99) For utterance pp46-domotica3_command78, best cost 211.502 + -540.644 = -329.142 over 270 frames.
pp46-domotica3_command78 alle doe alle lichten uit in de kamer 
LOG (lattice-best-path[5.5.569~1-6f329]:main():lattice-best-path.cc:99) For utterance pp46-domotica3_command79, best cost 179.256 + -408.811 = -229.554 over 218 frames.
pp46-domotica3_command79 alle uit in hoofdeinde op stand een 
LOG (lattice-best-path[5.5.569~1-6f329]:main():lattice-best-path.cc:99) For utterance pp46-domotica3_command8, best cost 164.933 + -442.814 = -277.881 over 206 frames.
pp46-domotica3_command8 uit in open de deur 
LOG (lattice-best-path[5.5.569~1-6f329]:main():lattice-best-path.cc:99) For utterance pp46-domotica3_command80, best cost 171.194 + -404.891 = -233.697 over 208 frames.
pp46-domotica3_command80 alle doen hoofdeinde op stand twee 
LOG (lattice-best-path[5.5.569~1-6f329]:main():lattice-best-path.cc:99) For utterance pp46-domotica3_command81, best cost 189.115 + -430.967 = -241.853 over 224 frames.
pp46-domotica3_command81 alle je een hoofdeinde op stand twee 
LOG (lattice-best-path[5.5.569~1-6f329]:main():lattice-best-path.cc:99) For utterance pp46-domotica3_command82, best cost 195.696 + -457.54 = -261.844 over 231 frames.
pp46-domotica3_command82 alle dicht in doe de deur dicht van de kamer 
LOG (lattice-best-path[5.5.569~1-6f329]:main():lattice-best-path.cc:99) For utterance pp46-domotica3_command83, best cost 232.58 + -558.007 = -325.428 over 283 frames.
pp46-domotica3_command83 alle doen wil je de deur van de slaapkamer open doen 
LOG (lattice-best-path[5.5.569~1-6f329]:main():lattice-best-path.cc:99) For utterance pp46-domotica3_command84, best cost 281.902 + -719.744 = -437.842 over 335 frames.
pp46-domotica3_command84 alle in wil je het licht aansteken boven het aansteken licht 
LOG (lattice-best-path[5.5.569~1-6f329]:main():lattice-best-path.cc:99) For utterance pp46-domotica3_command85, best cost 202.61 + -553.122 = -350.513 over 256 frames.
pp46-domotica3_command85 alle doe het licht uit in de slaapkamer 
LOG (lattice-best-path[5.5.569~1-6f329]:main():lattice-best-path.cc:99) For utterance pp46-domotica3_command86, best cost 194.773 + -513.3 = -318.527 over 234 frames.
pp46-domotica3_command86 alle dicht doe de deur dicht in de woonkamer 
LOG (lattice-best-path[5.5.569~1-6f329]:main():lattice-best-path.cc:99) For utterance pp46-domotica3_command87, best cost 139.287 + -373.136 = -233.849 over 169 frames.
pp46-domotica3_command87 uit in open de deur 
LOG (lattice-best-path[5.5.569~1-6f329]:main():lattice-best-path.cc:99) For utterance pp46-domotica3_command88, best cost 208.336 + -533.202 = -324.866 over 270 frames.
pp46-domotica3_command88 doe alle lichten uit in de zitkamer en de keuken 
LOG (lattice-best-path[5.5.569~1-6f329]:main():lattice-best-path.cc:99) For utterance pp46-domotica3_command89, best cost 188.115 + -464.03 = -275.914 over 220 frames.
pp46-domotica3_command89 alle uit in hoofdeinde op stand twee een 
LOG (lattice-best-path[5.5.569~1-6f329]:main():lattice-best-path.cc:99) For utterance pp46-domotica3_command9, best cost 237.584 + -658.983 = -421.398 over 306 frames.
pp46-domotica3_command9 uit in doe alle lichten uit in de kamer 
LOG (lattice-scale[5.5.569~1-6f329]:main():lattice-scale.cc:107) Done 97 lattices.
LOG (lattice-best-path[5.5.569~1-6f329]:main():lattice-best-path.cc:99) For utterance pp46-domotica3_command90, best cost 144.408 + -344.758 = -200.349 over 179 frames.
pp46-domotica3_command90 alle lichten hoofdeinde op stand twee 
LOG (lattice-best-path[5.5.569~1-6f329]:main():lattice-best-path.cc:99) For utterance pp46-domotica3_command91, best cost 149.013 + -358.483 = -209.469 over 176 frames.
pp46-domotica3_command91 alle in hoofdeinde op stand twee 
LOG (lattice-best-path[5.5.569~1-6f329]:main():lattice-best-path.cc:99) For utterance pp46-domotica3_command92, best cost 223.128 + -593.371 = -370.243 over 294 frames.
pp46-domotica3_command92 uit in de deur dicht van de kamer 
LOG (lattice-best-path[5.5.569~1-6f329]:main():lattice-best-path.cc:99) For utterance pp46-domotica3_command93, best cost 235.095 + -623.458 = -388.363 over 285 frames.
pp46-domotica3_command93 alle uit in wil je de deur van de slaapkamer open doen 
LOG (lattice-best-path[5.5.569~1-6f329]:main():lattice-best-path.cc:99) For utterance pp46-domotica3_command94, best cost 256.943 + -713.179 = -456.236 over 324 frames.
pp46-domotica3_command94 alle wil je het licht aansteken boven het bed woonkamer 
LOG (lattice-best-path[5.5.569~1-6f329]:main():lattice-best-path.cc:99) For utterance pp46-domotica3_command95, best cost 195.526 + -491.061 = -295.535 over 235 frames.
pp46-domotica3_command95 alle in doe het licht uit in de slaapkamer 
LOG (lattice-add-penalty[5.5.569~1-6f329]:main():lattice-add-penalty.cc:62) Done adding word insertion penalty to 97 lattices.
LOG (lattice-best-path[5.5.569~1-6f329]:main():lattice-best-path.cc:99) For utterance pp46-domotica3_command96, best cost 185.858 + -468.871 = -283.013 over 231 frames.
pp46-domotica3_command96 alle doe de deur dicht in de woonkamer 
LOG (lattice-best-path[5.5.569~1-6f329]:main():lattice-best-path.cc:99) For utterance pp46-domotica3_command97, best cost 158.544 + -426.704 = -268.159 over 186 frames.
pp46-domotica3_command97 alle uit in open de deur 
LOG (lattice-best-path[5.5.569~1-6f329]:main():lattice-best-path.cc:124) Overall cost per frame is -1.2639 = 0.807693 [graph] + -2.07159 [acoustic] over 24189 frames.
LOG (lattice-best-path[5.5.569~1-6f329]:main():lattice-best-path.cc:128) Done 97 lattices, failed for 0
# Accounting: time=0 threads=1
# Ended (code 0) at Tue Mar 23 10:15:27 CET 2021, elapsed time 0 seconds
