# gunzip -c exp/percgncopas5k/chain_s/tdnn1k_sp/decode_test_5g_400k/depth_stats_tmp.*.gz | steps/diagnostic/analyze_lattice_depth_stats.py exp/percgncopas5k/chain_s/tree_sp/graph_5g_400k 
# Started at Tue Mar 23 10:29:33 CET 2021
#
The total amount of data analyzed assuming 100 frames per second is 0.1 hours
Overall, lattice depth (10,50,90-percentile)=(1,2,11) and mean=4.6
Nonsilence phones as a group account for 50.8% of frames, with lattice depth (10,50,90-percentile)=(1,2,15) and mean=5.5
Phone SIL accounts for 49.2% of frames, with lattice depth (10,50,90-percentile)=(1,2,8) and mean=3.7
Phone n_E accounts for 5.0% of frames, with lattice depth (10,50,90-percentile)=(1,4,18) and mean=7.7
Phone A_B accounts for 3.5% of frames, with lattice depth (10,50,90-percentile)=(1,3,11) and mean=4.7
Phone l_E accounts for 3.2% of frames, with lattice depth (10,50,90-percentile)=(3,11,22) and mean=12.0
Phone a_I accounts for 2.3% of frames, with lattice depth (10,50,90-percentile)=(1,2,5) and mean=2.7
Phone t_E accounts for 2.3% of frames, with lattice depth (10,50,90-percentile)=(1,3,15) and mean=6.3
Phone r_E accounts for 2.0% of frames, with lattice depth (10,50,90-percentile)=(1,1,7) and mean=3.1
Phone t_I accounts for 1.8% of frames, with lattice depth (10,50,90-percentile)=(1,2,9) and mean=3.8
Phone k_I accounts for 1.7% of frames, with lattice depth (10,50,90-percentile)=(1,2,5) and mean=2.6
Phone l_B accounts for 1.7% of frames, with lattice depth (10,50,90-percentile)=(1,9,27) and mean=11.4
Phone d_B accounts for 1.6% of frames, with lattice depth (10,50,90-percentile)=(1,4,17) and mean=7.3
Phone Y+_B accounts for 1.4% of frames, with lattice depth (10,50,90-percentile)=(1,6,17) and mean=7.6
Phone @_I accounts for 1.4% of frames, with lattice depth (10,50,90-percentile)=(1,1,4) and mean=2.1
Phone p_E accounts for 1.2% of frames, with lattice depth (10,50,90-percentile)=(1,1,8) and mean=3.2
Phone l_I accounts for 1.2% of frames, with lattice depth (10,50,90-percentile)=(1,4,18) and mean=6.9
Phone @_E accounts for 1.1% of frames, with lattice depth (10,50,90-percentile)=(1,2,13) and mean=4.9
Phone m_I accounts for 1.1% of frames, with lattice depth (10,50,90-percentile)=(1,1,6) and mean=2.6
Phone r_B accounts for 1.1% of frames, with lattice depth (10,50,90-percentile)=(4,12,24) and mean=13.1
Phone I_B accounts for 1.1% of frames, with lattice depth (10,50,90-percentile)=(2,10,23) and mean=11.6
Phone n_I accounts for 1.1% of frames, with lattice depth (10,50,90-percentile)=(1,1,5) and mean=2.4
Phone O_B accounts for 1.0% of frames, with lattice depth (10,50,90-percentile)=(1,1,2) and mean=2.7
Phone a_B accounts for 1.0% of frames, with lattice depth (10,50,90-percentile)=(1,1,9) and mean=2.7
Phone s_B accounts for 0.9% of frames, with lattice depth (10,50,90-percentile)=(1,2,13) and mean=4.5
Phone o_I accounts for 0.8% of frames, with lattice depth (10,50,90-percentile)=(1,2,7) and mean=2.9
Phone I_I accounts for 0.8% of frames, with lattice depth (10,50,90-percentile)=(1,4,16) and mean=7.6
Phone A_I accounts for 0.8% of frames, with lattice depth (10,50,90-percentile)=(1,1,8) and mean=2.6
Phone p_I accounts for 0.7% of frames, with lattice depth (10,50,90-percentile)=(1,1,3) and mean=1.7
Phone x_I accounts for 0.6% of frames, with lattice depth (10,50,90-percentile)=(1,4,14) and mean=6.0
Phone d_I accounts for 0.5% of frames, with lattice depth (10,50,90-percentile)=(1,1,6) and mean=3.1
# Accounting: time=0 threads=1
# Ended (code 0) at Tue Mar 23 10:29:33 CET 2021, elapsed time 0 seconds
