# nnet3-latgen-faster-parallel --num-threads=4 --online-ivectors=scp:exp/percgncopas5k/train/nnet3_s/ivectors_test_hires/ivector_online.scp --online-ivector-period=10 --frame-subsampling-factor=3 --frames-per-chunk=140 --extra-left-context=0 --extra-right-context=0 --extra-left-context-initial=-1 --extra-right-context-final=-1 --minimize=false --max-active=7000 --min-active=200 --beam=15.0 --lattice-beam=8.0 --acoustic-scale=1.0 --allow-partial=true --word-symbol-table=exp/percgncopas5k/chain_s/tree_sp/graph_5g_400k/words.txt exp/percgncopas5k/chain_s/tdnn1k_sp/final.mdl exp/percgncopas5k/chain_s/tree_sp/graph_5g_400k/HCLG.fst "ark,s,cs:apply-cmvn --norm-means=false --norm-vars=false --utt2spk=ark:data-percgncopas5k/test_hires/split1/1/utt2spk scp:data-percgncopas5k/test_hires/split1/1/cmvn.scp scp:data-percgncopas5k/test_hires/split1/1/feats.scp ark:- |" "ark:|lattice-scale --acoustic-scale=10.0 ark:- ark:- | gzip -c >exp/percgncopas5k/chain_s/tdnn1k_sp/decode_test_5g_400k/lat.1.gz" 
# Started at Tue Mar 23 10:01:52 CET 2021
#
nnet3-latgen-faster-parallel --num-threads=4 --online-ivectors=scp:exp/percgncopas5k/train/nnet3_s/ivectors_test_hires/ivector_online.scp --online-ivector-period=10 --frame-subsampling-factor=3 --frames-per-chunk=140 --extra-left-context=0 --extra-right-context=0 --extra-left-context-initial=-1 --extra-right-context-final=-1 --minimize=false --max-active=7000 --min-active=200 --beam=15.0 --lattice-beam=8.0 --acoustic-scale=1.0 --allow-partial=true --word-symbol-table=exp/percgncopas5k/chain_s/tree_sp/graph_5g_400k/words.txt exp/percgncopas5k/chain_s/tdnn1k_sp/final.mdl exp/percgncopas5k/chain_s/tree_sp/graph_5g_400k/HCLG.fst 'ark,s,cs:apply-cmvn --norm-means=false --norm-vars=false --utt2spk=ark:data-percgncopas5k/test_hires/split1/1/utt2spk scp:data-percgncopas5k/test_hires/split1/1/cmvn.scp scp:data-percgncopas5k/test_hires/split1/1/feats.scp ark:- |' 'ark:|lattice-scale --acoustic-scale=10.0 ark:- ark:- | gzip -c >exp/percgncopas5k/chain_s/tdnn1k_sp/decode_test_5g_400k/lat.1.gz' 
LOG (nnet3-latgen-faster-parallel[5.5.569~1-6f329]:RemoveOrphanNodes():nnet-nnet.cc:948) Removed 1 orphan nodes.
LOG (nnet3-latgen-faster-parallel[5.5.569~1-6f329]:RemoveOrphanComponents():nnet-nnet.cc:847) Removing 2 orphan components.
LOG (nnet3-latgen-faster-parallel[5.5.569~1-6f329]:Collapse():nnet-utils.cc:1472) Added 1 components, removed 2
lattice-scale --acoustic-scale=10.0 ark:- ark:- 
apply-cmvn --norm-means=false --norm-vars=false --utt2spk=ark:data-percgncopas5k/test_hires/split1/1/utt2spk scp:data-percgncopas5k/test_hires/split1/1/cmvn.scp scp:data-percgncopas5k/test_hires/split1/1/feats.scp ark:- 
LOG (nnet3-latgen-faster-parallel[5.5.569~1-6f329]:CheckAndFixConfigs():nnet-am-decodable-simple.cc:294) Increasing --frames-per-chunk from 140 to 141 to make it a multiple of --frame-subsampling-factor=3
pp33-domotica3_command1 een stand twee 
LOG (nnet3-latgen-faster-parallel[5.5.569~1-6f329]:~DecodeUtteranceLatticeFasterClass():decoder-wrappers.cc:180) Log-like per frame for utterance pp33-domotica3_command1 is 1.46594 over 537 frames.
LOG (nnet3-latgen-faster-parallel[5.5.569~1-6f329]:~CachingOptimizingCompiler():nnet-optimize.cc:710) 0.0487 seconds taken in nnet3 compilation total (breakdown: 0.0387 compilation, 0.00639 optimization, 0 shortcut expansion, 0.00118 checking, 4.05e-06 computing indexes, 0.00246 misc.) + 0 I/O.
pp33-domotica3_command10 hoofdeinde op stand drie 
LOG (nnet3-latgen-faster-parallel[5.5.569~1-6f329]:~DecodeUtteranceLatticeFasterClass():decoder-wrappers.cc:180) Log-like per frame for utterance pp33-domotica3_command10 is 1.41269 over 506 frames.
LOG (nnet3-latgen-faster-parallel[5.5.569~1-6f329]:~CachingOptimizingCompiler():nnet-optimize.cc:710) 0.0621 seconds taken in nnet3 compilation total (breakdown: 0.051 compilation, 0.00651 optimization, 0 shortcut expansion, 0.00125 checking, 3.1e-06 computing indexes, 0.00334 misc.) + 0 I/O.
pp33-domotica3_command100 een 
LOG (nnet3-latgen-faster-parallel[5.5.569~1-6f329]:~DecodeUtteranceLatticeFasterClass():decoder-wrappers.cc:180) Log-like per frame for utterance pp33-domotica3_command100 is 1.28949 over 507 frames.
LOG (nnet3-latgen-faster-parallel[5.5.569~1-6f329]:~CachingOptimizingCompiler():nnet-optimize.cc:710) 0.068 seconds taken in nnet3 compilation total (breakdown: 0.0563 compilation, 0.00696 optimization, 0 shortcut expansion, 0.00136 checking, 2.86e-06 computing indexes, 0.00341 misc.) + 0 I/O.
pp33-domotica3_command101 een 
LOG (nnet3-latgen-faster-parallel[5.5.569~1-6f329]:~DecodeUtteranceLatticeFasterClass():decoder-wrappers.cc:180) Log-like per frame for utterance pp33-domotica3_command101 is 1.27233 over 366 frames.
LOG (nnet3-latgen-faster-parallel[5.5.569~1-6f329]:~CachingOptimizingCompiler():nnet-optimize.cc:710) 0.0937 seconds taken in nnet3 compilation total (breakdown: 0.0768 compilation, 0.00946 optimization, 0 shortcut expansion, 0.0018 checking, 5.25e-06 computing indexes, 0.00565 misc.) + 0 I/O.
pp33-domotica3_command102 een een 
LOG (nnet3-latgen-faster-parallel[5.5.569~1-6f329]:~DecodeUtteranceLatticeFasterClass():decoder-wrappers.cc:180) Log-like per frame for utterance pp33-domotica3_command102 is 1.35471 over 477 frames.
LOG (nnet3-latgen-faster-parallel[5.5.569~1-6f329]:~CachingOptimizingCompiler():nnet-optimize.cc:710) 0.058 seconds taken in nnet3 compilation total (breakdown: 0.0459 compilation, 0.00711 optimization, 0 shortcut expansion, 0.00137 checking, 5.01e-06 computing indexes, 0.00353 misc.) + 0 I/O.
pp33-domotica3_command103 een 
LOG (nnet3-latgen-faster-parallel[5.5.569~1-6f329]:~DecodeUtteranceLatticeFasterClass():decoder-wrappers.cc:180) Log-like per frame for utterance pp33-domotica3_command103 is 1.50851 over 555 frames.
LOG (nnet3-latgen-faster-parallel[5.5.569~1-6f329]:~CachingOptimizingCompiler():nnet-optimize.cc:710) 0.079 seconds taken in nnet3 compilation total (breakdown: 0.0643 compilation, 0.00879 optimization, 0 shortcut expansion, 0.00188 checking, 5.96e-06 computing indexes, 0.00408 misc.) + 0 I/O.
pp33-domotica3_command104 een 
LOG (nnet3-latgen-faster-parallel[5.5.569~1-6f329]:~DecodeUtteranceLatticeFasterClass():decoder-wrappers.cc:180) Log-like per frame for utterance pp33-domotica3_command104 is 1.43495 over 518 frames.
LOG (nnet3-latgen-faster-parallel[5.5.569~1-6f329]:~CachingOptimizingCompiler():nnet-optimize.cc:710) 0.0463 seconds taken in nnet3 compilation total (breakdown: 0.0357 compilation, 0.00683 optimization, 0 shortcut expansion, 0.00129 checking, 4.05e-06 computing indexes, 0.00244 misc.) + 0 I/O.
pp33-domotica3_command105 
LOG (nnet3-latgen-faster-parallel[5.5.569~1-6f329]:~DecodeUtteranceLatticeFasterClass():decoder-wrappers.cc:180) Log-like per frame for utterance pp33-domotica3_command105 is 1.4145 over 503 frames.
LOG (nnet3-latgen-faster-parallel[5.5.569~1-6f329]:~CachingOptimizingCompiler():nnet-optimize.cc:710) 0.0807 seconds taken in nnet3 compilation total (breakdown: 0.0662 compilation, 0.00867 optimization, 0 shortcut expansion, 0.00169 checking, 5.96e-06 computing indexes, 0.00414 misc.) + 0 I/O.
pp33-domotica3_command106 een lampen uit 
LOG (nnet3-latgen-faster-parallel[5.5.569~1-6f329]:~DecodeUtteranceLatticeFasterClass():decoder-wrappers.cc:180) Log-like per frame for utterance pp33-domotica3_command106 is 1.4632 over 518 frames.
LOG (nnet3-latgen-faster-parallel[5.5.569~1-6f329]:~CachingOptimizingCompiler():nnet-optimize.cc:710) 0.0704 seconds taken in nnet3 compilation total (breakdown: 0.0546 compilation, 0.00939 optimization, 0 shortcut expansion, 0.00169 checking, 5.01e-06 computing indexes, 0.00468 misc.) + 0 I/O.
pp33-domotica3_command107 de drie 
LOG (nnet3-latgen-faster-parallel[5.5.569~1-6f329]:~DecodeUtteranceLatticeFasterClass():decoder-wrappers.cc:180) Log-like per frame for utterance pp33-domotica3_command107 is 1.48335 over 414 frames.
LOG (nnet3-latgen-faster-parallel[5.5.569~1-6f329]:~CachingOptimizingCompiler():nnet-optimize.cc:710) 0.0768 seconds taken in nnet3 compilation total (breakdown: 0.0622 compilation, 0.00746 optimization, 0 shortcut expansion, 0.00135 checking, 3.34e-06 computing indexes, 0.00577 misc.) + 0 I/O.
pp33-domotica3_command108 een 
LOG (nnet3-latgen-faster-parallel[5.5.569~1-6f329]:~DecodeUtteranceLatticeFasterClass():decoder-wrappers.cc:180) Log-like per frame for utterance pp33-domotica3_command108 is 1.4509 over 373 frames.
LOG (nnet3-latgen-faster-parallel[5.5.569~1-6f329]:~CachingOptimizingCompiler():nnet-optimize.cc:710) 0.0736 seconds taken in nnet3 compilation total (breakdown: 0.0609 compilation, 0.00722 optimization, 0 shortcut expansion, 0.00143 checking, 4.05e-06 computing indexes, 0.00408 misc.) + 0 I/O.
pp33-domotica3_command109 een 
LOG (nnet3-latgen-faster-parallel[5.5.569~1-6f329]:~DecodeUtteranceLatticeFasterClass():decoder-wrappers.cc:180) Log-like per frame for utterance pp33-domotica3_command109 is 1.48035 over 489 frames.
LOG (nnet3-latgen-faster-parallel[5.5.569~1-6f329]:~CachingOptimizingCompiler():nnet-optimize.cc:710) 0.0791 seconds taken in nnet3 compilation total (breakdown: 0.0637 compilation, 0.00923 optimization, 0 shortcut expansion, 0.00173 checking, 5.01e-06 computing indexes, 0.00444 misc.) + 0 I/O.
pp33-domotica3_command11 de slaapkamerdeur de 
LOG (nnet3-latgen-faster-parallel[5.5.569~1-6f329]:~DecodeUtteranceLatticeFasterClass():decoder-wrappers.cc:180) Log-like per frame for utterance pp33-domotica3_command11 is 1.70422 over 573 frames.
LOG (nnet3-latgen-faster-parallel[5.5.569~1-6f329]:~CachingOptimizingCompiler():nnet-optimize.cc:710) 0.0544 seconds taken in nnet3 compilation total (breakdown: 0.0422 compilation, 0.00715 optimization, 0 shortcut expansion, 0.0014 checking, 4.05e-06 computing indexes, 0.0037 misc.) + 0 I/O.
pp33-domotica3_command110 de 
LOG (nnet3-latgen-faster-parallel[5.5.569~1-6f329]:~DecodeUtteranceLatticeFasterClass():decoder-wrappers.cc:180) Log-like per frame for utterance pp33-domotica3_command110 is 1.27159 over 390 frames.
LOG (nnet3-latgen-faster-parallel[5.5.569~1-6f329]:~CachingOptimizingCompiler():nnet-optimize.cc:710) 0.0707 seconds taken in nnet3 compilation total (breakdown: 0.0562 compilation, 0.00879 optimization, 0 shortcut expansion, 0.0017 checking, 4.05e-06 computing indexes, 0.004 misc.) + 0 I/O.
pp33-domotica3_command111 een 
LOG (nnet3-latgen-faster-parallel[5.5.569~1-6f329]:~DecodeUtteranceLatticeFasterClass():decoder-wrappers.cc:180) Log-like per frame for utterance pp33-domotica3_command111 is 1.39971 over 442 frames.
LOG (nnet3-latgen-faster-parallel[5.5.569~1-6f329]:~CachingOptimizingCompiler():nnet-optimize.cc:710) 0.0792 seconds taken in nnet3 compilation total (breakdown: 0.063 compilation, 0.00959 optimization, 0 shortcut expansion, 0.00191 checking, 3.81e-06 computing indexes, 0.00464 misc.) + 0 I/O.
pp33-domotica3_command112 
LOG (nnet3-latgen-faster-parallel[5.5.569~1-6f329]:~DecodeUtteranceLatticeFasterClass():decoder-wrappers.cc:180) Log-like per frame for utterance pp33-domotica3_command112 is 1.40697 over 438 frames.
LOG (nnet3-latgen-faster-parallel[5.5.569~1-6f329]:~CachingOptimizingCompiler():nnet-optimize.cc:710) 0.0729 seconds taken in nnet3 compilation total (breakdown: 0.0573 compilation, 0.00935 optimization, 0 shortcut expansion, 0.00183 checking, 5.01e-06 computing indexes, 0.00446 misc.) + 0 I/O.
pp33-domotica3_command115 een de 
LOG (nnet3-latgen-faster-parallel[5.5.569~1-6f329]:~DecodeUtteranceLatticeFasterClass():decoder-wrappers.cc:180) Log-like per frame for utterance pp33-domotica3_command115 is 1.34828 over 451 frames.
LOG (nnet3-latgen-faster-parallel[5.5.569~1-6f329]:~CachingOptimizingCompiler():nnet-optimize.cc:710) 0.07 seconds taken in nnet3 compilation total (breakdown: 0.0572 compilation, 0.00719 optimization, 0 shortcut expansion, 0.00139 checking, 3.81e-06 computing indexes, 0.0042 misc.) + 0 I/O.
pp33-domotica3_command116 de open een 
LOG (nnet3-latgen-faster-parallel[5.5.569~1-6f329]:~DecodeUtteranceLatticeFasterClass():decoder-wrappers.cc:180) Log-like per frame for utterance pp33-domotica3_command116 is 1.59774 over 582 frames.
LOG (nnet3-latgen-faster-parallel[5.5.569~1-6f329]:~CachingOptimizingCompiler():nnet-optimize.cc:710) 0.0803 seconds taken in nnet3 compilation total (breakdown: 0.0639 compilation, 0.00961 optimization, 0 shortcut expansion, 0.00192 checking, 5.96e-06 computing indexes, 0.00491 misc.) + 0 I/O.
pp33-domotica3_command117 een 
LOG (nnet3-latgen-faster-parallel[5.5.569~1-6f329]:~DecodeUtteranceLatticeFasterClass():decoder-wrappers.cc:180) Log-like per frame for utterance pp33-domotica3_command117 is 1.5837 over 725 frames.
LOG (nnet3-latgen-faster-parallel[5.5.569~1-6f329]:~CachingOptimizingCompiler():nnet-optimize.cc:710) 0.0612 seconds taken in nnet3 compilation total (breakdown: 0.0481 compilation, 0.00737 optimization, 0 shortcut expansion, 0.00159 checking, 3.81e-06 computing indexes, 0.00415 misc.) + 0 I/O.
pp33-domotica3_command118 aan een 
LOG (nnet3-latgen-faster-parallel[5.5.569~1-6f329]:~DecodeUtteranceLatticeFasterClass():decoder-wrappers.cc:180) Log-like per frame for utterance pp33-domotica3_command118 is 1.36539 over 907 frames.
LOG (nnet3-latgen-faster-parallel[5.5.569~1-6f329]:~CachingOptimizingCompiler():nnet-optimize.cc:710) 0.0828 seconds taken in nnet3 compilation total (breakdown: 0.066 compilation, 0.00956 optimization, 0 shortcut expansion, 0.00192 checking, 5.01e-06 computing indexes, 0.00523 misc.) + 0 I/O.
pp33-domotica3_command119 een de 
LOG (nnet3-latgen-faster-parallel[5.5.569~1-6f329]:~DecodeUtteranceLatticeFasterClass():decoder-wrappers.cc:180) Log-like per frame for utterance pp33-domotica3_command119 is 1.58141 over 497 frames.
LOG (nnet3-latgen-faster-parallel[5.5.569~1-6f329]:~CachingOptimizingCompiler():nnet-optimize.cc:710) 0.0826 seconds taken in nnet3 compilation total (breakdown: 0.0659 compilation, 0.00954 optimization, 0 shortcut expansion, 0.00171 checking, 5.96e-06 computing indexes, 0.00543 misc.) + 0 I/O.
pp33-domotica3_command13 deur open 
LOG (nnet3-latgen-faster-parallel[5.5.569~1-6f329]:~DecodeUtteranceLatticeFasterClass():decoder-wrappers.cc:180) Log-like per frame for utterance pp33-domotica3_command13 is 1.50881 over 470 frames.
LOG (nnet3-latgen-faster-parallel[5.5.569~1-6f329]:~CachingOptimizingCompiler():nnet-optimize.cc:710) 0.0622 seconds taken in nnet3 compilation total (breakdown: 0.0516 compilation, 0.00585 optimization, 0 shortcut expansion, 0.0011 checking, 4.05e-06 computing indexes, 0.00365 misc.) + 0 I/O.
pp33-domotica3_command14 de op 
LOG (nnet3-latgen-faster-parallel[5.5.569~1-6f329]:~DecodeUtteranceLatticeFasterClass():decoder-wrappers.cc:180) Log-like per frame for utterance pp33-domotica3_command14 is 1.56664 over 800 frames.
LOG (nnet3-latgen-faster-parallel[5.5.569~1-6f329]:~CachingOptimizingCompiler():nnet-optimize.cc:710) 0.0486 seconds taken in nnet3 compilation total (breakdown: 0.0373 compilation, 0.00702 optimization, 0 shortcut expansion, 0.00135 checking, 4.05e-06 computing indexes, 0.00297 misc.) + 0 I/O.
pp33-domotica3_command15 de slaapkamerdeur open 
LOG (nnet3-latgen-faster-parallel[5.5.569~1-6f329]:~DecodeUtteranceLatticeFasterClass():decoder-wrappers.cc:180) Log-like per frame for utterance pp33-domotica3_command15 is 1.44257 over 501 frames.
LOG (nnet3-latgen-faster-parallel[5.5.569~1-6f329]:~CachingOptimizingCompiler():nnet-optimize.cc:710) 0.083 seconds taken in nnet3 compilation total (breakdown: 0.0668 compilation, 0.00925 optimization, 0 shortcut expansion, 0.00177 checking, 5.01e-06 computing indexes, 0.0052 misc.) + 0 I/O.
pp33-domotica3_command16 voordeur de 
LOG (nnet3-latgen-faster-parallel[5.5.569~1-6f329]:~DecodeUtteranceLatticeFasterClass():decoder-wrappers.cc:180) Log-like per frame for utterance pp33-domotica3_command16 is 1.65505 over 435 frames.
LOG (nnet3-latgen-faster-parallel[5.5.569~1-6f329]:~CachingOptimizingCompiler():nnet-optimize.cc:710) 0.0543 seconds taken in nnet3 compilation total (breakdown: 0.0432 compilation, 0.00672 optimization, 0 shortcut expansion, 0.0013 checking, 4.05e-06 computing indexes, 0.0031 misc.) + 0 I/O.
pp33-domotica3_command17 deur open 
LOG (nnet3-latgen-faster-parallel[5.5.569~1-6f329]:~DecodeUtteranceLatticeFasterClass():decoder-wrappers.cc:180) Log-like per frame for utterance pp33-domotica3_command17 is 1.43359 over 388 frames.
LOG (nnet3-latgen-faster-parallel[5.5.569~1-6f329]:~CachingOptimizingCompiler():nnet-optimize.cc:710) 0.0791 seconds taken in nnet3 compilation total (breakdown: 0.062 compilation, 0.0101 optimization, 0 shortcut expansion, 0.00193 checking, 4.77e-06 computing indexes, 0.00496 misc.) + 0 I/O.
pp33-domotica3_command18 aan 
LOG (nnet3-latgen-faster-parallel[5.5.569~1-6f329]:~DecodeUtteranceLatticeFasterClass():decoder-wrappers.cc:180) Log-like per frame for utterance pp33-domotica3_command18 is 1.35643 over 438 frames.
LOG (nnet3-latgen-faster-parallel[5.5.569~1-6f329]:~CachingOptimizingCompiler():nnet-optimize.cc:710) 0.0555 seconds taken in nnet3 compilation total (breakdown: 0.0446 compilation, 0.00653 optimization, 0 shortcut expansion, 0.00125 checking, 3.81e-06 computing indexes, 0.00307 misc.) + 0 I/O.
pp33-domotica3_command19 hoofdeinde op stand een 
LOG (nnet3-latgen-faster-parallel[5.5.569~1-6f329]:~DecodeUtteranceLatticeFasterClass():decoder-wrappers.cc:180) Log-like per frame for utterance pp33-domotica3_command19 is 1.40211 over 687 frames.
LOG (nnet3-latgen-faster-parallel[5.5.569~1-6f329]:~CachingOptimizingCompiler():nnet-optimize.cc:710) 0.0787 seconds taken in nnet3 compilation total (breakdown: 0.0641 compilation, 0.00869 optimization, 0 shortcut expansion, 0.00163 checking, 4.05e-06 computing indexes, 0.00432 misc.) + 0 I/O.
pp33-domotica3_command2 op lampen deur een 
LOG (nnet3-latgen-faster-parallel[5.5.569~1-6f329]:~DecodeUtteranceLatticeFasterClass():decoder-wrappers.cc:180) Log-like per frame for utterance pp33-domotica3_command2 is 1.16317 over 287 frames.
LOG (nnet3-latgen-faster-parallel[5.5.569~1-6f329]:~CachingOptimizingCompiler():nnet-optimize.cc:710) 0.0496 seconds taken in nnet3 compilation total (breakdown: 0.0383 compilation, 0.0071 optimization, 0 shortcut expansion, 0.00143 checking, 4.77e-06 computing indexes, 0.0028 misc.) + 0 I/O.
pp33-domotica3_command20 op stand twee 
LOG (nnet3-latgen-faster-parallel[5.5.569~1-6f329]:~DecodeUtteranceLatticeFasterClass():decoder-wrappers.cc:180) Log-like per frame for utterance pp33-domotica3_command20 is 1.29071 over 406 frames.
LOG (nnet3-latgen-faster-parallel[5.5.569~1-6f329]:~CachingOptimizingCompiler():nnet-optimize.cc:710) 0.0932 seconds taken in nnet3 compilation total (breakdown: 0.0758 compilation, 0.00954 optimization, 0 shortcut expansion, 0.00179 checking, 5.01e-06 computing indexes, 0.00606 misc.) + 0 I/O.
pp33-domotica3_command21 hoofdeinde op stand drie 
LOG (nnet3-latgen-faster-parallel[5.5.569~1-6f329]:~DecodeUtteranceLatticeFasterClass():decoder-wrappers.cc:180) Log-like per frame for utterance pp33-domotica3_command21 is 1.31536 over 376 frames.
LOG (nnet3-latgen-faster-parallel[5.5.569~1-6f329]:~CachingOptimizingCompiler():nnet-optimize.cc:710) 0.0589 seconds taken in nnet3 compilation total (breakdown: 0.0483 compilation, 0.00592 optimization, 0 shortcut expansion, 0.00104 checking, 3.81e-06 computing indexes, 0.00357 misc.) + 0 I/O.
pp33-domotica3_command22 de slaapkamerdeur dicht 
LOG (nnet3-latgen-faster-parallel[5.5.569~1-6f329]:~DecodeUtteranceLatticeFasterClass():decoder-wrappers.cc:180) Log-like per frame for utterance pp33-domotica3_command22 is 1.54044 over 595 frames.
LOG (nnet3-latgen-faster-parallel[5.5.569~1-6f329]:~CachingOptimizingCompiler():nnet-optimize.cc:710) 0.103 seconds taken in nnet3 compilation total (breakdown: 0.0796 compilation, 0.0124 optimization, 0 shortcut expansion, 0.00228 checking, 6.2e-06 computing indexes, 0.00835 misc.) + 0 I/O.
pp33-domotica3_command23 de slaapkamerdeur open 
LOG (nnet3-latgen-faster-parallel[5.5.569~1-6f329]:~DecodeUtteranceLatticeFasterClass():decoder-wrappers.cc:180) Log-like per frame for utterance pp33-domotica3_command23 is 1.43897 over 401 frames.
LOG (nnet3-latgen-faster-parallel[5.5.569~1-6f329]:~CachingOptimizingCompiler():nnet-optimize.cc:710) 0.0604 seconds taken in nnet3 compilation total (breakdown: 0.0486 compilation, 0.00695 optimization, 0 shortcut expansion, 0.00124 checking, 5.01e-06 computing indexes, 0.00353 misc.) + 0 I/O.
pp33-domotica3_command24 de slaapkamerdeur open 
LOG (nnet3-latgen-faster-parallel[5.5.569~1-6f329]:~DecodeUtteranceLatticeFasterClass():decoder-wrappers.cc:180) Log-like per frame for utterance pp33-domotica3_command24 is 1.58306 over 603 frames.
LOG (nnet3-latgen-faster-parallel[5.5.569~1-6f329]:~CachingOptimizingCompiler():nnet-optimize.cc:710) 0.0701 seconds taken in nnet3 compilation total (breakdown: 0.0583 compilation, 0.00664 optimization, 0 shortcut expansion, 0.00119 checking, 4.05e-06 computing indexes, 0.00391 misc.) + 0 I/O.
pp33-domotica3_command25 de slaapkamerdeur open 
LOG (nnet3-latgen-faster-parallel[5.5.569~1-6f329]:~DecodeUtteranceLatticeFasterClass():decoder-wrappers.cc:180) Log-like per frame for utterance pp33-domotica3_command25 is 1.534 over 504 frames.
LOG (nnet3-latgen-faster-parallel[5.5.569~1-6f329]:~CachingOptimizingCompiler():nnet-optimize.cc:710) 0.0858 seconds taken in nnet3 compilation total (breakdown: 0.071 compilation, 0.00886 optimization, 0 shortcut expansion, 0.00175 checking, 5.01e-06 computing indexes, 0.00418 misc.) + 0 I/O.
pp33-domotica3_command26 alle lampen voordeur dicht 
LOG (nnet3-latgen-faster-parallel[5.5.569~1-6f329]:~DecodeUtteranceLatticeFasterClass():decoder-wrappers.cc:180) Log-like per frame for utterance pp33-domotica3_command26 is 1.61169 over 342 frames.
LOG (nnet3-latgen-faster-parallel[5.5.569~1-6f329]:~CachingOptimizingCompiler():nnet-optimize.cc:710) 0.0595 seconds taken in nnet3 compilation total (breakdown: 0.0456 compilation, 0.00711 optimization, 0 shortcut expansion, 0.00156 checking, 9.3e-06 computing indexes, 0.00524 misc.) + 0 I/O.
pp33-domotica3_command27 een deur open een 
LOG (nnet3-latgen-faster-parallel[5.5.569~1-6f329]:~DecodeUtteranceLatticeFasterClass():decoder-wrappers.cc:180) Log-like per frame for utterance pp33-domotica3_command27 is 1.54424 over 385 frames.
LOG (nnet3-latgen-faster-parallel[5.5.569~1-6f329]:~CachingOptimizingCompiler():nnet-optimize.cc:710) 0.0802 seconds taken in nnet3 compilation total (breakdown: 0.0637 compilation, 0.0097 optimization, 0 shortcut expansion, 0.00184 checking, 5.01e-06 computing indexes, 0.00501 misc.) + 0 I/O.
pp33-domotica3_command28 lampen uit 
LOG (nnet3-latgen-faster-parallel[5.5.569~1-6f329]:~DecodeUtteranceLatticeFasterClass():decoder-wrappers.cc:180) Log-like per frame for utterance pp33-domotica3_command28 is 1.53508 over 439 frames.
LOG (nnet3-latgen-faster-parallel[5.5.569~1-6f329]:~CachingOptimizingCompiler():nnet-optimize.cc:710) 0.0559 seconds taken in nnet3 compilation total (breakdown: 0.0446 compilation, 0.0069 optimization, 0 shortcut expansion, 0.00135 checking, 5.01e-06 computing indexes, 0.00314 misc.) + 0 I/O.
pp33-domotica3_command29 open op stand een 
LOG (nnet3-latgen-faster-parallel[5.5.569~1-6f329]:~DecodeUtteranceLatticeFasterClass():decoder-wrappers.cc:180) Log-like per frame for utterance pp33-domotica3_command29 is 1.39951 over 523 frames.
LOG (nnet3-latgen-faster-parallel[5.5.569~1-6f329]:~CachingOptimizingCompiler():nnet-optimize.cc:710) 0.0674 seconds taken in nnet3 compilation total (breakdown: 0.0524 compilation, 0.00903 optimization, 0 shortcut expansion, 0.00171 checking, 6.2e-06 computing indexes, 0.00426 misc.) + 0 I/O.
pp33-domotica3_command30 open twee op stand twee 
LOG (nnet3-latgen-faster-parallel[5.5.569~1-6f329]:~DecodeUtteranceLatticeFasterClass():decoder-wrappers.cc:180) Log-like per frame for utterance pp33-domotica3_command30 is 1.31331 over 507 frames.
LOG (nnet3-latgen-faster-parallel[5.5.569~1-6f329]:~CachingOptimizingCompiler():nnet-optimize.cc:710) 0.0913 seconds taken in nnet3 compilation total (breakdown: 0.0745 compilation, 0.00905 optimization, 0 shortcut expansion, 0.00171 checking, 4.05e-06 computing indexes, 0.00606 misc.) + 0 I/O.
pp33-domotica3_command31 open op stand drie 
LOG (nnet3-latgen-faster-parallel[5.5.569~1-6f329]:~DecodeUtteranceLatticeFasterClass():decoder-wrappers.cc:180) Log-like per frame for utterance pp33-domotica3_command31 is 1.25094 over 421 frames.
LOG (nnet3-latgen-faster-parallel[5.5.569~1-6f329]:~CachingOptimizingCompiler():nnet-optimize.cc:710) 0.0938 seconds taken in nnet3 compilation total (breakdown: 0.0759 compilation, 0.00966 optimization, 0 shortcut expansion, 0.00181 checking, 4.29e-06 computing indexes, 0.00644 misc.) + 0 I/O.
pp33-domotica3_command32 uit lampen de drie 
LOG (nnet3-latgen-faster-parallel[5.5.569~1-6f329]:~DecodeUtteranceLatticeFasterClass():decoder-wrappers.cc:180) Log-like per frame for utterance pp33-domotica3_command32 is 1.40438 over 544 frames.
LOG (nnet3-latgen-faster-parallel[5.5.569~1-6f329]:~CachingOptimizingCompiler():nnet-optimize.cc:710) 0.0868 seconds taken in nnet3 compilation total (breakdown: 0.0711 compilation, 0.00937 optimization, 0 shortcut expansion, 0.00174 checking, 3.81e-06 computing indexes, 0.0046 misc.) + 0 I/O.
pp33-domotica3_command33 slaapkamerdeur een 
LOG (nnet3-latgen-faster-parallel[5.5.569~1-6f329]:~DecodeUtteranceLatticeFasterClass():decoder-wrappers.cc:180) Log-like per frame for utterance pp33-domotica3_command33 is 1.50867 over 653 frames.
LOG (nnet3-latgen-faster-parallel[5.5.569~1-6f329]:~CachingOptimizingCompiler():nnet-optimize.cc:710) 0.0921 seconds taken in nnet3 compilation total (breakdown: 0.0764 compilation, 0.00895 optimization, 0 shortcut expansion, 0.00162 checking, 5.25e-06 computing indexes, 0.00516 misc.) + 0 I/O.
pp33-domotica3_command34 een op stand een 
LOG (nnet3-latgen-faster-parallel[5.5.569~1-6f329]:~DecodeUtteranceLatticeFasterClass():decoder-wrappers.cc:180) Log-like per frame for utterance pp33-domotica3_command34 is 1.47443 over 688 frames.
LOG (nnet3-latgen-faster-parallel[5.5.569~1-6f329]:~CachingOptimizingCompiler():nnet-optimize.cc:710) 0.0579 seconds taken in nnet3 compilation total (breakdown: 0.0465 compilation, 0.00701 optimization, 0 shortcut expansion, 0.00119 checking, 4.05e-06 computing indexes, 0.00324 misc.) + 0 I/O.
pp33-domotica3_command35 hoofdeinde op lampen uit 
LOG (nnet3-latgen-faster-parallel[5.5.569~1-6f329]:~DecodeUtteranceLatticeFasterClass():decoder-wrappers.cc:180) Log-like per frame for utterance pp33-domotica3_command35 is 1.45635 over 470 frames.
LOG (nnet3-latgen-faster-parallel[5.5.569~1-6f329]:~CachingOptimizingCompiler():nnet-optimize.cc:710) 0.0557 seconds taken in nnet3 compilation total (breakdown: 0.0455 compilation, 0.00572 optimization, 0 shortcut expansion, 0.00108 checking, 4.77e-06 computing indexes, 0.00338 misc.) + 0 I/O.
pp33-domotica3_command36 voordeur stand een 
LOG (nnet3-latgen-faster-parallel[5.5.569~1-6f329]:~DecodeUtteranceLatticeFasterClass():decoder-wrappers.cc:180) Log-like per frame for utterance pp33-domotica3_command36 is 1.45858 over 449 frames.
LOG (nnet3-latgen-faster-parallel[5.5.569~1-6f329]:~CachingOptimizingCompiler():nnet-optimize.cc:710) 0.0651 seconds taken in nnet3 compilation total (breakdown: 0.0539 compilation, 0.00666 optimization, 0 shortcut expansion, 0.00126 checking, 4.77e-06 computing indexes, 0.0032 misc.) + 0 I/O.
pp33-domotica3_command37 een de open 
LOG (nnet3-latgen-faster-parallel[5.5.569~1-6f329]:~DecodeUtteranceLatticeFasterClass():decoder-wrappers.cc:180) Log-like per frame for utterance pp33-domotica3_command37 is 1.51197 over 347 frames.
LOG (nnet3-latgen-faster-parallel[5.5.569~1-6f329]:~CachingOptimizingCompiler():nnet-optimize.cc:710) 0.0554 seconds taken in nnet3 compilation total (breakdown: 0.0435 compilation, 0.007 optimization, 0 shortcut expansion, 0.00142 checking, 3.81e-06 computing indexes, 0.00344 misc.) + 0 I/O.
pp33-domotica3_command38 
LOG (nnet3-latgen-faster-parallel[5.5.569~1-6f329]:~DecodeUtteranceLatticeFasterClass():decoder-wrappers.cc:180) Log-like per frame for utterance pp33-domotica3_command38 is 1.43233 over 450 frames.
LOG (nnet3-latgen-faster-parallel[5.5.569~1-6f329]:~CachingOptimizingCompiler():nnet-optimize.cc:710) 0.058 seconds taken in nnet3 compilation total (breakdown: 0.0471 compilation, 0.00669 optimization, 0 shortcut expansion, 0.00128 checking, 3.1e-06 computing indexes, 0.003 misc.) + 0 I/O.
pp33-domotica3_command39 hoofdeinde op stand een 
LOG (nnet3-latgen-faster-parallel[5.5.569~1-6f329]:~DecodeUtteranceLatticeFasterClass():decoder-wrappers.cc:180) Log-like per frame for utterance pp33-domotica3_command39 is 1.43205 over 571 frames.
LOG (nnet3-latgen-faster-parallel[5.5.569~1-6f329]:~CachingOptimizingCompiler():nnet-optimize.cc:710) 0.0705 seconds taken in nnet3 compilation total (breakdown: 0.0549 compilation, 0.00921 optimization, 0 shortcut expansion, 0.00186 checking, 6.2e-06 computing indexes, 0.00455 misc.) + 0 I/O.
pp33-domotica3_command4 deur open 
LOG (nnet3-latgen-faster-parallel[5.5.569~1-6f329]:~DecodeUtteranceLatticeFasterClass():decoder-wrappers.cc:180) Log-like per frame for utterance pp33-domotica3_command4 is 1.28493 over 417 frames.
LOG (nnet3-latgen-faster-parallel[5.5.569~1-6f329]:~CachingOptimizingCompiler():nnet-optimize.cc:710) 0.071 seconds taken in nnet3 compilation total (breakdown: 0.0579 compilation, 0.00688 optimization, 0 shortcut expansion, 0.00135 checking, 3.1e-06 computing indexes, 0.00482 misc.) + 0 I/O.
pp33-domotica3_command40 hoofdeinde op stand twee 
LOG (nnet3-latgen-faster-parallel[5.5.569~1-6f329]:~DecodeUtteranceLatticeFasterClass():decoder-wrappers.cc:180) Log-like per frame for utterance pp33-domotica3_command40 is 1.3351 over 438 frames.
LOG (nnet3-latgen-faster-parallel[5.5.569~1-6f329]:~CachingOptimizingCompiler():nnet-optimize.cc:710) 0.0743 seconds taken in nnet3 compilation total (breakdown: 0.0584 compilation, 0.00931 optimization, 0 shortcut expansion, 0.00176 checking, 6.2e-06 computing indexes, 0.00481 misc.) + 0 I/O.
pp33-domotica3_command41 hoofdeinde op stand drie 
LOG (nnet3-latgen-faster-parallel[5.5.569~1-6f329]:~DecodeUtteranceLatticeFasterClass():decoder-wrappers.cc:180) Log-like per frame for utterance pp33-domotica3_command41 is 1.37613 over 436 frames.
LOG (nnet3-latgen-faster-parallel[5.5.569~1-6f329]:~CachingOptimizingCompiler():nnet-optimize.cc:710) 0.0598 seconds taken in nnet3 compilation total (breakdown: 0.0477 compilation, 0.00777 optimization, 0 shortcut expansion, 0.00152 checking, 3.81e-06 computing indexes, 0.00278 misc.) + 0 I/O.
pp33-domotica3_command42 slaapkamerdeur open deur open 
LOG (nnet3-latgen-faster-parallel[5.5.569~1-6f329]:~DecodeUtteranceLatticeFasterClass():decoder-wrappers.cc:180) Log-like per frame for utterance pp33-domotica3_command42 is 1.45924 over 512 frames.
LOG (nnet3-latgen-faster-parallel[5.5.569~1-6f329]:~CachingOptimizingCompiler():nnet-optimize.cc:710) 0.0908 seconds taken in nnet3 compilation total (breakdown: 0.0755 compilation, 0.00899 optimization, 0 shortcut expansion, 0.00161 checking, 3.81e-06 computing indexes, 0.00469 misc.) + 0 I/O.
pp33-domotica3_command44 de slaapkamerdeur deur de open een 
LOG (nnet3-latgen-faster-parallel[5.5.569~1-6f329]:~DecodeUtteranceLatticeFasterClass():decoder-wrappers.cc:180) Log-like per frame for utterance pp33-domotica3_command44 is 1.29356 over 464 frames.
LOG (nnet3-latgen-faster-parallel[5.5.569~1-6f329]:~CachingOptimizingCompiler():nnet-optimize.cc:710) 0.0853 seconds taken in nnet3 compilation total (breakdown: 0.0691 compilation, 0.00897 optimization, 0 shortcut expansion, 0.00175 checking, 4.05e-06 computing indexes, 0.00547 misc.) + 0 I/O.
pp33-domotica3_command45 de slaapkamerdeur open 
LOG (nnet3-latgen-faster-parallel[5.5.569~1-6f329]:~DecodeUtteranceLatticeFasterClass():decoder-wrappers.cc:180) Log-like per frame for utterance pp33-domotica3_command45 is 1.45146 over 589 frames.
LOG (nnet3-latgen-faster-parallel[5.5.569~1-6f329]:~CachingOptimizingCompiler():nnet-optimize.cc:710) 0.0818 seconds taken in nnet3 compilation total (breakdown: 0.0646 compilation, 0.00949 optimization, 0 shortcut expansion, 0.00172 checking, 3.81e-06 computing indexes, 0.00608 misc.) + 0 I/O.
pp33-domotica3_command46 slaapkamerdeur open 
LOG (nnet3-latgen-faster-parallel[5.5.569~1-6f329]:~DecodeUtteranceLatticeFasterClass():decoder-wrappers.cc:180) Log-like per frame for utterance pp33-domotica3_command46 is 1.40222 over 489 frames.
LOG (nnet3-latgen-faster-parallel[5.5.569~1-6f329]:~CachingOptimizingCompiler():nnet-optimize.cc:710) 0.0785 seconds taken in nnet3 compilation total (breakdown: 0.0631 compilation, 0.00892 optimization, 0 shortcut expansion, 0.00169 checking, 4.29e-06 computing indexes, 0.00479 misc.) + 0 I/O.
pp33-domotica3_command47 aan voordeur dicht 
LOG (nnet3-latgen-faster-parallel[5.5.569~1-6f329]:~DecodeUtteranceLatticeFasterClass():decoder-wrappers.cc:180) Log-like per frame for utterance pp33-domotica3_command47 is 1.58742 over 446 frames.
LOG (nnet3-latgen-faster-parallel[5.5.569~1-6f329]:~CachingOptimizingCompiler():nnet-optimize.cc:710) 0.0543 seconds taken in nnet3 compilation total (breakdown: 0.0435 compilation, 0.00665 optimization, 0 shortcut expansion, 0.00128 checking, 4.29e-06 computing indexes, 0.00288 misc.) + 0 I/O.
pp33-domotica3_command48 stand een 
LOG (nnet3-latgen-faster-parallel[5.5.569~1-6f329]:~DecodeUtteranceLatticeFasterClass():decoder-wrappers.cc:180) Log-like per frame for utterance pp33-domotica3_command48 is 1.46916 over 403 frames.
LOG (nnet3-latgen-faster-parallel[5.5.569~1-6f329]:~CachingOptimizingCompiler():nnet-optimize.cc:710) 0.0856 seconds taken in nnet3 compilation total (breakdown: 0.0694 compilation, 0.0093 optimization, 0 shortcut expansion, 0.00168 checking, 4.05e-06 computing indexes, 0.00519 misc.) + 0 I/O.
pp33-domotica3_command49 lampen een 
LOG (nnet3-latgen-faster-parallel[5.5.569~1-6f329]:~DecodeUtteranceLatticeFasterClass():decoder-wrappers.cc:180) Log-like per frame for utterance pp33-domotica3_command49 is 1.32085 over 342 frames.
LOG (nnet3-latgen-faster-parallel[5.5.569~1-6f329]:~CachingOptimizingCompiler():nnet-optimize.cc:710) 0.0641 seconds taken in nnet3 compilation total (breakdown: 0.0526 compilation, 0.00727 optimization, 0 shortcut expansion, 0.00145 checking, 2.86e-06 computing indexes, 0.00277 misc.) + 0 I/O.
pp33-domotica3_command5 de 
LOG (nnet3-latgen-faster-parallel[5.5.569~1-6f329]:~DecodeUtteranceLatticeFasterClass():decoder-wrappers.cc:180) Log-like per frame for utterance pp33-domotica3_command5 is 1.44461 over 302 frames.
LOG (nnet3-latgen-faster-parallel[5.5.569~1-6f329]:~CachingOptimizingCompiler():nnet-optimize.cc:710) 0.0781 seconds taken in nnet3 compilation total (breakdown: 0.063 compilation, 0.00917 optimization, 0 shortcut expansion, 0.00185 checking, 3.81e-06 computing indexes, 0.00407 misc.) + 0 I/O.
pp33-domotica3_command50 open 
LOG (nnet3-latgen-faster-parallel[5.5.569~1-6f329]:~DecodeUtteranceLatticeFasterClass():decoder-wrappers.cc:180) Log-like per frame for utterance pp33-domotica3_command50 is 1.15353 over 362 frames.
LOG (nnet3-latgen-faster-parallel[5.5.569~1-6f329]:~CachingOptimizingCompiler():nnet-optimize.cc:710) 0.0851 seconds taken in nnet3 compilation total (breakdown: 0.0682 compilation, 0.00929 optimization, 0 shortcut expansion, 0.00174 checking, 5.96e-06 computing indexes, 0.00588 misc.) + 0 I/O.
pp33-domotica3_command51 open twee 
LOG (nnet3-latgen-faster-parallel[5.5.569~1-6f329]:~DecodeUtteranceLatticeFasterClass():decoder-wrappers.cc:180) Log-like per frame for utterance pp33-domotica3_command51 is 1.23096 over 383 frames.
LOG (nnet3-latgen-faster-parallel[5.5.569~1-6f329]:~CachingOptimizingCompiler():nnet-optimize.cc:710) 0.0639 seconds taken in nnet3 compilation total (breakdown: 0.0522 compilation, 0.00734 optimization, 0 shortcut expansion, 0.00149 checking, 4.29e-06 computing indexes, 0.00289 misc.) + 0 I/O.
pp33-domotica3_command52 de drie 
LOG (nnet3-latgen-faster-parallel[5.5.569~1-6f329]:~DecodeUtteranceLatticeFasterClass():decoder-wrappers.cc:180) Log-like per frame for utterance pp33-domotica3_command52 is 1.19129 over 321 frames.
LOG (nnet3-latgen-faster-parallel[5.5.569~1-6f329]:~CachingOptimizingCompiler():nnet-optimize.cc:710) 0.0867 seconds taken in nnet3 compilation total (breakdown: 0.0726 compilation, 0.00843 optimization, 0 shortcut expansion, 0.00148 checking, 2.86e-06 computing indexes, 0.00424 misc.) + 0 I/O.
pp33-domotica3_command53 de slaapkamerdeur dicht 
LOG (nnet3-latgen-faster-parallel[5.5.569~1-6f329]:~DecodeUtteranceLatticeFasterClass():decoder-wrappers.cc:180) Log-like per frame for utterance pp33-domotica3_command53 is 1.48111 over 461 frames.
LOG (nnet3-latgen-faster-parallel[5.5.569~1-6f329]:~CachingOptimizingCompiler():nnet-optimize.cc:710) 0.0907 seconds taken in nnet3 compilation total (breakdown: 0.0746 compilation, 0.00908 optimization, 0 shortcut expansion, 0.00177 checking, 5.01e-06 computing indexes, 0.00526 misc.) + 0 I/O.
pp33-domotica3_command54 alle lampen deur open 
LOG (nnet3-latgen-faster-parallel[5.5.569~1-6f329]:~DecodeUtteranceLatticeFasterClass():decoder-wrappers.cc:180) Log-like per frame for utterance pp33-domotica3_command54 is 1.03216 over 309 frames.
LOG (nnet3-latgen-faster-parallel[5.5.569~1-6f329]:~CachingOptimizingCompiler():nnet-optimize.cc:710) 0.064 seconds taken in nnet3 compilation total (breakdown: 0.0511 compilation, 0.00716 optimization, 0 shortcut expansion, 0.0015 checking, 2.86e-06 computing indexes, 0.00426 misc.) + 0 I/O.
pp33-domotica3_command55 de slaapkamerdeur open 
LOG (nnet3-latgen-faster-parallel[5.5.569~1-6f329]:~DecodeUtteranceLatticeFasterClass():decoder-wrappers.cc:180) Log-like per frame for utterance pp33-domotica3_command55 is 1.30806 over 493 frames.
LOG (nnet3-latgen-faster-parallel[5.5.569~1-6f329]:~CachingOptimizingCompiler():nnet-optimize.cc:710) 0.0777 seconds taken in nnet3 compilation total (breakdown: 0.0629 compilation, 0.00881 optimization, 0 shortcut expansion, 0.00175 checking, 5.01e-06 computing indexes, 0.0043 misc.) + 0 I/O.
pp33-domotica3_command56 
LOG (nnet3-latgen-faster-parallel[5.5.569~1-6f329]:~DecodeUtteranceLatticeFasterClass():decoder-wrappers.cc:180) Log-like per frame for utterance pp33-domotica3_command56 is 1.20324 over 350 frames.
LOG (nnet3-latgen-faster-parallel[5.5.569~1-6f329]:~CachingOptimizingCompiler():nnet-optimize.cc:710) 0.0823 seconds taken in nnet3 compilation total (breakdown: 0.0659 compilation, 0.00927 optimization, 0 shortcut expansion, 0.0019 checking, 4.77e-06 computing indexes, 0.00517 misc.) + 0 I/O.
pp33-domotica3_command57 voordeur dicht 
LOG (nnet3-latgen-faster-parallel[5.5.569~1-6f329]:~DecodeUtteranceLatticeFasterClass():decoder-wrappers.cc:180) Log-like per frame for utterance pp33-domotica3_command57 is 1.41664 over 316 frames.
LOG (nnet3-latgen-faster-parallel[5.5.569~1-6f329]:~CachingOptimizingCompiler():nnet-optimize.cc:710) 0.0688 seconds taken in nnet3 compilation total (breakdown: 0.0551 compilation, 0.00735 optimization, 0 shortcut expansion, 0.00141 checking, 3.81e-06 computing indexes, 0.00496 misc.) + 0 I/O.
pp33-domotica3_command58 een deur open 
LOG (nnet3-latgen-faster-parallel[5.5.569~1-6f329]:~DecodeUtteranceLatticeFasterClass():decoder-wrappers.cc:180) Log-like per frame for utterance pp33-domotica3_command58 is 1.30415 over 311 frames.
LOG (nnet3-latgen-faster-parallel[5.5.569~1-6f329]:~CachingOptimizingCompiler():nnet-optimize.cc:710) 0.0813 seconds taken in nnet3 compilation total (breakdown: 0.0653 compilation, 0.00923 optimization, 0 shortcut expansion, 0.00165 checking, 4.77e-06 computing indexes, 0.00508 misc.) + 0 I/O.
pp33-domotica3_command59 een alle lampen uit 
LOG (nnet3-latgen-faster-parallel[5.5.569~1-6f329]:~DecodeUtteranceLatticeFasterClass():decoder-wrappers.cc:180) Log-like per frame for utterance pp33-domotica3_command59 is 1.40249 over 380 frames.
LOG (nnet3-latgen-faster-parallel[5.5.569~1-6f329]:~CachingOptimizingCompiler():nnet-optimize.cc:710) 0.0518 seconds taken in nnet3 compilation total (breakdown: 0.0408 compilation, 0.00698 optimization, 0 shortcut expansion, 0.00138 checking, 2.86e-06 computing indexes, 0.00261 misc.) + 0 I/O.
pp33-domotica3_command60 stand een 
LOG (nnet3-latgen-faster-parallel[5.5.569~1-6f329]:~DecodeUtteranceLatticeFasterClass():decoder-wrappers.cc:180) Log-like per frame for utterance pp33-domotica3_command60 is 1.35714 over 502 frames.
LOG (nnet3-latgen-faster-parallel[5.5.569~1-6f329]:~CachingOptimizingCompiler():nnet-optimize.cc:710) 0.0657 seconds taken in nnet3 compilation total (breakdown: 0.0511 compilation, 0.00855 optimization, 0 shortcut expansion, 0.00156 checking, 3.81e-06 computing indexes, 0.00448 misc.) + 0 I/O.
pp33-domotica3_command61 stand twee 
LOG (nnet3-latgen-faster-parallel[5.5.569~1-6f329]:~DecodeUtteranceLatticeFasterClass():decoder-wrappers.cc:180) Log-like per frame for utterance pp33-domotica3_command61 is 1.05858 over 328 frames.
LOG (nnet3-latgen-faster-parallel[5.5.569~1-6f329]:~CachingOptimizingCompiler():nnet-optimize.cc:710) 0.0899 seconds taken in nnet3 compilation total (breakdown: 0.0756 compilation, 0.00757 optimization, 0 shortcut expansion, 0.00143 checking, 3.81e-06 computing indexes, 0.00525 misc.) + 0 I/O.
pp33-domotica3_command62 uit 
LOG (nnet3-latgen-faster-parallel[5.5.569~1-6f329]:~DecodeUtteranceLatticeFasterClass():decoder-wrappers.cc:180) Log-like per frame for utterance pp33-domotica3_command62 is 1.2914 over 389 frames.
LOG (nnet3-latgen-faster-parallel[5.5.569~1-6f329]:~CachingOptimizingCompiler():nnet-optimize.cc:710) 0.0776 seconds taken in nnet3 compilation total (breakdown: 0.0601 compilation, 0.00978 optimization, 0 shortcut expansion, 0.00201 checking, 3.81e-06 computing indexes, 0.00562 misc.) + 0 I/O.
pp33-domotica3_command63 deur open 
LOG (nnet3-latgen-faster-parallel[5.5.569~1-6f329]:~DecodeUtteranceLatticeFasterClass():decoder-wrappers.cc:180) Log-like per frame for utterance pp33-domotica3_command63 is 1.41585 over 366 frames.
LOG (nnet3-latgen-faster-parallel[5.5.569~1-6f329]:~CachingOptimizingCompiler():nnet-optimize.cc:710) 0.0907 seconds taken in nnet3 compilation total (breakdown: 0.0733 compilation, 0.00955 optimization, 0 shortcut expansion, 0.00181 checking, 5.01e-06 computing indexes, 0.006 misc.) + 0 I/O.
pp33-domotica3_command64 een deur een 
LOG (nnet3-latgen-faster-parallel[5.5.569~1-6f329]:~DecodeUtteranceLatticeFasterClass():decoder-wrappers.cc:180) Log-like per frame for utterance pp33-domotica3_command64 is 1.23176 over 343 frames.
LOG (nnet3-latgen-faster-parallel[5.5.569~1-6f329]:~CachingOptimizingCompiler():nnet-optimize.cc:710) 0.0563 seconds taken in nnet3 compilation total (breakdown: 0.0442 compilation, 0.00731 optimization, 0 shortcut expansion, 0.00149 checking, 3.81e-06 computing indexes, 0.00334 misc.) + 0 I/O.
pp33-domotica3_command65 de slaapkamerdeur open 
LOG (nnet3-latgen-faster-parallel[5.5.569~1-6f329]:~DecodeUtteranceLatticeFasterClass():decoder-wrappers.cc:180) Log-like per frame for utterance pp33-domotica3_command65 is 1.33409 over 409 frames.
LOG (nnet3-latgen-faster-parallel[5.5.569~1-6f329]:~CachingOptimizingCompiler():nnet-optimize.cc:710) 0.0901 seconds taken in nnet3 compilation total (breakdown: 0.0729 compilation, 0.00955 optimization, 0 shortcut expansion, 0.00174 checking, 5.01e-06 computing indexes, 0.00593 misc.) + 0 I/O.
pp33-domotica3_command66 een drie lampen uit 
LOG (nnet3-latgen-faster-parallel[5.5.569~1-6f329]:~DecodeUtteranceLatticeFasterClass():decoder-wrappers.cc:180) Log-like per frame for utterance pp33-domotica3_command66 is 1.19267 over 289 frames.
LOG (nnet3-latgen-faster-parallel[5.5.569~1-6f329]:~CachingOptimizingCompiler():nnet-optimize.cc:710) 0.0557 seconds taken in nnet3 compilation total (breakdown: 0.0429 compilation, 0.00776 optimization, 0 shortcut expansion, 0.00166 checking, 4.05e-06 computing indexes, 0.00336 misc.) + 0 I/O.
pp33-domotica3_command67 een een 
LOG (nnet3-latgen-faster-parallel[5.5.569~1-6f329]:~DecodeUtteranceLatticeFasterClass():decoder-wrappers.cc:180) Log-like per frame for utterance pp33-domotica3_command67 is 1.35572 over 303 frames.
LOG (nnet3-latgen-faster-parallel[5.5.569~1-6f329]:~CachingOptimizingCompiler():nnet-optimize.cc:710) 0.0596 seconds taken in nnet3 compilation total (breakdown: 0.0447 compilation, 0.00857 optimization, 0 shortcut expansion, 0.00175 checking, 5.01e-06 computing indexes, 0.00457 misc.) + 0 I/O.
pp33-domotica3_command68 de een 
LOG (nnet3-latgen-faster-parallel[5.5.569~1-6f329]:~DecodeUtteranceLatticeFasterClass():decoder-wrappers.cc:180) Log-like per frame for utterance pp33-domotica3_command68 is 1.40528 over 320 frames.
LOG (nnet3-latgen-faster-parallel[5.5.569~1-6f329]:~CachingOptimizingCompiler():nnet-optimize.cc:710) 0.0928 seconds taken in nnet3 compilation total (breakdown: 0.0747 compilation, 0.00985 optimization, 0 shortcut expansion, 0.00188 checking, 4.77e-06 computing indexes, 0.00643 misc.) + 0 I/O.
pp33-domotica3_command69 de alle lampen uit 
LOG (nnet3-latgen-faster-parallel[5.5.569~1-6f329]:~DecodeUtteranceLatticeFasterClass():decoder-wrappers.cc:180) Log-like per frame for utterance pp33-domotica3_command69 is 1.28885 over 383 frames.
LOG (nnet3-latgen-faster-parallel[5.5.569~1-6f329]:~CachingOptimizingCompiler():nnet-optimize.cc:710) 0.0493 seconds taken in nnet3 compilation total (breakdown: 0.0385 compilation, 0.00697 optimization, 0 shortcut expansion, 0.00134 checking, 3.81e-06 computing indexes, 0.00251 misc.) + 0 I/O.
pp33-domotica3_command7 hoofdeinde op stand een 
LOG (nnet3-latgen-faster-parallel[5.5.569~1-6f329]:~DecodeUtteranceLatticeFasterClass():decoder-wrappers.cc:180) Log-like per frame for utterance pp33-domotica3_command7 is 1.39024 over 512 frames.
LOG (nnet3-latgen-faster-parallel[5.5.569~1-6f329]:~CachingOptimizingCompiler():nnet-optimize.cc:710) 0.0703 seconds taken in nnet3 compilation total (breakdown: 0.0584 compilation, 0.00686 optimization, 0 shortcut expansion, 0.00137 checking, 4.05e-06 computing indexes, 0.00366 misc.) + 0 I/O.
pp33-domotica3_command70 een op stand een 
LOG (nnet3-latgen-faster-parallel[5.5.569~1-6f329]:~DecodeUtteranceLatticeFasterClass():decoder-wrappers.cc:180) Log-like per frame for utterance pp33-domotica3_command70 is 1.23771 over 469 frames.
LOG (nnet3-latgen-faster-parallel[5.5.569~1-6f329]:~CachingOptimizingCompiler():nnet-optimize.cc:710) 0.0915 seconds taken in nnet3 compilation total (breakdown: 0.074 compilation, 0.0101 optimization, 0 shortcut expansion, 0.00188 checking, 6.2e-06 computing indexes, 0.00554 misc.) + 0 I/O.
pp33-domotica3_command71 een 
LOG (nnet3-latgen-faster-parallel[5.5.569~1-6f329]:~DecodeUtteranceLatticeFasterClass():decoder-wrappers.cc:180) Log-like per frame for utterance pp33-domotica3_command71 is 1.15 over 341 frames.
LOG (nnet3-latgen-faster-parallel[5.5.569~1-6f329]:~CachingOptimizingCompiler():nnet-optimize.cc:710) 0.0767 seconds taken in nnet3 compilation total (breakdown: 0.0607 compilation, 0.00918 optimization, 0 shortcut expansion, 0.00187 checking, 4.05e-06 computing indexes, 0.00488 misc.) + 0 I/O.
pp33-domotica3_command72 een 
LOG (nnet3-latgen-faster-parallel[5.5.569~1-6f329]:~DecodeUtteranceLatticeFasterClass():decoder-wrappers.cc:180) Log-like per frame for utterance pp33-domotica3_command72 is 1.16149 over 326 frames.
LOG (nnet3-latgen-faster-parallel[5.5.569~1-6f329]:~CachingOptimizingCompiler():nnet-optimize.cc:710) 0.0928 seconds taken in nnet3 compilation total (breakdown: 0.0747 compilation, 0.00948 optimization, 0 shortcut expansion, 0.0018 checking, 5.96e-06 computing indexes, 0.00679 misc.) + 0 I/O.
pp33-domotica3_command73 een de slaapkamerdeur dicht 
LOG (nnet3-latgen-faster-parallel[5.5.569~1-6f329]:~DecodeUtteranceLatticeFasterClass():decoder-wrappers.cc:180) Log-like per frame for utterance pp33-domotica3_command73 is 1.38805 over 468 frames.
LOG (nnet3-latgen-faster-parallel[5.5.569~1-6f329]:~CachingOptimizingCompiler():nnet-optimize.cc:710) 0.0775 seconds taken in nnet3 compilation total (breakdown: 0.0652 compilation, 0.00691 optimization, 0 shortcut expansion, 0.00135 checking, 3.81e-06 computing indexes, 0.00408 misc.) + 0 I/O.
pp33-domotica3_command74 deur open 
LOG (nnet3-latgen-faster-parallel[5.5.569~1-6f329]:~DecodeUtteranceLatticeFasterClass():decoder-wrappers.cc:180) Log-like per frame for utterance pp33-domotica3_command74 is 1.12782 over 336 frames.
LOG (nnet3-latgen-faster-parallel[5.5.569~1-6f329]:~CachingOptimizingCompiler():nnet-optimize.cc:710) 0.0565 seconds taken in nnet3 compilation total (breakdown: 0.0437 compilation, 0.00826 optimization, 0 shortcut expansion, 0.00172 checking, 2.86e-06 computing indexes, 0.00279 misc.) + 0 I/O.
pp33-domotica3_command75 drie 
LOG (nnet3-latgen-faster-parallel[5.5.569~1-6f329]:~DecodeUtteranceLatticeFasterClass():decoder-wrappers.cc:180) Log-like per frame for utterance pp33-domotica3_command75 is 1.15804 over 367 frames.
LOG (nnet3-latgen-faster-parallel[5.5.569~1-6f329]:~CachingOptimizingCompiler():nnet-optimize.cc:710) 0.0849 seconds taken in nnet3 compilation total (breakdown: 0.0692 compilation, 0.00913 optimization, 0 shortcut expansion, 0.00169 checking, 7.15e-06 computing indexes, 0.00492 misc.) + 0 I/O.
pp33-domotica3_command76 lampen uit 
LOG (nnet3-latgen-faster-parallel[5.5.569~1-6f329]:~DecodeUtteranceLatticeFasterClass():decoder-wrappers.cc:180) Log-like per frame for utterance pp33-domotica3_command76 is 1.39099 over 356 frames.
LOG (nnet3-latgen-faster-parallel[5.5.569~1-6f329]:~CachingOptimizingCompiler():nnet-optimize.cc:710) 0.0832 seconds taken in nnet3 compilation total (breakdown: 0.0668 compilation, 0.00933 optimization, 0 shortcut expansion, 0.00168 checking, 6.2e-06 computing indexes, 0.00531 misc.) + 0 I/O.
pp33-domotica3_command77 voordeur dicht 
LOG (nnet3-latgen-faster-parallel[5.5.569~1-6f329]:~DecodeUtteranceLatticeFasterClass():decoder-wrappers.cc:180) Log-like per frame for utterance pp33-domotica3_command77 is 1.49261 over 449 frames.
LOG (nnet3-latgen-faster-parallel[5.5.569~1-6f329]:~CachingOptimizingCompiler():nnet-optimize.cc:710) 0.0621 seconds taken in nnet3 compilation total (breakdown: 0.0504 compilation, 0.0069 optimization, 0 shortcut expansion, 0.00134 checking, 3.1e-06 computing indexes, 0.00341 misc.) + 0 I/O.
pp33-domotica3_command78 deur open een 
LOG (nnet3-latgen-faster-parallel[5.5.569~1-6f329]:~DecodeUtteranceLatticeFasterClass():decoder-wrappers.cc:180) Log-like per frame for utterance pp33-domotica3_command78 is 1.41246 over 310 frames.
LOG (nnet3-latgen-faster-parallel[5.5.569~1-6f329]:~CachingOptimizingCompiler():nnet-optimize.cc:710) 0.0855 seconds taken in nnet3 compilation total (breakdown: 0.069 compilation, 0.00929 optimization, 0 shortcut expansion, 0.00168 checking, 3.81e-06 computing indexes, 0.00551 misc.) + 0 I/O.
pp33-domotica3_command79 een 
LOG (nnet3-latgen-faster-parallel[5.5.569~1-6f329]:~DecodeUtteranceLatticeFasterClass():decoder-wrappers.cc:180) Log-like per frame for utterance pp33-domotica3_command79 is 1.48688 over 459 frames.
LOG (nnet3-latgen-faster-parallel[5.5.569~1-6f329]:~CachingOptimizingCompiler():nnet-optimize.cc:710) 0.0884 seconds taken in nnet3 compilation total (breakdown: 0.0726 compilation, 0.00911 optimization, 0 shortcut expansion, 0.00172 checking, 4.05e-06 computing indexes, 0.00491 misc.) + 0 I/O.
pp33-domotica3_command8 open 
LOG (nnet3-latgen-faster-parallel[5.5.569~1-6f329]:~DecodeUtteranceLatticeFasterClass():decoder-wrappers.cc:180) Log-like per frame for utterance pp33-domotica3_command8 is 1.49695 over 657 frames.
LOG (nnet3-latgen-faster-parallel[5.5.569~1-6f329]:~CachingOptimizingCompiler():nnet-optimize.cc:710) 0.093 seconds taken in nnet3 compilation total (breakdown: 0.0759 compilation, 0.00947 optimization, 0 shortcut expansion, 0.00171 checking, 4.05e-06 computing indexes, 0.00589 misc.) + 0 I/O.
pp33-domotica3_command80 een 
LOG (nnet3-latgen-faster-parallel[5.5.569~1-6f329]:~DecodeUtteranceLatticeFasterClass():decoder-wrappers.cc:180) Log-like per frame for utterance pp33-domotica3_command80 is 1.20149 over 445 frames.
LOG (nnet3-latgen-faster-parallel[5.5.569~1-6f329]:~CachingOptimizingCompiler():nnet-optimize.cc:710) 0.0523 seconds taken in nnet3 compilation total (breakdown: 0.0419 compilation, 0.00643 optimization, 0 shortcut expansion, 0.00115 checking, 4.05e-06 computing indexes, 0.00275 misc.) + 0 I/O.
pp33-domotica3_command81 een op stand twee 
LOG (nnet3-latgen-faster-parallel[5.5.569~1-6f329]:~DecodeUtteranceLatticeFasterClass():decoder-wrappers.cc:180) Log-like per frame for utterance pp33-domotica3_command81 is 1.14883 over 333 frames.
LOG (nnet3-latgen-faster-parallel[5.5.569~1-6f329]:~CachingOptimizingCompiler():nnet-optimize.cc:710) 0.0825 seconds taken in nnet3 compilation total (breakdown: 0.0631 compilation, 0.0118 optimization, 0 shortcut expansion, 0.00233 checking, 9.06e-06 computing indexes, 0.00527 misc.) + 0 I/O.
pp33-domotica3_command82 twee een een 
LOG (nnet3-latgen-faster-parallel[5.5.569~1-6f329]:~DecodeUtteranceLatticeFasterClass():decoder-wrappers.cc:180) Log-like per frame for utterance pp33-domotica3_command82 is 1.13445 over 320 frames.
LOG (nnet3-latgen-faster-parallel[5.5.569~1-6f329]:~CachingOptimizingCompiler():nnet-optimize.cc:710) 0.0918 seconds taken in nnet3 compilation total (breakdown: 0.0751 compilation, 0.00954 optimization, 0 shortcut expansion, 0.00176 checking, 5.01e-06 computing indexes, 0.00537 misc.) + 0 I/O.
pp33-domotica3_command83 de de de 
LOG (nnet3-latgen-faster-parallel[5.5.569~1-6f329]:~DecodeUtteranceLatticeFasterClass():decoder-wrappers.cc:180) Log-like per frame for utterance pp33-domotica3_command83 is 1.55642 over 351 frames.
LOG (nnet3-latgen-faster-parallel[5.5.569~1-6f329]:~CachingOptimizingCompiler():nnet-optimize.cc:710) 0.0626 seconds taken in nnet3 compilation total (breakdown: 0.0492 compilation, 0.00762 optimization, 0 shortcut expansion, 0.00144 checking, 3.81e-06 computing indexes, 0.00442 misc.) + 0 I/O.
pp33-domotica3_command84 deur open een 
LOG (nnet3-latgen-faster-parallel[5.5.569~1-6f329]:~DecodeUtteranceLatticeFasterClass():decoder-wrappers.cc:180) Log-like per frame for utterance pp33-domotica3_command84 is 1.52416 over 412 frames.
LOG (nnet3-latgen-faster-parallel[5.5.569~1-6f329]:~CachingOptimizingCompiler():nnet-optimize.cc:710) 0.094 seconds taken in nnet3 compilation total (breakdown: 0.0756 compilation, 0.0102 optimization, 0 shortcut expansion, 0.00186 checking, 5.01e-06 computing indexes, 0.00632 misc.) + 0 I/O.
pp33-domotica3_command85 alle lampen uit 
LOG (nnet3-latgen-faster-parallel[5.5.569~1-6f329]:~DecodeUtteranceLatticeFasterClass():decoder-wrappers.cc:180) Log-like per frame for utterance pp33-domotica3_command85 is 1.39485 over 415 frames.
LOG (nnet3-latgen-faster-parallel[5.5.569~1-6f329]:~CachingOptimizingCompiler():nnet-optimize.cc:710) 0.094 seconds taken in nnet3 compilation total (breakdown: 0.0763 compilation, 0.00969 optimization, 0 shortcut expansion, 0.00178 checking, 4.05e-06 computing indexes, 0.00627 misc.) + 0 I/O.
pp33-domotica3_command86 een alle lampen uit 
LOG (nnet3-latgen-faster-parallel[5.5.569~1-6f329]:~DecodeUtteranceLatticeFasterClass():decoder-wrappers.cc:180) Log-like per frame for utterance pp33-domotica3_command86 is 1.41108 over 467 frames.
LOG (nnet3-latgen-faster-parallel[5.5.569~1-6f329]:~CachingOptimizingCompiler():nnet-optimize.cc:710) 0.105 seconds taken in nnet3 compilation total (breakdown: 0.0853 compilation, 0.0113 optimization, 0 shortcut expansion, 0.00211 checking, 5.01e-06 computing indexes, 0.00678 misc.) + 0 I/O.
pp33-domotica3_command87 voordeur dicht 
LOG (nnet3-latgen-faster-parallel[5.5.569~1-6f329]:~DecodeUtteranceLatticeFasterClass():decoder-wrappers.cc:180) Log-like per frame for utterance pp33-domotica3_command87 is 1.39908 over 327 frames.
LOG (nnet3-latgen-faster-parallel[5.5.569~1-6f329]:~CachingOptimizingCompiler():nnet-optimize.cc:710) 0.0992 seconds taken in nnet3 compilation total (breakdown: 0.0823 compilation, 0.00943 optimization, 0 shortcut expansion, 0.00174 checking, 3.81e-06 computing indexes, 0.00571 misc.) + 0 I/O.
pp33-domotica3_command88 de een 
LOG (nnet3-latgen-faster-parallel[5.5.569~1-6f329]:~DecodeUtteranceLatticeFasterClass():decoder-wrappers.cc:180) Log-like per frame for utterance pp33-domotica3_command88 is 1.38836 over 327 frames.
LOG (nnet3-latgen-faster-parallel[5.5.569~1-6f329]:~CachingOptimizingCompiler():nnet-optimize.cc:710) 0.0731 seconds taken in nnet3 compilation total (breakdown: 0.0617 compilation, 0.00663 optimization, 0 shortcut expansion, 0.00125 checking, 4.05e-06 computing indexes, 0.00358 misc.) + 0 I/O.
pp33-domotica3_command89 open 
LOG (nnet3-latgen-faster-parallel[5.5.569~1-6f329]:~DecodeUtteranceLatticeFasterClass():decoder-wrappers.cc:180) Log-like per frame for utterance pp33-domotica3_command89 is 1.35768 over 446 frames.
LOG (nnet3-latgen-faster-parallel[5.5.569~1-6f329]:~CachingOptimizingCompiler():nnet-optimize.cc:710) 0.077 seconds taken in nnet3 compilation total (breakdown: 0.0616 compilation, 0.00909 optimization, 0 shortcut expansion, 0.0017 checking, 4.77e-06 computing indexes, 0.0046 misc.) + 0 I/O.
pp33-domotica3_command9 voordeur stand twee 
LOG (nnet3-latgen-faster-parallel[5.5.569~1-6f329]:~DecodeUtteranceLatticeFasterClass():decoder-wrappers.cc:180) Log-like per frame for utterance pp33-domotica3_command9 is 1.49543 over 514 frames.
LOG (nnet3-latgen-faster-parallel[5.5.569~1-6f329]:~CachingOptimizingCompiler():nnet-optimize.cc:710) 0.0983 seconds taken in nnet3 compilation total (breakdown: 0.0791 compilation, 0.0111 optimization, 0 shortcut expansion, 0.00196 checking, 5.25e-06 computing indexes, 0.00609 misc.) + 0 I/O.
pp33-domotica3_command90 een 
LOG (nnet3-latgen-faster-parallel[5.5.569~1-6f329]:~DecodeUtteranceLatticeFasterClass():decoder-wrappers.cc:180) Log-like per frame for utterance pp33-domotica3_command90 is 1.18469 over 471 frames.
LOG (nnet3-latgen-faster-parallel[5.5.569~1-6f329]:~CachingOptimizingCompiler():nnet-optimize.cc:710) 0.0532 seconds taken in nnet3 compilation total (breakdown: 0.0399 compilation, 0.00882 optimization, 0 shortcut expansion, 0.00163 checking, 5.96e-06 computing indexes, 0.00282 misc.) + 0 I/O.
pp33-domotica3_command91 stand een 
LOG (nnet3-latgen-faster-parallel[5.5.569~1-6f329]:~DecodeUtteranceLatticeFasterClass():decoder-wrappers.cc:180) Log-like per frame for utterance pp33-domotica3_command91 is 1.08878 over 289 frames.
LOG (nnet3-latgen-faster-parallel[5.5.569~1-6f329]:~CachingOptimizingCompiler():nnet-optimize.cc:710) 0.0733 seconds taken in nnet3 compilation total (breakdown: 0.0576 compilation, 0.00937 optimization, 0 shortcut expansion, 0.00198 checking, 5.01e-06 computing indexes, 0.00437 misc.) + 0 I/O.
pp33-domotica3_command92 een open 
LOG (nnet3-latgen-faster-parallel[5.5.569~1-6f329]:~DecodeUtteranceLatticeFasterClass():decoder-wrappers.cc:180) Log-like per frame for utterance pp33-domotica3_command92 is 1.13851 over 315 frames.
LOG (nnet3-latgen-faster-parallel[5.5.569~1-6f329]:~CachingOptimizingCompiler():nnet-optimize.cc:710) 0.0865 seconds taken in nnet3 compilation total (breakdown: 0.0699 compilation, 0.00939 optimization, 0 shortcut expansion, 0.00175 checking, 5.01e-06 computing indexes, 0.00547 misc.) + 0 I/O.
LOG (apply-cmvn[5.5.569~1-6f329]:main():apply-cmvn.cc:81) Copied 113 utterances.
pp33-domotica3_command93 de slaapkamerdeur dicht 
LOG (nnet3-latgen-faster-parallel[5.5.569~1-6f329]:~DecodeUtteranceLatticeFasterClass():decoder-wrappers.cc:180) Log-like per frame for utterance pp33-domotica3_command93 is 1.50448 over 444 frames.
LOG (nnet3-latgen-faster-parallel[5.5.569~1-6f329]:~CachingOptimizingCompiler():nnet-optimize.cc:710) 0.0735 seconds taken in nnet3 compilation total (breakdown: 0.0603 compilation, 0.00828 optimization, 0 shortcut expansion, 0.00154 checking, 2.86e-06 computing indexes, 0.00343 misc.) + 0 I/O.
pp33-domotica3_command94 een een 
LOG (nnet3-latgen-faster-parallel[5.5.569~1-6f329]:~DecodeUtteranceLatticeFasterClass():decoder-wrappers.cc:180) Log-like per frame for utterance pp33-domotica3_command94 is 1.35607 over 386 frames.
LOG (nnet3-latgen-faster-parallel[5.5.569~1-6f329]:~CachingOptimizingCompiler():nnet-optimize.cc:710) 0.0604 seconds taken in nnet3 compilation total (breakdown: 0.0479 compilation, 0.00743 optimization, 0 shortcut expansion, 0.00172 checking, 4.05e-06 computing indexes, 0.00341 misc.) + 0 I/O.
pp33-domotica3_command95 een 
LOG (nnet3-latgen-faster-parallel[5.5.569~1-6f329]:~DecodeUtteranceLatticeFasterClass():decoder-wrappers.cc:180) Log-like per frame for utterance pp33-domotica3_command95 is 1.37299 over 440 frames.
LOG (nnet3-latgen-faster-parallel[5.5.569~1-6f329]:~CachingOptimizingCompiler():nnet-optimize.cc:710) 0.076 seconds taken in nnet3 compilation total (breakdown: 0.0611 compilation, 0.00886 optimization, 0 shortcut expansion, 0.00161 checking, 6.2e-06 computing indexes, 0.00442 misc.) + 0 I/O.
pp33-domotica3_command96 uit 
LOG (nnet3-latgen-faster-parallel[5.5.569~1-6f329]:~DecodeUtteranceLatticeFasterClass():decoder-wrappers.cc:180) Log-like per frame for utterance pp33-domotica3_command96 is 1.24344 over 355 frames.
LOG (nnet3-latgen-faster-parallel[5.5.569~1-6f329]:~CachingOptimizingCompiler():nnet-optimize.cc:710) 0.063 seconds taken in nnet3 compilation total (breakdown: 0.0511 compilation, 0.007 optimization, 0 shortcut expansion, 0.00136 checking, 4.77e-06 computing indexes, 0.00358 misc.) + 0 I/O.
pp33-domotica3_command97 dicht 
LOG (nnet3-latgen-faster-parallel[5.5.569~1-6f329]:~DecodeUtteranceLatticeFasterClass():decoder-wrappers.cc:180) Log-like per frame for utterance pp33-domotica3_command97 is 1.51372 over 381 frames.
LOG (nnet3-latgen-faster-parallel[5.5.569~1-6f329]:~CachingOptimizingCompiler():nnet-optimize.cc:710) 0.0524 seconds taken in nnet3 compilation total (breakdown: 0.0414 compilation, 0.00687 optimization, 0 shortcut expansion, 0.00131 checking, 5.25e-06 computing indexes, 0.00281 misc.) + 0 I/O.
pp33-domotica3_command98 een de een 
LOG (nnet3-latgen-faster-parallel[5.5.569~1-6f329]:~DecodeUtteranceLatticeFasterClass():decoder-wrappers.cc:180) Log-like per frame for utterance pp33-domotica3_command98 is 1.45698 over 454 frames.
LOG (nnet3-latgen-faster-parallel[5.5.569~1-6f329]:~CachingOptimizingCompiler():nnet-optimize.cc:710) 0.0767 seconds taken in nnet3 compilation total (breakdown: 0.0627 compilation, 0.00837 optimization, 0 shortcut expansion, 0.00157 checking, 3.1e-06 computing indexes, 0.00414 misc.) + 0 I/O.
pp33-domotica3_command99 open 
LOG (nnet3-latgen-faster-parallel[5.5.569~1-6f329]:~DecodeUtteranceLatticeFasterClass():decoder-wrappers.cc:180) Log-like per frame for utterance pp33-domotica3_command99 is 1.26861 over 326 frames.
LOG (nnet3-latgen-faster-parallel[5.5.569~1-6f329]:~CachingOptimizingCompiler():nnet-optimize.cc:710) 0.0602 seconds taken in nnet3 compilation total (breakdown: 0.0496 compilation, 0.00625 optimization, 0 shortcut expansion, 0.00111 checking, 3.34e-06 computing indexes, 0.00326 misc.) + 0 I/O.
LOG (nnet3-latgen-faster-parallel[5.5.569~1-6f329]:main():nnet3-latgen-faster-parallel.cc:264) Time taken 17.6092s: real-time factor assuming 100 feature frames/sec is 0.0470783
LOG (nnet3-latgen-faster-parallel[5.5.569~1-6f329]:main():nnet3-latgen-faster-parallel.cc:268) Done 113 utterances, failed for 0
LOG (nnet3-latgen-faster-parallel[5.5.569~1-6f329]:main():nnet3-latgen-faster-parallel.cc:270) Overall log-likelihood per frame is 1.39683 over 49872 frames.
LOG (lattice-scale[5.5.569~1-6f329]:main():lattice-scale.cc:107) Done 113 lattices.
# Accounting: time=18 threads=1
# Ended (code 0) at Tue Mar 23 10:02:10 CET 2021, elapsed time 18 seconds
