# lattice-scale --inv-acoustic-scale=17 "ark:gunzip -c exp/percgncopas5k/chain_s/tdnn1k_sp/decode_test_5g_400k/lat.*.gz|" ark:- | lattice-add-penalty --word-ins-penalty=0.0 ark:- ark:- | lattice-best-path --word-symbol-table=exp/percgncopas5k/chain_s/tree_sp/graph_5g_400k/words.txt ark:- ark,t:exp/percgncopas5k/chain_s/tdnn1k_sp/decode_test_5g_400k/scoring/17.tra 
# Started at Tue Mar 23 10:29:33 CET 2021
#
lattice-best-path --word-symbol-table=exp/percgncopas5k/chain_s/tree_sp/graph_5g_400k/words.txt ark:- ark,t:exp/percgncopas5k/chain_s/tdnn1k_sp/decode_test_5g_400k/scoring/17.tra 
lattice-add-penalty --word-ins-penalty=0.0 ark:- ark:- 
lattice-scale --inv-acoustic-scale=17 'ark:gunzip -c exp/percgncopas5k/chain_s/tdnn1k_sp/decode_test_5g_400k/lat.*.gz|' ark:- 
LOG (lattice-best-path[5.5.569~1-6f329]:main():lattice-best-path.cc:99) For utterance pp17-domotica3_command1, best cost 158.278 + -306.781 = -148.503 over 195 frames.
pp17-domotica3_command1 al de lichten in de woonkamer en keuken uit 
LOG (lattice-best-path[5.5.569~1-6f329]:main():lattice-best-path.cc:99) For utterance pp17-domotica3_command10, best cost 117.398 + -210.609 = -93.2111 over 134 frames.
pp17-domotica3_command10 uit in hoofdeinde op stand drie 
LOG (lattice-best-path[5.5.569~1-6f329]:main():lattice-best-path.cc:99) For utterance pp17-domotica3_command100, best cost 116.172 + -192.9 = -76.7278 over 129 frames.
pp17-domotica3_command100 uit in al de lichten uit 
LOG (lattice-best-path[5.5.569~1-6f329]:main():lattice-best-path.cc:99) For utterance pp17-domotica3_command101, best cost 119.47 + -220.839 = -101.369 over 138 frames.
pp17-domotica3_command101 al deur dicht van badkamer 
LOG (lattice-best-path[5.5.569~1-6f329]:main():lattice-best-path.cc:99) For utterance pp17-domotica3_command102, best cost 107.065 + -199.241 = -92.1753 over 134 frames.
pp17-domotica3_command102 deur badkamer open 
LOG (lattice-best-path[5.5.569~1-6f329]:main():lattice-best-path.cc:99) For utterance pp17-domotica3_command103, best cost 117.037 + -219.596 = -102.558 over 137 frames.
pp17-domotica3_command103 al de lichten in de badkamer aan 
LOG (lattice-best-path[5.5.569~1-6f329]:main():lattice-best-path.cc:99) For utterance pp17-domotica3_command104, best cost 117.399 + -215.9 = -98.5004 over 134 frames.
pp17-domotica3_command104 uit in hoofdeinde op stand een 
LOG (lattice-best-path[5.5.569~1-6f329]:main():lattice-best-path.cc:99) For utterance pp17-domotica3_command105, best cost 105.614 + -190.777 = -85.1628 over 117 frames.
pp17-domotica3_command105 uit in hoofdeinde op stand twee 
LOG (lattice-best-path[5.5.569~1-6f329]:main():lattice-best-path.cc:99) For utterance pp17-domotica3_command106, best cost 104.228 + -187.41 = -83.1828 over 115 frames.
pp17-domotica3_command106 uit in hoofdeinde op stand drie 
LOG (lattice-best-path[5.5.569~1-6f329]:main():lattice-best-path.cc:99) For utterance pp17-domotica3_command107, best cost 101.566 + -174.942 = -73.3751 over 115 frames.
pp17-domotica3_command107 al de lichten in de keuken aan 
LOG (lattice-best-path[5.5.569~1-6f329]:main():lattice-best-path.cc:99) For utterance pp17-domotica3_command108, best cost 109.493 + -165.525 = -56.0314 over 119 frames.
pp17-domotica3_command108 al lamp aan 
LOG (lattice-best-path[5.5.569~1-6f329]:main():lattice-best-path.cc:99) For utterance pp17-domotica3_command109, best cost 111.903 + -191.511 = -79.6079 over 129 frames.
pp17-domotica3_command109 al rolluiken slaapkamer neer 
LOG (lattice-best-path[5.5.569~1-6f329]:main():lattice-best-path.cc:99) For utterance pp17-domotica3_command11, best cost 114.043 + -207.556 = -93.5134 over 133 frames.
pp17-domotica3_command11 al de lichten in de keuken aan 
LOG (lattice-best-path[5.5.569~1-6f329]:main():lattice-best-path.cc:99) For utterance pp17-domotica3_command110, best cost 123.378 + -212.177 = -88.7995 over 144 frames.
pp17-domotica3_command110 al rolluiken slaapkamer omhoog 
LOG (lattice-best-path[5.5.569~1-6f329]:main():lattice-best-path.cc:99) For utterance pp17-domotica3_command111, best cost 148.342 + -262.851 = -114.51 over 162 frames.
pp17-domotica3_command111 al in rolluiken achterdeur naar beneden 
LOG (lattice-best-path[5.5.569~1-6f329]:main():lattice-best-path.cc:99) For utterance pp17-domotica3_command112, best cost 132.623 + -216.777 = -84.1542 over 152 frames.
pp17-domotica3_command112 al rolluik omhoog deur in living 
LOG (lattice-best-path[5.5.569~1-6f329]:main():lattice-best-path.cc:99) For utterance pp17-domotica3_command113, best cost 107.575 + -163.601 = -56.0269 over 123 frames.
pp17-domotica3_command113 uit in rolluiken neer 
LOG (lattice-best-path[5.5.569~1-6f329]:main():lattice-best-path.cc:99) For utterance pp17-domotica3_command114, best cost 120.425 + -200.437 = -80.0116 over 136 frames.
pp17-domotica3_command114 uit in rolluiken omhoog in living 
LOG (lattice-best-path[5.5.569~1-6f329]:main():lattice-best-path.cc:99) For utterance pp17-domotica3_command115, best cost 128.159 + -221.611 = -93.4521 over 150 frames.
pp17-domotica3_command115 al deur slaapkamer dicht 
LOG (lattice-best-path[5.5.569~1-6f329]:main():lattice-best-path.cc:99) For utterance pp17-domotica3_command116, best cost 120.953 + -209.695 = -88.7417 over 141 frames.
pp17-domotica3_command116 al deur slaapkamer open 
LOG (lattice-best-path[5.5.569~1-6f329]:main():lattice-best-path.cc:99) For utterance pp17-domotica3_command117, best cost 134.416 + -226.475 = -92.0593 over 148 frames.
pp17-domotica3_command117 al een licht aan slaapkamer 
LOG (lattice-best-path[5.5.569~1-6f329]:main():lattice-best-path.cc:99) For utterance pp17-domotica3_command118, best cost 121.224 + -210.773 = -89.5489 over 149 frames.
pp17-domotica3_command118 licht uit in slaapkamer 
LOG (lattice-best-path[5.5.569~1-6f329]:main():lattice-best-path.cc:99) For utterance pp17-domotica3_command119, best cost 115.927 + -183.483 = -67.5567 over 134 frames.
pp17-domotica3_command119 al staande lamp op een 
LOG (lattice-best-path[5.5.569~1-6f329]:main():lattice-best-path.cc:99) For utterance pp17-domotica3_command12, best cost 120.774 + -169.204 = -48.4303 over 133 frames.
pp17-domotica3_command12 uit in lamp aan 
LOG (lattice-best-path[5.5.569~1-6f329]:main():lattice-best-path.cc:99) For utterance pp17-domotica3_command120, best cost 109.237 + -192.44 = -83.2032 over 123 frames.
pp17-domotica3_command120 al de staande lamp op twee 
LOG (lattice-best-path[5.5.569~1-6f329]:main():lattice-best-path.cc:99) For utterance pp17-domotica3_command121, best cost 111.264 + -193.796 = -82.5326 over 125 frames.
pp17-domotica3_command121 uit in staande lamp op drie 
LOG (lattice-best-path[5.5.569~1-6f329]:main():lattice-best-path.cc:99) For utterance pp17-domotica3_command122, best cost 146.407 + -273.087 = -126.68 over 174 frames.
pp17-domotica3_command122 uit in thermostaat chauffage op eenentwintig 
LOG (lattice-best-path[5.5.569~1-6f329]:main():lattice-best-path.cc:99) For utterance pp17-domotica3_command123, best cost 96.7071 + -174.456 = -77.7487 over 115 frames.
pp17-domotica3_command123 uit in de voordeur toe 
LOG (lattice-best-path[5.5.569~1-6f329]:main():lattice-best-path.cc:99) For utterance pp17-domotica3_command124, best cost 101.843 + -158.897 = -57.0536 over 117 frames.
pp17-domotica3_command124 al deur open 
LOG (lattice-best-path[5.5.569~1-6f329]:main():lattice-best-path.cc:99) For utterance pp17-domotica3_command125, best cost 118.549 + -195.636 = -77.0871 over 145 frames.
pp17-domotica3_command125 al de woonkamer licht aan 
LOG (lattice-best-path[5.5.569~1-6f329]:main():lattice-best-path.cc:99) For utterance pp17-domotica3_command126, best cost 141.642 + -255.325 = -113.683 over 171 frames.
pp17-domotica3_command126 al de lichten in de woonkamer en keuken uit 
LOG (lattice-best-path[5.5.569~1-6f329]:main():lattice-best-path.cc:99) For utterance pp17-domotica3_command127, best cost 115.48 + -189.046 = -73.5661 over 128 frames.
pp17-domotica3_command127 uit in al de lichten uit 
LOG (lattice-best-path[5.5.569~1-6f329]:main():lattice-best-path.cc:99) For utterance pp17-domotica3_command128, best cost 133.333 + -225.703 = -92.3698 over 158 frames.
pp17-domotica3_command128 al deur dicht van badkamer 
LOG (lattice-best-path[5.5.569~1-6f329]:main():lattice-best-path.cc:99) For utterance pp17-domotica3_command129, best cost 115.409 + -203.758 = -88.3494 over 134 frames.
pp17-domotica3_command129 al deur badkamer open 
LOG (lattice-best-path[5.5.569~1-6f329]:main():lattice-best-path.cc:99) For utterance pp17-domotica3_command13, best cost 132.194 + -243.848 = -111.653 over 156 frames.
pp17-domotica3_command13 uit in rolluiken slaapkamer neer 
LOG (lattice-best-path[5.5.569~1-6f329]:main():lattice-best-path.cc:99) For utterance pp17-domotica3_command130, best cost 122.485 + -214.707 = -92.2215 over 143 frames.
pp17-domotica3_command130 uit in de lichten in de badkamer aan 
LOG (lattice-best-path[5.5.569~1-6f329]:main():lattice-best-path.cc:99) For utterance pp17-domotica3_command131, best cost 119.452 + -207.285 = -87.8324 over 138 frames.
pp17-domotica3_command131 licht in hoofdeinde op stand een 
LOG (lattice-best-path[5.5.569~1-6f329]:main():lattice-best-path.cc:99) For utterance pp17-domotica3_command132, best cost 121.007 + -208.703 = -87.696 over 131 frames.
pp17-domotica3_command132 al in hoofdeinde op stand twee 
LOG (lattice-best-path[5.5.569~1-6f329]:main():lattice-best-path.cc:99) For utterance pp17-domotica3_command133, best cost 117.542 + -195.663 = -78.1215 over 126 frames.
pp17-domotica3_command133 al in hoofdeinde op stand drie 
LOG (lattice-best-path[5.5.569~1-6f329]:main():lattice-best-path.cc:99) For utterance pp17-domotica3_command134, best cost 110.577 + -179.115 = -68.5377 over 128 frames.
pp17-domotica3_command134 al de lichten in de keuken aan 
LOG (lattice-best-path[5.5.569~1-6f329]:main():lattice-best-path.cc:99) For utterance pp17-domotica3_command135, best cost 112.959 + -149.31 = -36.3507 over 124 frames.
pp17-domotica3_command135 al lamp aan 
LOG (lattice-best-path[5.5.569~1-6f329]:main():lattice-best-path.cc:99) For utterance pp17-domotica3_command136, best cost 126.459 + -211.858 = -85.3987 over 150 frames.
pp17-domotica3_command136 al rolluiken slaapkamer neer 
LOG (lattice-best-path[5.5.569~1-6f329]:main():lattice-best-path.cc:99) For utterance pp17-domotica3_command137, best cost 139.51 + -237.289 = -97.7787 over 165 frames.
pp17-domotica3_command137 uit in rolluiken slaapkamer omhoog 
LOG (lattice-best-path[5.5.569~1-6f329]:main():lattice-best-path.cc:99) For utterance pp17-domotica3_command138, best cost 130.44 + -234.388 = -103.948 over 156 frames.
pp17-domotica3_command138 al rolluik achterdeur naar beneden 
LOG (lattice-best-path[5.5.569~1-6f329]:main():lattice-best-path.cc:99) For utterance pp17-domotica3_command139, best cost 143.21 + -238.966 = -95.7555 over 165 frames.
pp17-domotica3_command139 uit in rolluik omhoog deur in living 
LOG (lattice-best-path[5.5.569~1-6f329]:main():lattice-best-path.cc:99) For utterance pp17-domotica3_command14, best cost 130.309 + -228.244 = -97.9346 over 154 frames.
pp17-domotica3_command14 al rolluiken slaapkamer omhoog 
LOG (lattice-best-path[5.5.569~1-6f329]:main():lattice-best-path.cc:99) For utterance pp17-domotica3_command140, best cost 118.693 + -190.29 = -71.5974 over 127 frames.
pp17-domotica3_command140 al uit in rolluiken neer 
LOG (lattice-best-path[5.5.569~1-6f329]:main():lattice-best-path.cc:99) For utterance pp17-domotica3_command141, best cost 139.167 + -222.742 = -83.5745 over 151 frames.
pp17-domotica3_command141 al uit in rolluiken omhoog in living 
LOG (lattice-best-path[5.5.569~1-6f329]:main():lattice-best-path.cc:99) For utterance pp17-domotica3_command142, best cost 126.078 + -211.348 = -85.2699 over 147 frames.
pp17-domotica3_command142 al deur slaapkamer dicht 
LOG (lattice-best-path[5.5.569~1-6f329]:main():lattice-best-path.cc:99) For utterance pp17-domotica3_command143, best cost 118.875 + -196.148 = -77.2732 over 138 frames.
pp17-domotica3_command143 al deur slaapkamer open 
LOG (lattice-best-path[5.5.569~1-6f329]:main():lattice-best-path.cc:99) For utterance pp17-domotica3_command144, best cost 125.629 + -197.33 = -71.7007 over 145 frames.
pp17-domotica3_command144 al de lichten aan slaapkamer 
LOG (lattice-best-path[5.5.569~1-6f329]:main():lattice-best-path.cc:99) For utterance pp17-domotica3_command145, best cost 140.542 + -229.97 = -89.428 over 153 frames.
pp17-domotica3_command145 al de in licht uit in slaapkamer 
LOG (lattice-best-path[5.5.569~1-6f329]:main():lattice-best-path.cc:99) For utterance pp17-domotica3_command146, best cost 139.829 + -229.263 = -89.4342 over 158 frames.
pp17-domotica3_command146 al in staande lamp op een 
LOG (lattice-best-path[5.5.569~1-6f329]:main():lattice-best-path.cc:99) For utterance pp17-domotica3_command147, best cost 126.323 + -223.639 = -97.3157 over 149 frames.
pp17-domotica3_command147 al staande lamp op twee 
LOG (lattice-best-path[5.5.569~1-6f329]:main():lattice-best-path.cc:99) For utterance pp17-domotica3_command148, best cost 125.179 + -213.907 = -88.7281 over 146 frames.
pp17-domotica3_command148 al de staande lamp op drie 
LOG (lattice-best-path[5.5.569~1-6f329]:main():lattice-best-path.cc:99) For utterance pp17-domotica3_command149, best cost 143.779 + -247.892 = -104.113 over 162 frames.
pp17-domotica3_command149 al in thermostaat chauffage op eenentwintig 
LOG (lattice-best-path[5.5.569~1-6f329]:main():lattice-best-path.cc:99) For utterance pp17-domotica3_command15, best cost 129.243 + -234.974 = -105.73 over 152 frames.
pp17-domotica3_command15 uit in rolluik achterdeur naar beneden 
LOG (lattice-best-path[5.5.569~1-6f329]:main():lattice-best-path.cc:99) For utterance pp17-domotica3_command150, best cost 111.36 + -190.326 = -78.9661 over 138 frames.
pp17-domotica3_command150 al de voordeur toe 
LOG (lattice-best-path[5.5.569~1-6f329]:main():lattice-best-path.cc:99) For utterance pp17-domotica3_command151, best cost 108.324 + -174.049 = -65.7253 over 125 frames.
pp17-domotica3_command151 al de deur open 
LOG (lattice-best-path[5.5.569~1-6f329]:main():lattice-best-path.cc:99) For utterance pp17-domotica3_command152, best cost 118.548 + -205.05 = -86.502 over 145 frames.
pp17-domotica3_command152 al de woonkamer licht aan 
LOG (lattice-best-path[5.5.569~1-6f329]:main():lattice-best-path.cc:99) For utterance pp17-domotica3_command153, best cost 145.298 + -263.849 = -118.551 over 169 frames.
pp17-domotica3_command153 achterdeur naar lichten in de woonkamer en keuken uit 
LOG (lattice-best-path[5.5.569~1-6f329]:main():lattice-best-path.cc:99) For utterance pp17-domotica3_command154, best cost 115.978 + -186.414 = -70.436 over 129 frames.
pp17-domotica3_command154 lichten in al de lichten uit 
LOG (lattice-best-path[5.5.569~1-6f329]:main():lattice-best-path.cc:99) For utterance pp17-domotica3_command155, best cost 125.205 + -223.845 = -98.6406 over 144 frames.
pp17-domotica3_command155 uit in deur dicht van badkamer 
LOG (lattice-best-path[5.5.569~1-6f329]:main():lattice-best-path.cc:99) For utterance pp17-domotica3_command156, best cost 112.926 + -209.888 = -96.9622 over 137 frames.
pp17-domotica3_command156 uit in de badkamer open 
LOG (lattice-best-path[5.5.569~1-6f329]:main():lattice-best-path.cc:99) For utterance pp17-domotica3_command157, best cost 120.503 + -199.548 = -79.0453 over 142 frames.
pp17-domotica3_command157 al de lichten in de badkamer aan 
LOG (lattice-best-path[5.5.569~1-6f329]:main():lattice-best-path.cc:99) For utterance pp17-domotica3_command158, best cost 124.141 + -193.001 = -68.8597 over 146 frames.
pp17-domotica3_command158 al hoofdeinde op stand een 
LOG (lattice-best-path[5.5.569~1-6f329]:main():lattice-best-path.cc:99) For utterance pp17-domotica3_command159, best cost 118.785 + -204.782 = -85.9973 over 136 frames.
pp17-domotica3_command159 uit in hoofdeinde op stand twee 
LOG (lattice-best-path[5.5.569~1-6f329]:main():lattice-best-path.cc:99) For utterance pp17-domotica3_command16, best cost 182.991 + -309.096 = -126.105 over 207 frames.
pp17-domotica3_command16 uit in rolluik omhoog deur in de deur in living 
LOG (lattice-best-path[5.5.569~1-6f329]:main():lattice-best-path.cc:99) For utterance pp17-domotica3_command160, best cost 109.773 + -188.591 = -78.8183 over 123 frames.
pp17-domotica3_command160 uit in hoofdeinde op stand drie 
LOG (lattice-best-path[5.5.569~1-6f329]:main():lattice-best-path.cc:99) For utterance pp17-domotica3_command161, best cost 114.736 + -192.378 = -77.6415 over 134 frames.
pp17-domotica3_command161 al de lichten in de keuken aan 
LOG (lattice-best-path[5.5.569~1-6f329]:main():lattice-best-path.cc:99) For utterance pp17-domotica3_command162, best cost 112.959 + -161.518 = -48.5593 over 124 frames.
pp17-domotica3_command162 al lamp aan 
LOG (lattice-best-path[5.5.569~1-6f329]:main():lattice-best-path.cc:99) For utterance pp17-domotica3_command163, best cost 164.824 + -270.487 = -105.663 over 179 frames.
pp17-domotica3_command163 al uit in en rolluiken slaapkamer neer 
LOG (lattice-best-path[5.5.569~1-6f329]:main():lattice-best-path.cc:99) For utterance pp17-domotica3_command164, best cost 114.342 + -208.288 = -93.9465 over 143 frames.
pp17-domotica3_command164 rolluiken slaapkamer omhoog 
LOG (lattice-best-path[5.5.569~1-6f329]:main():lattice-best-path.cc:99) For utterance pp17-domotica3_command165, best cost 131.074 + -228.998 = -97.9236 over 152 frames.
pp17-domotica3_command165 al de keuken rolluik achterdeur naar beneden 
LOG (lattice-best-path[5.5.569~1-6f329]:main():lattice-best-path.cc:99) For utterance pp17-domotica3_command166, best cost 150.835 + -262.306 = -111.472 over 176 frames.
pp17-domotica3_command166 uit in rolluik omhoog deur in living 
LOG (lattice-best-path[5.5.569~1-6f329]:main():lattice-best-path.cc:99) For utterance pp17-domotica3_command167, best cost 104.612 + -164.887 = -60.2753 over 121 frames.
pp17-domotica3_command167 al rolluiken neer 
LOG (lattice-best-path[5.5.569~1-6f329]:main():lattice-best-path.cc:99) For utterance pp17-domotica3_command168, best cost 134.288 + -223.055 = -88.767 over 156 frames.
pp17-domotica3_command168 uit in rolluiken omhoog in living 
LOG (lattice-best-path[5.5.569~1-6f329]:main():lattice-best-path.cc:99) For utterance pp17-domotica3_command169, best cost 123.306 + -207.429 = -84.1232 over 143 frames.
pp17-domotica3_command169 al deur slaapkamer dicht 
LOG (lattice-best-path[5.5.569~1-6f329]:main():lattice-best-path.cc:99) For utterance pp17-domotica3_command17, best cost 126.984 + -220.1 = -93.1164 over 151 frames.
pp17-domotica3_command17 uit in rolluiken neer 
LOG (lattice-best-path[5.5.569~1-6f329]:main():lattice-best-path.cc:99) For utterance pp17-domotica3_command170, best cost 130.541 + -233.254 = -102.713 over 143 frames.
pp17-domotica3_command170 al de in deur slaapkamer open 
LOG (lattice-best-path[5.5.569~1-6f329]:main():lattice-best-path.cc:99) For utterance pp17-domotica3_command171, best cost 128.819 + -224.983 = -96.1642 over 164 frames.
pp17-domotica3_command171 licht aan slaapkamer 
LOG (lattice-best-path[5.5.569~1-6f329]:main():lattice-best-path.cc:99) For utterance pp17-domotica3_command172, best cost 119.145 + -195.646 = -76.5014 over 146 frames.
pp17-domotica3_command172 licht uit in slaapkamer 
LOG (lattice-best-path[5.5.569~1-6f329]:main():lattice-best-path.cc:99) For utterance pp17-domotica3_command173, best cost 128.646 + -221.377 = -92.7314 over 151 frames.
pp17-domotica3_command173 al de staande lamp op een 
LOG (lattice-best-path[5.5.569~1-6f329]:main():lattice-best-path.cc:99) For utterance pp17-domotica3_command174, best cost 104.835 + -182.382 = -77.5465 over 118 frames.
pp17-domotica3_command174 al staande lamp op twee 
LOG (lattice-best-path[5.5.569~1-6f329]:main():lattice-best-path.cc:99) For utterance pp17-domotica3_command175, best cost 103.449 + -165.638 = -62.1888 over 116 frames.
pp17-domotica3_command175 al staande lamp op drie 
LOG (lattice-best-path[5.5.569~1-6f329]:main():lattice-best-path.cc:99) For utterance pp17-domotica3_command176, best cost 182.979 + -312.641 = -129.662 over 217 frames.
pp17-domotica3_command176 al thermostaat thermostaat chauffage op eenentwintig 
LOG (lattice-best-path[5.5.569~1-6f329]:main():lattice-best-path.cc:99) For utterance pp17-domotica3_command177, best cost 96.0139 + -163.321 = -67.3075 over 114 frames.
pp17-domotica3_command177 uit in de voordeur toe 
LOG (lattice-best-path[5.5.569~1-6f329]:main():lattice-best-path.cc:99) For utterance pp17-domotica3_command178, best cost 100.647 + -165.976 = -65.3288 over 113 frames.
pp17-domotica3_command178 uit in deur open 
LOG (lattice-best-path[5.5.569~1-6f329]:main():lattice-best-path.cc:99) For utterance pp17-domotica3_command179, best cost 118.548 + -204.803 = -86.2549 over 145 frames.
pp17-domotica3_command179 al de woonkamer licht aan 
LOG (lattice-best-path[5.5.569~1-6f329]:main():lattice-best-path.cc:99) For utterance pp17-domotica3_command18, best cost 130.129 + -231.421 = -101.292 over 150 frames.
pp17-domotica3_command18 uit in rolluiken omhoog in living 
LOG (lattice-best-path[5.5.569~1-6f329]:main():lattice-best-path.cc:99) For utterance pp17-domotica3_command180, best cost 151.346 + -275.396 = -124.049 over 185 frames.
pp17-domotica3_command180 al de lichten in de woonkamer en keuken uit 
LOG (lattice-best-path[5.5.569~1-6f329]:main():lattice-best-path.cc:99) For utterance pp17-domotica3_command181, best cost 107.64 + -178.253 = -70.6127 over 131 frames.
pp17-domotica3_command181 al de lichten uit 
LOG (lattice-best-path[5.5.569~1-6f329]:main():lattice-best-path.cc:99) For utterance pp17-domotica3_command182, best cost 115.619 + -210.07 = -94.451 over 134 frames.
pp17-domotica3_command182 in deur dicht van badkamer 
LOG (lattice-best-path[5.5.569~1-6f329]:main():lattice-best-path.cc:99) For utterance pp17-domotica3_command183, best cost 116.985 + -197.7 = -80.7152 over 134 frames.
pp17-domotica3_command183 uit in deur badkamer open 
LOG (lattice-best-path[5.5.569~1-6f329]:main():lattice-best-path.cc:99) For utterance pp17-domotica3_command184, best cost 110.889 + -201.625 = -90.7364 over 134 frames.
pp17-domotica3_command184 lichten in de badkamer aan 
LOG (lattice-best-path[5.5.569~1-6f329]:main():lattice-best-path.cc:99) For utterance pp17-domotica3_command185, best cost 116.131 + -198.718 = -82.5863 over 136 frames.
pp17-domotica3_command185 in hoofdeinde op stand een 
LOG (lattice-best-path[5.5.569~1-6f329]:main():lattice-best-path.cc:99) For utterance pp17-domotica3_command186, best cost 111.303 + -184.099 = -72.796 over 117 frames.
pp17-domotica3_command186 al in hoofdeinde op stand twee 
LOG (lattice-best-path[5.5.569~1-6f329]:main():lattice-best-path.cc:99) For utterance pp17-domotica3_command187, best cost 108.387 + -179.265 = -70.8773 over 121 frames.
pp17-domotica3_command187 uit in hoofdeinde op stand drie 
LOG (lattice-best-path[5.5.569~1-6f329]:main():lattice-best-path.cc:99) For utterance pp17-domotica3_command188, best cost 111.964 + -179.287 = -67.3232 over 130 frames.
pp17-domotica3_command188 al de lichten in de keuken aan 
LOG (lattice-best-path[5.5.569~1-6f329]:main():lattice-best-path.cc:99) For utterance pp17-domotica3_command189, best cost 112.975 + -168.459 = -55.4844 over 124 frames.
pp17-domotica3_command189 al lamp op aan 
LOG (lattice-best-path[5.5.569~1-6f329]:main():lattice-best-path.cc:99) For utterance pp17-domotica3_command19, best cost 121.411 + -216.208 = -94.7973 over 139 frames.
pp17-domotica3_command19 uit in licht aan slaapkamer 
LOG (lattice-best-path[5.5.569~1-6f329]:main():lattice-best-path.cc:99) For utterance pp17-domotica3_command190, best cost 120.914 + -205.254 = -84.3396 over 142 frames.
pp17-domotica3_command190 al rolluiken slaapkamer neer 
LOG (lattice-best-path[5.5.569~1-6f329]:main():lattice-best-path.cc:99) For utterance pp17-domotica3_command191, best cost 125.457 + -210.345 = -84.8883 over 147 frames.
pp17-domotica3_command191 al rolluiken slaapkamer omhoog 
LOG (lattice-best-path[5.5.569~1-6f329]:main():lattice-best-path.cc:99) For utterance pp17-domotica3_command192, best cost 118.656 + -217.422 = -98.7661 over 139 frames.
pp17-domotica3_command192 al rolluik achterdeur naar beneden 
LOG (lattice-best-path[5.5.569~1-6f329]:main():lattice-best-path.cc:99) For utterance pp17-domotica3_command193, best cost 132.813 + -218.88 = -86.0669 over 150 frames.
pp17-domotica3_command193 uit in rolluik omhoog deur in living 
LOG (lattice-best-path[5.5.569~1-6f329]:main():lattice-best-path.cc:99) For utterance pp17-domotica3_command194, best cost 104.612 + -163.837 = -59.225 over 121 frames.
pp17-domotica3_command194 al rolluiken neer 
LOG (lattice-best-path[5.5.569~1-6f329]:main():lattice-best-path.cc:99) For utterance pp17-domotica3_command195, best cost 122.315 + -206.328 = -84.0129 over 141 frames.
pp17-domotica3_command195 al rolluiken omhoog in living 
LOG (lattice-best-path[5.5.569~1-6f329]:main():lattice-best-path.cc:99) For utterance pp17-domotica3_command196, best cost 123.999 + -215.726 = -91.7269 over 144 frames.
pp17-domotica3_command196 al deur slaapkamer dicht 
LOG (lattice-best-path[5.5.569~1-6f329]:main():lattice-best-path.cc:99) For utterance pp17-domotica3_command197, best cost 125.806 + -211.785 = -85.9797 over 148 frames.
pp17-domotica3_command197 al deur slaapkamer open 
LOG (lattice-best-path[5.5.569~1-6f329]:main():lattice-best-path.cc:99) For utterance pp17-domotica3_command198, best cost 120.528 + -204.285 = -83.7573 over 140 frames.
pp17-domotica3_command198 al licht aan slaapkamer 
LOG (lattice-best-path[5.5.569~1-6f329]:main():lattice-best-path.cc:99) For utterance pp17-domotica3_command199, best cost 128.95 + -216.364 = -87.4139 over 147 frames.
pp17-domotica3_command199 achterdeur naar licht uit in slaapkamer 
LOG (lattice-best-path[5.5.569~1-6f329]:main():lattice-best-path.cc:99) For utterance pp17-domotica3_command2, best cost 145.108 + -278.94 = -133.832 over 176 frames.
pp17-domotica3_command2 al de lichten in de woonkamer en keuken uit 
LOG (lattice-best-path[5.5.569~1-6f329]:main():lattice-best-path.cc:99) For utterance pp17-domotica3_command20, best cost 122.365 + -214.278 = -91.9131 over 141 frames.
pp17-domotica3_command20 al de lichten uit slaapkamer 
LOG (lattice-best-path[5.5.569~1-6f329]:main():lattice-best-path.cc:99) For utterance pp17-domotica3_command200, best cost 114.541 + -197.782 = -83.2402 over 132 frames.
pp17-domotica3_command200 al staande lamp op een 
LOG (lattice-best-path[5.5.569~1-6f329]:main():lattice-best-path.cc:99) For utterance pp17-domotica3_command201, best cost 96.4916 + -183.06 = -86.5688 over 118 frames.
pp17-domotica3_command201 staande lamp op twee 
LOG (lattice-best-path[5.5.569~1-6f329]:main():lattice-best-path.cc:99) For utterance pp17-domotica3_command202, best cost 108.491 + -189.855 = -81.3646 over 121 frames.
pp17-domotica3_command202 uit in staande lamp op drie 
LOG (lattice-best-path[5.5.569~1-6f329]:main():lattice-best-path.cc:99) For utterance pp17-domotica3_command203, best cost 135.82 + -251.267 = -115.447 over 161 frames.
pp17-domotica3_command203 al thermostaat chauffage op eenentwintig 
LOG (lattice-best-path[5.5.569~1-6f329]:main():lattice-best-path.cc:99) For utterance pp17-domotica3_command204, best cost 89.8728 + -164.998 = -75.1249 over 107 frames.
pp17-domotica3_command204 al de voordeur toe 
LOG (lattice-best-path[5.5.569~1-6f329]:main():lattice-best-path.cc:99) For utterance pp17-domotica3_command205, best cost 89.2102 + -136.564 = -47.3536 over 100 frames.
pp17-domotica3_command205 al de open 
LOG (lattice-best-path[5.5.569~1-6f329]:main():lattice-best-path.cc:99) For utterance pp17-domotica3_command206, best cost 141.019 + -231.695 = -90.6755 over 166 frames.
pp17-domotica3_command206 al de in de woonkamer licht aan 
LOG (lattice-best-path[5.5.569~1-6f329]:main():lattice-best-path.cc:99) For utterance pp17-domotica3_command207, best cost 161.744 + -282.703 = -120.959 over 200 frames.
pp17-domotica3_command207 al de lichten in de woonkamer en keuken uit 
LOG (lattice-best-path[5.5.569~1-6f329]:main():lattice-best-path.cc:99) For utterance pp17-domotica3_command208, best cost 117.246 + -207.444 = -90.1981 over 143 frames.
pp17-domotica3_command208 uit in de lichten uit 
LOG (lattice-best-path[5.5.569~1-6f329]:main():lattice-best-path.cc:99) For utterance pp17-domotica3_command209, best cost 107.66 + -200.445 = -92.7851 over 133 frames.
pp17-domotica3_command209 deur dicht van badkamer 
LOG (lattice-best-path[5.5.569~1-6f329]:main():lattice-best-path.cc:99) For utterance pp17-domotica3_command21, best cost 121.473 + -203.009 = -81.536 over 142 frames.
pp17-domotica3_command21 al staande lamp op een 
LOG (lattice-best-path[5.5.569~1-6f329]:main():lattice-best-path.cc:99) For utterance pp17-domotica3_command210, best cost 114.906 + -204.718 = -89.812 over 131 frames.
pp17-domotica3_command210 uit in deur badkamer open 
LOG (lattice-best-path[5.5.569~1-6f329]:main():lattice-best-path.cc:99) For utterance pp17-domotica3_command211, best cost 123.276 + -222.716 = -99.4401 over 146 frames.
pp17-domotica3_command211 al de lichten in de badkamer aan 
LOG (lattice-best-path[5.5.569~1-6f329]:main():lattice-best-path.cc:99) For utterance pp17-domotica3_command212, best cost 123.591 + -216.784 = -93.1931 over 142 frames.
pp17-domotica3_command212 uit in de hoofdeinde op stand een 
LOG (lattice-best-path[5.5.569~1-6f329]:main():lattice-best-path.cc:99) For utterance pp17-domotica3_command213, best cost 118.784 + -218.942 = -100.159 over 136 frames.
pp17-domotica3_command213 uit in hoofdeinde op stand twee 
LOG (lattice-best-path[5.5.569~1-6f329]:main():lattice-best-path.cc:99) For utterance pp17-domotica3_command214, best cost 120.17 + -217.872 = -97.7022 over 138 frames.
pp17-domotica3_command214 uit in hoofdeinde op stand drie 
LOG (lattice-best-path[5.5.569~1-6f329]:main():lattice-best-path.cc:99) For utterance pp17-domotica3_command215, best cost 111.964 + -180.485 = -68.5217 over 130 frames.
pp17-domotica3_command215 al de lichten in de keuken aan 
LOG (lattice-best-path[5.5.569~1-6f329]:main():lattice-best-path.cc:99) For utterance pp17-domotica3_command216, best cost 111.663 + -154.589 = -42.9258 over 121 frames.
pp17-domotica3_command216 achterdeur naar lamp op aan 
LOG (lattice-best-path[5.5.569~1-6f329]:main():lattice-best-path.cc:99) For utterance pp17-domotica3_command217, best cost 121.607 + -205.153 = -83.5459 over 143 frames.
pp17-domotica3_command217 al rolluiken slaapkamer neer 
LOG (lattice-best-path[5.5.569~1-6f329]:main():lattice-best-path.cc:99) For utterance pp17-domotica3_command218, best cost 110.876 + -195.231 = -84.3549 over 138 frames.
pp17-domotica3_command218 rolluiken slaapkamer omhoog 
LOG (lattice-best-path[5.5.569~1-6f329]:main():lattice-best-path.cc:99) For utterance pp17-domotica3_command219, best cost 160.938 + -301.538 = -140.6 over 200 frames.
pp17-domotica3_command219 al rolluik achterdeur naar beneden 
LOG (lattice-best-path[5.5.569~1-6f329]:main():lattice-best-path.cc:99) For utterance pp17-domotica3_command22, best cost 111.741 + -209.011 = -97.2705 over 140 frames.
pp17-domotica3_command22 staande lamp op twee 
LOG (lattice-best-path[5.5.569~1-6f329]:main():lattice-best-path.cc:99) For utterance pp17-domotica3_command221, best cost 99.9509 + -160.515 = -60.5637 over 112 frames.
pp17-domotica3_command221 uit in rolluiken neer 
LOG (lattice-best-path[5.5.569~1-6f329]:main():lattice-best-path.cc:99) For utterance pp17-domotica3_command222, best cost 102.882 + -181.525 = -78.6436 over 125 frames.
pp17-domotica3_command222 rolluiken omhoog in living 
LOG (lattice-best-path[5.5.569~1-6f329]:main():lattice-best-path.cc:99) For utterance pp17-domotica3_command223, best cost 117.949 + -202.101 = -84.1512 over 133 frames.
pp17-domotica3_command223 uit in deur slaapkamer dicht 
LOG (lattice-best-path[5.5.569~1-6f329]:main():lattice-best-path.cc:99) For utterance pp17-domotica3_command224, best cost 112.06 + -206.151 = -94.0912 over 128 frames.
pp17-domotica3_command224 uit in de slaapkamer open 
LOG (lattice-best-path[5.5.569~1-6f329]:main():lattice-best-path.cc:99) For utterance pp17-domotica3_command225, best cost 123.489 + -216.822 = -93.3321 over 142 frames.
pp17-domotica3_command225 uit in licht aan slaapkamer 
LOG (lattice-best-path[5.5.569~1-6f329]:main():lattice-best-path.cc:99) For utterance pp17-domotica3_command226, best cost 135.997 + -230.145 = -94.1473 over 156 frames.
pp17-domotica3_command226 uit in licht uit in slaapkamer 
LOG (lattice-best-path[5.5.569~1-6f329]:main():lattice-best-path.cc:99) For utterance pp17-domotica3_command227, best cost 109.158 + -196.642 = -87.4837 over 123 frames.
pp17-domotica3_command227 licht in staande lamp op een 
LOG (lattice-best-path[5.5.569~1-6f329]:main():lattice-best-path.cc:99) For utterance pp17-domotica3_command228, best cost 98.0937 + -172.095 = -74.0015 over 106 frames.
pp17-domotica3_command228 uit in staande lamp op twee 
LOG (lattice-best-path[5.5.569~1-6f329]:main():lattice-best-path.cc:99) For utterance pp17-domotica3_command229, best cost 102.253 + -168.999 = -66.746 over 112 frames.
pp17-domotica3_command229 uit in staande lamp op drie 
LOG (lattice-best-path[5.5.569~1-6f329]:main():lattice-best-path.cc:99) For utterance pp17-domotica3_command23, best cost 119.581 + -209.579 = -89.9982 over 137 frames.
pp17-domotica3_command23 uit in staande lamp op drie 
LOG (lattice-best-path[5.5.569~1-6f329]:main():lattice-best-path.cc:99) For utterance pp17-domotica3_command230, best cost 131.661 + -246.135 = -114.473 over 155 frames.
pp17-domotica3_command230 al thermostaat chauffage op eenentwintig 
LOG (lattice-best-path[5.5.569~1-6f329]:main():lattice-best-path.cc:99) For utterance pp17-domotica3_command231, best cost 85.735 + -146.01 = -60.2753 over 103 frames.
pp17-domotica3_command231 in de voordeur toe 
LOG (lattice-best-path[5.5.569~1-6f329]:main():lattice-best-path.cc:99) For utterance pp17-domotica3_command232, best cost 100.458 + -178.87 = -78.4116 over 115 frames.
pp17-domotica3_command232 al deur open 
LOG (lattice-best-path[5.5.569~1-6f329]:main():lattice-best-path.cc:99) For utterance pp17-domotica3_command233, best cost 103.3 + -174.909 = -71.6084 over 123 frames.
pp17-domotica3_command233 al de woonkamer licht aan 
LOG (lattice-best-path[5.5.569~1-6f329]:main():lattice-best-path.cc:99) For utterance pp17-domotica3_command234, best cost 134.71 + -240.3 = -105.59 over 161 frames.
pp17-domotica3_command234 al de lichten in de woonkamer en keuken uit 
LOG (lattice-best-path[5.5.569~1-6f329]:main():lattice-best-path.cc:99) For utterance pp17-domotica3_command236, best cost 106.274 + -197 = -90.7264 over 131 frames.
pp17-domotica3_command236 deur dicht van badkamer 
LOG (lattice-best-path[5.5.569~1-6f329]:main():lattice-best-path.cc:99) For utterance pp17-domotica3_command237, best cost 134.315 + -259.615 = -125.3 over 159 frames.
pp17-domotica3_command237 uit in deur badkamer open 
LOG (lattice-best-path[5.5.569~1-6f329]:main():lattice-best-path.cc:99) For utterance pp17-domotica3_command239, best cost 127.909 + -236.355 = -108.446 over 145 frames.
pp17-domotica3_command239 uit in licht in de badkamer aan 
LOG (lattice-best-path[5.5.569~1-6f329]:main():lattice-best-path.cc:99) For utterance pp17-domotica3_command24, best cost 146.219 + -264.811 = -118.593 over 176 frames.
pp17-domotica3_command24 al thermostaat chauffage op eenentwintig 
LOG (lattice-best-path[5.5.569~1-6f329]:main():lattice-best-path.cc:99) For utterance pp17-domotica3_command240, best cost 120.172 + -227.651 = -107.479 over 138 frames.
pp17-domotica3_command240 uit in hoofdeinde op stand een 
LOG (lattice-best-path[5.5.569~1-6f329]:main():lattice-best-path.cc:99) For utterance pp17-domotica3_command241, best cost 109.198 + -209.455 = -100.257 over 126 frames.
pp17-domotica3_command241 in hoofdeinde op stand twee 
LOG (lattice-best-path[5.5.569~1-6f329]:main():lattice-best-path.cc:99) For utterance pp17-domotica3_command242, best cost 109.08 + -202.516 = -93.4362 over 122 frames.
pp17-domotica3_command242 uit in hoofdeinde op stand drie 
LOG (lattice-best-path[5.5.569~1-6f329]:main():lattice-best-path.cc:99) For utterance pp17-domotica3_command243, best cost 99.7453 + -175.411 = -75.6659 over 119 frames.
pp17-domotica3_command243 licht in de keuken aan 
LOG (lattice-best-path[5.5.569~1-6f329]:main():lattice-best-path.cc:99) For utterance pp17-domotica3_command244, best cost 129.584 + -217.668 = -88.0842 over 160 frames.
pp17-domotica3_command244 lamp op aan 
LOG (lattice-best-path[5.5.569~1-6f329]:main():lattice-best-path.cc:99) For utterance pp17-domotica3_command245, best cost 112.571 + -198.35 = -85.7785 over 142 frames.
pp17-domotica3_command245 rolluiken slaapkamer neer 
LOG (lattice-best-path[5.5.569~1-6f329]:main():lattice-best-path.cc:99) For utterance pp17-domotica3_command246, best cost 123.354 + -226.883 = -103.53 over 156 frames.
pp17-domotica3_command246 rolluiken slaapkamer omhoog 
LOG (lattice-best-path[5.5.569~1-6f329]:main():lattice-best-path.cc:99) For utterance pp17-domotica3_command247, best cost 113.086 + -225.185 = -112.099 over 143 frames.
pp17-domotica3_command247 rolluik achterdeur naar beneden 
LOG (lattice-best-path[5.5.569~1-6f329]:main():lattice-best-path.cc:99) For utterance pp17-domotica3_command248, best cost 118.735 + -194.786 = -76.0512 over 144 frames.
pp17-domotica3_command248 rolluik omhoog deur in living 
LOG (lattice-best-path[5.5.569~1-6f329]:main():lattice-best-path.cc:99) For utterance pp17-domotica3_command249, best cost 79.6587 + -111.195 = -31.5364 over 85 frames.
pp17-domotica3_command249 al rolluiken neer 
LOG (lattice-best-path[5.5.569~1-6f329]:main():lattice-best-path.cc:99) For utterance pp17-domotica3_command25, best cost 101.559 + -173.346 = -71.7873 over 122 frames.
pp17-domotica3_command25 uit in de voordeur toe 
LOG (lattice-best-path[5.5.569~1-6f329]:main():lattice-best-path.cc:99) For utterance pp17-domotica3_command250, best cost 128.05 + -210.406 = -82.3559 over 147 frames.
pp17-domotica3_command250 uit in rolluiken omhoog in living 
LOG (lattice-best-path[5.5.569~1-6f329]:main():lattice-best-path.cc:99) For utterance pp17-domotica3_command251, best cost 112.882 + -203.088 = -90.2055 over 140 frames.
pp17-domotica3_command251 deur slaapkamer dicht 
LOG (lattice-best-path[5.5.569~1-6f329]:main():lattice-best-path.cc:99) For utterance pp17-domotica3_command252, best cost 125.922 + -229.914 = -103.992 over 148 frames.
pp17-domotica3_command252 uit in de slaapkamer open 
LOG (lattice-best-path[5.5.569~1-6f329]:main():lattice-best-path.cc:99) For utterance pp17-domotica3_command253, best cost 119.116 + -233.358 = -114.243 over 150 frames.
pp17-domotica3_command253 licht aan slaapkamer 
LOG (lattice-best-path[5.5.569~1-6f329]:main():lattice-best-path.cc:99) For utterance pp17-domotica3_command254, best cost 131.837 + -234.036 = -102.198 over 150 frames.
pp17-domotica3_command254 uit in licht uit in slaapkamer 
LOG (lattice-best-path[5.5.569~1-6f329]:main():lattice-best-path.cc:99) For utterance pp17-domotica3_command255, best cost 121.661 + -218.908 = -97.247 over 140 frames.
pp17-domotica3_command255 uit in staande lamp op een 
LOG (lattice-best-path[5.5.569~1-6f329]:main():lattice-best-path.cc:99) For utterance pp17-domotica3_command256, best cost 101.37 + -185.491 = -84.1213 over 113 frames.
pp17-domotica3_command256 al staande lamp op twee 
LOG (lattice-best-path[5.5.569~1-6f329]:main():lattice-best-path.cc:99) For utterance pp17-domotica3_command257, best cost 90.2533 + -154.431 = -64.1781 over 109 frames.
pp17-domotica3_command257 staande lamp op drie 
LOG (lattice-best-path[5.5.569~1-6f329]:main():lattice-best-path.cc:99) For utterance pp17-domotica3_command258, best cost 126.809 + -214.39 = -87.581 over 148 frames.
pp17-domotica3_command258 al thermostaat chauffage op eenentwintig 
LOG (lattice-best-path[5.5.569~1-6f329]:main():lattice-best-path.cc:99) For utterance pp17-domotica3_command259, best cost 94.0317 + -159.694 = -65.6618 over 113 frames.
pp17-domotica3_command259 al de voordeur toe 
LOG (lattice-best-path[5.5.569~1-6f329]:main():lattice-best-path.cc:99) For utterance pp17-domotica3_command26, best cost 104.113 + -172.398 = -68.2858 over 118 frames.
pp17-domotica3_command26 uit in deur open 
LOG (lattice-best-path[5.5.569~1-6f329]:main():lattice-best-path.cc:99) For utterance pp17-domotica3_command260, best cost 122.543 + -201.734 = -79.1909 over 139 frames.
pp17-domotica3_command260 al de lichten in deur open 
LOG (lattice-best-path[5.5.569~1-6f329]:main():lattice-best-path.cc:99) For utterance pp17-domotica3_command261, best cost 140.336 + -236.58 = -96.2435 over 168 frames.
pp17-domotica3_command261 toe de woonkamer licht aan 
LOG (lattice-best-path[5.5.569~1-6f329]:main():lattice-best-path.cc:99) For utterance pp17-domotica3_command262, best cost 141.642 + -249.496 = -107.853 over 171 frames.
pp17-domotica3_command262 al de lichten in de woonkamer en keuken uit 
LOG (lattice-best-path[5.5.569~1-6f329]:main():lattice-best-path.cc:99) For utterance pp17-domotica3_command263, best cost 112.491 + -193.981 = -81.4894 over 138 frames.
pp17-domotica3_command263 al de lichten uit 
LOG (lattice-best-path[5.5.569~1-6f329]:main():lattice-best-path.cc:99) For utterance pp17-domotica3_command264, best cost 120.164 + -214.586 = -94.4218 over 139 frames.
pp17-domotica3_command264 al deur dicht van badkamer 
LOG (lattice-best-path[5.5.569~1-6f329]:main():lattice-best-path.cc:99) For utterance pp17-domotica3_command265, best cost 146.791 + -260.158 = -113.367 over 177 frames.
pp17-domotica3_command265 uit in deur badkamer open 
LOG (lattice-best-path[5.5.569~1-6f329]:main():lattice-best-path.cc:99) For utterance pp17-domotica3_command266, best cost 126.741 + -226.349 = -99.6072 over 151 frames.
pp17-domotica3_command266 al de lichten in de badkamer aan 
LOG (lattice-best-path[5.5.569~1-6f329]:main():lattice-best-path.cc:99) For utterance pp17-domotica3_command267, best cost 115.797 + -207.822 = -92.0244 over 146 frames.
pp17-domotica3_command267 hoofdeinde op stand een 
LOG (lattice-best-path[5.5.569~1-6f329]:main():lattice-best-path.cc:99) For utterance pp17-domotica3_command268, best cost 121.366 + -208.605 = -87.2382 over 142 frames.
pp17-domotica3_command268 al hoofdeinde op stand twee 
LOG (lattice-best-path[5.5.569~1-6f329]:main():lattice-best-path.cc:99) For utterance pp17-domotica3_command269, best cost 123.637 + -215.5 = -91.8631 over 143 frames.
pp17-domotica3_command269 uit in hoofdeinde op stand drie 
LOG (lattice-best-path[5.5.569~1-6f329]:main():lattice-best-path.cc:99) For utterance pp17-domotica3_command27, best cost 145.801 + -267.156 = -121.354 over 177 frames.
pp17-domotica3_command27 al de lichten in de woonkamer en keuken uit 
LOG (lattice-best-path[5.5.569~1-6f329]:main():lattice-best-path.cc:99) For utterance pp17-domotica3_command270, best cost 112.222 + -201.528 = -89.3056 over 137 frames.
pp17-domotica3_command270 licht in de keuken aan 
LOG (lattice-best-path[5.5.569~1-6f329]:main():lattice-best-path.cc:99) For utterance pp17-domotica3_command271, best cost 120.111 + -184.274 = -64.1627 over 131 frames.
pp17-domotica3_command271 al lamp keuken aan 
LOG (lattice-best-path[5.5.569~1-6f329]:main():lattice-best-path.cc:99) For utterance pp17-domotica3_command272, best cost 127.153 + -225.892 = -98.7392 over 151 frames.
pp17-domotica3_command272 al rolluiken slaapkamer neer 
LOG (lattice-best-path[5.5.569~1-6f329]:main():lattice-best-path.cc:99) For utterance pp17-domotica3_command273, best cost 137.934 + -248.138 = -110.204 over 165 frames.
pp17-domotica3_command273 al rolluiken slaapkamer omhoog 
LOG (lattice-best-path[5.5.569~1-6f329]:main():lattice-best-path.cc:99) For utterance pp17-domotica3_command274, best cost 127.857 + -249.995 = -122.138 over 150 frames.
pp17-domotica3_command274 uit in rolluik achterdeur naar beneden 
LOG (lattice-best-path[5.5.569~1-6f329]:main():lattice-best-path.cc:99) For utterance pp17-domotica3_command275, best cost 137.809 + -229.652 = -91.8424 over 149 frames.
pp17-domotica3_command275 al in rolluik omhoog deur in living 
LOG (lattice-best-path[5.5.569~1-6f329]:main():lattice-best-path.cc:99) For utterance pp17-domotica3_command276, best cost 137.922 + -233.982 = -96.0604 over 170 frames.
pp17-domotica3_command276 rolluik rolluiken neer 
LOG (lattice-best-path[5.5.569~1-6f329]:main():lattice-best-path.cc:99) For utterance pp17-domotica3_command277, best cost 129.246 + -216.167 = -86.9204 over 151 frames.
pp17-domotica3_command277 al rolluiken omhoog in living 
LOG (lattice-best-path[5.5.569~1-6f329]:main():lattice-best-path.cc:99) For utterance pp17-domotica3_command278, best cost 114.961 + -200.536 = -85.5755 over 143 frames.
pp17-domotica3_command278 deur slaapkamer dicht 
LOG (lattice-best-path[5.5.569~1-6f329]:main():lattice-best-path.cc:99) For utterance pp17-domotica3_command279, best cost 120.261 + -212.208 = -91.9468 over 140 frames.
pp17-domotica3_command279 al deur slaapkamer open 
LOG (lattice-best-path[5.5.569~1-6f329]:main():lattice-best-path.cc:99) For utterance pp17-domotica3_command28, best cost 106.254 + -190.19 = -83.9358 over 129 frames.
pp17-domotica3_command28 al de lichten uit 
LOG (lattice-best-path[5.5.569~1-6f329]:main():lattice-best-path.cc:99) For utterance pp17-domotica3_command280, best cost 124.661 + -230.051 = -105.39 over 158 frames.
pp17-domotica3_command280 licht aan slaapkamer 
LOG (lattice-best-path[5.5.569~1-6f329]:main():lattice-best-path.cc:99) For utterance pp17-domotica3_command281, best cost 136.474 + -260.989 = -124.515 over 171 frames.
pp17-domotica3_command281 licht uit in slaapkamer 
LOG (lattice-best-path[5.5.569~1-6f329]:main():lattice-best-path.cc:99) For utterance pp17-domotica3_command282, best cost 109.878 + -190.877 = -80.9985 over 123 frames.
pp17-domotica3_command282 uit in staande lamp op een 
LOG (lattice-best-path[5.5.569~1-6f329]:main():lattice-best-path.cc:99) For utterance pp17-domotica3_command283, best cost 109.687 + -191.155 = -81.4675 over 125 frames.
pp17-domotica3_command283 al staande lamp op twee 
LOG (lattice-best-path[5.5.569~1-6f329]:main():lattice-best-path.cc:99) For utterance pp17-domotica3_command284, best cost 121.805 + -197.775 = -75.9699 over 132 frames.
pp17-domotica3_command284 al in staande lamp op drie 
LOG (lattice-best-path[5.5.569~1-6f329]:main():lattice-best-path.cc:99) For utterance pp17-domotica3_command285, best cost 144.113 + -263.674 = -119.561 over 185 frames.
pp17-domotica3_command285 thermostaat chauffage op eenentwintig 
LOG (lattice-best-path[5.5.569~1-6f329]:main():lattice-best-path.cc:99) For utterance pp17-domotica3_command286, best cost 107.202 + -182.928 = -75.7269 over 132 frames.
pp17-domotica3_command286 al de voordeur toe 
LOG (lattice-best-path[5.5.569~1-6f329]:main():lattice-best-path.cc:99) For utterance pp17-domotica3_command287, best cost 101.15 + -168.549 = -67.3988 over 116 frames.
pp17-domotica3_command287 al deur open 
LOG (lattice-best-path[5.5.569~1-6f329]:main():lattice-best-path.cc:99) For utterance pp17-domotica3_command288, best cost 124.808 + -224.836 = -100.029 over 156 frames.
pp17-domotica3_command288 in de woonkamer licht aan 
LOG (lattice-best-path[5.5.569~1-6f329]:main():lattice-best-path.cc:99) For utterance pp17-domotica3_command289, best cost 142.334 + -261.596 = -119.262 over 172 frames.
pp17-domotica3_command289 al de lichten in de woonkamer en keuken uit 
LOG (lattice-best-path[5.5.569~1-6f329]:main():lattice-best-path.cc:99) For utterance pp17-domotica3_command29, best cost 116.887 + -210.845 = -93.9581 over 132 frames.
pp17-domotica3_command29 uit in deur dicht van badkamer 
LOG (lattice-best-path[5.5.569~1-6f329]:main():lattice-best-path.cc:99) For utterance pp17-domotica3_command290, best cost 118.037 + -203.013 = -84.9752 over 146 frames.
pp17-domotica3_command290 al de lichten uit 
LOG (lattice-best-path[5.5.569~1-6f329]:main():lattice-best-path.cc:99) For utterance pp17-domotica3_command291, best cost 131.947 + -231.239 = -99.2912 over 156 frames.
pp17-domotica3_command291 al deur dicht van badkamer 
LOG (lattice-best-path[5.5.569~1-6f329]:main():lattice-best-path.cc:99) For utterance pp17-domotica3_command292, best cost 125.113 + -214.807 = -89.694 over 148 frames.
pp17-domotica3_command292 al deur badkamer open 
LOG (lattice-best-path[5.5.569~1-6f329]:main():lattice-best-path.cc:99) For utterance pp17-domotica3_command293, best cost 128.128 + -225.547 = -97.419 over 153 frames.
pp17-domotica3_command293 al de lichten in de badkamer aan 
LOG (lattice-best-path[5.5.569~1-6f329]:main():lattice-best-path.cc:99) For utterance pp17-domotica3_command294, best cost 128.875 + -204.106 = -75.2306 over 141 frames.
pp17-domotica3_command294 al de in hoofdeinde op stand een 
LOG (lattice-best-path[5.5.569~1-6f329]:main():lattice-best-path.cc:99) For utterance pp17-domotica3_command295, best cost 109.583 + -191.17 = -81.5876 over 125 frames.
pp17-domotica3_command295 al hoofdeinde op stand twee 
LOG (lattice-best-path[5.5.569~1-6f329]:main():lattice-best-path.cc:99) For utterance pp17-domotica3_command296, best cost 125.715 + -218.07 = -92.3547 over 146 frames.
pp17-domotica3_command296 uit in hoofdeinde op stand drie 
LOG (lattice-best-path[5.5.569~1-6f329]:main():lattice-best-path.cc:99) For utterance pp17-domotica3_command297, best cost 126.111 + -206.004 = -79.8936 over 145 frames.
pp17-domotica3_command297 al licht in de keuken aan 
LOG (lattice-best-path[5.5.569~1-6f329]:main():lattice-best-path.cc:99) For utterance pp17-domotica3_command298, best cost 121.97 + -168.074 = -46.1038 over 137 frames.
pp17-domotica3_command298 al lamp aan 
LOG (lattice-best-path[5.5.569~1-6f329]:main():lattice-best-path.cc:99) For utterance pp17-domotica3_command299, best cost 137.191 + -227.817 = -90.6265 over 155 frames.
pp17-domotica3_command299 al in rolluiken slaapkamer neer 
LOG (lattice-best-path[5.5.569~1-6f329]:main():lattice-best-path.cc:99) For utterance pp17-domotica3_command3, best cost 140.256 + -251.648 = -111.392 over 169 frames.
pp17-domotica3_command3 al de lichten in de woonkamer en keuken uit 
LOG (lattice-best-path[5.5.569~1-6f329]:main():lattice-best-path.cc:99) For utterance pp17-domotica3_command30, best cost 120.648 + -223.863 = -103.215 over 150 frames.
pp17-domotica3_command30 al de badkamer open 
LOG (lattice-best-path[5.5.569~1-6f329]:main():lattice-best-path.cc:99) For utterance pp17-domotica3_command300, best cost 117.114 + -204.903 = -87.7889 over 147 frames.
pp17-domotica3_command300 rolluiken slaapkamer omhoog 
LOG (lattice-best-path[5.5.569~1-6f329]:main():lattice-best-path.cc:99) For utterance pp17-domotica3_command301, best cost 127.282 + -224.879 = -97.5971 over 153 frames.
pp17-domotica3_command301 in rolluik achterdeur naar beneden 
LOG (lattice-best-path[5.5.569~1-6f329]:main():lattice-best-path.cc:99) For utterance pp17-domotica3_command302, best cost 147.872 + -224.644 = -76.7719 over 174 frames.
pp17-domotica3_command302 al rolluik omhoog deur in living 
LOG (lattice-best-path[5.5.569~1-6f329]:main():lattice-best-path.cc:99) For utterance pp17-domotica3_command303, best cost 105.28 + -168.279 = -62.999 over 134 frames.
pp17-domotica3_command303 rolluiken neer 
LOG (lattice-best-path[5.5.569~1-6f329]:main():lattice-best-path.cc:99) For utterance pp17-domotica3_command304, best cost 120.904 + -206.491 = -85.5878 over 151 frames.
pp17-domotica3_command304 rolluiken omhoog in living 
LOG (lattice-best-path[5.5.569~1-6f329]:main():lattice-best-path.cc:99) For utterance pp17-domotica3_command305, best cost 131.814 + -227.69 = -95.8762 over 153 frames.
pp17-domotica3_command305 uit in deur slaapkamer dicht 
LOG (lattice-best-path[5.5.569~1-6f329]:main():lattice-best-path.cc:99) For utterance pp17-domotica3_command306, best cost 117.462 + -215.554 = -98.092 over 148 frames.
pp17-domotica3_command306 deur slaapkamer open 
LOG (lattice-best-path[5.5.569~1-6f329]:main():lattice-best-path.cc:99) For utterance pp17-domotica3_command307, best cost 114.983 + -184.741 = -69.758 over 132 frames.
pp17-domotica3_command307 al licht aan slaapkamer 
LOG (lattice-best-path[5.5.569~1-6f329]:main():lattice-best-path.cc:99) For utterance pp17-domotica3_command308, best cost 129.568 + -220.064 = -90.4962 over 149 frames.
pp17-domotica3_command308 al licht uit in slaapkamer 
LOG (lattice-best-path[5.5.569~1-6f329]:main():lattice-best-path.cc:99) For utterance pp17-domotica3_command309, best cost 125.127 + -219.443 = -94.3151 over 145 frames.
pp17-domotica3_command309 uit in staande lamp op een 
LOG (lattice-best-path[5.5.569~1-6f329]:main():lattice-best-path.cc:99) For utterance pp17-domotica3_command31, best cost 119.117 + -209.073 = -89.9565 over 140 frames.
pp17-domotica3_command31 al de lichten in de badkamer aan 
LOG (lattice-best-path[5.5.569~1-6f329]:main():lattice-best-path.cc:99) For utterance pp17-domotica3_command310, best cost 118.673 + -233.024 = -114.351 over 150 frames.
pp17-domotica3_command310 staande lamp op twee 
LOG (lattice-best-path[5.5.569~1-6f329]:main():lattice-best-path.cc:99) For utterance pp17-domotica3_command311, best cost 109.877 + -184.775 = -74.8977 over 123 frames.
pp17-domotica3_command311 uit in staande lamp op drie 
LOG (lattice-best-path[5.5.569~1-6f329]:main():lattice-best-path.cc:99) For utterance pp17-domotica3_command312, best cost 129.557 + -234.308 = -104.751 over 164 frames.
pp17-domotica3_command312 thermostaat chauffage op eenentwintig 
LOG (lattice-best-path[5.5.569~1-6f329]:main():lattice-best-path.cc:99) For utterance pp17-domotica3_command313, best cost 101.559 + -176.121 = -74.5616 over 122 frames.
pp17-domotica3_command313 uit in de voordeur toe 
LOG (lattice-best-path[5.5.569~1-6f329]:main():lattice-best-path.cc:99) For utterance pp17-domotica3_command314, best cost 100.457 + -161.051 = -60.5939 over 115 frames.
pp17-domotica3_command314 al deur open 
LOG (lattice-best-path[5.5.569~1-6f329]:main():lattice-best-path.cc:99) For utterance pp17-domotica3_command315, best cost 118.549 + -208.34 = -89.7906 over 145 frames.
pp17-domotica3_command315 al de woonkamer licht aan 
LOG (lattice-best-path[5.5.569~1-6f329]:main():lattice-best-path.cc:99) For utterance pp17-domotica3_command316, best cost 134.711 + -246.759 = -112.048 over 161 frames.
pp17-domotica3_command316 al de lichten in de woonkamer en keuken uit 
LOG (lattice-best-path[5.5.569~1-6f329]:main():lattice-best-path.cc:99) For utterance pp17-domotica3_command317, best cost 106.947 + -171.466 = -64.5189 over 130 frames.
pp17-domotica3_command317 al de lichten uit 
LOG (lattice-best-path[5.5.569~1-6f329]:main():lattice-best-path.cc:99) For utterance pp17-domotica3_command318, best cost 110.433 + -193.965 = -83.532 over 137 frames.
pp17-domotica3_command318 deur dicht van badkamer 
LOG (lattice-best-path[5.5.569~1-6f329]:main():lattice-best-path.cc:99) For utterance pp17-domotica3_command319, best cost 107.091 + -185.658 = -78.5663 over 122 frames.
pp17-domotica3_command319 al deur badkamer open 
LOG (lattice-best-path[5.5.569~1-6f329]:main():lattice-best-path.cc:99) For utterance pp17-domotica3_command32, best cost 116.757 + -195.57 = -78.8137 over 134 frames.
pp17-domotica3_command32 al de hoofdeinde op stand drie 
LOG (lattice-best-path[5.5.569~1-6f329]:main():lattice-best-path.cc:99) For utterance pp17-domotica3_command320, best cost 132.287 + -235.612 = -103.326 over 159 frames.
pp17-domotica3_command320 al de lichten in de badkamer aan 
LOG (lattice-best-path[5.5.569~1-6f329]:main():lattice-best-path.cc:99) For utterance pp17-domotica3_command321, best cost 122.945 + -216.102 = -93.1571 over 142 frames.
pp17-domotica3_command321 uit in hoofdeinde op stand een 
LOG (lattice-best-path[5.5.569~1-6f329]:main():lattice-best-path.cc:99) For utterance pp17-domotica3_command322, best cost 118.235 + -204.143 = -85.9081 over 127 frames.
pp17-domotica3_command322 al in hoofdeinde op stand twee 
LOG (lattice-best-path[5.5.569~1-6f329]:main():lattice-best-path.cc:99) For utterance pp17-domotica3_command323, best cost 109.892 + -178.436 = -68.5437 over 127 frames.
pp17-domotica3_command323 in hoofdeinde op stand drie 
LOG (lattice-best-path[5.5.569~1-6f329]:main():lattice-best-path.cc:99) For utterance pp17-domotica3_command324, best cost 110.577 + -184.018 = -73.4405 over 128 frames.
pp17-domotica3_command324 al de lichten in de keuken aan 
LOG (lattice-best-path[5.5.569~1-6f329]:main():lattice-best-path.cc:99) For utterance pp17-domotica3_command325, best cost 105.308 + -156.707 = -51.3988 over 125 frames.
pp17-domotica3_command325 lamp aan 
LOG (lattice-best-path[5.5.569~1-6f329]:main():lattice-best-path.cc:99) For utterance pp17-domotica3_command326, best cost 109.799 + -199.895 = -90.0966 over 138 frames.
pp17-domotica3_command326 rolluiken slaapkamer neer 
LOG (lattice-best-path[5.5.569~1-6f329]:main():lattice-best-path.cc:99) For utterance pp17-domotica3_command327, best cost 138.627 + -254.982 = -116.355 over 166 frames.
pp17-domotica3_command327 al rolluiken slaapkamer omhoog 
LOG (lattice-best-path[5.5.569~1-6f329]:main():lattice-best-path.cc:99) For utterance pp17-domotica3_command328, best cost 125.588 + -227.963 = -102.375 over 149 frames.
pp17-domotica3_command328 al rolluik achterdeur naar beneden 
LOG (lattice-best-path[5.5.569~1-6f329]:main():lattice-best-path.cc:99) For utterance pp17-domotica3_command329, best cost 135.371 + -209.935 = -74.564 over 168 frames.
pp17-domotica3_command329 rolluik omhoog deur in living 
LOG (lattice-best-path[5.5.569~1-6f329]:main():lattice-best-path.cc:99) For utterance pp17-domotica3_command33, best cost 116.757 + -201.431 = -84.6747 over 134 frames.
pp17-domotica3_command33 al de hoofdeinde op stand twee 
LOG (lattice-best-path[5.5.569~1-6f329]:main():lattice-best-path.cc:99) For utterance pp17-domotica3_command330, best cost 116.397 + -193.467 = -77.0704 over 138 frames.
pp17-domotica3_command330 al rolluiken neer 
LOG (lattice-best-path[5.5.569~1-6f329]:main():lattice-best-path.cc:99) For utterance pp17-domotica3_command331, best cost 127.167 + -210.562 = -83.3955 over 148 frames.
pp17-domotica3_command331 al rolluiken omhoog in living 
LOG (lattice-best-path[5.5.569~1-6f329]:main():lattice-best-path.cc:99) For utterance pp17-domotica3_command332, best cost 127.439 + -223.292 = -95.8521 over 161 frames.
pp17-domotica3_command332 deur slaapkamer dicht 
LOG (lattice-best-path[5.5.569~1-6f329]:main():lattice-best-path.cc:99) For utterance pp17-domotica3_command333, best cost 125.325 + -205.606 = -80.2815 over 149 frames.
pp17-domotica3_command333 al de slaapkamer open 
LOG (lattice-best-path[5.5.569~1-6f329]:main():lattice-best-path.cc:99) For utterance pp17-domotica3_command334, best cost 90.7226 + -141.287 = -50.5645 over 97 frames.
pp17-domotica3_command334 al licht aan slaapkamer 
LOG (lattice-best-path[5.5.569~1-6f329]:main():lattice-best-path.cc:99) For utterance pp17-domotica3_command335, best cost 119.245 + -196.869 = -77.6236 over 133 frames.
pp17-domotica3_command335 achterdeur naar licht uit in slaapkamer 
LOG (lattice-best-path[5.5.569~1-6f329]:main():lattice-best-path.cc:99) For utterance pp17-domotica3_command336, best cost 114.09 + -185.359 = -71.2694 over 130 frames.
pp17-domotica3_command336 al de staande lamp op een 
LOG (lattice-best-path[5.5.569~1-6f329]:main():lattice-best-path.cc:99) For utterance pp17-domotica3_command337, best cost 112.009 + -199.636 = -87.6269 over 127 frames.
pp17-domotica3_command337 al de staande lamp op twee 
LOG (lattice-best-path[5.5.569~1-6f329]:main():lattice-best-path.cc:99) For utterance pp17-domotica3_command338, best cost 94.4121 + -166.223 = -71.8105 over 115 frames.
pp17-domotica3_command338 staande lamp op drie 
LOG (lattice-best-path[5.5.569~1-6f329]:main():lattice-best-path.cc:99) For utterance pp17-domotica3_command339, best cost 124.012 + -212.751 = -88.7393 over 156 frames.
pp17-domotica3_command339 thermostaat chauffage op eenentwintig 
LOG (lattice-best-path[5.5.569~1-6f329]:main():lattice-best-path.cc:99) For utterance pp17-domotica3_command34, best cost 111.662 + -174.419 = -62.7563 over 128 frames.
pp17-domotica3_command34 al hoofdeinde op stand drie 
LOG (lattice-best-path[5.5.569~1-6f329]:main():lattice-best-path.cc:99) For utterance pp17-domotica3_command340, best cost 92.6665 + -157.063 = -64.3962 over 113 frames.
pp17-domotica3_command340 in de voordeur toe 
LOG (lattice-best-path[5.5.569~1-6f329]:main():lattice-best-path.cc:99) For utterance pp17-domotica3_command341, best cost 98.9143 + -160.834 = -61.92 over 114 frames.
pp17-domotica3_command341 al de open 
LOG (lattice-best-path[5.5.569~1-6f329]:main():lattice-best-path.cc:99) For utterance pp17-domotica3_command342, best cost 133.105 + -235.227 = -102.121 over 166 frames.
pp17-domotica3_command342 al de woonkamer licht aan 
LOG (lattice-best-path[5.5.569~1-6f329]:main():lattice-best-path.cc:99) For utterance pp17-domotica3_command343, best cost 140.949 + -248.175 = -107.225 over 170 frames.
pp17-domotica3_command343 al de lichten in de woonkamer en keuken uit 
LOG (lattice-best-path[5.5.569~1-6f329]:main():lattice-best-path.cc:99) For utterance pp17-domotica3_command344, best cost 109.741 + -185.521 = -75.7807 over 136 frames.
pp17-domotica3_command344 in de lichten uit 
LOG (lattice-best-path[5.5.569~1-6f329]:main():lattice-best-path.cc:99) For utterance pp17-domotica3_command345, best cost 130.75 + -224.739 = -93.9893 over 152 frames.
pp17-domotica3_command345 uit in deur dicht van badkamer 
LOG (lattice-best-path[5.5.569~1-6f329]:main():lattice-best-path.cc:99) For utterance pp17-domotica3_command346, best cost 118.372 + -205.458 = -87.0865 over 136 frames.
pp17-domotica3_command346 uit in deur badkamer open 
LOG (lattice-best-path[5.5.569~1-6f329]:main():lattice-best-path.cc:99) For utterance pp17-domotica3_command347, best cost 117.885 + -186.203 = -68.3179 over 135 frames.
pp17-domotica3_command347 al de lichten badkamer aan 
LOG (lattice-best-path[5.5.569~1-6f329]:main():lattice-best-path.cc:99) For utterance pp17-domotica3_command348, best cost 109.082 + -177.186 = -68.1042 over 122 frames.
pp17-domotica3_command348 uit in hoofdeinde op stand een 
LOG (lattice-best-path[5.5.569~1-6f329]:main():lattice-best-path.cc:99) For utterance pp17-domotica3_command349, best cost 112.508 + -191.67 = -79.1622 over 121 frames.
pp17-domotica3_command349 op in hoofdeinde op stand twee 
LOG (lattice-best-path[5.5.569~1-6f329]:main():lattice-best-path.cc:99) For utterance pp17-domotica3_command35, best cost 116.816 + -198.451 = -81.6356 over 137 frames.
pp17-domotica3_command35 al de lichten in de keuken aan 
LOG (lattice-best-path[5.5.569~1-6f329]:main():lattice-best-path.cc:99) For utterance pp17-domotica3_command350, best cost 135.563 + -232.663 = -97.0991 over 152 frames.
pp17-domotica3_command350 al in hoofdeinde op stand drie 
LOG (lattice-best-path[5.5.569~1-6f329]:main():lattice-best-path.cc:99) For utterance pp17-domotica3_command36, best cost 111.588 + -151.913 = -40.3242 over 122 frames.
pp17-domotica3_command36 al lamp op aan 
LOG (lattice-best-path[5.5.569~1-6f329]:main():lattice-best-path.cc:99) For utterance pp17-domotica3_command37, best cost 130.618 + -229.973 = -99.355 over 156 frames.
pp17-domotica3_command37 al rolluiken slaapkamer neer 
LOG (lattice-best-path[5.5.569~1-6f329]:main():lattice-best-path.cc:99) For utterance pp17-domotica3_command38, best cost 129.113 + -236.858 = -107.745 over 150 frames.
pp17-domotica3_command38 uit in rolluiken slaapkamer omhoog 
LOG (lattice-best-path[5.5.569~1-6f329]:main():lattice-best-path.cc:99) For utterance pp17-domotica3_command39, best cost 129.243 + -249.789 = -120.545 over 152 frames.
pp17-domotica3_command39 uit in rolluik achterdeur naar beneden 
LOG (lattice-best-path[5.5.569~1-6f329]:main():lattice-best-path.cc:99) For utterance pp17-domotica3_command4, best cost 144.644 + -232.95 = -88.3066 over 146 frames.
pp17-domotica3_command4 al uit in al al de lichten uit 
LOG (lattice-best-path[5.5.569~1-6f329]:main():lattice-best-path.cc:99) For utterance pp17-domotica3_command40, best cost 138.861 + -236.519 = -97.6574 over 161 frames.
pp17-domotica3_command40 al rolluik omhoog deur in living 
LOG (lattice-best-path[5.5.569~1-6f329]:main():lattice-best-path.cc:99) For utterance pp17-domotica3_command41, best cost 134.393 + -267.398 = -133.005 over 176 frames.
pp17-domotica3_command41 rolluiken neer 
LOG (lattice-best-path[5.5.569~1-6f329]:main():lattice-best-path.cc:99) For utterance pp17-domotica3_command42, best cost 125.277 + -226.751 = -101.474 over 143 frames.
pp17-domotica3_command42 uit in rolluiken omhoog in living 
LOG (lattice-best-path[5.5.569~1-6f329]:main():lattice-best-path.cc:99) For utterance pp17-domotica3_command43, best cost 117.062 + -219.037 = -101.975 over 135 frames.
pp17-domotica3_command43 al licht aan slaapkamer 
LOG (lattice-best-path[5.5.569~1-6f329]:main():lattice-best-path.cc:99) For utterance pp17-domotica3_command44, best cost 128.182 + -236.194 = -108.013 over 147 frames.
pp17-domotica3_command44 al licht uit in slaapkamer 
LOG (lattice-best-path[5.5.569~1-6f329]:main():lattice-best-path.cc:99) For utterance pp17-domotica3_command45, best cost 112.652 + -196.452 = -83.8004 over 127 frames.
pp17-domotica3_command45 uit in staande lamp op een 
LOG (lattice-best-path[5.5.569~1-6f329]:main():lattice-best-path.cc:99) For utterance pp17-domotica3_command46, best cost 114.036 + -215.015 = -100.979 over 129 frames.
pp17-domotica3_command46 uit in staande lamp op twee 
LOG (lattice-best-path[5.5.569~1-6f329]:main():lattice-best-path.cc:99) For utterance pp17-domotica3_command47, best cost 96.0143 + -170.604 = -74.5894 over 103 frames.
pp17-domotica3_command47 uit in staande lamp op drie 
LOG (lattice-best-path[5.5.569~1-6f329]:main():lattice-best-path.cc:99) For utterance pp17-domotica3_command48, best cost 138.09 + -255.24 = -117.15 over 162 frames.
pp17-domotica3_command48 uit in thermostaat chauffage op eenentwintig 
LOG (lattice-best-path[5.5.569~1-6f329]:main():lattice-best-path.cc:99) For utterance pp17-domotica3_command49, best cost 98.8837 + -184.689 = -85.8051 over 120 frames.
pp17-domotica3_command49 al de voordeur toe 
LOG (lattice-best-path[5.5.569~1-6f329]:main():lattice-best-path.cc:99) For utterance pp17-domotica3_command5, best cost 126.645 + -235.365 = -108.721 over 147 frames.
pp17-domotica3_command5 al de deur dicht van badkamer 
LOG (lattice-best-path[5.5.569~1-6f329]:main():lattice-best-path.cc:99) For utterance pp17-domotica3_command50, best cost 104.95 + -178.898 = -73.9479 over 111 frames.
pp17-domotica3_command50 al in deur open 
LOG (lattice-best-path[5.5.569~1-6f329]:main():lattice-best-path.cc:99) For utterance pp17-domotica3_command51, best cost 147.089 + -276.278 = -129.189 over 177 frames.
pp17-domotica3_command51 uit in de lichten in de woonkamer en keuken uit 
LOG (lattice-best-path[5.5.569~1-6f329]:main():lattice-best-path.cc:99) For utterance pp17-domotica3_command52, best cost 118.945 + -211.162 = -92.2168 over 133 frames.
pp17-domotica3_command52 uit in al de lichten uit 
LOG (lattice-best-path[5.5.569~1-6f329]:main():lattice-best-path.cc:99) For utterance pp17-domotica3_command53, best cost 128.672 + -247.661 = -118.99 over 149 frames.
pp17-domotica3_command53 uit in deur dicht van badkamer 
LOG (lattice-best-path[5.5.569~1-6f329]:main():lattice-best-path.cc:99) For utterance pp17-domotica3_command54, best cost 137.042 + -266.409 = -129.367 over 162 frames.
pp17-domotica3_command54 uit in de deur badkamer open 
LOG (lattice-best-path[5.5.569~1-6f329]:main():lattice-best-path.cc:99) For utterance pp17-domotica3_command55, best cost 118.326 + -223.501 = -105.174 over 137 frames.
pp17-domotica3_command55 uit in de lichten in de badkamer aan 
LOG (lattice-best-path[5.5.569~1-6f329]:main():lattice-best-path.cc:99) For utterance pp17-domotica3_command56, best cost 117.398 + -202.685 = -85.2869 over 134 frames.
pp17-domotica3_command56 uit in hoofdeinde op stand drie 
LOG (lattice-best-path[5.5.569~1-6f329]:main():lattice-best-path.cc:99) For utterance pp17-domotica3_command57, best cost 111.852 + -202.597 = -90.7445 over 126 frames.
pp17-domotica3_command57 uit in hoofdeinde op stand twee 
LOG (lattice-best-path[5.5.569~1-6f329]:main():lattice-best-path.cc:99) For utterance pp17-domotica3_command58, best cost 123.637 + -197.827 = -74.1904 over 143 frames.
pp17-domotica3_command58 uit in hoofdeinde op stand drie 
LOG (lattice-best-path[5.5.569~1-6f329]:main():lattice-best-path.cc:99) For utterance pp17-domotica3_command59, best cost 111.173 + -194.073 = -82.8997 over 127 frames.
pp17-domotica3_command59 uit in de lichten in de keuken aan 
LOG (lattice-best-path[5.5.569~1-6f329]:main():lattice-best-path.cc:99) For utterance pp17-domotica3_command6, best cost 122.531 + -221.897 = -99.366 over 142 frames.
pp17-domotica3_command6 uit in deur badkamer open 
LOG (lattice-best-path[5.5.569~1-6f329]:main():lattice-best-path.cc:99) For utterance pp17-domotica3_command60, best cost 119.197 + -181.33 = -62.133 over 133 frames.
pp17-domotica3_command60 al lamp aan 
LOG (lattice-best-path[5.5.569~1-6f329]:main():lattice-best-path.cc:99) For utterance pp17-domotica3_command61, best cost 142.655 + -242.216 = -99.5612 over 160 frames.
pp17-domotica3_command61 uit in rolluik rolluiken slaapkamer neer 
LOG (lattice-best-path[5.5.569~1-6f329]:main():lattice-best-path.cc:99) For utterance pp17-domotica3_command62, best cost 135.236 + -246.367 = -111.131 over 160 frames.
pp17-domotica3_command62 achterdeur naar rolluiken slaapkamer omhoog 
LOG (lattice-best-path[5.5.569~1-6f329]:main():lattice-best-path.cc:99) For utterance pp17-domotica3_command63, best cost 122.122 + -231.058 = -108.936 over 144 frames.
pp17-domotica3_command63 al rolluik achterdeur naar beneden 
LOG (lattice-best-path[5.5.569~1-6f329]:main():lattice-best-path.cc:99) For utterance pp17-domotica3_command64, best cost 139.555 + -229.579 = -90.0246 over 162 frames.
pp17-domotica3_command64 al rolluik omhoog deur in living 
LOG (lattice-best-path[5.5.569~1-6f329]:main():lattice-best-path.cc:99) For utterance pp17-domotica3_command65, best cost 122.132 + -211.012 = -88.8803 over 144 frames.
pp17-domotica3_command65 uit in rolluiken neer 
LOG (lattice-best-path[5.5.569~1-6f329]:main():lattice-best-path.cc:99) For utterance pp17-domotica3_command66, best cost 128.05 + -211.389 = -83.3393 over 147 frames.
pp17-domotica3_command66 uit in rolluiken omhoog in living 
LOG (lattice-best-path[5.5.569~1-6f329]:main():lattice-best-path.cc:99) For utterance pp17-domotica3_command67, best cost 133.194 + -250.942 = -117.747 over 156 frames.
pp17-domotica3_command67 uit in licht aan slaapkamer 
LOG (lattice-best-path[5.5.569~1-6f329]:main():lattice-best-path.cc:99) For utterance pp17-domotica3_command68, best cost 134.42 + -234.824 = -100.404 over 156 frames.
pp17-domotica3_command68 al licht uit in slaapkamer 
LOG (lattice-best-path[5.5.569~1-6f329]:main():lattice-best-path.cc:99) For utterance pp17-domotica3_command69, best cost 117.314 + -200.37 = -83.0559 over 136 frames.
pp17-domotica3_command69 al staande lamp op een 
LOG (lattice-best-path[5.5.569~1-6f329]:main():lattice-best-path.cc:99) For utterance pp17-domotica3_command7, best cost 122.583 + -220.922 = -98.3391 over 145 frames.
pp17-domotica3_command7 al de lichten in de badkamer aan 
LOG (lattice-best-path[5.5.569~1-6f329]:main():lattice-best-path.cc:99) For utterance pp17-domotica3_command70, best cost 111.074 + -202.363 = -91.2892 over 127 frames.
pp17-domotica3_command70 al staande lamp op twee 
LOG (lattice-best-path[5.5.569~1-6f329]:main():lattice-best-path.cc:99) For utterance pp17-domotica3_command71, best cost 134.19 + -260.142 = -125.952 over 159 frames.
pp17-domotica3_command71 al de staande lamp op drie 
LOG (lattice-best-path[5.5.569~1-6f329]:main():lattice-best-path.cc:99) For utterance pp17-domotica3_command72, best cost 150.377 + -288.164 = -137.786 over 182 frames.
pp17-domotica3_command72 al thermostaat chauffage op eenentwintig 
LOG (lattice-best-path[5.5.569~1-6f329]:main():lattice-best-path.cc:99) For utterance pp17-domotica3_command73, best cost 100.173 + -186.312 = -86.1396 over 120 frames.
pp17-domotica3_command73 uit in de voordeur toe 
LOG (lattice-best-path[5.5.569~1-6f329]:main():lattice-best-path.cc:99) For utterance pp17-domotica3_command74, best cost 103.472 + -171.863 = -68.3906 over 118 frames.
pp17-domotica3_command74 al de deur open 
LOG (lattice-best-path[5.5.569~1-6f329]:main():lattice-best-path.cc:99) For utterance pp17-domotica3_command75, best cost 137.484 + -257.58 = -120.097 over 165 frames.
pp17-domotica3_command75 al de lichten in de woonkamer en keuken uit 
LOG (lattice-best-path[5.5.569~1-6f329]:main():lattice-best-path.cc:99) For utterance pp17-domotica3_command76, best cost 99.2252 + -161.817 = -62.5921 over 117 frames.
pp17-domotica3_command76 uit in de lichten uit 
LOG (lattice-best-path[5.5.569~1-6f329]:main():lattice-best-path.cc:99) For utterance pp17-domotica3_command77, best cost 134.269 + -243.679 = -109.41 over 158 frames.
pp17-domotica3_command77 al de deur dicht van badkamer 
LOG (lattice-best-path[5.5.569~1-6f329]:main():lattice-best-path.cc:99) For utterance pp17-domotica3_command78, best cost 135.035 + -238.977 = -103.942 over 148 frames.
pp17-domotica3_command78 al uit in deur badkamer open 
LOG (lattice-best-path[5.5.569~1-6f329]:main():lattice-best-path.cc:99) For utterance pp17-domotica3_command79, best cost 122.485 + -213.397 = -90.9121 over 143 frames.
pp17-domotica3_command79 uit in de lichten in de badkamer aan 
LOG (lattice-best-path[5.5.569~1-6f329]:main():lattice-best-path.cc:99) For utterance pp17-domotica3_command8, best cost 119.48 + -207.316 = -87.8366 over 137 frames.
pp17-domotica3_command8 uit in hoofdeinde op stand een 
LOG (lattice-best-path[5.5.569~1-6f329]:main():lattice-best-path.cc:99) For utterance pp17-domotica3_command80, best cost 121.558 + -220.292 = -98.7334 over 140 frames.
pp17-domotica3_command80 uit in hoofdeinde op stand een 
LOG (lattice-best-path[5.5.569~1-6f329]:main():lattice-best-path.cc:99) For utterance pp17-domotica3_command81, best cost 103.534 + -197.175 = -93.6406 over 114 frames.
pp17-domotica3_command81 uit in hoofdeinde op stand twee 
LOG (lattice-best-path[5.5.569~1-6f329]:main():lattice-best-path.cc:99) For utterance pp17-domotica3_command82, best cost 108.386 + -185.626 = -77.24 over 121 frames.
pp17-domotica3_command82 uit in hoofdeinde op stand drie 
LOG (lattice-best-path[5.5.569~1-6f329]:main():lattice-best-path.cc:99) For utterance pp17-domotica3_command83, best cost 114.043 + -185.101 = -71.0584 over 133 frames.
pp17-domotica3_command83 al de lichten in de keuken aan 
LOG (lattice-best-path[5.5.569~1-6f329]:main():lattice-best-path.cc:99) For utterance pp17-domotica3_command84, best cost 112.959 + -166.487 = -53.5283 over 124 frames.
pp17-domotica3_command84 al lamp aan 
LOG (lattice-best-path[5.5.569~1-6f329]:main():lattice-best-path.cc:99) For utterance pp17-domotica3_command85, best cost 123.687 + -214.618 = -90.9314 over 146 frames.
pp17-domotica3_command85 al rolluiken slaapkamer neer 
LOG (lattice-best-path[5.5.569~1-6f329]:main():lattice-best-path.cc:99) For utterance pp17-domotica3_command86, best cost 126.225 + -213.953 = -87.7288 over 147 frames.
pp17-domotica3_command86 achterdeur naar rolluiken slaapkamer omhoog 
LOG (lattice-best-path[5.5.569~1-6f329]:main():lattice-best-path.cc:99) For utterance pp17-domotica3_command87, best cost 149.155 + -276.928 = -127.774 over 183 frames.
pp17-domotica3_command87 al rolluik achterdeur naar beneden 
LOG (lattice-best-path[5.5.569~1-6f329]:main():lattice-best-path.cc:99) For utterance pp17-domotica3_command88, best cost 132.004 + -212.794 = -80.7898 over 150 frames.
pp17-domotica3_command88 achterdeur naar rolluik omhoog deur in living 
LOG (lattice-best-path[5.5.569~1-6f329]:main():lattice-best-path.cc:99) For utterance pp17-domotica3_command89, best cost 115.919 + -173.266 = -57.3465 over 123 frames.
pp17-domotica3_command89 al uit in rolluiken neer 
LOG (lattice-best-path[5.5.569~1-6f329]:main():lattice-best-path.cc:99) For utterance pp17-domotica3_command9, best cost 115.319 + -204.052 = -88.7328 over 131 frames.
pp17-domotica3_command9 uit in hoofdeinde op stand twee 
LOG (lattice-best-path[5.5.569~1-6f329]:main():lattice-best-path.cc:99) For utterance pp17-domotica3_command90, best cost 128.887 + -204.403 = -75.5157 over 140 frames.
pp17-domotica3_command90 al in rolluiken omhoog in living 
LOG (lattice-scale[5.5.569~1-6f329]:main():lattice-scale.cc:107) Done 347 lattices.
LOG (lattice-best-path[5.5.569~1-6f329]:main():lattice-best-path.cc:99) For utterance pp17-domotica3_command91, best cost 124.761 + -219.689 = -94.9274 over 145 frames.
pp17-domotica3_command91 achterdeur naar licht aan slaapkamer 
LOG (lattice-best-path[5.5.569~1-6f329]:main():lattice-best-path.cc:99) For utterance pp17-domotica3_command92, best cost 124.023 + -209.105 = -85.0818 over 141 frames.
pp17-domotica3_command92 al licht uit in slaapkamer 
LOG (lattice-best-path[5.5.569~1-6f329]:main():lattice-best-path.cc:99) For utterance pp17-domotica3_command93, best cost 123.742 + -206.581 = -82.8389 over 143 frames.
pp17-domotica3_command93 uit in staande lamp op een 
LOG (lattice-best-path[5.5.569~1-6f329]:main():lattice-best-path.cc:99) For utterance pp17-domotica3_command94, best cost 118.006 + -205.862 = -87.8556 over 137 frames.
pp17-domotica3_command94 achterdeur staande lamp op twee 
LOG (lattice-best-path[5.5.569~1-6f329]:main():lattice-best-path.cc:99) For utterance pp17-domotica3_command95, best cost 112.461 + -200.01 = -87.5494 over 129 frames.
pp17-domotica3_command95 al staande lamp op drie 
LOG (lattice-best-path[5.5.569~1-6f329]:main():lattice-best-path.cc:99) For utterance pp17-domotica3_command96, best cost 148.298 + -264.943 = -116.645 over 179 frames.
pp17-domotica3_command96 al thermostaat chauffage op eenentwintig 
LOG (lattice-best-path[5.5.569~1-6f329]:main():lattice-best-path.cc:99) For utterance pp17-domotica3_command97, best cost 105.122 + -183.002 = -77.8798 over 129 frames.
pp17-domotica3_command97 al de voordeur toe 
LOG (lattice-best-path[5.5.569~1-6f329]:main():lattice-best-path.cc:99) For utterance pp17-domotica3_command98, best cost 99.7639 + -166.35 = -66.5863 over 114 frames.
pp17-domotica3_command98 al deur open 
LOG (lattice-best-path[5.5.569~1-6f329]:main():lattice-best-path.cc:99) For utterance pp17-domotica3_command99, best cost 143.721 + -253.246 = -109.526 over 174 frames.
pp17-domotica3_command99 al de lichten in de woonkamer en keuken uit 
LOG (lattice-add-penalty[5.5.569~1-6f329]:main():lattice-add-penalty.cc:62) Done adding word insertion penalty to 347 lattices.
LOG (lattice-best-path[5.5.569~1-6f329]:main():lattice-best-path.cc:124) Overall cost per frame is -0.627382 = 0.856286 [graph] + -1.48367 [acoustic] over 49121 frames.
LOG (lattice-best-path[5.5.569~1-6f329]:main():lattice-best-path.cc:128) Done 347 lattices, failed for 0
# Accounting: time=1 threads=1
# Ended (code 0) at Tue Mar 23 10:29:34 CET 2021, elapsed time 1 seconds
