# lattice-scale --inv-acoustic-scale=15 "ark:gunzip -c exp/percgncopas5k/chain_s/tdnn1k_sp/decode_test_5g_400k/lat.*.gz|" ark:- | lattice-add-penalty --word-ins-penalty=0.0 ark:- ark:- | lattice-best-path --word-symbol-table=exp/percgncopas5k/chain_s/tree_sp/graph_5g_400k/words.txt ark:- ark,t:exp/percgncopas5k/chain_s/tdnn1k_sp/decode_test_5g_400k/scoring/15.tra 
# Started at Tue Mar 23 10:29:33 CET 2021
#
lattice-add-penalty --word-ins-penalty=0.0 ark:- ark:- 
lattice-scale --inv-acoustic-scale=15 'ark:gunzip -c exp/percgncopas5k/chain_s/tdnn1k_sp/decode_test_5g_400k/lat.*.gz|' ark:- 
lattice-best-path --word-symbol-table=exp/percgncopas5k/chain_s/tree_sp/graph_5g_400k/words.txt ark:- ark,t:exp/percgncopas5k/chain_s/tdnn1k_sp/decode_test_5g_400k/scoring/15.tra 
LOG (lattice-best-path[5.5.569~1-6f329]:main():lattice-best-path.cc:99) For utterance pp17-domotica3_command1, best cost 158.278 + -347.685 = -189.407 over 195 frames.
pp17-domotica3_command1 al de lichten in de woonkamer en keuken uit 
LOG (lattice-best-path[5.5.569~1-6f329]:main():lattice-best-path.cc:99) For utterance pp17-domotica3_command10, best cost 117.398 + -238.691 = -121.292 over 134 frames.
pp17-domotica3_command10 uit in hoofdeinde op stand drie 
LOG (lattice-best-path[5.5.569~1-6f329]:main():lattice-best-path.cc:99) For utterance pp17-domotica3_command100, best cost 116.172 + -218.62 = -102.448 over 129 frames.
pp17-domotica3_command100 uit in al de lichten uit 
LOG (lattice-best-path[5.5.569~1-6f329]:main():lattice-best-path.cc:99) For utterance pp17-domotica3_command101, best cost 119.47 + -250.284 = -130.814 over 138 frames.
pp17-domotica3_command101 al deur dicht van badkamer 
LOG (lattice-best-path[5.5.569~1-6f329]:main():lattice-best-path.cc:99) For utterance pp17-domotica3_command102, best cost 107.065 + -225.806 = -118.741 over 134 frames.
pp17-domotica3_command102 deur badkamer open 
LOG (lattice-best-path[5.5.569~1-6f329]:main():lattice-best-path.cc:99) For utterance pp17-domotica3_command103, best cost 122.364 + -254.742 = -132.378 over 137 frames.
pp17-domotica3_command103 uit in licht in de badkamer aan 
LOG (lattice-best-path[5.5.569~1-6f329]:main():lattice-best-path.cc:99) For utterance pp17-domotica3_command104, best cost 117.399 + -244.686 = -127.287 over 134 frames.
pp17-domotica3_command104 uit in hoofdeinde op stand een 
LOG (lattice-best-path[5.5.569~1-6f329]:main():lattice-best-path.cc:99) For utterance pp17-domotica3_command105, best cost 105.614 + -216.214 = -110.6 over 117 frames.
pp17-domotica3_command105 uit in hoofdeinde op stand twee 
LOG (lattice-best-path[5.5.569~1-6f329]:main():lattice-best-path.cc:99) For utterance pp17-domotica3_command106, best cost 104.228 + -212.398 = -108.171 over 115 frames.
pp17-domotica3_command106 uit in hoofdeinde op stand drie 
LOG (lattice-best-path[5.5.569~1-6f329]:main():lattice-best-path.cc:99) For utterance pp17-domotica3_command107, best cost 101.566 + -198.267 = -96.7007 over 115 frames.
pp17-domotica3_command107 al de lichten in de keuken aan 
LOG (lattice-best-path[5.5.569~1-6f329]:main():lattice-best-path.cc:99) For utterance pp17-domotica3_command108, best cost 109.493 + -187.595 = -78.1013 over 119 frames.
pp17-domotica3_command108 al lamp aan 
LOG (lattice-best-path[5.5.569~1-6f329]:main():lattice-best-path.cc:99) For utterance pp17-domotica3_command109, best cost 119.169 + -224.531 = -105.362 over 129 frames.
pp17-domotica3_command109 al in rolluiken slaapkamer neer 
LOG (lattice-best-path[5.5.569~1-6f329]:main():lattice-best-path.cc:99) For utterance pp17-domotica3_command11, best cost 123.677 + -244.934 = -121.257 over 133 frames.
pp17-domotica3_command11 al uit in de lichten in de keuken aan 
LOG (lattice-best-path[5.5.569~1-6f329]:main():lattice-best-path.cc:99) For utterance pp17-domotica3_command110, best cost 123.378 + -240.467 = -117.09 over 144 frames.
pp17-domotica3_command110 al rolluiken slaapkamer omhoog 
LOG (lattice-best-path[5.5.569~1-6f329]:main():lattice-best-path.cc:99) For utterance pp17-domotica3_command111, best cost 148.342 + -297.898 = -149.556 over 162 frames.
pp17-domotica3_command111 al in rolluiken achterdeur naar beneden 
LOG (lattice-best-path[5.5.569~1-6f329]:main():lattice-best-path.cc:99) For utterance pp17-domotica3_command112, best cost 132.623 + -245.681 = -113.058 over 152 frames.
pp17-domotica3_command112 al rolluik omhoog deur in living 
LOG (lattice-best-path[5.5.569~1-6f329]:main():lattice-best-path.cc:99) For utterance pp17-domotica3_command113, best cost 107.575 + -185.415 = -77.8405 over 123 frames.
pp17-domotica3_command113 uit in rolluiken neer 
LOG (lattice-best-path[5.5.569~1-6f329]:main():lattice-best-path.cc:99) For utterance pp17-domotica3_command114, best cost 120.425 + -227.162 = -106.736 over 136 frames.
pp17-domotica3_command114 uit in rolluiken omhoog in living 
LOG (lattice-best-path[5.5.569~1-6f329]:main():lattice-best-path.cc:99) For utterance pp17-domotica3_command115, best cost 128.159 + -251.159 = -123 over 150 frames.
pp17-domotica3_command115 al deur slaapkamer dicht 
LOG (lattice-best-path[5.5.569~1-6f329]:main():lattice-best-path.cc:99) For utterance pp17-domotica3_command116, best cost 120.953 + -237.655 = -116.701 over 141 frames.
pp17-domotica3_command116 al deur slaapkamer open 
LOG (lattice-best-path[5.5.569~1-6f329]:main():lattice-best-path.cc:99) For utterance pp17-domotica3_command117, best cost 134.416 + -256.672 = -122.256 over 148 frames.
pp17-domotica3_command117 al een licht aan slaapkamer 
LOG (lattice-best-path[5.5.569~1-6f329]:main():lattice-best-path.cc:99) For utterance pp17-domotica3_command118, best cost 121.224 + -238.876 = -117.652 over 149 frames.
pp17-domotica3_command118 licht uit in slaapkamer 
LOG (lattice-best-path[5.5.569~1-6f329]:main():lattice-best-path.cc:99) For utterance pp17-domotica3_command119, best cost 115.927 + -207.948 = -92.0211 over 134 frames.
pp17-domotica3_command119 al staande lamp op een 
LOG (lattice-best-path[5.5.569~1-6f329]:main():lattice-best-path.cc:99) For utterance pp17-domotica3_command12, best cost 129.118 + -200.237 = -71.1185 over 133 frames.
pp17-domotica3_command12 al uit in lamp aan 
LOG (lattice-best-path[5.5.569~1-6f329]:main():lattice-best-path.cc:99) For utterance pp17-domotica3_command120, best cost 109.237 + -218.098 = -108.862 over 123 frames.
pp17-domotica3_command120 al de staande lamp op twee 
LOG (lattice-best-path[5.5.569~1-6f329]:main():lattice-best-path.cc:99) For utterance pp17-domotica3_command121, best cost 119.608 + -228.624 = -109.015 over 125 frames.
pp17-domotica3_command121 al uit in staande lamp op drie 
LOG (lattice-best-path[5.5.569~1-6f329]:main():lattice-best-path.cc:99) For utterance pp17-domotica3_command122, best cost 146.407 + -309.499 = -163.091 over 174 frames.
pp17-domotica3_command122 uit in thermostaat chauffage op eenentwintig 
LOG (lattice-best-path[5.5.569~1-6f329]:main():lattice-best-path.cc:99) For utterance pp17-domotica3_command123, best cost 96.7071 + -197.717 = -101.009 over 115 frames.
pp17-domotica3_command123 uit in de voordeur toe 
LOG (lattice-best-path[5.5.569~1-6f329]:main():lattice-best-path.cc:99) For utterance pp17-domotica3_command124, best cost 101.843 + -180.083 = -78.2399 over 117 frames.
pp17-domotica3_command124 al deur open 
LOG (lattice-best-path[5.5.569~1-6f329]:main():lattice-best-path.cc:99) For utterance pp17-domotica3_command125, best cost 118.549 + -221.721 = -103.172 over 145 frames.
pp17-domotica3_command125 al de woonkamer licht aan 
LOG (lattice-best-path[5.5.569~1-6f329]:main():lattice-best-path.cc:99) For utterance pp17-domotica3_command126, best cost 141.642 + -289.368 = -147.726 over 171 frames.
pp17-domotica3_command126 al de lichten in de woonkamer en keuken uit 
LOG (lattice-best-path[5.5.569~1-6f329]:main():lattice-best-path.cc:99) For utterance pp17-domotica3_command127, best cost 115.48 + -214.252 = -98.7723 over 128 frames.
pp17-domotica3_command127 uit in al de lichten uit 
LOG (lattice-best-path[5.5.569~1-6f329]:main():lattice-best-path.cc:99) For utterance pp17-domotica3_command128, best cost 133.333 + -255.796 = -122.464 over 158 frames.
pp17-domotica3_command128 al deur dicht van badkamer 
LOG (lattice-best-path[5.5.569~1-6f329]:main():lattice-best-path.cc:99) For utterance pp17-domotica3_command129, best cost 115.409 + -230.926 = -115.517 over 134 frames.
pp17-domotica3_command129 al deur badkamer open 
LOG (lattice-best-path[5.5.569~1-6f329]:main():lattice-best-path.cc:99) For utterance pp17-domotica3_command13, best cost 132.194 + -276.361 = -144.166 over 156 frames.
pp17-domotica3_command13 uit in rolluiken slaapkamer neer 
LOG (lattice-best-path[5.5.569~1-6f329]:main():lattice-best-path.cc:99) For utterance pp17-domotica3_command130, best cost 122.485 + -243.334 = -120.849 over 143 frames.
pp17-domotica3_command130 uit in de lichten in de badkamer aan 
LOG (lattice-best-path[5.5.569~1-6f329]:main():lattice-best-path.cc:99) For utterance pp17-domotica3_command131, best cost 126.797 + -242.716 = -115.919 over 138 frames.
pp17-domotica3_command131 al de in hoofdeinde op stand een 
LOG (lattice-best-path[5.5.569~1-6f329]:main():lattice-best-path.cc:99) For utterance pp17-domotica3_command132, best cost 121.007 + -236.53 = -115.523 over 131 frames.
pp17-domotica3_command132 al in hoofdeinde op stand twee 
LOG (lattice-best-path[5.5.569~1-6f329]:main():lattice-best-path.cc:99) For utterance pp17-domotica3_command133, best cost 117.542 + -221.751 = -104.21 over 126 frames.
pp17-domotica3_command133 al in hoofdeinde op stand drie 
LOG (lattice-best-path[5.5.569~1-6f329]:main():lattice-best-path.cc:99) For utterance pp17-domotica3_command134, best cost 110.577 + -202.997 = -92.4197 over 128 frames.
pp17-domotica3_command134 al de lichten in de keuken aan 
LOG (lattice-best-path[5.5.569~1-6f329]:main():lattice-best-path.cc:99) For utterance pp17-domotica3_command135, best cost 115.259 + -171.654 = -56.395 over 124 frames.
pp17-domotica3_command135 al lamp keuken aan 
LOG (lattice-best-path[5.5.569~1-6f329]:main():lattice-best-path.cc:99) For utterance pp17-domotica3_command136, best cost 126.459 + -240.106 = -113.646 over 150 frames.
pp17-domotica3_command136 al rolluiken slaapkamer neer 
LOG (lattice-best-path[5.5.569~1-6f329]:main():lattice-best-path.cc:99) For utterance pp17-domotica3_command137, best cost 147.855 + -277.798 = -129.944 over 165 frames.
pp17-domotica3_command137 al uit in rolluiken slaapkamer omhoog 
LOG (lattice-best-path[5.5.569~1-6f329]:main():lattice-best-path.cc:99) For utterance pp17-domotica3_command138, best cost 137.705 + -273.077 = -135.371 over 156 frames.
pp17-domotica3_command138 al in rolluik achterdeur naar beneden 
LOG (lattice-best-path[5.5.569~1-6f329]:main():lattice-best-path.cc:99) For utterance pp17-domotica3_command139, best cost 143.21 + -270.828 = -127.618 over 165 frames.
pp17-domotica3_command139 uit in rolluik omhoog deur in living 
LOG (lattice-best-path[5.5.569~1-6f329]:main():lattice-best-path.cc:99) For utterance pp17-domotica3_command14, best cost 130.309 + -258.676 = -128.367 over 154 frames.
pp17-domotica3_command14 al rolluiken slaapkamer omhoog 
LOG (lattice-best-path[5.5.569~1-6f329]:main():lattice-best-path.cc:99) For utterance pp17-domotica3_command140, best cost 118.693 + -215.662 = -96.9695 over 127 frames.
pp17-domotica3_command140 al uit in rolluiken neer 
LOG (lattice-best-path[5.5.569~1-6f329]:main():lattice-best-path.cc:99) For utterance pp17-domotica3_command141, best cost 139.167 + -252.441 = -113.273 over 151 frames.
pp17-domotica3_command141 al uit in rolluiken omhoog in living 
LOG (lattice-best-path[5.5.569~1-6f329]:main():lattice-best-path.cc:99) For utterance pp17-domotica3_command142, best cost 126.078 + -239.528 = -113.45 over 147 frames.
pp17-domotica3_command142 al deur slaapkamer dicht 
LOG (lattice-best-path[5.5.569~1-6f329]:main():lattice-best-path.cc:99) For utterance pp17-domotica3_command143, best cost 118.875 + -222.301 = -103.426 over 138 frames.
pp17-domotica3_command143 al deur slaapkamer open 
LOG (lattice-best-path[5.5.569~1-6f329]:main():lattice-best-path.cc:99) For utterance pp17-domotica3_command144, best cost 125.629 + -223.641 = -98.0114 over 145 frames.
pp17-domotica3_command144 al de lichten aan slaapkamer 
LOG (lattice-best-path[5.5.569~1-6f329]:main():lattice-best-path.cc:99) For utterance pp17-domotica3_command145, best cost 140.542 + -260.632 = -120.091 over 153 frames.
pp17-domotica3_command145 al de in licht uit in slaapkamer 
LOG (lattice-best-path[5.5.569~1-6f329]:main():lattice-best-path.cc:99) For utterance pp17-domotica3_command146, best cost 139.829 + -259.831 = -120.003 over 158 frames.
pp17-domotica3_command146 al in staande lamp op een 
LOG (lattice-best-path[5.5.569~1-6f329]:main():lattice-best-path.cc:99) For utterance pp17-domotica3_command147, best cost 126.323 + -253.457 = -127.134 over 149 frames.
pp17-domotica3_command147 al staande lamp op twee 
LOG (lattice-best-path[5.5.569~1-6f329]:main():lattice-best-path.cc:99) For utterance pp17-domotica3_command148, best cost 125.179 + -242.428 = -117.249 over 146 frames.
pp17-domotica3_command148 al de staande lamp op drie 
LOG (lattice-best-path[5.5.569~1-6f329]:main():lattice-best-path.cc:99) For utterance pp17-domotica3_command149, best cost 143.779 + -280.944 = -137.165 over 162 frames.
pp17-domotica3_command149 al in thermostaat chauffage op eenentwintig 
LOG (lattice-best-path[5.5.569~1-6f329]:main():lattice-best-path.cc:99) For utterance pp17-domotica3_command15, best cost 129.243 + -266.303 = -137.06 over 152 frames.
pp17-domotica3_command15 uit in rolluik achterdeur naar beneden 
LOG (lattice-best-path[5.5.569~1-6f329]:main():lattice-best-path.cc:99) For utterance pp17-domotica3_command150, best cost 111.36 + -215.703 = -104.343 over 138 frames.
pp17-domotica3_command150 al de voordeur toe 
LOG (lattice-best-path[5.5.569~1-6f329]:main():lattice-best-path.cc:99) For utterance pp17-domotica3_command151, best cost 108.324 + -197.256 = -88.9319 over 125 frames.
pp17-domotica3_command151 al de deur open 
LOG (lattice-best-path[5.5.569~1-6f329]:main():lattice-best-path.cc:99) For utterance pp17-domotica3_command152, best cost 118.548 + -232.39 = -113.842 over 145 frames.
pp17-domotica3_command152 al de woonkamer licht aan 
LOG (lattice-best-path[5.5.569~1-6f329]:main():lattice-best-path.cc:99) For utterance pp17-domotica3_command153, best cost 145.298 + -299.029 = -153.731 over 169 frames.
pp17-domotica3_command153 achterdeur naar lichten in de woonkamer en keuken uit 
LOG (lattice-best-path[5.5.569~1-6f329]:main():lattice-best-path.cc:99) For utterance pp17-domotica3_command154, best cost 122.798 + -218.413 = -95.6156 over 129 frames.
pp17-domotica3_command154 al de in al de lichten uit 
LOG (lattice-best-path[5.5.569~1-6f329]:main():lattice-best-path.cc:99) For utterance pp17-domotica3_command155, best cost 125.205 + -253.691 = -128.487 over 144 frames.
pp17-domotica3_command155 uit in deur dicht van badkamer 
LOG (lattice-best-path[5.5.569~1-6f329]:main():lattice-best-path.cc:99) For utterance pp17-domotica3_command156, best cost 112.926 + -237.873 = -124.947 over 137 frames.
pp17-domotica3_command156 uit in de badkamer open 
LOG (lattice-best-path[5.5.569~1-6f329]:main():lattice-best-path.cc:99) For utterance pp17-domotica3_command157, best cost 120.503 + -226.155 = -105.652 over 142 frames.
pp17-domotica3_command157 al de lichten in de badkamer aan 
LOG (lattice-best-path[5.5.569~1-6f329]:main():lattice-best-path.cc:99) For utterance pp17-domotica3_command158, best cost 125.076 + -219.694 = -94.6179 over 146 frames.
pp17-domotica3_command158 al de hoofdeinde op stand een 
LOG (lattice-best-path[5.5.569~1-6f329]:main():lattice-best-path.cc:99) For utterance pp17-domotica3_command159, best cost 127.129 + -241.049 = -113.92 over 136 frames.
pp17-domotica3_command159 al uit in hoofdeinde op stand twee 
LOG (lattice-best-path[5.5.569~1-6f329]:main():lattice-best-path.cc:99) For utterance pp17-domotica3_command16, best cost 182.991 + -350.309 = -167.317 over 207 frames.
pp17-domotica3_command16 uit in rolluik omhoog deur in de deur in living 
LOG (lattice-best-path[5.5.569~1-6f329]:main():lattice-best-path.cc:99) For utterance pp17-domotica3_command160, best cost 109.773 + -213.736 = -103.964 over 123 frames.
pp17-domotica3_command160 uit in hoofdeinde op stand drie 
LOG (lattice-best-path[5.5.569~1-6f329]:main():lattice-best-path.cc:99) For utterance pp17-domotica3_command161, best cost 114.736 + -218.028 = -103.292 over 134 frames.
pp17-domotica3_command161 al de lichten in de keuken aan 
LOG (lattice-best-path[5.5.569~1-6f329]:main():lattice-best-path.cc:99) For utterance pp17-domotica3_command162, best cost 112.959 + -183.054 = -70.0951 over 124 frames.
pp17-domotica3_command162 al lamp aan 
LOG (lattice-best-path[5.5.569~1-6f329]:main():lattice-best-path.cc:99) For utterance pp17-domotica3_command163, best cost 164.824 + -306.552 = -141.728 over 179 frames.
pp17-domotica3_command163 al uit in en rolluiken slaapkamer neer 
LOG (lattice-best-path[5.5.569~1-6f329]:main():lattice-best-path.cc:99) For utterance pp17-domotica3_command164, best cost 114.342 + -236.06 = -121.718 over 143 frames.
pp17-domotica3_command164 rolluiken slaapkamer omhoog 
LOG (lattice-best-path[5.5.569~1-6f329]:main():lattice-best-path.cc:99) For utterance pp17-domotica3_command165, best cost 131.074 + -259.531 = -128.457 over 152 frames.
pp17-domotica3_command165 al de keuken rolluik achterdeur naar beneden 
LOG (lattice-best-path[5.5.569~1-6f329]:main():lattice-best-path.cc:99) For utterance pp17-domotica3_command166, best cost 159.179 + -305.969 = -146.789 over 176 frames.
pp17-domotica3_command166 al uit in rolluik omhoog deur in living 
LOG (lattice-best-path[5.5.569~1-6f329]:main():lattice-best-path.cc:99) For utterance pp17-domotica3_command167, best cost 104.612 + -186.872 = -82.2603 over 121 frames.
pp17-domotica3_command167 al rolluiken neer 
LOG (lattice-best-path[5.5.569~1-6f329]:main():lattice-best-path.cc:99) For utterance pp17-domotica3_command168, best cost 142.633 + -262.033 = -119.4 over 156 frames.
pp17-domotica3_command168 al uit in rolluiken omhoog in living 
LOG (lattice-best-path[5.5.569~1-6f329]:main():lattice-best-path.cc:99) For utterance pp17-domotica3_command169, best cost 123.306 + -235.086 = -111.78 over 143 frames.
pp17-domotica3_command169 al deur slaapkamer dicht 
LOG (lattice-best-path[5.5.569~1-6f329]:main():lattice-best-path.cc:99) For utterance pp17-domotica3_command17, best cost 126.984 + -249.447 = -122.463 over 151 frames.
pp17-domotica3_command17 uit in rolluiken neer 
LOG (lattice-best-path[5.5.569~1-6f329]:main():lattice-best-path.cc:99) For utterance pp17-domotica3_command170, best cost 130.541 + -264.355 = -133.814 over 143 frames.
pp17-domotica3_command170 al de in deur slaapkamer open 
LOG (lattice-best-path[5.5.569~1-6f329]:main():lattice-best-path.cc:99) For utterance pp17-domotica3_command171, best cost 128.819 + -254.981 = -126.162 over 164 frames.
pp17-domotica3_command171 licht aan slaapkamer 
LOG (lattice-best-path[5.5.569~1-6f329]:main():lattice-best-path.cc:99) For utterance pp17-domotica3_command172, best cost 119.145 + -221.732 = -102.588 over 146 frames.
pp17-domotica3_command172 licht uit in slaapkamer 
LOG (lattice-best-path[5.5.569~1-6f329]:main():lattice-best-path.cc:99) For utterance pp17-domotica3_command173, best cost 128.646 + -250.894 = -122.248 over 151 frames.
pp17-domotica3_command173 al de staande lamp op een 
LOG (lattice-best-path[5.5.569~1-6f329]:main():lattice-best-path.cc:99) For utterance pp17-domotica3_command174, best cost 105.771 + -207.678 = -101.907 over 118 frames.
pp17-domotica3_command174 al de staande lamp op twee 
LOG (lattice-best-path[5.5.569~1-6f329]:main():lattice-best-path.cc:99) For utterance pp17-domotica3_command175, best cost 110.715 + -195.607 = -84.8923 over 116 frames.
pp17-domotica3_command175 al in staande lamp op drie 
LOG (lattice-best-path[5.5.569~1-6f329]:main():lattice-best-path.cc:99) For utterance pp17-domotica3_command176, best cost 182.979 + -354.327 = -171.347 over 217 frames.
pp17-domotica3_command176 al thermostaat thermostaat chauffage op eenentwintig 
LOG (lattice-best-path[5.5.569~1-6f329]:main():lattice-best-path.cc:99) For utterance pp17-domotica3_command177, best cost 96.0139 + -185.098 = -89.0837 over 114 frames.
pp17-domotica3_command177 uit in de voordeur toe 
LOG (lattice-best-path[5.5.569~1-6f329]:main():lattice-best-path.cc:99) For utterance pp17-domotica3_command178, best cost 106.336 + -194.37 = -88.0332 over 113 frames.
pp17-domotica3_command178 al in deur open 
LOG (lattice-best-path[5.5.569~1-6f329]:main():lattice-best-path.cc:99) For utterance pp17-domotica3_command179, best cost 118.548 + -232.11 = -113.562 over 145 frames.
pp17-domotica3_command179 al de woonkamer licht aan 
LOG (lattice-best-path[5.5.569~1-6f329]:main():lattice-best-path.cc:99) For utterance pp17-domotica3_command18, best cost 138.474 + -270.843 = -132.369 over 150 frames.
pp17-domotica3_command18 al uit in rolluiken omhoog in living 
LOG (lattice-best-path[5.5.569~1-6f329]:main():lattice-best-path.cc:99) For utterance pp17-domotica3_command180, best cost 151.346 + -312.115 = -160.769 over 185 frames.
pp17-domotica3_command180 al de lichten in de woonkamer en keuken uit 
LOG (lattice-best-path[5.5.569~1-6f329]:main():lattice-best-path.cc:99) For utterance pp17-domotica3_command181, best cost 107.64 + -202.02 = -94.3797 over 131 frames.
pp17-domotica3_command181 al de lichten uit 
LOG (lattice-best-path[5.5.569~1-6f329]:main():lattice-best-path.cc:99) For utterance pp17-domotica3_command182, best cost 115.619 + -238.079 = -122.46 over 134 frames.
pp17-domotica3_command182 in deur dicht van badkamer 
LOG (lattice-best-path[5.5.569~1-6f329]:main():lattice-best-path.cc:99) For utterance pp17-domotica3_command183, best cost 125.33 + -232.732 = -107.402 over 134 frames.
pp17-domotica3_command183 al uit in deur badkamer open 
LOG (lattice-best-path[5.5.569~1-6f329]:main():lattice-best-path.cc:99) For utterance pp17-domotica3_command184, best cost 114.958 + -232.856 = -117.898 over 134 frames.
pp17-domotica3_command184 al de lichten in de badkamer aan 
LOG (lattice-best-path[5.5.569~1-6f329]:main():lattice-best-path.cc:99) For utterance pp17-domotica3_command185, best cost 116.131 + -225.213 = -109.082 over 136 frames.
pp17-domotica3_command185 in hoofdeinde op stand een 
LOG (lattice-best-path[5.5.569~1-6f329]:main():lattice-best-path.cc:99) For utterance pp17-domotica3_command186, best cost 111.303 + -208.646 = -97.3425 over 117 frames.
pp17-domotica3_command186 al in hoofdeinde op stand twee 
LOG (lattice-best-path[5.5.569~1-6f329]:main():lattice-best-path.cc:99) For utterance pp17-domotica3_command187, best cost 115.012 + -209.977 = -94.9648 over 121 frames.
pp17-domotica3_command187 al de in hoofdeinde op stand drie 
LOG (lattice-best-path[5.5.569~1-6f329]:main():lattice-best-path.cc:99) For utterance pp17-domotica3_command188, best cost 111.964 + -203.192 = -91.2281 over 130 frames.
pp17-domotica3_command188 al de lichten in de keuken aan 
LOG (lattice-best-path[5.5.569~1-6f329]:main():lattice-best-path.cc:99) For utterance pp17-domotica3_command189, best cost 112.975 + -190.92 = -77.9456 over 124 frames.
pp17-domotica3_command189 al lamp op aan 
LOG (lattice-best-path[5.5.569~1-6f329]:main():lattice-best-path.cc:99) For utterance pp17-domotica3_command19, best cost 129.756 + -253.666 = -123.91 over 139 frames.
pp17-domotica3_command19 al uit in licht aan slaapkamer 
LOG (lattice-best-path[5.5.569~1-6f329]:main():lattice-best-path.cc:99) For utterance pp17-domotica3_command190, best cost 120.914 + -232.621 = -111.707 over 142 frames.
pp17-domotica3_command190 al rolluiken slaapkamer neer 
LOG (lattice-best-path[5.5.569~1-6f329]:main():lattice-best-path.cc:99) For utterance pp17-domotica3_command191, best cost 125.457 + -238.392 = -112.934 over 147 frames.
pp17-domotica3_command191 al rolluiken slaapkamer omhoog 
LOG (lattice-best-path[5.5.569~1-6f329]:main():lattice-best-path.cc:99) For utterance pp17-domotica3_command192, best cost 118.656 + -246.412 = -127.756 over 139 frames.
pp17-domotica3_command192 al rolluik achterdeur naar beneden 
LOG (lattice-best-path[5.5.569~1-6f329]:main():lattice-best-path.cc:99) For utterance pp17-domotica3_command193, best cost 141.158 + -256.747 = -115.589 over 150 frames.
pp17-domotica3_command193 al uit in rolluik omhoog deur in living 
LOG (lattice-best-path[5.5.569~1-6f329]:main():lattice-best-path.cc:99) For utterance pp17-domotica3_command194, best cost 104.612 + -185.682 = -81.07 over 121 frames.
pp17-domotica3_command194 al rolluiken neer 
LOG (lattice-best-path[5.5.569~1-6f329]:main():lattice-best-path.cc:99) For utterance pp17-domotica3_command195, best cost 122.315 + -233.838 = -111.523 over 141 frames.
pp17-domotica3_command195 al rolluiken omhoog in living 
LOG (lattice-best-path[5.5.569~1-6f329]:main():lattice-best-path.cc:99) For utterance pp17-domotica3_command196, best cost 123.999 + -244.489 = -120.49 over 144 frames.
pp17-domotica3_command196 al deur slaapkamer dicht 
LOG (lattice-best-path[5.5.569~1-6f329]:main():lattice-best-path.cc:99) For utterance pp17-domotica3_command197, best cost 125.806 + -240.023 = -114.218 over 148 frames.
pp17-domotica3_command197 al deur slaapkamer open 
LOG (lattice-best-path[5.5.569~1-6f329]:main():lattice-best-path.cc:99) For utterance pp17-domotica3_command198, best cost 127.794 + -239.601 = -111.807 over 140 frames.
pp17-domotica3_command198 al in licht aan slaapkamer 
LOG (lattice-best-path[5.5.569~1-6f329]:main():lattice-best-path.cc:99) For utterance pp17-domotica3_command199, best cost 128.95 + -245.213 = -116.262 over 147 frames.
pp17-domotica3_command199 achterdeur naar licht uit in slaapkamer 
LOG (lattice-best-path[5.5.569~1-6f329]:main():lattice-best-path.cc:99) For utterance pp17-domotica3_command2, best cost 145.108 + -316.132 = -171.024 over 176 frames.
pp17-domotica3_command2 al de lichten in de woonkamer en keuken uit 
LOG (lattice-best-path[5.5.569~1-6f329]:main():lattice-best-path.cc:99) For utterance pp17-domotica3_command20, best cost 128.211 + -249.429 = -121.218 over 141 frames.
pp17-domotica3_command20 uit in licht uit slaapkamer 
LOG (lattice-best-path[5.5.569~1-6f329]:main():lattice-best-path.cc:99) For utterance pp17-domotica3_command200, best cost 114.541 + -224.152 = -109.611 over 132 frames.
pp17-domotica3_command200 al staande lamp op een 
LOG (lattice-best-path[5.5.569~1-6f329]:main():lattice-best-path.cc:99) For utterance pp17-domotica3_command201, best cost 106.411 + -218.088 = -111.676 over 118 frames.
pp17-domotica3_command201 uit in staande lamp op twee 
LOG (lattice-best-path[5.5.569~1-6f329]:main():lattice-best-path.cc:99) For utterance pp17-domotica3_command202, best cost 108.491 + -215.17 = -106.679 over 121 frames.
pp17-domotica3_command202 uit in staande lamp op drie 
LOG (lattice-best-path[5.5.569~1-6f329]:main():lattice-best-path.cc:99) For utterance pp17-domotica3_command203, best cost 137.397 + -286.462 = -149.066 over 161 frames.
pp17-domotica3_command203 uit in thermostaat chauffage op eenentwintig 
LOG (lattice-best-path[5.5.569~1-6f329]:main():lattice-best-path.cc:99) For utterance pp17-domotica3_command204, best cost 89.8728 + -186.997 = -97.1246 over 107 frames.
pp17-domotica3_command204 al de voordeur toe 
LOG (lattice-best-path[5.5.569~1-6f329]:main():lattice-best-path.cc:99) For utterance pp17-domotica3_command205, best cost 96.1888 + -161.854 = -65.6653 over 100 frames.
pp17-domotica3_command205 al in de open 
LOG (lattice-best-path[5.5.569~1-6f329]:main():lattice-best-path.cc:99) For utterance pp17-domotica3_command206, best cost 141.019 + -262.588 = -121.568 over 166 frames.
pp17-domotica3_command206 al de in de woonkamer licht aan 
LOG (lattice-best-path[5.5.569~1-6f329]:main():lattice-best-path.cc:99) For utterance pp17-domotica3_command207, best cost 161.744 + -320.396 = -158.653 over 200 frames.
pp17-domotica3_command207 al de lichten in de woonkamer en keuken uit 
LOG (lattice-best-path[5.5.569~1-6f329]:main():lattice-best-path.cc:99) For utterance pp17-domotica3_command208, best cost 125.235 + -244.069 = -118.834 over 143 frames.
pp17-domotica3_command208 al de al de lichten uit 
LOG (lattice-best-path[5.5.569~1-6f329]:main():lattice-best-path.cc:99) For utterance pp17-domotica3_command209, best cost 114.926 + -235.175 = -120.249 over 133 frames.
pp17-domotica3_command209 in deur dicht van badkamer 
LOG (lattice-best-path[5.5.569~1-6f329]:main():lattice-best-path.cc:99) For utterance pp17-domotica3_command21, best cost 121.473 + -230.077 = -108.604 over 142 frames.
pp17-domotica3_command21 al staande lamp op een 
LOG (lattice-best-path[5.5.569~1-6f329]:main():lattice-best-path.cc:99) For utterance pp17-domotica3_command210, best cost 114.906 + -232.014 = -117.108 over 131 frames.
pp17-domotica3_command210 uit in deur badkamer open 
LOG (lattice-best-path[5.5.569~1-6f329]:main():lattice-best-path.cc:99) For utterance pp17-domotica3_command211, best cost 123.276 + -252.411 = -129.136 over 146 frames.
pp17-domotica3_command211 al de lichten in de badkamer aan 
LOG (lattice-best-path[5.5.569~1-6f329]:main():lattice-best-path.cc:99) For utterance pp17-domotica3_command212, best cost 123.591 + -245.689 = -122.098 over 142 frames.
pp17-domotica3_command212 uit in de hoofdeinde op stand een 
LOG (lattice-best-path[5.5.569~1-6f329]:main():lattice-best-path.cc:99) For utterance pp17-domotica3_command213, best cost 118.784 + -248.135 = -129.351 over 136 frames.
pp17-domotica3_command213 uit in hoofdeinde op stand twee 
LOG (lattice-best-path[5.5.569~1-6f329]:main():lattice-best-path.cc:99) For utterance pp17-domotica3_command214, best cost 120.17 + -246.922 = -126.752 over 138 frames.
pp17-domotica3_command214 uit in hoofdeinde op stand drie 
LOG (lattice-best-path[5.5.569~1-6f329]:main():lattice-best-path.cc:99) For utterance pp17-domotica3_command215, best cost 111.964 + -204.55 = -92.5864 over 130 frames.
pp17-domotica3_command215 al de lichten in de keuken aan 
LOG (lattice-best-path[5.5.569~1-6f329]:main():lattice-best-path.cc:99) For utterance pp17-domotica3_command216, best cost 111.663 + -175.2 = -63.5376 over 121 frames.
pp17-domotica3_command216 achterdeur naar lamp op aan 
LOG (lattice-best-path[5.5.569~1-6f329]:main():lattice-best-path.cc:99) For utterance pp17-domotica3_command217, best cost 121.607 + -232.507 = -110.9 over 143 frames.
pp17-domotica3_command217 al rolluiken slaapkamer neer 
LOG (lattice-best-path[5.5.569~1-6f329]:main():lattice-best-path.cc:99) For utterance pp17-domotica3_command218, best cost 120.795 + -231.972 = -111.177 over 138 frames.
pp17-domotica3_command218 uit in rolluiken slaapkamer omhoog 
LOG (lattice-best-path[5.5.569~1-6f329]:main():lattice-best-path.cc:99) For utterance pp17-domotica3_command219, best cost 160.938 + -341.743 = -180.805 over 200 frames.
pp17-domotica3_command219 al rolluik achterdeur naar beneden 
LOG (lattice-best-path[5.5.569~1-6f329]:main():lattice-best-path.cc:99) For utterance pp17-domotica3_command22, best cost 120.085 + -245.605 = -125.52 over 140 frames.
pp17-domotica3_command22 al staande lamp op twee 
LOG (lattice-best-path[5.5.569~1-6f329]:main():lattice-best-path.cc:99) For utterance pp17-domotica3_command221, best cost 99.9509 + -181.916 = -81.9656 over 112 frames.
pp17-domotica3_command221 uit in rolluiken neer 
LOG (lattice-best-path[5.5.569~1-6f329]:main():lattice-best-path.cc:99) For utterance pp17-domotica3_command222, best cost 112.801 + -216.178 = -103.378 over 125 frames.
pp17-domotica3_command222 uit in rolluiken omhoog in living 
LOG (lattice-best-path[5.5.569~1-6f329]:main():lattice-best-path.cc:99) For utterance pp17-domotica3_command223, best cost 117.949 + -229.047 = -111.098 over 133 frames.
pp17-domotica3_command223 uit in deur slaapkamer dicht 
LOG (lattice-best-path[5.5.569~1-6f329]:main():lattice-best-path.cc:99) For utterance pp17-domotica3_command224, best cost 112.06 + -233.638 = -121.578 over 128 frames.
pp17-domotica3_command224 uit in de slaapkamer open 
LOG (lattice-best-path[5.5.569~1-6f329]:main():lattice-best-path.cc:99) For utterance pp17-domotica3_command225, best cost 123.489 + -245.731 = -122.242 over 142 frames.
pp17-domotica3_command225 uit in licht aan slaapkamer 
LOG (lattice-best-path[5.5.569~1-6f329]:main():lattice-best-path.cc:99) For utterance pp17-domotica3_command226, best cost 135.997 + -260.83 = -124.833 over 156 frames.
pp17-domotica3_command226 uit in licht uit in slaapkamer 
LOG (lattice-best-path[5.5.569~1-6f329]:main():lattice-best-path.cc:99) For utterance pp17-domotica3_command227, best cost 109.158 + -222.861 = -113.703 over 123 frames.
pp17-domotica3_command227 licht in staande lamp op een 
LOG (lattice-best-path[5.5.569~1-6f329]:main():lattice-best-path.cc:99) For utterance pp17-domotica3_command228, best cost 98.0937 + -195.041 = -96.9475 over 106 frames.
pp17-domotica3_command228 uit in staande lamp op twee 
LOG (lattice-best-path[5.5.569~1-6f329]:main():lattice-best-path.cc:99) For utterance pp17-domotica3_command229, best cost 102.253 + -191.532 = -89.2792 over 112 frames.
pp17-domotica3_command229 uit in staande lamp op drie 
LOG (lattice-best-path[5.5.569~1-6f329]:main():lattice-best-path.cc:99) For utterance pp17-domotica3_command23, best cost 119.581 + -237.523 = -117.942 over 137 frames.
pp17-domotica3_command23 uit in staande lamp op drie 
LOG (lattice-best-path[5.5.569~1-6f329]:main():lattice-best-path.cc:99) For utterance pp17-domotica3_command230, best cost 131.661 + -278.953 = -147.291 over 155 frames.
pp17-domotica3_command230 al thermostaat chauffage op eenentwintig 
LOG (lattice-best-path[5.5.569~1-6f329]:main():lattice-best-path.cc:99) For utterance pp17-domotica3_command231, best cost 85.735 + -165.478 = -79.7433 over 103 frames.
pp17-domotica3_command231 in de voordeur toe 
LOG (lattice-best-path[5.5.569~1-6f329]:main():lattice-best-path.cc:99) For utterance pp17-domotica3_command232, best cost 100.458 + -202.719 = -102.261 over 115 frames.
pp17-domotica3_command232 al deur open 
LOG (lattice-best-path[5.5.569~1-6f329]:main():lattice-best-path.cc:99) For utterance pp17-domotica3_command233, best cost 112.934 + -208.454 = -95.5206 over 123 frames.
pp17-domotica3_command233 al uit in de woonkamer licht aan 
LOG (lattice-best-path[5.5.569~1-6f329]:main():lattice-best-path.cc:99) For utterance pp17-domotica3_command234, best cost 134.71 + -272.34 = -137.63 over 161 frames.
pp17-domotica3_command234 al de lichten in de woonkamer en keuken uit 
LOG (lattice-best-path[5.5.569~1-6f329]:main():lattice-best-path.cc:99) For utterance pp17-domotica3_command236, best cost 106.274 + -223.267 = -116.993 over 131 frames.
pp17-domotica3_command236 deur dicht van badkamer 
LOG (lattice-best-path[5.5.569~1-6f329]:main():lattice-best-path.cc:99) For utterance pp17-domotica3_command237, best cost 134.315 + -294.23 = -159.915 over 159 frames.
pp17-domotica3_command237 uit in deur badkamer open 
LOG (lattice-best-path[5.5.569~1-6f329]:main():lattice-best-path.cc:99) For utterance pp17-domotica3_command239, best cost 133.598 + -273.964 = -140.365 over 145 frames.
pp17-domotica3_command239 al in licht in de badkamer aan 
LOG (lattice-best-path[5.5.569~1-6f329]:main():lattice-best-path.cc:99) For utterance pp17-domotica3_command24, best cost 146.219 + -300.119 = -153.901 over 176 frames.
pp17-domotica3_command24 al thermostaat chauffage op eenentwintig 
LOG (lattice-best-path[5.5.569~1-6f329]:main():lattice-best-path.cc:99) For utterance pp17-domotica3_command240, best cost 120.172 + -258.004 = -137.832 over 138 frames.
pp17-domotica3_command240 uit in hoofdeinde op stand een 
LOG (lattice-best-path[5.5.569~1-6f329]:main():lattice-best-path.cc:99) For utterance pp17-domotica3_command241, best cost 109.198 + -237.382 = -128.184 over 126 frames.
pp17-domotica3_command241 in hoofdeinde op stand twee 
LOG (lattice-best-path[5.5.569~1-6f329]:main():lattice-best-path.cc:99) For utterance pp17-domotica3_command242, best cost 109.08 + -229.518 = -120.438 over 122 frames.
pp17-domotica3_command242 uit in hoofdeinde op stand drie 
LOG (lattice-best-path[5.5.569~1-6f329]:main():lattice-best-path.cc:99) For utterance pp17-domotica3_command243, best cost 99.7453 + -198.799 = -99.054 over 119 frames.
pp17-domotica3_command243 licht in de keuken aan 
LOG (lattice-best-path[5.5.569~1-6f329]:main():lattice-best-path.cc:99) For utterance pp17-domotica3_command244, best cost 137.928 + -256.025 = -118.097 over 160 frames.
pp17-domotica3_command244 al lamp op aan 
LOG (lattice-best-path[5.5.569~1-6f329]:main():lattice-best-path.cc:99) For utterance pp17-domotica3_command245, best cost 112.571 + -224.797 = -112.225 over 142 frames.
pp17-domotica3_command245 rolluiken slaapkamer neer 
LOG (lattice-best-path[5.5.569~1-6f329]:main():lattice-best-path.cc:99) For utterance pp17-domotica3_command246, best cost 133.193 + -267.263 = -134.069 over 156 frames.
pp17-domotica3_command246 op een rolluiken slaapkamer omhoog 
LOG (lattice-best-path[5.5.569~1-6f329]:main():lattice-best-path.cc:99) For utterance pp17-domotica3_command247, best cost 121.429 + -264.234 = -142.806 over 143 frames.
pp17-domotica3_command247 al rolluik achterdeur naar beneden 
LOG (lattice-best-path[5.5.569~1-6f329]:main():lattice-best-path.cc:99) For utterance pp17-domotica3_command248, best cost 118.735 + -220.758 = -102.023 over 144 frames.
pp17-domotica3_command248 rolluik omhoog deur in living 
LOG (lattice-best-path[5.5.569~1-6f329]:main():lattice-best-path.cc:99) For utterance pp17-domotica3_command249, best cost 79.6587 + -126.021 = -46.3624 over 85 frames.
pp17-domotica3_command249 al rolluiken neer 
LOG (lattice-best-path[5.5.569~1-6f329]:main():lattice-best-path.cc:99) For utterance pp17-domotica3_command25, best cost 101.559 + -196.459 = -94.9002 over 122 frames.
pp17-domotica3_command25 uit in de voordeur toe 
LOG (lattice-best-path[5.5.569~1-6f329]:main():lattice-best-path.cc:99) For utterance pp17-domotica3_command250, best cost 128.05 + -238.46 = -110.41 over 147 frames.
pp17-domotica3_command250 uit in rolluiken omhoog in living 
LOG (lattice-best-path[5.5.569~1-6f329]:main():lattice-best-path.cc:99) For utterance pp17-domotica3_command251, best cost 112.882 + -230.166 = -117.284 over 140 frames.
pp17-domotica3_command251 deur slaapkamer dicht 
LOG (lattice-best-path[5.5.569~1-6f329]:main():lattice-best-path.cc:99) For utterance pp17-domotica3_command252, best cost 125.922 + -260.569 = -134.647 over 148 frames.
pp17-domotica3_command252 uit in de slaapkamer open 
LOG (lattice-best-path[5.5.569~1-6f329]:main():lattice-best-path.cc:99) For utterance pp17-domotica3_command253, best cost 119.116 + -264.473 = -145.357 over 150 frames.
pp17-domotica3_command253 licht aan slaapkamer 
LOG (lattice-best-path[5.5.569~1-6f329]:main():lattice-best-path.cc:99) For utterance pp17-domotica3_command254, best cost 131.837 + -265.24 = -133.403 over 150 frames.
pp17-domotica3_command254 uit in licht uit in slaapkamer 
LOG (lattice-best-path[5.5.569~1-6f329]:main():lattice-best-path.cc:99) For utterance pp17-domotica3_command255, best cost 121.661 + -248.096 = -126.435 over 140 frames.
pp17-domotica3_command255 uit in staande lamp op een 
LOG (lattice-best-path[5.5.569~1-6f329]:main():lattice-best-path.cc:99) For utterance pp17-domotica3_command256, best cost 101.37 + -210.223 = -108.853 over 113 frames.
pp17-domotica3_command256 al staande lamp op twee 
LOG (lattice-best-path[5.5.569~1-6f329]:main():lattice-best-path.cc:99) For utterance pp17-domotica3_command257, best cost 100.092 + -185.727 = -85.6353 over 109 frames.
pp17-domotica3_command257 op een staande lamp op drie 
LOG (lattice-best-path[5.5.569~1-6f329]:main():lattice-best-path.cc:99) For utterance pp17-domotica3_command258, best cost 126.809 + -242.976 = -116.166 over 148 frames.
pp17-domotica3_command258 al thermostaat chauffage op eenentwintig 
LOG (lattice-best-path[5.5.569~1-6f329]:main():lattice-best-path.cc:99) For utterance pp17-domotica3_command259, best cost 94.0317 + -180.986 = -86.9543 over 113 frames.
pp17-domotica3_command259 al de voordeur toe 
LOG (lattice-best-path[5.5.569~1-6f329]:main():lattice-best-path.cc:99) For utterance pp17-domotica3_command26, best cost 112.457 + -203.962 = -91.5049 over 118 frames.
pp17-domotica3_command26 al uit in deur open 
LOG (lattice-best-path[5.5.569~1-6f329]:main():lattice-best-path.cc:99) For utterance pp17-domotica3_command260, best cost 122.543 + -228.631 = -106.089 over 139 frames.
pp17-domotica3_command260 al de lichten in deur open 
LOG (lattice-best-path[5.5.569~1-6f329]:main():lattice-best-path.cc:99) For utterance pp17-domotica3_command261, best cost 140.336 + -268.124 = -127.787 over 168 frames.
pp17-domotica3_command261 toe de woonkamer licht aan 
LOG (lattice-best-path[5.5.569~1-6f329]:main():lattice-best-path.cc:99) For utterance pp17-domotica3_command262, best cost 141.642 + -282.762 = -141.12 over 171 frames.
pp17-domotica3_command262 al de lichten in de woonkamer en keuken uit 
LOG (lattice-best-path[5.5.569~1-6f329]:main():lattice-best-path.cc:99) For utterance pp17-domotica3_command263, best cost 112.491 + -219.845 = -107.354 over 138 frames.
pp17-domotica3_command263 al de lichten uit 
LOG (lattice-best-path[5.5.569~1-6f329]:main():lattice-best-path.cc:99) For utterance pp17-domotica3_command264, best cost 120.164 + -243.197 = -123.033 over 139 frames.
pp17-domotica3_command264 al deur dicht van badkamer 
LOG (lattice-best-path[5.5.569~1-6f329]:main():lattice-best-path.cc:99) For utterance pp17-domotica3_command265, best cost 152.48 + -300.677 = -148.197 over 177 frames.
pp17-domotica3_command265 al in deur badkamer open 
LOG (lattice-best-path[5.5.569~1-6f329]:main():lattice-best-path.cc:99) For utterance pp17-domotica3_command266, best cost 126.741 + -256.528 = -129.787 over 151 frames.
pp17-domotica3_command266 al de lichten in de badkamer aan 
LOG (lattice-best-path[5.5.569~1-6f329]:main():lattice-best-path.cc:99) For utterance pp17-domotica3_command267, best cost 115.797 + -235.531 = -119.734 over 146 frames.
pp17-domotica3_command267 hoofdeinde op stand een 
LOG (lattice-best-path[5.5.569~1-6f329]:main():lattice-best-path.cc:99) For utterance pp17-domotica3_command268, best cost 121.366 + -236.419 = -115.052 over 142 frames.
pp17-domotica3_command268 al hoofdeinde op stand twee 
LOG (lattice-best-path[5.5.569~1-6f329]:main():lattice-best-path.cc:99) For utterance pp17-domotica3_command269, best cost 123.637 + -244.233 = -120.596 over 143 frames.
pp17-domotica3_command269 uit in hoofdeinde op stand drie 
LOG (lattice-best-path[5.5.569~1-6f329]:main():lattice-best-path.cc:99) For utterance pp17-domotica3_command27, best cost 145.801 + -302.777 = -156.975 over 177 frames.
pp17-domotica3_command27 al de lichten in de woonkamer en keuken uit 
LOG (lattice-best-path[5.5.569~1-6f329]:main():lattice-best-path.cc:99) For utterance pp17-domotica3_command270, best cost 116.816 + -233.128 = -116.312 over 137 frames.
pp17-domotica3_command270 al de lichten in de keuken aan 
LOG (lattice-best-path[5.5.569~1-6f329]:main():lattice-best-path.cc:99) For utterance pp17-domotica3_command271, best cost 120.111 + -208.843 = -88.7325 over 131 frames.
pp17-domotica3_command271 al lamp keuken aan 
LOG (lattice-best-path[5.5.569~1-6f329]:main():lattice-best-path.cc:99) For utterance pp17-domotica3_command272, best cost 127.153 + -256.011 = -128.858 over 151 frames.
pp17-domotica3_command272 al rolluiken slaapkamer neer 
LOG (lattice-best-path[5.5.569~1-6f329]:main():lattice-best-path.cc:99) For utterance pp17-domotica3_command273, best cost 137.934 + -281.223 = -143.289 over 165 frames.
pp17-domotica3_command273 al rolluiken slaapkamer omhoog 
LOG (lattice-best-path[5.5.569~1-6f329]:main():lattice-best-path.cc:99) For utterance pp17-domotica3_command274, best cost 127.857 + -283.327 = -155.471 over 150 frames.
pp17-domotica3_command274 uit in rolluik achterdeur naar beneden 
LOG (lattice-best-path[5.5.569~1-6f329]:main():lattice-best-path.cc:99) For utterance pp17-domotica3_command275, best cost 137.809 + -260.272 = -122.463 over 149 frames.
pp17-domotica3_command275 al in rolluik omhoog deur in living 
LOG (lattice-best-path[5.5.569~1-6f329]:main():lattice-best-path.cc:99) For utterance pp17-domotica3_command276, best cost 137.922 + -265.18 = -127.258 over 170 frames.
pp17-domotica3_command276 rolluik rolluiken neer 
LOG (lattice-best-path[5.5.569~1-6f329]:main():lattice-best-path.cc:99) For utterance pp17-domotica3_command277, best cost 129.246 + -244.989 = -115.743 over 151 frames.
pp17-domotica3_command277 al rolluiken omhoog in living 
LOG (lattice-best-path[5.5.569~1-6f329]:main():lattice-best-path.cc:99) For utterance pp17-domotica3_command278, best cost 114.961 + -227.275 = -112.314 over 143 frames.
pp17-domotica3_command278 deur slaapkamer dicht 
LOG (lattice-best-path[5.5.569~1-6f329]:main():lattice-best-path.cc:99) For utterance pp17-domotica3_command279, best cost 120.261 + -240.503 = -120.241 over 140 frames.
pp17-domotica3_command279 al deur slaapkamer open 
LOG (lattice-best-path[5.5.569~1-6f329]:main():lattice-best-path.cc:99) For utterance pp17-domotica3_command28, best cost 106.254 + -215.548 = -109.294 over 129 frames.
pp17-domotica3_command28 al de lichten uit 
LOG (lattice-best-path[5.5.569~1-6f329]:main():lattice-best-path.cc:99) For utterance pp17-domotica3_command280, best cost 133.005 + -270.07 = -137.066 over 158 frames.
pp17-domotica3_command280 al licht aan slaapkamer 
LOG (lattice-best-path[5.5.569~1-6f329]:main():lattice-best-path.cc:99) For utterance pp17-domotica3_command281, best cost 136.474 + -295.788 = -159.313 over 171 frames.
pp17-domotica3_command281 licht uit in slaapkamer 
LOG (lattice-best-path[5.5.569~1-6f329]:main():lattice-best-path.cc:99) For utterance pp17-domotica3_command282, best cost 109.878 + -216.327 = -106.449 over 123 frames.
pp17-domotica3_command282 uit in staande lamp op een 
LOG (lattice-best-path[5.5.569~1-6f329]:main():lattice-best-path.cc:99) For utterance pp17-domotica3_command283, best cost 109.687 + -216.642 = -106.955 over 125 frames.
pp17-domotica3_command283 al staande lamp op twee 
LOG (lattice-best-path[5.5.569~1-6f329]:main():lattice-best-path.cc:99) For utterance pp17-domotica3_command284, best cost 121.805 + -224.145 = -102.34 over 132 frames.
pp17-domotica3_command284 al in staande lamp op drie 
LOG (lattice-best-path[5.5.569~1-6f329]:main():lattice-best-path.cc:99) For utterance pp17-domotica3_command285, best cost 144.113 + -298.831 = -154.718 over 185 frames.
pp17-domotica3_command285 thermostaat chauffage op eenentwintig 
LOG (lattice-best-path[5.5.569~1-6f329]:main():lattice-best-path.cc:99) For utterance pp17-domotica3_command286, best cost 107.202 + -207.319 = -100.117 over 132 frames.
pp17-domotica3_command286 al de voordeur toe 
LOG (lattice-best-path[5.5.569~1-6f329]:main():lattice-best-path.cc:99) For utterance pp17-domotica3_command287, best cost 101.15 + -191.022 = -89.872 over 116 frames.
pp17-domotica3_command287 al deur open 
LOG (lattice-best-path[5.5.569~1-6f329]:main():lattice-best-path.cc:99) For utterance pp17-domotica3_command288, best cost 124.808 + -254.815 = -130.007 over 156 frames.
pp17-domotica3_command288 in de woonkamer licht aan 
LOG (lattice-best-path[5.5.569~1-6f329]:main():lattice-best-path.cc:99) For utterance pp17-domotica3_command289, best cost 142.334 + -296.475 = -154.142 over 172 frames.
pp17-domotica3_command289 al de lichten in de woonkamer en keuken uit 
LOG (lattice-best-path[5.5.569~1-6f329]:main():lattice-best-path.cc:99) For utterance pp17-domotica3_command29, best cost 116.887 + -238.958 = -122.071 over 132 frames.
pp17-domotica3_command29 uit in deur dicht van badkamer 
LOG (lattice-best-path[5.5.569~1-6f329]:main():lattice-best-path.cc:99) For utterance pp17-domotica3_command290, best cost 118.037 + -230.081 = -112.044 over 146 frames.
pp17-domotica3_command290 al de lichten uit 
LOG (lattice-best-path[5.5.569~1-6f329]:main():lattice-best-path.cc:99) For utterance pp17-domotica3_command291, best cost 131.947 + -262.07 = -130.123 over 156 frames.
pp17-domotica3_command291 al deur dicht van badkamer 
LOG (lattice-best-path[5.5.569~1-6f329]:main():lattice-best-path.cc:99) For utterance pp17-domotica3_command292, best cost 125.113 + -243.448 = -118.335 over 148 frames.
pp17-domotica3_command292 al deur badkamer open 
LOG (lattice-best-path[5.5.569~1-6f329]:main():lattice-best-path.cc:99) For utterance pp17-domotica3_command293, best cost 128.128 + -255.62 = -127.492 over 153 frames.
pp17-domotica3_command293 al de lichten in de badkamer aan 
LOG (lattice-best-path[5.5.569~1-6f329]:main():lattice-best-path.cc:99) For utterance pp17-domotica3_command294, best cost 128.875 + -231.32 = -102.445 over 141 frames.
pp17-domotica3_command294 al de in hoofdeinde op stand een 
LOG (lattice-best-path[5.5.569~1-6f329]:main():lattice-best-path.cc:99) For utterance pp17-domotica3_command295, best cost 116.848 + -224.533 = -107.684 over 125 frames.
pp17-domotica3_command295 al in hoofdeinde op stand twee 
LOG (lattice-best-path[5.5.569~1-6f329]:main():lattice-best-path.cc:99) For utterance pp17-domotica3_command296, best cost 132.34 + -254.05 = -121.71 over 146 frames.
pp17-domotica3_command296 al de in hoofdeinde op stand drie 
LOG (lattice-best-path[5.5.569~1-6f329]:main():lattice-best-path.cc:99) For utterance pp17-domotica3_command297, best cost 126.111 + -233.472 = -107.361 over 145 frames.
pp17-domotica3_command297 al licht in de keuken aan 
LOG (lattice-best-path[5.5.569~1-6f329]:main():lattice-best-path.cc:99) For utterance pp17-domotica3_command298, best cost 121.97 + -190.484 = -68.5136 over 137 frames.
pp17-domotica3_command298 al lamp aan 
LOG (lattice-best-path[5.5.569~1-6f329]:main():lattice-best-path.cc:99) For utterance pp17-domotica3_command299, best cost 137.191 + -258.193 = -121.002 over 155 frames.
pp17-domotica3_command299 al in rolluiken slaapkamer neer 
LOG (lattice-best-path[5.5.569~1-6f329]:main():lattice-best-path.cc:99) For utterance pp17-domotica3_command3, best cost 140.256 + -285.202 = -144.945 over 169 frames.
pp17-domotica3_command3 al de lichten in de woonkamer en keuken uit 
LOG (lattice-best-path[5.5.569~1-6f329]:main():lattice-best-path.cc:99) For utterance pp17-domotica3_command30, best cost 120.648 + -253.711 = -133.063 over 150 frames.
pp17-domotica3_command30 al de badkamer open 
LOG (lattice-best-path[5.5.569~1-6f329]:main():lattice-best-path.cc:99) For utterance pp17-domotica3_command300, best cost 117.114 + -232.224 = -115.109 over 147 frames.
pp17-domotica3_command300 rolluiken slaapkamer omhoog 
LOG (lattice-best-path[5.5.569~1-6f329]:main():lattice-best-path.cc:99) For utterance pp17-domotica3_command301, best cost 135.626 + -264.252 = -128.626 over 153 frames.
pp17-domotica3_command301 al in rolluik achterdeur naar beneden 
LOG (lattice-best-path[5.5.569~1-6f329]:main():lattice-best-path.cc:99) For utterance pp17-domotica3_command302, best cost 147.872 + -254.597 = -106.724 over 174 frames.
pp17-domotica3_command302 al rolluik omhoog deur in living 
LOG (lattice-best-path[5.5.569~1-6f329]:main():lattice-best-path.cc:99) For utterance pp17-domotica3_command303, best cost 105.28 + -190.716 = -85.4362 over 134 frames.
pp17-domotica3_command303 rolluiken neer 
LOG (lattice-best-path[5.5.569~1-6f329]:main():lattice-best-path.cc:99) For utterance pp17-domotica3_command304, best cost 120.904 + -234.024 = -113.12 over 151 frames.
pp17-domotica3_command304 rolluiken omhoog in living 
LOG (lattice-best-path[5.5.569~1-6f329]:main():lattice-best-path.cc:99) For utterance pp17-domotica3_command305, best cost 131.814 + -258.049 = -126.235 over 153 frames.
pp17-domotica3_command305 uit in deur slaapkamer dicht 
LOG (lattice-best-path[5.5.569~1-6f329]:main():lattice-best-path.cc:99) For utterance pp17-domotica3_command306, best cost 125.806 + -253.527 = -127.722 over 148 frames.
pp17-domotica3_command306 al deur slaapkamer open 
LOG (lattice-best-path[5.5.569~1-6f329]:main():lattice-best-path.cc:99) For utterance pp17-domotica3_command307, best cost 114.983 + -209.373 = -94.3901 over 132 frames.
pp17-domotica3_command307 al licht aan slaapkamer 
LOG (lattice-best-path[5.5.569~1-6f329]:main():lattice-best-path.cc:99) For utterance pp17-domotica3_command308, best cost 129.568 + -249.406 = -119.838 over 149 frames.
pp17-domotica3_command308 al licht uit in slaapkamer 
LOG (lattice-best-path[5.5.569~1-6f329]:main():lattice-best-path.cc:99) For utterance pp17-domotica3_command309, best cost 125.127 + -248.702 = -123.574 over 145 frames.
pp17-domotica3_command309 uit in staande lamp op een 
LOG (lattice-best-path[5.5.569~1-6f329]:main():lattice-best-path.cc:99) For utterance pp17-domotica3_command31, best cost 119.117 + -236.95 = -117.833 over 140 frames.
pp17-domotica3_command31 al de lichten in de badkamer aan 
LOG (lattice-best-path[5.5.569~1-6f329]:main():lattice-best-path.cc:99) For utterance pp17-domotica3_command310, best cost 118.673 + -264.094 = -145.421 over 150 frames.
pp17-domotica3_command310 staande lamp op twee 
LOG (lattice-best-path[5.5.569~1-6f329]:main():lattice-best-path.cc:99) For utterance pp17-domotica3_command311, best cost 115.567 + -215.481 = -99.9144 over 123 frames.
pp17-domotica3_command311 al in staande lamp op drie 
LOG (lattice-best-path[5.5.569~1-6f329]:main():lattice-best-path.cc:99) For utterance pp17-domotica3_command312, best cost 129.557 + -265.55 = -135.993 over 164 frames.
pp17-domotica3_command312 thermostaat chauffage op eenentwintig 
LOG (lattice-best-path[5.5.569~1-6f329]:main():lattice-best-path.cc:99) For utterance pp17-domotica3_command313, best cost 101.559 + -199.603 = -98.0443 over 122 frames.
pp17-domotica3_command313 uit in de voordeur toe 
LOG (lattice-best-path[5.5.569~1-6f329]:main():lattice-best-path.cc:99) For utterance pp17-domotica3_command314, best cost 100.457 + -182.524 = -82.0674 over 115 frames.
pp17-domotica3_command314 al deur open 
LOG (lattice-best-path[5.5.569~1-6f329]:main():lattice-best-path.cc:99) For utterance pp17-domotica3_command315, best cost 118.549 + -236.119 = -117.569 over 145 frames.
pp17-domotica3_command315 al de woonkamer licht aan 
LOG (lattice-best-path[5.5.569~1-6f329]:main():lattice-best-path.cc:99) For utterance pp17-domotica3_command316, best cost 134.711 + -279.66 = -144.949 over 161 frames.
pp17-domotica3_command316 al de lichten in de woonkamer en keuken uit 
LOG (lattice-best-path[5.5.569~1-6f329]:main():lattice-best-path.cc:99) For utterance pp17-domotica3_command317, best cost 106.947 + -194.328 = -87.3811 over 130 frames.
pp17-domotica3_command317 al de lichten uit 
LOG (lattice-best-path[5.5.569~1-6f329]:main():lattice-best-path.cc:99) For utterance pp17-domotica3_command318, best cost 110.433 + -219.827 = -109.394 over 137 frames.
pp17-domotica3_command318 deur dicht van badkamer 
LOG (lattice-best-path[5.5.569~1-6f329]:main():lattice-best-path.cc:99) For utterance pp17-domotica3_command319, best cost 107.091 + -210.412 = -103.321 over 122 frames.
pp17-domotica3_command319 al deur badkamer open 
LOG (lattice-best-path[5.5.569~1-6f329]:main():lattice-best-path.cc:99) For utterance pp17-domotica3_command32, best cost 116.757 + -221.647 = -104.89 over 134 frames.
pp17-domotica3_command32 al de hoofdeinde op stand drie 
LOG (lattice-best-path[5.5.569~1-6f329]:main():lattice-best-path.cc:99) For utterance pp17-domotica3_command320, best cost 132.287 + -267.027 = -134.741 over 159 frames.
pp17-domotica3_command320 al de lichten in de badkamer aan 
LOG (lattice-best-path[5.5.569~1-6f329]:main():lattice-best-path.cc:99) For utterance pp17-domotica3_command321, best cost 122.945 + -244.915 = -121.971 over 142 frames.
pp17-domotica3_command321 uit in hoofdeinde op stand een 
LOG (lattice-best-path[5.5.569~1-6f329]:main():lattice-best-path.cc:99) For utterance pp17-domotica3_command322, best cost 118.235 + -231.362 = -113.127 over 127 frames.
pp17-domotica3_command322 al in hoofdeinde op stand twee 
LOG (lattice-best-path[5.5.569~1-6f329]:main():lattice-best-path.cc:99) For utterance pp17-domotica3_command323, best cost 109.892 + -202.227 = -92.3351 over 127 frames.
pp17-domotica3_command323 in hoofdeinde op stand drie 
LOG (lattice-best-path[5.5.569~1-6f329]:main():lattice-best-path.cc:99) For utterance pp17-domotica3_command324, best cost 110.577 + -208.554 = -97.9763 over 128 frames.
pp17-domotica3_command324 al de lichten in de keuken aan 
LOG (lattice-best-path[5.5.569~1-6f329]:main():lattice-best-path.cc:99) For utterance pp17-domotica3_command325, best cost 115.952 + -188.564 = -72.6119 over 125 frames.
pp17-domotica3_command325 al lamp keuken aan 
LOG (lattice-best-path[5.5.569~1-6f329]:main():lattice-best-path.cc:99) For utterance pp17-domotica3_command326, best cost 109.799 + -226.548 = -116.749 over 138 frames.
pp17-domotica3_command326 rolluiken slaapkamer neer 
LOG (lattice-best-path[5.5.569~1-6f329]:main():lattice-best-path.cc:99) For utterance pp17-domotica3_command327, best cost 145.893 + -297.162 = -151.269 over 166 frames.
pp17-domotica3_command327 al in rolluiken slaapkamer omhoog 
LOG (lattice-best-path[5.5.569~1-6f329]:main():lattice-best-path.cc:99) For utterance pp17-domotica3_command328, best cost 125.588 + -258.358 = -132.77 over 149 frames.
pp17-domotica3_command328 al rolluik achterdeur naar beneden 
LOG (lattice-best-path[5.5.569~1-6f329]:main():lattice-best-path.cc:99) For utterance pp17-domotica3_command329, best cost 135.371 + -237.926 = -102.555 over 168 frames.
pp17-domotica3_command329 rolluik omhoog deur in living 
LOG (lattice-best-path[5.5.569~1-6f329]:main():lattice-best-path.cc:99) For utterance pp17-domotica3_command33, best cost 116.757 + -228.289 = -111.532 over 134 frames.
pp17-domotica3_command33 al de hoofdeinde op stand twee 
LOG (lattice-best-path[5.5.569~1-6f329]:main():lattice-best-path.cc:99) For utterance pp17-domotica3_command330, best cost 116.397 + -219.263 = -102.866 over 138 frames.
pp17-domotica3_command330 al rolluiken neer 
LOG (lattice-best-path[5.5.569~1-6f329]:main():lattice-best-path.cc:99) For utterance pp17-domotica3_command331, best cost 127.167 + -238.637 = -111.471 over 148 frames.
pp17-domotica3_command331 al rolluiken omhoog in living 
LOG (lattice-best-path[5.5.569~1-6f329]:main():lattice-best-path.cc:99) For utterance pp17-domotica3_command332, best cost 127.439 + -253.064 = -125.624 over 161 frames.
pp17-domotica3_command332 deur slaapkamer dicht 
LOG (lattice-best-path[5.5.569~1-6f329]:main():lattice-best-path.cc:99) For utterance pp17-domotica3_command333, best cost 125.325 + -233.021 = -107.696 over 149 frames.
pp17-domotica3_command333 al de slaapkamer open 
LOG (lattice-best-path[5.5.569~1-6f329]:main():lattice-best-path.cc:99) For utterance pp17-domotica3_command334, best cost 90.7226 + -160.125 = -69.4028 over 97 frames.
pp17-domotica3_command334 al licht aan slaapkamer 
LOG (lattice-best-path[5.5.569~1-6f329]:main():lattice-best-path.cc:99) For utterance pp17-domotica3_command335, best cost 119.245 + -223.118 = -103.873 over 133 frames.
pp17-domotica3_command335 achterdeur naar licht uit in slaapkamer 
LOG (lattice-best-path[5.5.569~1-6f329]:main():lattice-best-path.cc:99) For utterance pp17-domotica3_command336, best cost 114.09 + -210.074 = -95.9839 over 130 frames.
pp17-domotica3_command336 al de staande lamp op een 
LOG (lattice-best-path[5.5.569~1-6f329]:main():lattice-best-path.cc:99) For utterance pp17-domotica3_command337, best cost 112.009 + -226.254 = -114.245 over 127 frames.
pp17-domotica3_command337 al de staande lamp op twee 
LOG (lattice-best-path[5.5.569~1-6f329]:main():lattice-best-path.cc:99) For utterance pp17-domotica3_command338, best cost 94.4121 + -188.386 = -93.9735 over 115 frames.
pp17-domotica3_command338 staande lamp op drie 
LOG (lattice-best-path[5.5.569~1-6f329]:main():lattice-best-path.cc:99) For utterance pp17-domotica3_command339, best cost 124.012 + -241.118 = -117.106 over 156 frames.
pp17-domotica3_command339 thermostaat chauffage op eenentwintig 
LOG (lattice-best-path[5.5.569~1-6f329]:main():lattice-best-path.cc:99) For utterance pp17-domotica3_command34, best cost 111.662 + -197.674 = -86.0121 over 128 frames.
pp17-domotica3_command34 al hoofdeinde op stand drie 
LOG (lattice-best-path[5.5.569~1-6f329]:main():lattice-best-path.cc:99) For utterance pp17-domotica3_command340, best cost 92.6665 + -178.004 = -85.3379 over 113 frames.
pp17-domotica3_command340 in de voordeur toe 
LOG (lattice-best-path[5.5.569~1-6f329]:main():lattice-best-path.cc:99) For utterance pp17-domotica3_command341, best cost 98.9143 + -182.279 = -83.3646 over 114 frames.
pp17-domotica3_command341 al de open 
LOG (lattice-best-path[5.5.569~1-6f329]:main():lattice-best-path.cc:99) For utterance pp17-domotica3_command342, best cost 133.105 + -266.59 = -133.485 over 166 frames.
pp17-domotica3_command342 al de woonkamer licht aan 
LOG (lattice-best-path[5.5.569~1-6f329]:main():lattice-best-path.cc:99) For utterance pp17-domotica3_command343, best cost 140.949 + -281.264 = -140.315 over 170 frames.
pp17-domotica3_command343 al de lichten in de woonkamer en keuken uit 
LOG (lattice-best-path[5.5.569~1-6f329]:main():lattice-best-path.cc:99) For utterance pp17-domotica3_command344, best cost 111.675 + -212.317 = -100.641 over 136 frames.
pp17-domotica3_command344 licht in de lichten uit 
LOG (lattice-best-path[5.5.569~1-6f329]:main():lattice-best-path.cc:99) For utterance pp17-domotica3_command345, best cost 130.75 + -254.705 = -123.955 over 152 frames.
pp17-domotica3_command345 uit in deur dicht van badkamer 
LOG (lattice-best-path[5.5.569~1-6f329]:main():lattice-best-path.cc:99) For utterance pp17-domotica3_command346, best cost 118.372 + -232.852 = -114.481 over 136 frames.
pp17-domotica3_command346 uit in deur badkamer open 
LOG (lattice-best-path[5.5.569~1-6f329]:main():lattice-best-path.cc:99) For utterance pp17-domotica3_command347, best cost 117.885 + -211.03 = -93.145 over 135 frames.
pp17-domotica3_command347 al de lichten badkamer aan 
LOG (lattice-best-path[5.5.569~1-6f329]:main():lattice-best-path.cc:99) For utterance pp17-domotica3_command348, best cost 109.082 + -200.811 = -91.729 over 122 frames.
pp17-domotica3_command348 uit in hoofdeinde op stand een 
LOG (lattice-best-path[5.5.569~1-6f329]:main():lattice-best-path.cc:99) For utterance pp17-domotica3_command349, best cost 112.508 + -217.226 = -104.718 over 121 frames.
pp17-domotica3_command349 op in hoofdeinde op stand twee 
LOG (lattice-best-path[5.5.569~1-6f329]:main():lattice-best-path.cc:99) For utterance pp17-domotica3_command35, best cost 116.816 + -224.911 = -108.096 over 137 frames.
pp17-domotica3_command35 al de lichten in de keuken aan 
LOG (lattice-best-path[5.5.569~1-6f329]:main():lattice-best-path.cc:99) For utterance pp17-domotica3_command350, best cost 135.563 + -263.684 = -128.121 over 152 frames.
pp17-domotica3_command350 al in hoofdeinde op stand drie 
LOG (lattice-best-path[5.5.569~1-6f329]:main():lattice-best-path.cc:99) For utterance pp17-domotica3_command36, best cost 111.588 + -172.168 = -60.5793 over 122 frames.
pp17-domotica3_command36 al lamp op aan 
LOG (lattice-best-path[5.5.569~1-6f329]:main():lattice-best-path.cc:99) For utterance pp17-domotica3_command37, best cost 140.539 + -271.524 = -130.984 over 156 frames.
pp17-domotica3_command37 al uit in rolluiken slaapkamer neer 
LOG (lattice-best-path[5.5.569~1-6f329]:main():lattice-best-path.cc:99) For utterance pp17-domotica3_command38, best cost 129.113 + -268.439 = -139.326 over 150 frames.
pp17-domotica3_command38 uit in rolluiken slaapkamer omhoog 
LOG (lattice-best-path[5.5.569~1-6f329]:main():lattice-best-path.cc:99) For utterance pp17-domotica3_command39, best cost 129.243 + -283.094 = -153.851 over 152 frames.
pp17-domotica3_command39 uit in rolluik achterdeur naar beneden 
LOG (lattice-best-path[5.5.569~1-6f329]:main():lattice-best-path.cc:99) For utterance pp17-domotica3_command4, best cost 144.644 + -264.01 = -119.367 over 146 frames.
pp17-domotica3_command4 al uit in al al de lichten uit 
LOG (lattice-best-path[5.5.569~1-6f329]:main():lattice-best-path.cc:99) For utterance pp17-domotica3_command40, best cost 138.861 + -268.055 = -129.193 over 161 frames.
pp17-domotica3_command40 al rolluik omhoog deur in living 
LOG (lattice-best-path[5.5.569~1-6f329]:main():lattice-best-path.cc:99) For utterance pp17-domotica3_command41, best cost 142.736 + -312.037 = -169.301 over 176 frames.
pp17-domotica3_command41 al rolluiken neer 
LOG (lattice-best-path[5.5.569~1-6f329]:main():lattice-best-path.cc:99) For utterance pp17-domotica3_command42, best cost 125.277 + -256.985 = -131.707 over 143 frames.
pp17-domotica3_command42 uit in rolluiken omhoog in living 
LOG (lattice-best-path[5.5.569~1-6f329]:main():lattice-best-path.cc:99) For utterance pp17-domotica3_command43, best cost 117.062 + -248.242 = -131.18 over 135 frames.
pp17-domotica3_command43 al licht aan slaapkamer 
LOG (lattice-best-path[5.5.569~1-6f329]:main():lattice-best-path.cc:99) For utterance pp17-domotica3_command44, best cost 128.182 + -267.687 = -139.505 over 147 frames.
pp17-domotica3_command44 al licht uit in slaapkamer 
LOG (lattice-best-path[5.5.569~1-6f329]:main():lattice-best-path.cc:99) For utterance pp17-domotica3_command45, best cost 112.652 + -222.646 = -109.994 over 127 frames.
pp17-domotica3_command45 uit in staande lamp op een 
LOG (lattice-best-path[5.5.569~1-6f329]:main():lattice-best-path.cc:99) For utterance pp17-domotica3_command46, best cost 114.036 + -243.684 = -129.648 over 129 frames.
pp17-domotica3_command46 uit in staande lamp op twee 
LOG (lattice-best-path[5.5.569~1-6f329]:main():lattice-best-path.cc:99) For utterance pp17-domotica3_command47, best cost 96.0143 + -193.351 = -97.3365 over 103 frames.
pp17-domotica3_command47 uit in staande lamp op drie 
LOG (lattice-best-path[5.5.569~1-6f329]:main():lattice-best-path.cc:99) For utterance pp17-domotica3_command48, best cost 138.09 + -289.272 = -151.182 over 162 frames.
pp17-domotica3_command48 uit in thermostaat chauffage op eenentwintig 
LOG (lattice-best-path[5.5.569~1-6f329]:main():lattice-best-path.cc:99) For utterance pp17-domotica3_command49, best cost 98.8837 + -209.314 = -110.43 over 120 frames.
pp17-domotica3_command49 al de voordeur toe 
LOG (lattice-best-path[5.5.569~1-6f329]:main():lattice-best-path.cc:99) For utterance pp17-domotica3_command5, best cost 126.645 + -266.748 = -140.103 over 147 frames.
pp17-domotica3_command5 al de deur dicht van badkamer 
LOG (lattice-best-path[5.5.569~1-6f329]:main():lattice-best-path.cc:99) For utterance pp17-domotica3_command50, best cost 104.95 + -202.751 = -97.801 over 111 frames.
pp17-domotica3_command50 al in deur open 
LOG (lattice-best-path[5.5.569~1-6f329]:main():lattice-best-path.cc:99) For utterance pp17-domotica3_command51, best cost 155.434 + -321.577 = -166.143 over 177 frames.
pp17-domotica3_command51 al uit in de lichten in de woonkamer en keuken uit 
LOG (lattice-best-path[5.5.569~1-6f329]:main():lattice-best-path.cc:99) For utterance pp17-domotica3_command52, best cost 125.57 + -246.329 = -120.759 over 133 frames.
pp17-domotica3_command52 al de in al de lichten uit 
LOG (lattice-best-path[5.5.569~1-6f329]:main():lattice-best-path.cc:99) For utterance pp17-domotica3_command53, best cost 128.672 + -280.683 = -152.011 over 149 frames.
pp17-domotica3_command53 uit in deur dicht van badkamer 
LOG (lattice-best-path[5.5.569~1-6f329]:main():lattice-best-path.cc:99) For utterance pp17-domotica3_command54, best cost 137.042 + -301.93 = -164.888 over 162 frames.
pp17-domotica3_command54 uit in de deur badkamer open 
LOG (lattice-best-path[5.5.569~1-6f329]:main():lattice-best-path.cc:99) For utterance pp17-domotica3_command55, best cost 118.326 + -253.301 = -134.974 over 137 frames.
pp17-domotica3_command55 uit in de lichten in de badkamer aan 
LOG (lattice-best-path[5.5.569~1-6f329]:main():lattice-best-path.cc:99) For utterance pp17-domotica3_command56, best cost 117.398 + -229.71 = -112.312 over 134 frames.
pp17-domotica3_command56 uit in hoofdeinde op stand drie 
LOG (lattice-best-path[5.5.569~1-6f329]:main():lattice-best-path.cc:99) For utterance pp17-domotica3_command57, best cost 120.197 + -238.011 = -117.814 over 126 frames.
pp17-domotica3_command57 al uit in hoofdeinde op stand twee 
LOG (lattice-best-path[5.5.569~1-6f329]:main():lattice-best-path.cc:99) For utterance pp17-domotica3_command58, best cost 123.637 + -224.204 = -100.567 over 143 frames.
pp17-domotica3_command58 uit in hoofdeinde op stand drie 
LOG (lattice-best-path[5.5.569~1-6f329]:main():lattice-best-path.cc:99) For utterance pp17-domotica3_command59, best cost 111.173 + -219.949 = -108.776 over 127 frames.
pp17-domotica3_command59 uit in de lichten in de keuken aan 
LOG (lattice-best-path[5.5.569~1-6f329]:main():lattice-best-path.cc:99) For utterance pp17-domotica3_command6, best cost 130.876 + -260.375 = -129.499 over 142 frames.
pp17-domotica3_command6 al uit in deur badkamer open 
LOG (lattice-best-path[5.5.569~1-6f329]:main():lattice-best-path.cc:99) For utterance pp17-domotica3_command60, best cost 119.197 + -205.508 = -86.3104 over 133 frames.
pp17-domotica3_command60 al lamp aan 
LOG (lattice-best-path[5.5.569~1-6f329]:main():lattice-best-path.cc:99) For utterance pp17-domotica3_command61, best cost 142.655 + -274.511 = -131.857 over 160 frames.
pp17-domotica3_command61 uit in rolluik rolluiken slaapkamer neer 
LOG (lattice-best-path[5.5.569~1-6f329]:main():lattice-best-path.cc:99) For utterance pp17-domotica3_command62, best cost 135.236 + -279.216 = -143.98 over 160 frames.
pp17-domotica3_command62 achterdeur naar rolluiken slaapkamer omhoog 
LOG (lattice-best-path[5.5.569~1-6f329]:main():lattice-best-path.cc:99) For utterance pp17-domotica3_command63, best cost 122.122 + -261.865 = -139.744 over 144 frames.
pp17-domotica3_command63 al rolluik achterdeur naar beneden 
LOG (lattice-best-path[5.5.569~1-6f329]:main():lattice-best-path.cc:99) For utterance pp17-domotica3_command64, best cost 139.555 + -260.19 = -120.635 over 162 frames.
pp17-domotica3_command64 al rolluik omhoog deur in living 
LOG (lattice-best-path[5.5.569~1-6f329]:main():lattice-best-path.cc:99) For utterance pp17-domotica3_command65, best cost 122.132 + -239.147 = -117.015 over 144 frames.
pp17-domotica3_command65 uit in rolluiken neer 
LOG (lattice-best-path[5.5.569~1-6f329]:main():lattice-best-path.cc:99) For utterance pp17-domotica3_command66, best cost 128.05 + -239.574 = -111.525 over 147 frames.
pp17-domotica3_command66 uit in rolluiken omhoog in living 
LOG (lattice-best-path[5.5.569~1-6f329]:main():lattice-best-path.cc:99) For utterance pp17-domotica3_command67, best cost 133.194 + -284.401 = -151.206 over 156 frames.
pp17-domotica3_command67 uit in licht aan slaapkamer 
LOG (lattice-best-path[5.5.569~1-6f329]:main():lattice-best-path.cc:99) For utterance pp17-domotica3_command68, best cost 134.42 + -266.134 = -131.714 over 156 frames.
pp17-domotica3_command68 al licht uit in slaapkamer 
LOG (lattice-best-path[5.5.569~1-6f329]:main():lattice-best-path.cc:99) For utterance pp17-domotica3_command69, best cost 117.314 + -227.086 = -109.772 over 136 frames.
pp17-domotica3_command69 al staande lamp op een 
LOG (lattice-best-path[5.5.569~1-6f329]:main():lattice-best-path.cc:99) For utterance pp17-domotica3_command7, best cost 122.583 + -250.378 = -127.795 over 145 frames.
pp17-domotica3_command7 al de lichten in de badkamer aan 
LOG (lattice-best-path[5.5.569~1-6f329]:main():lattice-best-path.cc:99) For utterance pp17-domotica3_command70, best cost 111.074 + -229.345 = -118.271 over 127 frames.
pp17-domotica3_command70 al staande lamp op twee 
LOG (lattice-best-path[5.5.569~1-6f329]:main():lattice-best-path.cc:99) For utterance pp17-domotica3_command71, best cost 134.19 + -294.828 = -160.638 over 159 frames.
pp17-domotica3_command71 al de staande lamp op drie 
LOG (lattice-best-path[5.5.569~1-6f329]:main():lattice-best-path.cc:99) For utterance pp17-domotica3_command72, best cost 150.377 + -326.586 = -176.208 over 182 frames.
pp17-domotica3_command72 al thermostaat chauffage op eenentwintig 
LOG (lattice-best-path[5.5.569~1-6f329]:main():lattice-best-path.cc:99) For utterance pp17-domotica3_command73, best cost 100.173 + -211.154 = -110.981 over 120 frames.
pp17-domotica3_command73 uit in de voordeur toe 
LOG (lattice-best-path[5.5.569~1-6f329]:main():lattice-best-path.cc:99) For utterance pp17-domotica3_command74, best cost 103.472 + -194.778 = -91.3056 over 118 frames.
pp17-domotica3_command74 al de deur open 
LOG (lattice-best-path[5.5.569~1-6f329]:main():lattice-best-path.cc:99) For utterance pp17-domotica3_command75, best cost 137.484 + -291.924 = -154.441 over 165 frames.
pp17-domotica3_command75 al de lichten in de woonkamer en keuken uit 
LOG (lattice-best-path[5.5.569~1-6f329]:main():lattice-best-path.cc:99) For utterance pp17-domotica3_command76, best cost 99.2252 + -183.393 = -84.1677 over 117 frames.
pp17-domotica3_command76 uit in de lichten uit 
LOG (lattice-scale[5.5.569~1-6f329]:main():lattice-scale.cc:107) Done 347 lattices.
LOG (lattice-best-path[5.5.569~1-6f329]:main():lattice-best-path.cc:99) For utterance pp17-domotica3_command77, best cost 134.269 + -276.17 = -141.901 over 158 frames.
pp17-domotica3_command77 al de deur dicht van badkamer 
LOG (lattice-best-path[5.5.569~1-6f329]:main():lattice-best-path.cc:99) For utterance pp17-domotica3_command78, best cost 135.035 + -270.84 = -135.805 over 148 frames.
pp17-domotica3_command78 al uit in deur badkamer open 
LOG (lattice-best-path[5.5.569~1-6f329]:main():lattice-best-path.cc:99) For utterance pp17-domotica3_command79, best cost 122.485 + -241.85 = -119.365 over 143 frames.
pp17-domotica3_command79 uit in de lichten in de badkamer aan 
LOG (lattice-best-path[5.5.569~1-6f329]:main():lattice-best-path.cc:99) For utterance pp17-domotica3_command8, best cost 119.48 + -234.959 = -115.479 over 137 frames.
pp17-domotica3_command8 uit in hoofdeinde op stand een 
LOG (lattice-best-path[5.5.569~1-6f329]:main():lattice-best-path.cc:99) For utterance pp17-domotica3_command80, best cost 121.558 + -249.664 = -128.106 over 140 frames.
pp17-domotica3_command80 uit in hoofdeinde op stand een 
LOG (lattice-best-path[5.5.569~1-6f329]:main():lattice-best-path.cc:99) For utterance pp17-domotica3_command81, best cost 103.534 + -223.465 = -119.931 over 114 frames.
pp17-domotica3_command81 uit in hoofdeinde op stand twee 
LOG (lattice-best-path[5.5.569~1-6f329]:main():lattice-best-path.cc:99) For utterance pp17-domotica3_command82, best cost 108.386 + -210.377 = -101.99 over 121 frames.
pp17-domotica3_command82 uit in hoofdeinde op stand drie 
LOG (lattice-best-path[5.5.569~1-6f329]:main():lattice-best-path.cc:99) For utterance pp17-domotica3_command83, best cost 114.043 + -209.782 = -95.7386 over 133 frames.
pp17-domotica3_command83 al de lichten in de keuken aan 
LOG (lattice-best-path[5.5.569~1-6f329]:main():lattice-best-path.cc:99) For utterance pp17-domotica3_command84, best cost 112.959 + -188.686 = -75.7266 over 124 frames.
pp17-domotica3_command84 al lamp aan 
LOG (lattice-best-path[5.5.569~1-6f329]:main():lattice-best-path.cc:99) For utterance pp17-domotica3_command85, best cost 125.263 + -244.849 = -119.586 over 146 frames.
pp17-domotica3_command85 uit in rolluiken slaapkamer neer 
LOG (lattice-best-path[5.5.569~1-6f329]:main():lattice-best-path.cc:99) For utterance pp17-domotica3_command86, best cost 126.225 + -242.481 = -116.256 over 147 frames.
pp17-domotica3_command86 achterdeur naar rolluiken slaapkamer omhoog 
LOG (lattice-best-path[5.5.569~1-6f329]:main():lattice-best-path.cc:99) For utterance pp17-domotica3_command87, best cost 159.075 + -323.793 = -164.717 over 183 frames.
pp17-domotica3_command87 al uit in rolluik achterdeur naar beneden 
LOG (lattice-best-path[5.5.569~1-6f329]:main():lattice-best-path.cc:99) For utterance pp17-domotica3_command88, best cost 132.004 + -241.167 = -109.162 over 150 frames.
pp17-domotica3_command88 achterdeur naar rolluik omhoog deur in living 
LOG (lattice-best-path[5.5.569~1-6f329]:main():lattice-best-path.cc:99) For utterance pp17-domotica3_command89, best cost 115.919 + -196.368 = -80.4486 over 123 frames.
pp17-domotica3_command89 al uit in rolluiken neer 
LOG (lattice-best-path[5.5.569~1-6f329]:main():lattice-best-path.cc:99) For utterance pp17-domotica3_command9, best cost 123.664 + -239.838 = -116.174 over 131 frames.
pp17-domotica3_command9 al uit in hoofdeinde op stand twee 
LOG (lattice-best-path[5.5.569~1-6f329]:main():lattice-best-path.cc:99) For utterance pp17-domotica3_command90, best cost 128.887 + -231.657 = -102.769 over 140 frames.
pp17-domotica3_command90 al in rolluiken omhoog in living 
LOG (lattice-best-path[5.5.569~1-6f329]:main():lattice-best-path.cc:99) For utterance pp17-domotica3_command91, best cost 124.761 + -248.98 = -124.219 over 145 frames.
pp17-domotica3_command91 achterdeur naar licht aan slaapkamer 
LOG (lattice-best-path[5.5.569~1-6f329]:main():lattice-best-path.cc:99) For utterance pp17-domotica3_command92, best cost 124.023 + -236.985 = -112.963 over 141 frames.
pp17-domotica3_command92 al licht uit in slaapkamer 
LOG (lattice-best-path[5.5.569~1-6f329]:main():lattice-best-path.cc:99) For utterance pp17-domotica3_command93, best cost 123.742 + -234.125 = -110.383 over 143 frames.
pp17-domotica3_command93 uit in staande lamp op een 
LOG (lattice-best-path[5.5.569~1-6f329]:main():lattice-best-path.cc:99) For utterance pp17-domotica3_command94, best cost 118.006 + -233.31 = -115.304 over 137 frames.
pp17-domotica3_command94 achterdeur staande lamp op twee 
LOG (lattice-add-penalty[5.5.569~1-6f329]:main():lattice-add-penalty.cc:62) Done adding word insertion penalty to 347 lattices.
LOG (lattice-best-path[5.5.569~1-6f329]:main():lattice-best-path.cc:99) For utterance pp17-domotica3_command95, best cost 112.461 + -226.678 = -114.217 over 129 frames.
pp17-domotica3_command95 al staande lamp op drie 
LOG (lattice-best-path[5.5.569~1-6f329]:main():lattice-best-path.cc:99) For utterance pp17-domotica3_command96, best cost 148.298 + -300.268 = -151.97 over 179 frames.
pp17-domotica3_command96 al thermostaat chauffage op eenentwintig 
LOG (lattice-best-path[5.5.569~1-6f329]:main():lattice-best-path.cc:99) For utterance pp17-domotica3_command97, best cost 105.122 + -207.402 = -102.28 over 129 frames.
pp17-domotica3_command97 al de voordeur toe 
LOG (lattice-best-path[5.5.569~1-6f329]:main():lattice-best-path.cc:99) For utterance pp17-domotica3_command98, best cost 99.7639 + -188.53 = -88.7663 over 114 frames.
pp17-domotica3_command98 al deur open 
LOG (lattice-best-path[5.5.569~1-6f329]:main():lattice-best-path.cc:99) For utterance pp17-domotica3_command99, best cost 143.721 + -287.013 = -143.292 over 174 frames.
pp17-domotica3_command99 al de lichten in de woonkamer en keuken uit 
LOG (lattice-best-path[5.5.569~1-6f329]:main():lattice-best-path.cc:124) Overall cost per frame is -0.825749 = 0.865131 [graph] + -1.69088 [acoustic] over 49121 frames.
LOG (lattice-best-path[5.5.569~1-6f329]:main():lattice-best-path.cc:128) Done 347 lattices, failed for 0
# Accounting: time=1 threads=1
# Ended (code 0) at Tue Mar 23 10:29:34 CET 2021, elapsed time 1 seconds
