# lattice-scale --inv-acoustic-scale=13 "ark:gunzip -c exp/percgncopas5k/chain_s/tdnn1k_sp/decode_test_5g_400k/lat.*.gz|" ark:- | lattice-add-penalty --word-ins-penalty=0.0 ark:- ark:- | lattice-best-path --word-symbol-table=exp/percgncopas5k/chain_s/tree_sp/graph_5g_400k/words.txt ark:- ark,t:exp/percgncopas5k/chain_s/tdnn1k_sp/decode_test_5g_400k/scoring/13.tra 
# Started at Tue Mar 23 10:29:33 CET 2021
#
lattice-scale --inv-acoustic-scale=13 'ark:gunzip -c exp/percgncopas5k/chain_s/tdnn1k_sp/decode_test_5g_400k/lat.*.gz|' ark:- 
lattice-best-path --word-symbol-table=exp/percgncopas5k/chain_s/tree_sp/graph_5g_400k/words.txt ark:- ark,t:exp/percgncopas5k/chain_s/tdnn1k_sp/decode_test_5g_400k/scoring/13.tra 
lattice-add-penalty --word-ins-penalty=0.0 ark:- ark:- 
LOG (lattice-best-path[5.5.569~1-6f329]:main():lattice-best-path.cc:99) For utterance pp17-domotica3_command1, best cost 158.278 + -401.175 = -242.897 over 195 frames.
pp17-domotica3_command1 al de lichten in de woonkamer en keuken uit 
LOG (lattice-best-path[5.5.569~1-6f329]:main():lattice-best-path.cc:99) For utterance pp17-domotica3_command10, best cost 123.088 + -281.94 = -158.852 over 134 frames.
pp17-domotica3_command10 al in hoofdeinde op stand drie 
LOG (lattice-best-path[5.5.569~1-6f329]:main():lattice-best-path.cc:99) For utterance pp17-domotica3_command100, best cost 124.517 + -261.178 = -136.661 over 129 frames.
pp17-domotica3_command100 al uit in al de lichten uit 
LOG (lattice-best-path[5.5.569~1-6f329]:main():lattice-best-path.cc:99) For utterance pp17-domotica3_command101, best cost 119.47 + -288.789 = -169.319 over 138 frames.
pp17-domotica3_command101 al deur dicht van badkamer 
LOG (lattice-best-path[5.5.569~1-6f329]:main():lattice-best-path.cc:99) For utterance pp17-domotica3_command102, best cost 107.065 + -260.545 = -153.48 over 134 frames.
pp17-domotica3_command102 deur badkamer open 
LOG (lattice-best-path[5.5.569~1-6f329]:main():lattice-best-path.cc:99) For utterance pp17-domotica3_command103, best cost 130.708 + -302.672 = -171.964 over 137 frames.
pp17-domotica3_command103 al uit in licht in de badkamer aan 
LOG (lattice-best-path[5.5.569~1-6f329]:main():lattice-best-path.cc:99) For utterance pp17-domotica3_command104, best cost 117.399 + -282.33 = -164.931 over 134 frames.
pp17-domotica3_command104 uit in hoofdeinde op stand een 
LOG (lattice-best-path[5.5.569~1-6f329]:main():lattice-best-path.cc:99) For utterance pp17-domotica3_command105, best cost 113.959 + -258.788 = -144.83 over 117 frames.
pp17-domotica3_command105 al uit in hoofdeinde op stand twee 
LOG (lattice-best-path[5.5.569~1-6f329]:main():lattice-best-path.cc:99) For utterance pp17-domotica3_command106, best cost 112.572 + -254.008 = -141.436 over 115 frames.
pp17-domotica3_command106 al uit in hoofdeinde op stand drie 
LOG (lattice-best-path[5.5.569~1-6f329]:main():lattice-best-path.cc:99) For utterance pp17-domotica3_command107, best cost 101.566 + -228.77 = -127.203 over 115 frames.
pp17-domotica3_command107 al de lichten in de keuken aan 
LOG (lattice-best-path[5.5.569~1-6f329]:main():lattice-best-path.cc:99) For utterance pp17-domotica3_command108, best cost 109.493 + -216.455 = -106.962 over 119 frames.
pp17-domotica3_command108 al lamp aan 
LOG (lattice-best-path[5.5.569~1-6f329]:main():lattice-best-path.cc:99) For utterance pp17-domotica3_command109, best cost 119.169 + -259.075 = -139.906 over 129 frames.
pp17-domotica3_command109 al in rolluiken slaapkamer neer 
LOG (lattice-best-path[5.5.569~1-6f329]:main():lattice-best-path.cc:99) For utterance pp17-domotica3_command11, best cost 123.677 + -282.616 = -158.94 over 133 frames.
pp17-domotica3_command11 al uit in de lichten in de keuken aan 
LOG (lattice-best-path[5.5.569~1-6f329]:main():lattice-best-path.cc:99) For utterance pp17-domotica3_command110, best cost 123.378 + -277.462 = -154.085 over 144 frames.
pp17-domotica3_command110 al rolluiken slaapkamer omhoog 
LOG (lattice-best-path[5.5.569~1-6f329]:main():lattice-best-path.cc:99) For utterance pp17-domotica3_command111, best cost 148.342 + -343.729 = -195.387 over 162 frames.
pp17-domotica3_command111 al in rolluiken achterdeur naar beneden 
LOG (lattice-best-path[5.5.569~1-6f329]:main():lattice-best-path.cc:99) For utterance pp17-domotica3_command112, best cost 132.623 + -283.478 = -150.855 over 152 frames.
pp17-domotica3_command112 al rolluik omhoog deur in living 
LOG (lattice-best-path[5.5.569~1-6f329]:main():lattice-best-path.cc:99) For utterance pp17-domotica3_command113, best cost 107.575 + -213.94 = -106.366 over 123 frames.
pp17-domotica3_command113 uit in rolluiken neer 
LOG (lattice-best-path[5.5.569~1-6f329]:main():lattice-best-path.cc:99) For utterance pp17-domotica3_command114, best cost 128.77 + -270.792 = -142.022 over 136 frames.
pp17-domotica3_command114 al uit in rolluiken omhoog in living 
LOG (lattice-best-path[5.5.569~1-6f329]:main():lattice-best-path.cc:99) For utterance pp17-domotica3_command115, best cost 128.159 + -289.799 = -161.64 over 150 frames.
pp17-domotica3_command115 al deur slaapkamer dicht 
LOG (lattice-best-path[5.5.569~1-6f329]:main():lattice-best-path.cc:99) For utterance pp17-domotica3_command116, best cost 120.953 + -274.217 = -153.263 over 141 frames.
pp17-domotica3_command116 al deur slaapkamer open 
LOG (lattice-best-path[5.5.569~1-6f329]:main():lattice-best-path.cc:99) For utterance pp17-domotica3_command117, best cost 134.416 + -296.16 = -161.744 over 148 frames.
pp17-domotica3_command117 al een licht aan slaapkamer 
LOG (lattice-best-path[5.5.569~1-6f329]:main():lattice-best-path.cc:99) For utterance pp17-domotica3_command118, best cost 139.489 + -295.726 = -156.237 over 149 frames.
pp17-domotica3_command118 al uit in licht uit in slaapkamer 
LOG (lattice-best-path[5.5.569~1-6f329]:main():lattice-best-path.cc:99) For utterance pp17-domotica3_command119, best cost 115.927 + -239.94 = -124.013 over 134 frames.
pp17-domotica3_command119 al staande lamp op een 
LOG (lattice-best-path[5.5.569~1-6f329]:main():lattice-best-path.cc:99) For utterance pp17-domotica3_command12, best cost 129.118 + -231.042 = -101.924 over 133 frames.
pp17-domotica3_command12 al uit in lamp aan 
LOG (lattice-best-path[5.5.569~1-6f329]:main():lattice-best-path.cc:99) For utterance pp17-domotica3_command120, best cost 118.222 + -260.709 = -142.487 over 123 frames.
pp17-domotica3_command120 al uit in staande lamp op twee 
LOG (lattice-best-path[5.5.569~1-6f329]:main():lattice-best-path.cc:99) For utterance pp17-domotica3_command121, best cost 119.608 + -263.797 = -144.188 over 125 frames.
pp17-domotica3_command121 al uit in staande lamp op drie 
LOG (lattice-best-path[5.5.569~1-6f329]:main():lattice-best-path.cc:99) For utterance pp17-domotica3_command122, best cost 154.752 + -365.747 = -210.994 over 174 frames.
pp17-domotica3_command122 al uit in thermostaat chauffage op eenentwintig 
LOG (lattice-best-path[5.5.569~1-6f329]:main():lattice-best-path.cc:99) For utterance pp17-domotica3_command123, best cost 105.052 + -237 = -131.948 over 115 frames.
pp17-domotica3_command123 al uit in de voordeur toe 
LOG (lattice-best-path[5.5.569~1-6f329]:main():lattice-best-path.cc:99) For utterance pp17-domotica3_command124, best cost 109.109 + -215.33 = -106.221 over 117 frames.
pp17-domotica3_command124 al in deur open 
LOG (lattice-best-path[5.5.569~1-6f329]:main():lattice-best-path.cc:99) For utterance pp17-domotica3_command125, best cost 126.463 + -264.509 = -138.045 over 145 frames.
pp17-domotica3_command125 al de in de woonkamer licht aan 
LOG (lattice-best-path[5.5.569~1-6f329]:main():lattice-best-path.cc:99) For utterance pp17-domotica3_command126, best cost 141.642 + -333.887 = -192.244 over 171 frames.
pp17-domotica3_command126 al de lichten in de woonkamer en keuken uit 
LOG (lattice-best-path[5.5.569~1-6f329]:main():lattice-best-path.cc:99) For utterance pp17-domotica3_command127, best cost 115.48 + -247.214 = -131.734 over 128 frames.
pp17-domotica3_command127 uit in al de lichten uit 
LOG (lattice-best-path[5.5.569~1-6f329]:main():lattice-best-path.cc:99) For utterance pp17-domotica3_command128, best cost 133.333 + -295.149 = -161.817 over 158 frames.
pp17-domotica3_command128 al deur dicht van badkamer 
LOG (lattice-best-path[5.5.569~1-6f329]:main():lattice-best-path.cc:99) For utterance pp17-domotica3_command129, best cost 115.409 + -266.453 = -151.044 over 134 frames.
pp17-domotica3_command129 al deur badkamer open 
LOG (lattice-best-path[5.5.569~1-6f329]:main():lattice-best-path.cc:99) For utterance pp17-domotica3_command13, best cost 140.539 + -328.458 = -187.919 over 156 frames.
pp17-domotica3_command13 al uit in rolluiken slaapkamer neer 
LOG (lattice-best-path[5.5.569~1-6f329]:main():lattice-best-path.cc:99) For utterance pp17-domotica3_command130, best cost 122.485 + -280.77 = -158.285 over 143 frames.
pp17-domotica3_command130 uit in de lichten in de badkamer aan 
LOG (lattice-best-path[5.5.569~1-6f329]:main():lattice-best-path.cc:99) For utterance pp17-domotica3_command131, best cost 126.797 + -280.057 = -153.26 over 138 frames.
pp17-domotica3_command131 al de in hoofdeinde op stand een 
LOG (lattice-best-path[5.5.569~1-6f329]:main():lattice-best-path.cc:99) For utterance pp17-domotica3_command132, best cost 121.007 + -272.92 = -151.912 over 131 frames.
pp17-domotica3_command132 al in hoofdeinde op stand twee 
LOG (lattice-best-path[5.5.569~1-6f329]:main():lattice-best-path.cc:99) For utterance pp17-domotica3_command133, best cost 117.542 + -255.867 = -138.325 over 126 frames.
pp17-domotica3_command133 al in hoofdeinde op stand drie 
LOG (lattice-best-path[5.5.569~1-6f329]:main():lattice-best-path.cc:99) For utterance pp17-domotica3_command134, best cost 110.577 + -234.227 = -123.65 over 128 frames.
pp17-domotica3_command134 al de lichten in de keuken aan 
LOG (lattice-best-path[5.5.569~1-6f329]:main():lattice-best-path.cc:99) For utterance pp17-domotica3_command135, best cost 115.259 + -198.062 = -82.8033 over 124 frames.
pp17-domotica3_command135 al lamp keuken aan 
LOG (lattice-best-path[5.5.569~1-6f329]:main():lattice-best-path.cc:99) For utterance pp17-domotica3_command136, best cost 126.459 + -277.045 = -150.586 over 150 frames.
pp17-domotica3_command136 al rolluiken slaapkamer neer 
LOG (lattice-best-path[5.5.569~1-6f329]:main():lattice-best-path.cc:99) For utterance pp17-domotica3_command137, best cost 147.855 + -320.537 = -172.682 over 165 frames.
pp17-domotica3_command137 al uit in rolluiken slaapkamer omhoog 
LOG (lattice-best-path[5.5.569~1-6f329]:main():lattice-best-path.cc:99) For utterance pp17-domotica3_command138, best cost 137.705 + -315.089 = -177.383 over 156 frames.
pp17-domotica3_command138 al in rolluik achterdeur naar beneden 
LOG (lattice-best-path[5.5.569~1-6f329]:main():lattice-best-path.cc:99) For utterance pp17-domotica3_command139, best cost 163.176 + -333.931 = -170.755 over 165 frames.
pp17-domotica3_command139 al uit in rolluik omhoog deur en living 
LOG (lattice-best-path[5.5.569~1-6f329]:main():lattice-best-path.cc:99) For utterance pp17-domotica3_command14, best cost 140.23 + -309.846 = -169.616 over 154 frames.
pp17-domotica3_command14 al uit in rolluiken slaapkamer omhoog 
LOG (lattice-best-path[5.5.569~1-6f329]:main():lattice-best-path.cc:99) For utterance pp17-domotica3_command140, best cost 118.693 + -248.841 = -130.148 over 127 frames.
pp17-domotica3_command140 al uit in rolluiken neer 
LOG (lattice-best-path[5.5.569~1-6f329]:main():lattice-best-path.cc:99) For utterance pp17-domotica3_command141, best cost 139.167 + -291.278 = -152.11 over 151 frames.
pp17-domotica3_command141 al uit in rolluiken omhoog in living 
LOG (lattice-best-path[5.5.569~1-6f329]:main():lattice-best-path.cc:99) For utterance pp17-domotica3_command142, best cost 126.078 + -276.378 = -150.3 over 147 frames.
pp17-domotica3_command142 al deur slaapkamer dicht 
LOG (lattice-best-path[5.5.569~1-6f329]:main():lattice-best-path.cc:99) For utterance pp17-domotica3_command143, best cost 118.875 + -256.501 = -137.626 over 138 frames.
pp17-domotica3_command143 al deur slaapkamer open 
LOG (lattice-best-path[5.5.569~1-6f329]:main():lattice-best-path.cc:99) For utterance pp17-domotica3_command144, best cost 125.629 + -258.047 = -132.418 over 145 frames.
pp17-domotica3_command144 al de lichten aan slaapkamer 
LOG (lattice-best-path[5.5.569~1-6f329]:main():lattice-best-path.cc:99) For utterance pp17-domotica3_command145, best cost 140.542 + -300.73 = -160.188 over 153 frames.
pp17-domotica3_command145 al de in licht uit in slaapkamer 
LOG (lattice-best-path[5.5.569~1-6f329]:main():lattice-best-path.cc:99) For utterance pp17-domotica3_command146, best cost 139.829 + -299.805 = -159.977 over 158 frames.
pp17-domotica3_command146 al in staande lamp op een 
LOG (lattice-best-path[5.5.569~1-6f329]:main():lattice-best-path.cc:99) For utterance pp17-domotica3_command147, best cost 126.323 + -292.45 = -166.128 over 149 frames.
pp17-domotica3_command147 al staande lamp op twee 
LOG (lattice-best-path[5.5.569~1-6f329]:main():lattice-best-path.cc:99) For utterance pp17-domotica3_command148, best cost 125.179 + -279.725 = -154.546 over 146 frames.
pp17-domotica3_command148 al de staande lamp op drie 
LOG (lattice-best-path[5.5.569~1-6f329]:main():lattice-best-path.cc:99) For utterance pp17-domotica3_command149, best cost 143.779 + -324.166 = -180.387 over 162 frames.
pp17-domotica3_command149 al in thermostaat chauffage op eenentwintig 
LOG (lattice-best-path[5.5.569~1-6f329]:main():lattice-best-path.cc:99) For utterance pp17-domotica3_command15, best cost 129.243 + -307.273 = -178.03 over 152 frames.
pp17-domotica3_command15 uit in rolluik achterdeur naar beneden 
LOG (lattice-best-path[5.5.569~1-6f329]:main():lattice-best-path.cc:99) For utterance pp17-domotica3_command150, best cost 111.36 + -248.888 = -137.528 over 138 frames.
pp17-domotica3_command150 al de voordeur toe 
LOG (lattice-best-path[5.5.569~1-6f329]:main():lattice-best-path.cc:99) For utterance pp17-domotica3_command151, best cost 108.324 + -227.603 = -119.279 over 125 frames.
pp17-domotica3_command151 al de deur open 
LOG (lattice-best-path[5.5.569~1-6f329]:main():lattice-best-path.cc:99) For utterance pp17-domotica3_command152, best cost 118.548 + -268.143 = -149.594 over 145 frames.
pp17-domotica3_command152 al de woonkamer licht aan 
LOG (lattice-best-path[5.5.569~1-6f329]:main():lattice-best-path.cc:99) For utterance pp17-domotica3_command153, best cost 145.298 + -345.034 = -199.736 over 169 frames.
pp17-domotica3_command153 achterdeur naar lichten in de woonkamer en keuken uit 
LOG (lattice-best-path[5.5.569~1-6f329]:main():lattice-best-path.cc:99) For utterance pp17-domotica3_command154, best cost 122.798 + -252.015 = -129.218 over 129 frames.
pp17-domotica3_command154 al de in al de lichten uit 
LOG (lattice-best-path[5.5.569~1-6f329]:main():lattice-best-path.cc:99) For utterance pp17-domotica3_command155, best cost 133.55 + -301.914 = -168.365 over 144 frames.
pp17-domotica3_command155 al uit in deur dicht van badkamer 
LOG (lattice-best-path[5.5.569~1-6f329]:main():lattice-best-path.cc:99) For utterance pp17-domotica3_command156, best cost 119.065 + -280.718 = -161.654 over 137 frames.
pp17-domotica3_command156 uit in deur badkamer open 
LOG (lattice-best-path[5.5.569~1-6f329]:main():lattice-best-path.cc:99) For utterance pp17-domotica3_command157, best cost 132.596 + -274.521 = -141.925 over 142 frames.
pp17-domotica3_command157 al en licht in de badkamer aan 
LOG (lattice-best-path[5.5.569~1-6f329]:main():lattice-best-path.cc:99) For utterance pp17-domotica3_command158, best cost 134.062 + -263.614 = -129.552 over 146 frames.
pp17-domotica3_command158 al uit in hoofdeinde op stand een 
LOG (lattice-best-path[5.5.569~1-6f329]:main():lattice-best-path.cc:99) For utterance pp17-domotica3_command159, best cost 127.129 + -278.134 = -151.005 over 136 frames.
pp17-domotica3_command159 al uit in hoofdeinde op stand twee 
LOG (lattice-best-path[5.5.569~1-6f329]:main():lattice-best-path.cc:99) For utterance pp17-domotica3_command16, best cost 202.957 + -425.623 = -222.666 over 207 frames.
pp17-domotica3_command16 al uit in rolluik omhoog deur in de deur en living 
LOG (lattice-best-path[5.5.569~1-6f329]:main():lattice-best-path.cc:99) For utterance pp17-domotica3_command160, best cost 118.117 + -256.119 = -138.001 over 123 frames.
pp17-domotica3_command160 al uit in hoofdeinde op stand drie 
LOG (lattice-best-path[5.5.569~1-6f329]:main():lattice-best-path.cc:99) For utterance pp17-domotica3_command161, best cost 114.736 + -251.571 = -136.835 over 134 frames.
pp17-domotica3_command161 al de lichten in de keuken aan 
LOG (lattice-best-path[5.5.569~1-6f329]:main():lattice-best-path.cc:99) For utterance pp17-domotica3_command162, best cost 112.959 + -211.216 = -98.2573 over 124 frames.
pp17-domotica3_command162 al lamp aan 
LOG (lattice-best-path[5.5.569~1-6f329]:main():lattice-best-path.cc:99) For utterance pp17-domotica3_command163, best cost 173.167 + -362.909 = -189.742 over 179 frames.
pp17-domotica3_command163 al al uit in en rolluiken slaapkamer neer 
LOG (lattice-best-path[5.5.569~1-6f329]:main():lattice-best-path.cc:99) For utterance pp17-domotica3_command164, best cost 114.342 + -272.377 = -158.035 over 143 frames.
pp17-domotica3_command164 rolluiken slaapkamer omhoog 
LOG (lattice-best-path[5.5.569~1-6f329]:main():lattice-best-path.cc:99) For utterance pp17-domotica3_command165, best cost 131.074 + -299.459 = -168.384 over 152 frames.
pp17-domotica3_command165 al de keuken rolluik achterdeur naar beneden 
LOG (lattice-best-path[5.5.569~1-6f329]:main():lattice-best-path.cc:99) For utterance pp17-domotica3_command166, best cost 159.179 + -353.041 = -193.861 over 176 frames.
pp17-domotica3_command166 al uit in rolluik omhoog deur in living 
LOG (lattice-best-path[5.5.569~1-6f329]:main():lattice-best-path.cc:99) For utterance pp17-domotica3_command167, best cost 111.878 + -223.497 = -111.619 over 121 frames.
pp17-domotica3_command167 al in rolluiken neer 
LOG (lattice-best-path[5.5.569~1-6f329]:main():lattice-best-path.cc:99) For utterance pp17-domotica3_command168, best cost 142.633 + -302.346 = -159.713 over 156 frames.
pp17-domotica3_command168 al uit in rolluiken omhoog in living 
LOG (lattice-best-path[5.5.569~1-6f329]:main():lattice-best-path.cc:99) For utterance pp17-domotica3_command169, best cost 123.306 + -271.253 = -147.947 over 143 frames.
pp17-domotica3_command169 al deur slaapkamer dicht 
LOG (lattice-best-path[5.5.569~1-6f329]:main():lattice-best-path.cc:99) For utterance pp17-domotica3_command17, best cost 126.984 + -287.823 = -160.84 over 151 frames.
pp17-domotica3_command17 uit in rolluiken neer 
LOG (lattice-best-path[5.5.569~1-6f329]:main():lattice-best-path.cc:99) For utterance pp17-domotica3_command170, best cost 130.541 + -305.025 = -174.484 over 143 frames.
pp17-domotica3_command170 al de in deur slaapkamer open 
LOG (lattice-best-path[5.5.569~1-6f329]:main():lattice-best-path.cc:99) For utterance pp17-domotica3_command171, best cost 138.66 + -305.2 = -166.54 over 164 frames.
pp17-domotica3_command171 op een licht aan slaapkamer 
LOG (lattice-best-path[5.5.569~1-6f329]:main():lattice-best-path.cc:99) For utterance pp17-domotica3_command172, best cost 119.145 + -255.845 = -136.7 over 146 frames.
pp17-domotica3_command172 licht uit in slaapkamer 
LOG (lattice-best-path[5.5.569~1-6f329]:main():lattice-best-path.cc:99) For utterance pp17-domotica3_command173, best cost 128.646 + -289.493 = -160.848 over 151 frames.
pp17-domotica3_command173 al de staande lamp op een 
LOG (lattice-best-path[5.5.569~1-6f329]:main():lattice-best-path.cc:99) For utterance pp17-domotica3_command174, best cost 105.771 + -239.628 = -133.857 over 118 frames.
pp17-domotica3_command174 al de staande lamp op twee 
LOG (lattice-best-path[5.5.569~1-6f329]:main():lattice-best-path.cc:99) For utterance pp17-domotica3_command175, best cost 110.715 + -225.7 = -114.986 over 116 frames.
pp17-domotica3_command175 al in staande lamp op drie 
LOG (lattice-best-path[5.5.569~1-6f329]:main():lattice-best-path.cc:99) For utterance pp17-domotica3_command176, best cost 182.979 + -408.838 = -225.859 over 217 frames.
pp17-domotica3_command176 al thermostaat thermostaat chauffage op eenentwintig 
LOG (lattice-best-path[5.5.569~1-6f329]:main():lattice-best-path.cc:99) For utterance pp17-domotica3_command177, best cost 96.0139 + -213.574 = -117.56 over 114 frames.
pp17-domotica3_command177 uit in de voordeur toe 
LOG (lattice-best-path[5.5.569~1-6f329]:main():lattice-best-path.cc:99) For utterance pp17-domotica3_command178, best cost 106.336 + -224.273 = -117.936 over 113 frames.
pp17-domotica3_command178 al in deur open 
LOG (lattice-best-path[5.5.569~1-6f329]:main():lattice-best-path.cc:99) For utterance pp17-domotica3_command179, best cost 118.548 + -267.82 = -149.271 over 145 frames.
pp17-domotica3_command179 al de woonkamer licht aan 
LOG (lattice-best-path[5.5.569~1-6f329]:main():lattice-best-path.cc:99) For utterance pp17-domotica3_command18, best cost 138.474 + -312.511 = -174.037 over 150 frames.
pp17-domotica3_command18 al uit in rolluiken omhoog in living 
LOG (lattice-best-path[5.5.569~1-6f329]:main():lattice-best-path.cc:99) For utterance pp17-domotica3_command180, best cost 151.346 + -360.133 = -208.787 over 185 frames.
pp17-domotica3_command180 al de lichten in de woonkamer en keuken uit 
LOG (lattice-best-path[5.5.569~1-6f329]:main():lattice-best-path.cc:99) For utterance pp17-domotica3_command181, best cost 107.64 + -233.1 = -125.46 over 131 frames.
pp17-domotica3_command181 al de lichten uit 
LOG (lattice-best-path[5.5.569~1-6f329]:main():lattice-best-path.cc:99) For utterance pp17-domotica3_command182, best cost 118.273 + -277.478 = -159.204 over 134 frames.
pp17-domotica3_command182 uit in deur dicht van badkamer 
LOG (lattice-best-path[5.5.569~1-6f329]:main():lattice-best-path.cc:99) For utterance pp17-domotica3_command183, best cost 125.33 + -268.537 = -143.207 over 134 frames.
pp17-domotica3_command183 al uit in deur badkamer open 
LOG (lattice-best-path[5.5.569~1-6f329]:main():lattice-best-path.cc:99) For utterance pp17-domotica3_command184, best cost 114.958 + -268.68 = -153.722 over 134 frames.
pp17-domotica3_command184 al de lichten in de badkamer aan 
LOG (lattice-best-path[5.5.569~1-6f329]:main():lattice-best-path.cc:99) For utterance pp17-domotica3_command185, best cost 116.131 + -259.862 = -143.73 over 136 frames.
pp17-domotica3_command185 in hoofdeinde op stand een 
LOG (lattice-best-path[5.5.569~1-6f329]:main():lattice-best-path.cc:99) For utterance pp17-domotica3_command186, best cost 111.303 + -240.745 = -129.442 over 117 frames.
pp17-domotica3_command186 al in hoofdeinde op stand twee 
LOG (lattice-best-path[5.5.569~1-6f329]:main():lattice-best-path.cc:99) For utterance pp17-domotica3_command187, best cost 115.012 + -242.281 = -127.269 over 121 frames.
pp17-domotica3_command187 al de in hoofdeinde op stand drie 
LOG (lattice-best-path[5.5.569~1-6f329]:main():lattice-best-path.cc:99) For utterance pp17-domotica3_command188, best cost 111.964 + -234.452 = -122.488 over 130 frames.
pp17-domotica3_command188 al de lichten in de keuken aan 
LOG (lattice-best-path[5.5.569~1-6f329]:main():lattice-best-path.cc:99) For utterance pp17-domotica3_command189, best cost 112.975 + -220.293 = -107.318 over 124 frames.
pp17-domotica3_command189 al lamp op aan 
LOG (lattice-best-path[5.5.569~1-6f329]:main():lattice-best-path.cc:99) For utterance pp17-domotica3_command19, best cost 129.756 + -292.691 = -162.936 over 139 frames.
pp17-domotica3_command19 al uit in licht aan slaapkamer 
LOG (lattice-best-path[5.5.569~1-6f329]:main():lattice-best-path.cc:99) For utterance pp17-domotica3_command190, best cost 120.914 + -268.409 = -147.495 over 142 frames.
pp17-domotica3_command190 al rolluiken slaapkamer neer 
LOG (lattice-best-path[5.5.569~1-6f329]:main():lattice-best-path.cc:99) For utterance pp17-domotica3_command191, best cost 125.457 + -275.067 = -149.61 over 147 frames.
pp17-domotica3_command191 al rolluiken slaapkamer omhoog 
LOG (lattice-best-path[5.5.569~1-6f329]:main():lattice-best-path.cc:99) For utterance pp17-domotica3_command192, best cost 118.656 + -284.321 = -165.665 over 139 frames.
pp17-domotica3_command192 al rolluik achterdeur naar beneden 
LOG (lattice-best-path[5.5.569~1-6f329]:main():lattice-best-path.cc:99) For utterance pp17-domotica3_command193, best cost 141.158 + -296.247 = -155.089 over 150 frames.
pp17-domotica3_command193 al uit in rolluik omhoog deur in living 
LOG (lattice-best-path[5.5.569~1-6f329]:main():lattice-best-path.cc:99) For utterance pp17-domotica3_command194, best cost 104.612 + -214.249 = -109.636 over 121 frames.
pp17-domotica3_command194 al rolluiken neer 
LOG (lattice-best-path[5.5.569~1-6f329]:main():lattice-best-path.cc:99) For utterance pp17-domotica3_command195, best cost 129.58 + -277.299 = -147.719 over 141 frames.
pp17-domotica3_command195 al in rolluiken omhoog in living 
LOG (lattice-best-path[5.5.569~1-6f329]:main():lattice-best-path.cc:99) For utterance pp17-domotica3_command196, best cost 123.999 + -282.103 = -158.104 over 144 frames.
pp17-domotica3_command196 al deur slaapkamer dicht 
LOG (lattice-best-path[5.5.569~1-6f329]:main():lattice-best-path.cc:99) For utterance pp17-domotica3_command197, best cost 125.806 + -276.95 = -151.144 over 148 frames.
pp17-domotica3_command197 al deur slaapkamer open 
LOG (lattice-best-path[5.5.569~1-6f329]:main():lattice-best-path.cc:99) For utterance pp17-domotica3_command198, best cost 127.794 + -276.462 = -148.669 over 140 frames.
pp17-domotica3_command198 al in licht aan slaapkamer 
LOG (lattice-best-path[5.5.569~1-6f329]:main():lattice-best-path.cc:99) For utterance pp17-domotica3_command199, best cost 128.95 + -282.938 = -153.988 over 147 frames.
pp17-domotica3_command199 achterdeur naar licht uit in slaapkamer 
LOG (lattice-best-path[5.5.569~1-6f329]:main():lattice-best-path.cc:99) For utterance pp17-domotica3_command2, best cost 145.108 + -364.768 = -219.66 over 176 frames.
pp17-domotica3_command2 al de lichten in de woonkamer en keuken uit 
LOG (lattice-best-path[5.5.569~1-6f329]:main():lattice-best-path.cc:99) For utterance pp17-domotica3_command20, best cost 136.556 + -296.474 = -159.918 over 141 frames.
pp17-domotica3_command20 al uit in licht uit slaapkamer 
LOG (lattice-best-path[5.5.569~1-6f329]:main():lattice-best-path.cc:99) For utterance pp17-domotica3_command200, best cost 121.807 + -266.619 = -144.812 over 132 frames.
pp17-domotica3_command200 al in staande lamp op een 
LOG (lattice-best-path[5.5.569~1-6f329]:main():lattice-best-path.cc:99) For utterance pp17-domotica3_command201, best cost 106.411 + -251.64 = -145.228 over 118 frames.
pp17-domotica3_command201 uit in staande lamp op twee 
LOG (lattice-best-path[5.5.569~1-6f329]:main():lattice-best-path.cc:99) For utterance pp17-domotica3_command202, best cost 116.836 + -257.865 = -141.029 over 121 frames.
pp17-domotica3_command202 al uit in staande lamp op drie 
LOG (lattice-best-path[5.5.569~1-6f329]:main():lattice-best-path.cc:99) For utterance pp17-domotica3_command203, best cost 137.397 + -330.534 = -193.137 over 161 frames.
pp17-domotica3_command203 uit in thermostaat chauffage op eenentwintig 
LOG (lattice-best-path[5.5.569~1-6f329]:main():lattice-best-path.cc:99) For utterance pp17-domotica3_command204, best cost 99.5066 + -226.627 = -127.121 over 107 frames.
pp17-domotica3_command204 al uit in de voordeur toe 
LOG (lattice-best-path[5.5.569~1-6f329]:main():lattice-best-path.cc:99) For utterance pp17-domotica3_command205, best cost 96.1888 + -186.755 = -90.566 over 100 frames.
pp17-domotica3_command205 al in de open 
LOG (lattice-best-path[5.5.569~1-6f329]:main():lattice-best-path.cc:99) For utterance pp17-domotica3_command206, best cost 147.998 + -310.011 = -162.013 over 166 frames.
pp17-domotica3_command206 al in de in de woonkamer licht aan 
LOG (lattice-best-path[5.5.569~1-6f329]:main():lattice-best-path.cc:99) For utterance pp17-domotica3_command207, best cost 161.744 + -369.688 = -207.944 over 200 frames.
pp17-domotica3_command207 al de lichten in de woonkamer en keuken uit 
LOG (lattice-best-path[5.5.569~1-6f329]:main():lattice-best-path.cc:99) For utterance pp17-domotica3_command208, best cost 125.235 + -281.618 = -156.383 over 143 frames.
pp17-domotica3_command208 al de al de lichten uit 
LOG (lattice-best-path[5.5.569~1-6f329]:main():lattice-best-path.cc:99) For utterance pp17-domotica3_command209, best cost 117.58 + -274.099 = -156.519 over 133 frames.
pp17-domotica3_command209 uit in deur dicht van badkamer 
LOG (lattice-best-path[5.5.569~1-6f329]:main():lattice-best-path.cc:99) For utterance pp17-domotica3_command21, best cost 121.473 + -265.473 = -144 over 142 frames.
pp17-domotica3_command21 al staande lamp op een 
LOG (lattice-best-path[5.5.569~1-6f329]:main():lattice-best-path.cc:99) For utterance pp17-domotica3_command210, best cost 114.906 + -267.708 = -152.802 over 131 frames.
pp17-domotica3_command210 uit in deur badkamer open 
LOG (lattice-best-path[5.5.569~1-6f329]:main():lattice-best-path.cc:99) For utterance pp17-domotica3_command211, best cost 123.276 + -291.244 = -167.968 over 146 frames.
pp17-domotica3_command211 al de lichten in de badkamer aan 
LOG (lattice-best-path[5.5.569~1-6f329]:main():lattice-best-path.cc:99) For utterance pp17-domotica3_command212, best cost 123.591 + -283.487 = -159.896 over 142 frames.
pp17-domotica3_command212 uit in de hoofdeinde op stand een 
LOG (lattice-best-path[5.5.569~1-6f329]:main():lattice-best-path.cc:99) For utterance pp17-domotica3_command213, best cost 118.784 + -286.309 = -167.526 over 136 frames.
pp17-domotica3_command213 uit in hoofdeinde op stand twee 
LOG (lattice-best-path[5.5.569~1-6f329]:main():lattice-best-path.cc:99) For utterance pp17-domotica3_command214, best cost 120.17 + -284.91 = -164.74 over 138 frames.
pp17-domotica3_command214 uit in hoofdeinde op stand drie 
LOG (lattice-best-path[5.5.569~1-6f329]:main():lattice-best-path.cc:99) For utterance pp17-domotica3_command215, best cost 125.554 + -251.623 = -126.068 over 130 frames.
pp17-domotica3_command215 al op een licht in de keuken aan 
LOG (lattice-best-path[5.5.569~1-6f329]:main():lattice-best-path.cc:99) For utterance pp17-domotica3_command216, best cost 111.663 + -202.154 = -90.4915 over 121 frames.
pp17-domotica3_command216 achterdeur naar lamp op aan 
LOG (lattice-best-path[5.5.569~1-6f329]:main():lattice-best-path.cc:99) For utterance pp17-domotica3_command217, best cost 121.607 + -268.277 = -146.67 over 143 frames.
pp17-domotica3_command217 al rolluiken slaapkamer neer 
LOG (lattice-best-path[5.5.569~1-6f329]:main():lattice-best-path.cc:99) For utterance pp17-domotica3_command218, best cost 120.795 + -267.659 = -146.865 over 138 frames.
pp17-domotica3_command218 uit in rolluiken slaapkamer omhoog 
LOG (lattice-best-path[5.5.569~1-6f329]:main():lattice-best-path.cc:99) For utterance pp17-domotica3_command219, best cost 160.938 + -394.319 = -233.381 over 200 frames.
pp17-domotica3_command219 al rolluik achterdeur naar beneden 
LOG (lattice-best-path[5.5.569~1-6f329]:main():lattice-best-path.cc:99) For utterance pp17-domotica3_command22, best cost 121.661 + -285.174 = -163.513 over 140 frames.
pp17-domotica3_command22 uit in staande lamp op twee 
LOG (lattice-best-path[5.5.569~1-6f329]:main():lattice-best-path.cc:99) For utterance pp17-domotica3_command221, best cost 99.9509 + -209.904 = -109.953 over 112 frames.
pp17-domotica3_command221 uit in rolluiken neer 
LOG (lattice-best-path[5.5.569~1-6f329]:main():lattice-best-path.cc:99) For utterance pp17-domotica3_command222, best cost 112.801 + -249.436 = -136.636 over 125 frames.
pp17-domotica3_command222 uit in rolluiken omhoog in living 
LOG (lattice-best-path[5.5.569~1-6f329]:main():lattice-best-path.cc:99) For utterance pp17-domotica3_command223, best cost 117.949 + -264.285 = -146.336 over 133 frames.
pp17-domotica3_command223 uit in deur slaapkamer dicht 
LOG (lattice-best-path[5.5.569~1-6f329]:main():lattice-best-path.cc:99) For utterance pp17-domotica3_command224, best cost 112.06 + -269.582 = -157.522 over 128 frames.
pp17-domotica3_command224 uit in de slaapkamer open 
LOG (lattice-best-path[5.5.569~1-6f329]:main():lattice-best-path.cc:99) For utterance pp17-domotica3_command225, best cost 123.489 + -283.536 = -160.046 over 142 frames.
pp17-domotica3_command225 uit in licht aan slaapkamer 
LOG (lattice-best-path[5.5.569~1-6f329]:main():lattice-best-path.cc:99) For utterance pp17-domotica3_command226, best cost 135.997 + -300.958 = -164.961 over 156 frames.
pp17-domotica3_command226 uit in licht uit in slaapkamer 
LOG (lattice-best-path[5.5.569~1-6f329]:main():lattice-best-path.cc:99) For utterance pp17-domotica3_command227, best cost 116.503 + -264.992 = -148.489 over 123 frames.
pp17-domotica3_command227 al de in staande lamp op een 
LOG (lattice-best-path[5.5.569~1-6f329]:main():lattice-best-path.cc:99) For utterance pp17-domotica3_command228, best cost 98.0937 + -225.048 = -126.954 over 106 frames.
pp17-domotica3_command228 uit in staande lamp op twee 
LOG (lattice-best-path[5.5.569~1-6f329]:main():lattice-best-path.cc:99) For utterance pp17-domotica3_command229, best cost 102.253 + -220.998 = -118.746 over 112 frames.
pp17-domotica3_command229 uit in staande lamp op drie 
LOG (lattice-best-path[5.5.569~1-6f329]:main():lattice-best-path.cc:99) For utterance pp17-domotica3_command23, best cost 119.581 + -274.065 = -154.484 over 137 frames.
pp17-domotica3_command23 uit in staande lamp op drie 
LOG (lattice-best-path[5.5.569~1-6f329]:main():lattice-best-path.cc:99) For utterance pp17-domotica3_command230, best cost 131.661 + -321.869 = -190.207 over 155 frames.
pp17-domotica3_command230 al thermostaat chauffage op eenentwintig 
LOG (lattice-best-path[5.5.569~1-6f329]:main():lattice-best-path.cc:99) For utterance pp17-domotica3_command231, best cost 85.735 + -190.937 = -105.202 over 103 frames.
pp17-domotica3_command231 in de voordeur toe 
LOG (lattice-best-path[5.5.569~1-6f329]:main():lattice-best-path.cc:99) For utterance pp17-domotica3_command232, best cost 100.458 + -233.906 = -133.448 over 115 frames.
pp17-domotica3_command232 al deur open 
LOG (lattice-best-path[5.5.569~1-6f329]:main():lattice-best-path.cc:99) For utterance pp17-domotica3_command233, best cost 112.934 + -240.524 = -127.59 over 123 frames.
pp17-domotica3_command233 al uit in de woonkamer licht aan 
LOG (lattice-best-path[5.5.569~1-6f329]:main():lattice-best-path.cc:99) For utterance pp17-domotica3_command234, best cost 134.71 + -314.238 = -179.528 over 161 frames.
pp17-domotica3_command234 al de lichten in de woonkamer en keuken uit 
LOG (lattice-best-path[5.5.569~1-6f329]:main():lattice-best-path.cc:99) For utterance pp17-domotica3_command236, best cost 106.274 + -257.616 = -151.342 over 131 frames.
pp17-domotica3_command236 deur dicht van badkamer 
LOG (lattice-best-path[5.5.569~1-6f329]:main():lattice-best-path.cc:99) For utterance pp17-domotica3_command237, best cost 134.315 + -339.497 = -205.182 over 159 frames.
pp17-domotica3_command237 uit in deur badkamer open 
LOG (lattice-best-path[5.5.569~1-6f329]:main():lattice-best-path.cc:99) For utterance pp17-domotica3_command239, best cost 133.598 + -316.112 = -182.514 over 145 frames.
pp17-domotica3_command239 al in licht in de badkamer aan 
LOG (lattice-best-path[5.5.569~1-6f329]:main():lattice-best-path.cc:99) For utterance pp17-domotica3_command24, best cost 156.139 + -356.663 = -200.524 over 176 frames.
pp17-domotica3_command24 al uit in thermostaat chauffage op eenentwintig 
LOG (lattice-best-path[5.5.569~1-6f329]:main():lattice-best-path.cc:99) For utterance pp17-domotica3_command240, best cost 120.172 + -297.697 = -177.525 over 138 frames.
pp17-domotica3_command240 uit in hoofdeinde op stand een 
LOG (lattice-best-path[5.5.569~1-6f329]:main():lattice-best-path.cc:99) For utterance pp17-domotica3_command241, best cost 109.198 + -273.903 = -164.705 over 126 frames.
pp17-domotica3_command241 in hoofdeinde op stand twee 
LOG (lattice-best-path[5.5.569~1-6f329]:main():lattice-best-path.cc:99) For utterance pp17-domotica3_command242, best cost 117.424 + -273.614 = -156.19 over 122 frames.
pp17-domotica3_command242 al uit in hoofdeinde op stand drie 
LOG (lattice-best-path[5.5.569~1-6f329]:main():lattice-best-path.cc:99) For utterance pp17-domotica3_command243, best cost 99.7453 + -229.384 = -129.639 over 119 frames.
pp17-domotica3_command243 licht in de keuken aan 
LOG (lattice-best-path[5.5.569~1-6f329]:main():lattice-best-path.cc:99) For utterance pp17-domotica3_command244, best cost 137.928 + -295.413 = -157.485 over 160 frames.
pp17-domotica3_command244 al lamp op aan 
LOG (lattice-best-path[5.5.569~1-6f329]:main():lattice-best-path.cc:99) For utterance pp17-domotica3_command245, best cost 112.571 + -259.381 = -146.809 over 142 frames.
pp17-domotica3_command245 rolluiken slaapkamer neer 
LOG (lattice-best-path[5.5.569~1-6f329]:main():lattice-best-path.cc:99) For utterance pp17-domotica3_command246, best cost 133.193 + -308.38 = -175.186 over 156 frames.
pp17-domotica3_command246 op een rolluiken slaapkamer omhoog 
LOG (lattice-best-path[5.5.569~1-6f329]:main():lattice-best-path.cc:99) For utterance pp17-domotica3_command247, best cost 121.429 + -304.886 = -183.457 over 143 frames.
pp17-domotica3_command247 al rolluik achterdeur naar beneden 
LOG (lattice-best-path[5.5.569~1-6f329]:main():lattice-best-path.cc:99) For utterance pp17-domotica3_command248, best cost 118.735 + -254.721 = -135.985 over 144 frames.
pp17-domotica3_command248 rolluik omhoog deur in living 
LOG (lattice-best-path[5.5.569~1-6f329]:main():lattice-best-path.cc:99) For utterance pp17-domotica3_command249, best cost 79.6587 + -145.409 = -65.7503 over 85 frames.
pp17-domotica3_command249 al rolluiken neer 
LOG (lattice-best-path[5.5.569~1-6f329]:main():lattice-best-path.cc:99) For utterance pp17-domotica3_command25, best cost 101.559 + -226.684 = -125.125 over 122 frames.
pp17-domotica3_command25 uit in de voordeur toe 
LOG (lattice-best-path[5.5.569~1-6f329]:main():lattice-best-path.cc:99) For utterance pp17-domotica3_command250, best cost 128.05 + -275.146 = -147.096 over 147 frames.
pp17-domotica3_command250 uit in rolluiken omhoog in living 
LOG (lattice-best-path[5.5.569~1-6f329]:main():lattice-best-path.cc:99) For utterance pp17-domotica3_command251, best cost 122.802 + -275.838 = -153.035 over 140 frames.
pp17-domotica3_command251 uit in deur slaapkamer dicht 
LOG (lattice-best-path[5.5.569~1-6f329]:main():lattice-best-path.cc:99) For utterance pp17-domotica3_command252, best cost 125.922 + -300.656 = -174.735 over 148 frames.
pp17-domotica3_command252 uit in de slaapkamer open 
LOG (lattice-best-path[5.5.569~1-6f329]:main():lattice-best-path.cc:99) For utterance pp17-domotica3_command253, best cost 119.116 + -305.161 = -186.045 over 150 frames.
pp17-domotica3_command253 licht aan slaapkamer 
LOG (lattice-best-path[5.5.569~1-6f329]:main():lattice-best-path.cc:99) For utterance pp17-domotica3_command254, best cost 140.182 + -314.874 = -174.692 over 150 frames.
pp17-domotica3_command254 al uit in licht uit in slaapkamer 
LOG (lattice-best-path[5.5.569~1-6f329]:main():lattice-best-path.cc:99) For utterance pp17-domotica3_command255, best cost 121.661 + -286.264 = -164.603 over 140 frames.
pp17-domotica3_command255 uit in staande lamp op een 
LOG (lattice-best-path[5.5.569~1-6f329]:main():lattice-best-path.cc:99) For utterance pp17-domotica3_command256, best cost 101.37 + -242.565 = -141.195 over 113 frames.
pp17-domotica3_command256 al staande lamp op twee 
LOG (lattice-best-path[5.5.569~1-6f329]:main():lattice-best-path.cc:99) For utterance pp17-domotica3_command257, best cost 100.092 + -214.301 = -114.209 over 109 frames.
pp17-domotica3_command257 op een staande lamp op drie 
LOG (lattice-best-path[5.5.569~1-6f329]:main():lattice-best-path.cc:99) For utterance pp17-domotica3_command258, best cost 126.809 + -280.357 = -153.547 over 148 frames.
pp17-domotica3_command258 al thermostaat chauffage op eenentwintig 
LOG (lattice-best-path[5.5.569~1-6f329]:main():lattice-best-path.cc:99) For utterance pp17-domotica3_command259, best cost 94.0317 + -208.83 = -114.798 over 113 frames.
pp17-domotica3_command259 al de voordeur toe 
LOG (lattice-best-path[5.5.569~1-6f329]:main():lattice-best-path.cc:99) For utterance pp17-domotica3_command26, best cost 112.457 + -235.341 = -122.884 over 118 frames.
pp17-domotica3_command26 al uit in deur open 
LOG (lattice-best-path[5.5.569~1-6f329]:main():lattice-best-path.cc:99) For utterance pp17-domotica3_command260, best cost 127.949 + -269.75 = -141.801 over 139 frames.
pp17-domotica3_command260 al de uit in deur open 
LOG (lattice-best-path[5.5.569~1-6f329]:main():lattice-best-path.cc:99) For utterance pp17-domotica3_command261, best cost 140.336 + -309.374 = -169.037 over 168 frames.
pp17-domotica3_command261 toe de woonkamer licht aan 
LOG (lattice-best-path[5.5.569~1-6f329]:main():lattice-best-path.cc:99) For utterance pp17-domotica3_command262, best cost 141.642 + -326.264 = -184.621 over 171 frames.
pp17-domotica3_command262 al de lichten in de woonkamer en keuken uit 
LOG (lattice-best-path[5.5.569~1-6f329]:main():lattice-best-path.cc:99) For utterance pp17-domotica3_command263, best cost 112.491 + -253.667 = -141.176 over 138 frames.
pp17-domotica3_command263 al de lichten uit 
LOG (lattice-best-path[5.5.569~1-6f329]:main():lattice-best-path.cc:99) For utterance pp17-domotica3_command264, best cost 120.164 + -280.612 = -160.448 over 139 frames.
pp17-domotica3_command264 al deur dicht van badkamer 
LOG (lattice-best-path[5.5.569~1-6f329]:main():lattice-best-path.cc:99) For utterance pp17-domotica3_command265, best cost 152.48 + -346.935 = -194.454 over 177 frames.
pp17-domotica3_command265 al in deur badkamer open 
LOG (lattice-best-path[5.5.569~1-6f329]:main():lattice-best-path.cc:99) For utterance pp17-domotica3_command266, best cost 126.741 + -295.994 = -169.253 over 151 frames.
pp17-domotica3_command266 al de lichten in de badkamer aan 
LOG (lattice-best-path[5.5.569~1-6f329]:main():lattice-best-path.cc:99) For utterance pp17-domotica3_command267, best cost 125.717 + -281.808 = -156.091 over 146 frames.
pp17-domotica3_command267 uit in hoofdeinde op stand een 
LOG (lattice-best-path[5.5.569~1-6f329]:main():lattice-best-path.cc:99) For utterance pp17-domotica3_command268, best cost 121.366 + -272.791 = -151.424 over 142 frames.
pp17-domotica3_command268 al hoofdeinde op stand twee 
LOG (lattice-best-path[5.5.569~1-6f329]:main():lattice-best-path.cc:99) For utterance pp17-domotica3_command269, best cost 123.637 + -281.807 = -158.171 over 143 frames.
pp17-domotica3_command269 uit in hoofdeinde op stand drie 
LOG (lattice-best-path[5.5.569~1-6f329]:main():lattice-best-path.cc:99) For utterance pp17-domotica3_command27, best cost 145.801 + -349.358 = -203.556 over 177 frames.
pp17-domotica3_command27 al de lichten in de woonkamer en keuken uit 
LOG (lattice-best-path[5.5.569~1-6f329]:main():lattice-best-path.cc:99) For utterance pp17-domotica3_command270, best cost 116.816 + -268.993 = -152.178 over 137 frames.
pp17-domotica3_command270 al de lichten in de keuken aan 
LOG (lattice-best-path[5.5.569~1-6f329]:main():lattice-best-path.cc:99) For utterance pp17-domotica3_command271, best cost 127.377 + -248.91 = -121.534 over 131 frames.
pp17-domotica3_command271 al in lamp keuken aan 
LOG (lattice-best-path[5.5.569~1-6f329]:main():lattice-best-path.cc:99) For utterance pp17-domotica3_command272, best cost 127.153 + -295.397 = -168.244 over 151 frames.
pp17-domotica3_command272 al rolluiken slaapkamer neer 
LOG (lattice-best-path[5.5.569~1-6f329]:main():lattice-best-path.cc:99) For utterance pp17-domotica3_command273, best cost 139.51 + -326.199 = -186.689 over 165 frames.
pp17-domotica3_command273 uit in rolluiken slaapkamer omhoog 
LOG (lattice-best-path[5.5.569~1-6f329]:main():lattice-best-path.cc:99) For utterance pp17-domotica3_command274, best cost 127.857 + -326.916 = -199.059 over 150 frames.
pp17-domotica3_command274 uit in rolluik achterdeur naar beneden 
LOG (lattice-best-path[5.5.569~1-6f329]:main():lattice-best-path.cc:99) For utterance pp17-domotica3_command275, best cost 137.809 + -300.314 = -162.505 over 149 frames.
pp17-domotica3_command275 al in rolluik omhoog deur in living 
LOG (lattice-best-path[5.5.569~1-6f329]:main():lattice-best-path.cc:99) For utterance pp17-domotica3_command276, best cost 146.265 + -314.434 = -168.169 over 170 frames.
pp17-domotica3_command276 al rolluik rolluiken neer 
LOG (lattice-best-path[5.5.569~1-6f329]:main():lattice-best-path.cc:99) For utterance pp17-domotica3_command277, best cost 129.246 + -282.68 = -153.433 over 151 frames.
pp17-domotica3_command277 al rolluiken omhoog in living 
LOG (lattice-best-path[5.5.569~1-6f329]:main():lattice-best-path.cc:99) For utterance pp17-domotica3_command278, best cost 114.961 + -262.24 = -147.279 over 143 frames.
pp17-domotica3_command278 deur slaapkamer dicht 
LOG (lattice-best-path[5.5.569~1-6f329]:main():lattice-best-path.cc:99) For utterance pp17-domotica3_command279, best cost 120.261 + -277.503 = -157.242 over 140 frames.
pp17-domotica3_command279 al deur slaapkamer open 
LOG (lattice-best-path[5.5.569~1-6f329]:main():lattice-best-path.cc:99) For utterance pp17-domotica3_command28, best cost 124.518 + -268.389 = -143.872 over 129 frames.
pp17-domotica3_command28 al uit in al de lichten uit 
LOG (lattice-best-path[5.5.569~1-6f329]:main():lattice-best-path.cc:99) For utterance pp17-domotica3_command280, best cost 133.005 + -311.62 = -178.615 over 158 frames.
pp17-domotica3_command280 al licht aan slaapkamer 
LOG (lattice-best-path[5.5.569~1-6f329]:main():lattice-best-path.cc:99) For utterance pp17-domotica3_command281, best cost 136.474 + -341.293 = -204.819 over 171 frames.
pp17-domotica3_command281 licht uit in slaapkamer 
LOG (lattice-best-path[5.5.569~1-6f329]:main():lattice-best-path.cc:99) For utterance pp17-domotica3_command282, best cost 109.878 + -249.608 = -139.73 over 123 frames.
pp17-domotica3_command282 uit in staande lamp op een 
LOG (lattice-best-path[5.5.569~1-6f329]:main():lattice-best-path.cc:99) For utterance pp17-domotica3_command283, best cost 109.687 + -249.972 = -140.284 over 125 frames.
pp17-domotica3_command283 al staande lamp op twee 
LOG (lattice-best-path[5.5.569~1-6f329]:main():lattice-best-path.cc:99) For utterance pp17-domotica3_command284, best cost 121.805 + -258.629 = -136.824 over 132 frames.
pp17-domotica3_command284 al in staande lamp op drie 
LOG (lattice-best-path[5.5.569~1-6f329]:main():lattice-best-path.cc:99) For utterance pp17-domotica3_command285, best cost 152.457 + -354.061 = -201.605 over 185 frames.
pp17-domotica3_command285 al thermostaat chauffage op eenentwintig 
LOG (lattice-best-path[5.5.569~1-6f329]:main():lattice-best-path.cc:99) For utterance pp17-domotica3_command286, best cost 114.18 + -246.561 = -132.381 over 132 frames.
pp17-domotica3_command286 al in de voordeur toe 
LOG (lattice-best-path[5.5.569~1-6f329]:main():lattice-best-path.cc:99) For utterance pp17-domotica3_command287, best cost 101.15 + -220.41 = -119.26 over 116 frames.
pp17-domotica3_command287 al deur open 
LOG (lattice-best-path[5.5.569~1-6f329]:main():lattice-best-path.cc:99) For utterance pp17-domotica3_command288, best cost 139.284 + -309.291 = -170.007 over 156 frames.
pp17-domotica3_command288 in en de woonkamer licht aan 
LOG (lattice-best-path[5.5.569~1-6f329]:main():lattice-best-path.cc:99) For utterance pp17-domotica3_command289, best cost 142.334 + -342.087 = -199.753 over 172 frames.
pp17-domotica3_command289 al de lichten in de woonkamer en keuken uit 
LOG (lattice-best-path[5.5.569~1-6f329]:main():lattice-best-path.cc:99) For utterance pp17-domotica3_command29, best cost 125.232 + -284.703 = -159.471 over 132 frames.
pp17-domotica3_command29 al uit in deur dicht van badkamer 
LOG (lattice-best-path[5.5.569~1-6f329]:main():lattice-best-path.cc:99) For utterance pp17-domotica3_command290, best cost 118.037 + -265.478 = -147.441 over 146 frames.
pp17-domotica3_command290 al de lichten uit 
LOG (lattice-best-path[5.5.569~1-6f329]:main():lattice-best-path.cc:99) For utterance pp17-domotica3_command291, best cost 131.947 + -302.389 = -170.442 over 156 frames.
pp17-domotica3_command291 al deur dicht van badkamer 
LOG (lattice-best-path[5.5.569~1-6f329]:main():lattice-best-path.cc:99) For utterance pp17-domotica3_command292, best cost 125.113 + -280.902 = -155.788 over 148 frames.
pp17-domotica3_command292 al deur badkamer open 
LOG (lattice-best-path[5.5.569~1-6f329]:main():lattice-best-path.cc:99) For utterance pp17-domotica3_command293, best cost 128.128 + -294.946 = -166.818 over 153 frames.
pp17-domotica3_command293 al de lichten in de badkamer aan 
LOG (lattice-best-path[5.5.569~1-6f329]:main():lattice-best-path.cc:99) For utterance pp17-domotica3_command294, best cost 128.875 + -266.908 = -138.032 over 141 frames.
pp17-domotica3_command294 al de in hoofdeinde op stand een 
LOG (lattice-best-path[5.5.569~1-6f329]:main():lattice-best-path.cc:99) For utterance pp17-domotica3_command295, best cost 116.848 + -259.076 = -142.228 over 125 frames.
pp17-domotica3_command295 al in hoofdeinde op stand twee 
LOG (lattice-best-path[5.5.569~1-6f329]:main():lattice-best-path.cc:99) For utterance pp17-domotica3_command296, best cost 132.34 + -293.134 = -160.794 over 146 frames.
pp17-domotica3_command296 al de in hoofdeinde op stand drie 
LOG (lattice-best-path[5.5.569~1-6f329]:main():lattice-best-path.cc:99) For utterance pp17-domotica3_command297, best cost 126.111 + -269.39 = -143.28 over 145 frames.
pp17-domotica3_command297 al licht in de keuken aan 
LOG (lattice-best-path[5.5.569~1-6f329]:main():lattice-best-path.cc:99) For utterance pp17-domotica3_command298, best cost 131.535 + -230.233 = -98.6975 over 137 frames.
pp17-domotica3_command298 al in lamp keuken aan 
LOG (lattice-best-path[5.5.569~1-6f329]:main():lattice-best-path.cc:99) For utterance pp17-domotica3_command299, best cost 137.191 + -297.915 = -160.724 over 155 frames.
pp17-domotica3_command299 al in rolluiken slaapkamer neer 
LOG (lattice-best-path[5.5.569~1-6f329]:main():lattice-best-path.cc:99) For utterance pp17-domotica3_command3, best cost 140.256 + -329.079 = -188.823 over 169 frames.
pp17-domotica3_command3 al de lichten in de woonkamer en keuken uit 
LOG (lattice-best-path[5.5.569~1-6f329]:main():lattice-best-path.cc:99) For utterance pp17-domotica3_command30, best cost 120.648 + -292.744 = -172.096 over 150 frames.
pp17-domotica3_command30 al de badkamer open 
LOG (lattice-best-path[5.5.569~1-6f329]:main():lattice-best-path.cc:99) For utterance pp17-domotica3_command300, best cost 117.114 + -267.95 = -150.836 over 147 frames.
pp17-domotica3_command300 rolluiken slaapkamer omhoog 
LOG (lattice-best-path[5.5.569~1-6f329]:main():lattice-best-path.cc:99) For utterance pp17-domotica3_command301, best cost 135.626 + -304.906 = -169.28 over 153 frames.
pp17-domotica3_command301 al in rolluik achterdeur naar beneden 
LOG (lattice-best-path[5.5.569~1-6f329]:main():lattice-best-path.cc:99) For utterance pp17-domotica3_command302, best cost 147.872 + -293.765 = -145.893 over 174 frames.
pp17-domotica3_command302 al rolluik omhoog deur in living 
LOG (lattice-best-path[5.5.569~1-6f329]:main():lattice-best-path.cc:99) For utterance pp17-domotica3_command303, best cost 105.28 + -220.057 = -114.777 over 134 frames.
pp17-domotica3_command303 rolluiken neer 
LOG (lattice-best-path[5.5.569~1-6f329]:main():lattice-best-path.cc:99) For utterance pp17-domotica3_command304, best cost 120.904 + -270.027 = -149.124 over 151 frames.
pp17-domotica3_command304 rolluiken omhoog in living 
LOG (lattice-best-path[5.5.569~1-6f329]:main():lattice-best-path.cc:99) For utterance pp17-domotica3_command305, best cost 131.814 + -297.749 = -165.935 over 153 frames.
pp17-domotica3_command305 uit in deur slaapkamer dicht 
LOG (lattice-best-path[5.5.569~1-6f329]:main():lattice-best-path.cc:99) For utterance pp17-domotica3_command306, best cost 125.806 + -292.531 = -166.726 over 148 frames.
pp17-domotica3_command306 al deur slaapkamer open 
LOG (lattice-best-path[5.5.569~1-6f329]:main():lattice-best-path.cc:99) For utterance pp17-domotica3_command307, best cost 114.983 + -241.584 = -126.601 over 132 frames.
pp17-domotica3_command307 al licht aan slaapkamer 
LOG (lattice-best-path[5.5.569~1-6f329]:main():lattice-best-path.cc:99) For utterance pp17-domotica3_command308, best cost 129.568 + -287.776 = -158.208 over 149 frames.
pp17-domotica3_command308 al licht uit in slaapkamer 
LOG (lattice-best-path[5.5.569~1-6f329]:main():lattice-best-path.cc:99) For utterance pp17-domotica3_command309, best cost 133.472 + -295.568 = -162.096 over 145 frames.
pp17-domotica3_command309 al uit in staande lamp op een 
LOG (lattice-best-path[5.5.569~1-6f329]:main():lattice-best-path.cc:99) For utterance pp17-domotica3_command31, best cost 119.117 + -273.404 = -154.287 over 140 frames.
pp17-domotica3_command31 al de lichten in de badkamer aan 
LOG (lattice-best-path[5.5.569~1-6f329]:main():lattice-best-path.cc:99) For utterance pp17-domotica3_command310, best cost 118.673 + -304.724 = -186.051 over 150 frames.
pp17-domotica3_command310 staande lamp op twee 
LOG (lattice-best-path[5.5.569~1-6f329]:main():lattice-best-path.cc:99) For utterance pp17-domotica3_command311, best cost 115.567 + -248.632 = -133.065 over 123 frames.
pp17-domotica3_command311 al in staande lamp op drie 
LOG (lattice-best-path[5.5.569~1-6f329]:main():lattice-best-path.cc:99) For utterance pp17-domotica3_command312, best cost 137.901 + -315.929 = -178.028 over 164 frames.
pp17-domotica3_command312 al thermostaat chauffage op eenentwintig 
LOG (lattice-best-path[5.5.569~1-6f329]:main():lattice-best-path.cc:99) For utterance pp17-domotica3_command313, best cost 101.559 + -230.312 = -128.753 over 122 frames.
pp17-domotica3_command313 uit in de voordeur toe 
LOG (lattice-best-path[5.5.569~1-6f329]:main():lattice-best-path.cc:99) For utterance pp17-domotica3_command314, best cost 100.457 + -210.605 = -110.148 over 115 frames.
pp17-domotica3_command314 al deur open 
LOG (lattice-best-path[5.5.569~1-6f329]:main():lattice-best-path.cc:99) For utterance pp17-domotica3_command315, best cost 118.549 + -272.445 = -153.895 over 145 frames.
pp17-domotica3_command315 al de woonkamer licht aan 
LOG (lattice-best-path[5.5.569~1-6f329]:main():lattice-best-path.cc:99) For utterance pp17-domotica3_command316, best cost 134.711 + -322.685 = -187.974 over 161 frames.
pp17-domotica3_command316 al de lichten in de woonkamer en keuken uit 
LOG (lattice-best-path[5.5.569~1-6f329]:main():lattice-best-path.cc:99) For utterance pp17-domotica3_command317, best cost 106.947 + -224.225 = -117.278 over 130 frames.
pp17-domotica3_command317 al de lichten uit 
LOG (lattice-best-path[5.5.569~1-6f329]:main():lattice-best-path.cc:99) For utterance pp17-domotica3_command318, best cost 118.777 + -262.512 = -143.735 over 137 frames.
pp17-domotica3_command318 al deur dicht van badkamer 
LOG (lattice-best-path[5.5.569~1-6f329]:main():lattice-best-path.cc:99) For utterance pp17-domotica3_command319, best cost 107.091 + -242.783 = -135.692 over 122 frames.
pp17-domotica3_command319 al deur badkamer open 
LOG (lattice-best-path[5.5.569~1-6f329]:main():lattice-best-path.cc:99) For utterance pp17-domotica3_command32, best cost 125.742 + -265.359 = -139.617 over 134 frames.
pp17-domotica3_command32 al uit in hoofdeinde op stand drie 
LOG (lattice-best-path[5.5.569~1-6f329]:main():lattice-best-path.cc:99) For utterance pp17-domotica3_command320, best cost 132.287 + -308.108 = -175.822 over 159 frames.
pp17-domotica3_command320 al de lichten in de badkamer aan 
LOG (lattice-best-path[5.5.569~1-6f329]:main():lattice-best-path.cc:99) For utterance pp17-domotica3_command321, best cost 122.945 + -282.594 = -159.65 over 142 frames.
pp17-domotica3_command321 uit in hoofdeinde op stand een 
LOG (lattice-best-path[5.5.569~1-6f329]:main():lattice-best-path.cc:99) For utterance pp17-domotica3_command322, best cost 118.235 + -266.956 = -148.721 over 127 frames.
pp17-domotica3_command322 al in hoofdeinde op stand twee 
LOG (lattice-best-path[5.5.569~1-6f329]:main():lattice-best-path.cc:99) For utterance pp17-domotica3_command323, best cost 112.546 + -236.354 = -123.807 over 127 frames.
pp17-domotica3_command323 uit in hoofdeinde op stand drie 
LOG (lattice-best-path[5.5.569~1-6f329]:main():lattice-best-path.cc:99) For utterance pp17-domotica3_command324, best cost 110.577 + -240.639 = -130.061 over 128 frames.
pp17-domotica3_command324 al de lichten in de keuken aan 
LOG (lattice-best-path[5.5.569~1-6f329]:main():lattice-best-path.cc:99) For utterance pp17-domotica3_command325, best cost 115.952 + -217.574 = -101.622 over 125 frames.
pp17-domotica3_command325 al lamp keuken aan 
LOG (lattice-best-path[5.5.569~1-6f329]:main():lattice-best-path.cc:99) For utterance pp17-domotica3_command326, best cost 109.799 + -261.402 = -151.603 over 138 frames.
pp17-domotica3_command326 rolluiken slaapkamer neer 
LOG (lattice-best-path[5.5.569~1-6f329]:main():lattice-best-path.cc:99) For utterance pp17-domotica3_command327, best cost 145.893 + -342.879 = -196.986 over 166 frames.
pp17-domotica3_command327 al in rolluiken slaapkamer omhoog 
LOG (lattice-best-path[5.5.569~1-6f329]:main():lattice-best-path.cc:99) For utterance pp17-domotica3_command328, best cost 125.588 + -298.105 = -172.518 over 149 frames.
pp17-domotica3_command328 al rolluik achterdeur naar beneden 
LOG (lattice-best-path[5.5.569~1-6f329]:main():lattice-best-path.cc:99) For utterance pp17-domotica3_command329, best cost 151.915 + -291.545 = -139.631 over 168 frames.
pp17-domotica3_command329 al de in rolluik omhoog deur in living 
LOG (lattice-best-path[5.5.569~1-6f329]:main():lattice-best-path.cc:99) For utterance pp17-domotica3_command33, best cost 116.757 + -263.41 = -146.654 over 134 frames.
pp17-domotica3_command33 al de hoofdeinde op stand twee 
LOG (lattice-best-path[5.5.569~1-6f329]:main():lattice-best-path.cc:99) For utterance pp17-domotica3_command330, best cost 116.397 + -252.995 = -136.599 over 138 frames.
pp17-domotica3_command330 al rolluiken neer 
LOG (lattice-best-path[5.5.569~1-6f329]:main():lattice-best-path.cc:99) For utterance pp17-domotica3_command331, best cost 127.167 + -275.351 = -148.184 over 148 frames.
pp17-domotica3_command331 al rolluiken omhoog in living 
LOG (lattice-best-path[5.5.569~1-6f329]:main():lattice-best-path.cc:99) For utterance pp17-domotica3_command332, best cost 137.359 + -303.388 = -166.029 over 161 frames.
pp17-domotica3_command332 uit in deur slaapkamer dicht 
LOG (lattice-best-path[5.5.569~1-6f329]:main():lattice-best-path.cc:99) For utterance pp17-domotica3_command333, best cost 125.325 + -268.87 = -143.545 over 149 frames.
pp17-domotica3_command333 al de slaapkamer open 
LOG (lattice-best-path[5.5.569~1-6f329]:main():lattice-best-path.cc:99) For utterance pp17-domotica3_command334, best cost 99.0654 + -193.363 = -94.2978 over 97 frames.
pp17-domotica3_command334 al een licht aan slaapkamer 
LOG (lattice-best-path[5.5.569~1-6f329]:main():lattice-best-path.cc:99) For utterance pp17-domotica3_command335, best cost 119.245 + -257.444 = -138.199 over 133 frames.
pp17-domotica3_command335 achterdeur naar licht uit in slaapkamer 
LOG (lattice-best-path[5.5.569~1-6f329]:main():lattice-best-path.cc:99) For utterance pp17-domotica3_command336, best cost 114.09 + -242.393 = -128.303 over 130 frames.
pp17-domotica3_command336 al de staande lamp op een 
LOG (lattice-best-path[5.5.569~1-6f329]:main():lattice-best-path.cc:99) For utterance pp17-domotica3_command337, best cost 112.009 + -261.063 = -149.053 over 127 frames.
pp17-domotica3_command337 al de staande lamp op twee 
LOG (lattice-best-path[5.5.569~1-6f329]:main():lattice-best-path.cc:99) For utterance pp17-domotica3_command338, best cost 110.957 + -234.456 = -123.499 over 115 frames.
pp17-domotica3_command338 al de in staande lamp op drie 
LOG (lattice-best-path[5.5.569~1-6f329]:main():lattice-best-path.cc:99) For utterance pp17-domotica3_command339, best cost 124.012 + -278.213 = -154.201 over 156 frames.
pp17-domotica3_command339 thermostaat chauffage op eenentwintig 
LOG (lattice-best-path[5.5.569~1-6f329]:main():lattice-best-path.cc:99) For utterance pp17-domotica3_command34, best cost 118.928 + -235.728 = -116.8 over 128 frames.
pp17-domotica3_command34 al in hoofdeinde op stand drie 
LOG (lattice-best-path[5.5.569~1-6f329]:main():lattice-best-path.cc:99) For utterance pp17-domotica3_command340, best cost 92.6665 + -205.39 = -112.723 over 113 frames.
pp17-domotica3_command340 in de voordeur toe 
LOG (lattice-best-path[5.5.569~1-6f329]:main():lattice-best-path.cc:99) For utterance pp17-domotica3_command341, best cost 105.893 + -217.656 = -111.763 over 114 frames.
pp17-domotica3_command341 al in de open 
LOG (lattice-best-path[5.5.569~1-6f329]:main():lattice-best-path.cc:99) For utterance pp17-domotica3_command342, best cost 147.295 + -323.093 = -175.798 over 166 frames.
pp17-domotica3_command342 al en de woonkamer licht aan 
LOG (lattice-best-path[5.5.569~1-6f329]:main():lattice-best-path.cc:99) For utterance pp17-domotica3_command343, best cost 140.949 + -324.536 = -183.587 over 170 frames.
pp17-domotica3_command343 al de lichten in de woonkamer en keuken uit 
LOG (lattice-best-path[5.5.569~1-6f329]:main():lattice-best-path.cc:99) For utterance pp17-domotica3_command344, best cost 111.675 + -244.981 = -133.305 over 136 frames.
pp17-domotica3_command344 licht in de lichten uit 
LOG (lattice-best-path[5.5.569~1-6f329]:main():lattice-best-path.cc:99) For utterance pp17-domotica3_command345, best cost 130.75 + -293.89 = -163.14 over 152 frames.
pp17-domotica3_command345 uit in deur dicht van badkamer 
LOG (lattice-best-path[5.5.569~1-6f329]:main():lattice-best-path.cc:99) For utterance pp17-domotica3_command346, best cost 124.997 + -276.17 = -151.174 over 136 frames.
pp17-domotica3_command346 al de in deur badkamer open 
LOG (lattice-best-path[5.5.569~1-6f329]:main():lattice-best-path.cc:99) For utterance pp17-domotica3_command347, best cost 117.885 + -243.497 = -125.611 over 135 frames.
pp17-domotica3_command347 al de lichten badkamer aan 
LOG (lattice-best-path[5.5.569~1-6f329]:main():lattice-best-path.cc:99) For utterance pp17-domotica3_command348, best cost 109.082 + -231.704 = -122.623 over 122 frames.
pp17-domotica3_command348 uit in hoofdeinde op stand een 
LOG (lattice-best-path[5.5.569~1-6f329]:main():lattice-best-path.cc:99) For utterance pp17-domotica3_command349, best cost 112.508 + -250.645 = -138.138 over 121 frames.
pp17-domotica3_command349 op in hoofdeinde op stand twee 
LOG (lattice-best-path[5.5.569~1-6f329]:main():lattice-best-path.cc:99) For utterance pp17-domotica3_command35, best cost 116.816 + -259.513 = -142.698 over 137 frames.
pp17-domotica3_command35 al de lichten in de keuken aan 
LOG (lattice-best-path[5.5.569~1-6f329]:main():lattice-best-path.cc:99) For utterance pp17-domotica3_command350, best cost 135.563 + -304.251 = -168.688 over 152 frames.
pp17-domotica3_command350 al in hoofdeinde op stand drie 
LOG (lattice-best-path[5.5.569~1-6f329]:main():lattice-best-path.cc:99) For utterance pp17-domotica3_command36, best cost 121.509 + -209.633 = -88.1242 over 122 frames.
pp17-domotica3_command36 al uit in lamp op aan 
LOG (lattice-best-path[5.5.569~1-6f329]:main():lattice-best-path.cc:99) For utterance pp17-domotica3_command37, best cost 140.539 + -313.297 = -172.757 over 156 frames.
pp17-domotica3_command37 al uit in rolluiken slaapkamer neer 
LOG (lattice-best-path[5.5.569~1-6f329]:main():lattice-best-path.cc:99) For utterance pp17-domotica3_command38, best cost 129.113 + -309.737 = -180.624 over 150 frames.
pp17-domotica3_command38 uit in rolluiken slaapkamer omhoog 
LOG (lattice-best-path[5.5.569~1-6f329]:main():lattice-best-path.cc:99) For utterance pp17-domotica3_command39, best cost 129.243 + -326.647 = -197.404 over 152 frames.
pp17-domotica3_command39 uit in rolluik achterdeur naar beneden 
LOG (lattice-best-path[5.5.569~1-6f329]:main():lattice-best-path.cc:99) For utterance pp17-domotica3_command4, best cost 144.644 + -304.627 = -159.984 over 146 frames.
pp17-domotica3_command4 al uit in al al de lichten uit 
LOG (lattice-best-path[5.5.569~1-6f329]:main():lattice-best-path.cc:99) For utterance pp17-domotica3_command40, best cost 138.861 + -309.294 = -170.432 over 161 frames.
pp17-domotica3_command40 al rolluik omhoog deur in living 
LOG (lattice-best-path[5.5.569~1-6f329]:main():lattice-best-path.cc:99) For utterance pp17-domotica3_command41, best cost 142.736 + -360.042 = -217.306 over 176 frames.
pp17-domotica3_command41 al rolluiken neer 
LOG (lattice-best-path[5.5.569~1-6f329]:main():lattice-best-path.cc:99) For utterance pp17-domotica3_command42, best cost 125.277 + -296.521 = -171.243 over 143 frames.
pp17-domotica3_command42 uit in rolluiken omhoog in living 
LOG (lattice-best-path[5.5.569~1-6f329]:main():lattice-best-path.cc:99) For utterance pp17-domotica3_command43, best cost 117.062 + -286.433 = -169.371 over 135 frames.
pp17-domotica3_command43 al licht aan slaapkamer 
LOG (lattice-best-path[5.5.569~1-6f329]:main():lattice-best-path.cc:99) For utterance pp17-domotica3_command44, best cost 128.182 + -308.87 = -180.688 over 147 frames.
pp17-domotica3_command44 al licht uit in slaapkamer 
LOG (lattice-best-path[5.5.569~1-6f329]:main():lattice-best-path.cc:99) For utterance pp17-domotica3_command45, best cost 112.652 + -256.899 = -144.247 over 127 frames.
pp17-domotica3_command45 uit in staande lamp op een 
LOG (lattice-best-path[5.5.569~1-6f329]:main():lattice-best-path.cc:99) For utterance pp17-domotica3_command46, best cost 122.381 + -289.92 = -167.539 over 129 frames.
pp17-domotica3_command46 al uit in staande lamp op twee 
LOG (lattice-best-path[5.5.569~1-6f329]:main():lattice-best-path.cc:99) For utterance pp17-domotica3_command47, best cost 104.359 + -231.969 = -127.61 over 103 frames.
pp17-domotica3_command47 al uit in staande lamp op drie 
LOG (lattice-best-path[5.5.569~1-6f329]:main():lattice-best-path.cc:99) For utterance pp17-domotica3_command48, best cost 138.09 + -333.775 = -195.686 over 162 frames.
pp17-domotica3_command48 uit in thermostaat chauffage op eenentwintig 
LOG (lattice-best-path[5.5.569~1-6f329]:main():lattice-best-path.cc:99) For utterance pp17-domotica3_command49, best cost 98.8837 + -241.516 = -142.632 over 120 frames.
pp17-domotica3_command49 al de voordeur toe 
LOG (lattice-best-path[5.5.569~1-6f329]:main():lattice-best-path.cc:99) For utterance pp17-domotica3_command5, best cost 126.645 + -307.786 = -181.141 over 147 frames.
pp17-domotica3_command5 al de deur dicht van badkamer 
LOG (lattice-best-path[5.5.569~1-6f329]:main():lattice-best-path.cc:99) For utterance pp17-domotica3_command50, best cost 104.95 + -233.944 = -128.993 over 111 frames.
pp17-domotica3_command50 al in deur open 
LOG (lattice-best-path[5.5.569~1-6f329]:main():lattice-best-path.cc:99) For utterance pp17-domotica3_command51, best cost 155.434 + -371.05 = -215.616 over 177 frames.
pp17-domotica3_command51 al uit in de lichten in de woonkamer en keuken uit 
LOG (lattice-best-path[5.5.569~1-6f329]:main():lattice-best-path.cc:99) For utterance pp17-domotica3_command52, best cost 127.29 + -286.021 = -158.731 over 133 frames.
pp17-domotica3_command52 al uit in al de lichten uit 
LOG (lattice-best-path[5.5.569~1-6f329]:main():lattice-best-path.cc:99) For utterance pp17-domotica3_command53, best cost 137.016 + -332.717 = -195.701 over 149 frames.
pp17-domotica3_command53 al uit in deur dicht van badkamer 
LOG (lattice-best-path[5.5.569~1-6f329]:main():lattice-best-path.cc:99) For utterance pp17-domotica3_command54, best cost 137.042 + -348.381 = -211.339 over 162 frames.
pp17-domotica3_command54 uit in de deur badkamer open 
LOG (lattice-best-path[5.5.569~1-6f329]:main():lattice-best-path.cc:99) For utterance pp17-domotica3_command55, best cost 118.326 + -292.27 = -173.944 over 137 frames.
pp17-domotica3_command55 uit in de lichten in de badkamer aan 
LOG (lattice-best-path[5.5.569~1-6f329]:main():lattice-best-path.cc:99) For utterance pp17-domotica3_command56, best cost 117.398 + -265.05 = -147.652 over 134 frames.
pp17-domotica3_command56 uit in hoofdeinde op stand drie 
LOG (lattice-best-path[5.5.569~1-6f329]:main():lattice-best-path.cc:99) For utterance pp17-domotica3_command57, best cost 120.197 + -274.628 = -154.431 over 126 frames.
pp17-domotica3_command57 al uit in hoofdeinde op stand twee 
LOG (lattice-best-path[5.5.569~1-6f329]:main():lattice-best-path.cc:99) For utterance pp17-domotica3_command58, best cost 123.637 + -258.697 = -135.06 over 143 frames.
pp17-domotica3_command58 uit in hoofdeinde op stand drie 
LOG (lattice-best-path[5.5.569~1-6f329]:main():lattice-best-path.cc:99) For utterance pp17-domotica3_command59, best cost 119.518 + -262.655 = -143.137 over 127 frames.
pp17-domotica3_command59 al uit in de lichten in de keuken aan 
LOG (lattice-best-path[5.5.569~1-6f329]:main():lattice-best-path.cc:99) For utterance pp17-domotica3_command6, best cost 130.876 + -300.433 = -169.556 over 142 frames.
pp17-domotica3_command6 al uit in deur badkamer open 
LOG (lattice-best-path[5.5.569~1-6f329]:main():lattice-best-path.cc:99) For utterance pp17-domotica3_command60, best cost 119.197 + -237.124 = -117.927 over 133 frames.
pp17-domotica3_command60 al lamp aan 
LOG (lattice-best-path[5.5.569~1-6f329]:main():lattice-best-path.cc:99) For utterance pp17-domotica3_command61, best cost 142.655 + -316.744 = -174.089 over 160 frames.
pp17-domotica3_command61 uit in rolluik rolluiken slaapkamer neer 
LOG (lattice-best-path[5.5.569~1-6f329]:main():lattice-best-path.cc:99) For utterance pp17-domotica3_command62, best cost 135.236 + -322.172 = -186.936 over 160 frames.
pp17-domotica3_command62 achterdeur naar rolluiken slaapkamer omhoog 
LOG (lattice-best-path[5.5.569~1-6f329]:main():lattice-best-path.cc:99) For utterance pp17-domotica3_command63, best cost 132.043 + -312.605 = -180.562 over 144 frames.
pp17-domotica3_command63 al uit in rolluik achterdeur naar beneden 
LOG (lattice-best-path[5.5.569~1-6f329]:main():lattice-best-path.cc:99) For utterance pp17-domotica3_command64, best cost 139.555 + -300.219 = -160.664 over 162 frames.
pp17-domotica3_command64 al rolluik omhoog deur in living 
LOG (lattice-best-path[5.5.569~1-6f329]:main():lattice-best-path.cc:99) For utterance pp17-domotica3_command65, best cost 127.821 + -282.495 = -154.674 over 144 frames.
pp17-domotica3_command65 al in rolluiken neer 
LOG (lattice-best-path[5.5.569~1-6f329]:main():lattice-best-path.cc:99) For utterance pp17-domotica3_command66, best cost 148.599 + -298.153 = -149.554 over 147 frames.
pp17-domotica3_command66 al uit in rolluiken omhoog en living 
LOG (lattice-best-path[5.5.569~1-6f329]:main():lattice-best-path.cc:99) For utterance pp17-domotica3_command67, best cost 133.194 + -328.155 = -194.96 over 156 frames.
pp17-domotica3_command67 uit in licht aan slaapkamer 
LOG (lattice-best-path[5.5.569~1-6f329]:main():lattice-best-path.cc:99) For utterance pp17-domotica3_command68, best cost 134.42 + -307.078 = -172.658 over 156 frames.
pp17-domotica3_command68 al licht uit in slaapkamer 
LOG (lattice-best-path[5.5.569~1-6f329]:main():lattice-best-path.cc:99) For utterance pp17-domotica3_command69, best cost 117.314 + -262.022 = -144.708 over 136 frames.
pp17-domotica3_command69 al staande lamp op een 
LOG (lattice-best-path[5.5.569~1-6f329]:main():lattice-best-path.cc:99) For utterance pp17-domotica3_command7, best cost 132.216 + -299.52 = -167.304 over 145 frames.
pp17-domotica3_command7 al uit in de lichten in de badkamer aan 
LOG (lattice-best-path[5.5.569~1-6f329]:main():lattice-best-path.cc:99) For utterance pp17-domotica3_command70, best cost 118.339 + -272.558 = -154.219 over 127 frames.
pp17-domotica3_command70 al in staande lamp op twee 
LOG (lattice-best-path[5.5.569~1-6f329]:main():lattice-best-path.cc:99) For utterance pp17-domotica3_command71, best cost 134.19 + -340.186 = -205.996 over 159 frames.
pp17-domotica3_command71 al de staande lamp op drie 
LOG (lattice-best-path[5.5.569~1-6f329]:main():lattice-best-path.cc:99) For utterance pp17-domotica3_command72, best cost 160.298 + -388.102 = -227.804 over 182 frames.
pp17-domotica3_command72 al uit in thermostaat chauffage op eenentwintig 
LOG (lattice-best-path[5.5.569~1-6f329]:main():lattice-best-path.cc:99) For utterance pp17-domotica3_command73, best cost 108.518 + -252.956 = -144.439 over 120 frames.
pp17-domotica3_command73 al uit in de voordeur toe 
LOG (lattice-best-path[5.5.569~1-6f329]:main():lattice-best-path.cc:99) For utterance pp17-domotica3_command74, best cost 103.472 + -224.743 = -121.271 over 118 frames.
pp17-domotica3_command74 al de deur open 
LOG (lattice-best-path[5.5.569~1-6f329]:main():lattice-best-path.cc:99) For utterance pp17-domotica3_command75, best cost 137.484 + -336.836 = -199.352 over 165 frames.
pp17-domotica3_command75 al de lichten in de woonkamer en keuken uit 
LOG (lattice-best-path[5.5.569~1-6f329]:main():lattice-best-path.cc:99) For utterance pp17-domotica3_command76, best cost 116.2 + -229.26 = -113.06 over 117 frames.
pp17-domotica3_command76 al uit in al de lichten uit 
LOG (lattice-best-path[5.5.569~1-6f329]:main():lattice-best-path.cc:99) For utterance pp17-domotica3_command77, best cost 134.269 + -318.657 = -184.388 over 158 frames.
pp17-domotica3_command77 al de deur dicht van badkamer 
LOG (lattice-best-path[5.5.569~1-6f329]:main():lattice-best-path.cc:99) For utterance pp17-domotica3_command78, best cost 135.035 + -312.508 = -177.473 over 148 frames.
pp17-domotica3_command78 al uit in deur badkamer open 
LOG (lattice-scale[5.5.569~1-6f329]:main():lattice-scale.cc:107) Done 347 lattices.
LOG (lattice-best-path[5.5.569~1-6f329]:main():lattice-best-path.cc:99) For utterance pp17-domotica3_command79, best cost 143.734 + -303.009 = -159.274 over 143 frames.
pp17-domotica3_command79 al uit in en lichten in de badkamer aan 
LOG (lattice-best-path[5.5.569~1-6f329]:main():lattice-best-path.cc:99) For utterance pp17-domotica3_command8, best cost 127.824 + -280.307 = -152.483 over 137 frames.
pp17-domotica3_command8 al uit in hoofdeinde op stand een 
LOG (lattice-best-path[5.5.569~1-6f329]:main():lattice-best-path.cc:99) For utterance pp17-domotica3_command80, best cost 129.903 + -297.481 = -167.578 over 140 frames.
pp17-domotica3_command80 al uit in hoofdeinde op stand een 
LOG (lattice-best-path[5.5.569~1-6f329]:main():lattice-best-path.cc:99) For utterance pp17-domotica3_command81, best cost 111.879 + -266.652 = -154.773 over 114 frames.
pp17-domotica3_command81 al uit in hoofdeinde op stand twee 
LOG (lattice-best-path[5.5.569~1-6f329]:main():lattice-best-path.cc:99) For utterance pp17-domotica3_command82, best cost 116.731 + -251.36 = -134.629 over 121 frames.
pp17-domotica3_command82 al uit in hoofdeinde op stand drie 
LOG (lattice-best-path[5.5.569~1-6f329]:main():lattice-best-path.cc:99) For utterance pp17-domotica3_command83, best cost 114.043 + -242.056 = -128.013 over 133 frames.
pp17-domotica3_command83 al de lichten in de keuken aan 
LOG (lattice-best-path[5.5.569~1-6f329]:main():lattice-best-path.cc:99) For utterance pp17-domotica3_command84, best cost 112.959 + -217.714 = -104.755 over 124 frames.
pp17-domotica3_command84 al lamp aan 
LOG (lattice-best-path[5.5.569~1-6f329]:main():lattice-best-path.cc:99) For utterance pp17-domotica3_command85, best cost 133.608 + -291.749 = -158.141 over 146 frames.
pp17-domotica3_command85 al uit in rolluiken slaapkamer neer 
LOG (lattice-best-path[5.5.569~1-6f329]:main():lattice-best-path.cc:99) For utterance pp17-domotica3_command86, best cost 126.225 + -279.785 = -153.561 over 147 frames.
pp17-domotica3_command86 achterdeur naar rolluiken slaapkamer omhoog 
LOG (lattice-best-path[5.5.569~1-6f329]:main():lattice-best-path.cc:99) For utterance pp17-domotica3_command87, best cost 159.075 + -373.607 = -214.532 over 183 frames.
pp17-domotica3_command87 al uit in rolluik achterdeur naar beneden 
LOG (lattice-best-path[5.5.569~1-6f329]:main():lattice-best-path.cc:99) For utterance pp17-domotica3_command88, best cost 141.158 + -288.721 = -147.563 over 150 frames.
pp17-domotica3_command88 al uit in rolluik omhoog deur in living 
LOG (lattice-add-penalty[5.5.569~1-6f329]:main():lattice-add-penalty.cc:62) Done adding word insertion penalty to 347 lattices.
LOG (lattice-best-path[5.5.569~1-6f329]:main():lattice-best-path.cc:99) For utterance pp17-domotica3_command89, best cost 115.919 + -226.578 = -110.659 over 123 frames.
pp17-domotica3_command89 al uit in rolluiken neer 
LOG (lattice-best-path[5.5.569~1-6f329]:main():lattice-best-path.cc:99) For utterance pp17-domotica3_command9, best cost 123.664 + -276.736 = -153.072 over 131 frames.
pp17-domotica3_command9 al uit in hoofdeinde op stand twee 
LOG (lattice-best-path[5.5.569~1-6f329]:main():lattice-best-path.cc:99) For utterance pp17-domotica3_command90, best cost 129.823 + -268.32 = -138.498 over 140 frames.
pp17-domotica3_command90 al de in rolluiken omhoog in living 
LOG (lattice-best-path[5.5.569~1-6f329]:main():lattice-best-path.cc:99) For utterance pp17-domotica3_command91, best cost 124.761 + -287.285 = -162.524 over 145 frames.
pp17-domotica3_command91 achterdeur naar licht aan slaapkamer 
LOG (lattice-best-path[5.5.569~1-6f329]:main():lattice-best-path.cc:99) For utterance pp17-domotica3_command92, best cost 124.79 + -274.297 = -149.506 over 141 frames.
pp17-domotica3_command92 achterdeur naar licht uit in slaapkamer 
LOG (lattice-best-path[5.5.569~1-6f329]:main():lattice-best-path.cc:99) For utterance pp17-domotica3_command93, best cost 123.742 + -270.144 = -146.402 over 143 frames.
pp17-domotica3_command93 uit in staande lamp op een 
LOG (lattice-best-path[5.5.569~1-6f329]:main():lattice-best-path.cc:99) For utterance pp17-domotica3_command94, best cost 118.006 + -269.204 = -151.198 over 137 frames.
pp17-domotica3_command94 achterdeur staande lamp op twee 
LOG (lattice-best-path[5.5.569~1-6f329]:main():lattice-best-path.cc:99) For utterance pp17-domotica3_command95, best cost 112.461 + -261.552 = -149.091 over 129 frames.
pp17-domotica3_command95 al staande lamp op drie 
LOG (lattice-best-path[5.5.569~1-6f329]:main():lattice-best-path.cc:99) For utterance pp17-domotica3_command96, best cost 148.298 + -346.464 = -198.166 over 179 frames.
pp17-domotica3_command96 al thermostaat chauffage op eenentwintig 
LOG (lattice-best-path[5.5.569~1-6f329]:main():lattice-best-path.cc:99) For utterance pp17-domotica3_command97, best cost 105.122 + -239.31 = -134.188 over 129 frames.
pp17-domotica3_command97 al de voordeur toe 
LOG (lattice-best-path[5.5.569~1-6f329]:main():lattice-best-path.cc:99) For utterance pp17-domotica3_command98, best cost 107.03 + -225.011 = -117.981 over 114 frames.
pp17-domotica3_command98 al in deur open 
LOG (lattice-best-path[5.5.569~1-6f329]:main():lattice-best-path.cc:99) For utterance pp17-domotica3_command99, best cost 143.721 + -331.168 = -187.448 over 174 frames.
pp17-domotica3_command99 al de lichten in de woonkamer en keuken uit 
LOG (lattice-best-path[5.5.569~1-6f329]:main():lattice-best-path.cc:124) Overall cost per frame is -1.08715 = 0.881055 [graph] + -1.96821 [acoustic] over 49121 frames.
LOG (lattice-best-path[5.5.569~1-6f329]:main():lattice-best-path.cc:128) Done 347 lattices, failed for 0
# Accounting: time=1 threads=1
# Ended (code 0) at Tue Mar 23 10:29:34 CET 2021, elapsed time 1 seconds
