# gunzip -c exp/percgncopas5k/chain_s/tdnn1k_sp/decode_test_5g_400k/depth_stats_tmp.*.gz | steps/diagnostic/analyze_lattice_depth_stats.py exp/percgncopas5k/chain_s/tree_sp/graph_5g_400k 
# Started at Tue Mar 23 10:36:55 CET 2021
#
The total amount of data analyzed assuming 100 frames per second is 0.1 hours
Overall, lattice depth (10,50,90-percentile)=(1,5,15) and mean=7.0
Phone SIL accounts for 55.3% of frames, with lattice depth (10,50,90-percentile)=(1,7,14) and mean=7.7
Nonsilence phones as a group account for 44.7% of frames, with lattice depth (10,50,90-percentile)=(1,3,16) and mean=6.1
Phone n_E accounts for 5.4% of frames, with lattice depth (10,50,90-percentile)=(1,4,20) and mean=8.0
Phone t_E accounts for 3.5% of frames, with lattice depth (10,50,90-percentile)=(1,4,17) and mean=7.2
Phone d_B accounts for 3.4% of frames, with lattice depth (10,50,90-percentile)=(1,4,16) and mean=6.7
Phone Y+_B accounts for 2.6% of frames, with lattice depth (10,50,90-percentile)=(2,8,19) and mean=9.2
Phone r_E accounts for 2.5% of frames, with lattice depth (10,50,90-percentile)=(1,3,9) and mean=4.5
Phone @_E accounts for 2.2% of frames, with lattice depth (10,50,90-percentile)=(1,3,11) and mean=5.6
Phone a_I accounts for 1.5% of frames, with lattice depth (10,50,90-percentile)=(1,2,12) and mean=4.4
Phone @_I accounts for 1.5% of frames, with lattice depth (10,50,90-percentile)=(1,2,10) and mean=4.0
Phone t_I accounts for 1.4% of frames, with lattice depth (10,50,90-percentile)=(1,1,6) and mean=2.9
Phone n_I accounts for 1.3% of frames, with lattice depth (10,50,90-percentile)=(1,1,5) and mean=2.0
Phone I_B accounts for 1.1% of frames, with lattice depth (10,50,90-percentile)=(1,9,21) and mean=10.6
Phone k_I accounts for 1.0% of frames, with lattice depth (10,50,90-percentile)=(1,2,10) and mean=4.4
Phone o_I accounts for 1.0% of frames, with lattice depth (10,50,90-percentile)=(1,2,8) and mean=4.1
Phone I_I accounts for 1.0% of frames, with lattice depth (10,50,90-percentile)=(1,2,18) and mean=6.2
Phone l_I accounts for 0.8% of frames, with lattice depth (10,50,90-percentile)=(2,8,27) and mean=11.5
Phone p_I accounts for 0.8% of frames, with lattice depth (10,50,90-percentile)=(1,3,16) and mean=6.4
Phone A_B accounts for 0.8% of frames, with lattice depth (10,50,90-percentile)=(1,9,23) and mean=11.1
Phone f_I accounts for 0.7% of frames, with lattice depth (10,50,90-percentile)=(1,2,9) and mean=4.1
Phone o_B accounts for 0.7% of frames, with lattice depth (10,50,90-percentile)=(1,3,15) and mean=6.0
Phone m_I accounts for 0.7% of frames, with lattice depth (10,50,90-percentile)=(1,2,8) and mean=3.7
Phone E+_I accounts for 0.7% of frames, with lattice depth (10,50,90-percentile)=(1,1,7) and mean=2.5
Phone p_E accounts for 0.6% of frames, with lattice depth (10,50,90-percentile)=(1,1,1) and mean=1.3
Phone 2_I accounts for 0.6% of frames, with lattice depth (10,50,90-percentile)=(1,3,9) and mean=5.0
Phone h_B accounts for 0.6% of frames, with lattice depth (10,50,90-percentile)=(1,4,17) and mean=6.7
Phone x_I accounts for 0.6% of frames, with lattice depth (10,50,90-percentile)=(1,4,23) and mean=9.0
Phone e_E accounts for 0.6% of frames, with lattice depth (10,50,90-percentile)=(1,2,8) and mean=3.0
Phone k_B accounts for 0.6% of frames, with lattice depth (10,50,90-percentile)=(1,1,3) and mean=1.5
Phone a_B accounts for 0.5% of frames, with lattice depth (10,50,90-percentile)=(1,2,11) and mean=4.8
Phone E_B accounts for 0.5% of frames, with lattice depth (10,50,90-percentile)=(3,13,21) and mean=11.9
Phone A_I accounts for 0.5% of frames, with lattice depth (10,50,90-percentile)=(1,1,7) and mean=3.3
# Accounting: time=0 threads=1
# Ended (code 0) at Tue Mar 23 10:36:55 CET 2021, elapsed time 0 seconds
