# gunzip -c exp/percgncopas5k/chain_s/tdnn1k_sp/decode_test_5g_400k/depth_stats_tmp.*.gz | steps/diagnostic/analyze_lattice_depth_stats.py exp/percgncopas5k/chain_s/tree_sp/graph_5g_400k 
# Started at Tue Mar 23 10:11:45 CET 2021
#
The total amount of data analyzed assuming 100 frames per second is 0.1 hours
Overall, lattice depth (10,50,90-percentile)=(3,18,68) and mean=30.8
Phone SIL accounts for 69.0% of frames, with lattice depth (10,50,90-percentile)=(4,18,70) and mean=32.2
Nonsilence phones as a group account for 31.0% of frames, with lattice depth (10,50,90-percentile)=(3,17,60) and mean=27.8
Phone l_E accounts for 2.3% of frames, with lattice depth (10,50,90-percentile)=(8,27,56) and mean=29.8
Phone n_E accounts for 2.1% of frames, with lattice depth (10,50,90-percentile)=(2,23,84) and mean=44.1
Phone d_B accounts for 1.8% of frames, with lattice depth (10,50,90-percentile)=(4,25,76) and mean=36.4
Phone a_I accounts for 1.6% of frames, with lattice depth (10,50,90-percentile)=(2,12,38) and mean=18.6
Phone Y+_B accounts for 1.5% of frames, with lattice depth (10,50,90-percentile)=(4,18,50) and mean=24.5
Phone t_I accounts for 1.3% of frames, with lattice depth (10,50,90-percentile)=(3,12,38) and mean=19.1
Phone A_B accounts for 1.2% of frames, with lattice depth (10,50,90-percentile)=(3,10,36) and mean=15.2
Phone l_B accounts for 1.2% of frames, with lattice depth (10,50,90-percentile)=(2,24,71) and mean=41.0
Phone @_E accounts for 1.2% of frames, with lattice depth (10,50,90-percentile)=(3,20,71) and mean=37.3
Phone t_E accounts for 1.0% of frames, with lattice depth (10,50,90-percentile)=(5,25,67) and mean=34.6
Phone O_B accounts for 0.9% of frames, with lattice depth (10,50,90-percentile)=(3,17,59) and mean=26.5
Phone s_B accounts for 0.9% of frames, with lattice depth (10,50,90-percentile)=(5,15,43) and mean=22.3
Phone I_B accounts for 0.8% of frames, with lattice depth (10,50,90-percentile)=(5,29,83) and mean=49.2
Phone r_E accounts for 0.8% of frames, with lattice depth (10,50,90-percentile)=(1,13,66) and mean=24.3
Phone k_I accounts for 0.8% of frames, with lattice depth (10,50,90-percentile)=(4,15,58) and mean=23.9
Phone e_I accounts for 0.7% of frames, with lattice depth (10,50,90-percentile)=(1,7,50) and mean=18.4
Phone p_E accounts for 0.7% of frames, with lattice depth (10,50,90-percentile)=(2,12,60) and mean=23.2
Phone m_I accounts for 0.7% of frames, with lattice depth (10,50,90-percentile)=(1,14,59) and mean=24.1
Phone @_I accounts for 0.7% of frames, with lattice depth (10,50,90-percentile)=(2,6,44) and mean=20.1
Phone A_I accounts for 0.7% of frames, with lattice depth (10,50,90-percentile)=(1,8,32) and mean=14.7
Phone p_I accounts for 0.6% of frames, with lattice depth (10,50,90-percentile)=(2,12,32) and mean=16.3
Phone Y+_I accounts for 0.6% of frames, with lattice depth (10,50,90-percentile)=(8,30,90) and mean=41.6
Phone n_I accounts for 0.5% of frames, with lattice depth (10,50,90-percentile)=(2,8,48) and mean=16.6
# Accounting: time=0 threads=1
# Ended (code 0) at Tue Mar 23 10:11:45 CET 2021, elapsed time 0 seconds
