# gunzip -c exp/percgncopas5k/chain_s/tdnn1k_sp/decode_test_5g_400k/depth_stats_tmp.*.gz | steps/diagnostic/analyze_lattice_depth_stats.py exp/percgncopas5k/chain_s/tree_sp/graph_5g_400k 
# Started at Tue Mar 23 10:15:27 CET 2021
#
The total amount of data analyzed assuming 100 frames per second is 0.1 hours
Overall, lattice depth (10,50,90-percentile)=(1,3,21) and mean=8.1
Phone SIL accounts for 55.2% of frames, with lattice depth (10,50,90-percentile)=(1,3,19) and mean=7.3
Nonsilence phones as a group account for 44.8% of frames, with lattice depth (10,50,90-percentile)=(1,3,22) and mean=9.2
Phone n_E accounts for 3.9% of frames, with lattice depth (10,50,90-percentile)=(1,8,29) and mean=12.8
Phone @_E accounts for 3.3% of frames, with lattice depth (10,50,90-percentile)=(1,9,29) and mean=12.4
Phone d_B accounts for 3.1% of frames, with lattice depth (10,50,90-percentile)=(2,11,35) and mean=17.4
Phone t_E accounts for 2.8% of frames, with lattice depth (10,50,90-percentile)=(1,3,26) and mean=10.3
Phone r_E accounts for 2.0% of frames, with lattice depth (10,50,90-percentile)=(1,3,22) and mean=10.0
Phone A_B accounts for 2.0% of frames, with lattice depth (10,50,90-percentile)=(1,2,5) and mean=3.3
Phone l_I accounts for 1.9% of frames, with lattice depth (10,50,90-percentile)=(1,3,20) and mean=7.9
Phone a_I accounts for 1.8% of frames, with lattice depth (10,50,90-percentile)=(1,2,5) and mean=3.4
Phone s_B accounts for 1.6% of frames, with lattice depth (10,50,90-percentile)=(1,2,7) and mean=3.7
Phone t_I accounts for 1.3% of frames, with lattice depth (10,50,90-percentile)=(1,5,18) and mean=8.2
Phone I_B accounts for 1.2% of frames, with lattice depth (10,50,90-percentile)=(1,7,30) and mean=12.1
Phone n_I accounts for 1.2% of frames, with lattice depth (10,50,90-percentile)=(1,2,14) and mean=5.4
Phone Y+_B accounts for 1.1% of frames, with lattice depth (10,50,90-percentile)=(1,3,16) and mean=6.3
Phone @_I accounts for 1.0% of frames, with lattice depth (10,50,90-percentile)=(1,2,17) and mean=5.4
Phone o_I accounts for 1.0% of frames, with lattice depth (10,50,90-percentile)=(1,5,18) and mean=7.6
Phone k_I accounts for 0.9% of frames, with lattice depth (10,50,90-percentile)=(1,2,12) and mean=5.6
Phone x_I accounts for 0.9% of frames, with lattice depth (10,50,90-percentile)=(1,3,27) and mean=12.7
Phone I_I accounts for 0.9% of frames, with lattice depth (10,50,90-percentile)=(1,3,27) and mean=10.1
Phone m_I accounts for 0.8% of frames, with lattice depth (10,50,90-percentile)=(1,2,5) and mean=4.3
Phone E+_I accounts for 0.8% of frames, with lattice depth (10,50,90-percentile)=(5,11,21) and mean=12.8
Phone l_B accounts for 0.8% of frames, with lattice depth (10,50,90-percentile)=(1,8,36) and mean=19.1
Phone w_B accounts for 0.7% of frames, with lattice depth (10,50,90-percentile)=(1,8,26) and mean=11.1
Phone p_I accounts for 0.7% of frames, with lattice depth (10,50,90-percentile)=(1,2,16) and mean=5.8
Phone u_E accounts for 0.6% of frames, with lattice depth (10,50,90-percentile)=(3,8,32) and mean=12.4
Phone e_E accounts for 0.6% of frames, with lattice depth (10,50,90-percentile)=(1,2,11) and mean=5.0
Phone f_I accounts for 0.6% of frames, with lattice depth (10,50,90-percentile)=(7,11,21) and mean=13.5
Phone O_B accounts for 0.5% of frames, with lattice depth (10,50,90-percentile)=(1,1,3) and mean=1.9
Phone o_B accounts for 0.5% of frames, with lattice depth (10,50,90-percentile)=(1,3,20) and mean=8.2
# Accounting: time=0 threads=1
# Ended (code 0) at Tue Mar 23 10:15:27 CET 2021, elapsed time 0 seconds
