# lattice-scale --inv-acoustic-scale=9 "ark:gunzip -c exp/percgncopas5k/chain_s/tdnn1k_sp/decode_test_5g_400k/lat.*.gz|" ark:- | lattice-add-penalty --word-ins-penalty=0.0 ark:- ark:- | lattice-best-path --word-symbol-table=exp/percgncopas5k/chain_s/tree_sp/graph_5g_400k/words.txt ark:- ark,t:exp/percgncopas5k/chain_s/tdnn1k_sp/decode_test_5g_400k/scoring/9.tra 
# Started at Tue Mar 23 09:58:53 CET 2021
#
lattice-add-penalty --word-ins-penalty=0.0 ark:- ark:- 
lattice-scale --inv-acoustic-scale=9 'ark:gunzip -c exp/percgncopas5k/chain_s/tdnn1k_sp/decode_test_5g_400k/lat.*.gz|' ark:- 
lattice-best-path --word-symbol-table=exp/percgncopas5k/chain_s/tree_sp/graph_5g_400k/words.txt ark:- ark,t:exp/percgncopas5k/chain_s/tdnn1k_sp/decode_test_5g_400k/scoring/9.tra 
LOG (lattice-best-path[5.5.569~1-6f329]:main():lattice-best-path.cc:99) For utterance pp41-domotica3_command1, best cost 188.533 + -480.266 = -291.734 over 255 frames.
pp41-domotica3_command1 op drie 
LOG (lattice-best-path[5.5.569~1-6f329]:main():lattice-best-path.cc:99) For utterance pp41-domotica3_command100, best cost 221.008 + -623.299 = -402.291 over 287 frames.
pp41-domotica3_command100 uit in de op een 
LOG (lattice-best-path[5.5.569~1-6f329]:main():lattice-best-path.cc:99) For utterance pp41-domotica3_command101, best cost 251.087 + -747.477 = -496.39 over 334 frames.
pp41-domotica3_command101 uit op stand drie 
LOG (lattice-best-path[5.5.569~1-6f329]:main():lattice-best-path.cc:99) For utterance pp41-domotica3_command102, best cost 257.713 + -771.896 = -514.183 over 351 frames.
pp41-domotica3_command102 steek het lampje aan 
LOG (lattice-best-path[5.5.569~1-6f329]:main():lattice-best-path.cc:99) For utterance pp41-domotica3_command103, best cost 304.403 + -865.02 = -560.617 over 415 frames.
pp41-domotica3_command103 rolluiken van de slaapkamer dicht 
LOG (lattice-best-path[5.5.569~1-6f329]:main():lattice-best-path.cc:99) For utterance pp41-domotica3_command104, best cost 292.415 + -799.606 = -507.191 over 395 frames.
pp41-domotica3_command104 uit slaapkamer open 
LOG (lattice-best-path[5.5.569~1-6f329]:main():lattice-best-path.cc:99) For utterance pp41-domotica3_command105, best cost 263.142 + -711.74 = -448.598 over 355 frames.
pp41-domotica3_command105 doe het licht 
LOG (lattice-best-path[5.5.569~1-6f329]:main():lattice-best-path.cc:99) For utterance pp41-domotica3_command106, best cost 290.724 + -830.02 = -539.296 over 392 frames.
pp41-domotica3_command106 rolluik van de open 
LOG (lattice-best-path[5.5.569~1-6f329]:main():lattice-best-path.cc:99) For utterance pp41-domotica3_command107, best cost 191.939 + -547.762 = -355.823 over 253 frames.
pp41-domotica3_command107 uit dicht 
LOG (lattice-best-path[5.5.569~1-6f329]:main():lattice-best-path.cc:99) For utterance pp41-domotica3_command108, best cost 318.762 + -864.772 = -546.01 over 421 frames.
pp41-domotica3_command108 uit rolluik woonkamer omhoog 
LOG (lattice-best-path[5.5.569~1-6f329]:main():lattice-best-path.cc:99) For utterance pp41-domotica3_command109, best cost 266.001 + -777.047 = -511.046 over 363 frames.
pp41-domotica3_command109 steek het licht aan 
LOG (lattice-best-path[5.5.569~1-6f329]:main():lattice-best-path.cc:99) For utterance pp41-domotica3_command11, best cost 293.678 + -848.318 = -554.64 over 407 frames.
pp41-domotica3_command11 gordijnen dicht 
LOG (lattice-best-path[5.5.569~1-6f329]:main():lattice-best-path.cc:99) For utterance pp41-domotica3_command110, best cost 280.049 + -841.746 = -561.697 over 385 frames.
pp41-domotica3_command110 het licht aan 
LOG (lattice-best-path[5.5.569~1-6f329]:main():lattice-best-path.cc:99) For utterance pp41-domotica3_command111, best cost 204.475 + -622.225 = -417.75 over 278 frames.
pp41-domotica3_command111 op een 
LOG (lattice-best-path[5.5.569~1-6f329]:main():lattice-best-path.cc:99) For utterance pp41-domotica3_command112, best cost 198.587 + -542.828 = -344.241 over 256 frames.
pp41-domotica3_command112 uit staande lamp op een 
LOG (lattice-best-path[5.5.569~1-6f329]:main():lattice-best-path.cc:99) For utterance pp41-domotica3_command113, best cost 222.617 + -614.425 = -391.808 over 280 frames.
pp41-domotica3_command113 uit in graden op drie 
LOG (lattice-best-path[5.5.569~1-6f329]:main():lattice-best-path.cc:99) For utterance pp41-domotica3_command114, best cost 278.6 + -721.567 = -442.967 over 355 frames.
pp41-domotica3_command114 ik wil woonkamer graden in de woonkamer 
LOG (lattice-best-path[5.5.569~1-6f329]:main():lattice-best-path.cc:99) For utterance pp41-domotica3_command115, best cost 184.379 + -512.208 = -327.829 over 249 frames.
pp41-domotica3_command115 voordeur sluiten 
LOG (lattice-best-path[5.5.569~1-6f329]:main():lattice-best-path.cc:99) For utterance pp41-domotica3_command116, best cost 176.899 + -477.67 = -300.771 over 245 frames.
pp41-domotica3_command116 
LOG (lattice-best-path[5.5.569~1-6f329]:main():lattice-best-path.cc:99) For utterance pp41-domotica3_command117, best cost 250.844 + -707.068 = -456.224 over 328 frames.
pp41-domotica3_command117 uit in de alle lichten uit 
LOG (lattice-best-path[5.5.569~1-6f329]:main():lattice-best-path.cc:99) For utterance pp41-domotica3_command118, best cost 228.792 + -657.91 = -429.119 over 309 frames.
pp41-domotica3_command118 het licht 
LOG (lattice-best-path[5.5.569~1-6f329]:main():lattice-best-path.cc:99) For utterance pp41-domotica3_command119, best cost 244.991 + -679.173 = -434.182 over 318 frames.
pp41-domotica3_command119 alle deur van de badkamer open 
LOG (lattice-best-path[5.5.569~1-6f329]:main():lattice-best-path.cc:99) For utterance pp41-domotica3_command12, best cost 279.734 + -752.677 = -472.942 over 369 frames.
pp41-domotica3_command12 uit woonkamer open 
LOG (lattice-best-path[5.5.569~1-6f329]:main():lattice-best-path.cc:99) For utterance pp41-domotica3_command120, best cost 278.767 + -831.281 = -552.515 over 362 frames.
pp41-domotica3_command120 uit in steek het licht van de badkamer aan 
LOG (lattice-best-path[5.5.569~1-6f329]:main():lattice-best-path.cc:99) For utterance pp41-domotica3_command121, best cost 230.072 + -663.077 = -433.005 over 313 frames.
pp41-domotica3_command121 hoofdeinde op een 
LOG (lattice-best-path[5.5.569~1-6f329]:main():lattice-best-path.cc:99) For utterance pp41-domotica3_command122, best cost 231.113 + -655.137 = -424.024 over 304 frames.
pp41-domotica3_command122 uit lamp op een 
LOG (lattice-best-path[5.5.569~1-6f329]:main():lattice-best-path.cc:99) For utterance pp41-domotica3_command123, best cost 216.186 + -614.133 = -397.947 over 292 frames.
pp41-domotica3_command123 hoofdeinde op stand drie 
LOG (lattice-best-path[5.5.569~1-6f329]:main():lattice-best-path.cc:99) For utterance pp41-domotica3_command124, best cost 290.926 + -889.385 = -598.46 over 387 frames.
pp41-domotica3_command124 steek het licht in de keuken aan 
LOG (lattice-best-path[5.5.569~1-6f329]:main():lattice-best-path.cc:99) For utterance pp41-domotica3_command126, best cost 315.555 + -853.994 = -538.439 over 431 frames.
pp41-domotica3_command126 deur van de slaapkamer dicht 
LOG (lattice-best-path[5.5.569~1-6f329]:main():lattice-best-path.cc:99) For utterance pp41-domotica3_command127, best cost 296.574 + -834.701 = -538.127 over 401 frames.
pp41-domotica3_command127 uit slaapkamer open 
LOG (lattice-best-path[5.5.569~1-6f329]:main():lattice-best-path.cc:99) For utterance pp41-domotica3_command128, best cost 305.175 + -889.27 = -584.095 over 413 frames.
pp41-domotica3_command128 uit op drie 
LOG (lattice-best-path[5.5.569~1-6f329]:main():lattice-best-path.cc:99) For utterance pp41-domotica3_command129, best cost 320.738 + -898.776 = -578.038 over 425 frames.
pp41-domotica3_command129 rolluik van op open 
LOG (lattice-best-path[5.5.569~1-6f329]:main():lattice-best-path.cc:99) For utterance pp41-domotica3_command13, best cost 302.072 + -855.243 = -553.171 over 412 frames.
pp41-domotica3_command13 van de dicht 
LOG (lattice-best-path[5.5.569~1-6f329]:main():lattice-best-path.cc:99) For utterance pp41-domotica3_command130, best cost 194.688 + -595.632 = -400.944 over 257 frames.
pp41-domotica3_command130 in dicht 
LOG (lattice-best-path[5.5.569~1-6f329]:main():lattice-best-path.cc:99) For utterance pp41-domotica3_command131, best cost 296.831 + -796.366 = -499.534 over 404 frames.
pp41-domotica3_command131 rolluik van de woonkamer omhoog 
LOG (lattice-best-path[5.5.569~1-6f329]:main():lattice-best-path.cc:99) For utterance pp41-domotica3_command132, best cost 283.06 + -763.334 = -480.274 over 370 frames.
pp41-domotica3_command132 steek het ik sluiten 
LOG (lattice-best-path[5.5.569~1-6f329]:main():lattice-best-path.cc:99) For utterance pp41-domotica3_command133, best cost 283.766 + -744.714 = -460.949 over 368 frames.
pp41-domotica3_command133 drie een het licht aan 
LOG (lattice-best-path[5.5.569~1-6f329]:main():lattice-best-path.cc:99) For utterance pp41-domotica3_command134, best cost 230.459 + -691.353 = -460.894 over 301 frames.
pp41-domotica3_command134 keuken aan op een 
LOG (lattice-best-path[5.5.569~1-6f329]:main():lattice-best-path.cc:99) For utterance pp41-domotica3_command135, best cost 206.554 + -611.76 = -405.205 over 281 frames.
pp41-domotica3_command135 op drie 
LOG (lattice-best-path[5.5.569~1-6f329]:main():lattice-best-path.cc:99) For utterance pp41-domotica3_command136, best cost 214.306 + -599.078 = -384.772 over 281 frames.
pp41-domotica3_command136 graden op drie 
LOG (lattice-best-path[5.5.569~1-6f329]:main():lattice-best-path.cc:99) For utterance pp41-domotica3_command137, best cost 313.554 + -859.378 = -545.824 over 431 frames.
pp41-domotica3_command137 in de woonkamer 
LOG (lattice-best-path[5.5.569~1-6f329]:main():lattice-best-path.cc:99) For utterance pp41-domotica3_command138, best cost 221.809 + -611.945 = -390.137 over 303 frames.
pp41-domotica3_command138 voordeur sluiten 
LOG (lattice-best-path[5.5.569~1-6f329]:main():lattice-best-path.cc:99) For utterance pp41-domotica3_command139, best cost 209.347 + -579.577 = -370.23 over 264 frames.
pp41-domotica3_command139 alle de keuken open 
LOG (lattice-best-path[5.5.569~1-6f329]:main():lattice-best-path.cc:99) For utterance pp41-domotica3_command14, best cost 293.39 + -839.249 = -545.86 over 399 frames.
pp41-domotica3_command14 uit open 
LOG (lattice-best-path[5.5.569~1-6f329]:main():lattice-best-path.cc:99) For utterance pp41-domotica3_command140, best cost 301.547 + -956.453 = -654.905 over 416 frames.
pp41-domotica3_command140 alle lichten uit 
LOG (lattice-best-path[5.5.569~1-6f329]:main():lattice-best-path.cc:99) For utterance pp41-domotica3_command141, best cost 241.351 + -685.958 = -444.607 over 321 frames.
pp41-domotica3_command141 uit in het licht 
LOG (lattice-best-path[5.5.569~1-6f329]:main():lattice-best-path.cc:99) For utterance pp41-domotica3_command142, best cost 285.899 + -816.357 = -530.458 over 385 frames.
pp41-domotica3_command142 alle lichten uit open 
LOG (lattice-best-path[5.5.569~1-6f329]:main():lattice-best-path.cc:99) For utterance pp41-domotica3_command143, best cost 305.044 + -929.605 = -624.561 over 403 frames.
pp41-domotica3_command143 steek het licht van het 
LOG (lattice-best-path[5.5.569~1-6f329]:main():lattice-best-path.cc:99) For utterance pp41-domotica3_command144, best cost 264.78 + -802.405 = -537.626 over 365 frames.
pp41-domotica3_command144 op een 
LOG (lattice-best-path[5.5.569~1-6f329]:main():lattice-best-path.cc:99) For utterance pp41-domotica3_command145, best cost 222.476 + -636.797 = -414.321 over 303 frames.
pp41-domotica3_command145 op stand een 
LOG (lattice-best-path[5.5.569~1-6f329]:main():lattice-best-path.cc:99) For utterance pp41-domotica3_command146, best cost 245.542 + -688.489 = -442.947 over 326 frames.
pp41-domotica3_command146 uit op stand drie 
LOG (lattice-best-path[5.5.569~1-6f329]:main():lattice-best-path.cc:99) For utterance pp41-domotica3_command148, best cost 296.621 + -918.714 = -622.093 over 386 frames.
pp41-domotica3_command148 steek het ik keuken aan 
LOG (lattice-best-path[5.5.569~1-6f329]:main():lattice-best-path.cc:99) For utterance pp41-domotica3_command149, best cost 277.917 + -800.789 = -522.872 over 384 frames.
pp41-domotica3_command149 achterdeur dicht 
LOG (lattice-best-path[5.5.569~1-6f329]:main():lattice-best-path.cc:99) For utterance pp41-domotica3_command15, best cost 229.766 + -615.41 = -385.645 over 303 frames.
pp41-domotica3_command15 uit in de dicht 
LOG (lattice-best-path[5.5.569~1-6f329]:main():lattice-best-path.cc:99) For utterance pp41-domotica3_command150, best cost 311.552 + -852.082 = -540.53 over 412 frames.
pp41-domotica3_command150 rolluik van de slaapkamer steek 
LOG (lattice-best-path[5.5.569~1-6f329]:main():lattice-best-path.cc:99) For utterance pp41-domotica3_command151, best cost 284.226 + -815.585 = -531.359 over 387 frames.
pp41-domotica3_command151 gordijnen van de slaapkamer open 
LOG (lattice-best-path[5.5.569~1-6f329]:main():lattice-best-path.cc:99) For utterance pp41-domotica3_command16, best cost 252.831 + -724.334 = -471.503 over 344 frames.
pp41-domotica3_command16 steek het licht aan 
LOG (lattice-best-path[5.5.569~1-6f329]:main():lattice-best-path.cc:99) For utterance pp41-domotica3_command17, best cost 260.755 + -696.4 = -435.645 over 342 frames.
pp41-domotica3_command17 uit uit dicht 
LOG (lattice-best-path[5.5.569~1-6f329]:main():lattice-best-path.cc:99) For utterance pp41-domotica3_command18, best cost 210.369 + -593.088 = -382.719 over 284 frames.
pp41-domotica3_command18 op 
LOG (lattice-best-path[5.5.569~1-6f329]:main():lattice-best-path.cc:99) For utterance pp41-domotica3_command19, best cost 178.292 + -471.472 = -293.18 over 237 frames.
pp41-domotica3_command19 staande lamp op twee 
LOG (lattice-best-path[5.5.569~1-6f329]:main():lattice-best-path.cc:99) For utterance pp41-domotica3_command2, best cost 270.984 + -736.9 = -465.916 over 368 frames.
pp41-domotica3_command2 uit in het huis 
LOG (lattice-best-path[5.5.569~1-6f329]:main():lattice-best-path.cc:99) For utterance pp41-domotica3_command20, best cost 186.145 + -504.487 = -318.342 over 254 frames.
pp41-domotica3_command20 aan 
LOG (lattice-best-path[5.5.569~1-6f329]:main():lattice-best-path.cc:99) For utterance pp41-domotica3_command21, best cost 296.539 + -790.839 = -494.299 over 380 frames.
pp41-domotica3_command21 drie ik wil graden in de woonkamer 
LOG (lattice-best-path[5.5.569~1-6f329]:main():lattice-best-path.cc:99) For utterance pp41-domotica3_command22, best cost 212.798 + -588.793 = -375.995 over 290 frames.
pp41-domotica3_command22 voordeur sluiten 
LOG (lattice-best-path[5.5.569~1-6f329]:main():lattice-best-path.cc:99) For utterance pp41-domotica3_command23, best cost 175.36 + -483.141 = -307.781 over 239 frames.
pp41-domotica3_command23 open 
LOG (lattice-best-path[5.5.569~1-6f329]:main():lattice-best-path.cc:99) For utterance pp41-domotica3_command24, best cost 234.059 + -688.719 = -454.659 over 323 frames.
pp41-domotica3_command24 drie 
LOG (lattice-best-path[5.5.569~1-6f329]:main():lattice-best-path.cc:99) For utterance pp41-domotica3_command25, best cost 218.074 + -610.37 = -392.296 over 284 frames.
pp41-domotica3_command25 uit in het licht dicht 
LOG (lattice-best-path[5.5.569~1-6f329]:main():lattice-best-path.cc:99) For utterance pp41-domotica3_command27, best cost 211.355 + -526.207 = -314.852 over 287 frames.
pp41-domotica3_command27 de badkamer open 
LOG (lattice-best-path[5.5.569~1-6f329]:main():lattice-best-path.cc:99) For utterance pp41-domotica3_command28, best cost 274.824 + -813.404 = -538.58 over 364 frames.
pp41-domotica3_command28 steek het licht het 
LOG (lattice-best-path[5.5.569~1-6f329]:main():lattice-best-path.cc:99) For utterance pp41-domotica3_command29, best cost 215.516 + -589.344 = -373.828 over 292 frames.
pp41-domotica3_command29 hoofdeinde op een 
LOG (lattice-best-path[5.5.569~1-6f329]:main():lattice-best-path.cc:99) For utterance pp41-domotica3_command3, best cost 220.553 + -582.125 = -361.572 over 281 frames.
pp41-domotica3_command3 uit in het graden 
LOG (lattice-best-path[5.5.569~1-6f329]:main():lattice-best-path.cc:99) For utterance pp41-domotica3_command31, best cost 193.362 + -499.325 = -305.962 over 261 frames.
pp41-domotica3_command31 op stand drie 
LOG (lattice-best-path[5.5.569~1-6f329]:main():lattice-best-path.cc:99) For utterance pp41-domotica3_command32, best cost 223.861 + -663.64 = -439.779 over 305 frames.
pp41-domotica3_command32 op stand drie 
LOG (lattice-best-path[5.5.569~1-6f329]:main():lattice-best-path.cc:99) For utterance pp41-domotica3_command34, best cost 254.128 + -710.504 = -456.376 over 353 frames.
pp41-domotica3_command34 dicht 
LOG (lattice-best-path[5.5.569~1-6f329]:main():lattice-best-path.cc:99) For utterance pp41-domotica3_command35, best cost 383.833 + -1081.34 = -697.507 over 514 frames.
pp41-domotica3_command35 doe de rolluik lamp dicht 
LOG (lattice-best-path[5.5.569~1-6f329]:main():lattice-best-path.cc:99) For utterance pp41-domotica3_command36, best cost 290.267 + -845.774 = -555.507 over 391 frames.
pp41-domotica3_command36 slaapkamer open open 
LOG (lattice-best-path[5.5.569~1-6f329]:main():lattice-best-path.cc:99) For utterance pp41-domotica3_command37, best cost 219.181 + -579.904 = -360.723 over 306 frames.
pp41-domotica3_command37 
LOG (lattice-best-path[5.5.569~1-6f329]:main():lattice-best-path.cc:99) For utterance pp41-domotica3_command38, best cost 252.993 + -687.048 = -434.055 over 351 frames.
pp41-domotica3_command38 open 
LOG (lattice-best-path[5.5.569~1-6f329]:main():lattice-best-path.cc:99) For utterance pp41-domotica3_command39, best cost 179.961 + -558.072 = -378.11 over 246 frames.
pp41-domotica3_command39 dicht 
LOG (lattice-best-path[5.5.569~1-6f329]:main():lattice-best-path.cc:99) For utterance pp41-domotica3_command4, best cost 247.917 + -713.49 = -465.573 over 334 frames.
pp41-domotica3_command4 het open 
LOG (lattice-best-path[5.5.569~1-6f329]:main():lattice-best-path.cc:99) For utterance pp41-domotica3_command40, best cost 266.454 + -717.879 = -451.425 over 367 frames.
pp41-domotica3_command40 woonkamer omhoog 
LOG (lattice-best-path[5.5.569~1-6f329]:main():lattice-best-path.cc:99) For utterance pp41-domotica3_command41, best cost 236.889 + -618.632 = -381.743 over 321 frames.
pp41-domotica3_command41 steek het licht aan 
LOG (lattice-best-path[5.5.569~1-6f329]:main():lattice-best-path.cc:99) For utterance pp41-domotica3_command42, best cost 257.997 + -743.357 = -485.36 over 362 frames.
pp41-domotica3_command42 
LOG (lattice-best-path[5.5.569~1-6f329]:main():lattice-best-path.cc:99) For utterance pp41-domotica3_command43, best cost 192.795 + -568.016 = -375.221 over 259 frames.
pp41-domotica3_command43 lamp op een 
LOG (lattice-best-path[5.5.569~1-6f329]:main():lattice-best-path.cc:99) For utterance pp41-domotica3_command44, best cost 191.649 + -502.114 = -310.465 over 248 frames.
pp41-domotica3_command44 de achterdeur op twee 
LOG (lattice-best-path[5.5.569~1-6f329]:main():lattice-best-path.cc:99) For utterance pp41-domotica3_command45, best cost 193.488 + -543.884 = -350.396 over 260 frames.
pp41-domotica3_command45 lamp op drie 
LOG (lattice-best-path[5.5.569~1-6f329]:main():lattice-best-path.cc:99) For utterance pp41-domotica3_command46, best cost 259.55 + -668.251 = -408.701 over 335 frames.
pp41-domotica3_command46 ik wil graden woonkamer 
LOG (lattice-best-path[5.5.569~1-6f329]:main():lattice-best-path.cc:99) For utterance pp41-domotica3_command47, best cost 187.843 + -539.735 = -351.891 over 254 frames.
pp41-domotica3_command47 voordeur sluiten 
LOG (lattice-best-path[5.5.569~1-6f329]:main():lattice-best-path.cc:99) For utterance pp41-domotica3_command48, best cost 155.955 + -437.115 = -281.16 over 208 frames.
pp41-domotica3_command48 op een 
LOG (lattice-best-path[5.5.569~1-6f329]:main():lattice-best-path.cc:99) For utterance pp41-domotica3_command49, best cost 223.883 + -681.474 = -457.591 over 306 frames.
pp41-domotica3_command49 op een 
LOG (lattice-best-path[5.5.569~1-6f329]:main():lattice-best-path.cc:99) For utterance pp41-domotica3_command5, best cost 272.667 + -734.977 = -462.311 over 347 frames.
pp41-domotica3_command5 op steek het licht van het 
LOG (lattice-best-path[5.5.569~1-6f329]:main():lattice-best-path.cc:99) For utterance pp41-domotica3_command50, best cost 190.828 + -523.452 = -332.624 over 252 frames.
pp41-domotica3_command50 het dicht 
LOG (lattice-best-path[5.5.569~1-6f329]:main():lattice-best-path.cc:99) For utterance pp41-domotica3_command51, best cost 227.858 + -638.643 = -410.785 over 312 frames.
pp41-domotica3_command51 badkamer open 
LOG (lattice-best-path[5.5.569~1-6f329]:main():lattice-best-path.cc:99) For utterance pp41-domotica3_command52, best cost 245.805 + -647.985 = -402.18 over 333 frames.
pp41-domotica3_command52 steek het 
LOG (lattice-best-path[5.5.569~1-6f329]:main():lattice-best-path.cc:99) For utterance pp41-domotica3_command53, best cost 214.431 + -574.021 = -359.59 over 276 frames.
pp41-domotica3_command53 doe de keuken op stand een 
LOG (lattice-best-path[5.5.569~1-6f329]:main():lattice-best-path.cc:99) For utterance pp41-domotica3_command54, best cost 213.362 + -552.44 = -339.078 over 275 frames.
pp41-domotica3_command54 uit in de op stand een 
LOG (lattice-best-path[5.5.569~1-6f329]:main():lattice-best-path.cc:99) For utterance pp41-domotica3_command55, best cost 209.8 + -588.098 = -378.298 over 288 frames.
pp41-domotica3_command55 een 
LOG (lattice-best-path[5.5.569~1-6f329]:main():lattice-best-path.cc:99) For utterance pp41-domotica3_command56, best cost 261.373 + -686.075 = -424.702 over 346 frames.
pp41-domotica3_command56 uit steek het lampje aan 
LOG (lattice-best-path[5.5.569~1-6f329]:main():lattice-best-path.cc:99) For utterance pp41-domotica3_command57, best cost 272.962 + -745.479 = -472.518 over 373 frames.
pp41-domotica3_command57 steek het lampje aan 
LOG (lattice-best-path[5.5.569~1-6f329]:main():lattice-best-path.cc:99) For utterance pp41-domotica3_command58, best cost 276.309 + -695.651 = -419.343 over 385 frames.
pp41-domotica3_command58 dicht 
LOG (lattice-best-path[5.5.569~1-6f329]:main():lattice-best-path.cc:99) For utterance pp41-domotica3_command59, best cost 273.153 + -738.91 = -465.757 over 370 frames.
pp41-domotica3_command59 deur van de slaapkamer open 
LOG (lattice-best-path[5.5.569~1-6f329]:main():lattice-best-path.cc:99) For utterance pp41-domotica3_command6, best cost 257.848 + -771.715 = -513.867 over 355 frames.
pp41-domotica3_command6 op een 
LOG (lattice-best-path[5.5.569~1-6f329]:main():lattice-best-path.cc:99) For utterance pp41-domotica3_command60, best cost 265.28 + -639.028 = -373.748 over 342 frames.
pp41-domotica3_command60 op doe de keuken omhoog 
LOG (lattice-best-path[5.5.569~1-6f329]:main():lattice-best-path.cc:99) For utterance pp41-domotica3_command61, best cost 223.192 + -544.615 = -321.423 over 298 frames.
pp41-domotica3_command61 doe de dicht 
LOG (lattice-best-path[5.5.569~1-6f329]:main():lattice-best-path.cc:99) For utterance pp41-domotica3_command62, best cost 231.639 + -529.133 = -297.494 over 303 frames.
pp41-domotica3_command62 doe de rolluik van de open 
LOG (lattice-best-path[5.5.569~1-6f329]:main():lattice-best-path.cc:99) For utterance pp41-domotica3_command63, best cost 203.168 + -537.035 = -333.867 over 268 frames.
pp41-domotica3_command63 de deur dicht 
LOG (lattice-best-path[5.5.569~1-6f329]:main():lattice-best-path.cc:99) For utterance pp41-domotica3_command64, best cost 265.806 + -696.3 = -430.493 over 351 frames.
pp41-domotica3_command64 uit in de rolluik van de woonkamer omhoog 
LOG (lattice-best-path[5.5.569~1-6f329]:main():lattice-best-path.cc:99) For utterance pp41-domotica3_command65, best cost 233.423 + -646.623 = -413.2 over 316 frames.
pp41-domotica3_command65 steek het licht aan 
LOG (lattice-best-path[5.5.569~1-6f329]:main():lattice-best-path.cc:99) For utterance pp41-domotica3_command66, best cost 225.258 + -564.139 = -338.882 over 299 frames.
pp41-domotica3_command66 het licht van de slaapkamer uit 
LOG (lattice-best-path[5.5.569~1-6f329]:main():lattice-best-path.cc:99) For utterance pp41-domotica3_command67, best cost 181.065 + -512.372 = -331.307 over 241 frames.
pp41-domotica3_command67 staande lamp op een 
LOG (lattice-best-path[5.5.569~1-6f329]:main():lattice-best-path.cc:99) For utterance pp41-domotica3_command68, best cost 181.758 + -544.476 = -362.718 over 242 frames.
pp41-domotica3_command68 staande lamp op twee 
LOG (lattice-best-path[5.5.569~1-6f329]:main():lattice-best-path.cc:99) For utterance pp41-domotica3_command69, best cost 185.917 + -515.145 = -329.228 over 248 frames.
pp41-domotica3_command69 staande lamp op drie 
LOG (lattice-best-path[5.5.569~1-6f329]:main():lattice-best-path.cc:99) For utterance pp41-domotica3_command7, best cost 264.29 + -734.328 = -470.039 over 342 frames.
pp41-domotica3_command7 op drie de op stand een 
LOG (lattice-best-path[5.5.569~1-6f329]:main():lattice-best-path.cc:99) For utterance pp41-domotica3_command70, best cost 243.48 + -648.17 = -404.689 over 323 frames.
pp41-domotica3_command70 ik wil woonkamer 
LOG (lattice-best-path[5.5.569~1-6f329]:main():lattice-best-path.cc:99) For utterance pp41-domotica3_command71, best cost 151.801 + -385.633 = -233.832 over 202 frames.
pp41-domotica3_command71 voordeur sluiten 
LOG (lattice-best-path[5.5.569~1-6f329]:main():lattice-best-path.cc:99) For utterance pp41-domotica3_command72, best cost 152.268 + -366.006 = -213.738 over 205 frames.
pp41-domotica3_command72 drie 
LOG (lattice-best-path[5.5.569~1-6f329]:main():lattice-best-path.cc:99) For utterance pp41-domotica3_command73, best cost 225.236 + -593.543 = -368.307 over 302 frames.
pp41-domotica3_command73 uit in het huis 
LOG (lattice-best-path[5.5.569~1-6f329]:main():lattice-best-path.cc:99) For utterance pp41-domotica3_command74, best cost 202.694 + -570.533 = -367.839 over 263 frames.
pp41-domotica3_command74 uit in het dicht 
LOG (lattice-best-path[5.5.569~1-6f329]:main():lattice-best-path.cc:99) For utterance pp41-domotica3_command75, best cost 223.515 + -580.043 = -356.528 over 297 frames.
pp41-domotica3_command75 de deur van de badkamer open 
LOG (lattice-best-path[5.5.569~1-6f329]:main():lattice-best-path.cc:99) For utterance pp41-domotica3_command76, best cost 255.201 + -714.065 = -458.864 over 328 frames.
pp41-domotica3_command76 uit in steek het licht van de badkamer aan 
LOG (lattice-best-path[5.5.569~1-6f329]:main():lattice-best-path.cc:99) For utterance pp41-domotica3_command77, best cost 231.406 + -657.912 = -426.507 over 302 frames.
pp41-domotica3_command77 uit in de op een 
LOG (lattice-best-path[5.5.569~1-6f329]:main():lattice-best-path.cc:99) For utterance pp41-domotica3_command78, best cost 210.57 + -591.146 = -380.576 over 278 frames.
pp41-domotica3_command78 de op stand drie 
LOG (lattice-best-path[5.5.569~1-6f329]:main():lattice-best-path.cc:99) For utterance pp41-domotica3_command79, best cost 200.267 + -568.854 = -368.587 over 270 frames.
pp41-domotica3_command79 hoofdeinde op een 
LOG (lattice-best-path[5.5.569~1-6f329]:main():lattice-best-path.cc:99) For utterance pp41-domotica3_command8, best cost 254.678 + -718.962 = -464.284 over 335 frames.
pp41-domotica3_command8 op drie hoofdeinde op drie 
LOG (lattice-best-path[5.5.569~1-6f329]:main():lattice-best-path.cc:99) For utterance pp41-domotica3_command80, best cost 275.39 + -713.396 = -438.006 over 351 frames.
pp41-domotica3_command80 steek het op een van 
LOG (lattice-best-path[5.5.569~1-6f329]:main():lattice-best-path.cc:99) For utterance pp41-domotica3_command81, best cost 285.873 + -775.793 = -489.92 over 381 frames.
pp41-domotica3_command81 alle van de slaapkamer dicht 
LOG (lattice-best-path[5.5.569~1-6f329]:main():lattice-best-path.cc:99) For utterance pp41-domotica3_command82, best cost 246.606 + -625.454 = -378.848 over 340 frames.
pp41-domotica3_command82 sluiten 
LOG (lattice-best-path[5.5.569~1-6f329]:main():lattice-best-path.cc:99) For utterance pp41-domotica3_command83, best cost 229.868 + -585.312 = -355.445 over 318 frames.
pp41-domotica3_command83 dicht 
LOG (lattice-best-path[5.5.569~1-6f329]:main():lattice-best-path.cc:99) For utterance pp41-domotica3_command84, best cost 291.935 + -821.856 = -529.921 over 396 frames.
pp41-domotica3_command84 van open 
LOG (lattice-best-path[5.5.569~1-6f329]:main():lattice-best-path.cc:99) For utterance pp41-domotica3_command85, best cost 232.835 + -723.109 = -490.274 over 312 frames.
pp41-domotica3_command85 uit dicht 
LOG (lattice-best-path[5.5.569~1-6f329]:main():lattice-best-path.cc:99) For utterance pp41-domotica3_command86, best cost 265.139 + -666.307 = -401.168 over 348 frames.
pp41-domotica3_command86 uit rolluik van de woonkamer omhoog 
LOG (lattice-best-path[5.5.569~1-6f329]:main():lattice-best-path.cc:99) For utterance pp41-domotica3_command87, best cost 231.636 + -586.131 = -354.495 over 294 frames.
pp41-domotica3_command87 uit in steek het sluiten 
LOG (lattice-best-path[5.5.569~1-6f329]:main():lattice-best-path.cc:99) For utterance pp41-domotica3_command88, best cost 263.015 + -700.016 = -437 over 342 frames.
pp41-domotica3_command88 op uit licht aan 
LOG (lattice-best-path[5.5.569~1-6f329]:main():lattice-best-path.cc:99) For utterance pp41-domotica3_command89, best cost 219.157 + -632.442 = -413.285 over 276 frames.
pp41-domotica3_command89 uit in de keuken aan op een 
LOG (lattice-best-path[5.5.569~1-6f329]:main():lattice-best-path.cc:99) For utterance pp41-domotica3_command90, best cost 187.303 + -555.072 = -367.768 over 250 frames.
pp41-domotica3_command90 staande lamp op twee 
LOG (lattice-best-path[5.5.569~1-6f329]:main():lattice-best-path.cc:99) For utterance pp41-domotica3_command91, best cost 192.377 + -502.565 = -310.188 over 243 frames.
pp41-domotica3_command91 in het licht aan op drie 
LOG (lattice-best-path[5.5.569~1-6f329]:main():lattice-best-path.cc:99) For utterance pp41-domotica3_command92, best cost 265.196 + -652.38 = -387.183 over 336 frames.
pp41-domotica3_command92 alle wil graden in de woonkamer 
LOG (lattice-best-path[5.5.569~1-6f329]:main():lattice-best-path.cc:99) For utterance pp41-domotica3_command93, best cost 184.573 + -489.497 = -304.924 over 239 frames.
pp41-domotica3_command93 uit voordeur sluiten 
LOG (lattice-best-path[5.5.569~1-6f329]:main():lattice-best-path.cc:99) For utterance pp41-domotica3_command94, best cost 169.122 + -499.428 = -330.306 over 230 frames.
pp41-domotica3_command94 open 
LOG (lattice-best-path[5.5.569~1-6f329]:main():lattice-best-path.cc:99) For utterance pp41-domotica3_command95, best cost 244.576 + -672.06 = -427.485 over 337 frames.
pp41-domotica3_command95 uit 
LOG (lattice-best-path[5.5.569~1-6f329]:main():lattice-best-path.cc:99) For utterance pp41-domotica3_command96, best cost 225.611 + -654.138 = -428.527 over 291 frames.
pp41-domotica3_command96 alle het dicht 
LOG (lattice-scale[5.5.569~1-6f329]:main():lattice-scale.cc:107) Done 144 lattices.
LOG (lattice-best-path[5.5.569~1-6f329]:main():lattice-best-path.cc:99) For utterance pp41-domotica3_command97, best cost 271.484 + -773.47 = -501.986 over 368 frames.
pp41-domotica3_command97 het open 
LOG (lattice-best-path[5.5.569~1-6f329]:main():lattice-best-path.cc:99) For utterance pp41-domotica3_command98, best cost 255.103 + -740.141 = -485.038 over 338 frames.
pp41-domotica3_command98 steek het licht van de badkamer 
LOG (lattice-add-penalty[5.5.569~1-6f329]:main():lattice-add-penalty.cc:62) Done adding word insertion penalty to 144 lattices.
LOG (lattice-best-path[5.5.569~1-6f329]:main():lattice-best-path.cc:99) For utterance pp41-domotica3_command99, best cost 189.92 + -531.95 = -342.03 over 257 frames.
pp41-domotica3_command99 op een 
LOG (lattice-best-path[5.5.569~1-6f329]:main():lattice-best-path.cc:124) Overall cost per frame is -1.33103 = 0.748623 [graph] + -2.07965 [acoustic] over 46454 frames.
LOG (lattice-best-path[5.5.569~1-6f329]:main():lattice-best-path.cc:128) Done 144 lattices, failed for 0
# Accounting: time=1 threads=1
# Ended (code 0) at Tue Mar 23 09:58:54 CET 2021, elapsed time 1 seconds
