# lattice-scale --inv-acoustic-scale=10 "ark:gunzip -c exp/percgncopas5k/chain_s/tdnn1k_sp/decode_test_5g_400k/lat.*.gz|" ark:- | lattice-add-penalty --word-ins-penalty=0.0 ark:- ark:- | lattice-best-path --word-symbol-table=exp/percgncopas5k/chain_s/tree_sp/graph_5g_400k/words.txt ark:- ark,t:exp/percgncopas5k/chain_s/tdnn1k_sp/decode_test_5g_400k/scoring/10.tra 
# Started at Tue Mar 23 09:58:53 CET 2021
#
lattice-add-penalty --word-ins-penalty=0.0 ark:- ark:- 
lattice-scale --inv-acoustic-scale=10 'ark:gunzip -c exp/percgncopas5k/chain_s/tdnn1k_sp/decode_test_5g_400k/lat.*.gz|' ark:- 
lattice-best-path --word-symbol-table=exp/percgncopas5k/chain_s/tree_sp/graph_5g_400k/words.txt ark:- ark,t:exp/percgncopas5k/chain_s/tdnn1k_sp/decode_test_5g_400k/scoring/10.tra 
LOG (lattice-best-path[5.5.569~1-6f329]:main():lattice-best-path.cc:99) For utterance pp41-domotica3_command1, best cost 188.533 + -432.24 = -243.707 over 255 frames.
pp41-domotica3_command1 op drie 
LOG (lattice-best-path[5.5.569~1-6f329]:main():lattice-best-path.cc:99) For utterance pp41-domotica3_command100, best cost 221.008 + -560.969 = -339.961 over 287 frames.
pp41-domotica3_command100 uit in de op een 
LOG (lattice-best-path[5.5.569~1-6f329]:main():lattice-best-path.cc:99) For utterance pp41-domotica3_command101, best cost 251.087 + -672.729 = -421.642 over 334 frames.
pp41-domotica3_command101 uit op stand drie 
LOG (lattice-best-path[5.5.569~1-6f329]:main():lattice-best-path.cc:99) For utterance pp41-domotica3_command102, best cost 257.713 + -694.706 = -436.994 over 351 frames.
pp41-domotica3_command102 steek het lampje aan 
LOG (lattice-best-path[5.5.569~1-6f329]:main():lattice-best-path.cc:99) For utterance pp41-domotica3_command103, best cost 304.403 + -778.518 = -474.115 over 415 frames.
pp41-domotica3_command103 rolluiken van de slaapkamer dicht 
LOG (lattice-best-path[5.5.569~1-6f329]:main():lattice-best-path.cc:99) For utterance pp41-domotica3_command104, best cost 285.289 + -712.946 = -427.657 over 395 frames.
pp41-domotica3_command104 slaapkamer open 
LOG (lattice-best-path[5.5.569~1-6f329]:main():lattice-best-path.cc:99) For utterance pp41-domotica3_command105, best cost 263.142 + -640.566 = -377.424 over 355 frames.
pp41-domotica3_command105 doe het licht 
LOG (lattice-best-path[5.5.569~1-6f329]:main():lattice-best-path.cc:99) For utterance pp41-domotica3_command106, best cost 290.724 + -747.018 = -456.294 over 392 frames.
pp41-domotica3_command106 rolluik van de open 
LOG (lattice-best-path[5.5.569~1-6f329]:main():lattice-best-path.cc:99) For utterance pp41-domotica3_command107, best cost 191.939 + -492.986 = -301.046 over 253 frames.
pp41-domotica3_command107 uit dicht 
LOG (lattice-best-path[5.5.569~1-6f329]:main():lattice-best-path.cc:99) For utterance pp41-domotica3_command108, best cost 318.762 + -778.295 = -459.533 over 421 frames.
pp41-domotica3_command108 uit rolluik woonkamer omhoog 
LOG (lattice-best-path[5.5.569~1-6f329]:main():lattice-best-path.cc:99) For utterance pp41-domotica3_command109, best cost 266.001 + -699.342 = -433.341 over 363 frames.
pp41-domotica3_command109 steek het licht aan 
LOG (lattice-best-path[5.5.569~1-6f329]:main():lattice-best-path.cc:99) For utterance pp41-domotica3_command11, best cost 293.678 + -763.486 = -469.808 over 407 frames.
pp41-domotica3_command11 gordijnen dicht 
LOG (lattice-best-path[5.5.569~1-6f329]:main():lattice-best-path.cc:99) For utterance pp41-domotica3_command110, best cost 277.798 + -755.497 = -477.699 over 385 frames.
pp41-domotica3_command110 sluiten 
LOG (lattice-best-path[5.5.569~1-6f329]:main():lattice-best-path.cc:99) For utterance pp41-domotica3_command111, best cost 204.475 + -560.002 = -355.527 over 278 frames.
pp41-domotica3_command111 op een 
LOG (lattice-best-path[5.5.569~1-6f329]:main():lattice-best-path.cc:99) For utterance pp41-domotica3_command112, best cost 191.461 + -481.543 = -290.081 over 256 frames.
pp41-domotica3_command112 staande lamp op een 
LOG (lattice-best-path[5.5.569~1-6f329]:main():lattice-best-path.cc:99) For utterance pp41-domotica3_command113, best cost 222.617 + -552.983 = -330.365 over 280 frames.
pp41-domotica3_command113 uit in graden op drie 
LOG (lattice-best-path[5.5.569~1-6f329]:main():lattice-best-path.cc:99) For utterance pp41-domotica3_command114, best cost 278.6 + -649.41 = -370.81 over 355 frames.
pp41-domotica3_command114 ik wil woonkamer graden in de woonkamer 
LOG (lattice-best-path[5.5.569~1-6f329]:main():lattice-best-path.cc:99) For utterance pp41-domotica3_command115, best cost 184.379 + -460.987 = -276.608 over 249 frames.
pp41-domotica3_command115 voordeur sluiten 
LOG (lattice-best-path[5.5.569~1-6f329]:main():lattice-best-path.cc:99) For utterance pp41-domotica3_command116, best cost 176.899 + -429.903 = -253.004 over 245 frames.
pp41-domotica3_command116 
LOG (lattice-best-path[5.5.569~1-6f329]:main():lattice-best-path.cc:99) For utterance pp41-domotica3_command117, best cost 250.844 + -636.362 = -385.517 over 328 frames.
pp41-domotica3_command117 uit in de alle lichten uit 
LOG (lattice-best-path[5.5.569~1-6f329]:main():lattice-best-path.cc:99) For utterance pp41-domotica3_command118, best cost 228.792 + -592.119 = -363.328 over 309 frames.
pp41-domotica3_command118 het licht 
LOG (lattice-best-path[5.5.569~1-6f329]:main():lattice-best-path.cc:99) For utterance pp41-domotica3_command119, best cost 237.241 + -604.071 = -366.83 over 318 frames.
pp41-domotica3_command119 deur van de badkamer open 
LOG (lattice-best-path[5.5.569~1-6f329]:main():lattice-best-path.cc:99) For utterance pp41-domotica3_command12, best cost 279.734 + -677.409 = -397.675 over 369 frames.
pp41-domotica3_command12 uit woonkamer open 
LOG (lattice-best-path[5.5.569~1-6f329]:main():lattice-best-path.cc:99) For utterance pp41-domotica3_command120, best cost 278.767 + -748.153 = -469.386 over 362 frames.
pp41-domotica3_command120 uit in steek het licht van de badkamer aan 
LOG (lattice-best-path[5.5.569~1-6f329]:main():lattice-best-path.cc:99) For utterance pp41-domotica3_command121, best cost 230.072 + -596.769 = -366.697 over 313 frames.
pp41-domotica3_command121 hoofdeinde op een 
LOG (lattice-best-path[5.5.569~1-6f329]:main():lattice-best-path.cc:99) For utterance pp41-domotica3_command122, best cost 223.987 + -582.927 = -358.94 over 304 frames.
pp41-domotica3_command122 lamp op een 
LOG (lattice-best-path[5.5.569~1-6f329]:main():lattice-best-path.cc:99) For utterance pp41-domotica3_command123, best cost 216.186 + -552.72 = -336.534 over 292 frames.
pp41-domotica3_command123 hoofdeinde op stand drie 
LOG (lattice-best-path[5.5.569~1-6f329]:main():lattice-best-path.cc:99) For utterance pp41-domotica3_command124, best cost 290.926 + -800.447 = -509.521 over 387 frames.
pp41-domotica3_command124 steek het licht in de keuken aan 
LOG (lattice-best-path[5.5.569~1-6f329]:main():lattice-best-path.cc:99) For utterance pp41-domotica3_command126, best cost 315.555 + -768.595 = -453.04 over 431 frames.
pp41-domotica3_command126 deur van de slaapkamer dicht 
LOG (lattice-best-path[5.5.569~1-6f329]:main():lattice-best-path.cc:99) For utterance pp41-domotica3_command127, best cost 289.448 + -744.394 = -454.946 over 401 frames.
pp41-domotica3_command127 slaapkamer open 
LOG (lattice-best-path[5.5.569~1-6f329]:main():lattice-best-path.cc:99) For utterance pp41-domotica3_command128, best cost 305.175 + -800.343 = -495.168 over 413 frames.
pp41-domotica3_command128 uit op drie 
LOG (lattice-best-path[5.5.569~1-6f329]:main():lattice-best-path.cc:99) For utterance pp41-domotica3_command129, best cost 314.3 + -802.514 = -488.214 over 425 frames.
pp41-domotica3_command129 rolluik van open 
LOG (lattice-best-path[5.5.569~1-6f329]:main():lattice-best-path.cc:99) For utterance pp41-domotica3_command13, best cost 302.072 + -769.719 = -467.646 over 412 frames.
pp41-domotica3_command13 van de dicht 
LOG (lattice-best-path[5.5.569~1-6f329]:main():lattice-best-path.cc:99) For utterance pp41-domotica3_command130, best cost 187.586 + -529.014 = -341.428 over 257 frames.
pp41-domotica3_command130 dicht 
LOG (lattice-best-path[5.5.569~1-6f329]:main():lattice-best-path.cc:99) For utterance pp41-domotica3_command131, best cost 296.831 + -716.729 = -419.898 over 404 frames.
pp41-domotica3_command131 rolluik van de woonkamer omhoog 
LOG (lattice-best-path[5.5.569~1-6f329]:main():lattice-best-path.cc:99) For utterance pp41-domotica3_command132, best cost 270.853 + -675.771 = -404.918 over 370 frames.
pp41-domotica3_command132 steek het licht aan 
LOG (lattice-best-path[5.5.569~1-6f329]:main():lattice-best-path.cc:99) For utterance pp41-domotica3_command133, best cost 268.265 + -654.842 = -386.577 over 368 frames.
pp41-domotica3_command133 het licht aan 
LOG (lattice-best-path[5.5.569~1-6f329]:main():lattice-best-path.cc:99) For utterance pp41-domotica3_command134, best cost 230.459 + -622.218 = -391.759 over 301 frames.
pp41-domotica3_command134 keuken aan op een 
LOG (lattice-best-path[5.5.569~1-6f329]:main():lattice-best-path.cc:99) For utterance pp41-domotica3_command135, best cost 206.554 + -550.584 = -344.029 over 281 frames.
pp41-domotica3_command135 op drie 
LOG (lattice-best-path[5.5.569~1-6f329]:main():lattice-best-path.cc:99) For utterance pp41-domotica3_command136, best cost 214.306 + -539.17 = -324.865 over 281 frames.
pp41-domotica3_command136 graden op drie 
LOG (lattice-best-path[5.5.569~1-6f329]:main():lattice-best-path.cc:99) For utterance pp41-domotica3_command137, best cost 313.554 + -773.44 = -459.887 over 431 frames.
pp41-domotica3_command137 in de woonkamer 
LOG (lattice-best-path[5.5.569~1-6f329]:main():lattice-best-path.cc:99) For utterance pp41-domotica3_command138, best cost 221.809 + -550.751 = -328.942 over 303 frames.
pp41-domotica3_command138 voordeur sluiten 
LOG (lattice-best-path[5.5.569~1-6f329]:main():lattice-best-path.cc:99) For utterance pp41-domotica3_command139, best cost 203.422 + -515.936 = -312.515 over 264 frames.
pp41-domotica3_command139 alle de deur openen 
LOG (lattice-best-path[5.5.569~1-6f329]:main():lattice-best-path.cc:99) For utterance pp41-domotica3_command14, best cost 293.39 + -755.325 = -461.935 over 399 frames.
pp41-domotica3_command14 uit open 
LOG (lattice-best-path[5.5.569~1-6f329]:main():lattice-best-path.cc:99) For utterance pp41-domotica3_command140, best cost 301.547 + -860.807 = -559.26 over 416 frames.
pp41-domotica3_command140 alle lichten uit 
LOG (lattice-best-path[5.5.569~1-6f329]:main():lattice-best-path.cc:99) For utterance pp41-domotica3_command141, best cost 237.109 + -613.443 = -376.334 over 321 frames.
pp41-domotica3_command141 het licht 
LOG (lattice-best-path[5.5.569~1-6f329]:main():lattice-best-path.cc:99) For utterance pp41-domotica3_command142, best cost 279.283 + -728.562 = -449.279 over 385 frames.
pp41-domotica3_command142 de badkamer open 
LOG (lattice-best-path[5.5.569~1-6f329]:main():lattice-best-path.cc:99) For utterance pp41-domotica3_command143, best cost 305.044 + -836.645 = -531.6 over 403 frames.
pp41-domotica3_command143 steek het licht van het 
LOG (lattice-best-path[5.5.569~1-6f329]:main():lattice-best-path.cc:99) For utterance pp41-domotica3_command144, best cost 264.78 + -722.165 = -457.385 over 365 frames.
pp41-domotica3_command144 op een 
LOG (lattice-best-path[5.5.569~1-6f329]:main():lattice-best-path.cc:99) For utterance pp41-domotica3_command145, best cost 222.476 + -573.117 = -350.642 over 303 frames.
pp41-domotica3_command145 op stand een 
LOG (lattice-best-path[5.5.569~1-6f329]:main():lattice-best-path.cc:99) For utterance pp41-domotica3_command146, best cost 245.542 + -619.64 = -374.098 over 326 frames.
pp41-domotica3_command146 uit op stand drie 
LOG (lattice-best-path[5.5.569~1-6f329]:main():lattice-best-path.cc:99) For utterance pp41-domotica3_command148, best cost 296.621 + -826.843 = -530.222 over 386 frames.
pp41-domotica3_command148 steek het ik keuken aan 
LOG (lattice-best-path[5.5.569~1-6f329]:main():lattice-best-path.cc:99) For utterance pp41-domotica3_command149, best cost 275.615 + -718.416 = -442.801 over 384 frames.
pp41-domotica3_command149 dicht 
LOG (lattice-best-path[5.5.569~1-6f329]:main():lattice-best-path.cc:99) For utterance pp41-domotica3_command15, best cost 229.766 + -553.869 = -324.103 over 303 frames.
pp41-domotica3_command15 uit in de dicht 
LOG (lattice-best-path[5.5.569~1-6f329]:main():lattice-best-path.cc:99) For utterance pp41-domotica3_command150, best cost 311.552 + -766.874 = -455.322 over 412 frames.
pp41-domotica3_command150 rolluik van de slaapkamer steek 
LOG (lattice-best-path[5.5.569~1-6f329]:main():lattice-best-path.cc:99) For utterance pp41-domotica3_command151, best cost 284.226 + -734.027 = -449.801 over 387 frames.
pp41-domotica3_command151 gordijnen van de slaapkamer open 
LOG (lattice-best-path[5.5.569~1-6f329]:main():lattice-best-path.cc:99) For utterance pp41-domotica3_command16, best cost 252.831 + -651.9 = -399.069 over 344 frames.
pp41-domotica3_command16 steek het licht aan 
LOG (lattice-best-path[5.5.569~1-6f329]:main():lattice-best-path.cc:99) For utterance pp41-domotica3_command17, best cost 254.486 + -620.987 = -366.501 over 342 frames.
pp41-domotica3_command17 uit in het licht aan 
LOG (lattice-best-path[5.5.569~1-6f329]:main():lattice-best-path.cc:99) For utterance pp41-domotica3_command18, best cost 210.369 + -533.78 = -323.41 over 284 frames.
pp41-domotica3_command18 op 
LOG (lattice-best-path[5.5.569~1-6f329]:main():lattice-best-path.cc:99) For utterance pp41-domotica3_command19, best cost 178.292 + -424.325 = -246.033 over 237 frames.
pp41-domotica3_command19 staande lamp op twee 
LOG (lattice-best-path[5.5.569~1-6f329]:main():lattice-best-path.cc:99) For utterance pp41-domotica3_command2, best cost 270.984 + -663.21 = -392.226 over 368 frames.
pp41-domotica3_command2 uit in het huis 
LOG (lattice-best-path[5.5.569~1-6f329]:main():lattice-best-path.cc:99) For utterance pp41-domotica3_command20, best cost 186.145 + -454.039 = -267.893 over 254 frames.
pp41-domotica3_command20 aan 
LOG (lattice-best-path[5.5.569~1-6f329]:main():lattice-best-path.cc:99) For utterance pp41-domotica3_command21, best cost 296.539 + -711.755 = -415.215 over 380 frames.
pp41-domotica3_command21 drie ik wil graden in de woonkamer 
LOG (lattice-best-path[5.5.569~1-6f329]:main():lattice-best-path.cc:99) For utterance pp41-domotica3_command22, best cost 212.798 + -529.914 = -317.116 over 290 frames.
pp41-domotica3_command22 voordeur sluiten 
LOG (lattice-best-path[5.5.569~1-6f329]:main():lattice-best-path.cc:99) For utterance pp41-domotica3_command23, best cost 175.36 + -434.827 = -259.467 over 239 frames.
pp41-domotica3_command23 open 
LOG (lattice-best-path[5.5.569~1-6f329]:main():lattice-best-path.cc:99) For utterance pp41-domotica3_command24, best cost 234.059 + -619.847 = -385.788 over 323 frames.
pp41-domotica3_command24 drie 
LOG (lattice-best-path[5.5.569~1-6f329]:main():lattice-best-path.cc:99) For utterance pp41-domotica3_command25, best cost 218.074 + -549.333 = -331.259 over 284 frames.
pp41-domotica3_command25 uit in het licht dicht 
LOG (lattice-best-path[5.5.569~1-6f329]:main():lattice-best-path.cc:99) For utterance pp41-domotica3_command27, best cost 211.355 + -473.586 = -262.231 over 287 frames.
pp41-domotica3_command27 de badkamer open 
LOG (lattice-best-path[5.5.569~1-6f329]:main():lattice-best-path.cc:99) For utterance pp41-domotica3_command28, best cost 274.824 + -732.064 = -457.24 over 364 frames.
pp41-domotica3_command28 steek het licht het 
LOG (lattice-best-path[5.5.569~1-6f329]:main():lattice-best-path.cc:99) For utterance pp41-domotica3_command29, best cost 215.516 + -530.41 = -314.893 over 292 frames.
pp41-domotica3_command29 hoofdeinde op een 
LOG (lattice-best-path[5.5.569~1-6f329]:main():lattice-best-path.cc:99) For utterance pp41-domotica3_command3, best cost 215.995 + -519.787 = -303.792 over 281 frames.
pp41-domotica3_command3 uit in het licht dicht 
LOG (lattice-best-path[5.5.569~1-6f329]:main():lattice-best-path.cc:99) For utterance pp41-domotica3_command31, best cost 193.362 + -449.392 = -256.03 over 261 frames.
pp41-domotica3_command31 op stand drie 
LOG (lattice-best-path[5.5.569~1-6f329]:main():lattice-best-path.cc:99) For utterance pp41-domotica3_command32, best cost 223.861 + -597.276 = -373.415 over 305 frames.
pp41-domotica3_command32 op stand drie 
LOG (lattice-best-path[5.5.569~1-6f329]:main():lattice-best-path.cc:99) For utterance pp41-domotica3_command34, best cost 254.128 + -639.453 = -385.325 over 353 frames.
pp41-domotica3_command34 dicht 
LOG (lattice-best-path[5.5.569~1-6f329]:main():lattice-best-path.cc:99) For utterance pp41-domotica3_command35, best cost 383.833 + -973.206 = -589.373 over 514 frames.
pp41-domotica3_command35 doe de rolluik lamp dicht 
LOG (lattice-best-path[5.5.569~1-6f329]:main():lattice-best-path.cc:99) For utterance pp41-domotica3_command36, best cost 282.516 + -753.996 = -471.479 over 391 frames.
pp41-domotica3_command36 slaapkamer open 
LOG (lattice-best-path[5.5.569~1-6f329]:main():lattice-best-path.cc:99) For utterance pp41-domotica3_command37, best cost 219.181 + -521.914 = -302.733 over 306 frames.
pp41-domotica3_command37 
LOG (lattice-best-path[5.5.569~1-6f329]:main():lattice-best-path.cc:99) For utterance pp41-domotica3_command38, best cost 252.993 + -618.343 = -365.35 over 351 frames.
pp41-domotica3_command38 open 
LOG (lattice-best-path[5.5.569~1-6f329]:main():lattice-best-path.cc:99) For utterance pp41-domotica3_command39, best cost 179.961 + -502.264 = -322.303 over 246 frames.
pp41-domotica3_command39 dicht 
LOG (lattice-best-path[5.5.569~1-6f329]:main():lattice-best-path.cc:99) For utterance pp41-domotica3_command4, best cost 247.917 + -642.141 = -394.224 over 334 frames.
pp41-domotica3_command4 het open 
LOG (lattice-best-path[5.5.569~1-6f329]:main():lattice-best-path.cc:99) For utterance pp41-domotica3_command40, best cost 266.454 + -646.091 = -379.637 over 367 frames.
pp41-domotica3_command40 woonkamer omhoog 
LOG (lattice-best-path[5.5.569~1-6f329]:main():lattice-best-path.cc:99) For utterance pp41-domotica3_command41, best cost 236.889 + -556.768 = -319.88 over 321 frames.
pp41-domotica3_command41 steek het licht aan 
LOG (lattice-best-path[5.5.569~1-6f329]:main():lattice-best-path.cc:99) For utterance pp41-domotica3_command42, best cost 257.997 + -669.021 = -411.024 over 362 frames.
pp41-domotica3_command42 
LOG (lattice-best-path[5.5.569~1-6f329]:main():lattice-best-path.cc:99) For utterance pp41-domotica3_command43, best cost 186.603 + -505.185 = -318.582 over 259 frames.
pp41-domotica3_command43 
LOG (lattice-best-path[5.5.569~1-6f329]:main():lattice-best-path.cc:99) For utterance pp41-domotica3_command44, best cost 185.917 + -446.338 = -260.421 over 248 frames.
pp41-domotica3_command44 staande lamp op twee 
LOG (lattice-best-path[5.5.569~1-6f329]:main():lattice-best-path.cc:99) For utterance pp41-domotica3_command45, best cost 193.488 + -489.495 = -296.008 over 260 frames.
pp41-domotica3_command45 lamp op drie 
LOG (lattice-best-path[5.5.569~1-6f329]:main():lattice-best-path.cc:99) For utterance pp41-domotica3_command46, best cost 259.55 + -601.425 = -341.875 over 335 frames.
pp41-domotica3_command46 ik wil graden woonkamer 
LOG (lattice-best-path[5.5.569~1-6f329]:main():lattice-best-path.cc:99) For utterance pp41-domotica3_command47, best cost 187.843 + -485.761 = -297.918 over 254 frames.
pp41-domotica3_command47 voordeur sluiten 
LOG (lattice-best-path[5.5.569~1-6f329]:main():lattice-best-path.cc:99) For utterance pp41-domotica3_command48, best cost 155.955 + -393.404 = -237.449 over 208 frames.
pp41-domotica3_command48 op een 
LOG (lattice-best-path[5.5.569~1-6f329]:main():lattice-best-path.cc:99) For utterance pp41-domotica3_command49, best cost 219.181 + -609.092 = -389.911 over 306 frames.
pp41-domotica3_command49 
LOG (lattice-best-path[5.5.569~1-6f329]:main():lattice-best-path.cc:99) For utterance pp41-domotica3_command5, best cost 272.667 + -661.479 = -388.813 over 347 frames.
pp41-domotica3_command5 op steek het licht van het 
LOG (lattice-best-path[5.5.569~1-6f329]:main():lattice-best-path.cc:99) For utterance pp41-domotica3_command50, best cost 190.828 + -471.107 = -280.279 over 252 frames.
pp41-domotica3_command50 het dicht 
LOG (lattice-best-path[5.5.569~1-6f329]:main():lattice-best-path.cc:99) For utterance pp41-domotica3_command51, best cost 227.858 + -574.779 = -346.921 over 312 frames.
pp41-domotica3_command51 badkamer open 
LOG (lattice-best-path[5.5.569~1-6f329]:main():lattice-best-path.cc:99) For utterance pp41-domotica3_command52, best cost 245.805 + -583.186 = -337.381 over 333 frames.
pp41-domotica3_command52 steek het 
LOG (lattice-best-path[5.5.569~1-6f329]:main():lattice-best-path.cc:99) For utterance pp41-domotica3_command53, best cost 210.947 + -513.227 = -302.28 over 276 frames.
pp41-domotica3_command53 doe de op stand een 
LOG (lattice-best-path[5.5.569~1-6f329]:main():lattice-best-path.cc:99) For utterance pp41-domotica3_command54, best cost 203.067 + -487.573 = -284.505 over 275 frames.
pp41-domotica3_command54 op stand een 
LOG (lattice-best-path[5.5.569~1-6f329]:main():lattice-best-path.cc:99) For utterance pp41-domotica3_command55, best cost 206.704 + -526.219 = -319.515 over 288 frames.
pp41-domotica3_command55 
LOG (lattice-best-path[5.5.569~1-6f329]:main():lattice-best-path.cc:99) For utterance pp41-domotica3_command56, best cost 261.373 + -617.468 = -356.095 over 346 frames.
pp41-domotica3_command56 uit steek het lampje aan 
LOG (lattice-best-path[5.5.569~1-6f329]:main():lattice-best-path.cc:99) For utterance pp41-domotica3_command57, best cost 272.962 + -670.931 = -397.97 over 373 frames.
pp41-domotica3_command57 steek het lampje aan 
LOG (lattice-best-path[5.5.569~1-6f329]:main():lattice-best-path.cc:99) For utterance pp41-domotica3_command58, best cost 276.309 + -626.086 = -349.777 over 385 frames.
pp41-domotica3_command58 dicht 
LOG (lattice-best-path[5.5.569~1-6f329]:main():lattice-best-path.cc:99) For utterance pp41-domotica3_command59, best cost 273.153 + -665.019 = -391.866 over 370 frames.
pp41-domotica3_command59 deur van de slaapkamer open 
LOG (lattice-best-path[5.5.569~1-6f329]:main():lattice-best-path.cc:99) For utterance pp41-domotica3_command6, best cost 257.848 + -694.544 = -436.695 over 355 frames.
pp41-domotica3_command6 op een 
LOG (lattice-best-path[5.5.569~1-6f329]:main():lattice-best-path.cc:99) For utterance pp41-domotica3_command60, best cost 258.841 + -569.258 = -310.416 over 342 frames.
pp41-domotica3_command60 doe de keuken omhoog 
LOG (lattice-best-path[5.5.569~1-6f329]:main():lattice-best-path.cc:99) For utterance pp41-domotica3_command61, best cost 223.192 + -490.154 = -266.961 over 298 frames.
pp41-domotica3_command61 doe de dicht 
LOG (lattice-best-path[5.5.569~1-6f329]:main():lattice-best-path.cc:99) For utterance pp41-domotica3_command62, best cost 231.639 + -476.22 = -244.581 over 303 frames.
pp41-domotica3_command62 doe de rolluik van de open 
LOG (lattice-best-path[5.5.569~1-6f329]:main():lattice-best-path.cc:99) For utterance pp41-domotica3_command63, best cost 203.168 + -483.332 = -280.164 over 268 frames.
pp41-domotica3_command63 de deur dicht 
LOG (lattice-best-path[5.5.569~1-6f329]:main():lattice-best-path.cc:99) For utterance pp41-domotica3_command64, best cost 265.806 + -626.67 = -360.864 over 351 frames.
pp41-domotica3_command64 uit in de rolluik van de woonkamer omhoog 
LOG (lattice-best-path[5.5.569~1-6f329]:main():lattice-best-path.cc:99) For utterance pp41-domotica3_command65, best cost 233.423 + -581.961 = -348.537 over 316 frames.
pp41-domotica3_command65 steek het licht aan 
LOG (lattice-best-path[5.5.569~1-6f329]:main():lattice-best-path.cc:99) For utterance pp41-domotica3_command66, best cost 225.258 + -507.725 = -282.468 over 299 frames.
pp41-domotica3_command66 het licht van de slaapkamer uit 
LOG (lattice-best-path[5.5.569~1-6f329]:main():lattice-best-path.cc:99) For utterance pp41-domotica3_command67, best cost 181.065 + -461.135 = -280.07 over 241 frames.
pp41-domotica3_command67 staande lamp op een 
LOG (lattice-best-path[5.5.569~1-6f329]:main():lattice-best-path.cc:99) For utterance pp41-domotica3_command68, best cost 181.011 + -489.333 = -308.322 over 242 frames.
pp41-domotica3_command68 lamp op twee 
LOG (lattice-best-path[5.5.569~1-6f329]:main():lattice-best-path.cc:99) For utterance pp41-domotica3_command69, best cost 185.917 + -463.63 = -277.713 over 248 frames.
pp41-domotica3_command69 staande lamp op drie 
LOG (lattice-best-path[5.5.569~1-6f329]:main():lattice-best-path.cc:99) For utterance pp41-domotica3_command7, best cost 264.29 + -660.895 = -396.606 over 342 frames.
pp41-domotica3_command7 op drie de op stand een 
LOG (lattice-best-path[5.5.569~1-6f329]:main():lattice-best-path.cc:99) For utterance pp41-domotica3_command70, best cost 243.48 + -583.353 = -339.872 over 323 frames.
pp41-domotica3_command70 ik wil woonkamer 
LOG (lattice-best-path[5.5.569~1-6f329]:main():lattice-best-path.cc:99) For utterance pp41-domotica3_command71, best cost 151.801 + -347.069 = -195.269 over 202 frames.
pp41-domotica3_command71 voordeur sluiten 
LOG (lattice-best-path[5.5.569~1-6f329]:main():lattice-best-path.cc:99) For utterance pp41-domotica3_command72, best cost 152.268 + -329.405 = -177.137 over 205 frames.
pp41-domotica3_command72 drie 
LOG (lattice-best-path[5.5.569~1-6f329]:main():lattice-best-path.cc:99) For utterance pp41-domotica3_command73, best cost 225.236 + -534.188 = -308.953 over 302 frames.
pp41-domotica3_command73 uit in het huis 
LOG (lattice-best-path[5.5.569~1-6f329]:main():lattice-best-path.cc:99) For utterance pp41-domotica3_command74, best cost 202.694 + -513.48 = -310.786 over 263 frames.
pp41-domotica3_command74 uit in het dicht 
LOG (lattice-best-path[5.5.569~1-6f329]:main():lattice-best-path.cc:99) For utterance pp41-domotica3_command75, best cost 223.515 + -522.039 = -298.524 over 297 frames.
pp41-domotica3_command75 de deur van de badkamer open 
LOG (lattice-best-path[5.5.569~1-6f329]:main():lattice-best-path.cc:99) For utterance pp41-domotica3_command76, best cost 255.201 + -642.659 = -387.458 over 328 frames.
pp41-domotica3_command76 uit in steek het licht van de badkamer aan 
LOG (lattice-best-path[5.5.569~1-6f329]:main():lattice-best-path.cc:99) For utterance pp41-domotica3_command77, best cost 231.406 + -592.121 = -360.716 over 302 frames.
pp41-domotica3_command77 uit in de op een 
LOG (lattice-best-path[5.5.569~1-6f329]:main():lattice-best-path.cc:99) For utterance pp41-domotica3_command78, best cost 210.57 + -532.031 = -321.461 over 278 frames.
pp41-domotica3_command78 de op stand drie 
LOG (lattice-best-path[5.5.569~1-6f329]:main():lattice-best-path.cc:99) For utterance pp41-domotica3_command79, best cost 200.267 + -511.968 = -311.701 over 270 frames.
pp41-domotica3_command79 hoofdeinde op een 
LOG (lattice-best-path[5.5.569~1-6f329]:main():lattice-best-path.cc:99) For utterance pp41-domotica3_command8, best cost 254.678 + -647.066 = -392.388 over 335 frames.
pp41-domotica3_command8 op drie hoofdeinde op drie 
LOG (lattice-best-path[5.5.569~1-6f329]:main():lattice-best-path.cc:99) For utterance pp41-domotica3_command80, best cost 262.985 + -630.192 = -367.207 over 351 frames.
pp41-domotica3_command80 steek het op een 
LOG (lattice-best-path[5.5.569~1-6f329]:main():lattice-best-path.cc:99) For utterance pp41-domotica3_command81, best cost 285.873 + -698.214 = -412.341 over 381 frames.
pp41-domotica3_command81 alle van de slaapkamer dicht 
LOG (lattice-best-path[5.5.569~1-6f329]:main():lattice-best-path.cc:99) For utterance pp41-domotica3_command82, best cost 246.606 + -562.909 = -316.302 over 340 frames.
pp41-domotica3_command82 sluiten 
LOG (lattice-best-path[5.5.569~1-6f329]:main():lattice-best-path.cc:99) For utterance pp41-domotica3_command83, best cost 229.868 + -526.781 = -296.913 over 318 frames.
pp41-domotica3_command83 dicht 
LOG (lattice-best-path[5.5.569~1-6f329]:main():lattice-best-path.cc:99) For utterance pp41-domotica3_command84, best cost 291.935 + -739.671 = -447.735 over 396 frames.
pp41-domotica3_command84 van open 
LOG (lattice-best-path[5.5.569~1-6f329]:main():lattice-best-path.cc:99) For utterance pp41-domotica3_command85, best cost 232.835 + -650.799 = -417.964 over 312 frames.
pp41-domotica3_command85 uit dicht 
LOG (lattice-best-path[5.5.569~1-6f329]:main():lattice-best-path.cc:99) For utterance pp41-domotica3_command86, best cost 263.726 + -598.356 = -334.63 over 348 frames.
pp41-domotica3_command86 uit in de rolluik van de woonkamer omhoog 
LOG (lattice-best-path[5.5.569~1-6f329]:main():lattice-best-path.cc:99) For utterance pp41-domotica3_command87, best cost 225.655 + -521.597 = -295.942 over 294 frames.
pp41-domotica3_command87 uit in steek het huis 
LOG (lattice-best-path[5.5.569~1-6f329]:main():lattice-best-path.cc:99) For utterance pp41-domotica3_command88, best cost 256.682 + -623.985 = -367.303 over 342 frames.
pp41-domotica3_command88 op het licht aan 
LOG (lattice-best-path[5.5.569~1-6f329]:main():lattice-best-path.cc:99) For utterance pp41-domotica3_command89, best cost 219.157 + -569.198 = -350.041 over 276 frames.
pp41-domotica3_command89 uit in de keuken aan op een 
LOG (lattice-best-path[5.5.569~1-6f329]:main():lattice-best-path.cc:99) For utterance pp41-domotica3_command90, best cost 187.303 + -499.565 = -312.261 over 250 frames.
pp41-domotica3_command90 staande lamp op twee 
LOG (lattice-best-path[5.5.569~1-6f329]:main():lattice-best-path.cc:99) For utterance pp41-domotica3_command91, best cost 192.377 + -452.308 = -259.931 over 243 frames.
pp41-domotica3_command91 in het licht aan op drie 
LOG (lattice-best-path[5.5.569~1-6f329]:main():lattice-best-path.cc:99) For utterance pp41-domotica3_command92, best cost 265.196 + -587.142 = -321.945 over 336 frames.
pp41-domotica3_command92 alle wil graden in de woonkamer 
LOG (lattice-best-path[5.5.569~1-6f329]:main():lattice-best-path.cc:99) For utterance pp41-domotica3_command93, best cost 177.447 + -433.738 = -256.291 over 239 frames.
pp41-domotica3_command93 voordeur sluiten 
LOG (lattice-best-path[5.5.569~1-6f329]:main():lattice-best-path.cc:99) For utterance pp41-domotica3_command94, best cost 169.122 + -449.485 = -280.363 over 230 frames.
pp41-domotica3_command94 open 
LOG (lattice-best-path[5.5.569~1-6f329]:main():lattice-best-path.cc:99) For utterance pp41-domotica3_command95, best cost 244.576 + -604.854 = -360.279 over 337 frames.
pp41-domotica3_command95 uit 
LOG (lattice-best-path[5.5.569~1-6f329]:main():lattice-best-path.cc:99) For utterance pp41-domotica3_command96, best cost 225.611 + -588.724 = -363.113 over 291 frames.
pp41-domotica3_command96 alle het dicht 
LOG (lattice-scale[5.5.569~1-6f329]:main():lattice-scale.cc:107) Done 144 lattices.
LOG (lattice-best-path[5.5.569~1-6f329]:main():lattice-best-path.cc:99) For utterance pp41-domotica3_command97, best cost 266.675 + -691.38 = -424.706 over 368 frames.
pp41-domotica3_command97 badkamer open 
LOG (lattice-best-path[5.5.569~1-6f329]:main():lattice-best-path.cc:99) For utterance pp41-domotica3_command98, best cost 255.103 + -666.127 = -411.024 over 338 frames.
pp41-domotica3_command98 steek het licht van de badkamer 
LOG (lattice-best-path[5.5.569~1-6f329]:main():lattice-best-path.cc:99) For utterance pp41-domotica3_command99, best cost 189.92 + -478.755 = -288.835 over 257 frames.
pp41-domotica3_command99 op een 
LOG (lattice-add-penalty[5.5.569~1-6f329]:main():lattice-add-penalty.cc:62) Done adding word insertion penalty to 144 lattices.
LOG (lattice-best-path[5.5.569~1-6f329]:main():lattice-best-path.cc:124) Overall cost per frame is -1.12326 = 0.7444 [graph] + -1.86766 [acoustic] over 46454 frames.
LOG (lattice-best-path[5.5.569~1-6f329]:main():lattice-best-path.cc:128) Done 144 lattices, failed for 0
# Accounting: time=1 threads=1
# Ended (code 0) at Tue Mar 23 09:58:54 CET 2021, elapsed time 1 seconds
