# lattice-scale --inv-acoustic-scale=12 "ark:gunzip -c exp/percgncopas5k/chain_s/tdnn1k_sp/decode_test_5g_400k/lat.*.gz|" ark:- | lattice-add-penalty --word-ins-penalty=0.0 ark:- ark:- | lattice-best-path --word-symbol-table=exp/percgncopas5k/chain_s/tree_sp/graph_5g_400k/words.txt ark:- ark,t:exp/percgncopas5k/chain_s/tdnn1k_sp/decode_test_5g_400k/scoring/12.tra 
# Started at Tue Mar 23 09:58:54 CET 2021
#
lattice-best-path --word-symbol-table=exp/percgncopas5k/chain_s/tree_sp/graph_5g_400k/words.txt ark:- ark,t:exp/percgncopas5k/chain_s/tdnn1k_sp/decode_test_5g_400k/scoring/12.tra 
lattice-add-penalty --word-ins-penalty=0.0 ark:- ark:- 
lattice-scale --inv-acoustic-scale=12 'ark:gunzip -c exp/percgncopas5k/chain_s/tdnn1k_sp/decode_test_5g_400k/lat.*.gz|' ark:- 
LOG (lattice-best-path[5.5.569~1-6f329]:main():lattice-best-path.cc:99) For utterance pp41-domotica3_command1, best cost 188.533 + -360.2 = -171.667 over 255 frames.
pp41-domotica3_command1 op drie 
LOG (lattice-best-path[5.5.569~1-6f329]:main():lattice-best-path.cc:99) For utterance pp41-domotica3_command100, best cost 221.008 + -467.474 = -246.466 over 287 frames.
pp41-domotica3_command100 uit in de op een 
LOG (lattice-best-path[5.5.569~1-6f329]:main():lattice-best-path.cc:99) For utterance pp41-domotica3_command101, best cost 243.292 + -553.682 = -310.39 over 334 frames.
pp41-domotica3_command101 op een 
LOG (lattice-best-path[5.5.569~1-6f329]:main():lattice-best-path.cc:99) For utterance pp41-domotica3_command102, best cost 257.713 + -578.922 = -321.209 over 351 frames.
pp41-domotica3_command102 steek het lampje aan 
LOG (lattice-best-path[5.5.569~1-6f329]:main():lattice-best-path.cc:99) For utterance pp41-domotica3_command103, best cost 304.403 + -648.765 = -344.362 over 415 frames.
pp41-domotica3_command103 rolluiken van de slaapkamer dicht 
LOG (lattice-best-path[5.5.569~1-6f329]:main():lattice-best-path.cc:99) For utterance pp41-domotica3_command104, best cost 285.289 + -594.122 = -308.833 over 395 frames.
pp41-domotica3_command104 slaapkamer open 
LOG (lattice-best-path[5.5.569~1-6f329]:main():lattice-best-path.cc:99) For utterance pp41-domotica3_command105, best cost 258.436 + -529.552 = -271.115 over 355 frames.
pp41-domotica3_command105 de gordijnen dicht 
LOG (lattice-best-path[5.5.569~1-6f329]:main():lattice-best-path.cc:99) For utterance pp41-domotica3_command106, best cost 290.724 + -622.515 = -331.791 over 392 frames.
pp41-domotica3_command106 rolluik van de open 
LOG (lattice-best-path[5.5.569~1-6f329]:main():lattice-best-path.cc:99) For utterance pp41-domotica3_command107, best cost 191.939 + -410.822 = -218.882 over 253 frames.
pp41-domotica3_command107 uit dicht 
LOG (lattice-best-path[5.5.569~1-6f329]:main():lattice-best-path.cc:99) For utterance pp41-domotica3_command108, best cost 308.615 + -639.151 = -330.537 over 421 frames.
pp41-domotica3_command108 rolluik van de woonkamer omhoog 
LOG (lattice-best-path[5.5.569~1-6f329]:main():lattice-best-path.cc:99) For utterance pp41-domotica3_command109, best cost 266.001 + -582.785 = -316.784 over 363 frames.
pp41-domotica3_command109 steek het licht aan 
LOG (lattice-best-path[5.5.569~1-6f329]:main():lattice-best-path.cc:99) For utterance pp41-domotica3_command11, best cost 293.678 + -636.238 = -342.56 over 407 frames.
pp41-domotica3_command11 gordijnen dicht 
LOG (lattice-best-path[5.5.569~1-6f329]:main():lattice-best-path.cc:99) For utterance pp41-domotica3_command110, best cost 273.939 + -626.063 = -352.124 over 385 frames.
pp41-domotica3_command110 
LOG (lattice-best-path[5.5.569~1-6f329]:main():lattice-best-path.cc:99) For utterance pp41-domotica3_command111, best cost 204.475 + -466.669 = -262.194 over 278 frames.
pp41-domotica3_command111 op een 
LOG (lattice-best-path[5.5.569~1-6f329]:main():lattice-best-path.cc:99) For utterance pp41-domotica3_command112, best cost 191.461 + -401.285 = -209.824 over 256 frames.
pp41-domotica3_command112 staande lamp op een 
LOG (lattice-best-path[5.5.569~1-6f329]:main():lattice-best-path.cc:99) For utterance pp41-domotica3_command113, best cost 213.612 + -452.055 = -238.443 over 280 frames.
pp41-domotica3_command113 graden op drie 
LOG (lattice-best-path[5.5.569~1-6f329]:main():lattice-best-path.cc:99) For utterance pp41-domotica3_command114, best cost 278.6 + -541.175 = -262.575 over 355 frames.
pp41-domotica3_command114 ik wil woonkamer graden in de woonkamer 
LOG (lattice-best-path[5.5.569~1-6f329]:main():lattice-best-path.cc:99) For utterance pp41-domotica3_command115, best cost 184.379 + -384.156 = -199.777 over 249 frames.
pp41-domotica3_command115 voordeur sluiten 
LOG (lattice-best-path[5.5.569~1-6f329]:main():lattice-best-path.cc:99) For utterance pp41-domotica3_command116, best cost 176.899 + -358.253 = -181.354 over 245 frames.
pp41-domotica3_command116 
LOG (lattice-best-path[5.5.569~1-6f329]:main():lattice-best-path.cc:99) For utterance pp41-domotica3_command117, best cost 243.257 + -523.593 = -280.335 over 328 frames.
pp41-domotica3_command117 uit in het huis 
LOG (lattice-best-path[5.5.569~1-6f329]:main():lattice-best-path.cc:99) For utterance pp41-domotica3_command118, best cost 228.792 + -493.433 = -264.641 over 309 frames.
pp41-domotica3_command118 het licht 
LOG (lattice-best-path[5.5.569~1-6f329]:main():lattice-best-path.cc:99) For utterance pp41-domotica3_command119, best cost 237.241 + -503.393 = -266.152 over 318 frames.
pp41-domotica3_command119 deur van de badkamer open 
LOG (lattice-best-path[5.5.569~1-6f329]:main():lattice-best-path.cc:99) For utterance pp41-domotica3_command12, best cost 272.654 + -557.754 = -285.1 over 369 frames.
pp41-domotica3_command12 het licht van de slaapkamer open 
LOG (lattice-best-path[5.5.569~1-6f329]:main():lattice-best-path.cc:99) For utterance pp41-domotica3_command120, best cost 272.803 + -617.695 = -344.892 over 362 frames.
pp41-domotica3_command120 uit in het licht van de badkamer aan 
LOG (lattice-best-path[5.5.569~1-6f329]:main():lattice-best-path.cc:99) For utterance pp41-domotica3_command121, best cost 230.072 + -497.308 = -267.236 over 313 frames.
pp41-domotica3_command121 hoofdeinde op een 
LOG (lattice-best-path[5.5.569~1-6f329]:main():lattice-best-path.cc:99) For utterance pp41-domotica3_command122, best cost 222.498 + -484.41 = -261.912 over 304 frames.
pp41-domotica3_command122 op een 
LOG (lattice-best-path[5.5.569~1-6f329]:main():lattice-best-path.cc:99) For utterance pp41-domotica3_command123, best cost 216.186 + -460.6 = -244.414 over 292 frames.
pp41-domotica3_command123 hoofdeinde op stand drie 
LOG (lattice-best-path[5.5.569~1-6f329]:main():lattice-best-path.cc:99) For utterance pp41-domotica3_command124, best cost 290.926 + -667.039 = -376.113 over 387 frames.
pp41-domotica3_command124 steek het licht in de keuken aan 
LOG (lattice-best-path[5.5.569~1-6f329]:main():lattice-best-path.cc:99) For utterance pp41-domotica3_command126, best cost 315.555 + -640.496 = -324.941 over 431 frames.
pp41-domotica3_command126 deur van de slaapkamer dicht 
LOG (lattice-best-path[5.5.569~1-6f329]:main():lattice-best-path.cc:99) For utterance pp41-domotica3_command127, best cost 289.448 + -620.328 = -330.88 over 401 frames.
pp41-domotica3_command127 slaapkamer open 
LOG (lattice-best-path[5.5.569~1-6f329]:main():lattice-best-path.cc:99) For utterance pp41-domotica3_command128, best cost 297.255 + -659.407 = -362.153 over 413 frames.
pp41-domotica3_command128 uit 
LOG (lattice-best-path[5.5.569~1-6f329]:main():lattice-best-path.cc:99) For utterance pp41-domotica3_command129, best cost 312.038 + -666.73 = -354.691 over 425 frames.
pp41-domotica3_command129 rolluik open 
LOG (lattice-best-path[5.5.569~1-6f329]:main():lattice-best-path.cc:99) For utterance pp41-domotica3_command13, best cost 302.072 + -641.432 = -339.36 over 412 frames.
pp41-domotica3_command13 van de dicht 
LOG (lattice-best-path[5.5.569~1-6f329]:main():lattice-best-path.cc:99) For utterance pp41-domotica3_command130, best cost 187.586 + -440.845 = -253.259 over 257 frames.
pp41-domotica3_command130 dicht 
LOG (lattice-best-path[5.5.569~1-6f329]:main():lattice-best-path.cc:99) For utterance pp41-domotica3_command131, best cost 296.831 + -597.274 = -300.443 over 404 frames.
pp41-domotica3_command131 rolluik van de woonkamer omhoog 
LOG (lattice-best-path[5.5.569~1-6f329]:main():lattice-best-path.cc:99) For utterance pp41-domotica3_command132, best cost 270.853 + -563.143 = -292.29 over 370 frames.
pp41-domotica3_command132 steek het licht aan 
LOG (lattice-best-path[5.5.569~1-6f329]:main():lattice-best-path.cc:99) For utterance pp41-domotica3_command133, best cost 268.265 + -545.702 = -277.436 over 368 frames.
pp41-domotica3_command133 het licht aan 
LOG (lattice-best-path[5.5.569~1-6f329]:main():lattice-best-path.cc:99) For utterance pp41-domotica3_command134, best cost 230.459 + -518.515 = -288.056 over 301 frames.
pp41-domotica3_command134 keuken aan op een 
LOG (lattice-best-path[5.5.569~1-6f329]:main():lattice-best-path.cc:99) For utterance pp41-domotica3_command135, best cost 206.554 + -458.82 = -252.265 over 281 frames.
pp41-domotica3_command135 op drie 
LOG (lattice-best-path[5.5.569~1-6f329]:main():lattice-best-path.cc:99) For utterance pp41-domotica3_command136, best cost 214.306 + -449.309 = -235.003 over 281 frames.
pp41-domotica3_command136 graden op drie 
LOG (lattice-best-path[5.5.569~1-6f329]:main():lattice-best-path.cc:99) For utterance pp41-domotica3_command137, best cost 313.554 + -644.534 = -330.98 over 431 frames.
pp41-domotica3_command137 in de woonkamer 
LOG (lattice-best-path[5.5.569~1-6f329]:main():lattice-best-path.cc:99) For utterance pp41-domotica3_command138, best cost 221.809 + -458.959 = -237.15 over 303 frames.
pp41-domotica3_command138 voordeur sluiten 
LOG (lattice-best-path[5.5.569~1-6f329]:main():lattice-best-path.cc:99) For utterance pp41-domotica3_command139, best cost 203.422 + -429.947 = -226.525 over 264 frames.
pp41-domotica3_command139 alle de deur openen 
LOG (lattice-best-path[5.5.569~1-6f329]:main():lattice-best-path.cc:99) For utterance pp41-domotica3_command14, best cost 293.39 + -629.437 = -336.047 over 399 frames.
pp41-domotica3_command14 uit open 
LOG (lattice-best-path[5.5.569~1-6f329]:main():lattice-best-path.cc:99) For utterance pp41-domotica3_command140, best cost 301.547 + -717.339 = -415.792 over 416 frames.
pp41-domotica3_command140 alle lichten uit 
LOG (lattice-best-path[5.5.569~1-6f329]:main():lattice-best-path.cc:99) For utterance pp41-domotica3_command141, best cost 237.109 + -511.203 = -274.093 over 321 frames.
pp41-domotica3_command141 het licht 
LOG (lattice-best-path[5.5.569~1-6f329]:main():lattice-best-path.cc:99) For utterance pp41-domotica3_command142, best cost 279.283 + -607.135 = -327.852 over 385 frames.
pp41-domotica3_command142 de badkamer open 
LOG (lattice-best-path[5.5.569~1-6f329]:main():lattice-best-path.cc:99) For utterance pp41-domotica3_command143, best cost 298.181 + -691.325 = -393.144 over 403 frames.
pp41-domotica3_command143 steek het licht van de badkamer aan 
LOG (lattice-best-path[5.5.569~1-6f329]:main():lattice-best-path.cc:99) For utterance pp41-domotica3_command144, best cost 264.78 + -601.804 = -337.024 over 365 frames.
pp41-domotica3_command144 op een 
LOG (lattice-best-path[5.5.569~1-6f329]:main():lattice-best-path.cc:99) For utterance pp41-domotica3_command145, best cost 222.476 + -477.598 = -255.122 over 303 frames.
pp41-domotica3_command145 op stand een 
LOG (lattice-best-path[5.5.569~1-6f329]:main():lattice-best-path.cc:99) For utterance pp41-domotica3_command146, best cost 245.542 + -516.367 = -270.824 over 326 frames.
pp41-domotica3_command146 uit op stand drie 
LOG (lattice-best-path[5.5.569~1-6f329]:main():lattice-best-path.cc:99) For utterance pp41-domotica3_command148, best cost 296.621 + -689.036 = -392.415 over 386 frames.
pp41-domotica3_command148 steek het ik keuken aan 
LOG (lattice-best-path[5.5.569~1-6f329]:main():lattice-best-path.cc:99) For utterance pp41-domotica3_command149, best cost 275.615 + -598.68 = -323.065 over 384 frames.
pp41-domotica3_command149 dicht 
LOG (lattice-best-path[5.5.569~1-6f329]:main():lattice-best-path.cc:99) For utterance pp41-domotica3_command15, best cost 219.471 + -452.064 = -232.593 over 303 frames.
pp41-domotica3_command15 dicht 
LOG (lattice-best-path[5.5.569~1-6f329]:main():lattice-best-path.cc:99) For utterance pp41-domotica3_command150, best cost 301.874 + -629.794 = -327.92 over 412 frames.
pp41-domotica3_command150 rolluik van de slaapkamer dicht 
LOG (lattice-best-path[5.5.569~1-6f329]:main():lattice-best-path.cc:99) For utterance pp41-domotica3_command151, best cost 284.226 + -611.689 = -327.463 over 387 frames.
pp41-domotica3_command151 gordijnen van de slaapkamer open 
LOG (lattice-best-path[5.5.569~1-6f329]:main():lattice-best-path.cc:99) For utterance pp41-domotica3_command16, best cost 252.831 + -543.25 = -290.419 over 344 frames.
pp41-domotica3_command16 steek het licht aan 
LOG (lattice-best-path[5.5.569~1-6f329]:main():lattice-best-path.cc:99) For utterance pp41-domotica3_command17, best cost 250.244 + -513.478 = -263.234 over 342 frames.
pp41-domotica3_command17 het licht aan 
LOG (lattice-best-path[5.5.569~1-6f329]:main():lattice-best-path.cc:99) For utterance pp41-domotica3_command18, best cost 210.369 + -444.816 = -234.447 over 284 frames.
pp41-domotica3_command18 op 
LOG (lattice-best-path[5.5.569~1-6f329]:main():lattice-best-path.cc:99) For utterance pp41-domotica3_command19, best cost 178.292 + -353.604 = -175.312 over 237 frames.
pp41-domotica3_command19 staande lamp op twee 
LOG (lattice-best-path[5.5.569~1-6f329]:main():lattice-best-path.cc:99) For utterance pp41-domotica3_command2, best cost 266.063 + -547.893 = -281.83 over 368 frames.
pp41-domotica3_command2 uit 
LOG (lattice-best-path[5.5.569~1-6f329]:main():lattice-best-path.cc:99) For utterance pp41-domotica3_command20, best cost 186.145 + -378.365 = -192.22 over 254 frames.
pp41-domotica3_command20 aan 
LOG (lattice-best-path[5.5.569~1-6f329]:main():lattice-best-path.cc:99) For utterance pp41-domotica3_command21, best cost 288.79 + -586.59 = -297.8 over 380 frames.
pp41-domotica3_command21 ik wil graden in de woonkamer 
LOG (lattice-best-path[5.5.569~1-6f329]:main():lattice-best-path.cc:99) For utterance pp41-domotica3_command22, best cost 212.798 + -441.595 = -228.797 over 290 frames.
pp41-domotica3_command22 voordeur sluiten 
LOG (lattice-best-path[5.5.569~1-6f329]:main():lattice-best-path.cc:99) For utterance pp41-domotica3_command23, best cost 175.36 + -362.356 = -186.996 over 239 frames.
pp41-domotica3_command23 open 
LOG (lattice-best-path[5.5.569~1-6f329]:main():lattice-best-path.cc:99) For utterance pp41-domotica3_command24, best cost 234.059 + -516.539 = -282.48 over 323 frames.
pp41-domotica3_command24 drie 
LOG (lattice-best-path[5.5.569~1-6f329]:main():lattice-best-path.cc:99) For utterance pp41-domotica3_command25, best cost 212.759 + -453.087 = -240.328 over 284 frames.
pp41-domotica3_command25 uit in het huis 
LOG (lattice-best-path[5.5.569~1-6f329]:main():lattice-best-path.cc:99) For utterance pp41-domotica3_command27, best cost 211.355 + -394.655 = -183.3 over 287 frames.
pp41-domotica3_command27 de badkamer open 
LOG (lattice-best-path[5.5.569~1-6f329]:main():lattice-best-path.cc:99) For utterance pp41-domotica3_command28, best cost 274.824 + -610.053 = -335.229 over 364 frames.
pp41-domotica3_command28 steek het licht het 
LOG (lattice-best-path[5.5.569~1-6f329]:main():lattice-best-path.cc:99) For utterance pp41-domotica3_command29, best cost 215.516 + -442.008 = -226.492 over 292 frames.
pp41-domotica3_command29 hoofdeinde op een 
LOG (lattice-best-path[5.5.569~1-6f329]:main():lattice-best-path.cc:99) For utterance pp41-domotica3_command3, best cost 215.995 + -433.156 = -217.161 over 281 frames.
pp41-domotica3_command3 uit in het licht dicht 
LOG (lattice-best-path[5.5.569~1-6f329]:main():lattice-best-path.cc:99) For utterance pp41-domotica3_command31, best cost 193.362 + -374.493 = -181.131 over 261 frames.
pp41-domotica3_command31 op stand drie 
LOG (lattice-best-path[5.5.569~1-6f329]:main():lattice-best-path.cc:99) For utterance pp41-domotica3_command32, best cost 223.861 + -497.73 = -273.869 over 305 frames.
pp41-domotica3_command32 op stand drie 
LOG (lattice-best-path[5.5.569~1-6f329]:main():lattice-best-path.cc:99) For utterance pp41-domotica3_command34, best cost 254.128 + -532.878 = -278.75 over 353 frames.
pp41-domotica3_command34 dicht 
LOG (lattice-best-path[5.5.569~1-6f329]:main():lattice-best-path.cc:99) For utterance pp41-domotica3_command35, best cost 370.45 + -797.958 = -427.508 over 514 frames.
pp41-domotica3_command35 doe de slaapkamer dicht 
LOG (lattice-best-path[5.5.569~1-6f329]:main():lattice-best-path.cc:99) For utterance pp41-domotica3_command36, best cost 282.516 + -628.33 = -345.813 over 391 frames.
pp41-domotica3_command36 slaapkamer open 
LOG (lattice-best-path[5.5.569~1-6f329]:main():lattice-best-path.cc:99) For utterance pp41-domotica3_command37, best cost 219.181 + -434.928 = -215.747 over 306 frames.
pp41-domotica3_command37 
LOG (lattice-best-path[5.5.569~1-6f329]:main():lattice-best-path.cc:99) For utterance pp41-domotica3_command38, best cost 252.993 + -515.286 = -262.293 over 351 frames.
pp41-domotica3_command38 open 
LOG (lattice-best-path[5.5.569~1-6f329]:main():lattice-best-path.cc:99) For utterance pp41-domotica3_command39, best cost 179.961 + -418.554 = -238.592 over 246 frames.
pp41-domotica3_command39 dicht 
LOG (lattice-best-path[5.5.569~1-6f329]:main():lattice-best-path.cc:99) For utterance pp41-domotica3_command4, best cost 247.917 + -535.117 = -287.2 over 334 frames.
pp41-domotica3_command4 het open 
LOG (lattice-best-path[5.5.569~1-6f329]:main():lattice-best-path.cc:99) For utterance pp41-domotica3_command40, best cost 266.454 + -538.409 = -271.955 over 367 frames.
pp41-domotica3_command40 woonkamer omhoog 
LOG (lattice-best-path[5.5.569~1-6f329]:main():lattice-best-path.cc:99) For utterance pp41-domotica3_command41, best cost 231.947 + -459.048 = -227.1 over 321 frames.
pp41-domotica3_command41 dicht 
LOG (lattice-best-path[5.5.569~1-6f329]:main():lattice-best-path.cc:99) For utterance pp41-domotica3_command42, best cost 257.997 + -557.518 = -299.521 over 362 frames.
pp41-domotica3_command42 
LOG (lattice-best-path[5.5.569~1-6f329]:main():lattice-best-path.cc:99) For utterance pp41-domotica3_command43, best cost 186.603 + -420.988 = -234.385 over 259 frames.
pp41-domotica3_command43 
LOG (lattice-best-path[5.5.569~1-6f329]:main():lattice-best-path.cc:99) For utterance pp41-domotica3_command44, best cost 185.917 + -371.948 = -186.031 over 248 frames.
pp41-domotica3_command44 staande lamp op twee 
LOG (lattice-best-path[5.5.569~1-6f329]:main():lattice-best-path.cc:99) For utterance pp41-domotica3_command45, best cost 193.488 + -407.913 = -214.425 over 260 frames.
pp41-domotica3_command45 lamp op drie 
LOG (lattice-best-path[5.5.569~1-6f329]:main():lattice-best-path.cc:99) For utterance pp41-domotica3_command46, best cost 251.798 + -493.554 = -241.756 over 335 frames.
pp41-domotica3_command46 ik wil woonkamer 
LOG (lattice-best-path[5.5.569~1-6f329]:main():lattice-best-path.cc:99) For utterance pp41-domotica3_command47, best cost 187.843 + -404.801 = -216.957 over 254 frames.
pp41-domotica3_command47 voordeur sluiten 
LOG (lattice-best-path[5.5.569~1-6f329]:main():lattice-best-path.cc:99) For utterance pp41-domotica3_command48, best cost 155.955 + -327.836 = -171.882 over 208 frames.
pp41-domotica3_command48 op een 
LOG (lattice-best-path[5.5.569~1-6f329]:main():lattice-best-path.cc:99) For utterance pp41-domotica3_command49, best cost 219.181 + -507.577 = -288.396 over 306 frames.
pp41-domotica3_command49 
LOG (lattice-best-path[5.5.569~1-6f329]:main():lattice-best-path.cc:99) For utterance pp41-domotica3_command5, best cost 266.228 + -545.161 = -278.933 over 347 frames.
pp41-domotica3_command5 steek het licht van het 
LOG (lattice-best-path[5.5.569~1-6f329]:main():lattice-best-path.cc:99) For utterance pp41-domotica3_command50, best cost 190.828 + -392.589 = -201.761 over 252 frames.
pp41-domotica3_command50 het dicht 
LOG (lattice-best-path[5.5.569~1-6f329]:main():lattice-best-path.cc:99) For utterance pp41-domotica3_command51, best cost 227.858 + -478.983 = -251.124 over 312 frames.
pp41-domotica3_command51 badkamer open 
LOG (lattice-best-path[5.5.569~1-6f329]:main():lattice-best-path.cc:99) For utterance pp41-domotica3_command52, best cost 243.684 + -484.13 = -240.446 over 333 frames.
pp41-domotica3_command52 steek het huis 
LOG (lattice-best-path[5.5.569~1-6f329]:main():lattice-best-path.cc:99) For utterance pp41-domotica3_command53, best cost 210.947 + -427.69 = -216.742 over 276 frames.
pp41-domotica3_command53 doe de op stand een 
LOG (lattice-best-path[5.5.569~1-6f329]:main():lattice-best-path.cc:99) For utterance pp41-domotica3_command54, best cost 203.067 + -406.31 = -203.243 over 275 frames.
pp41-domotica3_command54 op stand een 
LOG (lattice-best-path[5.5.569~1-6f329]:main():lattice-best-path.cc:99) For utterance pp41-domotica3_command55, best cost 206.704 + -438.516 = -231.812 over 288 frames.
pp41-domotica3_command55 
LOG (lattice-best-path[5.5.569~1-6f329]:main():lattice-best-path.cc:99) For utterance pp41-domotica3_command56, best cost 254.247 + -508.568 = -254.321 over 346 frames.
pp41-domotica3_command56 steek het lampje aan 
LOG (lattice-best-path[5.5.569~1-6f329]:main():lattice-best-path.cc:99) For utterance pp41-domotica3_command57, best cost 272.962 + -559.109 = -286.148 over 373 frames.
pp41-domotica3_command57 steek het lampje aan 
LOG (lattice-best-path[5.5.569~1-6f329]:main():lattice-best-path.cc:99) For utterance pp41-domotica3_command58, best cost 276.309 + -521.738 = -245.43 over 385 frames.
pp41-domotica3_command58 dicht 
LOG (lattice-best-path[5.5.569~1-6f329]:main():lattice-best-path.cc:99) For utterance pp41-domotica3_command59, best cost 273.153 + -554.182 = -281.03 over 370 frames.
pp41-domotica3_command59 deur van de slaapkamer open 
LOG (lattice-best-path[5.5.569~1-6f329]:main():lattice-best-path.cc:99) For utterance pp41-domotica3_command6, best cost 257.848 + -578.786 = -320.938 over 355 frames.
pp41-domotica3_command6 op een 
LOG (lattice-best-path[5.5.569~1-6f329]:main():lattice-best-path.cc:99) For utterance pp41-domotica3_command60, best cost 258.841 + -474.381 = -215.54 over 342 frames.
pp41-domotica3_command60 doe de keuken omhoog 
LOG (lattice-best-path[5.5.569~1-6f329]:main():lattice-best-path.cc:99) For utterance pp41-domotica3_command61, best cost 223.192 + -408.461 = -185.269 over 298 frames.
pp41-domotica3_command61 doe de dicht 
LOG (lattice-best-path[5.5.569~1-6f329]:main():lattice-best-path.cc:99) For utterance pp41-domotica3_command62, best cost 229.876 + -395.345 = -165.469 over 303 frames.
pp41-domotica3_command62 de rolluik van de open 
LOG (lattice-best-path[5.5.569~1-6f329]:main():lattice-best-path.cc:99) For utterance pp41-domotica3_command63, best cost 203.168 + -402.776 = -199.609 over 268 frames.
pp41-domotica3_command63 de deur dicht 
LOG (lattice-best-path[5.5.569~1-6f329]:main():lattice-best-path.cc:99) For utterance pp41-domotica3_command64, best cost 265.806 + -522.225 = -256.419 over 351 frames.
pp41-domotica3_command64 uit in de rolluik van de woonkamer omhoog 
LOG (lattice-best-path[5.5.569~1-6f329]:main():lattice-best-path.cc:99) For utterance pp41-domotica3_command65, best cost 233.423 + -484.967 = -251.544 over 316 frames.
pp41-domotica3_command65 steek het licht aan 
LOG (lattice-best-path[5.5.569~1-6f329]:main():lattice-best-path.cc:99) For utterance pp41-domotica3_command66, best cost 225.258 + -423.105 = -197.847 over 299 frames.
pp41-domotica3_command66 het licht van de slaapkamer uit 
LOG (lattice-best-path[5.5.569~1-6f329]:main():lattice-best-path.cc:99) For utterance pp41-domotica3_command67, best cost 181.065 + -384.279 = -203.214 over 241 frames.
pp41-domotica3_command67 staande lamp op een 
LOG (lattice-best-path[5.5.569~1-6f329]:main():lattice-best-path.cc:99) For utterance pp41-domotica3_command68, best cost 181.011 + -407.778 = -226.767 over 242 frames.
pp41-domotica3_command68 lamp op twee 
LOG (lattice-best-path[5.5.569~1-6f329]:main():lattice-best-path.cc:99) For utterance pp41-domotica3_command69, best cost 185.917 + -386.358 = -200.441 over 248 frames.
pp41-domotica3_command69 staande lamp op drie 
LOG (lattice-best-path[5.5.569~1-6f329]:main():lattice-best-path.cc:99) For utterance pp41-domotica3_command7, best cost 254.932 + -541.541 = -286.609 over 342 frames.
pp41-domotica3_command7 de op stand een 
LOG (lattice-best-path[5.5.569~1-6f329]:main():lattice-best-path.cc:99) For utterance pp41-domotica3_command70, best cost 239.56 + -482.48 = -242.92 over 323 frames.
pp41-domotica3_command70 ik wil 
LOG (lattice-best-path[5.5.569~1-6f329]:main():lattice-best-path.cc:99) For utterance pp41-domotica3_command71, best cost 151.801 + -289.225 = -137.424 over 202 frames.
pp41-domotica3_command71 voordeur sluiten 
LOG (lattice-best-path[5.5.569~1-6f329]:main():lattice-best-path.cc:99) For utterance pp41-domotica3_command72, best cost 152.268 + -274.504 = -122.236 over 205 frames.
pp41-domotica3_command72 drie 
LOG (lattice-best-path[5.5.569~1-6f329]:main():lattice-best-path.cc:99) For utterance pp41-domotica3_command73, best cost 225.236 + -445.157 = -219.921 over 302 frames.
pp41-domotica3_command73 uit in het huis 
LOG (lattice-best-path[5.5.569~1-6f329]:main():lattice-best-path.cc:99) For utterance pp41-domotica3_command74, best cost 202.694 + -427.9 = -225.206 over 263 frames.
pp41-domotica3_command74 uit in het dicht 
LOG (lattice-best-path[5.5.569~1-6f329]:main():lattice-best-path.cc:99) For utterance pp41-domotica3_command75, best cost 223.515 + -435.032 = -211.517 over 297 frames.
pp41-domotica3_command75 de deur van de badkamer open 
LOG (lattice-best-path[5.5.569~1-6f329]:main():lattice-best-path.cc:99) For utterance pp41-domotica3_command76, best cost 255.201 + -535.549 = -280.348 over 328 frames.
pp41-domotica3_command76 uit in steek het licht van de badkamer aan 
LOG (lattice-best-path[5.5.569~1-6f329]:main():lattice-best-path.cc:99) For utterance pp41-domotica3_command77, best cost 226.535 + -488.606 = -262.07 over 302 frames.
pp41-domotica3_command77 de op een 
LOG (lattice-best-path[5.5.569~1-6f329]:main():lattice-best-path.cc:99) For utterance pp41-domotica3_command78, best cost 210.57 + -443.359 = -232.79 over 278 frames.
pp41-domotica3_command78 de op stand drie 
LOG (lattice-best-path[5.5.569~1-6f329]:main():lattice-best-path.cc:99) For utterance pp41-domotica3_command79, best cost 200.267 + -426.64 = -226.373 over 270 frames.
pp41-domotica3_command79 hoofdeinde op een 
LOG (lattice-best-path[5.5.569~1-6f329]:main():lattice-best-path.cc:99) For utterance pp41-domotica3_command8, best cost 243.984 + -529.441 = -285.456 over 335 frames.
pp41-domotica3_command8 op drie 
LOG (lattice-best-path[5.5.569~1-6f329]:main():lattice-best-path.cc:99) For utterance pp41-domotica3_command80, best cost 262.985 + -525.16 = -262.175 over 351 frames.
pp41-domotica3_command80 steek het op een 
LOG (lattice-best-path[5.5.569~1-6f329]:main():lattice-best-path.cc:99) For utterance pp41-domotica3_command81, best cost 285.873 + -581.845 = -295.972 over 381 frames.
pp41-domotica3_command81 alle van de slaapkamer dicht 
LOG (lattice-best-path[5.5.569~1-6f329]:main():lattice-best-path.cc:99) For utterance pp41-domotica3_command82, best cost 246.606 + -469.091 = -222.484 over 340 frames.
pp41-domotica3_command82 sluiten 
LOG (lattice-best-path[5.5.569~1-6f329]:main():lattice-best-path.cc:99) For utterance pp41-domotica3_command83, best cost 229.868 + -438.984 = -209.117 over 318 frames.
pp41-domotica3_command83 dicht 
LOG (lattice-best-path[5.5.569~1-6f329]:main():lattice-best-path.cc:99) For utterance pp41-domotica3_command84, best cost 291.935 + -616.392 = -324.457 over 396 frames.
pp41-domotica3_command84 van open 
LOG (lattice-best-path[5.5.569~1-6f329]:main():lattice-best-path.cc:99) For utterance pp41-domotica3_command85, best cost 225.709 + -535.967 = -310.259 over 312 frames.
pp41-domotica3_command85 dicht 
LOG (lattice-best-path[5.5.569~1-6f329]:main():lattice-best-path.cc:99) For utterance pp41-domotica3_command86, best cost 258.014 + -493.078 = -235.064 over 348 frames.
pp41-domotica3_command86 rolluik van de woonkamer omhoog 
LOG (lattice-best-path[5.5.569~1-6f329]:main():lattice-best-path.cc:99) For utterance pp41-domotica3_command87, best cost 216.65 + -426.312 = -209.662 over 294 frames.
pp41-domotica3_command87 steek het huis 
LOG (lattice-best-path[5.5.569~1-6f329]:main():lattice-best-path.cc:99) For utterance pp41-domotica3_command88, best cost 250.244 + -513.957 = -263.713 over 342 frames.
pp41-domotica3_command88 het licht aan 
LOG (lattice-best-path[5.5.569~1-6f329]:main():lattice-best-path.cc:99) For utterance pp41-domotica3_command89, best cost 219.157 + -474.331 = -255.174 over 276 frames.
pp41-domotica3_command89 uit in de keuken aan op een 
LOG (lattice-best-path[5.5.569~1-6f329]:main():lattice-best-path.cc:99) For utterance pp41-domotica3_command90, best cost 187.303 + -416.304 = -229 over 250 frames.
pp41-domotica3_command90 staande lamp op twee 
LOG (lattice-best-path[5.5.569~1-6f329]:main():lattice-best-path.cc:99) For utterance pp41-domotica3_command91, best cost 192.377 + -376.924 = -184.546 over 243 frames.
pp41-domotica3_command91 in het licht aan op drie 
LOG (lattice-best-path[5.5.569~1-6f329]:main():lattice-best-path.cc:99) For utterance pp41-domotica3_command92, best cost 265.196 + -489.285 = -224.088 over 336 frames.
pp41-domotica3_command92 alle wil graden in de woonkamer 
LOG (lattice-best-path[5.5.569~1-6f329]:main():lattice-best-path.cc:99) For utterance pp41-domotica3_command93, best cost 177.447 + -361.448 = -184.001 over 239 frames.
pp41-domotica3_command93 voordeur sluiten 
LOG (lattice-best-path[5.5.569~1-6f329]:main():lattice-best-path.cc:99) For utterance pp41-domotica3_command94, best cost 169.122 + -374.571 = -205.449 over 230 frames.
pp41-domotica3_command94 open 
LOG (lattice-best-path[5.5.569~1-6f329]:main():lattice-best-path.cc:99) For utterance pp41-domotica3_command95, best cost 244.576 + -504.045 = -259.47 over 337 frames.
pp41-domotica3_command95 uit 
LOG (lattice-best-path[5.5.569~1-6f329]:main():lattice-best-path.cc:99) For utterance pp41-domotica3_command96, best cost 225.611 + -490.604 = -264.993 over 291 frames.
pp41-domotica3_command96 alle het dicht 
LOG (lattice-best-path[5.5.569~1-6f329]:main():lattice-best-path.cc:99) For utterance pp41-domotica3_command97, best cost 266.675 + -576.15 = -309.476 over 368 frames.
pp41-domotica3_command97 badkamer open 
LOG (lattice-scale[5.5.569~1-6f329]:main():lattice-scale.cc:107) Done 144 lattices.
LOG (lattice-best-path[5.5.569~1-6f329]:main():lattice-best-path.cc:99) For utterance pp41-domotica3_command98, best cost 255.103 + -555.106 = -300.003 over 338 frames.
pp41-domotica3_command98 steek het licht van de badkamer 
LOG (lattice-best-path[5.5.569~1-6f329]:main():lattice-best-path.cc:99) For utterance pp41-domotica3_command99, best cost 189.92 + -398.962 = -209.042 over 257 frames.
pp41-domotica3_command99 op een 
LOG (lattice-add-penalty[5.5.569~1-6f329]:main():lattice-add-penalty.cc:62) Done adding word insertion penalty to 144 lattices.
LOG (lattice-best-path[5.5.569~1-6f329]:main():lattice-best-path.cc:124) Overall cost per frame is -0.812306 = 0.739717 [graph] + -1.55202 [acoustic] over 46454 frames.
LOG (lattice-best-path[5.5.569~1-6f329]:main():lattice-best-path.cc:128) Done 144 lattices, failed for 0
# Accounting: time=0 threads=1
# Ended (code 0) at Tue Mar 23 09:58:54 CET 2021, elapsed time 0 seconds
