# lattice-scale --inv-acoustic-scale=17 "ark:gunzip -c exp/percgncopas5k/chain_s/tdnn1k_sp/decode_test_5g_400k/lat.*.gz|" ark:- | lattice-add-penalty --word-ins-penalty=0.0 ark:- ark:- | lattice-best-path --word-symbol-table=exp/percgncopas5k/chain_s/tree_sp/graph_5g_400k/words.txt ark:- ark,t:exp/percgncopas5k/chain_s/tdnn1k_sp/decode_test_5g_400k/scoring/17.tra 
# Started at Tue Mar 23 10:36:56 CET 2021
#
lattice-add-penalty --word-ins-penalty=0.0 ark:- ark:- 
lattice-best-path --word-symbol-table=exp/percgncopas5k/chain_s/tree_sp/graph_5g_400k/words.txt ark:- ark,t:exp/percgncopas5k/chain_s/tdnn1k_sp/decode_test_5g_400k/scoring/17.tra 
lattice-scale --inv-acoustic-scale=17 'ark:gunzip -c exp/percgncopas5k/chain_s/tdnn1k_sp/decode_test_5g_400k/lat.*.gz|' ark:- 
LOG (lattice-best-path[5.5.569~1-6f329]:main():lattice-best-path.cc:99) For utterance pp43-domotica3_command10, best cost 121.847 + -222.224 = -100.377 over 150 frames.
pp43-domotica3_command10 doe het licht uit in de slaapkamer 
LOG (lattice-best-path[5.5.569~1-6f329]:main():lattice-best-path.cc:99) For utterance pp43-domotica3_command100, best cost 133.632 + -224.591 = -90.9587 over 163 frames.
pp43-domotica3_command100 het licht aansteken boven het licht aansteken 
LOG (lattice-best-path[5.5.569~1-6f329]:main():lattice-best-path.cc:99) For utterance pp43-domotica3_command101, best cost 115.609 + -208.752 = -93.1431 over 141 frames.
pp43-domotica3_command101 doe het licht uit in de slaapkamer 
LOG (lattice-best-path[5.5.569~1-6f329]:main():lattice-best-path.cc:99) For utterance pp43-domotica3_command102, best cost 123.823 + -228.179 = -104.355 over 151 frames.
pp43-domotica3_command102 uit in de deur dicht in de woonkamer 
LOG (lattice-best-path[5.5.569~1-6f329]:main():lattice-best-path.cc:99) For utterance pp43-domotica3_command103, best cost 121.49 + -211.721 = -90.2317 over 145 frames.
pp43-domotica3_command103 open open de deur 
LOG (lattice-best-path[5.5.569~1-6f329]:main():lattice-best-path.cc:99) For utterance pp43-domotica3_command104, best cost 153.302 + -268.413 = -115.111 over 189 frames.
pp43-domotica3_command104 doe het licht uit in de zitkamer en de keuken 
LOG (lattice-best-path[5.5.569~1-6f329]:main():lattice-best-path.cc:99) For utterance pp43-domotica3_command105, best cost 138.948 + -236.743 = -97.7945 over 170 frames.
pp43-domotica3_command105 uit in hoofdeinde op stand een 
LOG (lattice-best-path[5.5.569~1-6f329]:main():lattice-best-path.cc:99) For utterance pp43-domotica3_command106, best cost 120.233 + -209.193 = -88.9598 over 143 frames.
pp43-domotica3_command106 uit in hoofdeinde op stand twee 
LOG (lattice-best-path[5.5.569~1-6f329]:main():lattice-best-path.cc:99) For utterance pp43-domotica3_command107, best cost 95.5058 + -169.137 = -73.6311 over 120 frames.
pp43-domotica3_command107 hoofdeinde op stand drie 
LOG (lattice-best-path[5.5.569~1-6f329]:main():lattice-best-path.cc:99) For utterance pp43-domotica3_command108, best cost 158.207 + -291.476 = -133.269 over 191 frames.
pp43-domotica3_command108 alle in de deur dicht van de kamer 
LOG (lattice-best-path[5.5.569~1-6f329]:main():lattice-best-path.cc:99) For utterance pp43-domotica3_command109, best cost 139.507 + -237.383 = -97.8766 over 170 frames.
pp43-domotica3_command109 in de deur slaapkamer open doen 
LOG (lattice-best-path[5.5.569~1-6f329]:main():lattice-best-path.cc:99) For utterance pp43-domotica3_command11, best cost 127.983 + -237.315 = -109.331 over 157 frames.
pp43-domotica3_command11 uit in de deur dicht in de woonkamer 
LOG (lattice-best-path[5.5.569~1-6f329]:main():lattice-best-path.cc:99) For utterance pp43-domotica3_command110, best cost 154.513 + -268.037 = -113.525 over 192 frames.
pp43-domotica3_command110 het licht aansteken boven het licht aansteken boven 
LOG (lattice-best-path[5.5.569~1-6f329]:main():lattice-best-path.cc:99) For utterance pp43-domotica3_command111, best cost 128.071 + -212.515 = -84.4434 over 148 frames.
pp43-domotica3_command111 uit in de deur dicht uit in de slaapkamer 
LOG (lattice-best-path[5.5.569~1-6f329]:main():lattice-best-path.cc:99) For utterance pp43-domotica3_command112, best cost 133.803 + -231.741 = -97.9376 over 167 frames.
pp43-domotica3_command112 in de deur dicht in de woonkamer 
LOG (lattice-best-path[5.5.569~1-6f329]:main():lattice-best-path.cc:99) For utterance pp43-domotica3_command113, best cost 99.8389 + -179.354 = -79.5152 over 124 frames.
pp43-domotica3_command113 open de deur 
LOG (lattice-best-path[5.5.569~1-6f329]:main():lattice-best-path.cc:99) For utterance pp43-domotica3_command114, best cost 155.713 + -289.701 = -133.988 over 194 frames.
pp43-domotica3_command114 doe alle lichten uit in de zitkamer en de keuken 
LOG (lattice-best-path[5.5.569~1-6f329]:main():lattice-best-path.cc:99) For utterance pp43-domotica3_command115, best cost 97.5081 + -170.429 = -72.9209 over 123 frames.
pp43-domotica3_command115 hoofdeinde op stand een 
LOG (lattice-best-path[5.5.569~1-6f329]:main():lattice-best-path.cc:99) For utterance pp43-domotica3_command116, best cost 104.439 + -193.313 = -88.8745 over 133 frames.
pp43-domotica3_command116 hoofdeinde op stand twee 
LOG (lattice-best-path[5.5.569~1-6f329]:main():lattice-best-path.cc:99) For utterance pp43-domotica3_command117, best cost 110.756 + -206.476 = -95.7197 over 142 frames.
pp43-domotica3_command117 hoofdeinde op stand drie 
LOG (lattice-best-path[5.5.569~1-6f329]:main():lattice-best-path.cc:99) For utterance pp43-domotica3_command118, best cost 118.569 + -201.653 = -83.0837 over 145 frames.
pp43-domotica3_command118 in de deur dicht van de kamer 
LOG (lattice-best-path[5.5.569~1-6f329]:main():lattice-best-path.cc:99) For utterance pp43-domotica3_command119, best cost 129.367 + -206.897 = -77.5295 over 165 frames.
pp43-domotica3_command119 in de slaapkamer open doen 
LOG (lattice-best-path[5.5.569~1-6f329]:main():lattice-best-path.cc:99) For utterance pp43-domotica3_command12, best cost 114.246 + -202.462 = -88.2153 over 132 frames.
pp43-domotica3_command12 uit in open de deur 
LOG (lattice-best-path[5.5.569~1-6f329]:main():lattice-best-path.cc:99) For utterance pp43-domotica3_command120, best cost 140.562 + -231.485 = -90.9229 over 173 frames.
pp43-domotica3_command120 het licht aansteken boven het licht aansteken 
LOG (lattice-best-path[5.5.569~1-6f329]:main():lattice-best-path.cc:99) For utterance pp43-domotica3_command121, best cost 121.319 + -209.259 = -87.9399 over 149 frames.
pp43-domotica3_command121 in de deur dicht in de slaapkamer 
LOG (lattice-best-path[5.5.569~1-6f329]:main():lattice-best-path.cc:99) For utterance pp43-domotica3_command122, best cost 125.903 + -224.613 = -98.7102 over 154 frames.
pp43-domotica3_command122 uit in de deur dicht in de woonkamer 
LOG (lattice-best-path[5.5.569~1-6f329]:main():lattice-best-path.cc:99) For utterance pp43-domotica3_command123, best cost 106.204 + -184.031 = -77.8276 over 122 frames.
pp43-domotica3_command123 in open de deur 
LOG (lattice-best-path[5.5.569~1-6f329]:main():lattice-best-path.cc:99) For utterance pp43-domotica3_command124, best cost 158.485 + -285.214 = -126.729 over 198 frames.
pp43-domotica3_command124 doe alle lichten uit in de zitkamer en de keuken 
LOG (lattice-best-path[5.5.569~1-6f329]:main():lattice-best-path.cc:99) For utterance pp43-domotica3_command125, best cost 110.113 + -184.194 = -74.0808 over 130 frames.
pp43-domotica3_command125 in hoofdeinde op stand een 
LOG (lattice-best-path[5.5.569~1-6f329]:main():lattice-best-path.cc:99) For utterance pp43-domotica3_command126, best cost 109.143 + -188.418 = -79.2753 over 127 frames.
pp43-domotica3_command126 uit in hoofdeinde op stand twee 
LOG (lattice-best-path[5.5.569~1-6f329]:main():lattice-best-path.cc:99) For utterance pp43-domotica3_command127, best cost 102.984 + -185.138 = -82.1543 over 118 frames.
pp43-domotica3_command127 uit in hoofdeinde op stand drie 
LOG (lattice-best-path[5.5.569~1-6f329]:main():lattice-best-path.cc:99) For utterance pp43-domotica3_command128, best cost 125.225 + -230.831 = -105.606 over 153 frames.
pp43-domotica3_command128 uit in de deur dicht van de kamer 
LOG (lattice-best-path[5.5.569~1-6f329]:main():lattice-best-path.cc:99) For utterance pp43-domotica3_command129, best cost 144.423 + -235.821 = -91.3985 over 184 frames.
pp43-domotica3_command129 deur van de slaapkamer open doen 
LOG (lattice-best-path[5.5.569~1-6f329]:main():lattice-best-path.cc:99) For utterance pp43-domotica3_command13, best cost 154.326 + -240.068 = -85.7417 over 192 frames.
pp43-domotica3_command13 doe alle lichten uit in de zitkamer en de keuken 
LOG (lattice-best-path[5.5.569~1-6f329]:main():lattice-best-path.cc:99) For utterance pp43-domotica3_command130, best cost 142.019 + -235.237 = -93.2184 over 165 frames.
pp43-domotica3_command130 licht aansteken boven het bed aansteken boven 
LOG (lattice-best-path[5.5.569~1-6f329]:main():lattice-best-path.cc:99) For utterance pp43-domotica3_command131, best cost 116.302 + -200.957 = -84.6554 over 142 frames.
pp43-domotica3_command131 doe het licht uit in de slaapkamer 
LOG (lattice-best-path[5.5.569~1-6f329]:main():lattice-best-path.cc:99) For utterance pp43-domotica3_command132, best cost 130.339 + -247.343 = -117.004 over 162 frames.
pp43-domotica3_command132 in de deur dicht in de woonkamer 
LOG (lattice-best-path[5.5.569~1-6f329]:main():lattice-best-path.cc:99) For utterance pp43-domotica3_command133, best cost 99.1458 + -184.676 = -85.5297 over 123 frames.
pp43-domotica3_command133 open de deur 
LOG (lattice-best-path[5.5.569~1-6f329]:main():lattice-best-path.cc:99) For utterance pp43-domotica3_command135, best cost 146.702 + -256.366 = -109.665 over 181 frames.
pp43-domotica3_command135 doe alle lichten uit in de zitkamer en de keuken 
LOG (lattice-best-path[5.5.569~1-6f329]:main():lattice-best-path.cc:99) For utterance pp43-domotica3_command136, best cost 117.044 + -203.431 = -86.3874 over 140 frames.
pp43-domotica3_command136 in hoofdeinde op stand een 
LOG (lattice-best-path[5.5.569~1-6f329]:main():lattice-best-path.cc:99) For utterance pp43-domotica3_command137, best cost 97.5071 + -165.552 = -68.0446 over 123 frames.
pp43-domotica3_command137 hoofdeinde op stand twee 
LOG (lattice-best-path[5.5.569~1-6f329]:main():lattice-best-path.cc:99) For utterance pp43-domotica3_command14, best cost 119.123 + -205.642 = -86.5194 over 143 frames.
pp43-domotica3_command14 in hoofdeinde op stand een 
LOG (lattice-best-path[5.5.569~1-6f329]:main():lattice-best-path.cc:99) For utterance pp43-domotica3_command15, best cost 115.382 + -205.451 = -90.069 over 136 frames.
pp43-domotica3_command15 uit in hoofdeinde op stand twee 
LOG (lattice-best-path[5.5.569~1-6f329]:main():lattice-best-path.cc:99) For utterance pp43-domotica3_command16, best cost 97.4386 + -167.484 = -70.0457 over 110 frames.
pp43-domotica3_command16 uit in hoofdeinde op stand drie 
LOG (lattice-best-path[5.5.569~1-6f329]:main():lattice-best-path.cc:99) For utterance pp43-domotica3_command17, best cost 154.74 + -280.831 = -126.091 over 186 frames.
pp43-domotica3_command17 alle in de deur dicht van de kamer 
LOG (lattice-best-path[5.5.569~1-6f329]:main():lattice-best-path.cc:99) For utterance pp43-domotica3_command18, best cost 158.842 + -309.592 = -150.75 over 201 frames.
pp43-domotica3_command18 in de deur van de slaapkamer open doen 
LOG (lattice-best-path[5.5.569~1-6f329]:main():lattice-best-path.cc:99) For utterance pp43-domotica3_command19, best cost 138.483 + -264.126 = -125.643 over 174 frames.
pp43-domotica3_command19 doe het licht uit in de slaapkamer 
LOG (lattice-best-path[5.5.569~1-6f329]:main():lattice-best-path.cc:99) For utterance pp43-domotica3_command20, best cost 133.527 + -258.22 = -124.692 over 165 frames.
pp43-domotica3_command20 uit in de deur dicht in de woonkamer 
LOG (lattice-best-path[5.5.569~1-6f329]:main():lattice-best-path.cc:99) For utterance pp43-domotica3_command21, best cost 103.305 + -193.688 = -90.3829 over 129 frames.
pp43-domotica3_command21 open de deur 
LOG (lattice-best-path[5.5.569~1-6f329]:main():lattice-best-path.cc:99) For utterance pp43-domotica3_command22, best cost 193.687 + -332.993 = -139.305 over 236 frames.
pp43-domotica3_command22 uit in doe alle lichten uit in de zitkamer en de keuken 
LOG (lattice-best-path[5.5.569~1-6f329]:main():lattice-best-path.cc:99) For utterance pp43-domotica3_command23, best cost 123.7 + -230.202 = -106.501 over 148 frames.
pp43-domotica3_command23 uit in hoofdeinde op stand een 
LOG (lattice-best-path[5.5.569~1-6f329]:main():lattice-best-path.cc:99) For utterance pp43-domotica3_command24, best cost 120.381 + -242.702 = -122.321 over 156 frames.
pp43-domotica3_command24 hoofdeinde op stand twee 
LOG (lattice-best-path[5.5.569~1-6f329]:main():lattice-best-path.cc:99) For utterance pp43-domotica3_command25, best cost 103.825 + -205.176 = -101.352 over 132 frames.
pp43-domotica3_command25 hoofdeinde op stand drie 
LOG (lattice-best-path[5.5.569~1-6f329]:main():lattice-best-path.cc:99) For utterance pp43-domotica3_command26, best cost 131.046 + -243.94 = -112.894 over 163 frames.
pp43-domotica3_command26 in de deur dicht van de kamer 
LOG (lattice-best-path[5.5.569~1-6f329]:main():lattice-best-path.cc:99) For utterance pp43-domotica3_command27, best cost 154.739 + -278.372 = -123.633 over 200 frames.
pp43-domotica3_command27 uit in de slaapkamer open doen 
LOG (lattice-best-path[5.5.569~1-6f329]:main():lattice-best-path.cc:99) For utterance pp43-domotica3_command28, best cost 152.613 + -259.236 = -106.624 over 186 frames.
pp43-domotica3_command28 het licht aansteken boven het bed stand drie 
LOG (lattice-best-path[5.5.569~1-6f329]:main():lattice-best-path.cc:99) For utterance pp43-domotica3_command29, best cost 124.62 + -235.238 = -110.618 over 154 frames.
pp43-domotica3_command29 doe het licht uit in de slaapkamer 
LOG (lattice-best-path[5.5.569~1-6f329]:main():lattice-best-path.cc:99) For utterance pp43-domotica3_command3, best cost 171.785 + -305.576 = -133.791 over 206 frames.
pp43-domotica3_command3 aansteken doe alle lichten uit in de zitkamer en de keuken 
LOG (lattice-best-path[5.5.569~1-6f329]:main():lattice-best-path.cc:99) For utterance pp43-domotica3_command30, best cost 125.21 + -231.008 = -105.799 over 153 frames.
pp43-domotica3_command30 uit in de deur dicht in de woonkamer 
LOG (lattice-best-path[5.5.569~1-6f329]:main():lattice-best-path.cc:99) For utterance pp43-domotica3_command31, best cost 102.612 + -193.803 = -91.1914 over 128 frames.
pp43-domotica3_command31 open de deur 
LOG (lattice-best-path[5.5.569~1-6f329]:main():lattice-best-path.cc:99) For utterance pp43-domotica3_command32, best cost 152.247 + -281.06 = -128.813 over 189 frames.
pp43-domotica3_command32 doe alle lichten uit in de zitkamer en de keuken 
LOG (lattice-best-path[5.5.569~1-6f329]:main():lattice-best-path.cc:99) For utterance pp43-domotica3_command33, best cost 111.371 + -208.132 = -96.7607 over 143 frames.
pp43-domotica3_command33 hoofdeinde op stand een 
LOG (lattice-best-path[5.5.569~1-6f329]:main():lattice-best-path.cc:99) For utterance pp43-domotica3_command34, best cost 118.154 + -222.578 = -104.424 over 140 frames.
pp43-domotica3_command34 uit in hoofdeinde op stand twee 
LOG (lattice-best-path[5.5.569~1-6f329]:main():lattice-best-path.cc:99) For utterance pp43-domotica3_command35, best cost 98.2794 + -185.454 = -87.1749 over 124 frames.
pp43-domotica3_command35 hoofdeinde op stand drie 
LOG (lattice-best-path[5.5.569~1-6f329]:main():lattice-best-path.cc:99) For utterance pp43-domotica3_command36, best cost 127.998 + -246.669 = -118.671 over 157 frames.
pp43-domotica3_command36 uit in de deur dicht van de kamer 
LOG (lattice-best-path[5.5.569~1-6f329]:main():lattice-best-path.cc:99) For utterance pp43-domotica3_command38, best cost 137.111 + -244.599 = -107.488 over 180 frames.
pp43-domotica3_command38 slaapkamer open doen 
LOG (lattice-best-path[5.5.569~1-6f329]:main():lattice-best-path.cc:99) For utterance pp43-domotica3_command39, best cost 159.393 + -275.78 = -116.387 over 189 frames.
pp43-domotica3_command39 het licht aansteken boven het bed alle lichten 
LOG (lattice-best-path[5.5.569~1-6f329]:main():lattice-best-path.cc:99) For utterance pp43-domotica3_command4, best cost 135.484 + -237.947 = -102.464 over 165 frames.
pp43-domotica3_command4 uit in hoofdeinde op stand een 
LOG (lattice-best-path[5.5.569~1-6f329]:main():lattice-best-path.cc:99) For utterance pp43-domotica3_command40, best cost 114.916 + -198.47 = -83.5547 over 140 frames.
pp43-domotica3_command40 doe het licht uit in de slaapkamer 
LOG (lattice-best-path[5.5.569~1-6f329]:main():lattice-best-path.cc:99) For utterance pp43-domotica3_command41, best cost 129.645 + -240.625 = -110.98 over 161 frames.
pp43-domotica3_command41 in de deur dicht in de woonkamer 
LOG (lattice-best-path[5.5.569~1-6f329]:main():lattice-best-path.cc:99) For utterance pp43-domotica3_command42, best cost 99.1458 + -174.428 = -75.282 over 123 frames.
pp43-domotica3_command42 open de deur 
LOG (lattice-best-path[5.5.569~1-6f329]:main():lattice-best-path.cc:99) For utterance pp43-domotica3_command43, best cost 155.713 + -289.172 = -133.459 over 194 frames.
pp43-domotica3_command43 doe alle lichten uit in de zitkamer en de keuken 
LOG (lattice-best-path[5.5.569~1-6f329]:main():lattice-best-path.cc:99) For utterance pp43-domotica3_command44, best cost 111.917 + -201.627 = -89.71 over 131 frames.
pp43-domotica3_command44 uit in hoofdeinde op stand een 
LOG (lattice-best-path[5.5.569~1-6f329]:main():lattice-best-path.cc:99) For utterance pp43-domotica3_command45, best cost 104.291 + -190.657 = -86.366 over 120 frames.
pp43-domotica3_command45 uit in hoofdeinde op stand twee 
LOG (lattice-best-path[5.5.569~1-6f329]:main():lattice-best-path.cc:99) For utterance pp43-domotica3_command46, best cost 113.381 + -205.551 = -92.1696 over 133 frames.
pp43-domotica3_command46 uit in hoofdeinde op stand drie 
LOG (lattice-best-path[5.5.569~1-6f329]:main():lattice-best-path.cc:99) For utterance pp43-domotica3_command47, best cost 127.998 + -245.411 = -117.413 over 157 frames.
pp43-domotica3_command47 uit in de deur dicht van de kamer 
LOG (lattice-best-path[5.5.569~1-6f329]:main():lattice-best-path.cc:99) For utterance pp43-domotica3_command49, best cost 140.953 + -237.629 = -96.6757 over 179 frames.
pp43-domotica3_command49 wil je de slaapkamer open doen 
LOG (lattice-best-path[5.5.569~1-6f329]:main():lattice-best-path.cc:99) For utterance pp43-domotica3_command5, best cost 120.233 + -220.888 = -100.655 over 143 frames.
pp43-domotica3_command5 uit in hoofdeinde op stand twee 
LOG (lattice-best-path[5.5.569~1-6f329]:main():lattice-best-path.cc:99) For utterance pp43-domotica3_command50, best cost 155.949 + -255.87 = -99.9207 over 184 frames.
pp43-domotica3_command50 het licht aansteken boven het bed aansteken boven 
LOG (lattice-best-path[5.5.569~1-6f329]:main():lattice-best-path.cc:99) For utterance pp43-domotica3_command51, best cost 121.847 + -225.55 = -103.703 over 150 frames.
pp43-domotica3_command51 doe het licht uit in de slaapkamer 
LOG (lattice-best-path[5.5.569~1-6f329]:main():lattice-best-path.cc:99) For utterance pp43-domotica3_command52, best cost 131.449 + -242.141 = -110.692 over 162 frames.
pp43-domotica3_command52 uit in de deur dicht in de woonkamer 
LOG (lattice-best-path[5.5.569~1-6f329]:main():lattice-best-path.cc:99) For utterance pp43-domotica3_command53, best cost 112.86 + -189.842 = -76.9819 over 130 frames.
pp43-domotica3_command53 uit in open de deur 
LOG (lattice-best-path[5.5.569~1-6f329]:main():lattice-best-path.cc:99) For utterance pp43-domotica3_command54, best cost 146.009 + -265.23 = -119.222 over 180 frames.
pp43-domotica3_command54 doe alle lichten uit in de zitkamer en de keuken 
LOG (lattice-best-path[5.5.569~1-6f329]:main():lattice-best-path.cc:99) For utterance pp43-domotica3_command55, best cost 112.609 + -199.095 = -86.4863 over 132 frames.
pp43-domotica3_command55 uit in hoofdeinde op stand een 
LOG (lattice-best-path[5.5.569~1-6f329]:main():lattice-best-path.cc:99) For utterance pp43-domotica3_command56, best cost 104.439 + -190.217 = -85.7786 over 133 frames.
pp43-domotica3_command56 hoofdeinde op stand twee 
LOG (lattice-best-path[5.5.569~1-6f329]:main():lattice-best-path.cc:99) For utterance pp43-domotica3_command57, best cost 103.13 + -188.375 = -85.2444 over 131 frames.
pp43-domotica3_command57 hoofdeinde op stand drie 
LOG (lattice-best-path[5.5.569~1-6f329]:main():lattice-best-path.cc:99) For utterance pp43-domotica3_command58, best cost 117.184 + -222.334 = -105.15 over 143 frames.
pp43-domotica3_command58 in de deur dicht van de kamer 
LOG (lattice-best-path[5.5.569~1-6f329]:main():lattice-best-path.cc:99) For utterance pp43-domotica3_command59, best cost 148.445 + -258.884 = -110.439 over 186 frames.
pp43-domotica3_command59 in de deur van de slaapkamer open doen 
LOG (lattice-best-path[5.5.569~1-6f329]:main():lattice-best-path.cc:99) For utterance pp43-domotica3_command6, best cost 111.578 + -194.79 = -83.2114 over 132 frames.
pp43-domotica3_command6 aansteken hoofdeinde op stand drie 
LOG (lattice-best-path[5.5.569~1-6f329]:main():lattice-best-path.cc:99) For utterance pp43-domotica3_command60, best cost 163.011 + -262.093 = -99.0824 over 183 frames.
pp43-domotica3_command60 alle het licht aansteken boven het bed aansteken boven 
LOG (lattice-best-path[5.5.569~1-6f329]:main():lattice-best-path.cc:99) For utterance pp43-domotica3_command61, best cost 124.472 + -198.704 = -74.2319 over 141 frames.
pp43-domotica3_command61 uit in doe het licht uit in de slaapkamer 
LOG (lattice-best-path[5.5.569~1-6f329]:main():lattice-best-path.cc:99) For utterance pp43-domotica3_command62, best cost 121.328 + -209.913 = -88.5853 over 149 frames.
pp43-domotica3_command62 in de deur dicht in de woonkamer 
LOG (lattice-best-path[5.5.569~1-6f329]:main():lattice-best-path.cc:99) For utterance pp43-domotica3_command63, best cost 119.097 + -210.684 = -91.5864 over 139 frames.
pp43-domotica3_command63 uit in open de deur 
LOG (lattice-best-path[5.5.569~1-6f329]:main():lattice-best-path.cc:99) For utterance pp43-domotica3_command64, best cost 146.009 + -267.716 = -121.707 over 180 frames.
pp43-domotica3_command64 doe alle lichten uit in de zitkamer en de keuken 
LOG (lattice-best-path[5.5.569~1-6f329]:main():lattice-best-path.cc:99) For utterance pp43-domotica3_command65, best cost 122.314 + -199.081 = -76.7677 over 146 frames.
pp43-domotica3_command65 uit in hoofdeinde op stand een 
LOG (lattice-best-path[5.5.569~1-6f329]:main():lattice-best-path.cc:99) For utterance pp43-domotica3_command66, best cost 114.271 + -194.898 = -80.6273 over 136 frames.
pp43-domotica3_command66 in hoofdeinde op stand twee 
LOG (lattice-best-path[5.5.569~1-6f329]:main():lattice-best-path.cc:99) For utterance pp43-domotica3_command67, best cost 95.5058 + -171.603 = -76.097 over 120 frames.
pp43-domotica3_command67 hoofdeinde op stand drie 
LOG (lattice-best-path[5.5.569~1-6f329]:main():lattice-best-path.cc:99) For utterance pp43-domotica3_command68, best cost 121.066 + -224.915 = -103.849 over 147 frames.
pp43-domotica3_command68 uit in de deur dicht van de kamer 
LOG (lattice-best-path[5.5.569~1-6f329]:main():lattice-best-path.cc:99) For utterance pp43-domotica3_command69, best cost 134.719 + -236.955 = -102.236 over 170 frames.
pp43-domotica3_command69 deur van de slaapkamer open doen 
LOG (lattice-best-path[5.5.569~1-6f329]:main():lattice-best-path.cc:99) For utterance pp43-domotica3_command7, best cost 120.373 + -222.869 = -102.495 over 146 frames.
pp43-domotica3_command7 uit in de deur dicht van de kamer 
LOG (lattice-best-path[5.5.569~1-6f329]:main():lattice-best-path.cc:99) For utterance pp43-domotica3_command70, best cost 145.502 + -250.305 = -104.803 over 179 frames.
pp43-domotica3_command70 het licht aansteken boven het licht aansteken boven 
LOG (lattice-best-path[5.5.569~1-6f329]:main():lattice-best-path.cc:99) For utterance pp43-domotica3_command71, best cost 134.551 + -237.942 = -103.392 over 171 frames.
pp43-domotica3_command71 alle lichten uit in de slaapkamer 
LOG (lattice-best-path[5.5.569~1-6f329]:main():lattice-best-path.cc:99) For utterance pp43-domotica3_command72, best cost 127.565 + -227.438 = -99.8725 over 158 frames.
pp43-domotica3_command72 in de deur dicht in de woonkamer 
LOG (lattice-best-path[5.5.569~1-6f329]:main():lattice-best-path.cc:99) For utterance pp43-domotica3_command73, best cost 97.7595 + -170.634 = -72.8742 over 121 frames.
pp43-domotica3_command73 open de deur 
LOG (lattice-best-path[5.5.569~1-6f329]:main():lattice-best-path.cc:99) For utterance pp43-domotica3_command74, best cost 148.781 + -269.73 = -120.949 over 184 frames.
pp43-domotica3_command74 doe alle lichten uit in de zitkamer en de keuken 
LOG (lattice-best-path[5.5.569~1-6f329]:main():lattice-best-path.cc:99) For utterance pp43-domotica3_command75, best cost 112.61 + -198.701 = -86.091 over 132 frames.
pp43-domotica3_command75 uit in hoofdeinde op stand een 
LOG (lattice-best-path[5.5.569~1-6f329]:main():lattice-best-path.cc:99) For utterance pp43-domotica3_command76, best cost 108.45 + -181.37 = -72.9203 over 126 frames.
pp43-domotica3_command76 uit in hoofdeinde op stand twee 
LOG (lattice-best-path[5.5.569~1-6f329]:main():lattice-best-path.cc:99) For utterance pp43-domotica3_command77, best cost 104.369 + -169.851 = -65.482 over 120 frames.
pp43-domotica3_command77 uit in hoofdeinde op stand drie 
LOG (lattice-best-path[5.5.569~1-6f329]:main():lattice-best-path.cc:99) For utterance pp43-domotica3_command78, best cost 118.57 + -211.211 = -92.6417 over 145 frames.
pp43-domotica3_command78 in de deur dicht van de kamer 
LOG (lattice-best-path[5.5.569~1-6f329]:main():lattice-best-path.cc:99) For utterance pp43-domotica3_command79, best cost 138.744 + -225.744 = -86.9998 over 171 frames.
pp43-domotica3_command79 in de deur open doen 
LOG (lattice-best-path[5.5.569~1-6f329]:main():lattice-best-path.cc:99) For utterance pp43-domotica3_command80, best cost 155.897 + -254.455 = -98.5577 over 194 frames.
pp43-domotica3_command80 het licht aansteken boven het licht aansteken boven 
LOG (lattice-best-path[5.5.569~1-6f329]:main():lattice-best-path.cc:99) For utterance pp43-domotica3_command81, best cost 117.333 + -211.962 = -94.6288 over 146 frames.
pp43-domotica3_command81 het licht uit in de slaapkamer 
LOG (lattice-scale[5.5.569~1-6f329]:main():lattice-scale.cc:107) Done 131 lattices.
LOG (lattice-best-path[5.5.569~1-6f329]:main():lattice-best-path.cc:99) For utterance pp43-domotica3_command82, best cost 123.823 + -222.018 = -98.1949 over 151 frames.
pp43-domotica3_command82 uit in de deur dicht in de woonkamer 
LOG (lattice-best-path[5.5.569~1-6f329]:main():lattice-best-path.cc:99) For utterance pp43-domotica3_command83, best cost 104.818 + -170.021 = -65.203 over 120 frames.
pp43-domotica3_command83 in open de deur 
LOG (lattice-best-path[5.5.569~1-6f329]:main():lattice-best-path.cc:99) For utterance pp43-domotica3_command84, best cost 155.6 + -274.962 = -119.362 over 182 frames.
pp43-domotica3_command84 uit in de alle lichten uit in de zitkamer en de keuken 
LOG (lattice-best-path[5.5.569~1-6f329]:main():lattice-best-path.cc:99) For utterance pp43-domotica3_command85, best cost 123.006 + -209.657 = -86.6514 over 147 frames.
pp43-domotica3_command85 uit in hoofdeinde op stand een 
LOG (lattice-best-path[5.5.569~1-6f329]:main():lattice-best-path.cc:99) For utterance pp43-domotica3_command86, best cost 109.143 + -193.61 = -84.467 over 127 frames.
pp43-domotica3_command86 uit in hoofdeinde op stand twee 
LOG (lattice-best-path[5.5.569~1-6f329]:main():lattice-best-path.cc:99) For utterance pp43-domotica3_command87, best cost 104.37 + -181.694 = -77.3236 over 120 frames.
pp43-domotica3_command87 uit in hoofdeinde op stand drie 
LOG (lattice-best-path[5.5.569~1-6f329]:main():lattice-best-path.cc:99) For utterance pp43-domotica3_command88, best cost 128.966 + -246.844 = -117.878 over 160 frames.
pp43-domotica3_command88 in de deur dicht van de kamer 
LOG (lattice-best-path[5.5.569~1-6f329]:main():lattice-best-path.cc:99) For utterance pp43-domotica3_command89, best cost 141.513 + -247.853 = -106.34 over 176 frames.
pp43-domotica3_command89 in de deur van de slaapkamer open doen 
LOG (lattice-best-path[5.5.569~1-6f329]:main():lattice-best-path.cc:99) For utterance pp43-domotica3_command9, best cost 148.17 + -248.853 = -100.683 over 184 frames.
pp43-domotica3_command9 uit in de deur van de slaapkamer open doen 
LOG (lattice-best-path[5.5.569~1-6f329]:main():lattice-best-path.cc:99) For utterance pp43-domotica3_command90, best cost 135.712 + -231.685 = -95.9731 over 166 frames.
pp43-domotica3_command90 het licht aansteken boven het licht aansteken 
LOG (lattice-best-path[5.5.569~1-6f329]:main():lattice-best-path.cc:99) For utterance pp43-domotica3_command91, best cost 129.176 + -219.305 = -90.129 over 155 frames.
pp43-domotica3_command91 deur dicht uit in de slaapkamer 
LOG (lattice-best-path[5.5.569~1-6f329]:main():lattice-best-path.cc:99) For utterance pp43-domotica3_command92, best cost 125.904 + -240.668 = -114.764 over 154 frames.
pp43-domotica3_command92 uit in de deur dicht in de woonkamer 
LOG (lattice-best-path[5.5.569~1-6f329]:main():lattice-best-path.cc:99) For utterance pp43-domotica3_command93, best cost 110.236 + -194.596 = -84.3601 over 139 frames.
pp43-domotica3_command93 open de deur 
LOG (lattice-best-path[5.5.569~1-6f329]:main():lattice-best-path.cc:99) For utterance pp43-domotica3_command94, best cost 158.485 + -286.527 = -128.042 over 198 frames.
pp43-domotica3_command94 doe alle lichten uit in de zitkamer en de keuken 
LOG (lattice-best-path[5.5.569~1-6f329]:main():lattice-best-path.cc:99) For utterance pp43-domotica3_command95, best cost 119.542 + -190.874 = -71.3313 over 142 frames.
pp43-domotica3_command95 uit in hoofdeinde op stand een 
LOG (lattice-best-path[5.5.569~1-6f329]:main():lattice-best-path.cc:99) For utterance pp43-domotica3_command96, best cost 103.874 + -176.885 = -73.0108 over 121 frames.
pp43-domotica3_command96 in hoofdeinde op stand twee 
LOG (lattice-best-path[5.5.569~1-6f329]:main():lattice-best-path.cc:99) For utterance pp43-domotica3_command97, best cost 100.904 + -174.489 = -73.5848 over 115 frames.
pp43-domotica3_command97 uit in hoofdeinde op stand drie 
LOG (lattice-best-path[5.5.569~1-6f329]:main():lattice-best-path.cc:99) For utterance pp43-domotica3_command98, best cost 119.956 + -232.471 = -112.514 over 147 frames.
pp43-domotica3_command98 in de deur dicht van de kamer 
LOG (lattice-best-path[5.5.569~1-6f329]:main():lattice-best-path.cc:99) For utterance pp43-domotica3_command99, best cost 149.138 + -268.969 = -119.831 over 187 frames.
pp43-domotica3_command99 in de deur van de slaapkamer open doen 
LOG (lattice-add-penalty[5.5.569~1-6f329]:main():lattice-add-penalty.cc:62) Done adding word insertion penalty to 131 lattices.
LOG (lattice-best-path[5.5.569~1-6f329]:main():lattice-best-path.cc:124) Overall cost per frame is -0.634194 = 0.819764 [graph] + -1.45396 [acoustic] over 20223 frames.
LOG (lattice-best-path[5.5.569~1-6f329]:main():lattice-best-path.cc:128) Done 131 lattices, failed for 0
# Accounting: time=0 threads=1
# Ended (code 0) at Tue Mar 23 10:36:56 CET 2021, elapsed time 0 seconds
