# lattice-scale --inv-acoustic-scale=8 "ark:gunzip -c exp/percgncopas5k/chain_s/tdnn1k_sp/decode_test_5g_400k/lat.*.gz|" ark:- | lattice-add-penalty --word-ins-penalty=0.0 ark:- ark:- | lattice-best-path --word-symbol-table=exp/percgncopas5k/chain_s/tree_sp/graph_5g_400k/words.txt ark:- ark,t:exp/percgncopas5k/chain_s/tdnn1k_sp/decode_test_5g_400k/scoring/8.tra 
# Started at Tue Mar 23 10:36:55 CET 2021
#
lattice-scale --inv-acoustic-scale=8 'ark:gunzip -c exp/percgncopas5k/chain_s/tdnn1k_sp/decode_test_5g_400k/lat.*.gz|' ark:- 
lattice-best-path --word-symbol-table=exp/percgncopas5k/chain_s/tree_sp/graph_5g_400k/words.txt ark:- ark,t:exp/percgncopas5k/chain_s/tdnn1k_sp/decode_test_5g_400k/scoring/8.tra 
lattice-add-penalty --word-ins-penalty=0.0 ark:- ark:- 
LOG (lattice-best-path[5.5.569~1-6f329]:main():lattice-best-path.cc:99) For utterance pp43-domotica3_command10, best cost 121.847 + -472.227 = -350.38 over 150 frames.
pp43-domotica3_command10 doe het licht uit in de slaapkamer 
LOG (lattice-best-path[5.5.569~1-6f329]:main():lattice-best-path.cc:99) For utterance pp43-domotica3_command100, best cost 156.12 + -508.322 = -352.203 over 163 frames.
pp43-domotica3_command100 alle in het licht aansteken boven het bed alle 
LOG (lattice-best-path[5.5.569~1-6f329]:main():lattice-best-path.cc:99) For utterance pp43-domotica3_command101, best cost 130.448 + -460.44 = -329.993 over 141 frames.
pp43-domotica3_command101 het in doe het licht uit in de slaapkamer 
LOG (lattice-best-path[5.5.569~1-6f329]:main():lattice-best-path.cc:99) For utterance pp43-domotica3_command102, best cost 129.799 + -495.494 = -365.695 over 151 frames.
pp43-domotica3_command102 het in de deur dicht in de woonkamer 
LOG (lattice-best-path[5.5.569~1-6f329]:main():lattice-best-path.cc:99) For utterance pp43-domotica3_command103, best cost 121.49 + -449.908 = -328.418 over 145 frames.
pp43-domotica3_command103 open open de deur 
LOG (lattice-best-path[5.5.569~1-6f329]:main():lattice-best-path.cc:99) For utterance pp43-domotica3_command104, best cost 162.165 + -582.209 = -420.044 over 189 frames.
pp43-domotica3_command104 uit in doe het licht uit in de zitkamer en de keuken 
LOG (lattice-best-path[5.5.569~1-6f329]:main():lattice-best-path.cc:99) For utterance pp43-domotica3_command105, best cost 149.667 + -514.745 = -365.078 over 170 frames.
pp43-domotica3_command105 uit in hoofdeinde op stand in 
LOG (lattice-best-path[5.5.569~1-6f329]:main():lattice-best-path.cc:99) For utterance pp43-domotica3_command106, best cost 120.233 + -444.535 = -324.302 over 143 frames.
pp43-domotica3_command106 uit in hoofdeinde op stand twee 
LOG (lattice-best-path[5.5.569~1-6f329]:main():lattice-best-path.cc:99) For utterance pp43-domotica3_command107, best cost 103.26 + -368.099 = -264.839 over 120 frames.
pp43-domotica3_command107 in hoofdeinde op stand drie 
LOG (lattice-best-path[5.5.569~1-6f329]:main():lattice-best-path.cc:99) For utterance pp43-domotica3_command108, best cost 158.207 + -619.386 = -461.18 over 191 frames.
pp43-domotica3_command108 alle in de deur dicht van de kamer 
LOG (lattice-best-path[5.5.569~1-6f329]:main():lattice-best-path.cc:99) For utterance pp43-domotica3_command109, best cost 155.011 + -524.694 = -369.684 over 170 frames.
pp43-domotica3_command109 alle in de deur een slaapkamer open doen 
LOG (lattice-best-path[5.5.569~1-6f329]:main():lattice-best-path.cc:99) For utterance pp43-domotica3_command11, best cost 134.625 + -511.583 = -376.958 over 157 frames.
pp43-domotica3_command11 alle in de deur dicht in de woonkamer 
LOG (lattice-best-path[5.5.569~1-6f329]:main():lattice-best-path.cc:99) For utterance pp43-domotica3_command110, best cost 170.359 + -594.024 = -423.666 over 192 frames.
pp43-domotica3_command110 uit in het licht aansteken boven het bed aansteken boven 
LOG (lattice-best-path[5.5.569~1-6f329]:main():lattice-best-path.cc:99) For utterance pp43-domotica3_command111, best cost 129.324 + -453.295 = -323.971 over 148 frames.
pp43-domotica3_command111 uit in doe het licht uit in de slaapkamer 
LOG (lattice-best-path[5.5.569~1-6f329]:main():lattice-best-path.cc:99) For utterance pp43-domotica3_command112, best cost 133.803 + -492.45 = -358.646 over 167 frames.
pp43-domotica3_command112 in de deur dicht in de woonkamer 
LOG (lattice-best-path[5.5.569~1-6f329]:main():lattice-best-path.cc:99) For utterance pp43-domotica3_command113, best cost 107.592 + -397.091 = -289.5 over 124 frames.
pp43-domotica3_command113 in open de deur 
LOG (lattice-best-path[5.5.569~1-6f329]:main():lattice-best-path.cc:99) For utterance pp43-domotica3_command114, best cost 163.466 + -625.42 = -461.955 over 194 frames.
pp43-domotica3_command114 in doe alle lichten uit in de zitkamer en de keuken 
LOG (lattice-best-path[5.5.569~1-6f329]:main():lattice-best-path.cc:99) For utterance pp43-domotica3_command115, best cost 105.261 + -376.541 = -271.28 over 123 frames.
pp43-domotica3_command115 in hoofdeinde op stand een 
LOG (lattice-best-path[5.5.569~1-6f329]:main():lattice-best-path.cc:99) For utterance pp43-domotica3_command116, best cost 112.192 + -422.507 = -310.316 over 133 frames.
pp43-domotica3_command116 in hoofdeinde op stand twee 
LOG (lattice-best-path[5.5.569~1-6f329]:main():lattice-best-path.cc:99) For utterance pp43-domotica3_command117, best cost 110.756 + -438.761 = -328.005 over 142 frames.
pp43-domotica3_command117 hoofdeinde op stand drie 
LOG (lattice-best-path[5.5.569~1-6f329]:main():lattice-best-path.cc:99) For utterance pp43-domotica3_command118, best cost 126.321 + -437.424 = -311.103 over 145 frames.
pp43-domotica3_command118 alle in de deur dicht van de kamer 
LOG (lattice-best-path[5.5.569~1-6f329]:main():lattice-best-path.cc:99) For utterance pp43-domotica3_command119, best cost 144.855 + -459.506 = -314.651 over 165 frames.
pp43-domotica3_command119 alle in de deur van open doen 
LOG (lattice-best-path[5.5.569~1-6f329]:main():lattice-best-path.cc:99) For utterance pp43-domotica3_command12, best cost 114.246 + -430.231 = -315.985 over 132 frames.
pp43-domotica3_command12 uit in open de deur 
LOG (lattice-best-path[5.5.569~1-6f329]:main():lattice-best-path.cc:99) For utterance pp43-domotica3_command120, best cost 155.296 + -518.616 = -363.32 over 173 frames.
pp43-domotica3_command120 in het licht aansteken boven het bed aansteken 
LOG (lattice-best-path[5.5.569~1-6f329]:main():lattice-best-path.cc:99) For utterance pp43-domotica3_command121, best cost 128.907 + -456.679 = -327.772 over 149 frames.
pp43-domotica3_command121 in doe het licht uit in de slaapkamer 
LOG (lattice-best-path[5.5.569~1-6f329]:main():lattice-best-path.cc:99) For utterance pp43-domotica3_command122, best cost 125.903 + -477.303 = -351.4 over 154 frames.
pp43-domotica3_command122 uit in de deur dicht in de woonkamer 
LOG (lattice-best-path[5.5.569~1-6f329]:main():lattice-best-path.cc:99) For utterance pp43-domotica3_command123, best cost 106.204 + -391.066 = -284.863 over 122 frames.
pp43-domotica3_command123 in open de deur 
LOG (lattice-best-path[5.5.569~1-6f329]:main():lattice-best-path.cc:99) For utterance pp43-domotica3_command124, best cost 164.434 + -612.791 = -448.357 over 198 frames.
pp43-domotica3_command124 doe alle lichten uit in de zitkamer in de keuken 
LOG (lattice-best-path[5.5.569~1-6f329]:main():lattice-best-path.cc:99) For utterance pp43-domotica3_command125, best cost 124.952 + -409.806 = -284.855 over 130 frames.
pp43-domotica3_command125 het in hoofdeinde op stand twee een 
LOG (lattice-best-path[5.5.569~1-6f329]:main():lattice-best-path.cc:99) For utterance pp43-domotica3_command126, best cost 124.65 + -416.128 = -291.478 over 127 frames.
pp43-domotica3_command126 alle uit in hoofdeinde op stand twee een 
LOG (lattice-best-path[5.5.569~1-6f329]:main():lattice-best-path.cc:99) For utterance pp43-domotica3_command127, best cost 102.984 + -393.418 = -290.435 over 118 frames.
pp43-domotica3_command127 uit in hoofdeinde op stand drie 
LOG (lattice-best-path[5.5.569~1-6f329]:main():lattice-best-path.cc:99) For utterance pp43-domotica3_command128, best cost 131.201 + -497.17 = -365.97 over 153 frames.
pp43-domotica3_command128 het in de deur dicht van de kamer 
LOG (lattice-best-path[5.5.569~1-6f329]:main():lattice-best-path.cc:99) For utterance pp43-domotica3_command129, best cost 147.059 + -503.905 = -356.846 over 184 frames.
pp43-domotica3_command129 in de deur van de slaapkamer open doen 
LOG (lattice-best-path[5.5.569~1-6f329]:main():lattice-best-path.cc:99) For utterance pp43-domotica3_command13, best cost 163.19 + -521.149 = -357.959 over 192 frames.
pp43-domotica3_command13 uit in doe alle lichten uit in de zitkamer en de keuken 
LOG (lattice-best-path[5.5.569~1-6f329]:main():lattice-best-path.cc:99) For utterance pp43-domotica3_command130, best cost 150.532 + -512.632 = -362.1 over 165 frames.
pp43-domotica3_command130 in het licht aansteken boven het bed aansteken boven 
LOG (lattice-best-path[5.5.569~1-6f329]:main():lattice-best-path.cc:99) For utterance pp43-domotica3_command131, best cost 116.302 + -427.034 = -310.732 over 142 frames.
pp43-domotica3_command131 doe het licht uit in de slaapkamer 
LOG (lattice-best-path[5.5.569~1-6f329]:main():lattice-best-path.cc:99) For utterance pp43-domotica3_command132, best cost 137.425 + -534.209 = -396.785 over 162 frames.
pp43-domotica3_command132 het in de deur dicht in de woonkamer 
LOG (lattice-best-path[5.5.569~1-6f329]:main():lattice-best-path.cc:99) For utterance pp43-domotica3_command133, best cost 106.899 + -408.025 = -301.127 over 123 frames.
pp43-domotica3_command133 in open de deur 
LOG (lattice-best-path[5.5.569~1-6f329]:main():lattice-best-path.cc:99) For utterance pp43-domotica3_command135, best cost 165.47 + -569.078 = -403.608 over 181 frames.
pp43-domotica3_command135 aansteken doe alle lichten uit in zitkamer in de keuken 
LOG (lattice-best-path[5.5.569~1-6f329]:main():lattice-best-path.cc:99) For utterance pp43-domotica3_command136, best cost 124.13 + -440.342 = -316.212 over 140 frames.
pp43-domotica3_command136 het in hoofdeinde op stand een 
LOG (lattice-best-path[5.5.569~1-6f329]:main():lattice-best-path.cc:99) For utterance pp43-domotica3_command137, best cost 97.5071 + -351.797 = -254.29 over 123 frames.
pp43-domotica3_command137 hoofdeinde op stand twee 
LOG (lattice-best-path[5.5.569~1-6f329]:main():lattice-best-path.cc:99) For utterance pp43-domotica3_command14, best cost 129.842 + -452.287 = -322.445 over 143 frames.
pp43-domotica3_command14 in hoofdeinde op stand in 
LOG (lattice-best-path[5.5.569~1-6f329]:main():lattice-best-path.cc:99) For utterance pp43-domotica3_command15, best cost 115.382 + -436.584 = -321.202 over 136 frames.
pp43-domotica3_command15 uit in hoofdeinde op stand twee 
LOG (lattice-best-path[5.5.569~1-6f329]:main():lattice-best-path.cc:99) For utterance pp43-domotica3_command16, best cost 97.4386 + -355.904 = -258.466 over 110 frames.
pp43-domotica3_command16 uit in hoofdeinde op stand drie 
LOG (lattice-best-path[5.5.569~1-6f329]:main():lattice-best-path.cc:99) For utterance pp43-domotica3_command17, best cost 154.74 + -596.765 = -442.025 over 186 frames.
pp43-domotica3_command17 alle in de deur dicht van de kamer 
LOG (lattice-best-path[5.5.569~1-6f329]:main():lattice-best-path.cc:99) For utterance pp43-domotica3_command18, best cost 159.952 + -659.036 = -499.083 over 201 frames.
pp43-domotica3_command18 uit in de deur van de slaapkamer open doen 
LOG (lattice-best-path[5.5.569~1-6f329]:main():lattice-best-path.cc:99) For utterance pp43-domotica3_command19, best cost 152.735 + -580.265 = -427.53 over 174 frames.
pp43-domotica3_command19 alle in de deur dicht uit in de slaapkamer 
LOG (lattice-best-path[5.5.569~1-6f329]:main():lattice-best-path.cc:99) For utterance pp43-domotica3_command20, best cost 133.527 + -548.716 = -415.189 over 165 frames.
pp43-domotica3_command20 uit in de deur dicht in de woonkamer 
LOG (lattice-best-path[5.5.569~1-6f329]:main():lattice-best-path.cc:99) For utterance pp43-domotica3_command21, best cost 111.057 + -419.709 = -308.652 over 129 frames.
pp43-domotica3_command21 in open de deur 
LOG (lattice-best-path[5.5.569~1-6f329]:main():lattice-best-path.cc:99) For utterance pp43-domotica3_command22, best cost 207.389 + -726.648 = -519.258 over 236 frames.
pp43-domotica3_command22 alle uit in doe alle lichten uit in de zitkamer in de keuken 
LOG (lattice-best-path[5.5.569~1-6f329]:main():lattice-best-path.cc:99) For utterance pp43-domotica3_command23, best cost 140.394 + -506.095 = -365.701 over 148 frames.
pp43-domotica3_command23 het in hoofdeinde op stand in 
LOG (lattice-best-path[5.5.569~1-6f329]:main():lattice-best-path.cc:99) For utterance pp43-domotica3_command24, best cost 128.135 + -524.118 = -395.983 over 156 frames.
pp43-domotica3_command24 in hoofdeinde op stand twee 
LOG (lattice-best-path[5.5.569~1-6f329]:main():lattice-best-path.cc:99) For utterance pp43-domotica3_command25, best cost 111.577 + -450.144 = -338.566 over 132 frames.
pp43-domotica3_command25 in hoofdeinde op stand drie 
LOG (lattice-best-path[5.5.569~1-6f329]:main():lattice-best-path.cc:99) For utterance pp43-domotica3_command26, best cost 138.132 + -527.332 = -389.2 over 163 frames.
pp43-domotica3_command26 het in de deur dicht van de kamer 
LOG (lattice-best-path[5.5.569~1-6f329]:main():lattice-best-path.cc:99) For utterance pp43-domotica3_command27, best cost 154.739 + -591.541 = -436.802 over 200 frames.
pp43-domotica3_command27 uit in de slaapkamer open doen 
LOG (lattice-best-path[5.5.569~1-6f329]:main():lattice-best-path.cc:99) For utterance pp43-domotica3_command28, best cost 160.367 + -561.768 = -401.401 over 186 frames.
pp43-domotica3_command28 alle het licht aansteken boven het bed stand drie 
LOG (lattice-best-path[5.5.569~1-6f329]:main():lattice-best-path.cc:99) For utterance pp43-domotica3_command29, best cost 140.125 + -520.778 = -380.654 over 154 frames.
pp43-domotica3_command29 alle in doe het licht uit in de slaapkamer 
LOG (lattice-best-path[5.5.569~1-6f329]:main():lattice-best-path.cc:99) For utterance pp43-domotica3_command3, best cost 177.733 + -661.876 = -484.144 over 206 frames.
pp43-domotica3_command3 aansteken doe alle lichten uit in de zitkamer in de keuken 
LOG (lattice-best-path[5.5.569~1-6f329]:main():lattice-best-path.cc:99) For utterance pp43-domotica3_command30, best cost 125.21 + -490.893 = -365.683 over 153 frames.
pp43-domotica3_command30 uit in de deur dicht in de woonkamer 
LOG (lattice-best-path[5.5.569~1-6f329]:main():lattice-best-path.cc:99) For utterance pp43-domotica3_command31, best cost 102.612 + -411.831 = -309.22 over 128 frames.
pp43-domotica3_command31 open de deur 
LOG (lattice-best-path[5.5.569~1-6f329]:main():lattice-best-path.cc:99) For utterance pp43-domotica3_command32, best cost 173.035 + -628.268 = -455.233 over 189 frames.
pp43-domotica3_command32 het in doe alle lichten uit in de zitkamer in de keuken 
LOG (lattice-best-path[5.5.569~1-6f329]:main():lattice-best-path.cc:99) For utterance pp43-domotica3_command33, best cost 120.234 + -461.09 = -340.856 over 143 frames.
pp43-domotica3_command33 uit in hoofdeinde op stand een 
LOG (lattice-best-path[5.5.569~1-6f329]:main():lattice-best-path.cc:99) For utterance pp43-domotica3_command34, best cost 118.154 + -472.979 = -354.825 over 140 frames.
pp43-domotica3_command34 uit in hoofdeinde op stand twee 
LOG (lattice-best-path[5.5.569~1-6f329]:main():lattice-best-path.cc:99) For utterance pp43-domotica3_command35, best cost 106.033 + -405.861 = -299.828 over 124 frames.
pp43-domotica3_command35 en hoofdeinde op stand drie 
LOG (lattice-best-path[5.5.569~1-6f329]:main():lattice-best-path.cc:99) For utterance pp43-domotica3_command36, best cost 127.998 + -524.171 = -396.174 over 157 frames.
pp43-domotica3_command36 uit in de deur dicht van de kamer 
LOG (lattice-best-path[5.5.569~1-6f329]:main():lattice-best-path.cc:99) For utterance pp43-domotica3_command38, best cost 139.766 + -524.763 = -384.997 over 180 frames.
pp43-domotica3_command38 in de slaapkamer open doen 
LOG (lattice-best-path[5.5.569~1-6f329]:main():lattice-best-path.cc:99) For utterance pp43-domotica3_command39, best cost 174.899 + -609.83 = -434.93 over 189 frames.
pp43-domotica3_command39 alle in het licht aansteken boven het bed alle lichten 
LOG (lattice-best-path[5.5.569~1-6f329]:main():lattice-best-path.cc:99) For utterance pp43-domotica3_command4, best cost 152.179 + -528.356 = -376.177 over 165 frames.
pp43-domotica3_command4 het in hoofdeinde op stand in 
LOG (lattice-best-path[5.5.569~1-6f329]:main():lattice-best-path.cc:99) For utterance pp43-domotica3_command40, best cost 129.755 + -445.733 = -315.978 over 140 frames.
pp43-domotica3_command40 het in doe het licht uit in de slaapkamer 
LOG (lattice-best-path[5.5.569~1-6f329]:main():lattice-best-path.cc:99) For utterance pp43-domotica3_command41, best cost 129.645 + -511.328 = -381.683 over 161 frames.
pp43-domotica3_command41 in de deur dicht in de woonkamer 
LOG (lattice-best-path[5.5.569~1-6f329]:main():lattice-best-path.cc:99) For utterance pp43-domotica3_command42, best cost 106.898 + -382.066 = -275.168 over 123 frames.
pp43-domotica3_command42 in open de deur 
LOG (lattice-best-path[5.5.569~1-6f329]:main():lattice-best-path.cc:99) For utterance pp43-domotica3_command43, best cost 176.501 + -642.652 = -466.152 over 194 frames.
pp43-domotica3_command43 het in doe alle lichten uit in de zitkamer in de keuken 
LOG (lattice-best-path[5.5.569~1-6f329]:main():lattice-best-path.cc:99) For utterance pp43-domotica3_command44, best cost 128.611 + -446.632 = -318.021 over 131 frames.
pp43-domotica3_command44 het in hoofdeinde op stand in 
LOG (lattice-best-path[5.5.569~1-6f329]:main():lattice-best-path.cc:99) For utterance pp43-domotica3_command45, best cost 110.267 + -411.535 = -301.269 over 120 frames.
pp43-domotica3_command45 het in hoofdeinde op stand twee 
LOG (lattice-best-path[5.5.569~1-6f329]:main():lattice-best-path.cc:99) For utterance pp43-domotica3_command46, best cost 113.381 + -436.795 = -323.414 over 133 frames.
pp43-domotica3_command46 uit in hoofdeinde op stand drie 
LOG (lattice-best-path[5.5.569~1-6f329]:main():lattice-best-path.cc:99) For utterance pp43-domotica3_command47, best cost 142.184 + -535.725 = -393.54 over 157 frames.
pp43-domotica3_command47 het in doe de deur dicht van de kamer 
LOG (lattice-best-path[5.5.569~1-6f329]:main():lattice-best-path.cc:99) For utterance pp43-domotica3_command49, best cost 153.227 + -525.497 = -372.271 over 179 frames.
pp43-domotica3_command49 in wil je de deur van de slaapkamer open doen 
LOG (lattice-best-path[5.5.569~1-6f329]:main():lattice-best-path.cc:99) For utterance pp43-domotica3_command5, best cost 120.233 + -469.387 = -349.154 over 143 frames.
pp43-domotica3_command5 uit in hoofdeinde op stand twee 
LOG (lattice-best-path[5.5.569~1-6f329]:main():lattice-best-path.cc:99) For utterance pp43-domotica3_command50, best cost 164.811 + -560.986 = -396.176 over 184 frames.
pp43-domotica3_command50 uit in het licht aansteken boven het bed aansteken boven 
LOG (lattice-best-path[5.5.569~1-6f329]:main():lattice-best-path.cc:99) For utterance pp43-domotica3_command51, best cost 138.463 + -503.267 = -364.804 over 150 frames.
pp43-domotica3_command51 alle uit in doe het licht uit in de slaapkamer 
LOG (lattice-best-path[5.5.569~1-6f329]:main():lattice-best-path.cc:99) For utterance pp43-domotica3_command52, best cost 131.449 + -514.549 = -383.1 over 162 frames.
pp43-domotica3_command52 uit in de deur dicht in de woonkamer 
LOG (lattice-best-path[5.5.569~1-6f329]:main():lattice-best-path.cc:99) For utterance pp43-domotica3_command53, best cost 112.86 + -403.414 = -290.554 over 130 frames.
pp43-domotica3_command53 uit in open de deur 
LOG (lattice-best-path[5.5.569~1-6f329]:main():lattice-best-path.cc:99) For utterance pp43-domotica3_command54, best cost 160.849 + -583.766 = -422.917 over 180 frames.
pp43-domotica3_command54 het in doe alle lichten uit in de zitkamer en de keuken 
LOG (lattice-best-path[5.5.569~1-6f329]:main():lattice-best-path.cc:99) For utterance pp43-domotica3_command55, best cost 112.609 + -423.077 = -310.468 over 132 frames.
pp43-domotica3_command55 uit in hoofdeinde op stand een 
LOG (lattice-best-path[5.5.569~1-6f329]:main():lattice-best-path.cc:99) For utterance pp43-domotica3_command56, best cost 119.278 + -424.771 = -305.493 over 133 frames.
pp43-domotica3_command56 het in hoofdeinde op stand twee 
LOG (lattice-best-path[5.5.569~1-6f329]:main():lattice-best-path.cc:99) For utterance pp43-domotica3_command57, best cost 111.994 + -416.186 = -304.192 over 131 frames.
pp43-domotica3_command57 uit in hoofdeinde op stand drie 
LOG (lattice-best-path[5.5.569~1-6f329]:main():lattice-best-path.cc:99) For utterance pp43-domotica3_command58, best cost 117.184 + -472.459 = -355.276 over 143 frames.
pp43-domotica3_command58 in de deur dicht van de kamer 
LOG (lattice-best-path[5.5.569~1-6f329]:main():lattice-best-path.cc:99) For utterance pp43-domotica3_command59, best cost 156.198 + -560.461 = -404.263 over 186 frames.
pp43-domotica3_command59 alle in de deur van de slaapkamer open doen 
LOG (lattice-best-path[5.5.569~1-6f329]:main():lattice-best-path.cc:99) For utterance pp43-domotica3_command6, best cost 112.688 + -415.337 = -302.649 over 132 frames.
pp43-domotica3_command6 uit in hoofdeinde op stand drie 
LOG (lattice-best-path[5.5.569~1-6f329]:main():lattice-best-path.cc:99) For utterance pp43-domotica3_command60, best cost 163.011 + -556.948 = -393.937 over 183 frames.
pp43-domotica3_command60 alle het licht aansteken boven het bed aansteken boven 
LOG (lattice-best-path[5.5.569~1-6f329]:main():lattice-best-path.cc:99) For utterance pp43-domotica3_command61, best cost 132.225 + -430.903 = -298.678 over 141 frames.
pp43-domotica3_command61 alle uit in doe het licht uit in de slaapkamer 
LOG (lattice-best-path[5.5.569~1-6f329]:main():lattice-best-path.cc:99) For utterance pp43-domotica3_command62, best cost 121.328 + -446.065 = -324.738 over 149 frames.
pp43-domotica3_command62 in de deur dicht in de woonkamer 
LOG (lattice-best-path[5.5.569~1-6f329]:main():lattice-best-path.cc:99) For utterance pp43-domotica3_command63, best cost 125.073 + -454.056 = -328.983 over 139 frames.
pp43-domotica3_command63 het in open de deur 
LOG (lattice-best-path[5.5.569~1-6f329]:main():lattice-best-path.cc:99) For utterance pp43-domotica3_command64, best cost 160.855 + -591.195 = -430.34 over 180 frames.
pp43-domotica3_command64 alle in de alle lichten uit in de zitkamer en de keuken 
LOG (lattice-best-path[5.5.569~1-6f329]:main():lattice-best-path.cc:99) For utterance pp43-domotica3_command65, best cost 136.043 + -438.574 = -302.531 over 146 frames.
pp43-domotica3_command65 het in hoofdeinde op stand twee een 
LOG (lattice-best-path[5.5.569~1-6f329]:main():lattice-best-path.cc:99) For utterance pp43-domotica3_command66, best cost 129.777 + -433.242 = -303.465 over 136 frames.
pp43-domotica3_command66 alle in hoofdeinde op stand twee een 
LOG (lattice-best-path[5.5.569~1-6f329]:main():lattice-best-path.cc:99) For utterance pp43-domotica3_command67, best cost 104.369 + -375.99 = -271.621 over 120 frames.
pp43-domotica3_command67 uit in hoofdeinde op stand drie 
LOG (lattice-best-path[5.5.569~1-6f329]:main():lattice-best-path.cc:99) For utterance pp43-domotica3_command68, best cost 121.066 + -477.945 = -356.878 over 147 frames.
pp43-domotica3_command68 uit in de deur dicht van de kamer 
LOG (lattice-best-path[5.5.569~1-6f329]:main():lattice-best-path.cc:99) For utterance pp43-domotica3_command69, best cost 147.278 + -517.187 = -369.909 over 170 frames.
pp43-domotica3_command69 alle deur in de slaapkamer open doen 
LOG (lattice-best-path[5.5.569~1-6f329]:main():lattice-best-path.cc:99) For utterance pp43-domotica3_command7, best cost 127.474 + -485.786 = -358.312 over 146 frames.
pp43-domotica3_command7 aansteken doe de deur dicht van de kamer 
LOG (lattice-best-path[5.5.569~1-6f329]:main():lattice-best-path.cc:99) For utterance pp43-domotica3_command70, best cost 163.57 + -558.418 = -394.848 over 179 frames.
pp43-domotica3_command70 uit in het licht aansteken boven het bed alle doen 
LOG (lattice-best-path[5.5.569~1-6f329]:main():lattice-best-path.cc:99) For utterance pp43-domotica3_command71, best cost 168.525 + -553.881 = -385.355 over 171 frames.
pp43-domotica3_command71 alle in alle uit in doe het licht uit in de slaapkamer 
LOG (lattice-best-path[5.5.569~1-6f329]:main():lattice-best-path.cc:99) For utterance pp43-domotica3_command72, best cost 128.675 + -485.606 = -356.93 over 158 frames.
pp43-domotica3_command72 uit in de deur dicht in de woonkamer 
LOG (lattice-best-path[5.5.569~1-6f329]:main():lattice-best-path.cc:99) For utterance pp43-domotica3_command73, best cost 106.623 + -379.186 = -272.564 over 121 frames.
pp43-domotica3_command73 uit in open de deur 
LOG (lattice-best-path[5.5.569~1-6f329]:main():lattice-best-path.cc:99) For utterance pp43-domotica3_command74, best cost 156.535 + -582.331 = -425.795 over 184 frames.
pp43-domotica3_command74 alle doe alle lichten uit in de zitkamer en de keuken 
LOG (lattice-best-path[5.5.569~1-6f329]:main():lattice-best-path.cc:99) For utterance pp43-domotica3_command75, best cost 120.363 + -430.026 = -309.664 over 132 frames.
pp43-domotica3_command75 alle uit in hoofdeinde op stand een 
LOG (lattice-best-path[5.5.569~1-6f329]:main():lattice-best-path.cc:99) For utterance pp43-domotica3_command76, best cost 116.203 + -394.211 = -278.009 over 126 frames.
pp43-domotica3_command76 alle uit in hoofdeinde op stand twee 
LOG (lattice-best-path[5.5.569~1-6f329]:main():lattice-best-path.cc:99) For utterance pp43-domotica3_command77, best cost 112.122 + -371.245 = -259.123 over 120 frames.
pp43-domotica3_command77 alle uit in hoofdeinde op stand drie 
LOG (lattice-best-path[5.5.569~1-6f329]:main():lattice-best-path.cc:99) For utterance pp43-domotica3_command78, best cost 125.657 + -458.059 = -332.402 over 145 frames.
pp43-domotica3_command78 het in de deur dicht van de kamer 
LOG (lattice-best-path[5.5.569~1-6f329]:main():lattice-best-path.cc:99) For utterance pp43-domotica3_command79, best cost 138.744 + -479.706 = -340.962 over 171 frames.
pp43-domotica3_command79 in de deur open doen 
LOG (lattice-best-path[5.5.569~1-6f329]:main():lattice-best-path.cc:99) For utterance pp43-domotica3_command80, best cost 172.78 + -573.747 = -400.967 over 194 frames.
pp43-domotica3_command80 in het licht aansteken boven het bed alle twee 
LOG (lattice-best-path[5.5.569~1-6f329]:main():lattice-best-path.cc:99) For utterance pp43-domotica3_command81, best cost 117.333 + -450.419 = -333.086 over 146 frames.
pp43-domotica3_command81 het licht uit in de slaapkamer 
LOG (lattice-best-path[5.5.569~1-6f329]:main():lattice-best-path.cc:99) For utterance pp43-domotica3_command82, best cost 129.799 + -478.462 = -348.663 over 151 frames.
pp43-domotica3_command82 het in de deur dicht in de woonkamer 
LOG (lattice-best-path[5.5.569~1-6f329]:main():lattice-best-path.cc:99) For utterance pp43-domotica3_command83, best cost 104.818 + -361.295 = -256.477 over 120 frames.
pp43-domotica3_command83 in open de deur 
LOG (lattice-best-path[5.5.569~1-6f329]:main():lattice-best-path.cc:99) For utterance pp43-domotica3_command84, best cost 155.6 + -584.295 = -428.695 over 182 frames.
pp43-domotica3_command84 uit in de alle lichten uit in de zitkamer en de keuken 
LOG (lattice-best-path[5.5.569~1-6f329]:main():lattice-best-path.cc:99) For utterance pp43-domotica3_command85, best cost 130.76 + -455.55 = -324.79 over 147 frames.
pp43-domotica3_command85 uit in hoofdeinde op stand twee een 
LOG (lattice-best-path[5.5.569~1-6f329]:main():lattice-best-path.cc:99) For utterance pp43-domotica3_command86, best cost 109.143 + -411.421 = -302.278 over 127 frames.
pp43-domotica3_command86 uit in hoofdeinde op stand twee 
LOG (lattice-best-path[5.5.569~1-6f329]:main():lattice-best-path.cc:99) For utterance pp43-domotica3_command87, best cost 104.37 + -386.099 = -281.729 over 120 frames.
pp43-domotica3_command87 uit in hoofdeinde op stand drie 
LOG (lattice-best-path[5.5.569~1-6f329]:main():lattice-best-path.cc:99) For utterance pp43-domotica3_command88, best cost 128.966 + -524.543 = -395.577 over 160 frames.
pp43-domotica3_command88 in de deur dicht van de kamer 
LOG (lattice-best-path[5.5.569~1-6f329]:main():lattice-best-path.cc:99) For utterance pp43-domotica3_command89, best cost 142.624 + -528.322 = -385.699 over 176 frames.
pp43-domotica3_command89 uit in de deur van de slaapkamer open doen 
LOG (lattice-scale[5.5.569~1-6f329]:main():lattice-scale.cc:107) Done 131 lattices.
LOG (lattice-best-path[5.5.569~1-6f329]:main():lattice-best-path.cc:99) For utterance pp43-domotica3_command9, best cost 152.84 + -536.782 = -383.942 over 184 frames.
pp43-domotica3_command9 uit in de deur van slaapkamer open doen 
LOG (lattice-best-path[5.5.569~1-6f329]:main():lattice-best-path.cc:99) For utterance pp43-domotica3_command90, best cost 151.557 + -523.642 = -372.086 over 166 frames.
pp43-domotica3_command90 uit in het licht aansteken boven het bed aansteken 
LOG (lattice-best-path[5.5.569~1-6f329]:main():lattice-best-path.cc:99) For utterance pp43-domotica3_command91, best cost 136.929 + -477.298 = -340.369 over 155 frames.
pp43-domotica3_command91 in deur dicht uit in de slaapkamer 
LOG (lattice-best-path[5.5.569~1-6f329]:main():lattice-best-path.cc:99) For utterance pp43-domotica3_command92, best cost 125.904 + -511.42 = -385.516 over 154 frames.
pp43-domotica3_command92 uit in de deur dicht in de woonkamer 
LOG (lattice-best-path[5.5.569~1-6f329]:main():lattice-best-path.cc:99) For utterance pp43-domotica3_command93, best cost 126.851 + -439.805 = -312.954 over 139 frames.
pp43-domotica3_command93 alle uit in open de deur 
LOG (lattice-best-path[5.5.569~1-6f329]:main():lattice-best-path.cc:99) For utterance pp43-domotica3_command94, best cost 173.297 + -630.297 = -457 over 198 frames.
pp43-domotica3_command94 uit in doe alle lichten uit in de zitkamer in de keuken 
LOG (lattice-best-path[5.5.569~1-6f329]:main():lattice-best-path.cc:99) For utterance pp43-domotica3_command95, best cost 135.048 + -424.375 = -289.327 over 142 frames.
pp43-domotica3_command95 alle uit in hoofdeinde op stand twee een 
LOG (lattice-best-path[5.5.569~1-6f329]:main():lattice-best-path.cc:99) For utterance pp43-domotica3_command96, best cost 103.874 + -375.88 = -272.006 over 121 frames.
pp43-domotica3_command96 in hoofdeinde op stand twee 
LOG (lattice-best-path[5.5.569~1-6f329]:main():lattice-best-path.cc:99) For utterance pp43-domotica3_command97, best cost 100.904 + -370.789 = -269.885 over 115 frames.
pp43-domotica3_command97 uit in hoofdeinde op stand drie 
LOG (lattice-best-path[5.5.569~1-6f329]:main():lattice-best-path.cc:99) For utterance pp43-domotica3_command98, best cost 121.066 + -495.635 = -374.568 over 147 frames.
pp43-domotica3_command98 uit in de deur dicht van de kamer 
LOG (lattice-best-path[5.5.569~1-6f329]:main():lattice-best-path.cc:99) For utterance pp43-domotica3_command99, best cost 158.376 + -584.31 = -425.933 over 187 frames.
pp43-domotica3_command99 het in de deur slaapkamer open doen 
LOG (lattice-add-penalty[5.5.569~1-6f329]:main():lattice-add-penalty.cc:62) Done adding word insertion penalty to 131 lattices.
LOG (lattice-best-path[5.5.569~1-6f329]:main():lattice-best-path.cc:124) Overall cost per frame is -2.28865 = 0.866583 [graph] + -3.15523 [acoustic] over 20223 frames.
LOG (lattice-best-path[5.5.569~1-6f329]:main():lattice-best-path.cc:128) Done 131 lattices, failed for 0
# Accounting: time=1 threads=1
# Ended (code 0) at Tue Mar 23 10:36:56 CET 2021, elapsed time 1 seconds
