# lattice-scale --inv-acoustic-scale=8 "ark:gunzip -c exp/percgncopas5k/chain_s/tdnn1k_sp/decode_test_5g_400k/lat.*.gz|" ark:- | lattice-add-penalty --word-ins-penalty=0.0 ark:- ark:- | lattice-best-path --word-symbol-table=exp/percgncopas5k/chain_s/tree_sp/graph_5g_400k/words.txt ark:- ark,t:exp/percgncopas5k/chain_s/tdnn1k_sp/decode_test_5g_400k/scoring/8.tra 
# Started at Tue Mar 23 10:21:55 CET 2021
#
lattice-best-path --word-symbol-table=exp/percgncopas5k/chain_s/tree_sp/graph_5g_400k/words.txt ark:- ark,t:exp/percgncopas5k/chain_s/tdnn1k_sp/decode_test_5g_400k/scoring/8.tra 
lattice-add-penalty --word-ins-penalty=0.0 ark:- ark:- 
lattice-scale --inv-acoustic-scale=8 'ark:gunzip -c exp/percgncopas5k/chain_s/tdnn1k_sp/decode_test_5g_400k/lat.*.gz|' ark:- 
LOG (lattice-best-path[5.5.569~1-6f329]:main():lattice-best-path.cc:99) For utterance pp34-domotica3_command1, best cost 287.269 + -992.119 = -704.85 over 371 frames.
pp34-domotica3_command1 al de lichten in de woonkamer de keuken uit 
LOG (lattice-best-path[5.5.569~1-6f329]:main():lattice-best-path.cc:99) For utterance pp34-domotica3_command10, best cost 175.571 + -526.079 = -350.508 over 207 frames.
pp34-domotica3_command10 drie een deur dicht van badkamer 
LOG (lattice-best-path[5.5.569~1-6f329]:main():lattice-best-path.cc:99) For utterance pp34-domotica3_command100, best cost 144.997 + -471.568 = -326.571 over 188 frames.
pp34-domotica3_command100 staande lamp op een 
LOG (lattice-best-path[5.5.569~1-6f329]:main():lattice-best-path.cc:99) For utterance pp34-domotica3_command101, best cost 155.374 + -519.212 = -363.839 over 191 frames.
pp34-domotica3_command101 living staande lamp op twee 
LOG (lattice-best-path[5.5.569~1-6f329]:main():lattice-best-path.cc:99) For utterance pp34-domotica3_command102, best cost 139.452 + -446.023 = -306.571 over 180 frames.
pp34-domotica3_command102 staande lamp op drie 
LOG (lattice-best-path[5.5.569~1-6f329]:main():lattice-best-path.cc:99) For utterance pp34-domotica3_command103, best cost 194.645 + -584.611 = -389.966 over 246 frames.
pp34-domotica3_command103 living thermostaat chauffage op twee 
LOG (lattice-best-path[5.5.569~1-6f329]:main():lattice-best-path.cc:99) For utterance pp34-domotica3_command104, best cost 133.512 + -468.365 = -334.853 over 168 frames.
pp34-domotica3_command104 deur in de voordeur toe 
LOG (lattice-best-path[5.5.569~1-6f329]:main():lattice-best-path.cc:99) For utterance pp34-domotica3_command105, best cost 122.585 + -396.891 = -274.306 over 147 frames.
pp34-domotica3_command105 living deur open 
LOG (lattice-best-path[5.5.569~1-6f329]:main():lattice-best-path.cc:99) For utterance pp34-domotica3_command106, best cost 144.946 + -402.503 = -257.557 over 176 frames.
pp34-domotica3_command106 living woonkamer licht aan 
LOG (lattice-best-path[5.5.569~1-6f329]:main():lattice-best-path.cc:99) For utterance pp34-domotica3_command107, best cost 189.841 + -559.471 = -369.63 over 242 frames.
pp34-domotica3_command107 licht uit keuken uit 
LOG (lattice-best-path[5.5.569~1-6f329]:main():lattice-best-path.cc:99) For utterance pp34-domotica3_command108, best cost 138.946 + -456.864 = -317.918 over 166 frames.
pp34-domotica3_command108 in al de lichten uit 
LOG (lattice-best-path[5.5.569~1-6f329]:main():lattice-best-path.cc:99) For utterance pp34-domotica3_command109, best cost 145.093 + -419.582 = -274.49 over 175 frames.
pp34-domotica3_command109 living deur dicht van badkamer 
LOG (lattice-best-path[5.5.569~1-6f329]:main():lattice-best-path.cc:99) For utterance pp34-domotica3_command11, best cost 191.635 + -659.117 = -467.481 over 245 frames.
pp34-domotica3_command11 rolluik deur badkamer open 
LOG (lattice-best-path[5.5.569~1-6f329]:main():lattice-best-path.cc:99) For utterance pp34-domotica3_command110, best cost 142.147 + -484.257 = -342.11 over 183 frames.
pp34-domotica3_command110 in de badkamer open 
LOG (lattice-best-path[5.5.569~1-6f329]:main():lattice-best-path.cc:99) For utterance pp34-domotica3_command111, best cost 162.091 + -483.512 = -321.421 over 188 frames.
pp34-domotica3_command111 op een lichten van badkamer aan 
LOG (lattice-best-path[5.5.569~1-6f329]:main():lattice-best-path.cc:99) For utterance pp34-domotica3_command112, best cost 156.985 + -505.697 = -348.712 over 195 frames.
pp34-domotica3_command112 in hoofdeinde op stand een 
LOG (lattice-best-path[5.5.569~1-6f329]:main():lattice-best-path.cc:99) For utterance pp34-domotica3_command113, best cost 167.692 + -533.204 = -365.512 over 199 frames.
pp34-domotica3_command113 living open op stand twee 
LOG (lattice-best-path[5.5.569~1-6f329]:main():lattice-best-path.cc:99) For utterance pp34-domotica3_command114, best cost 157.524 + -482.704 = -325.18 over 186 frames.
pp34-domotica3_command114 in open op stand drie 
LOG (lattice-best-path[5.5.569~1-6f329]:main():lattice-best-path.cc:99) For utterance pp34-domotica3_command115, best cost 151.121 + -467.574 = -316.453 over 188 frames.
pp34-domotica3_command115 living keuken aan 
LOG (lattice-best-path[5.5.569~1-6f329]:main():lattice-best-path.cc:99) For utterance pp34-domotica3_command116, best cost 128.044 + -412.196 = -284.153 over 158 frames.
pp34-domotica3_command116 lamp aan 
LOG (lattice-best-path[5.5.569~1-6f329]:main():lattice-best-path.cc:99) For utterance pp34-domotica3_command117, best cost 157.492 + -479.481 = -321.988 over 207 frames.
pp34-domotica3_command117 rolluiken slaapkamer neer 
LOG (lattice-best-path[5.5.569~1-6f329]:main():lattice-best-path.cc:99) For utterance pp34-domotica3_command118, best cost 148.564 + -453.425 = -304.861 over 195 frames.
pp34-domotica3_command118 slaapkamer omhoog 
LOG (lattice-best-path[5.5.569~1-6f329]:main():lattice-best-path.cc:99) For utterance pp34-domotica3_command119, best cost 172.25 + -533.019 = -360.769 over 220 frames.
pp34-domotica3_command119 al beneden 
LOG (lattice-best-path[5.5.569~1-6f329]:main():lattice-best-path.cc:99) For utterance pp34-domotica3_command12, best cost 160.809 + -517.062 = -356.253 over 196 frames.
pp34-domotica3_command12 in de lichten in de woonkamer aan 
LOG (lattice-best-path[5.5.569~1-6f329]:main():lattice-best-path.cc:99) For utterance pp34-domotica3_command120, best cost 168.603 + -531.686 = -363.084 over 220 frames.
pp34-domotica3_command120 rolluiken omhoog in living 
LOG (lattice-best-path[5.5.569~1-6f329]:main():lattice-best-path.cc:99) For utterance pp34-domotica3_command121, best cost 146.834 + -480.905 = -334.071 over 182 frames.
pp34-domotica3_command121 living rolluiken neer 
LOG (lattice-best-path[5.5.569~1-6f329]:main():lattice-best-path.cc:99) For utterance pp34-domotica3_command122, best cost 153.651 + -456.447 = -302.796 over 194 frames.
pp34-domotica3_command122 chauffage living 
LOG (lattice-best-path[5.5.569~1-6f329]:main():lattice-best-path.cc:99) For utterance pp34-domotica3_command123, best cost 139.803 + -467.979 = -328.176 over 179 frames.
pp34-domotica3_command123 deur slaapkamer dicht 
LOG (lattice-best-path[5.5.569~1-6f329]:main():lattice-best-path.cc:99) For utterance pp34-domotica3_command124, best cost 140.383 + -475.794 = -335.41 over 181 frames.
pp34-domotica3_command124 deur slaapkamer open 
LOG (lattice-best-path[5.5.569~1-6f329]:main():lattice-best-path.cc:99) For utterance pp34-domotica3_command125, best cost 140.948 + -440.595 = -299.647 over 171 frames.
pp34-domotica3_command125 in licht aan slaapkamer 
LOG (lattice-best-path[5.5.569~1-6f329]:main():lattice-best-path.cc:99) For utterance pp34-domotica3_command126, best cost 171.928 + -585.26 = -413.332 over 222 frames.
pp34-domotica3_command126 licht uit in slaapkamer 
LOG (lattice-best-path[5.5.569~1-6f329]:main():lattice-best-path.cc:99) For utterance pp34-domotica3_command127, best cost 154.678 + -494.175 = -339.496 over 190 frames.
pp34-domotica3_command127 living staande lamp op een 
LOG (lattice-best-path[5.5.569~1-6f329]:main():lattice-best-path.cc:99) For utterance pp34-domotica3_command128, best cost 156.089 + -536.534 = -380.445 over 204 frames.
pp34-domotica3_command128 staande lamp op twee 
LOG (lattice-best-path[5.5.569~1-6f329]:main():lattice-best-path.cc:99) For utterance pp34-domotica3_command129, best cost 139.046 + -448.254 = -309.208 over 169 frames.
pp34-domotica3_command129 in staande lamp op drie 
LOG (lattice-best-path[5.5.569~1-6f329]:main():lattice-best-path.cc:99) For utterance pp34-domotica3_command13, best cost 159.069 + -483.51 = -324.441 over 199 frames.
pp34-domotica3_command13 in hoofdeinde op twee 
LOG (lattice-best-path[5.5.569~1-6f329]:main():lattice-best-path.cc:99) For utterance pp34-domotica3_command130, best cost 203.251 + -642.734 = -439.483 over 248 frames.
pp34-domotica3_command130 al in thermostaat chauffage op drie 
LOG (lattice-best-path[5.5.569~1-6f329]:main():lattice-best-path.cc:99) For utterance pp34-domotica3_command131, best cost 136.586 + -495.607 = -359.02 over 178 frames.
pp34-domotica3_command131 de voordeur toe 
LOG (lattice-best-path[5.5.569~1-6f329]:main():lattice-best-path.cc:99) For utterance pp34-domotica3_command132, best cost 157.202 + -502.361 = -345.16 over 173 frames.
pp34-domotica3_command132 al drie een deur open 
LOG (lattice-best-path[5.5.569~1-6f329]:main():lattice-best-path.cc:99) For utterance pp34-domotica3_command133, best cost 144.275 + -451.657 = -307.382 over 187 frames.
pp34-domotica3_command133 woonkamer licht aan 
LOG (lattice-best-path[5.5.569~1-6f329]:main():lattice-best-path.cc:99) For utterance pp34-domotica3_command134, best cost 158.083 + -499.23 = -341.147 over 210 frames.
pp34-domotica3_command134 keuken uit 
LOG (lattice-best-path[5.5.569~1-6f329]:main():lattice-best-path.cc:99) For utterance pp34-domotica3_command135, best cost 136.078 + -391.943 = -255.865 over 149 frames.
pp34-domotica3_command135 living al de lichten in uit 
LOG (lattice-best-path[5.5.569~1-6f329]:main():lattice-best-path.cc:99) For utterance pp34-domotica3_command136, best cost 142.347 + -496.837 = -354.489 over 186 frames.
pp34-domotica3_command136 deur badkamer 
LOG (lattice-best-path[5.5.569~1-6f329]:main():lattice-best-path.cc:99) For utterance pp34-domotica3_command137, best cost 157.936 + -548.735 = -390.799 over 198 frames.
pp34-domotica3_command137 living deur open 
LOG (lattice-best-path[5.5.569~1-6f329]:main():lattice-best-path.cc:99) For utterance pp34-domotica3_command138, best cost 154.418 + -517.594 = -363.177 over 195 frames.
pp34-domotica3_command138 in licht aan 
LOG (lattice-best-path[5.5.569~1-6f329]:main():lattice-best-path.cc:99) For utterance pp34-domotica3_command139, best cost 177.605 + -588.77 = -411.165 over 203 frames.
pp34-domotica3_command139 al in open op stand een 
LOG (lattice-best-path[5.5.569~1-6f329]:main():lattice-best-path.cc:99) For utterance pp34-domotica3_command14, best cost 169.1 + -549.261 = -380.16 over 213 frames.
pp34-domotica3_command14 open op stand twee 
LOG (lattice-best-path[5.5.569~1-6f329]:main():lattice-best-path.cc:99) For utterance pp34-domotica3_command140, best cost 215.279 + -676.414 = -461.135 over 263 frames.
pp34-domotica3_command140 al de in living lamp op stand twee 
LOG (lattice-best-path[5.5.569~1-6f329]:main():lattice-best-path.cc:99) For utterance pp34-domotica3_command141, best cost 151.831 + -513.901 = -362.07 over 181 frames.
pp34-domotica3_command141 rolluik omhoog in hoofdeinde op stand drie 
LOG (lattice-best-path[5.5.569~1-6f329]:main():lattice-best-path.cc:99) For utterance pp34-domotica3_command142, best cost 147.96 + -466.262 = -318.302 over 162 frames.
pp34-domotica3_command142 al in lichten keuken aan 
LOG (lattice-best-path[5.5.569~1-6f329]:main():lattice-best-path.cc:99) For utterance pp34-domotica3_command143, best cost 130.52 + -411.437 = -280.917 over 157 frames.
pp34-domotica3_command143 al in slaapkamer 
LOG (lattice-best-path[5.5.569~1-6f329]:main():lattice-best-path.cc:99) For utterance pp34-domotica3_command144, best cost 163.688 + -534.953 = -371.265 over 192 frames.
pp34-domotica3_command144 al living rolluiken slaapkamer neer 
LOG (lattice-best-path[5.5.569~1-6f329]:main():lattice-best-path.cc:99) For utterance pp34-domotica3_command145, best cost 161.993 + -465.919 = -303.926 over 188 frames.
pp34-domotica3_command145 al living rolluiken slaapkamer omhoog 
LOG (lattice-best-path[5.5.569~1-6f329]:main():lattice-best-path.cc:99) For utterance pp34-domotica3_command146, best cost 161.017 + -467.186 = -306.169 over 202 frames.
pp34-domotica3_command146 in rolluik achterdeur naar beneden 
LOG (lattice-best-path[5.5.569~1-6f329]:main():lattice-best-path.cc:99) For utterance pp34-domotica3_command147, best cost 189.186 + -626.199 = -437.013 over 235 frames.
pp34-domotica3_command147 rolluik rolluiken omhoog deur in living 
LOG (lattice-best-path[5.5.569~1-6f329]:main():lattice-best-path.cc:99) For utterance pp34-domotica3_command148, best cost 122.172 + -388.365 = -266.193 over 136 frames.
pp34-domotica3_command148 al in rolluiken neer 
LOG (lattice-best-path[5.5.569~1-6f329]:main():lattice-best-path.cc:99) For utterance pp34-domotica3_command149, best cost 153.622 + -435.583 = -281.961 over 176 frames.
pp34-domotica3_command149 al in rolluiken omhoog in living 
LOG (lattice-best-path[5.5.569~1-6f329]:main():lattice-best-path.cc:99) For utterance pp34-domotica3_command15, best cost 186.475 + -611.74 = -425.266 over 225 frames.
pp34-domotica3_command15 aan van hoofdeinde op stand drie 
LOG (lattice-best-path[5.5.569~1-6f329]:main():lattice-best-path.cc:99) For utterance pp34-domotica3_command150, best cost 227.812 + -860.339 = -632.528 over 294 frames.
pp34-domotica3_command150 al deur slaapkamer dicht 
LOG (lattice-best-path[5.5.569~1-6f329]:main():lattice-best-path.cc:99) For utterance pp34-domotica3_command151, best cost 158.879 + -498.147 = -339.268 over 184 frames.
pp34-domotica3_command151 al de in deur slaapkamer open 
LOG (lattice-best-path[5.5.569~1-6f329]:main():lattice-best-path.cc:99) For utterance pp34-domotica3_command152, best cost 154.077 + -454.16 = -300.083 over 166 frames.
pp34-domotica3_command152 al lamp in licht aan slaapkamer 
LOG (lattice-best-path[5.5.569~1-6f329]:main():lattice-best-path.cc:99) For utterance pp34-domotica3_command153, best cost 148.835 + -498.223 = -349.388 over 165 frames.
pp34-domotica3_command153 al de in licht uit in slaapkamer 
LOG (lattice-best-path[5.5.569~1-6f329]:main():lattice-best-path.cc:99) For utterance pp34-domotica3_command154, best cost 138.735 + -418.727 = -279.992 over 167 frames.
pp34-domotica3_command154 achterdeur staande lamp op drie 
LOG (lattice-best-path[5.5.569~1-6f329]:main():lattice-best-path.cc:99) For utterance pp34-domotica3_command155, best cost 139.722 + -432.633 = -292.91 over 158 frames.
pp34-domotica3_command155 van in staande lamp op twee 
LOG (lattice-best-path[5.5.569~1-6f329]:main():lattice-best-path.cc:99) For utterance pp34-domotica3_command156, best cost 147.055 + -458.76 = -311.705 over 179 frames.
pp34-domotica3_command156 al staande lamp op drie 
LOG (lattice-best-path[5.5.569~1-6f329]:main():lattice-best-path.cc:99) For utterance pp34-domotica3_command157, best cost 150.401 + -385.253 = -234.852 over 180 frames.
pp34-domotica3_command157 op drie thermostaat chauffage op een 
LOG (lattice-best-path[5.5.569~1-6f329]:main():lattice-best-path.cc:99) For utterance pp34-domotica3_command158, best cost 126.034 + -398.12 = -272.086 over 147 frames.
pp34-domotica3_command158 op drie in de voordeur toe 
LOG (lattice-best-path[5.5.569~1-6f329]:main():lattice-best-path.cc:99) For utterance pp34-domotica3_command159, best cost 96.9605 + -333.813 = -236.853 over 122 frames.
pp34-domotica3_command159 deur open 
LOG (lattice-best-path[5.5.569~1-6f329]:main():lattice-best-path.cc:99) For utterance pp34-domotica3_command16, best cost 148.11 + -431.835 = -283.725 over 177 frames.
pp34-domotica3_command16 een licht in de keuken aan 
LOG (lattice-best-path[5.5.569~1-6f329]:main():lattice-best-path.cc:99) For utterance pp34-domotica3_command160, best cost 137.117 + -435.546 = -298.43 over 172 frames.
pp34-domotica3_command160 al de woonkamer licht aan 
LOG (lattice-best-path[5.5.569~1-6f329]:main():lattice-best-path.cc:99) For utterance pp34-domotica3_command161, best cost 170.02 + -472.577 = -302.557 over 212 frames.
pp34-domotica3_command161 al de lichten in de woonkamer en keuken uit 
LOG (lattice-best-path[5.5.569~1-6f329]:main():lattice-best-path.cc:99) For utterance pp34-domotica3_command162, best cost 133.903 + -400.206 = -266.303 over 155 frames.
pp34-domotica3_command162 op drie al de lichten uit 
LOG (lattice-best-path[5.5.569~1-6f329]:main():lattice-best-path.cc:99) For utterance pp34-domotica3_command163, best cost 150.44 + -446.19 = -295.75 over 171 frames.
pp34-domotica3_command163 al de in deur dicht van badkamer 
LOG (lattice-best-path[5.5.569~1-6f329]:main():lattice-best-path.cc:99) For utterance pp34-domotica3_command164, best cost 145.591 + -451.515 = -305.924 over 176 frames.
pp34-domotica3_command164 achterdeur in de badkamer open 
LOG (lattice-best-path[5.5.569~1-6f329]:main():lattice-best-path.cc:99) For utterance pp34-domotica3_command165, best cost 160.514 + -491.086 = -330.572 over 184 frames.
pp34-domotica3_command165 al in licht in de badkamer aan 
LOG (lattice-best-path[5.5.569~1-6f329]:main():lattice-best-path.cc:99) For utterance pp34-domotica3_command166, best cost 178.181 + -601.385 = -423.204 over 236 frames.
pp34-domotica3_command166 hoofdeinde op stand een 
LOG (lattice-best-path[5.5.569~1-6f329]:main():lattice-best-path.cc:99) For utterance pp34-domotica3_command167, best cost 176.454 + -581.617 = -405.163 over 211 frames.
pp34-domotica3_command167 al in hoofdeinde op stand twee 
LOG (lattice-best-path[5.5.569~1-6f329]:main():lattice-best-path.cc:99) For utterance pp34-domotica3_command168, best cost 153.703 + -465.267 = -311.565 over 177 frames.
pp34-domotica3_command168 al de in hoofdeinde op stand drie 
LOG (lattice-best-path[5.5.569~1-6f329]:main():lattice-best-path.cc:99) For utterance pp34-domotica3_command169, best cost 131.834 + -389.157 = -257.323 over 158 frames.
pp34-domotica3_command169 op drie keuken aan 
LOG (lattice-best-path[5.5.569~1-6f329]:main():lattice-best-path.cc:99) For utterance pp34-domotica3_command17, best cost 161.305 + -499.135 = -337.831 over 194 frames.
pp34-domotica3_command17 open lamp op aan 
LOG (lattice-best-path[5.5.569~1-6f329]:main():lattice-best-path.cc:99) For utterance pp34-domotica3_command170, best cost 128.633 + -355.841 = -227.208 over 138 frames.
pp34-domotica3_command170 in licht lamp aan 
LOG (lattice-best-path[5.5.569~1-6f329]:main():lattice-best-path.cc:99) For utterance pp34-domotica3_command171, best cost 145.32 + -408.991 = -263.671 over 179 frames.
pp34-domotica3_command171 rolluiken rolluiken slaapkamer neer 
LOG (lattice-best-path[5.5.569~1-6f329]:main():lattice-best-path.cc:99) For utterance pp34-domotica3_command172, best cost 161.123 + -460.326 = -299.202 over 187 frames.
pp34-domotica3_command172 al de in rolluiken slaapkamer omhoog 
LOG (lattice-best-path[5.5.569~1-6f329]:main():lattice-best-path.cc:99) For utterance pp34-domotica3_command173, best cost 149.615 + -416.224 = -266.609 over 184 frames.
pp34-domotica3_command173 al rolluik achterdeur naar beneden 
LOG (lattice-best-path[5.5.569~1-6f329]:main():lattice-best-path.cc:99) For utterance pp34-domotica3_command174, best cost 181.651 + -527.767 = -346.116 over 209 frames.
pp34-domotica3_command174 rolluik in rolluiken omhoog deur living 
LOG (lattice-best-path[5.5.569~1-6f329]:main():lattice-best-path.cc:99) For utterance pp34-domotica3_command175, best cost 128.12 + -419.187 = -291.067 over 155 frames.
pp34-domotica3_command175 al rolluiken neer 
LOG (lattice-best-path[5.5.569~1-6f329]:main():lattice-best-path.cc:99) For utterance pp34-domotica3_command176, best cost 170.53 + -439.898 = -269.368 over 172 frames.
pp34-domotica3_command176 al drie een rolluiken open living 
LOG (lattice-best-path[5.5.569~1-6f329]:main():lattice-best-path.cc:99) For utterance pp34-domotica3_command177, best cost 152.753 + -487.807 = -335.054 over 174 frames.
pp34-domotica3_command177 al de in deur slaapkamer dicht 
LOG (lattice-best-path[5.5.569~1-6f329]:main():lattice-best-path.cc:99) For utterance pp34-domotica3_command178, best cost 135.821 + -441.862 = -306.041 over 164 frames.
pp34-domotica3_command178 in deur slaapkamer open 
LOG (lattice-best-path[5.5.569~1-6f329]:main():lattice-best-path.cc:99) For utterance pp34-domotica3_command179, best cost 144.534 + -396.702 = -252.169 over 164 frames.
pp34-domotica3_command179 al in licht in slaapkamer 
LOG (lattice-best-path[5.5.569~1-6f329]:main():lattice-best-path.cc:99) For utterance pp34-domotica3_command180, best cost 130.797 + -408.561 = -277.764 over 157 frames.
pp34-domotica3_command180 al de lichten uit in slaapkamer 
LOG (lattice-best-path[5.5.569~1-6f329]:main():lattice-best-path.cc:99) For utterance pp34-domotica3_command181, best cost 153.271 + -434.314 = -281.043 over 176 frames.
pp34-domotica3_command181 al living staande lamp op een 
LOG (lattice-best-path[5.5.569~1-6f329]:main():lattice-best-path.cc:99) For utterance pp34-domotica3_command182, best cost 166.584 + -525.719 = -359.135 over 185 frames.
pp34-domotica3_command182 al de in stand staande lamp op twee 
LOG (lattice-best-path[5.5.569~1-6f329]:main():lattice-best-path.cc:99) For utterance pp34-domotica3_command183, best cost 154.277 + -483.347 = -329.07 over 179 frames.
pp34-domotica3_command183 al in staande lamp op drie 
LOG (lattice-best-path[5.5.569~1-6f329]:main():lattice-best-path.cc:99) For utterance pp34-domotica3_command184, best cost 186.127 + -562.373 = -376.246 over 222 frames.
pp34-domotica3_command184 al de in thermostaat chauffage op drie 
LOG (lattice-best-path[5.5.569~1-6f329]:main():lattice-best-path.cc:99) For utterance pp34-domotica3_command185, best cost 129.895 + -442.79 = -312.894 over 157 frames.
pp34-domotica3_command185 op in de voordeur toe 
LOG (lattice-best-path[5.5.569~1-6f329]:main():lattice-best-path.cc:99) For utterance pp34-domotica3_command186, best cost 130.012 + -437.095 = -307.083 over 146 frames.
pp34-domotica3_command186 al de in deur open 
LOG (lattice-best-path[5.5.569~1-6f329]:main():lattice-best-path.cc:99) For utterance pp34-domotica3_command187, best cost 148.227 + -438.257 = -290.031 over 166 frames.
pp34-domotica3_command187 al living in de woonkamer licht aan 
LOG (lattice-best-path[5.5.569~1-6f329]:main():lattice-best-path.cc:99) For utterance pp34-domotica3_command188, best cost 169.228 + -439.842 = -270.614 over 195 frames.
pp34-domotica3_command188 al badkamer licht in de woonkamer en keuken uit 
LOG (lattice-best-path[5.5.569~1-6f329]:main():lattice-best-path.cc:99) For utterance pp34-domotica3_command189, best cost 150.709 + -467.346 = -316.637 over 171 frames.
pp34-domotica3_command189 al in al de lichten uit 
LOG (lattice-best-path[5.5.569~1-6f329]:main():lattice-best-path.cc:99) For utterance pp34-domotica3_command19, best cost 183.12 + -541.822 = -358.703 over 232 frames.
pp34-domotica3_command19 in rolluiken slaapkamer omhoog 
LOG (lattice-best-path[5.5.569~1-6f329]:main():lattice-best-path.cc:99) For utterance pp34-domotica3_command190, best cost 159.94 + -459.392 = -299.452 over 186 frames.
pp34-domotica3_command190 al in deur dicht van badkamer 
LOG (lattice-best-path[5.5.569~1-6f329]:main():lattice-best-path.cc:99) For utterance pp34-domotica3_command191, best cost 180.508 + -601.197 = -420.689 over 228 frames.
pp34-domotica3_command191 living deur badkamer open 
LOG (lattice-best-path[5.5.569~1-6f329]:main():lattice-best-path.cc:99) For utterance pp34-domotica3_command192, best cost 143.466 + -458.245 = -314.779 over 181 frames.
pp34-domotica3_command192 lichten in de badkamer aan 
LOG (lattice-best-path[5.5.569~1-6f329]:main():lattice-best-path.cc:99) For utterance pp34-domotica3_command193, best cost 160.633 + -460.641 = -300.008 over 187 frames.
pp34-domotica3_command193 al de in hoofdeinde op stand drie 
LOG (lattice-best-path[5.5.569~1-6f329]:main():lattice-best-path.cc:99) For utterance pp34-domotica3_command194, best cost 157.249 + -483.816 = -326.566 over 182 frames.
pp34-domotica3_command194 al de in hoofdeinde op stand twee 
LOG (lattice-best-path[5.5.569~1-6f329]:main():lattice-best-path.cc:99) For utterance pp34-domotica3_command195, best cost 154.885 + -441.143 = -286.258 over 180 frames.
pp34-domotica3_command195 al in hoofdeinde op stand drie 
LOG (lattice-best-path[5.5.569~1-6f329]:main():lattice-best-path.cc:99) For utterance pp34-domotica3_command196, best cost 144.295 + -438.615 = -294.319 over 173 frames.
pp34-domotica3_command196 al de in de keuken aan 
LOG (lattice-best-path[5.5.569~1-6f329]:main():lattice-best-path.cc:99) For utterance pp34-domotica3_command197, best cost 128.205 + -361.524 = -233.319 over 145 frames.
pp34-domotica3_command197 licht in lamp op aan 
LOG (lattice-best-path[5.5.569~1-6f329]:main():lattice-best-path.cc:99) For utterance pp34-domotica3_command198, best cost 160.534 + -481.615 = -321.081 over 189 frames.
pp34-domotica3_command198 al in rolluiken slaapkamer neer 
LOG (lattice-best-path[5.5.569~1-6f329]:main():lattice-best-path.cc:99) For utterance pp34-domotica3_command199, best cost 165.481 + -546.761 = -381.28 over 205 frames.
pp34-domotica3_command199 al rolluiken slaapkamer omhoog 
LOG (lattice-best-path[5.5.569~1-6f329]:main():lattice-best-path.cc:99) For utterance pp34-domotica3_command2, best cost 203.046 + -672.924 = -469.878 over 255 frames.
pp34-domotica3_command2 in lichten in de woonkamer en keuken uit 
LOG (lattice-best-path[5.5.569~1-6f329]:main():lattice-best-path.cc:99) For utterance pp34-domotica3_command20, best cost 189.819 + -569.533 = -379.714 over 242 frames.
pp34-domotica3_command20 een rolluik achterdeur naar beneden 
LOG (lattice-best-path[5.5.569~1-6f329]:main():lattice-best-path.cc:99) For utterance pp34-domotica3_command200, best cost 171.393 + -495.565 = -324.172 over 205 frames.
pp34-domotica3_command200 al in rolluik achterdeur naar beneden 
LOG (lattice-best-path[5.5.569~1-6f329]:main():lattice-best-path.cc:99) For utterance pp34-domotica3_command201, best cost 135.188 + -384.995 = -249.807 over 168 frames.
pp34-domotica3_command201 rolluik omhoog deur in living 
LOG (lattice-best-path[5.5.569~1-6f329]:main():lattice-best-path.cc:99) For utterance pp34-domotica3_command202, best cost 156.519 + -429.931 = -273.413 over 184 frames.
pp34-domotica3_command202 drie een rolluiken neer 
LOG (lattice-best-path[5.5.569~1-6f329]:main():lattice-best-path.cc:99) For utterance pp34-domotica3_command203, best cost 153.781 + -420.435 = -266.654 over 174 frames.
pp34-domotica3_command203 al de in de rolluiken omhoog in living 
LOG (lattice-best-path[5.5.569~1-6f329]:main():lattice-best-path.cc:99) For utterance pp34-domotica3_command204, best cost 171.975 + -536.625 = -364.65 over 190 frames.
pp34-domotica3_command204 al living deur open slaapkamer dicht 
LOG (lattice-best-path[5.5.569~1-6f329]:main():lattice-best-path.cc:99) For utterance pp34-domotica3_command205, best cost 142.937 + -445.796 = -302.86 over 161 frames.
pp34-domotica3_command205 al de in deur slaapkamer open 
LOG (lattice-best-path[5.5.569~1-6f329]:main():lattice-best-path.cc:99) For utterance pp34-domotica3_command206, best cost 150.977 + -475.918 = -324.94 over 172 frames.
pp34-domotica3_command206 al de in licht in slaapkamer 
LOG (lattice-best-path[5.5.569~1-6f329]:main():lattice-best-path.cc:99) For utterance pp34-domotica3_command207, best cost 156.178 + -463.008 = -306.83 over 177 frames.
pp34-domotica3_command207 al in lichten uit in slaapkamer 
LOG (lattice-best-path[5.5.569~1-6f329]:main():lattice-best-path.cc:99) For utterance pp34-domotica3_command208, best cost 177.512 + -539.855 = -362.344 over 199 frames.
pp34-domotica3_command208 al drie een staande lamp op een 
LOG (lattice-best-path[5.5.569~1-6f329]:main():lattice-best-path.cc:99) For utterance pp34-domotica3_command209, best cost 155.176 + -499.235 = -344.059 over 179 frames.
pp34-domotica3_command209 al de in staande lamp op twee 
LOG (lattice-best-path[5.5.569~1-6f329]:main():lattice-best-path.cc:99) For utterance pp34-domotica3_command21, best cost 191.03 + -513.386 = -322.356 over 232 frames.
pp34-domotica3_command21 living rolluiken omhoog deur living 
LOG (lattice-best-path[5.5.569~1-6f329]:main():lattice-best-path.cc:99) For utterance pp34-domotica3_command210, best cost 155.866 + -504.527 = -348.661 over 180 frames.
pp34-domotica3_command210 al de in staande lamp op drie 
LOG (lattice-best-path[5.5.569~1-6f329]:main():lattice-best-path.cc:99) For utterance pp34-domotica3_command211, best cost 185.904 + -465.872 = -279.968 over 211 frames.
pp34-domotica3_command211 al lamp in thermostaat chauffage op twee 
LOG (lattice-best-path[5.5.569~1-6f329]:main():lattice-best-path.cc:99) For utterance pp34-domotica3_command212, best cost 126.812 + -415.047 = -288.235 over 149 frames.
pp34-domotica3_command212 al de in de voordeur toe 
LOG (lattice-best-path[5.5.569~1-6f329]:main():lattice-best-path.cc:99) For utterance pp34-domotica3_command213, best cost 118.426 + -373.015 = -254.589 over 141 frames.
pp34-domotica3_command213 living deur open 
LOG (lattice-best-path[5.5.569~1-6f329]:main():lattice-best-path.cc:99) For utterance pp34-domotica3_command214, best cost 155.47 + -470.513 = -315.043 over 178 frames.
pp34-domotica3_command214 al in in de woonkamer licht aan 
LOG (lattice-best-path[5.5.569~1-6f329]:main():lattice-best-path.cc:99) For utterance pp34-domotica3_command215, best cost 155.465 + -462.587 = -307.121 over 191 frames.
pp34-domotica3_command215 al de lichten in de woonkamer en keuken uit 
LOG (lattice-best-path[5.5.569~1-6f329]:main():lattice-best-path.cc:99) For utterance pp34-domotica3_command216, best cost 142.391 + -454.438 = -312.047 over 159 frames.
pp34-domotica3_command216 al in al de lichten uit 
LOG (lattice-best-path[5.5.569~1-6f329]:main():lattice-best-path.cc:99) For utterance pp34-domotica3_command217, best cost 151.133 + -427.422 = -276.288 over 172 frames.
pp34-domotica3_command217 al de in deur dicht van badkamer 
LOG (lattice-best-path[5.5.569~1-6f329]:main():lattice-best-path.cc:99) For utterance pp34-domotica3_command218, best cost 153.971 + -456.491 = -302.52 over 178 frames.
pp34-domotica3_command218 al de in deur badkamer open 
LOG (lattice-best-path[5.5.569~1-6f329]:main():lattice-best-path.cc:99) For utterance pp34-domotica3_command219, best cost 156.228 + -471.838 = -315.609 over 181 frames.
pp34-domotica3_command219 al de in living badkamer aan 
LOG (lattice-best-path[5.5.569~1-6f329]:main():lattice-best-path.cc:99) For utterance pp34-domotica3_command22, best cost 149.607 + -475.233 = -325.626 over 186 frames.
pp34-domotica3_command22 living rolluiken neer 
LOG (lattice-best-path[5.5.569~1-6f329]:main():lattice-best-path.cc:99) For utterance pp34-domotica3_command220, best cost 147.469 + -443.265 = -295.796 over 169 frames.
pp34-domotica3_command220 al de in hoofdeinde op drie 
LOG (lattice-best-path[5.5.569~1-6f329]:main():lattice-best-path.cc:99) For utterance pp34-domotica3_command222, best cost 145.18 + -440.647 = -295.468 over 166 frames.
pp34-domotica3_command222 al in hoofdeinde op stand drie 
LOG (lattice-best-path[5.5.569~1-6f329]:main():lattice-best-path.cc:99) For utterance pp34-domotica3_command223, best cost 136.487 + -413.229 = -276.742 over 175 frames.
pp34-domotica3_command223 in de keuken aan 
LOG (lattice-best-path[5.5.569~1-6f329]:main():lattice-best-path.cc:99) For utterance pp34-domotica3_command224, best cost 140.79 + -393.522 = -252.733 over 154 frames.
pp34-domotica3_command224 al in lamp aan 
LOG (lattice-best-path[5.5.569~1-6f329]:main():lattice-best-path.cc:99) For utterance pp34-domotica3_command225, best cost 151.926 + -442.221 = -290.295 over 187 frames.
pp34-domotica3_command225 al rolluiken slaapkamer neer 
LOG (lattice-best-path[5.5.569~1-6f329]:main():lattice-best-path.cc:99) For utterance pp34-domotica3_command226, best cost 160.226 + -456.336 = -296.11 over 187 frames.
pp34-domotica3_command226 al in rolluiken slaapkamer omhoog 
LOG (lattice-best-path[5.5.569~1-6f329]:main():lattice-best-path.cc:99) For utterance pp34-domotica3_command227, best cost 182.753 + -493.664 = -310.911 over 191 frames.
pp34-domotica3_command227 al in rolluik al drie open 
LOG (lattice-best-path[5.5.569~1-6f329]:main():lattice-best-path.cc:99) For utterance pp34-domotica3_command228, best cost 181.479 + -498.935 = -317.456 over 199 frames.
pp34-domotica3_command228 al drie een rolluiken omhoog deur 
LOG (lattice-best-path[5.5.569~1-6f329]:main():lattice-best-path.cc:99) For utterance pp34-domotica3_command229, best cost 137.824 + -457.992 = -320.168 over 169 frames.
pp34-domotica3_command229 al rolluiken neer 
LOG (lattice-best-path[5.5.569~1-6f329]:main():lattice-best-path.cc:99) For utterance pp34-domotica3_command23, best cost 170.215 + -480.978 = -310.763 over 190 frames.
pp34-domotica3_command23 al een rolluiken omhoog deur living 
LOG (lattice-best-path[5.5.569~1-6f329]:main():lattice-best-path.cc:99) For utterance pp34-domotica3_command230, best cost 177.284 + -465.172 = -287.888 over 182 frames.
pp34-domotica3_command230 al de in rolluiken open al living 
LOG (lattice-best-path[5.5.569~1-6f329]:main():lattice-best-path.cc:99) For utterance pp34-domotica3_command231, best cost 133.544 + -439.208 = -305.664 over 158 frames.
pp34-domotica3_command231 al deur slaapkamer dicht 
LOG (lattice-best-path[5.5.569~1-6f329]:main():lattice-best-path.cc:99) For utterance pp34-domotica3_command232, best cost 142.42 + -454.44 = -312.02 over 160 frames.
pp34-domotica3_command232 al living deur slaapkamer open 
LOG (lattice-best-path[5.5.569~1-6f329]:main():lattice-best-path.cc:99) For utterance pp34-domotica3_command233, best cost 149.061 + -462.131 = -313.07 over 175 frames.
pp34-domotica3_command233 al de in de lichten in slaapkamer 
LOG (lattice-best-path[5.5.569~1-6f329]:main():lattice-best-path.cc:99) For utterance pp34-domotica3_command234, best cost 142.795 + -476.108 = -333.312 over 168 frames.
pp34-domotica3_command234 al licht uit in slaapkamer 
LOG (lattice-best-path[5.5.569~1-6f329]:main():lattice-best-path.cc:99) For utterance pp34-domotica3_command235, best cost 141.509 + -463.278 = -321.769 over 171 frames.
pp34-domotica3_command235 al staande lamp op drie 
LOG (lattice-best-path[5.5.569~1-6f329]:main():lattice-best-path.cc:99) For utterance pp34-domotica3_command236, best cost 133.908 + -477.997 = -344.09 over 172 frames.
pp34-domotica3_command236 staande lamp op twee 
LOG (lattice-best-path[5.5.569~1-6f329]:main():lattice-best-path.cc:99) For utterance pp34-domotica3_command237, best cost 157.433 + -471.646 = -314.213 over 182 frames.
pp34-domotica3_command237 al lamp staande lamp op drie 
LOG (lattice-best-path[5.5.569~1-6f329]:main():lattice-best-path.cc:99) For utterance pp34-domotica3_command238, best cost 205.706 + -619.621 = -413.914 over 239 frames.
pp34-domotica3_command238 al in thermostaat chauffage op de 
LOG (lattice-best-path[5.5.569~1-6f329]:main():lattice-best-path.cc:99) For utterance pp34-domotica3_command239, best cost 150.867 + -556.738 = -405.871 over 185 frames.
pp34-domotica3_command239 al in de voordeur toe 
LOG (lattice-best-path[5.5.569~1-6f329]:main():lattice-best-path.cc:99) For utterance pp34-domotica3_command240, best cost 126.546 + -425.406 = -298.86 over 141 frames.
pp34-domotica3_command240 al de in deur open 
LOG (lattice-best-path[5.5.569~1-6f329]:main():lattice-best-path.cc:99) For utterance pp34-domotica3_command241, best cost 147.554 + -475.406 = -327.852 over 177 frames.
pp34-domotica3_command241 living in de woonkamer licht aan 
LOG (lattice-best-path[5.5.569~1-6f329]:main():lattice-best-path.cc:99) For utterance pp34-domotica3_command242, best cost 193.15 + -518.216 = -325.066 over 220 frames.
pp34-domotica3_command242 al drie lichten in living keuken uit 
LOG (lattice-best-path[5.5.569~1-6f329]:main():lattice-best-path.cc:99) For utterance pp34-domotica3_command243, best cost 134.278 + -421.058 = -286.781 over 146 frames.
pp34-domotica3_command243 al de in al de lichten uit 
LOG (lattice-best-path[5.5.569~1-6f329]:main():lattice-best-path.cc:99) For utterance pp34-domotica3_command244, best cost 153.686 + -476.075 = -322.389 over 186 frames.
pp34-domotica3_command244 living deur dicht van badkamer aan 
LOG (lattice-best-path[5.5.569~1-6f329]:main():lattice-best-path.cc:99) For utterance pp34-domotica3_command245, best cost 141.433 + -446.146 = -304.713 over 170 frames.
pp34-domotica3_command245 al in de badkamer open 
LOG (lattice-best-path[5.5.569~1-6f329]:main():lattice-best-path.cc:99) For utterance pp34-domotica3_command246, best cost 139.027 + -426.516 = -287.489 over 153 frames.
pp34-domotica3_command246 al in licht in de badkamer aan 
LOG (lattice-best-path[5.5.569~1-6f329]:main():lattice-best-path.cc:99) For utterance pp34-domotica3_command247, best cost 164.794 + -485.557 = -320.763 over 193 frames.
pp34-domotica3_command247 al de in hoofdeinde op stand een 
LOG (lattice-best-path[5.5.569~1-6f329]:main():lattice-best-path.cc:99) For utterance pp34-domotica3_command248, best cost 154.274 + -474.987 = -320.713 over 179 frames.
pp34-domotica3_command248 al in hoofdeinde op stand twee 
LOG (lattice-best-path[5.5.569~1-6f329]:main():lattice-best-path.cc:99) For utterance pp34-domotica3_command249, best cost 143.793 + -425.089 = -281.295 over 164 frames.
pp34-domotica3_command249 al in hoofdeinde op stand drie 
LOG (lattice-best-path[5.5.569~1-6f329]:main():lattice-best-path.cc:99) For utterance pp34-domotica3_command25, best cost 173.904 + -553.115 = -379.211 over 206 frames.
pp34-domotica3_command25 aan living licht aan slaapkamer 
LOG (lattice-best-path[5.5.569~1-6f329]:main():lattice-best-path.cc:99) For utterance pp34-domotica3_command250, best cost 137.522 + -399.371 = -261.849 over 155 frames.
pp34-domotica3_command250 uit in dicht keuken aan 
LOG (lattice-best-path[5.5.569~1-6f329]:main():lattice-best-path.cc:99) For utterance pp34-domotica3_command251, best cost 129.846 + -378.273 = -248.427 over 158 frames.
pp34-domotica3_command251 living licht aan 
LOG (lattice-best-path[5.5.569~1-6f329]:main():lattice-best-path.cc:99) For utterance pp34-domotica3_command252, best cost 145.709 + -465.162 = -319.453 over 190 frames.
pp34-domotica3_command252 rolluiken slaapkamer neer 
LOG (lattice-best-path[5.5.569~1-6f329]:main():lattice-best-path.cc:99) For utterance pp34-domotica3_command253, best cost 146.787 + -435.577 = -288.79 over 190 frames.
pp34-domotica3_command253 rolluiken slaapkamer omhoog 
LOG (lattice-best-path[5.5.569~1-6f329]:main():lattice-best-path.cc:99) For utterance pp34-domotica3_command254, best cost 171.752 + -487.564 = -315.811 over 200 frames.
pp34-domotica3_command254 al de in rolluik achterdeur 
LOG (lattice-best-path[5.5.569~1-6f329]:main():lattice-best-path.cc:99) For utterance pp34-domotica3_command255, best cost 156.674 + -474.187 = -317.513 over 199 frames.
pp34-domotica3_command255 rolluik omhoog deur in living 
LOG (lattice-best-path[5.5.569~1-6f329]:main():lattice-best-path.cc:99) For utterance pp34-domotica3_command256, best cost 141.531 + -460.037 = -318.506 over 172 frames.
pp34-domotica3_command256 uit in rolluiken neer 
LOG (lattice-best-path[5.5.569~1-6f329]:main():lattice-best-path.cc:99) For utterance pp34-domotica3_command257, best cost 158.132 + -408.795 = -250.663 over 179 frames.
pp34-domotica3_command257 living rolluiken woonkamer living 
LOG (lattice-best-path[5.5.569~1-6f329]:main():lattice-best-path.cc:99) For utterance pp34-domotica3_command258, best cost 158.298 + -512.258 = -353.96 over 182 frames.
pp34-domotica3_command258 al de in deur slaapkamer dicht 
LOG (lattice-best-path[5.5.569~1-6f329]:main():lattice-best-path.cc:99) For utterance pp34-domotica3_command259, best cost 146.402 + -440.956 = -294.554 over 166 frames.
pp34-domotica3_command259 al de in deur slaapkamer open 
LOG (lattice-best-path[5.5.569~1-6f329]:main():lattice-best-path.cc:99) For utterance pp34-domotica3_command26, best cost 160.816 + -483.825 = -323.009 over 194 frames.
pp34-domotica3_command26 living licht uit in slaapkamer 
LOG (lattice-best-path[5.5.569~1-6f329]:main():lattice-best-path.cc:99) For utterance pp34-domotica3_command260, best cost 139.577 + -417.09 = -277.513 over 158 frames.
pp34-domotica3_command260 rolluik in licht aan slaapkamer 
LOG (lattice-best-path[5.5.569~1-6f329]:main():lattice-best-path.cc:99) For utterance pp34-domotica3_command261, best cost 149.649 + -444.806 = -295.158 over 169 frames.
pp34-domotica3_command261 rolluiken in licht uit in slaapkamer 
LOG (lattice-best-path[5.5.569~1-6f329]:main():lattice-best-path.cc:99) For utterance pp34-domotica3_command262, best cost 133.214 + -436.082 = -302.868 over 171 frames.
pp34-domotica3_command262 staande lamp op twee 
LOG (lattice-best-path[5.5.569~1-6f329]:main():lattice-best-path.cc:99) For utterance pp34-domotica3_command263, best cost 160.205 + -537.558 = -377.353 over 186 frames.
pp34-domotica3_command263 al living staande lamp op twee 
LOG (lattice-best-path[5.5.569~1-6f329]:main():lattice-best-path.cc:99) For utterance pp34-domotica3_command264, best cost 146.856 + -427.886 = -281.03 over 167 frames.
pp34-domotica3_command264 al de in staande lamp op drie 
LOG (lattice-best-path[5.5.569~1-6f329]:main():lattice-best-path.cc:99) For utterance pp34-domotica3_command265, best cost 199.732 + -606.305 = -406.573 over 233 frames.
pp34-domotica3_command265 al de in thermostaat chauffage op in living 
LOG (lattice-best-path[5.5.569~1-6f329]:main():lattice-best-path.cc:99) For utterance pp34-domotica3_command266, best cost 125.95 + -404.345 = -278.396 over 150 frames.
pp34-domotica3_command266 rolluik in de voordeur toe 
LOG (lattice-best-path[5.5.569~1-6f329]:main():lattice-best-path.cc:99) For utterance pp34-domotica3_command267, best cost 129.808 + -420.696 = -290.888 over 147 frames.
pp34-domotica3_command267 al in deur open 
LOG (lattice-best-path[5.5.569~1-6f329]:main():lattice-best-path.cc:99) For utterance pp34-domotica3_command268, best cost 149.634 + -486.924 = -337.29 over 180 frames.
pp34-domotica3_command268 living in de woonkamer licht aan 
LOG (lattice-best-path[5.5.569~1-6f329]:main():lattice-best-path.cc:99) For utterance pp34-domotica3_command269, best cost 162.083 + -493.009 = -330.927 over 208 frames.
pp34-domotica3_command269 al de woonkamer en keuken uit 
LOG (lattice-best-path[5.5.569~1-6f329]:main():lattice-best-path.cc:99) For utterance pp34-domotica3_command27, best cost 183.77 + -602.221 = -418.451 over 220 frames.
pp34-domotica3_command27 al living staande lamp op een 
LOG (lattice-best-path[5.5.569~1-6f329]:main():lattice-best-path.cc:99) For utterance pp34-domotica3_command270, best cost 135.17 + -395.068 = -259.897 over 159 frames.
pp34-domotica3_command270 al al de lichten uit 
LOG (lattice-best-path[5.5.569~1-6f329]:main():lattice-best-path.cc:99) For utterance pp34-domotica3_command271, best cost 156.183 + -482.894 = -326.711 over 191 frames.
pp34-domotica3_command271 living deur dicht van badkamer 
LOG (lattice-best-path[5.5.569~1-6f329]:main():lattice-best-path.cc:99) For utterance pp34-domotica3_command272, best cost 143.716 + -463.664 = -319.948 over 172 frames.
pp34-domotica3_command272 al de in de badkamer open 
LOG (lattice-best-path[5.5.569~1-6f329]:main():lattice-best-path.cc:99) For utterance pp34-domotica3_command273, best cost 129.886 + -378.441 = -248.555 over 165 frames.
pp34-domotica3_command273 in de badkamer aan 
LOG (lattice-best-path[5.5.569~1-6f329]:main():lattice-best-path.cc:99) For utterance pp34-domotica3_command274, best cost 154.395 + -455.216 = -300.821 over 178 frames.
pp34-domotica3_command274 al de in hoofdeinde op stand een 
LOG (lattice-best-path[5.5.569~1-6f329]:main():lattice-best-path.cc:99) For utterance pp34-domotica3_command275, best cost 151.501 + -481.738 = -330.237 over 175 frames.
pp34-domotica3_command275 al in hoofdeinde op stand twee 
LOG (lattice-best-path[5.5.569~1-6f329]:main():lattice-best-path.cc:99) For utterance pp34-domotica3_command276, best cost 167.169 + -500.997 = -333.828 over 194 frames.
pp34-domotica3_command276 op drie een hoofdeinde op stand drie 
LOG (lattice-best-path[5.5.569~1-6f329]:main():lattice-best-path.cc:99) For utterance pp34-domotica3_command277, best cost 139.198 + -456.724 = -317.526 over 177 frames.
pp34-domotica3_command277 al de keuken aan 
LOG (lattice-best-path[5.5.569~1-6f329]:main():lattice-best-path.cc:99) For utterance pp34-domotica3_command278, best cost 140.207 + -391.96 = -251.753 over 161 frames.
pp34-domotica3_command278 al de in slaapkamer aan 
LOG (lattice-best-path[5.5.569~1-6f329]:main():lattice-best-path.cc:99) For utterance pp34-domotica3_command279, best cost 167.175 + -504.653 = -337.478 over 209 frames.
pp34-domotica3_command279 al rolluiken slaapkamer neer 
LOG (lattice-best-path[5.5.569~1-6f329]:main():lattice-best-path.cc:99) For utterance pp34-domotica3_command28, best cost 178.247 + -596.751 = -418.503 over 224 frames.
pp34-domotica3_command28 living staande lamp op twee 
LOG (lattice-best-path[5.5.569~1-6f329]:main():lattice-best-path.cc:99) For utterance pp34-domotica3_command280, best cost 195.088 + -629.181 = -434.093 over 236 frames.
pp34-domotica3_command280 al de in rolluiken slaapkamer omhoog 
LOG (lattice-best-path[5.5.569~1-6f329]:main():lattice-best-path.cc:99) For utterance pp34-domotica3_command281, best cost 170.107 + -504.686 = -334.579 over 203 frames.
pp34-domotica3_command281 al de in achterdeur naar beneden 
LOG (lattice-best-path[5.5.569~1-6f329]:main():lattice-best-path.cc:99) For utterance pp34-domotica3_command282, best cost 159.225 + -407.884 = -248.659 over 181 frames.
pp34-domotica3_command282 op living rolluik omhoog deur in living 
LOG (lattice-best-path[5.5.569~1-6f329]:main():lattice-best-path.cc:99) For utterance pp34-domotica3_command283, best cost 126.04 + -366.902 = -240.862 over 152 frames.
pp34-domotica3_command283 living rolluiken neer 
LOG (lattice-best-path[5.5.569~1-6f329]:main():lattice-best-path.cc:99) For utterance pp34-domotica3_command284, best cost 161.36 + -406.598 = -245.238 over 171 frames.
pp34-domotica3_command284 al de in rolluiken chauffage living 
LOG (lattice-best-path[5.5.569~1-6f329]:main():lattice-best-path.cc:99) For utterance pp34-domotica3_command285, best cost 153.623 + -471.508 = -317.885 over 175 frames.
pp34-domotica3_command285 al living deur slaapkamer dicht 
LOG (lattice-best-path[5.5.569~1-6f329]:main():lattice-best-path.cc:99) For utterance pp34-domotica3_command286, best cost 145.709 + -434.624 = -288.915 over 165 frames.
pp34-domotica3_command286 al de in deur slaapkamer open 
LOG (lattice-best-path[5.5.569~1-6f329]:main():lattice-best-path.cc:99) For utterance pp34-domotica3_command287, best cost 142.349 + -425.191 = -282.841 over 162 frames.
pp34-domotica3_command287 rolluik in licht aan slaapkamer 
LOG (lattice-best-path[5.5.569~1-6f329]:main():lattice-best-path.cc:99) For utterance pp34-domotica3_command288, best cost 142.101 + -415.797 = -273.695 over 167 frames.
pp34-domotica3_command288 living licht uit in slaapkamer 
LOG (lattice-best-path[5.5.569~1-6f329]:main():lattice-best-path.cc:99) For utterance pp34-domotica3_command289, best cost 142.003 + -401.448 = -259.445 over 160 frames.
pp34-domotica3_command289 al de in staande lamp op drie 
LOG (lattice-best-path[5.5.569~1-6f329]:main():lattice-best-path.cc:99) For utterance pp34-domotica3_command29, best cost 171.293 + -572.919 = -401.626 over 202 frames.
pp34-domotica3_command29 al living staande lamp op drie 
LOG (lattice-best-path[5.5.569~1-6f329]:main():lattice-best-path.cc:99) For utterance pp34-domotica3_command290, best cost 131.808 + -422.722 = -290.915 over 157 frames.
pp34-domotica3_command290 open staande lamp op twee 
LOG (lattice-best-path[5.5.569~1-6f329]:main():lattice-best-path.cc:99) For utterance pp34-domotica3_command291, best cost 149.301 + -456.572 = -307.271 over 171 frames.
pp34-domotica3_command291 al de in slaapkamer op drie 
LOG (lattice-best-path[5.5.569~1-6f329]:main():lattice-best-path.cc:99) For utterance pp34-domotica3_command292, best cost 177.35 + -504.604 = -327.255 over 221 frames.
pp34-domotica3_command292 al thermostaat chauffage op eenentwintig 
LOG (lattice-best-path[5.5.569~1-6f329]:main():lattice-best-path.cc:99) For utterance pp34-domotica3_command293, best cost 116.168 + -402.352 = -286.184 over 145 frames.
pp34-domotica3_command293 al de voordeur toe 
LOG (lattice-best-path[5.5.569~1-6f329]:main():lattice-best-path.cc:99) For utterance pp34-domotica3_command294, best cost 117.733 + -386.709 = -268.976 over 140 frames.
pp34-domotica3_command294 living deur open 
LOG (lattice-best-path[5.5.569~1-6f329]:main():lattice-best-path.cc:99) For utterance pp34-domotica3_command295, best cost 144.361 + -460.016 = -315.655 over 175 frames.
pp34-domotica3_command295 al de lichten in de woonkamer licht aan 
LOG (lattice-best-path[5.5.569~1-6f329]:main():lattice-best-path.cc:99) For utterance pp34-domotica3_command296, best cost 227.612 + -716.717 = -489.105 over 297 frames.
pp34-domotica3_command296 in de lichten in de woonkamer en keuken uit 
LOG (lattice-best-path[5.5.569~1-6f329]:main():lattice-best-path.cc:99) For utterance pp34-domotica3_command297, best cost 141.903 + -404.965 = -263.062 over 157 frames.
pp34-domotica3_command297 al de in al de lichten uit 
LOG (lattice-best-path[5.5.569~1-6f329]:main():lattice-best-path.cc:99) For utterance pp34-domotica3_command298, best cost 179.552 + -540.319 = -360.766 over 213 frames.
pp34-domotica3_command298 al de in deur dicht van badkamer 
LOG (lattice-best-path[5.5.569~1-6f329]:main():lattice-best-path.cc:99) For utterance pp34-domotica3_command299, best cost 135.052 + -387.926 = -252.874 over 152 frames.
pp34-domotica3_command299 al in deur badkamer open 
LOG (lattice-best-path[5.5.569~1-6f329]:main():lattice-best-path.cc:99) For utterance pp34-domotica3_command3, best cost 183.789 + -627.381 = -443.592 over 228 frames.
pp34-domotica3_command3 living licht in de badkamer aan 
LOG (lattice-best-path[5.5.569~1-6f329]:main():lattice-best-path.cc:99) For utterance pp34-domotica3_command30, best cost 188.023 + -533.676 = -345.653 over 238 frames.
pp34-domotica3_command30 in thermostaat chauffage op drie 
LOG (lattice-best-path[5.5.569~1-6f329]:main():lattice-best-path.cc:99) For utterance pp34-domotica3_command300, best cost 136.824 + -406.488 = -269.664 over 161 frames.
pp34-domotica3_command300 in lichten in de badkamer aan 
LOG (lattice-best-path[5.5.569~1-6f329]:main():lattice-best-path.cc:99) For utterance pp34-domotica3_command301, best cost 140.037 + -409.217 = -269.18 over 169 frames.
pp34-domotica3_command301 living hoofdeinde op stand een 
LOG (lattice-best-path[5.5.569~1-6f329]:main():lattice-best-path.cc:99) For utterance pp34-domotica3_command302, best cost 120.917 + -364.927 = -244.01 over 145 frames.
pp34-domotica3_command302 omhoog op stand twee 
LOG (lattice-best-path[5.5.569~1-6f329]:main():lattice-best-path.cc:99) For utterance pp34-domotica3_command303, best cost 164.64 + -495.521 = -330.881 over 183 frames.
pp34-domotica3_command303 al de in open op stand drie 
LOG (lattice-best-path[5.5.569~1-6f329]:main():lattice-best-path.cc:99) For utterance pp34-domotica3_command304, best cost 142.031 + -480.789 = -338.758 over 183 frames.
pp34-domotica3_command304 in de keuken aan 
LOG (lattice-best-path[5.5.569~1-6f329]:main():lattice-best-path.cc:99) For utterance pp34-domotica3_command305, best cost 150.794 + -415.08 = -264.287 over 158 frames.
pp34-domotica3_command305 al in licht lamp aan 
LOG (lattice-best-path[5.5.569~1-6f329]:main():lattice-best-path.cc:99) For utterance pp34-domotica3_command306, best cost 150.561 + -488.169 = -337.608 over 197 frames.
pp34-domotica3_command306 rolluiken slaapkamer neer 
LOG (lattice-best-path[5.5.569~1-6f329]:main():lattice-best-path.cc:99) For utterance pp34-domotica3_command307, best cost 143.321 + -436.97 = -293.649 over 185 frames.
pp34-domotica3_command307 rolluiken slaapkamer omhoog 
LOG (lattice-best-path[5.5.569~1-6f329]:main():lattice-best-path.cc:99) For utterance pp34-domotica3_command308, best cost 141.318 + -403.602 = -262.283 over 184 frames.
pp34-domotica3_command308 rolluik achterdeur naar beneden 
LOG (lattice-best-path[5.5.569~1-6f329]:main():lattice-best-path.cc:99) For utterance pp34-domotica3_command309, best cost 155.981 + -471.856 = -315.875 over 198 frames.
pp34-domotica3_command309 rolluik omhoog deur in living 
LOG (lattice-best-path[5.5.569~1-6f329]:main():lattice-best-path.cc:99) For utterance pp34-domotica3_command31, best cost 133.558 + -478.175 = -344.617 over 172 frames.
pp34-domotica3_command31 in de voordeur toe 
LOG (lattice-best-path[5.5.569~1-6f329]:main():lattice-best-path.cc:99) For utterance pp34-domotica3_command310, best cost 142.545 + -442.696 = -300.15 over 168 frames.
pp34-domotica3_command310 al de lichten in rolluiken neer 
LOG (lattice-best-path[5.5.569~1-6f329]:main():lattice-best-path.cc:99) For utterance pp34-domotica3_command311, best cost 159.403 + -452.135 = -292.732 over 179 frames.
pp34-domotica3_command311 al de deur in rolluik omhoog in living 
LOG (lattice-best-path[5.5.569~1-6f329]:main():lattice-best-path.cc:99) For utterance pp34-domotica3_command312, best cost 152.06 + -498.569 = -346.509 over 173 frames.
pp34-domotica3_command312 al de in deur slaapkamer dicht 
LOG (lattice-best-path[5.5.569~1-6f329]:main():lattice-best-path.cc:99) For utterance pp34-domotica3_command313, best cost 140.857 + -464.716 = -323.859 over 158 frames.
pp34-domotica3_command313 al de in deur slaapkamer open 
LOG (lattice-best-path[5.5.569~1-6f329]:main():lattice-best-path.cc:99) For utterance pp34-domotica3_command314, best cost 134.017 + -400.382 = -266.365 over 161 frames.
pp34-domotica3_command314 in licht aan slaapkamer 
LOG (lattice-best-path[5.5.569~1-6f329]:main():lattice-best-path.cc:99) For utterance pp34-domotica3_command315, best cost 145.109 + -434.879 = -289.77 over 173 frames.
pp34-domotica3_command315 in lichten uit in slaapkamer 
LOG (lattice-best-path[5.5.569~1-6f329]:main():lattice-best-path.cc:99) For utterance pp34-domotica3_command316, best cost 148.729 + -429.94 = -281.211 over 171 frames.
pp34-domotica3_command316 in en staande lamp op drie 
LOG (lattice-best-path[5.5.569~1-6f329]:main():lattice-best-path.cc:99) For utterance pp34-domotica3_command317, best cost 147.749 + -503.68 = -355.931 over 180 frames.
pp34-domotica3_command317 living staande lamp op twee 
LOG (lattice-best-path[5.5.569~1-6f329]:main():lattice-best-path.cc:99) For utterance pp34-domotica3_command318, best cost 151.171 + -432.072 = -280.901 over 161 frames.
pp34-domotica3_command318 al drie een staande lamp op drie 
LOG (lattice-best-path[5.5.569~1-6f329]:main():lattice-best-path.cc:99) For utterance pp34-domotica3_command319, best cost 179.417 + -501.525 = -322.108 over 213 frames.
pp34-domotica3_command319 al dicht thermostaat chauffage op drie 
LOG (lattice-best-path[5.5.569~1-6f329]:main():lattice-best-path.cc:99) For utterance pp34-domotica3_command32, best cost 130.925 + -459.946 = -329.021 over 171 frames.
pp34-domotica3_command32 deur open 
LOG (lattice-best-path[5.5.569~1-6f329]:main():lattice-best-path.cc:99) For utterance pp34-domotica3_command320, best cost 123.395 + -403.602 = -280.207 over 147 frames.
pp34-domotica3_command320 living de voordeur toe 
LOG (lattice-best-path[5.5.569~1-6f329]:main():lattice-best-path.cc:99) For utterance pp34-domotica3_command321, best cost 189.623 + -694.061 = -504.438 over 232 frames.
pp34-domotica3_command321 al de in deur open 
LOG (lattice-best-path[5.5.569~1-6f329]:main():lattice-best-path.cc:99) For utterance pp34-domotica3_command322, best cost 147.96 + -416.595 = -268.635 over 178 frames.
pp34-domotica3_command322 uit in woonkamer licht aan 
LOG (lattice-best-path[5.5.569~1-6f329]:main():lattice-best-path.cc:99) For utterance pp34-domotica3_command323, best cost 173.55 + -534.251 = -360.702 over 216 frames.
pp34-domotica3_command323 licht in woonkamer en keuken uit 
LOG (lattice-best-path[5.5.569~1-6f329]:main():lattice-best-path.cc:99) For utterance pp34-domotica3_command324, best cost 146.551 + -424.042 = -277.491 over 165 frames.
pp34-domotica3_command324 al in al de lichten uit 
LOG (lattice-best-path[5.5.569~1-6f329]:main():lattice-best-path.cc:99) For utterance pp34-domotica3_command325, best cost 163.744 + -492.278 = -328.534 over 193 frames.
pp34-domotica3_command325 in deur dicht van badkamer omhoog 
LOG (lattice-best-path[5.5.569~1-6f329]:main():lattice-best-path.cc:99) For utterance pp34-domotica3_command326, best cost 138.722 + -426.371 = -287.649 over 156 frames.
pp34-domotica3_command326 al de in deur badkamer open 
LOG (lattice-best-path[5.5.569~1-6f329]:main():lattice-best-path.cc:99) For utterance pp34-domotica3_command328, best cost 166.165 + -528.014 = -361.85 over 217 frames.
pp34-domotica3_command328 chauffage op stand een 
LOG (lattice-best-path[5.5.569~1-6f329]:main():lattice-best-path.cc:99) For utterance pp34-domotica3_command329, best cost 153.6 + -502.81 = -349.21 over 190 frames.
pp34-domotica3_command329 in hoofdeinde op stand twee 
LOG (lattice-best-path[5.5.569~1-6f329]:main():lattice-best-path.cc:99) For utterance pp34-domotica3_command33, best cost 167.161 + -509.244 = -342.082 over 220 frames.
pp34-domotica3_command33 woonkamer en keuken uit 
LOG (lattice-best-path[5.5.569~1-6f329]:main():lattice-best-path.cc:99) For utterance pp34-domotica3_command330, best cost 156.48 + -470.164 = -313.684 over 182 frames.
pp34-domotica3_command330 al de in hoofdeinde op drie 
LOG (lattice-best-path[5.5.569~1-6f329]:main():lattice-best-path.cc:99) For utterance pp34-domotica3_command331, best cost 166.943 + -494.939 = -327.996 over 183 frames.
pp34-domotica3_command331 al living licht in living keuken aan 
LOG (lattice-best-path[5.5.569~1-6f329]:main():lattice-best-path.cc:99) For utterance pp34-domotica3_command332, best cost 154.383 + -492.71 = -338.327 over 196 frames.
pp34-domotica3_command332 lamp aan 
LOG (lattice-best-path[5.5.569~1-6f329]:main():lattice-best-path.cc:99) For utterance pp34-domotica3_command333, best cost 150.561 + -474.554 = -323.993 over 197 frames.
pp34-domotica3_command333 rolluiken slaapkamer neer 
LOG (lattice-best-path[5.5.569~1-6f329]:main():lattice-best-path.cc:99) For utterance pp34-domotica3_command334, best cost 159.972 + -493.754 = -333.783 over 198 frames.
pp34-domotica3_command334 rolluik rolluiken slaapkamer omhoog 
LOG (lattice-best-path[5.5.569~1-6f329]:main():lattice-best-path.cc:99) For utterance pp34-domotica3_command335, best cost 160.013 + -477.699 = -317.686 over 199 frames.
pp34-domotica3_command335 al rolluik achterdeur naar beneden 
LOG (lattice-best-path[5.5.569~1-6f329]:main():lattice-best-path.cc:99) For utterance pp34-domotica3_command34, best cost 158.758 + -572.725 = -413.967 over 205 frames.
pp34-domotica3_command34 al de lichten uit 
LOG (lattice-best-path[5.5.569~1-6f329]:main():lattice-best-path.cc:99) For utterance pp34-domotica3_command35, best cost 137.49 + -440.544 = -303.054 over 176 frames.
pp34-domotica3_command35 deur dicht van badkamer 
LOG (lattice-best-path[5.5.569~1-6f329]:main():lattice-best-path.cc:99) For utterance pp34-domotica3_command36, best cost 143.784 + -451.975 = -308.191 over 176 frames.
pp34-domotica3_command36 al de lichten in de badkamer open 
LOG (lattice-best-path[5.5.569~1-6f329]:main():lattice-best-path.cc:99) For utterance pp34-domotica3_command37, best cost 163.828 + -548.711 = -384.883 over 202 frames.
pp34-domotica3_command37 living in de badkamer aan 
LOG (lattice-best-path[5.5.569~1-6f329]:main():lattice-best-path.cc:99) For utterance pp34-domotica3_command38, best cost 186.615 + -567.889 = -381.274 over 216 frames.
pp34-domotica3_command38 in open drie op stand drie 
LOG (lattice-best-path[5.5.569~1-6f329]:main():lattice-best-path.cc:99) For utterance pp34-domotica3_command39, best cost 163.304 + -562.387 = -399.083 over 204 frames.
pp34-domotica3_command39 in hoofdeinde op stand twee 
LOG (lattice-best-path[5.5.569~1-6f329]:main():lattice-best-path.cc:99) For utterance pp34-domotica3_command4, best cost 166.974 + -543.943 = -376.968 over 194 frames.
pp34-domotica3_command4 living lamp al 
LOG (lattice-best-path[5.5.569~1-6f329]:main():lattice-best-path.cc:99) For utterance pp34-domotica3_command40, best cost 155.074 + -495.348 = -340.275 over 201 frames.
pp34-domotica3_command40 chauffage op stand drie 
LOG (lattice-best-path[5.5.569~1-6f329]:main():lattice-best-path.cc:99) For utterance pp34-domotica3_command41, best cost 141.478 + -451.075 = -309.597 over 173 frames.
pp34-domotica3_command41 in living keuken aan 
LOG (lattice-best-path[5.5.569~1-6f329]:main():lattice-best-path.cc:99) For utterance pp34-domotica3_command42, best cost 140.498 + -423.194 = -282.695 over 164 frames.
pp34-domotica3_command42 living lamp aan 
LOG (lattice-best-path[5.5.569~1-6f329]:main():lattice-best-path.cc:99) For utterance pp34-domotica3_command43, best cost 174.13 + -588.004 = -413.874 over 231 frames.
pp34-domotica3_command43 rolluiken slaapkamer neer 
LOG (lattice-best-path[5.5.569~1-6f329]:main():lattice-best-path.cc:99) For utterance pp34-domotica3_command44, best cost 170.643 + -515.173 = -344.53 over 214 frames.
pp34-domotica3_command44 in rolluiken slaapkamer omhoog 
LOG (lattice-best-path[5.5.569~1-6f329]:main():lattice-best-path.cc:99) For utterance pp34-domotica3_command45, best cost 183.474 + -546.973 = -363.499 over 226 frames.
pp34-domotica3_command45 rolluik al drie 
LOG (lattice-best-path[5.5.569~1-6f329]:main():lattice-best-path.cc:99) For utterance pp34-domotica3_command46, best cost 195.962 + -590.29 = -394.328 over 239 frames.
pp34-domotica3_command46 living rolluik omhoog deur living 
LOG (lattice-best-path[5.5.569~1-6f329]:main():lattice-best-path.cc:99) For utterance pp34-domotica3_command47, best cost 145.47 + -506.348 = -360.878 over 192 frames.
pp34-domotica3_command47 rolluiken neer 
LOG (lattice-best-path[5.5.569~1-6f329]:main():lattice-best-path.cc:99) For utterance pp34-domotica3_command48, best cost 162.005 + -516.968 = -354.963 over 207 frames.
pp34-domotica3_command48 rolluik living 
LOG (lattice-best-path[5.5.569~1-6f329]:main():lattice-best-path.cc:99) For utterance pp34-domotica3_command49, best cost 171.829 + -582.942 = -411.113 over 214 frames.
pp34-domotica3_command49 living licht aan slaapkamer 
LOG (lattice-best-path[5.5.569~1-6f329]:main():lattice-best-path.cc:99) For utterance pp34-domotica3_command5, best cost 190.028 + -594.906 = -404.877 over 234 frames.
pp34-domotica3_command5 rolluik in de slaapkamer neer 
LOG (lattice-best-path[5.5.569~1-6f329]:main():lattice-best-path.cc:99) For utterance pp34-domotica3_command50, best cost 170.52 + -528.665 = -358.145 over 208 frames.
pp34-domotica3_command50 living licht uit in slaapkamer 
LOG (lattice-best-path[5.5.569~1-6f329]:main():lattice-best-path.cc:99) For utterance pp34-domotica3_command51, best cost 151.929 + -516.781 = -364.852 over 198 frames.
pp34-domotica3_command51 staande lamp op drie 
LOG (lattice-best-path[5.5.569~1-6f329]:main():lattice-best-path.cc:99) For utterance pp34-domotica3_command52, best cost 160.537 + -580.393 = -419.857 over 200 frames.
pp34-domotica3_command52 in staande lamp op twee 
LOG (lattice-best-path[5.5.569~1-6f329]:main():lattice-best-path.cc:99) For utterance pp34-domotica3_command53, best cost 174.209 + -526.632 = -352.423 over 192 frames.
pp34-domotica3_command53 op drie een van badkamer lamp op drie 
LOG (lattice-best-path[5.5.569~1-6f329]:main():lattice-best-path.cc:99) For utterance pp34-domotica3_command54, best cost 196.917 + -530.179 = -333.261 over 228 frames.
pp34-domotica3_command54 al in van chauffage op twee 
LOG (lattice-best-path[5.5.569~1-6f329]:main():lattice-best-path.cc:99) For utterance pp34-domotica3_command55, best cost 123.161 + -443.796 = -320.635 over 157 frames.
pp34-domotica3_command55 in de voordeur toe 
LOG (lattice-best-path[5.5.569~1-6f329]:main():lattice-best-path.cc:99) For utterance pp34-domotica3_command56, best cost 121.892 + -421.668 = -299.776 over 146 frames.
pp34-domotica3_command56 living deur open 
LOG (lattice-best-path[5.5.569~1-6f329]:main():lattice-best-path.cc:99) For utterance pp34-domotica3_command57, best cost 190.02 + -603.358 = -413.338 over 237 frames.
pp34-domotica3_command57 in licht in de woonkamer en keuken uit 
LOG (lattice-best-path[5.5.569~1-6f329]:main():lattice-best-path.cc:99) For utterance pp34-domotica3_command58, best cost 169.844 + -542.569 = -372.725 over 186 frames.
pp34-domotica3_command58 al de in al de lichten in uit 
LOG (lattice-best-path[5.5.569~1-6f329]:main():lattice-best-path.cc:99) For utterance pp34-domotica3_command59, best cost 173.61 + -546.968 = -373.357 over 202 frames.
pp34-domotica3_command59 op drie een deur dicht van badkamer 
LOG (lattice-best-path[5.5.569~1-6f329]:main():lattice-best-path.cc:99) For utterance pp34-domotica3_command6, best cost 241.983 + -723.789 = -481.806 over 285 frames.
pp34-domotica3_command6 al in rolluik al achterdeur naar beneden 
LOG (lattice-best-path[5.5.569~1-6f329]:main():lattice-best-path.cc:99) For utterance pp34-domotica3_command60, best cost 179.049 + -585.236 = -406.186 over 218 frames.
pp34-domotica3_command60 deur open omhoog open 
LOG (lattice-best-path[5.5.569~1-6f329]:main():lattice-best-path.cc:99) For utterance pp34-domotica3_command61, best cost 164.687 + -479.455 = -314.768 over 195 frames.
pp34-domotica3_command61 al de living licht aan 
LOG (lattice-best-path[5.5.569~1-6f329]:main():lattice-best-path.cc:99) For utterance pp34-domotica3_command62, best cost 159.468 + -505.613 = -346.145 over 209 frames.
pp34-domotica3_command62 hoofdeinde op stand een 
LOG (lattice-best-path[5.5.569~1-6f329]:main():lattice-best-path.cc:99) For utterance pp34-domotica3_command63, best cost 143.791 + -450.219 = -306.428 over 178 frames.
pp34-domotica3_command63 omhoog op stand twee 
LOG (lattice-best-path[5.5.569~1-6f329]:main():lattice-best-path.cc:99) For utterance pp34-domotica3_command64, best cost 152.762 + -468.434 = -315.672 over 186 frames.
pp34-domotica3_command64 uit in hoofdeinde op twee 
LOG (lattice-best-path[5.5.569~1-6f329]:main():lattice-best-path.cc:99) For utterance pp34-domotica3_command65, best cost 142.032 + -490.874 = -348.841 over 183 frames.
pp34-domotica3_command65 in de keuken aan 
LOG (lattice-best-path[5.5.569~1-6f329]:main():lattice-best-path.cc:99) For utterance pp34-domotica3_command66, best cost 139.572 + -462.194 = -322.622 over 184 frames.
pp34-domotica3_command66 licht aan 
LOG (lattice-best-path[5.5.569~1-6f329]:main():lattice-best-path.cc:99) For utterance pp34-domotica3_command67, best cost 141.55 + -444.999 = -303.449 over 184 frames.
pp34-domotica3_command67 rolluiken slaapkamer neer 
LOG (lattice-best-path[5.5.569~1-6f329]:main():lattice-best-path.cc:99) For utterance pp34-domotica3_command68, best cost 157.245 + -496.591 = -339.346 over 204 frames.
pp34-domotica3_command68 in slaapkamer omhoog 
LOG (lattice-best-path[5.5.569~1-6f329]:main():lattice-best-path.cc:99) For utterance pp34-domotica3_command69, best cost 168.351 + -540.747 = -372.396 over 223 frames.
pp34-domotica3_command69 rolluik achterdeur naar beneden 
LOG (lattice-best-path[5.5.569~1-6f329]:main():lattice-best-path.cc:99) For utterance pp34-domotica3_command7, best cost 164.422 + -496.544 = -332.122 over 202 frames.
pp34-domotica3_command7 al rolluiken omhoog in living 
LOG (lattice-best-path[5.5.569~1-6f329]:main():lattice-best-path.cc:99) For utterance pp34-domotica3_command70, best cost 171.924 + -540.3 = -368.377 over 221 frames.
pp34-domotica3_command70 rolluik omhoog deur in living 
LOG (lattice-best-path[5.5.569~1-6f329]:main():lattice-best-path.cc:99) For utterance pp34-domotica3_command71, best cost 163.76 + -544.116 = -380.356 over 196 frames.
pp34-domotica3_command71 achterdeur in rolluiken neer 
LOG (lattice-best-path[5.5.569~1-6f329]:main():lattice-best-path.cc:99) For utterance pp34-domotica3_command72, best cost 153.917 + -463.805 = -309.887 over 192 frames.
pp34-domotica3_command72 al de in living 
LOG (lattice-best-path[5.5.569~1-6f329]:main():lattice-best-path.cc:99) For utterance pp34-domotica3_command73, best cost 153.425 + -503.995 = -350.57 over 189 frames.
pp34-domotica3_command73 in licht aan slaapkamer 
LOG (lattice-best-path[5.5.569~1-6f329]:main():lattice-best-path.cc:99) For utterance pp34-domotica3_command74, best cost 141.631 + -469.1 = -327.469 over 185 frames.
pp34-domotica3_command74 in slaapkamer 
LOG (lattice-best-path[5.5.569~1-6f329]:main():lattice-best-path.cc:99) For utterance pp34-domotica3_command75, best cost 149.156 + -519.178 = -370.022 over 194 frames.
pp34-domotica3_command75 staande lamp op een 
LOG (lattice-best-path[5.5.569~1-6f329]:main():lattice-best-path.cc:99) For utterance pp34-domotica3_command76, best cost 163.021 + -574.52 = -411.499 over 214 frames.
pp34-domotica3_command76 staande lamp op twee 
LOG (lattice-best-path[5.5.569~1-6f329]:main():lattice-best-path.cc:99) For utterance pp34-domotica3_command77, best cost 166.773 + -572.798 = -406.025 over 209 frames.
pp34-domotica3_command77 in staande lamp op drie 
LOG (lattice-best-path[5.5.569~1-6f329]:main():lattice-best-path.cc:99) For utterance pp34-domotica3_command78, best cost 205.735 + -627.989 = -422.254 over 262 frames.
pp34-domotica3_command78 living thermostaat chauffage op twee 
LOG (lattice-best-path[5.5.569~1-6f329]:main():lattice-best-path.cc:99) For utterance pp34-domotica3_command79, best cost 126.189 + -460.95 = -334.761 over 163 frames.
pp34-domotica3_command79 de voordeur toe 
LOG (lattice-best-path[5.5.569~1-6f329]:main():lattice-best-path.cc:99) For utterance pp34-domotica3_command8, best cost 196.497 + -617.191 = -420.694 over 244 frames.
pp34-domotica3_command8 living lichten in de woonkamer en keuken uit 
LOG (lattice-best-path[5.5.569~1-6f329]:main():lattice-best-path.cc:99) For utterance pp34-domotica3_command80, best cost 130.211 + -464.856 = -334.645 over 158 frames.
pp34-domotica3_command80 al deur open 
LOG (lattice-best-path[5.5.569~1-6f329]:main():lattice-best-path.cc:99) For utterance pp34-domotica3_command81, best cost 175.78 + -546.605 = -370.825 over 227 frames.
pp34-domotica3_command81 woonkamer uit 
LOG (lattice-best-path[5.5.569~1-6f329]:main():lattice-best-path.cc:99) For utterance pp34-domotica3_command82, best cost 146.551 + -465.869 = -319.318 over 165 frames.
pp34-domotica3_command82 al in al de lichten uit 
LOG (lattice-best-path[5.5.569~1-6f329]:main():lattice-best-path.cc:99) For utterance pp34-domotica3_command83, best cost 167.295 + -581.763 = -414.467 over 219 frames.
pp34-domotica3_command83 deur dicht van badkamer 
LOG (lattice-best-path[5.5.569~1-6f329]:main():lattice-best-path.cc:99) For utterance pp34-domotica3_command84, best cost 153.777 + -523.607 = -369.831 over 192 frames.
pp34-domotica3_command84 living deur open 
LOG (lattice-best-path[5.5.569~1-6f329]:main():lattice-best-path.cc:99) For utterance pp34-domotica3_command85, best cost 161.957 + -513.07 = -351.113 over 201 frames.
pp34-domotica3_command85 living van badkamer aan 
LOG (lattice-best-path[5.5.569~1-6f329]:main():lattice-best-path.cc:99) For utterance pp34-domotica3_command86, best cost 182.592 + -541.86 = -359.269 over 208 frames.
pp34-domotica3_command86 al in open hoofdeinde op stand een 
LOG (lattice-best-path[5.5.569~1-6f329]:main():lattice-best-path.cc:99) For utterance pp34-domotica3_command87, best cost 189.272 + -585.753 = -396.48 over 208 frames.
pp34-domotica3_command87 al de in open in op stand twee 
LOG (lattice-best-path[5.5.569~1-6f329]:main():lattice-best-path.cc:99) For utterance pp34-domotica3_command88, best cost 158.774 + -539.008 = -380.234 over 208 frames.
pp34-domotica3_command88 hoofdeinde op stand drie 
LOG (lattice-best-path[5.5.569~1-6f329]:main():lattice-best-path.cc:99) For utterance pp34-domotica3_command89, best cost 134.027 + -433.961 = -299.934 over 176 frames.
pp34-domotica3_command89 licht aan 
LOG (lattice-best-path[5.5.569~1-6f329]:main():lattice-best-path.cc:99) For utterance pp34-domotica3_command9, best cost 145.567 + -478.526 = -332.959 over 174 frames.
pp34-domotica3_command9 living al de lichten uit 
LOG (lattice-best-path[5.5.569~1-6f329]:main():lattice-best-path.cc:99) For utterance pp34-domotica3_command90, best cost 120.419 + -383.291 = -262.872 over 147 frames.
pp34-domotica3_command90 lamp aan 
LOG (lattice-best-path[5.5.569~1-6f329]:main():lattice-best-path.cc:99) For utterance pp34-domotica3_command91, best cost 152.642 + -508.497 = -355.855 over 200 frames.
pp34-domotica3_command91 rolluiken slaapkamer neer 
LOG (lattice-best-path[5.5.569~1-6f329]:main():lattice-best-path.cc:99) For utterance pp34-domotica3_command92, best cost 179.145 + -530.58 = -351.435 over 213 frames.
pp34-domotica3_command92 al de in rolluiken slaapkamer omhoog 
LOG (lattice-scale[5.5.569~1-6f329]:main():lattice-scale.cc:107) Done 331 lattices.
LOG (lattice-best-path[5.5.569~1-6f329]:main():lattice-best-path.cc:99) For utterance pp34-domotica3_command93, best cost 173.203 + -538.54 = -365.337 over 230 frames.
pp34-domotica3_command93 rolluik achterdeur naar beneden 
LOG (lattice-best-path[5.5.569~1-6f329]:main():lattice-best-path.cc:99) For utterance pp34-domotica3_command94, best cost 157.766 + -472.348 = -314.582 over 207 frames.
pp34-domotica3_command94 omhoog in living 
LOG (lattice-best-path[5.5.569~1-6f329]:main():lattice-best-path.cc:99) For utterance pp34-domotica3_command95, best cost 116.437 + -401.944 = -285.506 over 157 frames.
pp34-domotica3_command95 
LOG (lattice-best-path[5.5.569~1-6f329]:main():lattice-best-path.cc:99) For utterance pp34-domotica3_command96, best cost 160.977 + -520.882 = -359.904 over 209 frames.
pp34-domotica3_command96 rolluiken omhoog in living 
LOG (lattice-best-path[5.5.569~1-6f329]:main():lattice-best-path.cc:99) For utterance pp34-domotica3_command97, best cost 149.128 + -495.673 = -346.545 over 192 frames.
pp34-domotica3_command97 in slaapkamer dicht 
LOG (lattice-best-path[5.5.569~1-6f329]:main():lattice-best-path.cc:99) For utterance pp34-domotica3_command98, best cost 139.966 + -438.007 = -298.041 over 180 frames.
pp34-domotica3_command98 licht aan slaapkamer 
LOG (lattice-best-path[5.5.569~1-6f329]:main():lattice-best-path.cc:99) For utterance pp34-domotica3_command99, best cost 148.361 + -460.619 = -312.258 over 188 frames.
pp34-domotica3_command99 licht uit in slaapkamer 
LOG (lattice-add-penalty[5.5.569~1-6f329]:main():lattice-add-penalty.cc:62) Done adding word insertion penalty to 331 lattices.
LOG (lattice-best-path[5.5.569~1-6f329]:main():lattice-best-path.cc:124) Overall cost per frame is -1.75138 = 0.828947 [graph] + -2.58033 [acoustic] over 62276 frames.
LOG (lattice-best-path[5.5.569~1-6f329]:main():lattice-best-path.cc:128) Done 331 lattices, failed for 0
# Accounting: time=1 threads=1
# Ended (code 0) at Tue Mar 23 10:21:56 CET 2021, elapsed time 1 seconds
