# lattice-scale --inv-acoustic-scale=16 "ark:gunzip -c exp/percgncopas5k/chain_s/tdnn1k_sp/decode_test_5g_400k/lat.*.gz|" ark:- | lattice-add-penalty --word-ins-penalty=0.0 ark:- ark:- | lattice-best-path --word-symbol-table=exp/percgncopas5k/chain_s/tree_sp/graph_5g_400k/words.txt ark:- ark,t:exp/percgncopas5k/chain_s/tdnn1k_sp/decode_test_5g_400k/scoring/16.tra 
# Started at Tue Mar 23 10:21:56 CET 2021
#
lattice-scale --inv-acoustic-scale=16 'ark:gunzip -c exp/percgncopas5k/chain_s/tdnn1k_sp/decode_test_5g_400k/lat.*.gz|' ark:- 
lattice-best-path --word-symbol-table=exp/percgncopas5k/chain_s/tree_sp/graph_5g_400k/words.txt ark:- ark,t:exp/percgncopas5k/chain_s/tdnn1k_sp/decode_test_5g_400k/scoring/16.tra 
lattice-add-penalty --word-ins-penalty=0.0 ark:- ark:- 
LOG (lattice-best-path[5.5.569~1-6f329]:main():lattice-best-path.cc:99) For utterance pp34-domotica3_command1, best cost 280.23 + -490.895 = -210.665 over 371 frames.
pp34-domotica3_command1 al de lichten in de woonkamer en keuken uit 
LOG (lattice-best-path[5.5.569~1-6f329]:main():lattice-best-path.cc:99) For utterance pp34-domotica3_command10, best cost 167.274 + -257.622 = -90.3477 over 207 frames.
pp34-domotica3_command10 drie deur dicht van badkamer 
LOG (lattice-best-path[5.5.569~1-6f329]:main():lattice-best-path.cc:99) For utterance pp34-domotica3_command100, best cost 144.997 + -235.784 = -90.7869 over 188 frames.
pp34-domotica3_command100 staande lamp op een 
LOG (lattice-best-path[5.5.569~1-6f329]:main():lattice-best-path.cc:99) For utterance pp34-domotica3_command101, best cost 147.078 + -252.81 = -105.732 over 191 frames.
pp34-domotica3_command101 staande lamp op twee 
LOG (lattice-best-path[5.5.569~1-6f329]:main():lattice-best-path.cc:99) For utterance pp34-domotica3_command102, best cost 139.452 + -223.011 = -83.5594 over 180 frames.
pp34-domotica3_command102 staande lamp op drie 
LOG (lattice-best-path[5.5.569~1-6f329]:main():lattice-best-path.cc:99) For utterance pp34-domotica3_command103, best cost 186.35 + -285.309 = -98.959 over 246 frames.
pp34-domotica3_command103 thermostaat chauffage op twee 
LOG (lattice-best-path[5.5.569~1-6f329]:main():lattice-best-path.cc:99) For utterance pp34-domotica3_command104, best cost 130.787 + -232.645 = -101.858 over 168 frames.
pp34-domotica3_command104 in de voordeur toe 
LOG (lattice-best-path[5.5.569~1-6f329]:main():lattice-best-path.cc:99) For utterance pp34-domotica3_command105, best cost 120.8 + -197.047 = -76.2468 over 147 frames.
pp34-domotica3_command105 living open 
LOG (lattice-best-path[5.5.569~1-6f329]:main():lattice-best-path.cc:99) For utterance pp34-domotica3_command106, best cost 136.65 + -196.569 = -59.9194 over 176 frames.
pp34-domotica3_command106 woonkamer licht aan 
LOG (lattice-best-path[5.5.569~1-6f329]:main():lattice-best-path.cc:99) For utterance pp34-domotica3_command107, best cost 181.805 + -272.427 = -90.6221 over 242 frames.
pp34-domotica3_command107 de keuken uit 
LOG (lattice-best-path[5.5.569~1-6f329]:main():lattice-best-path.cc:99) For utterance pp34-domotica3_command108, best cost 131.725 + -221.485 = -89.7597 over 166 frames.
pp34-domotica3_command108 al de lichten uit 
LOG (lattice-best-path[5.5.569~1-6f329]:main():lattice-best-path.cc:99) For utterance pp34-domotica3_command109, best cost 136.797 + -204.899 = -68.1026 over 175 frames.
pp34-domotica3_command109 deur dicht van badkamer 
LOG (lattice-best-path[5.5.569~1-6f329]:main():lattice-best-path.cc:99) For utterance pp34-domotica3_command11, best cost 183.996 + -324.19 = -140.194 over 245 frames.
pp34-domotica3_command11 deur badkamer open 
LOG (lattice-best-path[5.5.569~1-6f329]:main():lattice-best-path.cc:99) For utterance pp34-domotica3_command110, best cost 142.147 + -242.128 = -99.9817 over 183 frames.
pp34-domotica3_command110 in de badkamer open 
LOG (lattice-best-path[5.5.569~1-6f329]:main():lattice-best-path.cc:99) For utterance pp34-domotica3_command111, best cost 145.459 + -231.396 = -85.9369 over 188 frames.
pp34-domotica3_command111 dicht van badkamer aan 
LOG (lattice-best-path[5.5.569~1-6f329]:main():lattice-best-path.cc:99) For utterance pp34-domotica3_command112, best cost 149.764 + -247.698 = -97.9339 over 195 frames.
pp34-domotica3_command112 hoofdeinde op stand een 
LOG (lattice-best-path[5.5.569~1-6f329]:main():lattice-best-path.cc:99) For utterance pp34-domotica3_command113, best cost 167.692 + -266.602 = -98.91 over 199 frames.
pp34-domotica3_command113 living open op stand twee 
LOG (lattice-best-path[5.5.569~1-6f329]:main():lattice-best-path.cc:99) For utterance pp34-domotica3_command114, best cost 157.524 + -241.352 = -83.8278 over 186 frames.
pp34-domotica3_command114 in open op stand drie 
LOG (lattice-best-path[5.5.569~1-6f329]:main():lattice-best-path.cc:99) For utterance pp34-domotica3_command115, best cost 151.121 + -233.787 = -82.6659 over 188 frames.
pp34-domotica3_command115 living keuken aan 
LOG (lattice-best-path[5.5.569~1-6f329]:main():lattice-best-path.cc:99) For utterance pp34-domotica3_command116, best cost 119.746 + -198.986 = -79.2399 over 158 frames.
pp34-domotica3_command116 aan 
LOG (lattice-best-path[5.5.569~1-6f329]:main():lattice-best-path.cc:99) For utterance pp34-domotica3_command117, best cost 156.126 + -238.492 = -82.3659 over 207 frames.
pp34-domotica3_command117 rolluiken slaapkamer 
LOG (lattice-best-path[5.5.569~1-6f329]:main():lattice-best-path.cc:99) For utterance pp34-domotica3_command118, best cost 148.564 + -226.713 = -78.1487 over 195 frames.
pp34-domotica3_command118 slaapkamer omhoog 
LOG (lattice-best-path[5.5.569~1-6f329]:main():lattice-best-path.cc:99) For utterance pp34-domotica3_command119, best cost 163.953 + -261.168 = -97.215 over 220 frames.
pp34-domotica3_command119 beneden 
LOG (lattice-best-path[5.5.569~1-6f329]:main():lattice-best-path.cc:99) For utterance pp34-domotica3_command12, best cost 151.373 + -250.346 = -98.9726 over 196 frames.
pp34-domotica3_command12 in de badkamer aan 
LOG (lattice-best-path[5.5.569~1-6f329]:main():lattice-best-path.cc:99) For utterance pp34-domotica3_command120, best cost 168.603 + -265.843 = -97.2404 over 220 frames.
pp34-domotica3_command120 rolluiken omhoog in living 
LOG (lattice-best-path[5.5.569~1-6f329]:main():lattice-best-path.cc:99) For utterance pp34-domotica3_command121, best cost 137.038 + -234.142 = -97.1042 over 182 frames.
pp34-domotica3_command121 living 
LOG (lattice-best-path[5.5.569~1-6f329]:main():lattice-best-path.cc:99) For utterance pp34-domotica3_command122, best cost 145.355 + -222.06 = -76.7049 over 194 frames.
pp34-domotica3_command122 living 
LOG (lattice-best-path[5.5.569~1-6f329]:main():lattice-best-path.cc:99) For utterance pp34-domotica3_command123, best cost 139.803 + -233.989 = -94.1866 over 179 frames.
pp34-domotica3_command123 deur slaapkamer dicht 
LOG (lattice-best-path[5.5.569~1-6f329]:main():lattice-best-path.cc:99) For utterance pp34-domotica3_command124, best cost 140.383 + -237.897 = -97.5133 over 181 frames.
pp34-domotica3_command124 deur slaapkamer open 
LOG (lattice-best-path[5.5.569~1-6f329]:main():lattice-best-path.cc:99) For utterance pp34-domotica3_command125, best cost 130.167 + -212.722 = -82.5549 over 171 frames.
pp34-domotica3_command125 in living 
LOG (lattice-best-path[5.5.569~1-6f329]:main():lattice-best-path.cc:99) For utterance pp34-domotica3_command126, best cost 171.928 + -292.63 = -120.702 over 222 frames.
pp34-domotica3_command126 licht uit in slaapkamer 
LOG (lattice-best-path[5.5.569~1-6f329]:main():lattice-best-path.cc:99) For utterance pp34-domotica3_command127, best cost 154.678 + -247.087 = -92.4089 over 190 frames.
pp34-domotica3_command127 living staande lamp op een 
LOG (lattice-best-path[5.5.569~1-6f329]:main():lattice-best-path.cc:99) For utterance pp34-domotica3_command128, best cost 156.089 + -268.267 = -112.178 over 204 frames.
pp34-domotica3_command128 staande lamp op twee 
LOG (lattice-best-path[5.5.569~1-6f329]:main():lattice-best-path.cc:99) For utterance pp34-domotica3_command129, best cost 139.046 + -224.127 = -85.081 over 169 frames.
pp34-domotica3_command129 in staande lamp op drie 
LOG (lattice-best-path[5.5.569~1-6f329]:main():lattice-best-path.cc:99) For utterance pp34-domotica3_command13, best cost 159.069 + -241.755 = -82.6859 over 199 frames.
pp34-domotica3_command13 in hoofdeinde op twee 
LOG (lattice-best-path[5.5.569~1-6f329]:main():lattice-best-path.cc:99) For utterance pp34-domotica3_command130, best cost 187.733 + -308.486 = -120.752 over 248 frames.
pp34-domotica3_command130 thermostaat chauffage op drie 
LOG (lattice-best-path[5.5.569~1-6f329]:main():lattice-best-path.cc:99) For utterance pp34-domotica3_command131, best cost 136.586 + -247.803 = -111.217 over 178 frames.
pp34-domotica3_command131 de voordeur toe 
LOG (lattice-best-path[5.5.569~1-6f329]:main():lattice-best-path.cc:99) For utterance pp34-domotica3_command132, best cost 148.727 + -246.715 = -97.9875 over 173 frames.
pp34-domotica3_command132 al de in deur open 
LOG (lattice-best-path[5.5.569~1-6f329]:main():lattice-best-path.cc:99) For utterance pp34-domotica3_command133, best cost 144.275 + -225.829 = -81.5538 over 187 frames.
pp34-domotica3_command133 woonkamer licht aan 
LOG (lattice-best-path[5.5.569~1-6f329]:main():lattice-best-path.cc:99) For utterance pp34-domotica3_command134, best cost 158.083 + -249.615 = -91.5318 over 210 frames.
pp34-domotica3_command134 keuken uit 
LOG (lattice-best-path[5.5.569~1-6f329]:main():lattice-best-path.cc:99) For utterance pp34-domotica3_command135, best cost 128.237 + -191.062 = -62.8253 over 149 frames.
pp34-domotica3_command135 living al de lichten uit 
LOG (lattice-best-path[5.5.569~1-6f329]:main():lattice-best-path.cc:99) For utterance pp34-domotica3_command136, best cost 142.347 + -248.418 = -106.071 over 186 frames.
pp34-domotica3_command136 deur badkamer 
LOG (lattice-best-path[5.5.569~1-6f329]:main():lattice-best-path.cc:99) For utterance pp34-domotica3_command137, best cost 149.64 + -267.421 = -117.782 over 198 frames.
pp34-domotica3_command137 deur open 
LOG (lattice-best-path[5.5.569~1-6f329]:main():lattice-best-path.cc:99) For utterance pp34-domotica3_command138, best cost 154.418 + -258.797 = -104.38 over 195 frames.
pp34-domotica3_command138 in licht aan 
LOG (lattice-best-path[5.5.569~1-6f329]:main():lattice-best-path.cc:99) For utterance pp34-domotica3_command139, best cost 169.308 + -289.422 = -120.115 over 203 frames.
pp34-domotica3_command139 al in op stand een 
LOG (lattice-best-path[5.5.569~1-6f329]:main():lattice-best-path.cc:99) For utterance pp34-domotica3_command14, best cost 169.1 + -274.63 = -105.53 over 213 frames.
pp34-domotica3_command14 open op stand twee 
LOG (lattice-best-path[5.5.569~1-6f329]:main():lattice-best-path.cc:99) For utterance pp34-domotica3_command140, best cost 206.084 + -332.388 = -126.304 over 263 frames.
pp34-domotica3_command140 in living lamp op stand twee 
LOG (lattice-best-path[5.5.569~1-6f329]:main():lattice-best-path.cc:99) For utterance pp34-domotica3_command141, best cost 147.296 + -254.437 = -107.141 over 181 frames.
pp34-domotica3_command141 rolluiken hoofdeinde op stand drie 
LOG (lattice-best-path[5.5.569~1-6f329]:main():lattice-best-path.cc:99) For utterance pp34-domotica3_command142, best cost 133.966 + -224.963 = -90.9971 over 162 frames.
pp34-domotica3_command142 al de lichten in de keuken aan 
LOG (lattice-best-path[5.5.569~1-6f329]:main():lattice-best-path.cc:99) For utterance pp34-domotica3_command143, best cost 122.223 + -200.992 = -78.7697 over 157 frames.
pp34-domotica3_command143 in slaapkamer 
LOG (lattice-best-path[5.5.569~1-6f329]:main():lattice-best-path.cc:99) For utterance pp34-domotica3_command144, best cost 155.391 + -260.351 = -104.96 over 192 frames.
pp34-domotica3_command144 living rolluiken slaapkamer neer 
LOG (lattice-best-path[5.5.569~1-6f329]:main():lattice-best-path.cc:99) For utterance pp34-domotica3_command145, best cost 153.696 + -227.994 = -74.298 over 188 frames.
pp34-domotica3_command145 living rolluiken slaapkamer omhoog 
LOG (lattice-best-path[5.5.569~1-6f329]:main():lattice-best-path.cc:99) For utterance pp34-domotica3_command146, best cost 153.796 + -226.465 = -72.6691 over 202 frames.
pp34-domotica3_command146 rolluik achterdeur naar beneden 
LOG (lattice-best-path[5.5.569~1-6f329]:main():lattice-best-path.cc:99) For utterance pp34-domotica3_command147, best cost 189.186 + -313.1 = -123.913 over 235 frames.
pp34-domotica3_command147 rolluik rolluiken omhoog deur in living 
LOG (lattice-best-path[5.5.569~1-6f329]:main():lattice-best-path.cc:99) For utterance pp34-domotica3_command148, best cost 122.172 + -194.183 = -72.0102 over 136 frames.
pp34-domotica3_command148 al in rolluiken neer 
LOG (lattice-best-path[5.5.569~1-6f329]:main():lattice-best-path.cc:99) For utterance pp34-domotica3_command149, best cost 146.399 + -213.662 = -67.2633 over 176 frames.
pp34-domotica3_command149 achterdeur rolluiken omhoog in living 
LOG (lattice-best-path[5.5.569~1-6f329]:main():lattice-best-path.cc:99) For utterance pp34-domotica3_command15, best cost 178.855 + -301.72 = -122.865 over 225 frames.
pp34-domotica3_command15 van hoofdeinde op stand drie 
LOG (lattice-best-path[5.5.569~1-6f329]:main():lattice-best-path.cc:99) For utterance pp34-domotica3_command150, best cost 227.812 + -430.17 = -202.358 over 294 frames.
pp34-domotica3_command150 al deur slaapkamer dicht 
LOG (lattice-best-path[5.5.569~1-6f329]:main():lattice-best-path.cc:99) For utterance pp34-domotica3_command151, best cost 146.837 + -239.2 = -92.3629 over 184 frames.
pp34-domotica3_command151 rolluik omhoog deur slaapkamer open 
LOG (lattice-best-path[5.5.569~1-6f329]:main():lattice-best-path.cc:99) For utterance pp34-domotica3_command152, best cost 130.262 + -212.461 = -82.199 over 166 frames.
pp34-domotica3_command152 licht aan slaapkamer 
LOG (lattice-best-path[5.5.569~1-6f329]:main():lattice-best-path.cc:99) For utterance pp34-domotica3_command153, best cost 136.341 + -237.308 = -100.967 over 165 frames.
pp34-domotica3_command153 al de lichten uit in slaapkamer 
LOG (lattice-best-path[5.5.569~1-6f329]:main():lattice-best-path.cc:99) For utterance pp34-domotica3_command154, best cost 130.439 + -202.674 = -72.2353 over 167 frames.
pp34-domotica3_command154 staande lamp op drie 
LOG (lattice-best-path[5.5.569~1-6f329]:main():lattice-best-path.cc:99) For utterance pp34-domotica3_command155, best cost 133.366 + -211.449 = -78.0826 over 158 frames.
pp34-domotica3_command155 licht in staande lamp op twee 
LOG (lattice-best-path[5.5.569~1-6f329]:main():lattice-best-path.cc:99) For utterance pp34-domotica3_command156, best cost 147.055 + -229.38 = -82.3253 over 179 frames.
pp34-domotica3_command156 al staande lamp op drie 
LOG (lattice-best-path[5.5.569~1-6f329]:main():lattice-best-path.cc:99) For utterance pp34-domotica3_command157, best cost 140.6 + -183.008 = -42.4079 over 180 frames.
pp34-domotica3_command157 thermostaat chauffage op een 
LOG (lattice-best-path[5.5.569~1-6f329]:main():lattice-best-path.cc:99) For utterance pp34-domotica3_command158, best cost 116.231 + -192.299 = -76.0687 over 147 frames.
pp34-domotica3_command158 in de voordeur toe 
LOG (lattice-best-path[5.5.569~1-6f329]:main():lattice-best-path.cc:99) For utterance pp34-domotica3_command159, best cost 96.9605 + -166.907 = -69.9462 over 122 frames.
pp34-domotica3_command159 deur open 
LOG (lattice-best-path[5.5.569~1-6f329]:main():lattice-best-path.cc:99) For utterance pp34-domotica3_command16, best cost 137.873 + -209.714 = -71.8415 over 177 frames.
pp34-domotica3_command16 in de keuken aan 
LOG (lattice-best-path[5.5.569~1-6f329]:main():lattice-best-path.cc:99) For utterance pp34-domotica3_command160, best cost 137.117 + -217.773 = -80.6564 over 172 frames.
pp34-domotica3_command160 al de woonkamer licht aan 
LOG (lattice-best-path[5.5.569~1-6f329]:main():lattice-best-path.cc:99) For utterance pp34-domotica3_command161, best cost 165.47 + -233.706 = -68.2364 over 212 frames.
pp34-domotica3_command161 licht in de woonkamer en keuken uit 
LOG (lattice-best-path[5.5.569~1-6f329]:main():lattice-best-path.cc:99) For utterance pp34-domotica3_command162, best cost 124.101 + -192.385 = -68.2845 over 155 frames.
pp34-domotica3_command162 al de lichten uit 
LOG (lattice-best-path[5.5.569~1-6f329]:main():lattice-best-path.cc:99) For utterance pp34-domotica3_command163, best cost 134.024 + -210.487 = -76.4632 over 171 frames.
pp34-domotica3_command163 deur dicht van badkamer 
LOG (lattice-best-path[5.5.569~1-6f329]:main():lattice-best-path.cc:99) For utterance pp34-domotica3_command164, best cost 137.294 + -221.359 = -84.0655 over 176 frames.
pp34-domotica3_command164 in de badkamer open 
LOG (lattice-best-path[5.5.569~1-6f329]:main():lattice-best-path.cc:99) For utterance pp34-domotica3_command165, best cost 149.545 + -237.214 = -87.6689 over 184 frames.
pp34-domotica3_command165 al de lichten in de badkamer aan 
LOG (lattice-best-path[5.5.569~1-6f329]:main():lattice-best-path.cc:99) For utterance pp34-domotica3_command166, best cost 178.181 + -300.693 = -122.511 over 236 frames.
pp34-domotica3_command166 hoofdeinde op stand een 
LOG (lattice-best-path[5.5.569~1-6f329]:main():lattice-best-path.cc:99) For utterance pp34-domotica3_command167, best cost 168.156 + -282.727 = -114.57 over 211 frames.
pp34-domotica3_command167 in hoofdeinde op stand twee 
LOG (lattice-best-path[5.5.569~1-6f329]:main():lattice-best-path.cc:99) For utterance pp34-domotica3_command168, best cost 153.703 + -232.634 = -78.931 over 177 frames.
pp34-domotica3_command168 al de in hoofdeinde op stand drie 
LOG (lattice-best-path[5.5.569~1-6f329]:main():lattice-best-path.cc:99) For utterance pp34-domotica3_command169, best cost 124.704 + -190.133 = -65.4294 over 158 frames.
pp34-domotica3_command169 in de keuken aan 
LOG (lattice-best-path[5.5.569~1-6f329]:main():lattice-best-path.cc:99) For utterance pp34-domotica3_command17, best cost 147.115 + -237.542 = -90.4266 over 194 frames.
pp34-domotica3_command17 rolluiken slaapkamer 
LOG (lattice-best-path[5.5.569~1-6f329]:main():lattice-best-path.cc:99) For utterance pp34-domotica3_command170, best cost 114.181 + -169.383 = -55.2028 over 138 frames.
pp34-domotica3_command170 lamp aan 
LOG (lattice-best-path[5.5.569~1-6f329]:main():lattice-best-path.cc:99) For utterance pp34-domotica3_command171, best cost 145.32 + -204.496 = -59.1752 over 179 frames.
pp34-domotica3_command171 rolluiken rolluiken slaapkamer neer 
LOG (lattice-best-path[5.5.569~1-6f329]:main():lattice-best-path.cc:99) For utterance pp34-domotica3_command172, best cost 161.123 + -230.163 = -69.0393 over 187 frames.
pp34-domotica3_command172 al de in rolluiken slaapkamer omhoog 
LOG (lattice-best-path[5.5.569~1-6f329]:main():lattice-best-path.cc:99) For utterance pp34-domotica3_command173, best cost 149.615 + -208.112 = -58.4968 over 184 frames.
pp34-domotica3_command173 al rolluik achterdeur naar beneden 
LOG (lattice-best-path[5.5.569~1-6f329]:main():lattice-best-path.cc:99) For utterance pp34-domotica3_command174, best cost 163.525 + -251.751 = -88.226 over 209 frames.
pp34-domotica3_command174 rolluiken omhoog deur in living 
LOG (lattice-best-path[5.5.569~1-6f329]:main():lattice-best-path.cc:99) For utterance pp34-domotica3_command175, best cost 128.12 + -209.594 = -81.4733 over 155 frames.
pp34-domotica3_command175 al rolluiken neer 
LOG (lattice-best-path[5.5.569~1-6f329]:main():lattice-best-path.cc:99) For utterance pp34-domotica3_command176, best cost 144.524 + -202.54 = -58.0155 over 172 frames.
pp34-domotica3_command176 al de rolluiken omhoog in living 
LOG (lattice-best-path[5.5.569~1-6f329]:main():lattice-best-path.cc:99) For utterance pp34-domotica3_command177, best cost 144.634 + -236.447 = -91.8127 over 174 frames.
pp34-domotica3_command177 al deur slaapkamer dicht 
LOG (lattice-best-path[5.5.569~1-6f329]:main():lattice-best-path.cc:99) For utterance pp34-domotica3_command178, best cost 128.6 + -217.183 = -88.5829 over 164 frames.
pp34-domotica3_command178 deur slaapkamer open 
LOG (lattice-best-path[5.5.569~1-6f329]:main():lattice-best-path.cc:99) For utterance pp34-domotica3_command179, best cost 129.015 + -188.574 = -59.5586 over 164 frames.
pp34-domotica3_command179 licht in slaapkamer 
LOG (lattice-best-path[5.5.569~1-6f329]:main():lattice-best-path.cc:99) For utterance pp34-domotica3_command180, best cost 128.713 + -202.59 = -73.8773 over 157 frames.
pp34-domotica3_command180 al de lichten in slaapkamer 
LOG (lattice-best-path[5.5.569~1-6f329]:main():lattice-best-path.cc:99) For utterance pp34-domotica3_command181, best cost 136.678 + -207.439 = -70.7604 over 176 frames.
pp34-domotica3_command181 staande lamp op een 
LOG (lattice-best-path[5.5.569~1-6f329]:main():lattice-best-path.cc:99) For utterance pp34-domotica3_command182, best cost 159.362 + -258.337 = -98.9753 over 185 frames.
pp34-domotica3_command182 al de stand staande lamp op twee 
LOG (lattice-best-path[5.5.569~1-6f329]:main():lattice-best-path.cc:99) For utterance pp34-domotica3_command183, best cost 138.758 + -232.007 = -93.2495 over 179 frames.
pp34-domotica3_command183 staande lamp op drie 
LOG (lattice-best-path[5.5.569~1-6f329]:main():lattice-best-path.cc:99) For utterance pp34-domotica3_command184, best cost 178.008 + -275.09 = -97.0826 over 222 frames.
pp34-domotica3_command184 al thermostaat chauffage op drie 
LOG (lattice-best-path[5.5.569~1-6f329]:main():lattice-best-path.cc:99) For utterance pp34-domotica3_command185, best cost 123.162 + -216.815 = -93.6533 over 157 frames.
pp34-domotica3_command185 in de voordeur toe 
LOG (lattice-best-path[5.5.569~1-6f329]:main():lattice-best-path.cc:99) For utterance pp34-domotica3_command186, best cost 130.012 + -218.548 = -88.5356 over 146 frames.
pp34-domotica3_command186 al de in deur open 
LOG (lattice-best-path[5.5.569~1-6f329]:main():lattice-best-path.cc:99) For utterance pp34-domotica3_command187, best cost 138.123 + -212.676 = -74.5525 over 166 frames.
pp34-domotica3_command187 al de lichten in de woonkamer licht aan 
LOG (lattice-best-path[5.5.569~1-6f329]:main():lattice-best-path.cc:99) For utterance pp34-domotica3_command188, best cost 154.45 + -209.701 = -55.2513 over 195 frames.
pp34-domotica3_command188 uit in de woonkamer en keuken uit 
LOG (lattice-best-path[5.5.569~1-6f329]:main():lattice-best-path.cc:99) For utterance pp34-domotica3_command189, best cost 135.807 + -222.928 = -87.1204 over 171 frames.
pp34-domotica3_command189 licht in de lichten uit 
LOG (lattice-best-path[5.5.569~1-6f329]:main():lattice-best-path.cc:99) For utterance pp34-domotica3_command19, best cost 183.12 + -270.911 = -87.7914 over 232 frames.
pp34-domotica3_command19 in rolluiken slaapkamer omhoog 
LOG (lattice-best-path[5.5.569~1-6f329]:main():lattice-best-path.cc:99) For utterance pp34-domotica3_command190, best cost 152.718 + -223.017 = -70.2987 over 186 frames.
pp34-domotica3_command190 al deur dicht van badkamer 
LOG (lattice-best-path[5.5.569~1-6f329]:main():lattice-best-path.cc:99) For utterance pp34-domotica3_command191, best cost 180.508 + -300.599 = -120.09 over 228 frames.
pp34-domotica3_command191 living deur badkamer open 
LOG (lattice-best-path[5.5.569~1-6f329]:main():lattice-best-path.cc:99) For utterance pp34-domotica3_command192, best cost 137.983 + -225.422 = -87.439 over 181 frames.
pp34-domotica3_command192 badkamer aan 
LOG (lattice-best-path[5.5.569~1-6f329]:main():lattice-best-path.cc:99) For utterance pp34-domotica3_command193, best cost 144.217 + -219.556 = -75.3385 over 187 frames.
pp34-domotica3_command193 hoofdeinde op stand drie 
LOG (lattice-best-path[5.5.569~1-6f329]:main():lattice-best-path.cc:99) For utterance pp34-domotica3_command194, best cost 150.028 + -235.71 = -85.6822 over 182 frames.
pp34-domotica3_command194 al de hoofdeinde op stand twee 
LOG (lattice-best-path[5.5.569~1-6f329]:main():lattice-best-path.cc:99) For utterance pp34-domotica3_command195, best cost 146.602 + -213.589 = -66.9865 over 180 frames.
pp34-domotica3_command195 rolluiken hoofdeinde op stand drie 
LOG (lattice-best-path[5.5.569~1-6f329]:main():lattice-best-path.cc:99) For utterance pp34-domotica3_command196, best cost 135.1 + -211.557 = -76.4566 over 173 frames.
pp34-domotica3_command196 in de keuken aan 
LOG (lattice-best-path[5.5.569~1-6f329]:main():lattice-best-path.cc:99) For utterance pp34-domotica3_command197, best cost 119.043 + -173.366 = -54.3231 over 145 frames.
pp34-domotica3_command197 lamp op aan 
LOG (lattice-best-path[5.5.569~1-6f329]:main():lattice-best-path.cc:99) For utterance pp34-domotica3_command198, best cost 145.016 + -226.791 = -81.7751 over 189 frames.
pp34-domotica3_command198 rolluiken slaapkamer neer 
LOG (lattice-best-path[5.5.569~1-6f329]:main():lattice-best-path.cc:99) For utterance pp34-domotica3_command199, best cost 157.184 + -265.26 = -108.076 over 205 frames.
pp34-domotica3_command199 rolluiken slaapkamer omhoog 
LOG (lattice-best-path[5.5.569~1-6f329]:main():lattice-best-path.cc:99) For utterance pp34-domotica3_command2, best cost 198.5 + -333.135 = -134.635 over 255 frames.
pp34-domotica3_command2 in de lichten in de woonkamer en keuken uit 
LOG (lattice-best-path[5.5.569~1-6f329]:main():lattice-best-path.cc:99) For utterance pp34-domotica3_command20, best cost 181.522 + -279.031 = -97.5094 over 242 frames.
pp34-domotica3_command20 rolluik achterdeur naar beneden 
LOG (lattice-best-path[5.5.569~1-6f329]:main():lattice-best-path.cc:99) For utterance pp34-domotica3_command200, best cost 155.874 + -236.049 = -80.174 over 205 frames.
pp34-domotica3_command200 rolluik achterdeur naar beneden 
LOG (lattice-best-path[5.5.569~1-6f329]:main():lattice-best-path.cc:99) For utterance pp34-domotica3_command201, best cost 135.188 + -192.497 = -57.3094 over 168 frames.
pp34-domotica3_command201 rolluik omhoog deur in living 
LOG (lattice-best-path[5.5.569~1-6f329]:main():lattice-best-path.cc:99) For utterance pp34-domotica3_command202, best cost 139.925 + -203.333 = -63.4078 over 184 frames.
pp34-domotica3_command202 rolluiken neer 
LOG (lattice-best-path[5.5.569~1-6f329]:main():lattice-best-path.cc:99) For utterance pp34-domotica3_command203, best cost 145.911 + -203.095 = -57.1836 over 174 frames.
pp34-domotica3_command203 al de rolluiken omhoog in living 
LOG (lattice-best-path[5.5.569~1-6f329]:main():lattice-best-path.cc:99) For utterance pp34-domotica3_command204, best cost 155.723 + -255.779 = -100.056 over 190 frames.
pp34-domotica3_command204 living deur slaapkamer dicht 
LOG (lattice-best-path[5.5.569~1-6f329]:main():lattice-best-path.cc:99) For utterance pp34-domotica3_command205, best cost 136.444 + -216.868 = -80.4241 over 161 frames.
pp34-domotica3_command205 uit in deur slaapkamer open 
LOG (lattice-best-path[5.5.569~1-6f329]:main():lattice-best-path.cc:99) For utterance pp34-domotica3_command206, best cost 139.11 + -230.509 = -91.3995 over 172 frames.
pp34-domotica3_command206 al de lichten in slaapkamer 
LOG (lattice-best-path[5.5.569~1-6f329]:main():lattice-best-path.cc:99) For utterance pp34-domotica3_command207, best cost 144.659 + -224.665 = -80.0065 over 177 frames.
pp34-domotica3_command207 al de lichten uit in slaapkamer 
LOG (lattice-best-path[5.5.569~1-6f329]:main():lattice-best-path.cc:99) For utterance pp34-domotica3_command208, best cost 159.842 + -257.005 = -97.1637 over 199 frames.
pp34-domotica3_command208 in staande lamp op een 
LOG (lattice-best-path[5.5.569~1-6f329]:main():lattice-best-path.cc:99) For utterance pp34-domotica3_command209, best cost 147.922 + -242.959 = -95.0374 over 179 frames.
pp34-domotica3_command209 licht in staande lamp op twee 
LOG (lattice-best-path[5.5.569~1-6f329]:main():lattice-best-path.cc:99) For utterance pp34-domotica3_command21, best cost 176.919 + -248.397 = -71.478 over 232 frames.
pp34-domotica3_command21 rolluiken omhoog in living 
LOG (lattice-best-path[5.5.569~1-6f329]:main():lattice-best-path.cc:99) For utterance pp34-domotica3_command210, best cost 146.686 + -245.377 = -98.6906 over 180 frames.
pp34-domotica3_command210 rolluiken staande lamp op drie 
LOG (lattice-best-path[5.5.569~1-6f329]:main():lattice-best-path.cc:99) For utterance pp34-domotica3_command211, best cost 169.729 + -224.674 = -54.9448 over 211 frames.
pp34-domotica3_command211 rolluik thermostaat chauffage op twee 
LOG (lattice-best-path[5.5.569~1-6f329]:main():lattice-best-path.cc:99) For utterance pp34-domotica3_command212, best cost 118.941 + -200.551 = -81.6103 over 149 frames.
pp34-domotica3_command212 al de voordeur toe 
LOG (lattice-best-path[5.5.569~1-6f329]:main():lattice-best-path.cc:99) For utterance pp34-domotica3_command213, best cost 118.426 + -186.507 = -68.0813 over 141 frames.
pp34-domotica3_command213 living deur open 
LOG (lattice-best-path[5.5.569~1-6f329]:main():lattice-best-path.cc:99) For utterance pp34-domotica3_command214, best cost 148.248 + -230.635 = -82.3865 over 178 frames.
pp34-domotica3_command214 al in de woonkamer licht aan 
LOG (lattice-best-path[5.5.569~1-6f329]:main():lattice-best-path.cc:99) For utterance pp34-domotica3_command215, best cost 155.465 + -231.293 = -75.828 over 191 frames.
pp34-domotica3_command215 al de lichten in de woonkamer en keuken uit 
LOG (lattice-best-path[5.5.569~1-6f329]:main():lattice-best-path.cc:99) For utterance pp34-domotica3_command216, best cost 126.873 + -216.601 = -89.7281 over 159 frames.
pp34-domotica3_command216 al de lichten uit 
LOG (lattice-best-path[5.5.569~1-6f329]:main():lattice-best-path.cc:99) For utterance pp34-domotica3_command217, best cost 141.953 + -205.995 = -64.042 over 172 frames.
pp34-domotica3_command217 rolluiken deur dicht van badkamer 
LOG (lattice-best-path[5.5.569~1-6f329]:main():lattice-best-path.cc:99) For utterance pp34-domotica3_command218, best cost 137.555 + -216.071 = -78.5156 over 178 frames.
pp34-domotica3_command218 deur badkamer open 
LOG (lattice-best-path[5.5.569~1-6f329]:main():lattice-best-path.cc:99) For utterance pp34-domotica3_command219, best cost 147.033 + -227.832 = -80.7991 over 181 frames.
pp34-domotica3_command219 in living badkamer aan 
LOG (lattice-best-path[5.5.569~1-6f329]:main():lattice-best-path.cc:99) For utterance pp34-domotica3_command22, best cost 141.311 + -230.712 = -89.401 over 186 frames.
pp34-domotica3_command22 rolluiken neer 
LOG (lattice-best-path[5.5.569~1-6f329]:main():lattice-best-path.cc:99) For utterance pp34-domotica3_command220, best cost 131.053 + -209.596 = -78.5432 over 169 frames.
pp34-domotica3_command220 hoofdeinde op drie 
LOG (lattice-best-path[5.5.569~1-6f329]:main():lattice-best-path.cc:99) For utterance pp34-domotica3_command222, best cost 145.18 + -220.324 = -75.1441 over 166 frames.
pp34-domotica3_command222 al in hoofdeinde op stand drie 
LOG (lattice-best-path[5.5.569~1-6f329]:main():lattice-best-path.cc:99) For utterance pp34-domotica3_command223, best cost 136.487 + -206.615 = -70.1274 over 175 frames.
pp34-domotica3_command223 in de keuken aan 
LOG (lattice-best-path[5.5.569~1-6f329]:main():lattice-best-path.cc:99) For utterance pp34-domotica3_command224, best cost 128.61 + -188.306 = -59.6956 over 154 frames.
pp34-domotica3_command224 al de lichten aan 
LOG (lattice-best-path[5.5.569~1-6f329]:main():lattice-best-path.cc:99) For utterance pp34-domotica3_command225, best cost 151.926 + -221.11 = -69.1842 over 187 frames.
pp34-domotica3_command225 al rolluiken slaapkamer neer 
LOG (lattice-best-path[5.5.569~1-6f329]:main():lattice-best-path.cc:99) For utterance pp34-domotica3_command226, best cost 160.226 + -228.168 = -67.9422 over 187 frames.
pp34-domotica3_command226 al in rolluiken slaapkamer omhoog 
LOG (lattice-best-path[5.5.569~1-6f329]:main():lattice-best-path.cc:99) For utterance pp34-domotica3_command227, best cost 154.467 + -226.602 = -72.1348 over 191 frames.
pp34-domotica3_command227 al rolluik achterdeur naar beneden 
LOG (lattice-best-path[5.5.569~1-6f329]:main():lattice-best-path.cc:99) For utterance pp34-domotica3_command228, best cost 151.32 + -229.66 = -78.3401 over 199 frames.
pp34-domotica3_command228 rolluiken omhoog 
LOG (lattice-best-path[5.5.569~1-6f329]:main():lattice-best-path.cc:99) For utterance pp34-domotica3_command229, best cost 137.824 + -228.996 = -91.1717 over 169 frames.
pp34-domotica3_command229 al rolluiken neer 
LOG (lattice-best-path[5.5.569~1-6f329]:main():lattice-best-path.cc:99) For utterance pp34-domotica3_command23, best cost 147.888 + -223.327 = -75.439 over 190 frames.
pp34-domotica3_command23 rolluik omhoog in living 
LOG (lattice-best-path[5.5.569~1-6f329]:main():lattice-best-path.cc:99) For utterance pp34-domotica3_command230, best cost 149.483 + -212.503 = -63.0206 over 182 frames.
pp34-domotica3_command230 in rolluiken omhoog in living 
LOG (lattice-best-path[5.5.569~1-6f329]:main():lattice-best-path.cc:99) For utterance pp34-domotica3_command231, best cost 125.247 + -211.486 = -86.2395 over 158 frames.
pp34-domotica3_command231 deur slaapkamer dicht 
LOG (lattice-best-path[5.5.569~1-6f329]:main():lattice-best-path.cc:99) For utterance pp34-domotica3_command232, best cost 125.827 + -216.371 = -90.5441 over 160 frames.
pp34-domotica3_command232 deur slaapkamer open 
LOG (lattice-best-path[5.5.569~1-6f329]:main():lattice-best-path.cc:99) For utterance pp34-domotica3_command233, best cost 142.568 + -227.243 = -84.6746 over 175 frames.
pp34-domotica3_command233 uit in de lichten in slaapkamer 
LOG (lattice-best-path[5.5.569~1-6f329]:main():lattice-best-path.cc:99) For utterance pp34-domotica3_command234, best cost 138.42 + -233.977 = -95.557 over 168 frames.
pp34-domotica3_command234 al de lichten uit in slaapkamer 
LOG (lattice-best-path[5.5.569~1-6f329]:main():lattice-best-path.cc:99) For utterance pp34-domotica3_command235, best cost 133.212 + -223.343 = -90.131 over 171 frames.
pp34-domotica3_command235 staande lamp op drie 
LOG (lattice-best-path[5.5.569~1-6f329]:main():lattice-best-path.cc:99) For utterance pp34-domotica3_command236, best cost 133.908 + -238.999 = -105.091 over 172 frames.
pp34-domotica3_command236 staande lamp op twee 
LOG (lattice-best-path[5.5.569~1-6f329]:main():lattice-best-path.cc:99) For utterance pp34-domotica3_command237, best cost 149.135 + -231.418 = -82.2826 over 182 frames.
pp34-domotica3_command237 al staande lamp op drie 
LOG (lattice-best-path[5.5.569~1-6f329]:main():lattice-best-path.cc:99) For utterance pp34-domotica3_command238, best cost 181.496 + -291.218 = -109.722 over 239 frames.
pp34-domotica3_command238 thermostaat chauffage op drie 
LOG (lattice-best-path[5.5.569~1-6f329]:main():lattice-best-path.cc:99) For utterance pp34-domotica3_command239, best cost 142.569 + -272.117 = -129.548 over 185 frames.
pp34-domotica3_command239 in de voordeur toe 
LOG (lattice-best-path[5.5.569~1-6f329]:main():lattice-best-path.cc:99) For utterance pp34-domotica3_command240, best cost 126.546 + -212.703 = -86.157 over 141 frames.
pp34-domotica3_command240 al de in deur open 
LOG (lattice-best-path[5.5.569~1-6f329]:main():lattice-best-path.cc:99) For utterance pp34-domotica3_command241, best cost 139.257 + -230.717 = -91.4597 over 177 frames.
pp34-domotica3_command241 in de woonkamer licht aan 
LOG (lattice-best-path[5.5.569~1-6f329]:main():lattice-best-path.cc:99) For utterance pp34-domotica3_command242, best cost 167.688 + -242.602 = -74.9138 over 220 frames.
pp34-domotica3_command242 in de keuken uit 
LOG (lattice-best-path[5.5.569~1-6f329]:main():lattice-best-path.cc:99) For utterance pp34-domotica3_command243, best cost 125.098 + -203.645 = -78.5473 over 146 frames.
pp34-domotica3_command243 rolluiken al de lichten uit 
LOG (lattice-best-path[5.5.569~1-6f329]:main():lattice-best-path.cc:99) For utterance pp34-domotica3_command244, best cost 153.686 + -238.038 = -84.3516 over 186 frames.
pp34-domotica3_command244 living deur dicht van badkamer aan 
LOG (lattice-best-path[5.5.569~1-6f329]:main():lattice-best-path.cc:99) For utterance pp34-domotica3_command245, best cost 134.46 + -216.163 = -81.7026 over 170 frames.
pp34-domotica3_command245 al de badkamer open 
LOG (lattice-best-path[5.5.569~1-6f329]:main():lattice-best-path.cc:99) For utterance pp34-domotica3_command246, best cost 123.509 + -200.969 = -77.4604 over 153 frames.
pp34-domotica3_command246 licht in de badkamer aan 
LOG (lattice-best-path[5.5.569~1-6f329]:main():lattice-best-path.cc:99) For utterance pp34-domotica3_command247, best cost 155.614 + -236.679 = -81.0647 over 193 frames.
pp34-domotica3_command247 rolluiken hoofdeinde op stand een 
LOG (lattice-best-path[5.5.569~1-6f329]:main():lattice-best-path.cc:99) For utterance pp34-domotica3_command248, best cost 147.051 + -231.835 = -84.7841 over 179 frames.
pp34-domotica3_command248 living hoofdeinde op stand twee 
LOG (lattice-best-path[5.5.569~1-6f329]:main():lattice-best-path.cc:99) For utterance pp34-domotica3_command249, best cost 137.469 + -206.557 = -69.0881 over 164 frames.
pp34-domotica3_command249 al de hoofdeinde op stand drie 
LOG (lattice-best-path[5.5.569~1-6f329]:main():lattice-best-path.cc:99) For utterance pp34-domotica3_command25, best cost 166.283 + -271.445 = -105.161 over 206 frames.
pp34-domotica3_command25 living licht aan slaapkamer 
LOG (lattice-best-path[5.5.569~1-6f329]:main():lattice-best-path.cc:99) For utterance pp34-domotica3_command250, best cost 125.327 + -190.018 = -64.692 over 155 frames.
pp34-domotica3_command250 uit in de keuken aan 
LOG (lattice-best-path[5.5.569~1-6f329]:main():lattice-best-path.cc:99) For utterance pp34-domotica3_command251, best cost 129.846 + -189.137 = -59.2903 over 158 frames.
pp34-domotica3_command251 living licht aan 
LOG (lattice-best-path[5.5.569~1-6f329]:main():lattice-best-path.cc:99) For utterance pp34-domotica3_command252, best cost 145.709 + -232.581 = -86.8723 over 190 frames.
pp34-domotica3_command252 rolluiken slaapkamer neer 
LOG (lattice-best-path[5.5.569~1-6f329]:main():lattice-best-path.cc:99) For utterance pp34-domotica3_command253, best cost 146.787 + -217.788 = -71.0016 over 190 frames.
pp34-domotica3_command253 rolluiken slaapkamer omhoog 
LOG (lattice-best-path[5.5.569~1-6f329]:main():lattice-best-path.cc:99) For utterance pp34-domotica3_command254, best cost 159.629 + -236.696 = -77.0661 over 200 frames.
pp34-domotica3_command254 in rolluik achterdeur naar beneden 
LOG (lattice-best-path[5.5.569~1-6f329]:main():lattice-best-path.cc:99) For utterance pp34-domotica3_command255, best cost 156.674 + -237.093 = -80.4198 over 199 frames.
pp34-domotica3_command255 rolluik omhoog deur in living 
LOG (lattice-best-path[5.5.569~1-6f329]:main():lattice-best-path.cc:99) For utterance pp34-domotica3_command256, best cost 131.607 + -220.88 = -89.2726 over 172 frames.
pp34-domotica3_command256 rolluiken neer 
LOG (lattice-best-path[5.5.569~1-6f329]:main():lattice-best-path.cc:99) For utterance pp34-domotica3_command257, best cost 148.479 + -198.364 = -49.8856 over 179 frames.
pp34-domotica3_command257 living rolluiken omhoog in living 
LOG (lattice-best-path[5.5.569~1-6f329]:main():lattice-best-path.cc:99) For utterance pp34-domotica3_command258, best cost 158.298 + -256.129 = -97.8306 over 182 frames.
pp34-domotica3_command258 al de in deur slaapkamer dicht 
LOG (lattice-best-path[5.5.569~1-6f329]:main():lattice-best-path.cc:99) For utterance pp34-domotica3_command259, best cost 146.402 + -220.478 = -74.0759 over 166 frames.
pp34-domotica3_command259 al de in deur slaapkamer open 
LOG (lattice-best-path[5.5.569~1-6f329]:main():lattice-best-path.cc:99) For utterance pp34-domotica3_command26, best cost 160.816 + -241.913 = -81.0963 over 194 frames.
pp34-domotica3_command26 living licht uit in slaapkamer 
LOG (lattice-best-path[5.5.569~1-6f329]:main():lattice-best-path.cc:99) For utterance pp34-domotica3_command260, best cost 131.952 + -202.591 = -70.6395 over 158 frames.
pp34-domotica3_command260 rolluiken licht aan slaapkamer 
LOG (lattice-best-path[5.5.569~1-6f329]:main():lattice-best-path.cc:99) For utterance pp34-domotica3_command261, best cost 135.192 + -211.799 = -76.6076 over 169 frames.
pp34-domotica3_command261 licht uit in slaapkamer 
LOG (lattice-best-path[5.5.569~1-6f329]:main():lattice-best-path.cc:99) For utterance pp34-domotica3_command262, best cost 133.214 + -218.041 = -84.8271 over 171 frames.
pp34-domotica3_command262 staande lamp op twee 
LOG (lattice-best-path[5.5.569~1-6f329]:main():lattice-best-path.cc:99) For utterance pp34-domotica3_command263, best cost 151.908 + -262.904 = -110.996 over 186 frames.
pp34-domotica3_command263 living staande lamp op twee 
LOG (lattice-best-path[5.5.569~1-6f329]:main():lattice-best-path.cc:99) For utterance pp34-domotica3_command264, best cost 137.676 + -207.116 = -69.4394 over 167 frames.
pp34-domotica3_command264 rolluiken staande lamp op drie 
LOG (lattice-best-path[5.5.569~1-6f329]:main():lattice-best-path.cc:99) For utterance pp34-domotica3_command265, best cost 186.533 + -293.999 = -107.466 over 233 frames.
pp34-domotica3_command265 al de thermostaat chauffage op twee 
LOG (lattice-best-path[5.5.569~1-6f329]:main():lattice-best-path.cc:99) For utterance pp34-domotica3_command266, best cost 118.31 + -196.759 = -78.4487 over 150 frames.
pp34-domotica3_command266 in de voordeur toe 
LOG (lattice-best-path[5.5.569~1-6f329]:main():lattice-best-path.cc:99) For utterance pp34-domotica3_command267, best cost 114.289 + -198.62 = -84.3305 over 147 frames.
pp34-domotica3_command267 deur open 
LOG (lattice-best-path[5.5.569~1-6f329]:main():lattice-best-path.cc:99) For utterance pp34-domotica3_command268, best cost 141.337 + -236.991 = -95.6544 over 180 frames.
pp34-domotica3_command268 in de woonkamer licht aan 
LOG (lattice-best-path[5.5.569~1-6f329]:main():lattice-best-path.cc:99) For utterance pp34-domotica3_command269, best cost 162.083 + -246.505 = -84.4218 over 208 frames.
pp34-domotica3_command269 al de woonkamer en keuken uit 
LOG (lattice-best-path[5.5.569~1-6f329]:main():lattice-best-path.cc:99) For utterance pp34-domotica3_command27, best cost 183.77 + -301.11 = -117.341 over 220 frames.
pp34-domotica3_command27 al living staande lamp op een 
LOG (lattice-best-path[5.5.569~1-6f329]:main():lattice-best-path.cc:99) For utterance pp34-domotica3_command270, best cost 126.874 + -191.123 = -64.2492 over 159 frames.
pp34-domotica3_command270 al de lichten uit 
LOG (lattice-best-path[5.5.569~1-6f329]:main():lattice-best-path.cc:99) For utterance pp34-domotica3_command271, best cost 156.183 + -241.447 = -85.2638 over 191 frames.
pp34-domotica3_command271 living deur dicht van badkamer 
LOG (lattice-best-path[5.5.569~1-6f329]:main():lattice-best-path.cc:99) For utterance pp34-domotica3_command272, best cost 143.716 + -231.832 = -88.1155 over 172 frames.
pp34-domotica3_command272 al de in de badkamer open 
LOG (lattice-best-path[5.5.569~1-6f329]:main():lattice-best-path.cc:99) For utterance pp34-domotica3_command273, best cost 126.893 + -186.398 = -59.5048 over 165 frames.
pp34-domotica3_command273 badkamer aan 
LOG (lattice-best-path[5.5.569~1-6f329]:main():lattice-best-path.cc:99) For utterance pp34-domotica3_command274, best cost 139.13 + -217.365 = -78.2349 over 178 frames.
pp34-domotica3_command274 chauffage op stand een 
LOG (lattice-best-path[5.5.569~1-6f329]:main():lattice-best-path.cc:99) For utterance pp34-domotica3_command275, best cost 145.177 + -235.003 = -89.8258 over 175 frames.
pp34-domotica3_command275 al de hoofdeinde op stand twee 
LOG (lattice-best-path[5.5.569~1-6f329]:main():lattice-best-path.cc:99) For utterance pp34-domotica3_command276, best cost 158.872 + -244.474 = -85.6017 over 194 frames.
pp34-domotica3_command276 op drie hoofdeinde op stand drie 
LOG (lattice-best-path[5.5.569~1-6f329]:main():lattice-best-path.cc:99) For utterance pp34-domotica3_command277, best cost 139.198 + -228.362 = -89.1643 over 177 frames.
pp34-domotica3_command277 al de keuken aan 
LOG (lattice-best-path[5.5.569~1-6f329]:main():lattice-best-path.cc:99) For utterance pp34-domotica3_command278, best cost 140.207 + -195.98 = -55.773 over 161 frames.
pp34-domotica3_command278 al de in slaapkamer aan 
LOG (lattice-best-path[5.5.569~1-6f329]:main():lattice-best-path.cc:99) For utterance pp34-domotica3_command279, best cost 167.175 + -252.327 = -85.1513 over 209 frames.
pp34-domotica3_command279 al rolluiken slaapkamer neer 
LOG (lattice-best-path[5.5.569~1-6f329]:main():lattice-best-path.cc:99) For utterance pp34-domotica3_command28, best cost 169.951 + -290.906 = -120.955 over 224 frames.
pp34-domotica3_command28 staande lamp op twee 
LOG (lattice-best-path[5.5.569~1-6f329]:main():lattice-best-path.cc:99) For utterance pp34-domotica3_command280, best cost 186.967 + -307.705 = -120.737 over 236 frames.
pp34-domotica3_command280 living rolluiken slaapkamer omhoog 
LOG (lattice-best-path[5.5.569~1-6f329]:main():lattice-best-path.cc:99) For utterance pp34-domotica3_command281, best cost 154.489 + -244.026 = -89.5369 over 203 frames.
pp34-domotica3_command281 rolluik achterdeur naar beneden 
LOG (lattice-best-path[5.5.569~1-6f329]:main():lattice-best-path.cc:99) For utterance pp34-domotica3_command282, best cost 144.197 + -192.542 = -48.3449 over 181 frames.
pp34-domotica3_command282 rolluik omhoog deur in living 
LOG (lattice-best-path[5.5.569~1-6f329]:main():lattice-best-path.cc:99) For utterance pp34-domotica3_command283, best cost 117.744 + -175.744 = -58.0002 over 152 frames.
pp34-domotica3_command283 rolluiken neer 
LOG (lattice-best-path[5.5.569~1-6f329]:main():lattice-best-path.cc:99) For utterance pp34-domotica3_command284, best cost 143.832 + -192.157 = -48.3253 over 171 frames.
pp34-domotica3_command284 al de rolluiken omhoog in living 
LOG (lattice-best-path[5.5.569~1-6f329]:main():lattice-best-path.cc:99) For utterance pp34-domotica3_command285, best cost 145.326 + -231.287 = -85.961 over 175 frames.
pp34-domotica3_command285 living deur slaapkamer dicht 
LOG (lattice-best-path[5.5.569~1-6f329]:main():lattice-best-path.cc:99) For utterance pp34-domotica3_command286, best cost 137.589 + -212.173 = -74.5844 over 165 frames.
pp34-domotica3_command286 living deur slaapkamer open 
LOG (lattice-best-path[5.5.569~1-6f329]:main():lattice-best-path.cc:99) For utterance pp34-domotica3_command287, best cost 134.724 + -207.709 = -72.985 over 162 frames.
pp34-domotica3_command287 rolluiken licht aan slaapkamer 
LOG (lattice-best-path[5.5.569~1-6f329]:main():lattice-best-path.cc:99) For utterance pp34-domotica3_command288, best cost 133.805 + -201.711 = -67.9053 over 167 frames.
pp34-domotica3_command288 licht uit in slaapkamer 
LOG (lattice-best-path[5.5.569~1-6f329]:main():lattice-best-path.cc:99) For utterance pp34-domotica3_command289, best cost 125.587 + -190.256 = -64.669 over 160 frames.
pp34-domotica3_command289 staande lamp op drie 
LOG (lattice-best-path[5.5.569~1-6f329]:main():lattice-best-path.cc:99) For utterance pp34-domotica3_command29, best cost 171.293 + -286.459 = -115.166 over 202 frames.
pp34-domotica3_command29 al living staande lamp op drie 
LOG (lattice-best-path[5.5.569~1-6f329]:main():lattice-best-path.cc:99) For utterance pp34-domotica3_command290, best cost 131.808 + -211.361 = -79.5535 over 157 frames.
pp34-domotica3_command290 open staande lamp op twee 
LOG (lattice-best-path[5.5.569~1-6f329]:main():lattice-best-path.cc:99) For utterance pp34-domotica3_command291, best cost 139.351 + -220.237 = -80.8857 over 171 frames.
pp34-domotica3_command291 rolluiken slaapkamer op drie 
LOG (lattice-best-path[5.5.569~1-6f329]:main():lattice-best-path.cc:99) For utterance pp34-domotica3_command292, best cost 177.35 + -252.302 = -74.9524 over 221 frames.
pp34-domotica3_command292 al thermostaat chauffage op eenentwintig 
LOG (lattice-best-path[5.5.569~1-6f329]:main():lattice-best-path.cc:99) For utterance pp34-domotica3_command293, best cost 116.168 + -201.176 = -85.0076 over 145 frames.
pp34-domotica3_command293 al de voordeur toe 
LOG (lattice-best-path[5.5.569~1-6f329]:main():lattice-best-path.cc:99) For utterance pp34-domotica3_command294, best cost 109.437 + -185.739 = -76.3016 over 140 frames.
pp34-domotica3_command294 deur open 
LOG (lattice-best-path[5.5.569~1-6f329]:main():lattice-best-path.cc:99) For utterance pp34-domotica3_command295, best cost 137.871 + -225.526 = -87.6553 over 175 frames.
pp34-domotica3_command295 in de woonkamer licht aan 
LOG (lattice-best-path[5.5.569~1-6f329]:main():lattice-best-path.cc:99) For utterance pp34-domotica3_command296, best cost 222.447 + -354.658 = -132.211 over 297 frames.
pp34-domotica3_command296 in de woonkamer en keuken uit 
LOG (lattice-best-path[5.5.569~1-6f329]:main():lattice-best-path.cc:99) For utterance pp34-domotica3_command297, best cost 132.723 + -197.219 = -64.4963 over 157 frames.
pp34-domotica3_command297 rolluiken al de lichten uit 
LOG (lattice-best-path[5.5.569~1-6f329]:main():lattice-best-path.cc:99) For utterance pp34-domotica3_command298, best cost 176.847 + -267.914 = -91.0671 over 213 frames.
pp34-domotica3_command298 al de lichten in deur dicht van badkamer 
LOG (lattice-best-path[5.5.569~1-6f329]:main():lattice-best-path.cc:99) For utterance pp34-domotica3_command299, best cost 120.658 + -181.109 = -60.4508 over 152 frames.
pp34-domotica3_command299 in de badkamer open 
LOG (lattice-best-path[5.5.569~1-6f329]:main():lattice-best-path.cc:99) For utterance pp34-domotica3_command3, best cost 182.714 + -312.736 = -130.022 over 228 frames.
pp34-domotica3_command3 in licht in de badkamer aan 
LOG (lattice-best-path[5.5.569~1-6f329]:main():lattice-best-path.cc:99) For utterance pp34-domotica3_command30, best cost 180.803 + -260.461 = -79.6578 over 238 frames.
pp34-domotica3_command30 thermostaat chauffage op drie 
LOG (lattice-best-path[5.5.569~1-6f329]:main():lattice-best-path.cc:99) For utterance pp34-domotica3_command300, best cost 123.63 + -193.411 = -69.7807 over 161 frames.
pp34-domotica3_command300 licht aan 
LOG (lattice-best-path[5.5.569~1-6f329]:main():lattice-best-path.cc:99) For utterance pp34-domotica3_command301, best cost 131.741 + -196.992 = -65.25 over 169 frames.
pp34-domotica3_command301 hoofdeinde op stand een 
LOG (lattice-best-path[5.5.569~1-6f329]:main():lattice-best-path.cc:99) For utterance pp34-domotica3_command302, best cost 115.188 + -177.545 = -62.3569 over 145 frames.
pp34-domotica3_command302 hoofdeinde op stand twee 
LOG (lattice-best-path[5.5.569~1-6f329]:main():lattice-best-path.cc:99) For utterance pp34-domotica3_command303, best cost 164.64 + -247.76 = -83.1203 over 183 frames.
pp34-domotica3_command303 al de in open op stand drie 
LOG (lattice-best-path[5.5.569~1-6f329]:main():lattice-best-path.cc:99) For utterance pp34-domotica3_command304, best cost 142.031 + -240.395 = -98.363 over 183 frames.
pp34-domotica3_command304 in de keuken aan 
LOG (lattice-best-path[5.5.569~1-6f329]:main():lattice-best-path.cc:99) For utterance pp34-domotica3_command305, best cost 122.916 + -186.006 = -63.09 over 158 frames.
pp34-domotica3_command305 in slaapkamer 
LOG (lattice-best-path[5.5.569~1-6f329]:main():lattice-best-path.cc:99) For utterance pp34-domotica3_command306, best cost 150.561 + -244.084 = -93.5238 over 197 frames.
pp34-domotica3_command306 rolluiken slaapkamer neer 
LOG (lattice-best-path[5.5.569~1-6f329]:main():lattice-best-path.cc:99) For utterance pp34-domotica3_command307, best cost 143.321 + -218.485 = -75.1638 over 185 frames.
pp34-domotica3_command307 rolluiken slaapkamer omhoog 
LOG (lattice-best-path[5.5.569~1-6f329]:main():lattice-best-path.cc:99) For utterance pp34-domotica3_command308, best cost 141.318 + -201.801 = -60.4824 over 184 frames.
pp34-domotica3_command308 rolluik achterdeur naar beneden 
LOG (lattice-best-path[5.5.569~1-6f329]:main():lattice-best-path.cc:99) For utterance pp34-domotica3_command309, best cost 153.433 + -234.088 = -80.6559 over 198 frames.
pp34-domotica3_command309 rolluik omhoog in living 
LOG (lattice-best-path[5.5.569~1-6f329]:main():lattice-best-path.cc:99) For utterance pp34-domotica3_command31, best cost 133.558 + -239.088 = -105.529 over 172 frames.
pp34-domotica3_command31 in de voordeur toe 
LOG (lattice-best-path[5.5.569~1-6f329]:main():lattice-best-path.cc:99) For utterance pp34-domotica3_command310, best cost 128.834 + -211.897 = -83.0624 over 168 frames.
pp34-domotica3_command310 rolluiken neer 
LOG (lattice-best-path[5.5.569~1-6f329]:main():lattice-best-path.cc:99) For utterance pp34-domotica3_command311, best cost 147.483 + -219.406 = -71.9221 over 179 frames.
pp34-domotica3_command311 in rolluik omhoog in living 
LOG (lattice-best-path[5.5.569~1-6f329]:main():lattice-best-path.cc:99) For utterance pp34-domotica3_command312, best cost 152.06 + -249.284 = -97.2244 over 173 frames.
pp34-domotica3_command312 al de in deur slaapkamer dicht 
LOG (lattice-best-path[5.5.569~1-6f329]:main():lattice-best-path.cc:99) For utterance pp34-domotica3_command313, best cost 139.378 + -231.149 = -91.7718 over 158 frames.
pp34-domotica3_command313 al de in de slaapkamer open 
LOG (lattice-best-path[5.5.569~1-6f329]:main():lattice-best-path.cc:99) For utterance pp34-domotica3_command314, best cost 126.796 + -194.43 = -67.6337 over 161 frames.
pp34-domotica3_command314 licht aan slaapkamer 
LOG (lattice-best-path[5.5.569~1-6f329]:main():lattice-best-path.cc:99) For utterance pp34-domotica3_command315, best cost 137.888 + -210.672 = -72.7843 over 173 frames.
pp34-domotica3_command315 lichten uit in slaapkamer 
LOG (lattice-best-path[5.5.569~1-6f329]:main():lattice-best-path.cc:99) For utterance pp34-domotica3_command316, best cost 133.212 + -203.89 = -70.6786 over 171 frames.
pp34-domotica3_command316 staande lamp op drie 
LOG (lattice-best-path[5.5.569~1-6f329]:main():lattice-best-path.cc:99) For utterance pp34-domotica3_command317, best cost 147.749 + -251.84 = -104.091 over 180 frames.
pp34-domotica3_command317 living staande lamp op twee 
LOG (lattice-best-path[5.5.569~1-6f329]:main():lattice-best-path.cc:99) For utterance pp34-domotica3_command318, best cost 133.501 + -202.415 = -68.9138 over 161 frames.
pp34-domotica3_command318 in staande lamp op drie 
LOG (lattice-best-path[5.5.569~1-6f329]:main():lattice-best-path.cc:99) For utterance pp34-domotica3_command319, best cost 171.769 + -245.727 = -73.9574 over 213 frames.
pp34-domotica3_command319 living thermostaat chauffage op drie 
LOG (lattice-best-path[5.5.569~1-6f329]:main():lattice-best-path.cc:99) For utterance pp34-domotica3_command32, best cost 130.925 + -229.973 = -99.0482 over 171 frames.
pp34-domotica3_command32 deur open 
LOG (lattice-best-path[5.5.569~1-6f329]:main():lattice-best-path.cc:99) For utterance pp34-domotica3_command320, best cost 116.231 + -198.17 = -81.9398 over 147 frames.
pp34-domotica3_command320 in de voordeur toe 
LOG (lattice-best-path[5.5.569~1-6f329]:main():lattice-best-path.cc:99) For utterance pp34-domotica3_command321, best cost 189.623 + -347.03 = -157.408 over 232 frames.
pp34-domotica3_command321 al de in deur open 
LOG (lattice-best-path[5.5.569~1-6f329]:main():lattice-best-path.cc:99) For utterance pp34-domotica3_command322, best cost 142.654 + -205.34 = -62.6868 over 178 frames.
pp34-domotica3_command322 uit in de woonkamer licht aan 
LOG (lattice-best-path[5.5.569~1-6f329]:main():lattice-best-path.cc:99) For utterance pp34-domotica3_command323, best cost 168.243 + -261.855 = -93.6117 over 216 frames.
pp34-domotica3_command323 licht in de woonkamer en keuken uit 
LOG (lattice-best-path[5.5.569~1-6f329]:main():lattice-best-path.cc:99) For utterance pp34-domotica3_command324, best cost 131.032 + -199.747 = -68.7147 over 165 frames.
pp34-domotica3_command324 al de lichten uit 
LOG (lattice-best-path[5.5.569~1-6f329]:main():lattice-best-path.cc:99) For utterance pp34-domotica3_command325, best cost 149.273 + -236.596 = -87.3224 over 193 frames.
pp34-domotica3_command325 deur dicht van badkamer 
LOG (lattice-best-path[5.5.569~1-6f329]:main():lattice-best-path.cc:99) For utterance pp34-domotica3_command326, best cost 122.306 + -200.703 = -78.3968 over 156 frames.
pp34-domotica3_command326 deur badkamer open 
LOG (lattice-best-path[5.5.569~1-6f329]:main():lattice-best-path.cc:99) For utterance pp34-domotica3_command328, best cost 166.165 + -264.007 = -97.8423 over 217 frames.
pp34-domotica3_command328 chauffage op stand een 
LOG (lattice-best-path[5.5.569~1-6f329]:main():lattice-best-path.cc:99) For utterance pp34-domotica3_command329, best cost 153.6 + -251.405 = -97.8048 over 190 frames.
pp34-domotica3_command329 in hoofdeinde op stand twee 
LOG (lattice-best-path[5.5.569~1-6f329]:main():lattice-best-path.cc:99) For utterance pp34-domotica3_command33, best cost 167.161 + -254.622 = -87.4606 over 220 frames.
pp34-domotica3_command33 woonkamer en keuken uit 
LOG (lattice-best-path[5.5.569~1-6f329]:main():lattice-best-path.cc:99) For utterance pp34-domotica3_command330, best cost 147.3 + -226.937 = -79.6365 over 182 frames.
pp34-domotica3_command330 rolluiken hoofdeinde op drie 
LOG (lattice-best-path[5.5.569~1-6f329]:main():lattice-best-path.cc:99) For utterance pp34-domotica3_command331, best cost 158.646 + -242.404 = -83.7578 over 183 frames.
pp34-domotica3_command331 living licht in living keuken aan 
LOG (lattice-best-path[5.5.569~1-6f329]:main():lattice-best-path.cc:99) For utterance pp34-domotica3_command332, best cost 147.89 + -241.193 = -93.3029 over 196 frames.
pp34-domotica3_command332 licht aan 
LOG (lattice-best-path[5.5.569~1-6f329]:main():lattice-best-path.cc:99) For utterance pp34-domotica3_command333, best cost 150.561 + -237.277 = -86.7162 over 197 frames.
pp34-domotica3_command333 rolluiken slaapkamer neer 
LOG (lattice-best-path[5.5.569~1-6f329]:main():lattice-best-path.cc:99) For utterance pp34-domotica3_command334, best cost 159.972 + -246.877 = -86.9054 over 198 frames.
pp34-domotica3_command334 rolluik rolluiken slaapkamer omhoog 
LOG (lattice-best-path[5.5.569~1-6f329]:main():lattice-best-path.cc:99) For utterance pp34-domotica3_command335, best cost 151.717 + -233.061 = -81.3443 over 199 frames.
pp34-domotica3_command335 rolluik achterdeur naar beneden 
LOG (lattice-best-path[5.5.569~1-6f329]:main():lattice-best-path.cc:99) For utterance pp34-domotica3_command34, best cost 158.758 + -286.362 = -127.604 over 205 frames.
pp34-domotica3_command34 al de lichten uit 
LOG (lattice-best-path[5.5.569~1-6f329]:main():lattice-best-path.cc:99) For utterance pp34-domotica3_command35, best cost 137.49 + -220.272 = -82.782 over 176 frames.
pp34-domotica3_command35 deur dicht van badkamer 
LOG (lattice-best-path[5.5.569~1-6f329]:main():lattice-best-path.cc:99) For utterance pp34-domotica3_command36, best cost 138.619 + -223.263 = -84.644 over 176 frames.
pp34-domotica3_command36 al de badkamer open 
LOG (lattice-best-path[5.5.569~1-6f329]:main():lattice-best-path.cc:99) For utterance pp34-domotica3_command37, best cost 155.531 + -268.993 = -113.461 over 202 frames.
pp34-domotica3_command37 in de badkamer aan 
LOG (lattice-best-path[5.5.569~1-6f329]:main():lattice-best-path.cc:99) For utterance pp34-domotica3_command38, best cost 171.54 + -275.186 = -103.646 over 216 frames.
pp34-domotica3_command38 in hoofdeinde op stand drie 
LOG (lattice-best-path[5.5.569~1-6f329]:main():lattice-best-path.cc:99) For utterance pp34-domotica3_command39, best cost 156.084 + -275.036 = -118.953 over 204 frames.
pp34-domotica3_command39 hoofdeinde op stand twee 
LOG (lattice-best-path[5.5.569~1-6f329]:main():lattice-best-path.cc:99) For utterance pp34-domotica3_command4, best cost 145.355 + -255.618 = -110.262 over 194 frames.
pp34-domotica3_command4 living 
LOG (lattice-best-path[5.5.569~1-6f329]:main():lattice-best-path.cc:99) For utterance pp34-domotica3_command40, best cost 155.074 + -247.674 = -92.6007 over 201 frames.
pp34-domotica3_command40 chauffage op stand drie 
LOG (lattice-best-path[5.5.569~1-6f329]:main():lattice-best-path.cc:99) For utterance pp34-domotica3_command41, best cost 135.1 + -220.441 = -85.3415 over 173 frames.
pp34-domotica3_command41 in de keuken aan 
LOG (lattice-best-path[5.5.569~1-6f329]:main():lattice-best-path.cc:99) For utterance pp34-domotica3_command42, best cost 132.202 + -205.996 = -73.7934 over 164 frames.
pp34-domotica3_command42 lamp aan 
LOG (lattice-best-path[5.5.569~1-6f329]:main():lattice-best-path.cc:99) For utterance pp34-domotica3_command43, best cost 174.13 + -294.002 = -119.872 over 231 frames.
pp34-domotica3_command43 rolluiken slaapkamer neer 
LOG (lattice-best-path[5.5.569~1-6f329]:main():lattice-best-path.cc:99) For utterance pp34-domotica3_command44, best cost 163.422 + -252.417 = -88.995 over 214 frames.
pp34-domotica3_command44 rolluiken slaapkamer omhoog 
LOG (lattice-best-path[5.5.569~1-6f329]:main():lattice-best-path.cc:99) For utterance pp34-domotica3_command45, best cost 170.431 + -265.692 = -95.2615 over 226 frames.
pp34-domotica3_command45 rolluik achterdeur naar beneden 
LOG (lattice-best-path[5.5.569~1-6f329]:main():lattice-best-path.cc:99) For utterance pp34-domotica3_command46, best cost 184.321 + -286.273 = -101.952 over 239 frames.
pp34-domotica3_command46 rolluiken omhoog deur in living 
LOG (lattice-best-path[5.5.569~1-6f329]:main():lattice-best-path.cc:99) For utterance pp34-domotica3_command47, best cost 145.47 + -253.174 = -107.704 over 192 frames.
pp34-domotica3_command47 rolluiken neer 
LOG (lattice-best-path[5.5.569~1-6f329]:main():lattice-best-path.cc:99) For utterance pp34-domotica3_command48, best cost 162.005 + -258.484 = -96.479 over 207 frames.
pp34-domotica3_command48 rolluik living 
LOG (lattice-best-path[5.5.569~1-6f329]:main():lattice-best-path.cc:99) For utterance pp34-domotica3_command49, best cost 163.533 + -286.945 = -123.412 over 214 frames.
pp34-domotica3_command49 licht aan slaapkamer 
LOG (lattice-best-path[5.5.569~1-6f329]:main():lattice-best-path.cc:99) For utterance pp34-domotica3_command5, best cost 176.207 + -289.043 = -112.836 over 234 frames.
pp34-domotica3_command5 rolluiken slaapkamer neer 
LOG (lattice-best-path[5.5.569~1-6f329]:main():lattice-best-path.cc:99) For utterance pp34-domotica3_command50, best cost 162.224 + -259.553 = -97.3287 over 208 frames.
pp34-domotica3_command50 licht uit in slaapkamer 
LOG (lattice-best-path[5.5.569~1-6f329]:main():lattice-best-path.cc:99) For utterance pp34-domotica3_command51, best cost 151.929 + -258.39 = -106.462 over 198 frames.
pp34-domotica3_command51 staande lamp op drie 
LOG (lattice-best-path[5.5.569~1-6f329]:main():lattice-best-path.cc:99) For utterance pp34-domotica3_command52, best cost 160.537 + -290.197 = -129.66 over 200 frames.
pp34-domotica3_command52 in staande lamp op twee 
LOG (lattice-best-path[5.5.569~1-6f329]:main():lattice-best-path.cc:99) For utterance pp34-domotica3_command53, best cost 154.989 + -252.651 = -97.6628 over 192 frames.
pp34-domotica3_command53 in staande lamp op drie 
LOG (lattice-best-path[5.5.569~1-6f329]:main():lattice-best-path.cc:99) For utterance pp34-domotica3_command54, best cost 173.102 + -251.911 = -78.8086 over 228 frames.
pp34-domotica3_command54 chauffage op twee 
LOG (lattice-best-path[5.5.569~1-6f329]:main():lattice-best-path.cc:99) For utterance pp34-domotica3_command55, best cost 122.03 + -221.174 = -99.144 over 157 frames.
pp34-domotica3_command55 de voordeur toe 
LOG (lattice-best-path[5.5.569~1-6f329]:main():lattice-best-path.cc:99) For utterance pp34-domotica3_command56, best cost 121.892 + -210.834 = -88.942 over 146 frames.
pp34-domotica3_command56 living deur open 
LOG (lattice-best-path[5.5.569~1-6f329]:main():lattice-best-path.cc:99) For utterance pp34-domotica3_command57, best cost 182.799 + -295.68 = -112.881 over 237 frames.
pp34-domotica3_command57 licht in de woonkamer en keuken uit 
LOG (lattice-best-path[5.5.569~1-6f329]:main():lattice-best-path.cc:99) For utterance pp34-domotica3_command58, best cost 146.967 + -255.701 = -108.734 over 186 frames.
pp34-domotica3_command58 uit in de lichten uit 
LOG (lattice-best-path[5.5.569~1-6f329]:main():lattice-best-path.cc:99) For utterance pp34-domotica3_command59, best cost 165.314 + -266.76 = -101.447 over 202 frames.
pp34-domotica3_command59 op drie deur dicht van badkamer 
LOG (lattice-best-path[5.5.569~1-6f329]:main():lattice-best-path.cc:99) For utterance pp34-domotica3_command6, best cost 211.326 + -341.161 = -129.835 over 285 frames.
pp34-domotica3_command6 rolluik achterdeur naar beneden 
LOG (lattice-best-path[5.5.569~1-6f329]:main():lattice-best-path.cc:99) For utterance pp34-domotica3_command60, best cost 165.281 + -285.087 = -119.806 over 218 frames.
pp34-domotica3_command60 deur badkamer open 
LOG (lattice-best-path[5.5.569~1-6f329]:main():lattice-best-path.cc:99) For utterance pp34-domotica3_command61, best cost 146.048 + -224.984 = -78.9352 over 195 frames.
pp34-domotica3_command61 living 
LOG (lattice-best-path[5.5.569~1-6f329]:main():lattice-best-path.cc:99) For utterance pp34-domotica3_command62, best cost 159.468 + -252.807 = -93.3384 over 209 frames.
pp34-domotica3_command62 hoofdeinde op stand een 
LOG (lattice-best-path[5.5.569~1-6f329]:main():lattice-best-path.cc:99) For utterance pp34-domotica3_command63, best cost 138.062 + -221.091 = -83.0291 over 178 frames.
pp34-domotica3_command63 hoofdeinde op stand twee 
LOG (lattice-best-path[5.5.569~1-6f329]:main():lattice-best-path.cc:99) For utterance pp34-domotica3_command64, best cost 142.838 + -225.941 = -83.1026 over 186 frames.
pp34-domotica3_command64 hoofdeinde op twee 
LOG (lattice-best-path[5.5.569~1-6f329]:main():lattice-best-path.cc:99) For utterance pp34-domotica3_command65, best cost 142.032 + -245.437 = -103.404 over 183 frames.
pp34-domotica3_command65 in de keuken aan 
LOG (lattice-best-path[5.5.569~1-6f329]:main():lattice-best-path.cc:99) For utterance pp34-domotica3_command66, best cost 137.768 + -229.924 = -92.1563 over 184 frames.
pp34-domotica3_command66 aan 
LOG (lattice-best-path[5.5.569~1-6f329]:main():lattice-best-path.cc:99) For utterance pp34-domotica3_command67, best cost 141.55 + -222.499 = -80.9495 over 184 frames.
pp34-domotica3_command67 rolluiken slaapkamer neer 
LOG (lattice-best-path[5.5.569~1-6f329]:main():lattice-best-path.cc:99) For utterance pp34-domotica3_command68, best cost 157.245 + -248.296 = -91.0508 over 204 frames.
pp34-domotica3_command68 in slaapkamer omhoog 
LOG (lattice-best-path[5.5.569~1-6f329]:main():lattice-best-path.cc:99) For utterance pp34-domotica3_command69, best cost 168.351 + -270.374 = -102.022 over 223 frames.
pp34-domotica3_command69 rolluik achterdeur naar beneden 
LOG (lattice-best-path[5.5.569~1-6f329]:main():lattice-best-path.cc:99) For utterance pp34-domotica3_command7, best cost 156.125 + -242.142 = -86.0168 over 202 frames.
pp34-domotica3_command7 rolluiken omhoog in living 
LOG (lattice-best-path[5.5.569~1-6f329]:main():lattice-best-path.cc:99) For utterance pp34-domotica3_command70, best cost 170.019 + -268.737 = -98.7171 over 221 frames.
pp34-domotica3_command70 omhoog deur in living 
LOG (lattice-best-path[5.5.569~1-6f329]:main():lattice-best-path.cc:99) For utterance pp34-domotica3_command71, best cost 156.538 + -268.266 = -111.728 over 196 frames.
pp34-domotica3_command71 achterdeur rolluiken neer 
LOG (lattice-best-path[5.5.569~1-6f329]:main():lattice-best-path.cc:99) For utterance pp34-domotica3_command72, best cost 146.663 + -224.774 = -78.1104 over 192 frames.
pp34-domotica3_command72 licht in living 
LOG (lattice-best-path[5.5.569~1-6f329]:main():lattice-best-path.cc:99) For utterance pp34-domotica3_command73, best cost 146.204 + -247.513 = -101.309 over 189 frames.
pp34-domotica3_command73 licht aan slaapkamer 
LOG (lattice-best-path[5.5.569~1-6f329]:main():lattice-best-path.cc:99) For utterance pp34-domotica3_command74, best cost 141.631 + -234.55 = -92.9194 over 185 frames.
pp34-domotica3_command74 in slaapkamer 
LOG (lattice-best-path[5.5.569~1-6f329]:main():lattice-best-path.cc:99) For utterance pp34-domotica3_command75, best cost 149.156 + -259.589 = -110.433 over 194 frames.
pp34-domotica3_command75 staande lamp op een 
LOG (lattice-best-path[5.5.569~1-6f329]:main():lattice-best-path.cc:99) For utterance pp34-domotica3_command76, best cost 163.021 + -287.26 = -124.239 over 214 frames.
pp34-domotica3_command76 staande lamp op twee 
LOG (lattice-best-path[5.5.569~1-6f329]:main():lattice-best-path.cc:99) For utterance pp34-domotica3_command77, best cost 166.773 + -286.399 = -119.626 over 209 frames.
pp34-domotica3_command77 in staande lamp op drie 
LOG (lattice-best-path[5.5.569~1-6f329]:main():lattice-best-path.cc:99) For utterance pp34-domotica3_command78, best cost 205.735 + -313.995 = -108.259 over 262 frames.
pp34-domotica3_command78 living thermostaat chauffage op twee 
LOG (lattice-best-path[5.5.569~1-6f329]:main():lattice-best-path.cc:99) For utterance pp34-domotica3_command79, best cost 126.189 + -230.475 = -104.286 over 163 frames.
pp34-domotica3_command79 de voordeur toe 
LOG (lattice-best-path[5.5.569~1-6f329]:main():lattice-best-path.cc:99) For utterance pp34-domotica3_command8, best cost 188.201 + -303.194 = -114.992 over 244 frames.
pp34-domotica3_command8 lichten in de woonkamer en keuken uit 
LOG (lattice-best-path[5.5.569~1-6f329]:main():lattice-best-path.cc:99) For utterance pp34-domotica3_command80, best cost 121.914 + -225.402 = -103.488 over 158 frames.
pp34-domotica3_command80 deur open 
LOG (lattice-best-path[5.5.569~1-6f329]:main():lattice-best-path.cc:99) For utterance pp34-domotica3_command81, best cost 168.136 + -267.607 = -99.4711 over 227 frames.
pp34-domotica3_command81 uit 
LOG (lattice-best-path[5.5.569~1-6f329]:main():lattice-best-path.cc:99) For utterance pp34-domotica3_command82, best cost 131.032 + -219.687 = -88.6548 over 165 frames.
pp34-domotica3_command82 al de lichten uit 
LOG (lattice-best-path[5.5.569~1-6f329]:main():lattice-best-path.cc:99) For utterance pp34-domotica3_command83, best cost 167.295 + -290.881 = -123.586 over 219 frames.
pp34-domotica3_command83 deur dicht van badkamer 
LOG (lattice-best-path[5.5.569~1-6f329]:main():lattice-best-path.cc:99) For utterance pp34-domotica3_command84, best cost 145.481 + -256.836 = -111.356 over 192 frames.
pp34-domotica3_command84 deur open 
LOG (lattice-best-path[5.5.569~1-6f329]:main():lattice-best-path.cc:99) For utterance pp34-domotica3_command85, best cost 154.839 + -252.819 = -97.9795 over 201 frames.
pp34-domotica3_command85 in de badkamer aan 
LOG (lattice-best-path[5.5.569~1-6f329]:main():lattice-best-path.cc:99) For utterance pp34-domotica3_command86, best cost 159.927 + -253.41 = -93.4834 over 208 frames.
pp34-domotica3_command86 chauffage op stand een 
LOG (lattice-best-path[5.5.569~1-6f329]:main():lattice-best-path.cc:99) For utterance pp34-domotica3_command87, best cost 157.337 + -268.848 = -111.511 over 208 frames.
pp34-domotica3_command87 op stand twee 
LOG (lattice-best-path[5.5.569~1-6f329]:main():lattice-best-path.cc:99) For utterance pp34-domotica3_command88, best cost 158.774 + -269.504 = -110.73 over 208 frames.
pp34-domotica3_command88 hoofdeinde op stand drie 
LOG (lattice-best-path[5.5.569~1-6f329]:main():lattice-best-path.cc:99) For utterance pp34-domotica3_command89, best cost 134.027 + -216.98 = -82.9533 over 176 frames.
pp34-domotica3_command89 licht aan 
LOG (lattice-best-path[5.5.569~1-6f329]:main():lattice-best-path.cc:99) For utterance pp34-domotica3_command9, best cost 145.567 + -239.263 = -93.6962 over 174 frames.
pp34-domotica3_command9 living al de lichten uit 
LOG (lattice-scale[5.5.569~1-6f329]:main():lattice-scale.cc:107) Done 331 lattices.
LOG (lattice-best-path[5.5.569~1-6f329]:main():lattice-best-path.cc:99) For utterance pp34-domotica3_command90, best cost 120.419 + -191.646 = -71.2266 over 147 frames.
pp34-domotica3_command90 lamp aan 
LOG (lattice-best-path[5.5.569~1-6f329]:main():lattice-best-path.cc:99) For utterance pp34-domotica3_command91, best cost 152.642 + -254.249 = -101.607 over 200 frames.
pp34-domotica3_command91 rolluiken slaapkamer neer 
LOG (lattice-best-path[5.5.569~1-6f329]:main():lattice-best-path.cc:99) For utterance pp34-domotica3_command92, best cost 162.729 + -252.557 = -89.8276 over 213 frames.
pp34-domotica3_command92 rolluiken slaapkamer omhoog 
LOG (lattice-best-path[5.5.569~1-6f329]:main():lattice-best-path.cc:99) For utterance pp34-domotica3_command93, best cost 173.203 + -269.27 = -96.0671 over 230 frames.
pp34-domotica3_command93 rolluik achterdeur naar beneden 
LOG (lattice-best-path[5.5.569~1-6f329]:main():lattice-best-path.cc:99) For utterance pp34-domotica3_command94, best cost 157.766 + -236.174 = -78.4083 over 207 frames.
pp34-domotica3_command94 omhoog in living 
LOG (lattice-best-path[5.5.569~1-6f329]:main():lattice-best-path.cc:99) For utterance pp34-domotica3_command95, best cost 116.437 + -200.972 = -84.5345 over 157 frames.
pp34-domotica3_command95 
LOG (lattice-best-path[5.5.569~1-6f329]:main():lattice-best-path.cc:99) For utterance pp34-domotica3_command96, best cost 160.977 + -260.441 = -99.4637 over 209 frames.
pp34-domotica3_command96 rolluiken omhoog in living 
LOG (lattice-best-path[5.5.569~1-6f329]:main():lattice-best-path.cc:99) For utterance pp34-domotica3_command97, best cost 148.814 + -247.579 = -98.7652 over 192 frames.
pp34-domotica3_command97 deur slaapkamer dicht 
LOG (lattice-best-path[5.5.569~1-6f329]:main():lattice-best-path.cc:99) For utterance pp34-domotica3_command98, best cost 135.722 + -216.177 = -80.4546 over 180 frames.
pp34-domotica3_command98 slaapkamer 
LOG (lattice-best-path[5.5.569~1-6f329]:main():lattice-best-path.cc:99) For utterance pp34-domotica3_command99, best cost 148.361 + -230.309 = -81.948 over 188 frames.
pp34-domotica3_command99 licht uit in slaapkamer 
LOG (lattice-add-penalty[5.5.569~1-6f329]:main():lattice-add-penalty.cc:62) Done adding word insertion penalty to 331 lattices.
LOG (lattice-best-path[5.5.569~1-6f329]:main():lattice-best-path.cc:124) Overall cost per frame is -0.471589 = 0.79152 [graph] + -1.26311 [acoustic] over 62276 frames.
LOG (lattice-best-path[5.5.569~1-6f329]:main():lattice-best-path.cc:128) Done 331 lattices, failed for 0
# Accounting: time=1 threads=1
# Ended (code 0) at Tue Mar 23 10:21:57 CET 2021, elapsed time 1 seconds
