# lattice-scale --inv-acoustic-scale=10 "ark:gunzip -c exp/percgncopas5k/chain_s/tdnn1k_sp/decode_test_5g_400k/lat.*.gz|" ark:- | lattice-add-penalty --word-ins-penalty=0.0 ark:- ark:- | lattice-best-path --word-symbol-table=exp/percgncopas5k/chain_s/tree_sp/graph_5g_400k/words.txt ark:- ark,t:exp/percgncopas5k/chain_s/tdnn1k_sp/decode_test_5g_400k/scoring/10.tra 
# Started at Tue Mar 23 10:11:46 CET 2021
#
lattice-scale --inv-acoustic-scale=10 'ark:gunzip -c exp/percgncopas5k/chain_s/tdnn1k_sp/decode_test_5g_400k/lat.*.gz|' ark:- 
lattice-best-path --word-symbol-table=exp/percgncopas5k/chain_s/tree_sp/graph_5g_400k/words.txt ark:- ark,t:exp/percgncopas5k/chain_s/tdnn1k_sp/decode_test_5g_400k/scoring/10.tra 
lattice-add-penalty --word-ins-penalty=0.0 ark:- ark:- 
LOG (lattice-best-path[5.5.569~1-6f329]:main():lattice-best-path.cc:99) For utterance pp28-domotica3_command1, best cost 286.929 + -688.76 = -401.832 over 368 frames.
pp28-domotica3_command1 al de lichten in de woonkamer en keuken in 
LOG (lattice-best-path[5.5.569~1-6f329]:main():lattice-best-path.cc:99) For utterance pp28-domotica3_command10, best cost 216.667 + -561.415 = -344.749 over 292 frames.
pp28-domotica3_command10 hoofdeinde op stand drie 
LOG (lattice-best-path[5.5.569~1-6f329]:main():lattice-best-path.cc:99) For utterance pp28-domotica3_command100, best cost 148.636 + -367.369 = -218.733 over 196 frames.
pp28-domotica3_command100 de voordeur toe 
LOG (lattice-best-path[5.5.569~1-6f329]:main():lattice-best-path.cc:99) For utterance pp28-domotica3_command101, best cost 138.301 + -378.738 = -240.438 over 176 frames.
pp28-domotica3_command101 rolluik omhoog deur open 
LOG (lattice-best-path[5.5.569~1-6f329]:main():lattice-best-path.cc:99) For utterance pp28-domotica3_command102, best cost 251.517 + -600.615 = -349.098 over 316 frames.
pp28-domotica3_command102 al de lichten open en keuken uit 
LOG (lattice-best-path[5.5.569~1-6f329]:main():lattice-best-path.cc:99) For utterance pp28-domotica3_command103, best cost 167.87 + -440.425 = -272.555 over 206 frames.
pp28-domotica3_command103 al de al de lichten uit 
LOG (lattice-best-path[5.5.569~1-6f329]:main():lattice-best-path.cc:99) For utterance pp28-domotica3_command104, best cost 186.845 + -451.915 = -265.07 over 246 frames.
pp28-domotica3_command104 al de lichten uit 
LOG (lattice-best-path[5.5.569~1-6f329]:main():lattice-best-path.cc:99) For utterance pp28-domotica3_command105, best cost 177.75 + -425.678 = -247.928 over 233 frames.
pp28-domotica3_command105 al de badkamer open 
LOG (lattice-best-path[5.5.569~1-6f329]:main():lattice-best-path.cc:99) For utterance pp28-domotica3_command106, best cost 213.821 + -522.52 = -308.699 over 264 frames.
pp28-domotica3_command106 al de deur in de op een 
LOG (lattice-best-path[5.5.569~1-6f329]:main():lattice-best-path.cc:99) For utterance pp28-domotica3_command107, best cost 198.86 + -511.052 = -312.192 over 255 frames.
pp28-domotica3_command107 al lamp op stand een 
LOG (lattice-best-path[5.5.569~1-6f329]:main():lattice-best-path.cc:99) For utterance pp28-domotica3_command108, best cost 201.682 + -513.17 = -311.488 over 260 frames.
pp28-domotica3_command108 al de op stand een 
LOG (lattice-best-path[5.5.569~1-6f329]:main():lattice-best-path.cc:99) For utterance pp28-domotica3_command109, best cost 223.339 + -558.285 = -334.946 over 289 frames.
pp28-domotica3_command109 al de hoofdeinde op stand twee 
LOG (lattice-best-path[5.5.569~1-6f329]:main():lattice-best-path.cc:99) For utterance pp28-domotica3_command11, best cost 207.73 + -572.827 = -365.097 over 264 frames.
pp28-domotica3_command11 al de lichten en keuken aan 
LOG (lattice-best-path[5.5.569~1-6f329]:main():lattice-best-path.cc:99) For utterance pp28-domotica3_command110, best cost 185.616 + -459.845 = -274.229 over 227 frames.
pp28-domotica3_command110 al de lichten in al 
LOG (lattice-best-path[5.5.569~1-6f329]:main():lattice-best-path.cc:99) For utterance pp28-domotica3_command111, best cost 171.536 + -429.361 = -257.824 over 219 frames.
pp28-domotica3_command111 al rolluiken neer 
LOG (lattice-best-path[5.5.569~1-6f329]:main():lattice-best-path.cc:99) For utterance pp28-domotica3_command112, best cost 207.043 + -491.803 = -284.76 over 269 frames.
pp28-domotica3_command112 al de keuken aan slaapkamer neer 
LOG (lattice-best-path[5.5.569~1-6f329]:main():lattice-best-path.cc:99) For utterance pp28-domotica3_command113, best cost 230.134 + -539.488 = -309.354 over 297 frames.
pp28-domotica3_command113 al de keuken rolluik omhoog 
LOG (lattice-best-path[5.5.569~1-6f329]:main():lattice-best-path.cc:99) For utterance pp28-domotica3_command114, best cost 211.806 + -496.003 = -284.197 over 286 frames.
pp28-domotica3_command114 rolluik achterdeur naar beneden 
LOG (lattice-best-path[5.5.569~1-6f329]:main():lattice-best-path.cc:99) For utterance pp28-domotica3_command115, best cost 225.172 + -493.243 = -268.071 over 286 frames.
pp28-domotica3_command115 al omhoog deur neer 
LOG (lattice-best-path[5.5.569~1-6f329]:main():lattice-best-path.cc:99) For utterance pp28-domotica3_command116, best cost 158.215 + -376.084 = -217.869 over 197 frames.
pp28-domotica3_command116 al de keuken neer 
LOG (lattice-best-path[5.5.569~1-6f329]:main():lattice-best-path.cc:99) For utterance pp28-domotica3_command118, best cost 232.591 + -507.966 = -275.375 over 283 frames.
pp28-domotica3_command118 al de omhoog in en neer 
LOG (lattice-best-path[5.5.569~1-6f329]:main():lattice-best-path.cc:99) For utterance pp28-domotica3_command119, best cost 194.976 + -471.173 = -276.197 over 258 frames.
pp28-domotica3_command119 deur slaapkamer dicht 
LOG (lattice-best-path[5.5.569~1-6f329]:main():lattice-best-path.cc:99) For utterance pp28-domotica3_command12, best cost 156.651 + -410.287 = -253.636 over 211 frames.
pp28-domotica3_command12 neer 
LOG (lattice-best-path[5.5.569~1-6f329]:main():lattice-best-path.cc:99) For utterance pp28-domotica3_command120, best cost 188.113 + -462.302 = -274.189 over 254 frames.
pp28-domotica3_command120 deur open 
LOG (lattice-best-path[5.5.569~1-6f329]:main():lattice-best-path.cc:99) For utterance pp28-domotica3_command121, best cost 200.206 + -516.126 = -315.92 over 261 frames.
pp28-domotica3_command121 al de lichten in slaapkamer 
LOG (lattice-best-path[5.5.569~1-6f329]:main():lattice-best-path.cc:99) For utterance pp28-domotica3_command122, best cost 209.993 + -577.576 = -367.583 over 272 frames.
pp28-domotica3_command122 al de lichten uit in slaapkamer 
LOG (lattice-best-path[5.5.569~1-6f329]:main():lattice-best-path.cc:99) For utterance pp28-domotica3_command123, best cost 201.738 + -555.565 = -353.826 over 257 frames.
pp28-domotica3_command123 uit in staande lamp op een 
LOG (lattice-best-path[5.5.569~1-6f329]:main():lattice-best-path.cc:99) For utterance pp28-domotica3_command124, best cost 199.544 + -490.607 = -291.063 over 245 frames.
pp28-domotica3_command124 al de in staande lamp op twee 
LOG (lattice-best-path[5.5.569~1-6f329]:main():lattice-best-path.cc:99) For utterance pp28-domotica3_command125, best cost 188.569 + -489.294 = -300.725 over 238 frames.
pp28-domotica3_command125 uit in staande lamp op drie 
LOG (lattice-best-path[5.5.569~1-6f329]:main():lattice-best-path.cc:99) For utterance pp28-domotica3_command126, best cost 244.533 + -599.803 = -355.269 over 321 frames.
pp28-domotica3_command126 uit in de op twee 
LOG (lattice-best-path[5.5.569~1-6f329]:main():lattice-best-path.cc:99) For utterance pp28-domotica3_command127, best cost 158.835 + -414.071 = -255.237 over 209 frames.
pp28-domotica3_command127 in de voordeur toe 
LOG (lattice-best-path[5.5.569~1-6f329]:main():lattice-best-path.cc:99) For utterance pp28-domotica3_command128, best cost 140.271 + -382.387 = -242.116 over 173 frames.
pp28-domotica3_command128 uit in de open 
LOG (lattice-best-path[5.5.569~1-6f329]:main():lattice-best-path.cc:99) For utterance pp28-domotica3_command129, best cost 214.488 + -574.683 = -360.194 over 281 frames.
pp28-domotica3_command129 uit in de woonkamer licht aan 
LOG (lattice-best-path[5.5.569~1-6f329]:main():lattice-best-path.cc:99) For utterance pp28-domotica3_command13, best cost 256.61 + -709.952 = -453.342 over 353 frames.
pp28-domotica3_command13 slaapkamer neer 
LOG (lattice-best-path[5.5.569~1-6f329]:main():lattice-best-path.cc:99) For utterance pp28-domotica3_command130, best cost 239.014 + -579.444 = -340.43 over 312 frames.
pp28-domotica3_command130 al de lichten in de woonkamer en keuken uit 
LOG (lattice-best-path[5.5.569~1-6f329]:main():lattice-best-path.cc:99) For utterance pp28-domotica3_command131, best cost 187.933 + -482.461 = -294.528 over 234 frames.
pp28-domotica3_command131 uit in al de lichten uit 
LOG (lattice-best-path[5.5.569~1-6f329]:main():lattice-best-path.cc:99) For utterance pp28-domotica3_command132, best cost 201.393 + -504.241 = -302.848 over 265 frames.
pp28-domotica3_command132 uit in de lichten uit 
LOG (lattice-best-path[5.5.569~1-6f329]:main():lattice-best-path.cc:99) For utterance pp28-domotica3_command133, best cost 188.184 + -445.912 = -257.728 over 233 frames.
pp28-domotica3_command133 rolluik in de woonkamer open 
LOG (lattice-best-path[5.5.569~1-6f329]:main():lattice-best-path.cc:99) For utterance pp28-domotica3_command134, best cost 208.076 + -535.028 = -326.952 over 256 frames.
pp28-domotica3_command134 al de lichten in de keuken aan op een 
LOG (lattice-best-path[5.5.569~1-6f329]:main():lattice-best-path.cc:99) For utterance pp28-domotica3_command135, best cost 194.92 + -497.867 = -302.947 over 248 frames.
pp28-domotica3_command135 al de hoofdeinde op stand een 
LOG (lattice-best-path[5.5.569~1-6f329]:main():lattice-best-path.cc:99) For utterance pp28-domotica3_command136, best cost 220.563 + -547.728 = -327.166 over 275 frames.
pp28-domotica3_command136 al al hoofdeinde op stand drie 
LOG (lattice-best-path[5.5.569~1-6f329]:main():lattice-best-path.cc:99) For utterance pp28-domotica3_command137, best cost 204.116 + -509.181 = -305.066 over 261 frames.
pp28-domotica3_command137 al chauffage op stand drie 
LOG (lattice-best-path[5.5.569~1-6f329]:main():lattice-best-path.cc:99) For utterance pp28-domotica3_command138, best cost 195.318 + -524.701 = -329.382 over 240 frames.
pp28-domotica3_command138 al de lichten in en keuken 
LOG (lattice-best-path[5.5.569~1-6f329]:main():lattice-best-path.cc:99) For utterance pp28-domotica3_command139, best cost 159.813 + -424.429 = -264.617 over 207 frames.
pp28-domotica3_command139 al de lichten uit 
LOG (lattice-best-path[5.5.569~1-6f329]:main():lattice-best-path.cc:99) For utterance pp28-domotica3_command14, best cost 220.055 + -544.116 = -324.061 over 299 frames.
pp28-domotica3_command14 in slaapkamer 
LOG (lattice-best-path[5.5.569~1-6f329]:main():lattice-best-path.cc:99) For utterance pp28-domotica3_command141, best cost 200.643 + -458.249 = -257.606 over 256 frames.
pp28-domotica3_command141 al de keuken slaapkamer neer 
LOG (lattice-best-path[5.5.569~1-6f329]:main():lattice-best-path.cc:99) For utterance pp28-domotica3_command142, best cost 225.798 + -540.131 = -314.333 over 307 frames.
pp28-domotica3_command142 rolluik omhoog 
LOG (lattice-best-path[5.5.569~1-6f329]:main():lattice-best-path.cc:99) For utterance pp28-domotica3_command143, best cost 236.76 + -578.781 = -342.021 over 322 frames.
pp28-domotica3_command143 rolluik achterdeur naar beneden 
LOG (lattice-best-path[5.5.569~1-6f329]:main():lattice-best-path.cc:99) For utterance pp28-domotica3_command144, best cost 217.319 + -499.149 = -281.829 over 290 frames.
pp28-domotica3_command144 rolluik omhoog deur open 
LOG (lattice-best-path[5.5.569~1-6f329]:main():lattice-best-path.cc:99) For utterance pp28-domotica3_command145, best cost 163.438 + -391.515 = -228.077 over 206 frames.
pp28-domotica3_command145 al de rolluiken neer 
LOG (lattice-best-path[5.5.569~1-6f329]:main():lattice-best-path.cc:99) For utterance pp28-domotica3_command146, best cost 227.336 + -533.62 = -306.284 over 288 frames.
pp28-domotica3_command146 al de open omhoog 
LOG (lattice-best-path[5.5.569~1-6f329]:main():lattice-best-path.cc:99) For utterance pp28-domotica3_command147, best cost 188.045 + -452.172 = -264.127 over 248 frames.
pp28-domotica3_command147 deur slaapkamer dicht 
LOG (lattice-best-path[5.5.569~1-6f329]:main():lattice-best-path.cc:99) For utterance pp28-domotica3_command148, best cost 192.67 + -474.374 = -281.704 over 245 frames.
pp28-domotica3_command148 neer deur slaapkamer open 
LOG (lattice-best-path[5.5.569~1-6f329]:main():lattice-best-path.cc:99) For utterance pp28-domotica3_command149, best cost 180.451 + -448.861 = -268.41 over 229 frames.
pp28-domotica3_command149 al de lichten slaapkamer 
LOG (lattice-best-path[5.5.569~1-6f329]:main():lattice-best-path.cc:99) For utterance pp28-domotica3_command15, best cost 229.176 + -567.847 = -338.671 over 301 frames.
pp28-domotica3_command15 al achterdeur naar beneden 
LOG (lattice-best-path[5.5.569~1-6f329]:main():lattice-best-path.cc:99) For utterance pp28-domotica3_command150, best cost 193.358 + -494.014 = -300.656 over 248 frames.
pp28-domotica3_command150 al de lichten uit in slaapkamer 
LOG (lattice-best-path[5.5.569~1-6f329]:main():lattice-best-path.cc:99) For utterance pp28-domotica3_command151, best cost 169.161 + -395.586 = -226.426 over 210 frames.
pp28-domotica3_command151 uit in staande lamp op een 
LOG (lattice-best-path[5.5.569~1-6f329]:main():lattice-best-path.cc:99) For utterance pp28-domotica3_command152, best cost 180.88 + -408.601 = -227.721 over 227 frames.
pp28-domotica3_command152 rolluiken neer staande lamp op twee 
LOG (lattice-best-path[5.5.569~1-6f329]:main():lattice-best-path.cc:99) For utterance pp28-domotica3_command153, best cost 178.21 + -419.588 = -241.378 over 224 frames.
pp28-domotica3_command153 al de staande lamp op drie 
LOG (lattice-best-path[5.5.569~1-6f329]:main():lattice-best-path.cc:99) For utterance pp28-domotica3_command154, best cost 250.776 + -603.482 = -352.706 over 327 frames.
pp28-domotica3_command154 al de thermostaat chauffage op een 
LOG (lattice-best-path[5.5.569~1-6f329]:main():lattice-best-path.cc:99) For utterance pp28-domotica3_command155, best cost 132.35 + -313.756 = -181.405 over 167 frames.
pp28-domotica3_command155 uit in de voordeur toe 
LOG (lattice-best-path[5.5.569~1-6f329]:main():lattice-best-path.cc:99) For utterance pp28-domotica3_command157, best cost 140.271 + -391.701 = -251.43 over 173 frames.
pp28-domotica3_command157 uit in de open 
LOG (lattice-best-path[5.5.569~1-6f329]:main():lattice-best-path.cc:99) For utterance pp28-domotica3_command159, best cost 190.984 + -456.886 = -265.902 over 246 frames.
pp28-domotica3_command159 al de woonkamer licht 
LOG (lattice-best-path[5.5.569~1-6f329]:main():lattice-best-path.cc:99) For utterance pp28-domotica3_command16, best cost 244.522 + -607.648 = -363.126 over 318 frames.
pp28-domotica3_command16 rolluik omhoog deur in neer 
LOG (lattice-best-path[5.5.569~1-6f329]:main():lattice-best-path.cc:99) For utterance pp28-domotica3_command160, best cost 243.253 + -597.374 = -354.121 over 316 frames.
pp28-domotica3_command160 al de lichten in de open 
LOG (lattice-best-path[5.5.569~1-6f329]:main():lattice-best-path.cc:99) For utterance pp28-domotica3_command161, best cost 160.496 + -408.521 = -248.025 over 206 frames.
pp28-domotica3_command161 uit in de lichten uit 
LOG (lattice-best-path[5.5.569~1-6f329]:main():lattice-best-path.cc:99) For utterance pp28-domotica3_command162, best cost 207.802 + -543.454 = -335.652 over 274 frames.
pp28-domotica3_command162 uit in de badkamer aan 
LOG (lattice-best-path[5.5.569~1-6f329]:main():lattice-best-path.cc:99) For utterance pp28-domotica3_command163, best cost 165.959 + -400.341 = -234.382 over 214 frames.
pp28-domotica3_command163 uit in de badkamer open 
LOG (lattice-best-path[5.5.569~1-6f329]:main():lattice-best-path.cc:99) For utterance pp28-domotica3_command164, best cost 185.668 + -462.999 = -277.331 over 238 frames.
pp28-domotica3_command164 al de lichten in de badkamer 
LOG (lattice-best-path[5.5.569~1-6f329]:main():lattice-best-path.cc:99) For utterance pp28-domotica3_command165, best cost 200.555 + -504.964 = -304.41 over 271 frames.
pp28-domotica3_command165 op stand een 
LOG (lattice-best-path[5.5.569~1-6f329]:main():lattice-best-path.cc:99) For utterance pp28-domotica3_command166, best cost 186.829 + -484.04 = -297.212 over 242 frames.
pp28-domotica3_command166 uit op twee 
LOG (lattice-best-path[5.5.569~1-6f329]:main():lattice-best-path.cc:99) For utterance pp28-domotica3_command167, best cost 171.443 + -413.465 = -242.022 over 229 frames.
pp28-domotica3_command167 op stand twee 
LOG (lattice-best-path[5.5.569~1-6f329]:main():lattice-best-path.cc:99) For utterance pp28-domotica3_command168, best cost 182.254 + -456.168 = -273.914 over 217 frames.
pp28-domotica3_command168 uit neer licht in de keuken uit 
LOG (lattice-best-path[5.5.569~1-6f329]:main():lattice-best-path.cc:99) For utterance pp28-domotica3_command169, best cost 149.422 + -359.432 = -210.01 over 187 frames.
pp28-domotica3_command169 uit in neer 
LOG (lattice-best-path[5.5.569~1-6f329]:main():lattice-best-path.cc:99) For utterance pp28-domotica3_command17, best cost 179.162 + -472.637 = -293.475 over 230 frames.
pp28-domotica3_command17 drie rolluiken neer 
LOG (lattice-best-path[5.5.569~1-6f329]:main():lattice-best-path.cc:99) For utterance pp28-domotica3_command170, best cost 199.815 + -456.716 = -256.901 over 256 frames.
pp28-domotica3_command170 al de rolluiken slaapkamer neer 
LOG (lattice-best-path[5.5.569~1-6f329]:main():lattice-best-path.cc:99) For utterance pp28-domotica3_command171, best cost 217.695 + -504.18 = -286.486 over 284 frames.
pp28-domotica3_command171 al rolluiken omhoog 
LOG (lattice-best-path[5.5.569~1-6f329]:main():lattice-best-path.cc:99) For utterance pp28-domotica3_command172, best cost 209.832 + -487.9 = -278.068 over 272 frames.
pp28-domotica3_command172 uit in naar beneden 
LOG (lattice-best-path[5.5.569~1-6f329]:main():lattice-best-path.cc:99) For utterance pp28-domotica3_command173, best cost 213.597 + -515.289 = -301.692 over 287 frames.
pp28-domotica3_command173 in de 
LOG (lattice-best-path[5.5.569~1-6f329]:main():lattice-best-path.cc:99) For utterance pp28-domotica3_command174, best cost 187.005 + -457.45 = -270.445 over 240 frames.
pp28-domotica3_command174 al de rolluiken neer 
LOG (lattice-best-path[5.5.569~1-6f329]:main():lattice-best-path.cc:99) For utterance pp28-domotica3_command175, best cost 243.054 + -598.959 = -355.905 over 308 frames.
pp28-domotica3_command175 rolluik omhoog in en neer 
LOG (lattice-best-path[5.5.569~1-6f329]:main():lattice-best-path.cc:99) For utterance pp28-domotica3_command176, best cost 182.075 + -449.202 = -267.128 over 242 frames.
pp28-domotica3_command176 deur slaapkamer neer 
LOG (lattice-best-path[5.5.569~1-6f329]:main():lattice-best-path.cc:99) For utterance pp28-domotica3_command177, best cost 177.419 + -440.452 = -263.033 over 223 frames.
pp28-domotica3_command177 al deur slaapkamer open 
LOG (lattice-best-path[5.5.569~1-6f329]:main():lattice-best-path.cc:99) For utterance pp28-domotica3_command178, best cost 191.002 + -483.789 = -292.787 over 243 frames.
pp28-domotica3_command178 neer licht aan slaapkamer 
LOG (lattice-best-path[5.5.569~1-6f329]:main():lattice-best-path.cc:99) For utterance pp28-domotica3_command179, best cost 213.517 + -522.742 = -309.225 over 270 frames.
pp28-domotica3_command179 neer licht uit in 
LOG (lattice-best-path[5.5.569~1-6f329]:main():lattice-best-path.cc:99) For utterance pp28-domotica3_command18, best cost 199.341 + -479.816 = -280.475 over 261 frames.
pp28-domotica3_command18 al de lichten 
LOG (lattice-best-path[5.5.569~1-6f329]:main():lattice-best-path.cc:99) For utterance pp28-domotica3_command180, best cost 174.31 + -438.895 = -264.585 over 231 frames.
pp28-domotica3_command180 staande lamp op een 
LOG (lattice-best-path[5.5.569~1-6f329]:main():lattice-best-path.cc:99) For utterance pp28-domotica3_command181, best cost 189.119 + -460.196 = -271.078 over 242 frames.
pp28-domotica3_command181 uit staande lamp op twee 
LOG (lattice-best-path[5.5.569~1-6f329]:main():lattice-best-path.cc:99) For utterance pp28-domotica3_command182, best cost 173.576 + -451.309 = -277.733 over 231 frames.
pp28-domotica3_command182 lamp op twee 
LOG (lattice-best-path[5.5.569~1-6f329]:main():lattice-best-path.cc:99) For utterance pp28-domotica3_command183, best cost 259.573 + -658.511 = -398.938 over 346 frames.
pp28-domotica3_command183 thermostaat op een 
LOG (lattice-best-path[5.5.569~1-6f329]:main():lattice-best-path.cc:99) For utterance pp28-domotica3_command184, best cost 181.564 + -491.291 = -309.727 over 238 frames.
pp28-domotica3_command184 uit in de voordeur toe 
LOG (lattice-best-path[5.5.569~1-6f329]:main():lattice-best-path.cc:99) For utterance pp28-domotica3_command185, best cost 198.51 + -646.295 = -447.785 over 269 frames.
pp28-domotica3_command185 deur open 
LOG (lattice-best-path[5.5.569~1-6f329]:main():lattice-best-path.cc:99) For utterance pp28-domotica3_command186, best cost 209.764 + -559.938 = -350.174 over 275 frames.
pp28-domotica3_command186 in de woonkamer aan 
LOG (lattice-best-path[5.5.569~1-6f329]:main():lattice-best-path.cc:99) For utterance pp28-domotica3_command187, best cost 240.886 + -600.262 = -359.376 over 307 frames.
pp28-domotica3_command187 uit in lichten in de woonkamer en keuken uit 
LOG (lattice-best-path[5.5.569~1-6f329]:main():lattice-best-path.cc:99) For utterance pp28-domotica3_command188, best cost 167.831 + -437.727 = -269.895 over 205 frames.
pp28-domotica3_command188 uit in al de lichten uit 
LOG (lattice-best-path[5.5.569~1-6f329]:main():lattice-best-path.cc:99) For utterance pp28-domotica3_command189, best cost 184.001 + -468.899 = -284.898 over 244 frames.
pp28-domotica3_command189 dicht van badkamer aan 
LOG (lattice-best-path[5.5.569~1-6f329]:main():lattice-best-path.cc:99) For utterance pp28-domotica3_command19, best cost 185.803 + -461.617 = -275.814 over 237 frames.
pp28-domotica3_command19 rolluiken licht aan slaapkamer 
LOG (lattice-best-path[5.5.569~1-6f329]:main():lattice-best-path.cc:99) For utterance pp28-domotica3_command190, best cost 163.194 + -391.61 = -228.415 over 212 frames.
pp28-domotica3_command190 al de badkamer open 
LOG (lattice-best-path[5.5.569~1-6f329]:main():lattice-best-path.cc:99) For utterance pp28-domotica3_command191, best cost 196.813 + -494.091 = -297.278 over 242 frames.
pp28-domotica3_command191 al uit in licht aan 
LOG (lattice-best-path[5.5.569~1-6f329]:main():lattice-best-path.cc:99) For utterance pp28-domotica3_command192, best cost 180.888 + -462.574 = -281.686 over 230 frames.
pp28-domotica3_command192 al de op stand een 
LOG (lattice-best-path[5.5.569~1-6f329]:main():lattice-best-path.cc:99) For utterance pp28-domotica3_command193, best cost 175.601 + -417.482 = -241.88 over 235 frames.
pp28-domotica3_command193 op stand twee 
LOG (lattice-best-path[5.5.569~1-6f329]:main():lattice-best-path.cc:99) For utterance pp28-domotica3_command194, best cost 175.92 + -427.258 = -251.337 over 224 frames.
pp28-domotica3_command194 al de op een 
LOG (lattice-best-path[5.5.569~1-6f329]:main():lattice-best-path.cc:99) For utterance pp28-domotica3_command195, best cost 172.466 + -413.312 = -240.846 over 210 frames.
pp28-domotica3_command195 al de lichten in de keuken een 
LOG (lattice-best-path[5.5.569~1-6f329]:main():lattice-best-path.cc:99) For utterance pp28-domotica3_command196, best cost 158.723 + -359.503 = -200.78 over 196 frames.
pp28-domotica3_command196 uit in lamp op een 
LOG (lattice-best-path[5.5.569~1-6f329]:main():lattice-best-path.cc:99) For utterance pp28-domotica3_command197, best cost 217.373 + -547.062 = -329.689 over 293 frames.
pp28-domotica3_command197 in slaapkamer neer 
LOG (lattice-best-path[5.5.569~1-6f329]:main():lattice-best-path.cc:99) For utterance pp28-domotica3_command198, best cost 194.606 + -423.515 = -228.909 over 262 frames.
pp28-domotica3_command198 rolluik omhoog 
LOG (lattice-best-path[5.5.569~1-6f329]:main():lattice-best-path.cc:99) For utterance pp28-domotica3_command199, best cost 203.704 + -467.891 = -264.187 over 263 frames.
pp28-domotica3_command199 al rolluik achterdeur naar beneden 
LOG (lattice-best-path[5.5.569~1-6f329]:main():lattice-best-path.cc:99) For utterance pp28-domotica3_command2, best cost 262.542 + -675.791 = -413.249 over 344 frames.
pp28-domotica3_command2 al in de woonkamer en keuken uit 
LOG (lattice-best-path[5.5.569~1-6f329]:main():lattice-best-path.cc:99) For utterance pp28-domotica3_command20, best cost 192.664 + -478.612 = -285.948 over 247 frames.
pp28-domotica3_command20 al de lichten uit in slaapkamer 
LOG (lattice-best-path[5.5.569~1-6f329]:main():lattice-best-path.cc:99) For utterance pp28-domotica3_command200, best cost 233.296 + -545.504 = -312.208 over 295 frames.
pp28-domotica3_command200 al rolluik omhoog deur neer 
LOG (lattice-best-path[5.5.569~1-6f329]:main():lattice-best-path.cc:99) For utterance pp28-domotica3_command201, best cost 156.64 + -375.977 = -219.337 over 210 frames.
pp28-domotica3_command201 beneden 
LOG (lattice-best-path[5.5.569~1-6f329]:main():lattice-best-path.cc:99) For utterance pp28-domotica3_command202, best cost 209.553 + -483.289 = -273.737 over 284 frames.
pp28-domotica3_command202 achterdeur naar beneden 
LOG (lattice-best-path[5.5.569~1-6f329]:main():lattice-best-path.cc:99) For utterance pp28-domotica3_command203, best cost 172.066 + -397.695 = -225.629 over 225 frames.
pp28-domotica3_command203 al de keuken uit 
LOG (lattice-best-path[5.5.569~1-6f329]:main():lattice-best-path.cc:99) For utterance pp28-domotica3_command204, best cost 174.684 + -417.492 = -242.808 over 222 frames.
pp28-domotica3_command204 al de deur open 
LOG (lattice-best-path[5.5.569~1-6f329]:main():lattice-best-path.cc:99) For utterance pp28-domotica3_command205, best cost 194.339 + -497.416 = -303.077 over 252 frames.
pp28-domotica3_command205 neer licht aan 
LOG (lattice-best-path[5.5.569~1-6f329]:main():lattice-best-path.cc:99) For utterance pp28-domotica3_command206, best cost 193.391 + -489.178 = -295.787 over 250 frames.
pp28-domotica3_command206 neer licht uit 
LOG (lattice-best-path[5.5.569~1-6f329]:main():lattice-best-path.cc:99) For utterance pp28-domotica3_command209, best cost 159.06 + -408.591 = -249.531 over 209 frames.
pp28-domotica3_command209 staande lamp op drie 
LOG (lattice-best-path[5.5.569~1-6f329]:main():lattice-best-path.cc:99) For utterance pp28-domotica3_command21, best cost 207.452 + -567.993 = -360.541 over 269 frames.
pp28-domotica3_command21 rolluiken staande lamp op een 
LOG (lattice-best-path[5.5.569~1-6f329]:main():lattice-best-path.cc:99) For utterance pp28-domotica3_command210, best cost 160.7 + -356.383 = -195.683 over 201 frames.
pp28-domotica3_command210 uit staande lamp op drie 
LOG (lattice-best-path[5.5.569~1-6f329]:main():lattice-best-path.cc:99) For utterance pp28-domotica3_command211, best cost 156.525 + -375.717 = -219.192 over 196 frames.
pp28-domotica3_command211 al de stand drie 
LOG (lattice-best-path[5.5.569~1-6f329]:main():lattice-best-path.cc:99) For utterance pp28-domotica3_command212, best cost 227.474 + -528.346 = -300.872 over 295 frames.
pp28-domotica3_command212 al de staande lamp op eenentwintig 
LOG (lattice-best-path[5.5.569~1-6f329]:main():lattice-best-path.cc:99) For utterance pp28-domotica3_command214, best cost 148.437 + -359.741 = -211.304 over 194 frames.
pp28-domotica3_command214 in de voordeur toe 
LOG (lattice-best-path[5.5.569~1-6f329]:main():lattice-best-path.cc:99) For utterance pp28-domotica3_command22, best cost 197.399 + -514.198 = -316.799 over 253 frames.
pp28-domotica3_command22 al staande lamp op twee 
LOG (lattice-best-path[5.5.569~1-6f329]:main():lattice-best-path.cc:99) For utterance pp28-domotica3_command23, best cost 185.4 + -474.152 = -288.753 over 247 frames.
pp28-domotica3_command23 staande lamp op drie 
LOG (lattice-best-path[5.5.569~1-6f329]:main():lattice-best-path.cc:99) For utterance pp28-domotica3_command24, best cost 250.137 + -624.299 = -374.162 over 331 frames.
pp28-domotica3_command24 al de op eenentwintig 
LOG (lattice-best-path[5.5.569~1-6f329]:main():lattice-best-path.cc:99) For utterance pp28-domotica3_command25, best cost 182.257 + -468.876 = -286.619 over 239 frames.
pp28-domotica3_command25 uit in de voordeur toe 
LOG (lattice-best-path[5.5.569~1-6f329]:main():lattice-best-path.cc:99) For utterance pp28-domotica3_command26, best cost 155.529 + -423.612 = -268.083 over 197 frames.
pp28-domotica3_command26 al de open 
LOG (lattice-best-path[5.5.569~1-6f329]:main():lattice-best-path.cc:99) For utterance pp28-domotica3_command27, best cost 253.564 + -633.9 = -380.336 over 327 frames.
pp28-domotica3_command27 al de lichten in de keuken een 
LOG (lattice-best-path[5.5.569~1-6f329]:main():lattice-best-path.cc:99) For utterance pp28-domotica3_command28, best cost 200.7 + -576.072 = -375.372 over 264 frames.
pp28-domotica3_command28 uit in de lichten uit 
LOG (lattice-best-path[5.5.569~1-6f329]:main():lattice-best-path.cc:99) For utterance pp28-domotica3_command29, best cost 247.938 + -658.438 = -410.5 over 325 frames.
pp28-domotica3_command29 in deur dicht van badkamer open 
LOG (lattice-best-path[5.5.569~1-6f329]:main():lattice-best-path.cc:99) For utterance pp28-domotica3_command3, best cost 274.454 + -742.678 = -468.224 over 369 frames.
pp28-domotica3_command3 lichten in de woonkamer en keuken uit 
LOG (lattice-best-path[5.5.569~1-6f329]:main():lattice-best-path.cc:99) For utterance pp28-domotica3_command30, best cost 201.309 + -548.739 = -347.43 over 265 frames.
pp28-domotica3_command30 uit in de badkamer open 
LOG (lattice-best-path[5.5.569~1-6f329]:main():lattice-best-path.cc:99) For utterance pp28-domotica3_command31, best cost 204.297 + -515.49 = -311.193 over 257 frames.
pp28-domotica3_command31 rolluiken licht in de aan 
LOG (lattice-best-path[5.5.569~1-6f329]:main():lattice-best-path.cc:99) For utterance pp28-domotica3_command32, best cost 212.942 + -549.079 = -336.137 over 274 frames.
pp28-domotica3_command32 al de hoofdeinde op stand een 
LOG (lattice-best-path[5.5.569~1-6f329]:main():lattice-best-path.cc:99) For utterance pp28-domotica3_command33, best cost 222.735 + -590.662 = -367.927 over 303 frames.
pp28-domotica3_command33 op stand twee 
LOG (lattice-best-path[5.5.569~1-6f329]:main():lattice-best-path.cc:99) For utterance pp28-domotica3_command34, best cost 211.522 + -537.748 = -326.226 over 276 frames.
pp28-domotica3_command34 in de op stand drie 
LOG (lattice-best-path[5.5.569~1-6f329]:main():lattice-best-path.cc:99) For utterance pp28-domotica3_command35, best cost 203.371 + -555.08 = -351.71 over 269 frames.
pp28-domotica3_command35 licht in de keuken aan 
LOG (lattice-best-path[5.5.569~1-6f329]:main():lattice-best-path.cc:99) For utterance pp28-domotica3_command36, best cost 167.742 + -450.468 = -282.726 over 227 frames.
pp28-domotica3_command36 neer 
LOG (lattice-best-path[5.5.569~1-6f329]:main():lattice-best-path.cc:99) For utterance pp28-domotica3_command37, best cost 220.146 + -526.505 = -306.359 over 297 frames.
pp28-domotica3_command37 in slaapkamer neer 
LOG (lattice-best-path[5.5.569~1-6f329]:main():lattice-best-path.cc:99) For utterance pp28-domotica3_command38, best cost 227.015 + -576.699 = -349.684 over 310 frames.
pp28-domotica3_command38 rolluiken slaapkamer 
LOG (lattice-best-path[5.5.569~1-6f329]:main():lattice-best-path.cc:99) For utterance pp28-domotica3_command4, best cost 176.448 + -488.355 = -311.907 over 231 frames.
pp28-domotica3_command4 al de lichten uit 
LOG (lattice-best-path[5.5.569~1-6f329]:main():lattice-best-path.cc:99) For utterance pp28-domotica3_command40, best cost 217.352 + -534.836 = -317.484 over 294 frames.
pp28-domotica3_command40 rolluik achterdeur naar beneden 
LOG (lattice-best-path[5.5.569~1-6f329]:main():lattice-best-path.cc:99) For utterance pp28-domotica3_command42, best cost 217.227 + -503.468 = -286.241 over 274 frames.
pp28-domotica3_command42 uit in de in neer 
LOG (lattice-best-path[5.5.569~1-6f329]:main():lattice-best-path.cc:99) For utterance pp28-domotica3_command43, best cost 175.327 + -429.696 = -254.369 over 226 frames.
pp28-domotica3_command43 in rolluiken neer 
LOG (lattice-best-path[5.5.569~1-6f329]:main():lattice-best-path.cc:99) For utterance pp28-domotica3_command44, best cost 194.174 + -460.712 = -266.538 over 264 frames.
pp28-domotica3_command44 in living 
LOG (lattice-best-path[5.5.569~1-6f329]:main():lattice-best-path.cc:99) For utterance pp28-domotica3_command45, best cost 184.691 + -468.25 = -283.559 over 239 frames.
pp28-domotica3_command45 rolluik licht aan 
LOG (lattice-best-path[5.5.569~1-6f329]:main():lattice-best-path.cc:99) For utterance pp28-domotica3_command46, best cost 197.703 + -449.424 = -251.721 over 242 frames.
pp28-domotica3_command46 rolluiken licht uit in slaapkamer aan 
LOG (lattice-best-path[5.5.569~1-6f329]:main():lattice-best-path.cc:99) For utterance pp28-domotica3_command47, best cost 173.139 + -442.293 = -269.154 over 218 frames.
pp28-domotica3_command47 al staande lamp op een 
LOG (lattice-best-path[5.5.569~1-6f329]:main():lattice-best-path.cc:99) For utterance pp28-domotica3_command48, best cost 173.617 + -442.139 = -268.522 over 230 frames.
pp28-domotica3_command48 staande lamp op twee 
LOG (lattice-best-path[5.5.569~1-6f329]:main():lattice-best-path.cc:99) For utterance pp28-domotica3_command49, best cost 174.85 + -447.103 = -272.253 over 222 frames.
pp28-domotica3_command49 in staande lamp op drie 
LOG (lattice-best-path[5.5.569~1-6f329]:main():lattice-best-path.cc:99) For utterance pp28-domotica3_command5, best cost 208.707 + -545.508 = -336.801 over 268 frames.
pp28-domotica3_command5 rolluiken deur dicht van badkamer aan 
LOG (lattice-best-path[5.5.569~1-6f329]:main():lattice-best-path.cc:99) For utterance pp28-domotica3_command50, best cost 230.686 + -577.18 = -346.494 over 297 frames.
pp28-domotica3_command50 uit in thermostaat chauffage op eenentwintig 
LOG (lattice-best-path[5.5.569~1-6f329]:main():lattice-best-path.cc:99) For utterance pp28-domotica3_command51, best cost 188.336 + -508.874 = -320.539 over 231 frames.
pp28-domotica3_command51 in de voordeur dicht toe 
LOG (lattice-best-path[5.5.569~1-6f329]:main():lattice-best-path.cc:99) For utterance pp28-domotica3_command52, best cost 152.748 + -448.332 = -295.585 over 191 frames.
pp28-domotica3_command52 uit in de open 
LOG (lattice-best-path[5.5.569~1-6f329]:main():lattice-best-path.cc:99) For utterance pp28-domotica3_command53, best cost 241.769 + -594.022 = -352.253 over 318 frames.
pp28-domotica3_command53 al de lichten in de keuken uit 
LOG (lattice-best-path[5.5.569~1-6f329]:main():lattice-best-path.cc:99) For utterance pp28-domotica3_command54, best cost 162.72 + -441.927 = -279.206 over 213 frames.
pp28-domotica3_command54 in de lichten uit 
LOG (lattice-best-path[5.5.569~1-6f329]:main():lattice-best-path.cc:99) For utterance pp28-domotica3_command55, best cost 187.709 + -487.691 = -299.982 over 247 frames.
pp28-domotica3_command55 al de badkamer aan 
LOG (lattice-best-path[5.5.569~1-6f329]:main():lattice-best-path.cc:99) For utterance pp28-domotica3_command56, best cost 194.652 + -504.744 = -310.092 over 236 frames.
pp28-domotica3_command56 al uit in deur badkamer open 
LOG (lattice-best-path[5.5.569~1-6f329]:main():lattice-best-path.cc:99) For utterance pp28-domotica3_command57, best cost 181.566 + -481.611 = -300.045 over 231 frames.
pp28-domotica3_command57 al de lichten in de keuken aan 
LOG (lattice-best-path[5.5.569~1-6f329]:main():lattice-best-path.cc:99) For utterance pp28-domotica3_command58, best cost 211.121 + -572.467 = -361.346 over 284 frames.
pp28-domotica3_command58 hoofdeinde op stand een 
LOG (lattice-best-path[5.5.569~1-6f329]:main():lattice-best-path.cc:99) For utterance pp28-domotica3_command59, best cost 219.661 + -613.005 = -393.344 over 276 frames.
pp28-domotica3_command59 rolluiken neer op op stand twee 
LOG (lattice-best-path[5.5.569~1-6f329]:main():lattice-best-path.cc:99) For utterance pp28-domotica3_command6, best cost 206.848 + -598.715 = -391.867 over 265 frames.
pp28-domotica3_command6 rolluiken neer deur badkamer open 
LOG (lattice-best-path[5.5.569~1-6f329]:main():lattice-best-path.cc:99) For utterance pp28-domotica3_command60, best cost 203.03 + -551.175 = -348.145 over 261 frames.
pp28-domotica3_command60 uit in op stand drie 
LOG (lattice-best-path[5.5.569~1-6f329]:main():lattice-best-path.cc:99) For utterance pp28-domotica3_command61, best cost 202.503 + -548.623 = -346.12 over 258 frames.
pp28-domotica3_command61 al de lichten in de keuken 
LOG (lattice-best-path[5.5.569~1-6f329]:main():lattice-best-path.cc:99) For utterance pp28-domotica3_command62, best cost 175.693 + -420.495 = -244.802 over 235 frames.
pp28-domotica3_command62 in slaapkamer 
LOG (lattice-best-path[5.5.569~1-6f329]:main():lattice-best-path.cc:99) For utterance pp28-domotica3_command63, best cost 215.237 + -526.176 = -310.939 over 282 frames.
pp28-domotica3_command63 al slaapkamer neer 
LOG (lattice-best-path[5.5.569~1-6f329]:main():lattice-best-path.cc:99) For utterance pp28-domotica3_command64, best cost 265.802 + -650.499 = -384.697 over 365 frames.
pp28-domotica3_command64 in slaapkamer 
LOG (lattice-best-path[5.5.569~1-6f329]:main():lattice-best-path.cc:99) For utterance pp28-domotica3_command65, best cost 227.208 + -535.77 = -308.562 over 289 frames.
pp28-domotica3_command65 drie achterdeur naar neer 
LOG (lattice-best-path[5.5.569~1-6f329]:main():lattice-best-path.cc:99) For utterance pp28-domotica3_command67, best cost 224.762 + -528.945 = -304.184 over 294 frames.
pp28-domotica3_command67 rolluiken omhoog deur neer 
LOG (lattice-best-path[5.5.569~1-6f329]:main():lattice-best-path.cc:99) For utterance pp28-domotica3_command68, best cost 166.355 + -413.288 = -246.932 over 225 frames.
pp28-domotica3_command68 neer 
LOG (lattice-best-path[5.5.569~1-6f329]:main():lattice-best-path.cc:99) For utterance pp28-domotica3_command69, best cost 244.227 + -592.532 = -348.305 over 320 frames.
pp28-domotica3_command69 in de lichten in de lichten 
LOG (lattice-best-path[5.5.569~1-6f329]:main():lattice-best-path.cc:99) For utterance pp28-domotica3_command7, best cost 232.801 + -634.177 = -401.376 over 306 frames.
pp28-domotica3_command7 al de lichten in de badkamer 
LOG (lattice-best-path[5.5.569~1-6f329]:main():lattice-best-path.cc:99) For utterance pp28-domotica3_command70, best cost 207.483 + -530.799 = -323.316 over 256 frames.
pp28-domotica3_command70 al rolluiken neer deur slaapkamer 
LOG (lattice-best-path[5.5.569~1-6f329]:main():lattice-best-path.cc:99) For utterance pp28-domotica3_command71, best cost 194.744 + -484.788 = -290.045 over 250 frames.
pp28-domotica3_command71 al de lichten uit in slaapkamer 
LOG (lattice-best-path[5.5.569~1-6f329]:main():lattice-best-path.cc:99) For utterance pp28-domotica3_command72, best cost 182.628 + -485.343 = -302.715 over 243 frames.
pp28-domotica3_command72 staande lamp op een 
LOG (lattice-best-path[5.5.569~1-6f329]:main():lattice-best-path.cc:99) For utterance pp28-domotica3_command73, best cost 233.921 + -668.275 = -434.354 over 317 frames.
pp28-domotica3_command73 staande lamp op drie 
LOG (lattice-best-path[5.5.569~1-6f329]:main():lattice-best-path.cc:99) For utterance pp28-domotica3_command74, best cost 184.925 + -503.517 = -318.592 over 235 frames.
pp28-domotica3_command74 neer staande lamp op drie 
LOG (lattice-best-path[5.5.569~1-6f329]:main():lattice-best-path.cc:99) For utterance pp28-domotica3_command75, best cost 254.767 + -649.767 = -395 over 334 frames.
pp28-domotica3_command75 beneden thermostaat chauffage op eenentwintig 
LOG (lattice-best-path[5.5.569~1-6f329]:main():lattice-best-path.cc:99) For utterance pp28-domotica3_command76, best cost 163.55 + -437.539 = -273.989 over 214 frames.
pp28-domotica3_command76 al de voordeur toe 
LOG (lattice-best-path[5.5.569~1-6f329]:main():lattice-best-path.cc:99) For utterance pp28-domotica3_command77, best cost 156.661 + -390.752 = -234.092 over 186 frames.
pp28-domotica3_command77 drie een deur open 
LOG (lattice-best-path[5.5.569~1-6f329]:main():lattice-best-path.cc:99) For utterance pp28-domotica3_command78, best cost 287.432 + -761.517 = -474.086 over 378 frames.
pp28-domotica3_command78 rolluik licht in de woonkamer en keuken uit 
LOG (lattice-best-path[5.5.569~1-6f329]:main():lattice-best-path.cc:99) For utterance pp28-domotica3_command79, best cost 164.366 + -402.195 = -237.829 over 200 frames.
pp28-domotica3_command79 uit in al de lichten uit 
LOG (lattice-best-path[5.5.569~1-6f329]:main():lattice-best-path.cc:99) For utterance pp28-domotica3_command8, best cost 225.2 + -604.58 = -379.38 over 293 frames.
pp28-domotica3_command8 al hoofdeinde op stand een 
LOG (lattice-best-path[5.5.569~1-6f329]:main():lattice-best-path.cc:99) For utterance pp28-domotica3_command80, best cost 185.156 + -432.137 = -246.981 over 231 frames.
pp28-domotica3_command80 uit in de lichten uit slaapkamer 
LOG (lattice-best-path[5.5.569~1-6f329]:main():lattice-best-path.cc:99) For utterance pp28-domotica3_command81, best cost 181.901 + -432.407 = -250.506 over 237 frames.
pp28-domotica3_command81 uit in de badkamer open 
LOG (lattice-best-path[5.5.569~1-6f329]:main():lattice-best-path.cc:99) For utterance pp28-domotica3_command82, best cost 223.405 + -577.3 = -353.895 over 277 frames.
pp28-domotica3_command82 al de lichten in de badkamer al 
LOG (lattice-best-path[5.5.569~1-6f329]:main():lattice-best-path.cc:99) For utterance pp28-domotica3_command83, best cost 188.825 + -498.96 = -310.135 over 253 frames.
pp28-domotica3_command83 hoofdeinde op een 
LOG (lattice-best-path[5.5.569~1-6f329]:main():lattice-best-path.cc:99) For utterance pp28-domotica3_command84, best cost 205.98 + -526.401 = -320.421 over 275 frames.
pp28-domotica3_command84 chauffage op stand drie 
LOG (lattice-best-path[5.5.569~1-6f329]:main():lattice-best-path.cc:99) For utterance pp28-domotica3_command85, best cost 228.712 + -585.425 = -356.713 over 289 frames.
pp28-domotica3_command85 al toe op stand een 
LOG (lattice-best-path[5.5.569~1-6f329]:main():lattice-best-path.cc:99) For utterance pp28-domotica3_command86, best cost 180.332 + -503.175 = -322.842 over 243 frames.
pp28-domotica3_command86 rolluiken neer 
LOG (lattice-best-path[5.5.569~1-6f329]:main():lattice-best-path.cc:99) For utterance pp28-domotica3_command87, best cost 164.39 + -463.038 = -298.649 over 220 frames.
pp28-domotica3_command87 rolluiken neer 
LOG (lattice-best-path[5.5.569~1-6f329]:main():lattice-best-path.cc:99) For utterance pp28-domotica3_command88, best cost 209.604 + -528.195 = -318.59 over 278 frames.
pp28-domotica3_command88 uit in slaapkamer neer 
LOG (lattice-best-path[5.5.569~1-6f329]:main():lattice-best-path.cc:99) For utterance pp28-domotica3_command89, best cost 233.167 + -568.609 = -335.442 over 310 frames.
pp28-domotica3_command89 al slaapkamer 
LOG (lattice-best-path[5.5.569~1-6f329]:main():lattice-best-path.cc:99) For utterance pp28-domotica3_command9, best cost 216.733 + -578.937 = -362.204 over 278 frames.
pp28-domotica3_command9 rolluik omhoog in op stand twee 
LOG (lattice-best-path[5.5.569~1-6f329]:main():lattice-best-path.cc:99) For utterance pp28-domotica3_command90, best cost 244.859 + -596.827 = -351.968 over 310 frames.
pp28-domotica3_command90 rolluiken neer al de naar beneden 
LOG (lattice-best-path[5.5.569~1-6f329]:main():lattice-best-path.cc:99) For utterance pp28-domotica3_command91, best cost 218.644 + -515.875 = -297.231 over 278 frames.
pp28-domotica3_command91 al rolluik omhoog deur in living 
LOG (lattice-best-path[5.5.569~1-6f329]:main():lattice-best-path.cc:99) For utterance pp28-domotica3_command92, best cost 167.38 + -428.767 = -261.387 over 213 frames.
pp28-domotica3_command92 rolluiken neer neer 
LOG (lattice-best-path[5.5.569~1-6f329]:main():lattice-best-path.cc:99) For utterance pp28-domotica3_command93, best cost 212.971 + -508.95 = -295.98 over 266 frames.
pp28-domotica3_command93 al de omhoog in de lichten 
LOG (lattice-best-path[5.5.569~1-6f329]:main():lattice-best-path.cc:99) For utterance pp28-domotica3_command94, best cost 181.581 + -472.451 = -290.871 over 237 frames.
pp28-domotica3_command94 licht aan slaapkamer omhoog 
LOG (lattice-best-path[5.5.569~1-6f329]:main():lattice-best-path.cc:99) For utterance pp28-domotica3_command95, best cost 233.868 + -623.378 = -389.51 over 301 frames.
pp28-domotica3_command95 neer licht uit in slaapkamer 
LOG (lattice-best-path[5.5.569~1-6f329]:main():lattice-best-path.cc:99) For utterance pp28-domotica3_command96, best cost 188.173 + -529.663 = -341.49 over 251 frames.
pp28-domotica3_command96 staande lampLOG (lattice-scale[5.5.569~1-6f329]:main():lattice-scale.cc:107) Done 204 lattices.
 op een 
LOG (lattice-best-path[5.5.569~1-6f329]:main():lattice-best-path.cc:99) For utterance pp28-domotica3_command97, best cost 195.459 + -526.844 = -331.385 over 249 frames.
pp28-domotica3_command97 uit in lamp op drie 
LOG (lattice-best-path[5.5.569~1-6f329]:main():lattice-best-path.cc:99) For utterance pp28-domotica3_command98, best cost 182.33 + -502.115 = -319.785 over 229 frames.
pp28-domotica3_command98 uit in staande lamp op drie 
LOG (lattice-best-path[5.5.569~1-6f329]:main():lattice-best-path.cc:99) For utterance pp28-domotica3_command99, best cost 239.956 + -573.948 = -333.993 over 305 frames.
pp28-domotica3_command99 al de thermostaat op eenentwintig 
LOG (lattice-add-penalty[5.5.569~1-6f329]:main():lattice-add-penalty.cc:62) Done adding word insertion penalty to 204 lattices.
LOG (lattice-best-path[5.5.569~1-6f329]:main():lattice-best-path.cc:124) Overall cost per frame is -1.17538 = 0.772841 [graph] + -1.94822 [acoustic] over 52617 frames.
LOG (lattice-best-path[5.5.569~1-6f329]:main():lattice-best-path.cc:128) Done 204 lattices, failed for 0
# Accounting: time=0 threads=1
# Ended (code 0) at Tue Mar 23 10:11:46 CET 2021, elapsed time 0 seconds
