# lattice-scale --inv-acoustic-scale=9 "ark:gunzip -c exp/percgncopas5k/chain_s/tdnn1k_sp/decode_test_5g_400k/lat.*.gz|" ark:- | lattice-add-penalty --word-ins-penalty=0.0 ark:- ark:- | lattice-best-path --word-symbol-table=exp/percgncopas5k/chain_s/tree_sp/graph_5g_400k/words.txt ark:- ark,t:exp/percgncopas5k/chain_s/tdnn1k_sp/decode_test_5g_400k/scoring/9.tra 
# Started at Tue Mar 23 10:11:46 CET 2021
#
lattice-best-path --word-symbol-table=exp/percgncopas5k/chain_s/tree_sp/graph_5g_400k/words.txt ark:- ark,t:exp/percgncopas5k/chain_s/tdnn1k_sp/decode_test_5g_400k/scoring/9.tra 
lattice-scale --inv-acoustic-scale=9 'ark:gunzip -c exp/percgncopas5k/chain_s/tdnn1k_sp/decode_test_5g_400k/lat.*.gz|' ark:- 
lattice-add-penalty --word-ins-penalty=0.0 ark:- ark:- 
LOG (lattice-best-path[5.5.569~1-6f329]:main():lattice-best-path.cc:99) For utterance pp28-domotica3_command1, best cost 286.929 + -765.289 = -478.36 over 368 frames.
pp28-domotica3_command1 al de lichten in de woonkamer en keuken in 
LOG (lattice-best-path[5.5.569~1-6f329]:main():lattice-best-path.cc:99) For utterance pp28-domotica3_command10, best cost 226.008 + -633.276 = -407.267 over 292 frames.
pp28-domotica3_command10 rolluiken neer hoofdeinde op stand drie 
LOG (lattice-best-path[5.5.569~1-6f329]:main():lattice-best-path.cc:99) For utterance pp28-domotica3_command100, best cost 148.636 + -408.188 = -259.552 over 196 frames.
pp28-domotica3_command100 de voordeur toe 
LOG (lattice-best-path[5.5.569~1-6f329]:main():lattice-best-path.cc:99) For utterance pp28-domotica3_command101, best cost 138.301 + -420.82 = -282.52 over 176 frames.
pp28-domotica3_command101 rolluik omhoog deur open 
LOG (lattice-best-path[5.5.569~1-6f329]:main():lattice-best-path.cc:99) For utterance pp28-domotica3_command102, best cost 251.517 + -667.35 = -415.833 over 316 frames.
pp28-domotica3_command102 al de lichten open en keuken uit 
LOG (lattice-best-path[5.5.569~1-6f329]:main():lattice-best-path.cc:99) For utterance pp28-domotica3_command103, best cost 174.8 + -496.344 = -321.544 over 206 frames.
pp28-domotica3_command103 al neer al de lichten uit 
LOG (lattice-best-path[5.5.569~1-6f329]:main():lattice-best-path.cc:99) For utterance pp28-domotica3_command104, best cost 186.845 + -502.128 = -315.283 over 246 frames.
pp28-domotica3_command104 al de lichten uit 
LOG (lattice-best-path[5.5.569~1-6f329]:main():lattice-best-path.cc:99) For utterance pp28-domotica3_command105, best cost 187.924 + -483.614 = -295.69 over 233 frames.
pp28-domotica3_command105 al de deur in de badkamer open 
LOG (lattice-best-path[5.5.569~1-6f329]:main():lattice-best-path.cc:99) For utterance pp28-domotica3_command106, best cost 213.821 + -580.577 = -366.756 over 264 frames.
pp28-domotica3_command106 al de deur in de op een 
LOG (lattice-best-path[5.5.569~1-6f329]:main():lattice-best-path.cc:99) For utterance pp28-domotica3_command107, best cost 198.86 + -567.836 = -368.976 over 255 frames.
pp28-domotica3_command107 al lamp op stand een 
LOG (lattice-best-path[5.5.569~1-6f329]:main():lattice-best-path.cc:99) For utterance pp28-domotica3_command108, best cost 201.682 + -570.189 = -368.507 over 260 frames.
pp28-domotica3_command108 al de op stand een 
LOG (lattice-best-path[5.5.569~1-6f329]:main():lattice-best-path.cc:99) For utterance pp28-domotica3_command109, best cost 229.613 + -626.79 = -397.177 over 289 frames.
pp28-domotica3_command109 uit neer hoofdeinde op stand twee 
LOG (lattice-best-path[5.5.569~1-6f329]:main():lattice-best-path.cc:99) For utterance pp28-domotica3_command11, best cost 207.73 + -636.475 = -428.745 over 264 frames.
pp28-domotica3_command11 al de lichten en keuken aan 
LOG (lattice-best-path[5.5.569~1-6f329]:main():lattice-best-path.cc:99) For utterance pp28-domotica3_command110, best cost 185.616 + -510.939 = -325.323 over 227 frames.
pp28-domotica3_command110 al de lichten in al 
LOG (lattice-best-path[5.5.569~1-6f329]:main():lattice-best-path.cc:99) For utterance pp28-domotica3_command111, best cost 171.536 + -477.067 = -305.531 over 219 frames.
pp28-domotica3_command111 al rolluiken neer 
LOG (lattice-best-path[5.5.569~1-6f329]:main():lattice-best-path.cc:99) For utterance pp28-domotica3_command112, best cost 209.654 + -549.084 = -339.43 over 269 frames.
pp28-domotica3_command112 al de keuken slaapkamer neer 
LOG (lattice-best-path[5.5.569~1-6f329]:main():lattice-best-path.cc:99) For utterance pp28-domotica3_command113, best cost 230.134 + -599.431 = -369.297 over 297 frames.
pp28-domotica3_command113 al de keuken rolluik omhoog 
LOG (lattice-best-path[5.5.569~1-6f329]:main():lattice-best-path.cc:99) For utterance pp28-domotica3_command114, best cost 219.646 + -559.611 = -339.965 over 286 frames.
pp28-domotica3_command114 al rolluik achterdeur naar beneden 
LOG (lattice-best-path[5.5.569~1-6f329]:main():lattice-best-path.cc:99) For utterance pp28-domotica3_command115, best cost 227.058 + -550.141 = -323.083 over 286 frames.
pp28-domotica3_command115 al rolluik omhoog deur neer 
LOG (lattice-best-path[5.5.569~1-6f329]:main():lattice-best-path.cc:99) For utterance pp28-domotica3_command116, best cost 158.215 + -417.872 = -259.657 over 197 frames.
pp28-domotica3_command116 al de keuken neer 
LOG (lattice-best-path[5.5.569~1-6f329]:main():lattice-best-path.cc:99) For utterance pp28-domotica3_command118, best cost 232.591 + -564.407 = -331.816 over 283 frames.
pp28-domotica3_command118 al de omhoog in en neer 
LOG (lattice-best-path[5.5.569~1-6f329]:main():lattice-best-path.cc:99) For utterance pp28-domotica3_command119, best cost 194.976 + -523.526 = -328.549 over 258 frames.
pp28-domotica3_command119 deur slaapkamer dicht 
LOG (lattice-best-path[5.5.569~1-6f329]:main():lattice-best-path.cc:99) For utterance pp28-domotica3_command12, best cost 156.651 + -455.875 = -299.223 over 211 frames.
pp28-domotica3_command12 neer 
LOG (lattice-best-path[5.5.569~1-6f329]:main():lattice-best-path.cc:99) For utterance pp28-domotica3_command120, best cost 188.113 + -513.669 = -325.556 over 254 frames.
pp28-domotica3_command120 deur open 
LOG (lattice-best-path[5.5.569~1-6f329]:main():lattice-best-path.cc:99) For utterance pp28-domotica3_command121, best cost 200.206 + -573.473 = -373.267 over 261 frames.
pp28-domotica3_command121 al de lichten in slaapkamer 
LOG (lattice-best-path[5.5.569~1-6f329]:main():lattice-best-path.cc:99) For utterance pp28-domotica3_command122, best cost 209.993 + -641.751 = -431.758 over 272 frames.
pp28-domotica3_command122 al de lichten uit in slaapkamer 
LOG (lattice-best-path[5.5.569~1-6f329]:main():lattice-best-path.cc:99) For utterance pp28-domotica3_command123, best cost 201.738 + -617.294 = -415.556 over 257 frames.
pp28-domotica3_command123 uit in staande lamp op een 
LOG (lattice-best-path[5.5.569~1-6f329]:main():lattice-best-path.cc:99) For utterance pp28-domotica3_command124, best cost 199.544 + -545.118 = -345.575 over 245 frames.
pp28-domotica3_command124 al de in staande lamp op twee 
LOG (lattice-best-path[5.5.569~1-6f329]:main():lattice-best-path.cc:99) For utterance pp28-domotica3_command125, best cost 188.569 + -543.66 = -355.091 over 238 frames.
pp28-domotica3_command125 uit in staande lamp op drie 
LOG (lattice-best-path[5.5.569~1-6f329]:main():lattice-best-path.cc:99) For utterance pp28-domotica3_command126, best cost 251.717 + -674.077 = -422.36 over 321 frames.
pp28-domotica3_command126 uit uit in de op twee 
LOG (lattice-best-path[5.5.569~1-6f329]:main():lattice-best-path.cc:99) For utterance pp28-domotica3_command127, best cost 161.463 + -462.726 = -301.264 over 209 frames.
pp28-domotica3_command127 uit in de voordeur toe 
LOG (lattice-best-path[5.5.569~1-6f329]:main():lattice-best-path.cc:99) For utterance pp28-domotica3_command128, best cost 140.271 + -424.874 = -284.603 over 173 frames.
pp28-domotica3_command128 uit in de open 
LOG (lattice-best-path[5.5.569~1-6f329]:main():lattice-best-path.cc:99) For utterance pp28-domotica3_command129, best cost 214.488 + -638.536 = -424.048 over 281 frames.
pp28-domotica3_command129 uit in de woonkamer licht aan 
LOG (lattice-best-path[5.5.569~1-6f329]:main():lattice-best-path.cc:99) For utterance pp28-domotica3_command13, best cost 256.61 + -788.836 = -532.225 over 353 frames.
pp28-domotica3_command13 slaapkamer neer 
LOG (lattice-best-path[5.5.569~1-6f329]:main():lattice-best-path.cc:99) For utterance pp28-domotica3_command130, best cost 251.727 + -657.21 = -405.483 over 312 frames.
pp28-domotica3_command130 al uit in licht in de woonkamer en keuken uit 
LOG (lattice-best-path[5.5.569~1-6f329]:main():lattice-best-path.cc:99) For utterance pp28-domotica3_command131, best cost 187.933 + -536.068 = -348.135 over 234 frames.
pp28-domotica3_command131 uit in al de lichten uit 
LOG (lattice-best-path[5.5.569~1-6f329]:main():lattice-best-path.cc:99) For utterance pp28-domotica3_command132, best cost 201.393 + -560.267 = -358.874 over 265 frames.
pp28-domotica3_command132 uit in de lichten uit 
LOG (lattice-best-path[5.5.569~1-6f329]:main():lattice-best-path.cc:99) For utterance pp28-domotica3_command133, best cost 188.184 + -495.457 = -307.273 over 233 frames.
pp28-domotica3_command133 rolluik in de woonkamer open 
LOG (lattice-best-path[5.5.569~1-6f329]:main():lattice-best-path.cc:99) For utterance pp28-domotica3_command134, best cost 208.076 + -594.475 = -386.4 over 256 frames.
pp28-domotica3_command134 al de lichten in de keuken aan op een 
LOG (lattice-best-path[5.5.569~1-6f329]:main():lattice-best-path.cc:99) For utterance pp28-domotica3_command135, best cost 194.92 + -553.185 = -358.265 over 248 frames.
pp28-domotica3_command135 al de hoofdeinde op stand een 
LOG (lattice-best-path[5.5.569~1-6f329]:main():lattice-best-path.cc:99) For utterance pp28-domotica3_command136, best cost 220.563 + -608.587 = -388.024 over 275 frames.
pp28-domotica3_command136 al al hoofdeinde op stand drie 
LOG (lattice-best-path[5.5.569~1-6f329]:main():lattice-best-path.cc:99) For utterance pp28-domotica3_command137, best cost 204.116 + -565.757 = -361.641 over 261 frames.
pp28-domotica3_command137 al chauffage op stand drie 
LOG (lattice-best-path[5.5.569~1-6f329]:main():lattice-best-path.cc:99) For utterance pp28-domotica3_command138, best cost 195.318 + -583.001 = -387.682 over 240 frames.
pp28-domotica3_command138 al de lichten in en keuken 
LOG (lattice-best-path[5.5.569~1-6f329]:main():lattice-best-path.cc:99) For utterance pp28-domotica3_command139, best cost 159.813 + -471.588 = -311.775 over 207 frames.
pp28-domotica3_command139 al de lichten uit 
LOG (lattice-best-path[5.5.569~1-6f329]:main():lattice-best-path.cc:99) For utterance pp28-domotica3_command14, best cost 220.055 + -604.573 = -384.518 over 299 frames.
pp28-domotica3_command14 in slaapkamer 
LOG (lattice-best-path[5.5.569~1-6f329]:main():lattice-best-path.cc:99) For utterance pp28-domotica3_command141, best cost 200.643 + -509.165 = -308.522 over 256 frames.
pp28-domotica3_command141 al de keuken slaapkamer neer 
LOG (lattice-best-path[5.5.569~1-6f329]:main():lattice-best-path.cc:99) For utterance pp28-domotica3_command142, best cost 233.638 + -608.521 = -374.883 over 307 frames.
pp28-domotica3_command142 al rolluik omhoog 
LOG (lattice-best-path[5.5.569~1-6f329]:main():lattice-best-path.cc:99) For utterance pp28-domotica3_command143, best cost 236.76 + -643.09 = -406.33 over 322 frames.
pp28-domotica3_command143 rolluik achterdeur naar beneden 
LOG (lattice-best-path[5.5.569~1-6f329]:main():lattice-best-path.cc:99) For utterance pp28-domotica3_command144, best cost 217.319 + -554.61 = -337.29 over 290 frames.
pp28-domotica3_command144 rolluik omhoog deur open 
LOG (lattice-best-path[5.5.569~1-6f329]:main():lattice-best-path.cc:99) For utterance pp28-domotica3_command145, best cost 163.438 + -435.017 = -271.579 over 206 frames.
pp28-domotica3_command145 al de rolluiken neer 
LOG (lattice-best-path[5.5.569~1-6f329]:main():lattice-best-path.cc:99) For utterance pp28-domotica3_command146, best cost 227.336 + -592.911 = -365.575 over 288 frames.
pp28-domotica3_command146 al de open omhoog 
LOG (lattice-best-path[5.5.569~1-6f329]:main():lattice-best-path.cc:99) For utterance pp28-domotica3_command147, best cost 188.045 + -502.414 = -314.369 over 248 frames.
pp28-domotica3_command147 deur slaapkamer dicht 
LOG (lattice-best-path[5.5.569~1-6f329]:main():lattice-best-path.cc:99) For utterance pp28-domotica3_command148, best cost 192.67 + -527.082 = -334.412 over 245 frames.
pp28-domotica3_command148 neer deur slaapkamer open 
LOG (lattice-best-path[5.5.569~1-6f329]:main():lattice-best-path.cc:99) For utterance pp28-domotica3_command149, best cost 180.451 + -498.734 = -318.283 over 229 frames.
pp28-domotica3_command149 al de lichten slaapkamer 
LOG (lattice-best-path[5.5.569~1-6f329]:main():lattice-best-path.cc:99) For utterance pp28-domotica3_command15, best cost 229.176 + -630.941 = -401.765 over 301 frames.
pp28-domotica3_command15 al achterdeur naar beneden 
LOG (lattice-best-path[5.5.569~1-6f329]:main():lattice-best-path.cc:99) For utterance pp28-domotica3_command150, best cost 193.358 + -548.904 = -355.546 over 248 frames.
pp28-domotica3_command150 al de lichten uit in slaapkamer 
LOG (lattice-best-path[5.5.569~1-6f329]:main():lattice-best-path.cc:99) For utterance pp28-domotica3_command151, best cost 169.161 + -439.54 = -270.38 over 210 frames.
pp28-domotica3_command151 uit in staande lamp op een 
LOG (lattice-best-path[5.5.569~1-6f329]:main():lattice-best-path.cc:99) For utterance pp28-domotica3_command152, best cost 180.88 + -454.001 = -273.121 over 227 frames.
pp28-domotica3_command152 rolluiken neer staande lamp op twee 
LOG (lattice-best-path[5.5.569~1-6f329]:main():lattice-best-path.cc:99) For utterance pp28-domotica3_command153, best cost 178.21 + -466.209 = -287.999 over 224 frames.
pp28-domotica3_command153 al de staande lamp op drie 
LOG (lattice-best-path[5.5.569~1-6f329]:main():lattice-best-path.cc:99) For utterance pp28-domotica3_command154, best cost 250.776 + -670.536 = -419.759 over 327 frames.
pp28-domotica3_command154 al de thermostaat chauffage op een 
LOG (lattice-best-path[5.5.569~1-6f329]:main():lattice-best-path.cc:99) For utterance pp28-domotica3_command155, best cost 132.35 + -348.617 = -216.267 over 167 frames.
pp28-domotica3_command155 uit in de voordeur toe 
LOG (lattice-best-path[5.5.569~1-6f329]:main():lattice-best-path.cc:99) For utterance pp28-domotica3_command157, best cost 140.271 + -435.223 = -294.952 over 173 frames.
pp28-domotica3_command157 uit in de open 
LOG (lattice-best-path[5.5.569~1-6f329]:main():lattice-best-path.cc:99) For utterance pp28-domotica3_command159, best cost 190.984 + -507.651 = -316.667 over 246 frames.
pp28-domotica3_command159 al de woonkamer licht 
LOG (lattice-best-path[5.5.569~1-6f329]:main():lattice-best-path.cc:99) For utterance pp28-domotica3_command16, best cost 244.522 + -675.164 = -430.642 over 318 frames.
pp28-domotica3_command16 rolluik omhoog deur in neer 
LOG (lattice-best-path[5.5.569~1-6f329]:main():lattice-best-path.cc:99) For utterance pp28-domotica3_command160, best cost 243.253 + -663.749 = -420.496 over 316 frames.
pp28-domotica3_command160 al de lichten in de open 
LOG (lattice-best-path[5.5.569~1-6f329]:main():lattice-best-path.cc:99) For utterance pp28-domotica3_command161, best cost 160.496 + -453.912 = -293.416 over 206 frames.
pp28-domotica3_command161 uit in de lichten uit 
LOG (lattice-best-path[5.5.569~1-6f329]:main():lattice-best-path.cc:99) For utterance pp28-domotica3_command162, best cost 207.802 + -603.837 = -396.035 over 274 frames.
pp28-domotica3_command162 uit in de badkamer aan 
LOG (lattice-best-path[5.5.569~1-6f329]:main():lattice-best-path.cc:99) For utterance pp28-domotica3_command163, best cost 165.959 + -444.823 = -278.865 over 214 frames.
pp28-domotica3_command163 uit in de badkamer open 
LOG (lattice-best-path[5.5.569~1-6f329]:main():lattice-best-path.cc:99) For utterance pp28-domotica3_command164, best cost 185.668 + -514.444 = -328.776 over 238 frames.
pp28-domotica3_command164 al de lichten in de badkamer 
LOG (lattice-best-path[5.5.569~1-6f329]:main():lattice-best-path.cc:99) For utterance pp28-domotica3_command165, best cost 200.555 + -561.072 = -360.517 over 271 frames.
pp28-domotica3_command165 op stand een 
LOG (lattice-best-path[5.5.569~1-6f329]:main():lattice-best-path.cc:99) For utterance pp28-domotica3_command166, best cost 186.829 + -537.822 = -350.994 over 242 frames.
pp28-domotica3_command166 uit op twee 
LOG (lattice-best-path[5.5.569~1-6f329]:main():lattice-best-path.cc:99) For utterance pp28-domotica3_command167, best cost 171.443 + -459.405 = -287.963 over 229 frames.
pp28-domotica3_command167 op stand twee 
LOG (lattice-best-path[5.5.569~1-6f329]:main():lattice-best-path.cc:99) For utterance pp28-domotica3_command168, best cost 182.254 + -506.853 = -324.599 over 217 frames.
pp28-domotica3_command168 uit neer licht in de keuken uit 
LOG (lattice-best-path[5.5.569~1-6f329]:main():lattice-best-path.cc:99) For utterance pp28-domotica3_command169, best cost 149.422 + -399.369 = -249.947 over 187 frames.
pp28-domotica3_command169 uit in neer 
LOG (lattice-best-path[5.5.569~1-6f329]:main():lattice-best-path.cc:99) For utterance pp28-domotica3_command17, best cost 179.162 + -525.152 = -345.99 over 230 frames.
pp28-domotica3_command17 drie rolluiken neer 
LOG (lattice-best-path[5.5.569~1-6f329]:main():lattice-best-path.cc:99) For utterance pp28-domotica3_command170, best cost 199.815 + -507.462 = -307.647 over 256 frames.
pp28-domotica3_command170 al de rolluiken slaapkamer neer 
LOG (lattice-best-path[5.5.569~1-6f329]:main():lattice-best-path.cc:99) For utterance pp28-domotica3_command171, best cost 224.497 + -567.26 = -342.762 over 284 frames.
pp28-domotica3_command171 al rolluiken rolluik omhoog 
LOG (lattice-best-path[5.5.569~1-6f329]:main():lattice-best-path.cc:99) For utterance pp28-domotica3_command172, best cost 209.832 + -542.111 = -332.279 over 272 frames.
pp28-domotica3_command172 uit in naar beneden 
LOG (lattice-best-path[5.5.569~1-6f329]:main():lattice-best-path.cc:99) For utterance pp28-domotica3_command173, best cost 213.597 + -572.544 = -358.947 over 287 frames.
pp28-domotica3_command173 in de 
LOG (lattice-best-path[5.5.569~1-6f329]:main():lattice-best-path.cc:99) For utterance pp28-domotica3_command174, best cost 187.005 + -508.278 = -321.273 over 240 frames.
pp28-domotica3_command174 al de rolluiken neer 
LOG (lattice-best-path[5.5.569~1-6f329]:main():lattice-best-path.cc:99) For utterance pp28-domotica3_command175, best cost 243.054 + -665.51 = -422.456 over 308 frames.
pp28-domotica3_command175 rolluik omhoog in en neer 
LOG (lattice-best-path[5.5.569~1-6f329]:main():lattice-best-path.cc:99) For utterance pp28-domotica3_command176, best cost 182.075 + -499.113 = -317.039 over 242 frames.
pp28-domotica3_command176 deur slaapkamer neer 
LOG (lattice-best-path[5.5.569~1-6f329]:main():lattice-best-path.cc:99) For utterance pp28-domotica3_command177, best cost 177.419 + -489.391 = -311.972 over 223 frames.
pp28-domotica3_command177 al deur slaapkamer open 
LOG (lattice-best-path[5.5.569~1-6f329]:main():lattice-best-path.cc:99) For utterance pp28-domotica3_command178, best cost 191.002 + -537.543 = -346.541 over 243 frames.
pp28-domotica3_command178 neer licht aan slaapkamer 
LOG (lattice-best-path[5.5.569~1-6f329]:main():lattice-best-path.cc:99) For utterance pp28-domotica3_command179, best cost 213.517 + -580.824 = -367.307 over 270 frames.
pp28-domotica3_command179 neer licht uit in 
LOG (lattice-best-path[5.5.569~1-6f329]:main():lattice-best-path.cc:99) For utterance pp28-domotica3_command18, best cost 199.341 + -533.129 = -333.788 over 261 frames.
pp28-domotica3_command18 al de lichten 
LOG (lattice-best-path[5.5.569~1-6f329]:main():lattice-best-path.cc:99) For utterance pp28-domotica3_command180, best cost 174.31 + -487.662 = -313.351 over 231 frames.
pp28-domotica3_command180 staande lamp op een 
LOG (lattice-best-path[5.5.569~1-6f329]:main():lattice-best-path.cc:99) For utterance pp28-domotica3_command181, best cost 189.119 + -511.329 = -322.21 over 242 frames.
pp28-domotica3_command181 uit staande lamp op twee 
LOG (lattice-best-path[5.5.569~1-6f329]:main():lattice-best-path.cc:99) For utterance pp28-domotica3_command182, best cost 173.576 + -501.455 = -327.879 over 231 frames.
pp28-domotica3_command182 lamp op twee 
LOG (lattice-best-path[5.5.569~1-6f329]:main():lattice-best-path.cc:99) For utterance pp28-domotica3_command183, best cost 259.573 + -731.679 = -472.106 over 346 frames.
pp28-domotica3_command183 thermostaat op een 
LOG (lattice-best-path[5.5.569~1-6f329]:main():lattice-best-path.cc:99) For utterance pp28-domotica3_command184, best cost 181.564 + -545.879 = -364.315 over 238 frames.
pp28-domotica3_command184 uit in de voordeur toe 
LOG (lattice-best-path[5.5.569~1-6f329]:main():lattice-best-path.cc:99) For utterance pp28-domotica3_command185, best cost 198.51 + -718.106 = -519.596 over 269 frames.
pp28-domotica3_command185 deur open 
LOG (lattice-best-path[5.5.569~1-6f329]:main():lattice-best-path.cc:99) For utterance pp28-domotica3_command186, best cost 219.169 + -631.996 = -412.827 over 275 frames.
pp28-domotica3_command186 uit in in de woonkamer aan 
LOG (lattice-best-path[5.5.569~1-6f329]:main():lattice-best-path.cc:99) For utterance pp28-domotica3_command187, best cost 240.886 + -666.958 = -426.072 over 307 frames.
pp28-domotica3_command187 uit in lichten in de woonkamer en keuken uit 
LOG (lattice-best-path[5.5.569~1-6f329]:main():lattice-best-path.cc:99) For utterance pp28-domotica3_command188, best cost 167.831 + -486.363 = -318.532 over 205 frames.
pp28-domotica3_command188 uit in al de lichten uit 
LOG (lattice-best-path[5.5.569~1-6f329]:main():lattice-best-path.cc:99) For utterance pp28-domotica3_command189, best cost 191.841 + -529.585 = -337.745 over 244 frames.
pp28-domotica3_command189 achterdeur dicht van badkamer aan 
LOG (lattice-best-path[5.5.569~1-6f329]:main():lattice-best-path.cc:99) For utterance pp28-domotica3_command19, best cost 185.803 + -512.908 = -327.105 over 237 frames.
pp28-domotica3_command19 rolluiken licht aan slaapkamer 
LOG (lattice-best-path[5.5.569~1-6f329]:main():lattice-best-path.cc:99) For utterance pp28-domotica3_command190, best cost 163.194 + -435.122 = -271.927 over 212 frames.
pp28-domotica3_command190 al de badkamer open 
LOG (lattice-best-path[5.5.569~1-6f329]:main():lattice-best-path.cc:99) For utterance pp28-domotica3_command191, best cost 196.813 + -548.99 = -352.178 over 242 frames.
pp28-domotica3_command191 al uit in licht aan 
LOG (lattice-best-path[5.5.569~1-6f329]:main():lattice-best-path.cc:99) For utterance pp28-domotica3_command192, best cost 180.888 + -513.971 = -333.083 over 230 frames.
pp28-domotica3_command192 al de op stand een 
LOG (lattice-best-path[5.5.569~1-6f329]:main():lattice-best-path.cc:99) For utterance pp28-domotica3_command193, best cost 184.353 + -472.627 = -288.274 over 235 frames.
pp28-domotica3_command193 al de op stand twee 
LOG (lattice-best-path[5.5.569~1-6f329]:main():lattice-best-path.cc:99) For utterance pp28-domotica3_command194, best cost 175.92 + -474.731 = -298.81 over 224 frames.
pp28-domotica3_command194 al de op een 
LOG (lattice-best-path[5.5.569~1-6f329]:main():lattice-best-path.cc:99) For utterance pp28-domotica3_command195, best cost 172.466 + -459.236 = -286.77 over 210 frames.
pp28-domotica3_command195 al de lichten in de keuken een 
LOG (lattice-best-path[5.5.569~1-6f329]:main():lattice-best-path.cc:99) For utterance pp28-domotica3_command196, best cost 158.723 + -399.448 = -240.725 over 196 frames.
pp28-domotica3_command196 uit in lamp op een 
LOG (lattice-best-path[5.5.569~1-6f329]:main():lattice-best-path.cc:99) For utterance pp28-domotica3_command197, best cost 217.373 + -607.847 = -390.474 over 293 frames.
pp28-domotica3_command197 in slaapkamer neer 
LOG (lattice-best-path[5.5.569~1-6f329]:main():lattice-best-path.cc:99) For utterance pp28-domotica3_command198, best cost 203.358 + -480.144 = -276.785 over 262 frames.
pp28-domotica3_command198 al de rolluik omhoog 
LOG (lattice-best-path[5.5.569~1-6f329]:main():lattice-best-path.cc:99) For utterance pp28-domotica3_command199, best cost 203.704 + -519.878 = -316.174 over 263 frames.
pp28-domotica3_command199 al rolluik achterdeur naar beneden 
LOG (lattice-best-path[5.5.569~1-6f329]:main():lattice-best-path.cc:99) For utterance pp28-domotica3_command2, best cost 262.542 + -750.879 = -488.337 over 344 frames.
pp28-domotica3_command2 al in de woonkamer en keuken uit 
LOG (lattice-best-path[5.5.569~1-6f329]:main():lattice-best-path.cc:99) For utterance pp28-domotica3_command20, best cost 192.664 + -531.791 = -339.127 over 247 frames.
pp28-domotica3_command20 al de lichten uit in slaapkamer 
LOG (lattice-best-path[5.5.569~1-6f329]:main():lattice-best-path.cc:99) For utterance pp28-domotica3_command200, best cost 233.296 + -606.115 = -372.82 over 295 frames.
pp28-domotica3_command200 al rolluik omhoog deur neer 
LOG (lattice-best-path[5.5.569~1-6f329]:main():lattice-best-path.cc:99) For utterance pp28-domotica3_command201, best cost 163.419 + -424.694 = -261.274 over 210 frames.
pp28-domotica3_command201 in beneden 
LOG (lattice-best-path[5.5.569~1-6f329]:main():lattice-best-path.cc:99) For utterance pp28-domotica3_command202, best cost 218.212 + -546.293 = -328.081 over 284 frames.
pp28-domotica3_command202 achterdeur naar beneden rolluiken neer 
LOG (lattice-best-path[5.5.569~1-6f329]:main():lattice-best-path.cc:99) For utterance pp28-domotica3_command203, best cost 172.066 + -441.884 = -269.817 over 225 frames.
pp28-domotica3_command203 al de keuken uit 
LOG (lattice-best-path[5.5.569~1-6f329]:main():lattice-best-path.cc:99) For utterance pp28-domotica3_command204, best cost 174.684 + -463.881 = -289.196 over 222 frames.
pp28-domotica3_command204 al de deur open 
LOG (lattice-best-path[5.5.569~1-6f329]:main():lattice-best-path.cc:99) For utterance pp28-domotica3_command205, best cost 194.339 + -552.685 = -358.346 over 252 frames.
pp28-domotica3_command205 neer licht aan 
LOG (lattice-best-path[5.5.569~1-6f329]:main():lattice-best-path.cc:99) For utterance pp28-domotica3_command206, best cost 198.044 + -548.23 = -350.186 over 250 frames.
pp28-domotica3_command206 neer licht in de keuken aan 
LOG (lattice-best-path[5.5.569~1-6f329]:main():lattice-best-path.cc:99) For utterance pp28-domotica3_command209, best cost 159.06 + -453.99 = -294.93 over 209 frames.
pp28-domotica3_command209 staande lamp op drie 
LOG (lattice-best-path[5.5.569~1-6f329]:main():lattice-best-path.cc:99) For utterance pp28-domotica3_command21, best cost 207.452 + -631.103 = -423.652 over 269 frames.
pp28-domotica3_command21 rolluiken staande lamp op een 
LOG (lattice-best-path[5.5.569~1-6f329]:main():lattice-best-path.cc:99) For utterance pp28-domotica3_command210, best cost 160.7 + -395.981 = -235.281 over 201 frames.
pp28-domotica3_command210 uit staande lamp op drie 
LOG (lattice-best-path[5.5.569~1-6f329]:main():lattice-best-path.cc:99) For utterance pp28-domotica3_command211, best cost 156.525 + -417.464 = -260.939 over 196 frames.
pp28-domotica3_command211 al de stand drie 
LOG (lattice-best-path[5.5.569~1-6f329]:main():lattice-best-path.cc:99) For utterance pp28-domotica3_command212, best cost 227.474 + -587.051 = -359.578 over 295 frames.
pp28-domotica3_command212 al de staande lamp op eenentwintig 
LOG (lattice-best-path[5.5.569~1-6f329]:main():lattice-best-path.cc:99) For utterance pp28-domotica3_command214, best cost 148.437 + -399.713 = -251.275 over 194 frames.
pp28-domotica3_command214 in de voordeur toe 
LOG (lattice-best-path[5.5.569~1-6f329]:main():lattice-best-path.cc:99) For utterance pp28-domotica3_command22, best cost 197.399 + -571.332 = -373.932 over 253 frames.
pp28-domotica3_command22 al staande lamp op twee 
LOG (lattice-best-path[5.5.569~1-6f329]:main():lattice-best-path.cc:99) For utterance pp28-domotica3_command23, best cost 185.4 + -526.836 = -341.436 over 247 frames.
pp28-domotica3_command23 staande lamp op drie 
LOG (lattice-best-path[5.5.569~1-6f329]:main():lattice-best-path.cc:99) For utterance pp28-domotica3_command24, best cost 250.137 + -693.666 = -443.529 over 331 frames.
pp28-domotica3_command24 al de op eenentwintig 
LOG (lattice-best-path[5.5.569~1-6f329]:main():lattice-best-path.cc:99) For utterance pp28-domotica3_command25, best cost 182.257 + -520.973 = -338.717 over 239 frames.
pp28-domotica3_command25 uit in de voordeur toe 
LOG (lattice-best-path[5.5.569~1-6f329]:main():lattice-best-path.cc:99) For utterance pp28-domotica3_command26, best cost 155.529 + -470.68 = -315.151 over 197 frames.
pp28-domotica3_command26 al de open 
LOG (lattice-best-path[5.5.569~1-6f329]:main():lattice-best-path.cc:99) For utterance pp28-domotica3_command27, best cost 253.564 + -704.333 = -450.769 over 327 frames.
pp28-domotica3_command27 al de lichten in de keuken een 
LOG (lattice-best-path[5.5.569~1-6f329]:main():lattice-best-path.cc:99) For utterance pp28-domotica3_command28, best cost 200.7 + -640.08 = -439.381 over 264 frames.
pp28-domotica3_command28 uit in de lichten uit 
LOG (lattice-best-path[5.5.569~1-6f329]:main():lattice-best-path.cc:99) For utterance pp28-domotica3_command29, best cost 255.777 + -739.789 = -484.012 over 325 frames.
pp28-domotica3_command29 al in deur dicht van badkamer open 
LOG (lattice-best-path[5.5.569~1-6f329]:main():lattice-best-path.cc:99) For utterance pp28-domotica3_command3, best cost 281.232 + -832.505 = -551.273 over 369 frames.
pp28-domotica3_command3 in lichten in de woonkamer en keuken uit 
LOG (lattice-best-path[5.5.569~1-6f329]:main():lattice-best-path.cc:99) For utterance pp28-domotica3_command30, best cost 201.309 + -609.71 = -408.401 over 265 frames.
pp28-domotica3_command30 uit in de badkamer open 
LOG (lattice-best-path[5.5.569~1-6f329]:main():lattice-best-path.cc:99) For utterance pp28-domotica3_command31, best cost 204.297 + -572.767 = -368.47 over 257 frames.
pp28-domotica3_command31 rolluiken licht in de aan 
LOG (lattice-best-path[5.5.569~1-6f329]:main():lattice-best-path.cc:99) For utterance pp28-domotica3_command32, best cost 212.942 + -610.088 = -397.146 over 274 frames.
pp28-domotica3_command32 al de hoofdeinde op stand een 
LOG (lattice-best-path[5.5.569~1-6f329]:main():lattice-best-path.cc:99) For utterance pp28-domotica3_command33, best cost 222.735 + -656.292 = -433.556 over 303 frames.
pp28-domotica3_command33 op stand twee 
LOG (lattice-best-path[5.5.569~1-6f329]:main():lattice-best-path.cc:99) For utterance pp28-domotica3_command34, best cost 211.522 + -597.498 = -385.975 over 276 frames.
pp28-domotica3_command34 in de op stand drie 
LOG (lattice-best-path[5.5.569~1-6f329]:main():lattice-best-path.cc:99) For utterance pp28-domotica3_command35, best cost 208.828 + -622.487 = -413.659 over 269 frames.
pp28-domotica3_command35 licht in de keuken een 
LOG (lattice-best-path[5.5.569~1-6f329]:main():lattice-best-path.cc:99) For utterance pp28-domotica3_command36, best cost 167.742 + -500.52 = -332.778 over 227 frames.
pp28-domotica3_command36 neer 
LOG (lattice-best-path[5.5.569~1-6f329]:main():lattice-best-path.cc:99) For utterance pp28-domotica3_command37, best cost 227.982 + -593.177 = -365.195 over 297 frames.
pp28-domotica3_command37 al aan slaapkamer neer 
LOG (lattice-best-path[5.5.569~1-6f329]:main():lattice-best-path.cc:99) For utterance pp28-domotica3_command38, best cost 227.015 + -640.776 = -413.761 over 310 frames.
pp28-domotica3_command38 rolluiken slaapkamer 
LOG (lattice-best-path[5.5.569~1-6f329]:main():lattice-best-path.cc:99) For utterance pp28-domotica3_command4, best cost 183.037 + -549.625 = -366.588 over 231 frames.
pp28-domotica3_command4 al in de lichten uit 
LOG (lattice-best-path[5.5.569~1-6f329]:main():lattice-best-path.cc:99) For utterance pp28-domotica3_command40, best cost 232.165 + -610.448 = -378.283 over 294 frames.
pp28-domotica3_command40 al drie achterdeur naar beneden 
LOG (lattice-best-path[5.5.569~1-6f329]:main():lattice-best-path.cc:99) For utterance pp28-domotica3_command42, best cost 225.068 + -567.668 = -342.6 over 274 frames.
pp28-domotica3_command42 uit in de in en neer 
LOG (lattice-best-path[5.5.569~1-6f329]:main():lattice-best-path.cc:99) For utterance pp28-domotica3_command43, best cost 175.327 + -477.44 = -302.112 over 226 frames.
pp28-domotica3_command43 in rolluiken neer 
LOG (lattice-best-path[5.5.569~1-6f329]:main():lattice-best-path.cc:99) For utterance pp28-domotica3_command44, best cost 200.17 + -518.451 = -318.28 over 264 frames.
pp28-domotica3_command44 in de lichten 
LOG (lattice-best-path[5.5.569~1-6f329]:main():lattice-best-path.cc:99) For utterance pp28-domotica3_command45, best cost 184.691 + -520.278 = -335.587 over 239 frames.
pp28-domotica3_command45 rolluik licht aan 
LOG (lattice-best-path[5.5.569~1-6f329]:main():lattice-best-path.cc:99) For utterance pp28-domotica3_command46, best cost 197.703 + -499.36 = -301.657 over 242 frames.
pp28-domotica3_command46 rolluiken licht uit in slaapkamer aan 
LOG (lattice-best-path[5.5.569~1-6f329]:main():lattice-best-path.cc:99) For utterance pp28-domotica3_command47, best cost 173.139 + -491.437 = -318.297 over 218 frames.
pp28-domotica3_command47 al staande lamp op een 
LOG (lattice-best-path[5.5.569~1-6f329]:main():lattice-best-path.cc:99) For utterance pp28-domotica3_command48, best cost 173.617 + -491.265 = -317.648 over 230 frames.
pp28-domotica3_command48 staande lamp op twee 
LOG (lattice-best-path[5.5.569~1-6f329]:main():lattice-best-path.cc:99) For utterance pp28-domotica3_command49, best cost 174.85 + -496.781 = -321.931 over 222 frames.
pp28-domotica3_command49 in staande lamp op drie 
LOG (lattice-best-path[5.5.569~1-6f329]:main():lattice-best-path.cc:99) For utterance pp28-domotica3_command5, best cost 208.707 + -606.119 = -397.413 over 268 frames.
pp28-domotica3_command5 rolluiken deur dicht van badkamer aan 
LOG (lattice-best-path[5.5.569~1-6f329]:main():lattice-best-path.cc:99) For utterance pp28-domotica3_command50, best cost 238.526 + -649.309 = -410.784 over 297 frames.
pp28-domotica3_command50 al uit in thermostaat chauffage op eenentwintig 
LOG (lattice-best-path[5.5.569~1-6f329]:main():lattice-best-path.cc:99) For utterance pp28-domotica3_command51, best cost 188.336 + -565.416 = -377.08 over 231 frames.
pp28-domotica3_command51 in de voordeur dicht toe 
LOG (lattice-best-path[5.5.569~1-6f329]:main():lattice-best-path.cc:99) For utterance pp28-domotica3_command52, best cost 152.748 + -498.147 = -345.399 over 191 frames.
pp28-domotica3_command52 uit in de open 
LOG (lattice-best-path[5.5.569~1-6f329]:main():lattice-best-path.cc:99) For utterance pp28-domotica3_command53, best cost 241.769 + -660.025 = -418.255 over 318 frames.
pp28-domotica3_command53 al de lichten in de keuken uit 
LOG (lattice-best-path[5.5.569~1-6f329]:main():lattice-best-path.cc:99) For utterance pp28-domotica3_command54, best cost 162.72 + -491.029 = -328.309 over 213 frames.
pp28-domotica3_command54 in de lichten uit 
LOG (lattice-best-path[5.5.569~1-6f329]:main():lattice-best-path.cc:99) For utterance pp28-domotica3_command55, best cost 197.04 + -551.536 = -354.496 over 247 frames.
pp28-domotica3_command55 al de uit aan 
LOG (lattice-best-path[5.5.569~1-6f329]:main():lattice-best-path.cc:99) For utterance pp28-domotica3_command56, best cost 194.652 + -560.827 = -366.175 over 236 frames.
pp28-domotica3_command56 al uit in deur badkamer open 
LOG (lattice-best-path[5.5.569~1-6f329]:main():lattice-best-path.cc:99) For utterance pp28-domotica3_command57, best cost 181.566 + -535.123 = -353.557 over 231 frames.
pp28-domotica3_command57 al de lichten in de keuken aan 
LOG (lattice-best-path[5.5.569~1-6f329]:main():lattice-best-path.cc:99) For utterance pp28-domotica3_command58, best cost 211.121 + -636.075 = -424.953 over 284 frames.
pp28-domotica3_command58 hoofdeinde op stand een 
LOG (lattice-best-path[5.5.569~1-6f329]:main():lattice-best-path.cc:99) For utterance pp28-domotica3_command59, best cost 219.661 + -681.116 = -461.455 over 276 frames.
pp28-domotica3_command59 rolluiken neer op op stand twee 
LOG (lattice-best-path[5.5.569~1-6f329]:main():lattice-best-path.cc:99) For utterance pp28-domotica3_command6, best cost 206.848 + -665.239 = -458.391 over 265 frames.
pp28-domotica3_command6 rolluiken neer deur badkamer open 
LOG (lattice-best-path[5.5.569~1-6f329]:main():lattice-best-path.cc:99) For utterance pp28-domotica3_command60, best cost 203.03 + -612.416 = -409.387 over 261 frames.
pp28-domotica3_command60 uit in op stand drie 
LOG (lattice-best-path[5.5.569~1-6f329]:main():lattice-best-path.cc:99) For utterance pp28-domotica3_command61, best cost 202.503 + -609.581 = -407.078 over 258 frames.
pp28-domotica3_command61 al de lichten in de keuken 
LOG (lattice-best-path[5.5.569~1-6f329]:main():lattice-best-path.cc:99) For utterance pp28-domotica3_command62, best cost 178.321 + -469.907 = -291.585 over 235 frames.
pp28-domotica3_command62 uit in slaapkamer 
LOG (lattice-best-path[5.5.569~1-6f329]:main():lattice-best-path.cc:99) For utterance pp28-domotica3_command63, best cost 215.237 + -584.64 = -369.403 over 282 frames.
pp28-domotica3_command63 al slaapkamer neer 
LOG (lattice-best-path[5.5.569~1-6f329]:main():lattice-best-path.cc:99) For utterance pp28-domotica3_command64, best cost 265.802 + -722.776 = -456.974 over 365 frames.
pp28-domotica3_command64 in slaapkamer 
LOG (lattice-best-path[5.5.569~1-6f329]:main():lattice-best-path.cc:99) For utterance pp28-domotica3_command65, best cost 227.208 + -595.3 = -368.092 over 289 frames.
pp28-domotica3_command65 drie achterdeur naar neer 
LOG (lattice-best-path[5.5.569~1-6f329]:main():lattice-best-path.cc:99) For utterance pp28-domotica3_command67, best cost 227.886 + -590.857 = -362.971 over 294 frames.
pp28-domotica3_command67 rolluiken omhoog deur in neer 
LOG (lattice-best-path[5.5.569~1-6f329]:main():lattice-best-path.cc:99) For utterance pp28-domotica3_command68, best cost 166.355 + -459.209 = -292.853 over 225 frames.
pp28-domotica3_command68 neer 
LOG (lattice-best-path[5.5.569~1-6f329]:main():lattice-best-path.cc:99) For utterance pp28-domotica3_command69, best cost 244.227 + -658.369 = -414.142 over 320 frames.
pp28-domotica3_command69 in de lichten in de lichten 
LOG (lattice-best-path[5.5.569~1-6f329]:main():lattice-best-path.cc:99) For utterance pp28-domotica3_command7, best cost 243.35 + -715.805 = -472.455 over 306 frames.
pp28-domotica3_command7 al in lichten in de badkamer 
LOG (lattice-best-path[5.5.569~1-6f329]:main():lattice-best-path.cc:99) For utterance pp28-domotica3_command70, best cost 207.483 + -589.777 = -382.294 over 256 frames.
pp28-domotica3_command70 al rolluiken neer deur slaapkamer 
LOG (lattice-best-path[5.5.569~1-6f329]:main():lattice-best-path.cc:99) For utterance pp28-domotica3_command71, best cost 194.744 + -538.654 = -343.91 over 250 frames.
pp28-domotica3_command71 al de lichten uit in slaapkamer 
LOG (lattice-best-path[5.5.569~1-6f329]:main():lattice-best-path.cc:99) For utterance pp28-domotica3_command72, best cost 182.628 + -539.27 = -356.642 over 243 frames.
pp28-domotica3_command72 staande lamp op een 
LOG (lattice-best-path[5.5.569~1-6f329]:main():lattice-best-path.cc:99) For utterance pp28-domotica3_command73, best cost 233.921 + -742.528 = -508.607 over 317 frames.
pp28-domotica3_command73 staande lamp op drie 
LOG (lattice-best-path[5.5.569~1-6f329]:main():lattice-best-path.cc:99) For utterance pp28-domotica3_command74, best cost 184.925 + -559.463 = -374.538 over 235 frames.
pp28-domotica3_command74 neer staande lamp op drie 
LOG (lattice-best-path[5.5.569~1-6f329]:main():lattice-best-path.cc:99) For utterance pp28-domotica3_command75, best cost 263.519 + -731.166 = -467.647 over 334 frames.
pp28-domotica3_command75 al de een thermostaat chauffage op eenentwintig 
LOG (lattice-best-path[5.5.569~1-6f329]:main():lattice-best-path.cc:99) For utterance pp28-domotica3_command76, best cost 163.55 + -486.155 = -322.604 over 214 frames.
pp28-domotica3_command76 al de voordeur toe 
LOG (lattice-best-path[5.5.569~1-6f329]:main():lattice-best-path.cc:99) For utterance pp28-domotica3_command77, best cost 156.661 + -434.169 = -277.508 over 186 frames.
pp28-domotica3_command77 drie een deur open 
LOG (lattice-best-path[5.5.569~1-6f329]:main():lattice-best-path.cc:99) For utterance pp28-domotica3_command78, best cost 289.528 + -848.396 = -558.868 over 378 frames.
pp28-domotica3_command78 rolluik de lichten in de woonkamer en keuken uit 
LOG (lattice-best-path[5.5.569~1-6f329]:main():lattice-best-path.cc:99) For utterance pp28-domotica3_command79, best cost 164.366 + -446.883 = -282.517 over 200 frames.
pp28-domotica3_command79 uit in al de lichten uit 
LOG (lattice-best-path[5.5.569~1-6f329]:main():lattice-best-path.cc:99) For utterance pp28-domotica3_command8, best cost 225.2 + -671.755 = -446.556 over 293 frames.
pp28-domotica3_command8 al hoofdeinde op stand een 
LOG (lattice-best-path[5.5.569~1-6f329]:main():lattice-best-path.cc:99) For utterance pp28-domotica3_command80, best cost 185.156 + -480.152 = -294.996 over 231 frames.
pp28-domotica3_command80 uit in de lichten uit slaapkamer 
LOG (lattice-best-path[5.5.569~1-6f329]:main():lattice-best-path.cc:99) For utterance pp28-domotica3_command81, best cost 181.901 + -480.453 = -298.552 over 237 frames.
pp28-domotica3_command81 uit in de badkamer open 
LOG (lattice-best-path[5.5.569~1-6f329]:main():lattice-best-path.cc:99) For utterance pp28-domotica3_command82, best cost 223.405 + -641.444 = -418.039 over 277 frames.
pp28-domotica3_command82 al de lichten in de badkamer al 
LOG (lattice-best-path[5.5.569~1-6f329]:main():lattice-best-path.cc:99) For utterance pp28-domotica3_command83, best cost 193.118 + -559.109 = -365.99 over 253 frames.
pp28-domotica3_command83 hoofdeinde op aan 
LOG (lattice-best-path[5.5.569~1-6f329]:main():lattice-best-path.cc:99) For utterance pp28-domotica3_command84, best cost 205.98 + -584.89 = -378.91 over 275 frames.
pp28-domotica3_command84 chauffage op stand drie 
LOG (lattice-best-path[5.5.569~1-6f329]:main():lattice-best-path.cc:99) For utterance pp28-domotica3_command85, best cost 228.712 + -650.473 = -421.761 over 289 frames.
pp28-domotica3_command85 al toe op stand een 
LOG (lattice-best-path[5.5.569~1-6f329]:main():lattice-best-path.cc:99) For utterance pp28-domotica3_command86, best cost 180.332 + -559.083 = -378.751 over 243 frames.
pp28-domotica3_command86 rolluiken neer 
LOG (lattice-best-path[5.5.569~1-6f329]:main():lattice-best-path.cc:99) For utterance pp28-domotica3_command87, best cost 164.39 + -514.487 = -350.097 over 220 frames.
pp28-domotica3_command87 rolluiken neer 
LOG (lattice-best-path[5.5.569~1-6f329]:main():lattice-best-path.cc:99) For utterance pp28-domotica3_command88, best cost 209.604 + -586.883 = -377.279 over 278 frames.
pp28-domotica3_command88 uit in slaapkamer neer 
LOG (lattice-best-path[5.5.569~1-6f329]:main():lattice-best-path.cc:99) For utterance pp28-domotica3_command89, best cost 233.167 + -631.788 = -398.621 over 310 frames.
pp28-domotica3_command89 al slaapkamer 
LOG (lattice-best-path[5.5.569~1-6f329]:main():lattice-best-path.cc:99) For utterance pp28-domotica3_command9, best cost 216.733 + -643.263 = -426.53 over 278 frames.
pp28-domotica3_command9 rolluik omhoog in op stand twee 
LOG (lattice-best-path[5.5.569~1-6f329]:main():lattice-best-path.cc:99) For utterance pp28-domotica3_command90, best cost 244.859 + -663.141 = -418.282 over 310 frames.
pp28-domotica3_command90 rolluiken neer al de naar beneden 
LOG (lattice-best-path[5.5.569~1-6f329]:main():lattice-best-path.cc:99) For utterance pp28-domotica3_command91, best cost 218.644 + -573.195 = -354.551 over 278 frames.
pp28-domotica3_command91 al rolluik omhoog deur in living 
LOG (lattice-best-path[5.5.569~1-6f329]:main():lattice-best-path.cc:99) For utterance pp28-domotica3_command92, best cost 167.38 + -476.407 = -309.028 over 213 frames.
pp28-domotica3_command92 rolluiken neer neer 
LOG (lattice-best-path[5.5.569~1-6f329]:main():lattice-best-path.cc:99) For utterance pp28-domotica3_command93, best cost 212.971 + -565.5 = -352.53 over 266 frames.
pp28-domotica3_command93 al de omhoog in de lichten 
LOG (lattice-best-path[5.5.569~1-6f329]:main():lattice-best-path.cc:99) For utterance pp28-domotica3_command94, best cost 190.332 + -534.091 = -343.758 over 237 frames.
pp28-domotica3_command94 al de licht aan slaapkamer omhoog 
LOG (lattice-best-path[5.5.569~1-6f329]:main():lattice-best-path.cc:99) For utterance pp28-domotica3_command95, best cost 233.868 + -692.642 = -458.774 over 301 frames.
pp28-domotica3_command95 neer licht uit in slaapkamer 
LOG (lattice-best-path[5.5.569~1-6f329]:main():lattice-best-path.cc:99) For utterance pp28-domotica3_command96, best cost 188.173 + -588.514 = -400.341 over 251 frames.
pp28-domotica3_command96 staande lamp op een 
LOG (lattice-best-path[5.5.569~1-6f329]:main():lattice-best-path.cc:99) For utterance pp28-domotica3_command97, best cost 195.459 + -585.382 = -389.923 over 249 frames.
pp28-domotica3_command97 uit in lamp op drie 
LOG (lattice-scale[5.5.569~1-6f329]:main():lattice-scale.cc:107) Done 204 lattices.
LOG (lattice-best-path[5.5.569~1-6f329]:main():lattice-best-path.cc:99) For utterance pp28-domotica3_command98, best cost 182.33 + -557.906 = -375.575 over 229 frames.
pp28-domotica3_command98 uit in staande lamp op drie 
LOG (lattice-best-path[5.5.569~1-6f329]:main():lattice-best-path.cc:99) For utterance pp28-domotica3_command99, best cost 239.956 + -637.72 = -397.765 over 305 frames.
pp28-domotica3_command99 al de thermostaat op eenentwintig 
LOG (lattice-add-penalty[5.5.569~1-6f329]:main():lattice-add-penalty.cc:62) Done adding word insertion penalty to 204 lattices.
LOG (lattice-best-path[5.5.569~1-6f329]:main():lattice-best-path.cc:124) Overall cost per frame is -1.3921 = 0.777737 [graph] + -2.16984 [acoustic] over 52617 frames.
LOG (lattice-best-path[5.5.569~1-6f329]:main():lattice-best-path.cc:128) Done 204 lattices, failed for 0
# Accounting: time=0 threads=1
# Ended (code 0) at Tue Mar 23 10:11:46 CET 2021, elapsed time 0 seconds
