# nnet3-latgen-faster-parallel --num-threads=4 --online-ivectors=scp:exp/percgncopas5k/train/nnet3_s/ivectors_test_hires/ivector_online.scp --online-ivector-period=10 --frame-subsampling-factor=3 --frames-per-chunk=140 --extra-left-context=0 --extra-right-context=0 --extra-left-context-initial=-1 --extra-right-context-final=-1 --minimize=false --max-active=7000 --min-active=200 --beam=15.0 --lattice-beam=8.0 --acoustic-scale=1.0 --allow-partial=true --word-symbol-table=exp/percgncopas5k/chain_s/tree_sp/graph_5g_400k/words.txt exp/percgncopas5k/chain_s/tdnn1k_sp/final.mdl exp/percgncopas5k/chain_s/tree_sp/graph_5g_400k/HCLG.fst "ark,s,cs:apply-cmvn --norm-means=false --norm-vars=false --utt2spk=ark:data-percgncopas5k/test_hires/split1/1/utt2spk scp:data-percgncopas5k/test_hires/split1/1/cmvn.scp scp:data-percgncopas5k/test_hires/split1/1/feats.scp ark:- |" "ark:|lattice-scale --acoustic-scale=10.0 ark:- ark:- | gzip -c >exp/percgncopas5k/chain_s/tdnn1k_sp/decode_test_5g_400k/lat.1.gz" 
# Started at Tue Mar 23 09:58:31 CET 2021
#
nnet3-latgen-faster-parallel --num-threads=4 --online-ivectors=scp:exp/percgncopas5k/train/nnet3_s/ivectors_test_hires/ivector_online.scp --online-ivector-period=10 --frame-subsampling-factor=3 --frames-per-chunk=140 --extra-left-context=0 --extra-right-context=0 --extra-left-context-initial=-1 --extra-right-context-final=-1 --minimize=false --max-active=7000 --min-active=200 --beam=15.0 --lattice-beam=8.0 --acoustic-scale=1.0 --allow-partial=true --word-symbol-table=exp/percgncopas5k/chain_s/tree_sp/graph_5g_400k/words.txt exp/percgncopas5k/chain_s/tdnn1k_sp/final.mdl exp/percgncopas5k/chain_s/tree_sp/graph_5g_400k/HCLG.fst 'ark,s,cs:apply-cmvn --norm-means=false --norm-vars=false --utt2spk=ark:data-percgncopas5k/test_hires/split1/1/utt2spk scp:data-percgncopas5k/test_hires/split1/1/cmvn.scp scp:data-percgncopas5k/test_hires/split1/1/feats.scp ark:- |' 'ark:|lattice-scale --acoustic-scale=10.0 ark:- ark:- | gzip -c >exp/percgncopas5k/chain_s/tdnn1k_sp/decode_test_5g_400k/lat.1.gz' 
LOG (nnet3-latgen-faster-parallel[5.5.569~1-6f329]:RemoveOrphanNodes():nnet-nnet.cc:948) Removed 1 orphan nodes.
LOG (nnet3-latgen-faster-parallel[5.5.569~1-6f329]:RemoveOrphanComponents():nnet-nnet.cc:847) Removing 2 orphan components.
LOG (nnet3-latgen-faster-parallel[5.5.569~1-6f329]:Collapse():nnet-utils.cc:1472) Added 1 components, removed 2
lattice-scale --acoustic-scale=10.0 ark:- ark:- 
apply-cmvn --norm-means=false --norm-vars=false --utt2spk=ark:data-percgncopas5k/test_hires/split1/1/utt2spk scp:data-percgncopas5k/test_hires/split1/1/cmvn.scp scp:data-percgncopas5k/test_hires/split1/1/feats.scp ark:- 
LOG (nnet3-latgen-faster-parallel[5.5.569~1-6f329]:CheckAndFixConfigs():nnet-am-decodable-simple.cc:294) Increasing --frames-per-chunk from 140 to 141 to make it a multiple of --frame-subsampling-factor=3
pp41-domotica3_command1 op drie 
LOG (nnet3-latgen-faster-parallel[5.5.569~1-6f329]:~DecodeUtteranceLatticeFasterClass():decoder-wrappers.cc:180) Log-like per frame for utterance pp41-domotica3_command1 is 0.955714 over 255 frames.
LOG (nnet3-latgen-faster-parallel[5.5.569~1-6f329]:~CachingOptimizingCompiler():nnet-optimize.cc:710) 0.0569 seconds taken in nnet3 compilation total (breakdown: 0.0438 compilation, 0.00782 optimization, 0 shortcut expansion, 0.00163 checking, 4.29e-06 computing indexes, 0.00363 misc.) + 0 I/O.
pp41-domotica3_command100 uit in de op een 
LOG (nnet3-latgen-faster-parallel[5.5.569~1-6f329]:~DecodeUtteranceLatticeFasterClass():decoder-wrappers.cc:180) Log-like per frame for utterance pp41-domotica3_command100 is 1.18453 over 287 frames.
LOG (nnet3-latgen-faster-parallel[5.5.569~1-6f329]:~CachingOptimizingCompiler():nnet-optimize.cc:710) 0.0492 seconds taken in nnet3 compilation total (breakdown: 0.0381 compilation, 0.00717 optimization, 0 shortcut expansion, 0.00151 checking, 4.77e-06 computing indexes, 0.00245 misc.) + 0 I/O.
pp41-domotica3_command101 uit op stand drie 
LOG (nnet3-latgen-faster-parallel[5.5.569~1-6f329]:~DecodeUtteranceLatticeFasterClass():decoder-wrappers.cc:180) Log-like per frame for utterance pp41-domotica3_command101 is 1.2624 over 334 frames.
LOG (nnet3-latgen-faster-parallel[5.5.569~1-6f329]:~CachingOptimizingCompiler():nnet-optimize.cc:710) 0.0568 seconds taken in nnet3 compilation total (breakdown: 0.0446 compilation, 0.00752 optimization, 0 shortcut expansion, 0.00166 checking, 5.96e-06 computing indexes, 0.00295 misc.) + 0 I/O.
pp41-domotica3_command102 steek het lampje aan 
LOG (nnet3-latgen-faster-parallel[5.5.569~1-6f329]:~DecodeUtteranceLatticeFasterClass():decoder-wrappers.cc:180) Log-like per frame for utterance pp41-domotica3_command102 is 1.245 over 351 frames.
LOG (nnet3-latgen-faster-parallel[5.5.569~1-6f329]:~CachingOptimizingCompiler():nnet-optimize.cc:710) 0.0802 seconds taken in nnet3 compilation total (breakdown: 0.0641 compilation, 0.00909 optimization, 0 shortcut expansion, 0.00176 checking, 3.1e-06 computing indexes, 0.00527 misc.) + 0 I/O.
pp41-domotica3_command103 rolluiken van de slaapkamer dicht 
LOG (nnet3-latgen-faster-parallel[5.5.569~1-6f329]:~DecodeUtteranceLatticeFasterClass():decoder-wrappers.cc:180) Log-like per frame for utterance pp41-domotica3_command103 is 1.14245 over 415 frames.
LOG (nnet3-latgen-faster-parallel[5.5.569~1-6f329]:~CachingOptimizingCompiler():nnet-optimize.cc:710) 0.103 seconds taken in nnet3 compilation total (breakdown: 0.0845 compilation, 0.01 optimization, 0 shortcut expansion, 0.00195 checking, 4.77e-06 computing indexes, 0.00674 misc.) + 0 I/O.
pp41-domotica3_command104 slaapkamer open 
LOG (nnet3-latgen-faster-parallel[5.5.569~1-6f329]:~DecodeUtteranceLatticeFasterClass():decoder-wrappers.cc:180) Log-like per frame for utterance pp41-domotica3_command104 is 1.08268 over 395 frames.
LOG (nnet3-latgen-faster-parallel[5.5.569~1-6f329]:~CachingOptimizingCompiler():nnet-optimize.cc:710) 0.0799 seconds taken in nnet3 compilation total (breakdown: 0.0634 compilation, 0.00995 optimization, 0 shortcut expansion, 0.0021 checking, 4.29e-06 computing indexes, 0.00448 misc.) + 0 I/O.
pp41-domotica3_command105 doe het licht 
LOG (nnet3-latgen-faster-parallel[5.5.569~1-6f329]:~DecodeUtteranceLatticeFasterClass():decoder-wrappers.cc:180) Log-like per frame for utterance pp41-domotica3_command105 is 1.06317 over 355 frames.
LOG (nnet3-latgen-faster-parallel[5.5.569~1-6f329]:~CachingOptimizingCompiler():nnet-optimize.cc:710) 0.0903 seconds taken in nnet3 compilation total (breakdown: 0.0696 compilation, 0.0121 optimization, 0 shortcut expansion, 0.0024 checking, 5.72e-06 computing indexes, 0.00628 misc.) + 0 I/O.
pp41-domotica3_command106 rolluik van de open 
LOG (nnet3-latgen-faster-parallel[5.5.569~1-6f329]:~DecodeUtteranceLatticeFasterClass():decoder-wrappers.cc:180) Log-like per frame for utterance pp41-domotica3_command106 is 1.16402 over 392 frames.
LOG (nnet3-latgen-faster-parallel[5.5.569~1-6f329]:~CachingOptimizingCompiler():nnet-optimize.cc:710) 0.0813 seconds taken in nnet3 compilation total (breakdown: 0.0638 compilation, 0.0103 optimization, 0 shortcut expansion, 0.00205 checking, 4.29e-06 computing indexes, 0.00503 misc.) + 0 I/O.
pp41-domotica3_command107 uit dicht 
LOG (nnet3-latgen-faster-parallel[5.5.569~1-6f329]:~DecodeUtteranceLatticeFasterClass():decoder-wrappers.cc:180) Log-like per frame for utterance pp41-domotica3_command107 is 1.18991 over 253 frames.
LOG (nnet3-latgen-faster-parallel[5.5.569~1-6f329]:~CachingOptimizingCompiler():nnet-optimize.cc:710) 0.0781 seconds taken in nnet3 compilation total (breakdown: 0.0617 compilation, 0.00963 optimization, 0 shortcut expansion, 0.002 checking, 6.2e-06 computing indexes, 0.00477 misc.) + 0 I/O.
pp41-domotica3_command108 uit rolluik woonkamer omhoog 
LOG (nnet3-latgen-faster-parallel[5.5.569~1-6f329]:~DecodeUtteranceLatticeFasterClass():decoder-wrappers.cc:180) Log-like per frame for utterance pp41-domotica3_command108 is 1.09153 over 421 frames.
LOG (nnet3-latgen-faster-parallel[5.5.569~1-6f329]:~CachingOptimizingCompiler():nnet-optimize.cc:710) 0.0962 seconds taken in nnet3 compilation total (breakdown: 0.0814 compilation, 0.00736 optimization, 0 shortcut expansion, 0.00141 checking, 4.05e-06 computing indexes, 0.00604 misc.) + 0 I/O.
pp41-domotica3_command109 steek het licht aan 
LOG (nnet3-latgen-faster-parallel[5.5.569~1-6f329]:~DecodeUtteranceLatticeFasterClass():decoder-wrappers.cc:180) Log-like per frame for utterance pp41-domotica3_command109 is 1.19378 over 363 frames.
LOG (nnet3-latgen-faster-parallel[5.5.569~1-6f329]:~CachingOptimizingCompiler():nnet-optimize.cc:710) 0.0881 seconds taken in nnet3 compilation total (breakdown: 0.0725 compilation, 0.0087 optimization, 0 shortcut expansion, 0.0016 checking, 6.2e-06 computing indexes, 0.00521 misc.) + 0 I/O.
pp41-domotica3_command11 gordijnen dicht 
LOG (nnet3-latgen-faster-parallel[5.5.569~1-6f329]:~DecodeUtteranceLatticeFasterClass():decoder-wrappers.cc:180) Log-like per frame for utterance pp41-domotica3_command11 is 1.15432 over 407 frames.
LOG (nnet3-latgen-faster-parallel[5.5.569~1-6f329]:~CachingOptimizingCompiler():nnet-optimize.cc:710) 0.0734 seconds taken in nnet3 compilation total (breakdown: 0.0575 compilation, 0.00869 optimization, 0 shortcut expansion, 0.00176 checking, 2.15e-06 computing indexes, 0.00541 misc.) + 0 I/O.
pp41-domotica3_command110 sluiten 
LOG (nnet3-latgen-faster-parallel[5.5.569~1-6f329]:~DecodeUtteranceLatticeFasterClass():decoder-wrappers.cc:180) Log-like per frame for utterance pp41-domotica3_command110 is 1.24078 over 385 frames.
LOG (nnet3-latgen-faster-parallel[5.5.569~1-6f329]:~CachingOptimizingCompiler():nnet-optimize.cc:710) 0.0757 seconds taken in nnet3 compilation total (breakdown: 0.0595 compilation, 0.00951 optimization, 0 shortcut expansion, 0.00189 checking, 5.01e-06 computing indexes, 0.00477 misc.) + 0 I/O.
pp41-domotica3_command111 op een 
LOG (nnet3-latgen-faster-parallel[5.5.569~1-6f329]:~DecodeUtteranceLatticeFasterClass():decoder-wrappers.cc:180) Log-like per frame for utterance pp41-domotica3_command111 is 1.27888 over 278 frames.
LOG (nnet3-latgen-faster-parallel[5.5.569~1-6f329]:~CachingOptimizingCompiler():nnet-optimize.cc:710) 0.0917 seconds taken in nnet3 compilation total (breakdown: 0.0741 compilation, 0.00968 optimization, 0 shortcut expansion, 0.00171 checking, 4.05e-06 computing indexes, 0.00623 misc.) + 0 I/O.
pp41-domotica3_command112 staande lamp op een 
LOG (nnet3-latgen-faster-parallel[5.5.569~1-6f329]:~DecodeUtteranceLatticeFasterClass():decoder-wrappers.cc:180) Log-like per frame for utterance pp41-domotica3_command112 is 1.13313 over 256 frames.
LOG (nnet3-latgen-faster-parallel[5.5.569~1-6f329]:~CachingOptimizingCompiler():nnet-optimize.cc:710) 0.078 seconds taken in nnet3 compilation total (breakdown: 0.061 compilation, 0.00971 optimization, 0 shortcut expansion, 0.00197 checking, 5.25e-06 computing indexes, 0.0054 misc.) + 0 I/O.
pp41-domotica3_command113 uit in graden op drie 
LOG (nnet3-latgen-faster-parallel[5.5.569~1-6f329]:~DecodeUtteranceLatticeFasterClass():decoder-wrappers.cc:180) Log-like per frame for utterance pp41-domotica3_command113 is 1.17988 over 280 frames.
LOG (nnet3-latgen-faster-parallel[5.5.569~1-6f329]:~CachingOptimizingCompiler():nnet-optimize.cc:710) 0.097 seconds taken in nnet3 compilation total (breakdown: 0.0795 compilation, 0.00943 optimization, 0 shortcut expansion, 0.0018 checking, 5.01e-06 computing indexes, 0.00626 misc.) + 0 I/O.
pp41-domotica3_command114 ik wil woonkamer graden in de woonkamer 
LOG (nnet3-latgen-faster-parallel[5.5.569~1-6f329]:~DecodeUtteranceLatticeFasterClass():decoder-wrappers.cc:180) Log-like per frame for utterance pp41-domotica3_command114 is 1.04454 over 355 frames.
LOG (nnet3-latgen-faster-parallel[5.5.569~1-6f329]:~CachingOptimizingCompiler():nnet-optimize.cc:710) 0.0612 seconds taken in nnet3 compilation total (breakdown: 0.0487 compilation, 0.00718 optimization, 0 shortcut expansion, 0.00148 checking, 4.05e-06 computing indexes, 0.00389 misc.) + 0 I/O.
pp41-domotica3_command115 voordeur sluiten 
LOG (nnet3-latgen-faster-parallel[5.5.569~1-6f329]:~DecodeUtteranceLatticeFasterClass():decoder-wrappers.cc:180) Log-like per frame for utterance pp41-domotica3_command115 is 1.11088 over 249 frames.
LOG (nnet3-latgen-faster-parallel[5.5.569~1-6f329]:~CachingOptimizingCompiler():nnet-optimize.cc:710) 0.0552 seconds taken in nnet3 compilation total (breakdown: 0.0433 compilation, 0.00731 optimization, 0 shortcut expansion, 0.0015 checking, 3.1e-06 computing indexes, 0.00317 misc.) + 0 I/O.
pp41-domotica3_command116 
LOG (nnet3-latgen-faster-parallel[5.5.569~1-6f329]:~DecodeUtteranceLatticeFasterClass():decoder-wrappers.cc:180) Log-like per frame for utterance pp41-domotica3_command116 is 1.03267 over 245 frames.
LOG (nnet3-latgen-faster-parallel[5.5.569~1-6f329]:~CachingOptimizingCompiler():nnet-optimize.cc:710) 0.0723 seconds taken in nnet3 compilation total (breakdown: 0.0566 compilation, 0.00959 optimization, 0 shortcut expansion, 0.00195 checking, 7.15e-06 computing indexes, 0.00418 misc.) + 0 I/O.
pp41-domotica3_command117 uit in de alle lichten uit 
LOG (nnet3-latgen-faster-parallel[5.5.569~1-6f329]:~DecodeUtteranceLatticeFasterClass():decoder-wrappers.cc:180) Log-like per frame for utterance pp41-domotica3_command117 is 1.17536 over 328 frames.
LOG (nnet3-latgen-faster-parallel[5.5.569~1-6f329]:~CachingOptimizingCompiler():nnet-optimize.cc:710) 0.0927 seconds taken in nnet3 compilation total (breakdown: 0.076 compilation, 0.00924 optimization, 0 shortcut expansion, 0.00168 checking, 4.05e-06 computing indexes, 0.00582 misc.) + 0 I/O.
pp41-domotica3_command118 het licht 
LOG (nnet3-latgen-faster-parallel[5.5.569~1-6f329]:~DecodeUtteranceLatticeFasterClass():decoder-wrappers.cc:180) Log-like per frame for utterance pp41-domotica3_command118 is 1.17582 over 309 frames.
LOG (nnet3-latgen-faster-parallel[5.5.569~1-6f329]:~CachingOptimizingCompiler():nnet-optimize.cc:710) 0.0641 seconds taken in nnet3 compilation total (breakdown: 0.0519 compilation, 0.00728 optimization, 0 shortcut expansion, 0.00148 checking, 4.05e-06 computing indexes, 0.0035 misc.) + 0 I/O.
pp41-domotica3_command119 deur van de badkamer open 
LOG (nnet3-latgen-faster-parallel[5.5.569~1-6f329]:~DecodeUtteranceLatticeFasterClass():decoder-wrappers.cc:180) Log-like per frame for utterance pp41-domotica3_command119 is 1.15355 over 318 frames.
LOG (nnet3-latgen-faster-parallel[5.5.569~1-6f329]:~CachingOptimizingCompiler():nnet-optimize.cc:710) 0.0784 seconds taken in nnet3 compilation total (breakdown: 0.0659 compilation, 0.00696 optimization, 0 shortcut expansion, 0.00128 checking, 4.05e-06 computing indexes, 0.00422 misc.) + 0 I/O.
pp41-domotica3_command12 uit woonkamer open 
LOG (nnet3-latgen-faster-parallel[5.5.569~1-6f329]:~DecodeUtteranceLatticeFasterClass():decoder-wrappers.cc:180) Log-like per frame for utterance pp41-domotica3_command12 is 1.07771 over 369 frames.
LOG (nnet3-latgen-faster-parallel[5.5.569~1-6f329]:~CachingOptimizingCompiler():nnet-optimize.cc:710) 0.11 seconds taken in nnet3 compilation total (breakdown: 0.0902 compilation, 0.0106 optimization, 0 shortcut expansion, 0.00199 checking, 4.77e-06 computing indexes, 0.00731 misc.) + 0 I/O.
pp41-domotica3_command120 uit in steek het licht van de badkamer aan 
LOG (nnet3-latgen-faster-parallel[5.5.569~1-6f329]:~DecodeUtteranceLatticeFasterClass():decoder-wrappers.cc:180) Log-like per frame for utterance pp41-domotica3_command120 is 1.29665 over 362 frames.
LOG (nnet3-latgen-faster-parallel[5.5.569~1-6f329]:~CachingOptimizingCompiler():nnet-optimize.cc:710) 0.0771 seconds taken in nnet3 compilation total (breakdown: 0.0626 compilation, 0.0087 optimization, 0 shortcut expansion, 0.00161 checking, 4.77e-06 computing indexes, 0.00425 misc.) + 0 I/O.
pp41-domotica3_command121 hoofdeinde op een 
LOG (nnet3-latgen-faster-parallel[5.5.569~1-6f329]:~DecodeUtteranceLatticeFasterClass():decoder-wrappers.cc:180) Log-like per frame for utterance pp41-domotica3_command121 is 1.17156 over 313 frames.
LOG (nnet3-latgen-faster-parallel[5.5.569~1-6f329]:~CachingOptimizingCompiler():nnet-optimize.cc:710) 0.0645 seconds taken in nnet3 compilation total (breakdown: 0.0513 compilation, 0.00729 optimization, 0 shortcut expansion, 0.0014 checking, 4.05e-06 computing indexes, 0.0045 misc.) + 0 I/O.
pp41-domotica3_command122 lamp op een 
LOG (nnet3-latgen-faster-parallel[5.5.569~1-6f329]:~DecodeUtteranceLatticeFasterClass():decoder-wrappers.cc:180) Log-like per frame for utterance pp41-domotica3_command122 is 1.18072 over 304 frames.
LOG (nnet3-latgen-faster-parallel[5.5.569~1-6f329]:~CachingOptimizingCompiler():nnet-optimize.cc:710) 0.0892 seconds taken in nnet3 compilation total (breakdown: 0.071 compilation, 0.01 optimization, 0 shortcut expansion, 0.00215 checking, 4.05e-06 computing indexes, 0.00601 misc.) + 0 I/O.
pp41-domotica3_command123 hoofdeinde op stand drie 
LOG (nnet3-latgen-faster-parallel[5.5.569~1-6f329]:~DecodeUtteranceLatticeFasterClass():decoder-wrappers.cc:180) Log-like per frame for utterance pp41-domotica3_command123 is 1.15251 over 292 frames.
LOG (nnet3-latgen-faster-parallel[5.5.569~1-6f329]:~CachingOptimizingCompiler():nnet-optimize.cc:710) 0.0672 seconds taken in nnet3 compilation total (breakdown: 0.0531 compilation, 0.0088 optimization, 0 shortcut expansion, 0.00174 checking, 5.25e-06 computing indexes, 0.00358 misc.) + 0 I/O.
pp41-domotica3_command124 steek het licht in de keuken aan 
LOG (nnet3-latgen-faster-parallel[5.5.569~1-6f329]:~DecodeUtteranceLatticeFasterClass():decoder-wrappers.cc:180) Log-like per frame for utterance pp41-domotica3_command124 is 1.31659 over 387 frames.
LOG (nnet3-latgen-faster-parallel[5.5.569~1-6f329]:~CachingOptimizingCompiler():nnet-optimize.cc:710) 0.0726 seconds taken in nnet3 compilation total (breakdown: 0.0567 compilation, 0.00922 optimization, 0 shortcut expansion, 0.00183 checking, 5.01e-06 computing indexes, 0.00486 misc.) + 0 I/O.
pp41-domotica3_command126 deur van de slaapkamer dicht 
LOG (nnet3-latgen-faster-parallel[5.5.569~1-6f329]:~DecodeUtteranceLatticeFasterClass():decoder-wrappers.cc:180) Log-like per frame for utterance pp41-domotica3_command126 is 1.05114 over 431 frames.
LOG (nnet3-latgen-faster-parallel[5.5.569~1-6f329]:~CachingOptimizingCompiler():nnet-optimize.cc:710) 0.0711 seconds taken in nnet3 compilation total (breakdown: 0.0565 compilation, 0.00885 optimization, 0 shortcut expansion, 0.00175 checking, 3.1e-06 computing indexes, 0.004 misc.) + 0 I/O.
pp41-domotica3_command127 slaapkamer open 
LOG (nnet3-latgen-faster-parallel[5.5.569~1-6f329]:~DecodeUtteranceLatticeFasterClass():decoder-wrappers.cc:180) Log-like per frame for utterance pp41-domotica3_command127 is 1.13453 over 401 frames.
LOG (nnet3-latgen-faster-parallel[5.5.569~1-6f329]:~CachingOptimizingCompiler():nnet-optimize.cc:710) 0.0784 seconds taken in nnet3 compilation total (breakdown: 0.0638 compilation, 0.00769 optimization, 0 shortcut expansion, 0.00181 checking, 4.77e-06 computing indexes, 0.00506 misc.) + 0 I/O.
pp41-domotica3_command128 uit op drie 
LOG (nnet3-latgen-faster-parallel[5.5.569~1-6f329]:~DecodeUtteranceLatticeFasterClass():decoder-wrappers.cc:180) Log-like per frame for utterance pp41-domotica3_command128 is 1.19896 over 413 frames.
LOG (nnet3-latgen-faster-parallel[5.5.569~1-6f329]:~CachingOptimizingCompiler():nnet-optimize.cc:710) 0.117 seconds taken in nnet3 compilation total (breakdown: 0.0944 compilation, 0.0125 optimization, 0 shortcut expansion, 0.00236 checking, 7.15e-06 computing indexes, 0.00825 misc.) + 0 I/O.
pp41-domotica3_command129 rolluik van open 
LOG (nnet3-latgen-faster-parallel[5.5.569~1-6f329]:~DecodeUtteranceLatticeFasterClass():decoder-wrappers.cc:180) Log-like per frame for utterance pp41-domotica3_command129 is 1.14874 over 425 frames.
LOG (nnet3-latgen-faster-parallel[5.5.569~1-6f329]:~CachingOptimizingCompiler():nnet-optimize.cc:710) 0.0491 seconds taken in nnet3 compilation total (breakdown: 0.0382 compilation, 0.00709 optimization, 0 shortcut expansion, 0.00131 checking, 4.05e-06 computing indexes, 0.00251 misc.) + 0 I/O.
pp41-domotica3_command13 van de dicht 
LOG (nnet3-latgen-faster-parallel[5.5.569~1-6f329]:~DecodeUtteranceLatticeFasterClass():decoder-wrappers.cc:180) Log-like per frame for utterance pp41-domotica3_command13 is 1.13507 over 412 frames.
LOG (nnet3-latgen-faster-parallel[5.5.569~1-6f329]:~CachingOptimizingCompiler():nnet-optimize.cc:710) 0.0775 seconds taken in nnet3 compilation total (breakdown: 0.0637 compilation, 0.00748 optimization, 0 shortcut expansion, 0.00129 checking, 5.01e-06 computing indexes, 0.005 misc.) + 0 I/O.
pp41-domotica3_command130 dicht 
LOG (nnet3-latgen-faster-parallel[5.5.569~1-6f329]:~DecodeUtteranceLatticeFasterClass():decoder-wrappers.cc:180) Log-like per frame for utterance pp41-domotica3_command130 is 1.32851 over 257 frames.
LOG (nnet3-latgen-faster-parallel[5.5.569~1-6f329]:~CachingOptimizingCompiler():nnet-optimize.cc:710) 0.0621 seconds taken in nnet3 compilation total (breakdown: 0.0495 compilation, 0.00739 optimization, 0 shortcut expansion, 0.00157 checking, 1.91e-06 computing indexes, 0.00366 misc.) + 0 I/O.
pp41-domotica3_command131 rolluik van de woonkamer omhoog 
LOG (nnet3-latgen-faster-parallel[5.5.569~1-6f329]:~DecodeUtteranceLatticeFasterClass():decoder-wrappers.cc:180) Log-like per frame for utterance pp41-domotica3_command131 is 1.03935 over 404 frames.
LOG (nnet3-latgen-faster-parallel[5.5.569~1-6f329]:~CachingOptimizingCompiler():nnet-optimize.cc:710) 0.0636 seconds taken in nnet3 compilation total (breakdown: 0.0511 compilation, 0.00715 optimization, 0 shortcut expansion, 0.00144 checking, 5.01e-06 computing indexes, 0.00397 misc.) + 0 I/O.
pp41-domotica3_command132 steek het licht aan 
LOG (nnet3-latgen-faster-parallel[5.5.569~1-6f329]:~DecodeUtteranceLatticeFasterClass():decoder-wrappers.cc:180) Log-like per frame for utterance pp41-domotica3_command132 is 1.09438 over 370 frames.
LOG (nnet3-latgen-faster-parallel[5.5.569~1-6f329]:~CachingOptimizingCompiler():nnet-optimize.cc:710) 0.07 seconds taken in nnet3 compilation total (breakdown: 0.0575 compilation, 0.00685 optimization, 0 shortcut expansion, 0.00146 checking, 5.01e-06 computing indexes, 0.00423 misc.) + 0 I/O.
pp41-domotica3_command133 het licht aan 
LOG (nnet3-latgen-faster-parallel[5.5.569~1-6f329]:~DecodeUtteranceLatticeFasterClass():decoder-wrappers.cc:180) Log-like per frame for utterance pp41-domotica3_command133 is 1.05048 over 368 frames.
LOG (nnet3-latgen-faster-parallel[5.5.569~1-6f329]:~CachingOptimizingCompiler():nnet-optimize.cc:710) 0.0732 seconds taken in nnet3 compilation total (breakdown: 0.0591 compilation, 0.00714 optimization, 0 shortcut expansion, 0.00133 checking, 5.25e-06 computing indexes, 0.00568 misc.) + 0 I/O.
pp41-domotica3_command134 keuken aan op een 
LOG (nnet3-latgen-faster-parallel[5.5.569~1-6f329]:~DecodeUtteranceLatticeFasterClass():decoder-wrappers.cc:180) Log-like per frame for utterance pp41-domotica3_command134 is 1.30152 over 301 frames.
LOG (nnet3-latgen-faster-parallel[5.5.569~1-6f329]:~CachingOptimizingCompiler():nnet-optimize.cc:710) 0.0774 seconds taken in nnet3 compilation total (breakdown: 0.0625 compilation, 0.00888 optimization, 0 shortcut expansion, 0.00184 checking, 3.81e-06 computing indexes, 0.00425 misc.) + 0 I/O.
pp41-domotica3_command135 op drie 
LOG (nnet3-latgen-faster-parallel[5.5.569~1-6f329]:~DecodeUtteranceLatticeFasterClass():decoder-wrappers.cc:180) Log-like per frame for utterance pp41-domotica3_command135 is 1.2243 over 281 frames.
LOG (nnet3-latgen-faster-parallel[5.5.569~1-6f329]:~CachingOptimizingCompiler():nnet-optimize.cc:710) 0.106 seconds taken in nnet3 compilation total (breakdown: 0.0888 compilation, 0.00881 optimization, 0 shortcut expansion, 0.00166 checking, 3.1e-06 computing indexes, 0.00631 misc.) + 0 I/O.
pp41-domotica3_command136 graden op drie 
LOG (nnet3-latgen-faster-parallel[5.5.569~1-6f329]:~DecodeUtteranceLatticeFasterClass():decoder-wrappers.cc:180) Log-like per frame for utterance pp41-domotica3_command136 is 1.1561 over 281 frames.
LOG (nnet3-latgen-faster-parallel[5.5.569~1-6f329]:~CachingOptimizingCompiler():nnet-optimize.cc:710) 0.115 seconds taken in nnet3 compilation total (breakdown: 0.0936 compilation, 0.012 optimization, 0 shortcut expansion, 0.00202 checking, 4.77e-06 computing indexes, 0.00759 misc.) + 0 I/O.
pp41-domotica3_command137 in de woonkamer 
LOG (nnet3-latgen-faster-parallel[5.5.569~1-6f329]:~DecodeUtteranceLatticeFasterClass():decoder-wrappers.cc:180) Log-like per frame for utterance pp41-domotica3_command137 is 1.06702 over 431 frames.
LOG (nnet3-latgen-faster-parallel[5.5.569~1-6f329]:~CachingOptimizingCompiler():nnet-optimize.cc:710) 0.0495 seconds taken in nnet3 compilation total (breakdown: 0.039 compilation, 0.0068 optimization, 0 shortcut expansion, 0.00128 checking, 3.81e-06 computing indexes, 0.00241 misc.) + 0 I/O.
pp41-domotica3_command138 voordeur sluiten 
LOG (nnet3-latgen-faster-parallel[5.5.569~1-6f329]:~DecodeUtteranceLatticeFasterClass():decoder-wrappers.cc:180) Log-like per frame for utterance pp41-domotica3_command138 is 1.08562 over 303 frames.
LOG (nnet3-latgen-faster-parallel[5.5.569~1-6f329]:~CachingOptimizingCompiler():nnet-optimize.cc:710) 0.0775 seconds taken in nnet3 compilation total (breakdown: 0.0624 compilation, 0.00866 optimization, 0 shortcut expansion, 0.00171 checking, 4.05e-06 computing indexes, 0.0047 misc.) + 0 I/O.
pp41-domotica3_command139 alle de deur openen 
LOG (nnet3-latgen-faster-parallel[5.5.569~1-6f329]:~DecodeUtteranceLatticeFasterClass():decoder-wrappers.cc:180) Log-like per frame for utterance pp41-domotica3_command139 is 1.18377 over 264 frames.
LOG (nnet3-latgen-faster-parallel[5.5.569~1-6f329]:~CachingOptimizingCompiler():nnet-optimize.cc:710) 0.0905 seconds taken in nnet3 compilation total (breakdown: 0.075 compilation, 0.0087 optimization, 0 shortcut expansion, 0.00161 checking, 5.25e-06 computing indexes, 0.00515 misc.) + 0 I/O.
pp41-domotica3_command14 uit open 
LOG (nnet3-latgen-faster-parallel[5.5.569~1-6f329]:~DecodeUtteranceLatticeFasterClass():decoder-wrappers.cc:180) Log-like per frame for utterance pp41-domotica3_command14 is 1.15773 over 399 frames.
LOG (nnet3-latgen-faster-parallel[5.5.569~1-6f329]:~CachingOptimizingCompiler():nnet-optimize.cc:710) 0.0858 seconds taken in nnet3 compilation total (breakdown: 0.0688 compilation, 0.00966 optimization, 0 shortcut expansion, 0.00205 checking, 4.77e-06 computing indexes, 0.00532 misc.) + 0 I/O.
pp41-domotica3_command140 alle lichten uit 
LOG (nnet3-latgen-faster-parallel[5.5.569~1-6f329]:~DecodeUtteranceLatticeFasterClass():decoder-wrappers.cc:180) Log-like per frame for utterance pp41-domotica3_command140 is 1.34438 over 416 frames.
LOG (nnet3-latgen-faster-parallel[5.5.569~1-6f329]:~CachingOptimizingCompiler():nnet-optimize.cc:710) 0.0718 seconds taken in nnet3 compilation total (breakdown: 0.0592 compilation, 0.00702 optimization, 0 shortcut expansion, 0.0013 checking, 4.05e-06 computing indexes, 0.00433 misc.) + 0 I/O.
pp41-domotica3_command141 het licht 
LOG (nnet3-latgen-faster-parallel[5.5.569~1-6f329]:~DecodeUtteranceLatticeFasterClass():decoder-wrappers.cc:180) Log-like per frame for utterance pp41-domotica3_command141 is 1.17238 over 321 frames.
LOG (nnet3-latgen-faster-parallel[5.5.569~1-6f329]:~CachingOptimizingCompiler():nnet-optimize.cc:710) 0.109 seconds taken in nnet3 compilation total (breakdown: 0.0888 compilation, 0.00985 optimization, 0 shortcut expansion, 0.0019 checking, 5.96e-06 computing indexes, 0.00819 misc.) + 0 I/O.
pp41-domotica3_command142 de badkamer open 
LOG (nnet3-latgen-faster-parallel[5.5.569~1-6f329]:~DecodeUtteranceLatticeFasterClass():decoder-wrappers.cc:180) Log-like per frame for utterance pp41-domotica3_command142 is 1.16696 over 385 frames.
LOG (nnet3-latgen-faster-parallel[5.5.569~1-6f329]:~CachingOptimizingCompiler():nnet-optimize.cc:710) 0.0803 seconds taken in nnet3 compilation total (breakdown: 0.0621 compilation, 0.0104 optimization, 0 shortcut expansion, 0.00192 checking, 5.96e-06 computing indexes, 0.00586 misc.) + 0 I/O.
pp41-domotica3_command143 steek het licht van het 
LOG (nnet3-latgen-faster-parallel[5.5.569~1-6f329]:~DecodeUtteranceLatticeFasterClass():decoder-wrappers.cc:180) Log-like per frame for utterance pp41-domotica3_command143 is 1.31911 over 403 frames.
LOG (nnet3-latgen-faster-parallel[5.5.569~1-6f329]:~CachingOptimizingCompiler():nnet-optimize.cc:710) 0.0993 seconds taken in nnet3 compilation total (breakdown: 0.0793 compilation, 0.0116 optimization, 0 shortcut expansion, 0.00225 checking, 5.96e-06 computing indexes, 0.00611 misc.) + 0 I/O.
pp41-domotica3_command144 op een 
LOG (nnet3-latgen-faster-parallel[5.5.569~1-6f329]:~DecodeUtteranceLatticeFasterClass():decoder-wrappers.cc:180) Log-like per frame for utterance pp41-domotica3_command144 is 1.25311 over 365 frames.
LOG (nnet3-latgen-faster-parallel[5.5.569~1-6f329]:~CachingOptimizingCompiler():nnet-optimize.cc:710) 0.0867 seconds taken in nnet3 compilation total (breakdown: 0.0684 compilation, 0.00976 optimization, 0 shortcut expansion, 0.00171 checking, 5.01e-06 computing indexes, 0.00686 misc.) + 0 I/O.
pp41-domotica3_command145 op stand een 
LOG (nnet3-latgen-faster-parallel[5.5.569~1-6f329]:~DecodeUtteranceLatticeFasterClass():decoder-wrappers.cc:180) Log-like per frame for utterance pp41-domotica3_command145 is 1.15723 over 303 frames.
LOG (nnet3-latgen-faster-parallel[5.5.569~1-6f329]:~CachingOptimizingCompiler():nnet-optimize.cc:710) 0.0858 seconds taken in nnet3 compilation total (breakdown: 0.067 compilation, 0.0101 optimization, 0 shortcut expansion, 0.00212 checking, 5.25e-06 computing indexes, 0.00647 misc.) + 0 I/O.
pp41-domotica3_command146 uit op stand drie 
LOG (nnet3-latgen-faster-parallel[5.5.569~1-6f329]:~DecodeUtteranceLatticeFasterClass():decoder-wrappers.cc:180) Log-like per frame for utterance pp41-domotica3_command146 is 1.14754 over 326 frames.
LOG (nnet3-latgen-faster-parallel[5.5.569~1-6f329]:~CachingOptimizingCompiler():nnet-optimize.cc:710) 0.101 seconds taken in nnet3 compilation total (breakdown: 0.0825 compilation, 0.00942 optimization, 0 shortcut expansion, 0.00179 checking, 4.05e-06 computing indexes, 0.00721 misc.) + 0 I/O.
pp41-domotica3_command148 steek het ik keuken aan 
LOG (nnet3-latgen-faster-parallel[5.5.569~1-6f329]:~DecodeUtteranceLatticeFasterClass():decoder-wrappers.cc:180) Log-like per frame for utterance pp41-domotica3_command148 is 1.37363 over 386 frames.
LOG (nnet3-latgen-faster-parallel[5.5.569~1-6f329]:~CachingOptimizingCompiler():nnet-optimize.cc:710) 0.0544 seconds taken in nnet3 compilation total (breakdown: 0.0432 compilation, 0.00699 optimization, 0 shortcut expansion, 0.00137 checking, 4.29e-06 computing indexes, 0.00286 misc.) + 0 I/O.
pp41-domotica3_command149 dicht 
LOG (nnet3-latgen-faster-parallel[5.5.569~1-6f329]:~DecodeUtteranceLatticeFasterClass():decoder-wrappers.cc:180) Log-like per frame for utterance pp41-domotica3_command149 is 1.15313 over 384 frames.
LOG (nnet3-latgen-faster-parallel[5.5.569~1-6f329]:~CachingOptimizingCompiler():nnet-optimize.cc:710) 0.0565 seconds taken in nnet3 compilation total (breakdown: 0.0436 compilation, 0.00766 optimization, 0 shortcut expansion, 0.00169 checking, 4.29e-06 computing indexes, 0.00357 misc.) + 0 I/O.
pp41-domotica3_command15 uit in de dicht 
LOG (nnet3-latgen-faster-parallel[5.5.569~1-6f329]:~DecodeUtteranceLatticeFasterClass():decoder-wrappers.cc:180) Log-like per frame for utterance pp41-domotica3_command15 is 1.06965 over 303 frames.
LOG (nnet3-latgen-faster-parallel[5.5.569~1-6f329]:~CachingOptimizingCompiler():nnet-optimize.cc:710) 0.0804 seconds taken in nnet3 compilation total (breakdown: 0.0641 compilation, 0.00919 optimization, 0 shortcut expansion, 0.00197 checking, 4.77e-06 computing indexes, 0.00512 misc.) + 0 I/O.
pp41-domotica3_command150 rolluik van de slaapkamer steek 
LOG (nnet3-latgen-faster-parallel[5.5.569~1-6f329]:~DecodeUtteranceLatticeFasterClass():decoder-wrappers.cc:180) Log-like per frame for utterance pp41-domotica3_command150 is 1.10515 over 412 frames.
LOG (nnet3-latgen-faster-parallel[5.5.569~1-6f329]:~CachingOptimizingCompiler():nnet-optimize.cc:710) 0.076 seconds taken in nnet3 compilation total (breakdown: 0.0623 compilation, 0.0072 optimization, 0 shortcut expansion, 0.00127 checking, 5.96e-06 computing indexes, 0.00516 misc.) + 0 I/O.
pp41-domotica3_command151 gordijnen van de slaapkamer open 
LOG (nnet3-latgen-faster-parallel[5.5.569~1-6f329]:~DecodeUtteranceLatticeFasterClass():decoder-wrappers.cc:180) Log-like per frame for utterance pp41-domotica3_command151 is 1.16227 over 387 frames.
LOG (nnet3-latgen-faster-parallel[5.5.569~1-6f329]:~CachingOptimizingCompiler():nnet-optimize.cc:710) 0.082 seconds taken in nnet3 compilation total (breakdown: 0.0653 compilation, 0.00947 optimization, 0 shortcut expansion, 0.00196 checking, 4.05e-06 computing indexes, 0.00524 misc.) + 0 I/O.
pp41-domotica3_command16 steek het licht aan 
LOG (nnet3-latgen-faster-parallel[5.5.569~1-6f329]:~DecodeUtteranceLatticeFasterClass():decoder-wrappers.cc:180) Log-like per frame for utterance pp41-domotica3_command16 is 1.16008 over 344 frames.
LOG (nnet3-latgen-faster-parallel[5.5.569~1-6f329]:~CachingOptimizingCompiler():nnet-optimize.cc:710) 0.0763 seconds taken in nnet3 compilation total (breakdown: 0.0602 compilation, 0.00973 optimization, 0 shortcut expansion, 0.00199 checking, 3.81e-06 computing indexes, 0.00445 misc.) + 0 I/O.
pp41-domotica3_command17 uit in het licht aan 
LOG (nnet3-latgen-faster-parallel[5.5.569~1-6f329]:~DecodeUtteranceLatticeFasterClass():decoder-wrappers.cc:180) Log-like per frame for utterance pp41-domotica3_command17 is 1.07164 over 342 frames.
LOG (nnet3-latgen-faster-parallel[5.5.569~1-6f329]:~CachingOptimizingCompiler():nnet-optimize.cc:710) 0.0685 seconds taken in nnet3 compilation total (breakdown: 0.0527 compilation, 0.00911 optimization, 0 shortcut expansion, 0.00223 checking, 4.05e-06 computing indexes, 0.0045 misc.) + 0 I/O.
pp41-domotica3_command18 op 
LOG (nnet3-latgen-faster-parallel[5.5.569~1-6f329]:~DecodeUtteranceLatticeFasterClass():decoder-wrappers.cc:180) Log-like per frame for utterance pp41-domotica3_command18 is 1.13877 over 284 frames.
LOG (nnet3-latgen-faster-parallel[5.5.569~1-6f329]:~CachingOptimizingCompiler():nnet-optimize.cc:710) 0.074 seconds taken in nnet3 compilation total (breakdown: 0.0572 compilation, 0.00985 optimization, 0 shortcut expansion, 0.00207 checking, 4.77e-06 computing indexes, 0.00487 misc.) + 0 I/O.
pp41-domotica3_command19 staande lamp op twee 
LOG (nnet3-latgen-faster-parallel[5.5.569~1-6f329]:~DecodeUtteranceLatticeFasterClass():decoder-wrappers.cc:180) Log-like per frame for utterance pp41-domotica3_command19 is 1.03811 over 237 frames.
LOG (nnet3-latgen-faster-parallel[5.5.569~1-6f329]:~CachingOptimizingCompiler():nnet-optimize.cc:710) 0.0484 seconds taken in nnet3 compilation total (breakdown: 0.0372 compilation, 0.0071 optimization, 0 shortcut expansion, 0.00142 checking, 5.25e-06 computing indexes, 0.00274 misc.) + 0 I/O.
pp41-domotica3_command2 uit in het huis 
LOG (nnet3-latgen-faster-parallel[5.5.569~1-6f329]:~DecodeUtteranceLatticeFasterClass():decoder-wrappers.cc:180) Log-like per frame for utterance pp41-domotica3_command2 is 1.06583 over 368 frames.
LOG (nnet3-latgen-faster-parallel[5.5.569~1-6f329]:~CachingOptimizingCompiler():nnet-optimize.cc:710) 0.0917 seconds taken in nnet3 compilation total (breakdown: 0.0748 compilation, 0.00916 optimization, 0 shortcut expansion, 0.0017 checking, 4.05e-06 computing indexes, 0.00605 misc.) + 0 I/O.
pp41-domotica3_command20 aan 
LOG (nnet3-latgen-faster-parallel[5.5.569~1-6f329]:~DecodeUtteranceLatticeFasterClass():decoder-wrappers.cc:180) Log-like per frame for utterance pp41-domotica3_command20 is 1.0547 over 254 frames.
LOG (nnet3-latgen-faster-parallel[5.5.569~1-6f329]:~CachingOptimizingCompiler():nnet-optimize.cc:710) 0.0617 seconds taken in nnet3 compilation total (breakdown: 0.0483 compilation, 0.00758 optimization, 0 shortcut expansion, 0.00158 checking, 3.81e-06 computing indexes, 0.00419 misc.) + 0 I/O.
pp41-domotica3_command21 drie ik wil graden in de woonkamer 
LOG (nnet3-latgen-faster-parallel[5.5.569~1-6f329]:~DecodeUtteranceLatticeFasterClass():decoder-wrappers.cc:180) Log-like per frame for utterance pp41-domotica3_command21 is 1.09267 over 380 frames.
LOG (nnet3-latgen-faster-parallel[5.5.569~1-6f329]:~CachingOptimizingCompiler():nnet-optimize.cc:710) 0.0488 seconds taken in nnet3 compilation total (breakdown: 0.0375 compilation, 0.00711 optimization, 0 shortcut expansion, 0.00146 checking, 4.29e-06 computing indexes, 0.00274 misc.) + 0 I/O.
pp41-domotica3_command22 voordeur sluiten 
LOG (nnet3-latgen-faster-parallel[5.5.569~1-6f329]:~DecodeUtteranceLatticeFasterClass():decoder-wrappers.cc:180) Log-like per frame for utterance pp41-domotica3_command22 is 1.09351 over 290 frames.
LOG (nnet3-latgen-faster-parallel[5.5.569~1-6f329]:~CachingOptimizingCompiler():nnet-optimize.cc:710) 0.0718 seconds taken in nnet3 compilation total (breakdown: 0.0567 compilation, 0.00875 optimization, 0 shortcut expansion, 0.00178 checking, 4.05e-06 computing indexes, 0.0046 misc.) + 0 I/O.
pp41-domotica3_command23 open 
LOG (nnet3-latgen-faster-parallel[5.5.569~1-6f329]:~DecodeUtteranceLatticeFasterClass():decoder-wrappers.cc:180) Log-like per frame for utterance pp41-domotica3_command23 is 1.08564 over 239 frames.
LOG (nnet3-latgen-faster-parallel[5.5.569~1-6f329]:~CachingOptimizingCompiler():nnet-optimize.cc:710) 0.0684 seconds taken in nnet3 compilation total (breakdown: 0.0525 compilation, 0.01 optimization, 0 shortcut expansion, 0.0019 checking, 5.01e-06 computing indexes, 0.00402 misc.) + 0 I/O.
pp41-domotica3_command24 drie 
LOG (nnet3-latgen-faster-parallel[5.5.569~1-6f329]:~DecodeUtteranceLatticeFasterClass():decoder-wrappers.cc:180) Log-like per frame for utterance pp41-domotica3_command24 is 1.19439 over 323 frames.
LOG (nnet3-latgen-faster-parallel[5.5.569~1-6f329]:~CachingOptimizingCompiler():nnet-optimize.cc:710) 0.0891 seconds taken in nnet3 compilation total (breakdown: 0.0739 compilation, 0.00877 optimization, 0 shortcut expansion, 0.00161 checking, 5.01e-06 computing indexes, 0.00485 misc.) + 0 I/O.
pp41-domotica3_command25 uit in het licht dicht 
LOG (nnet3-latgen-faster-parallel[5.5.569~1-6f329]:~DecodeUtteranceLatticeFasterClass():decoder-wrappers.cc:180) Log-like per frame for utterance pp41-domotica3_command25 is 1.1664 over 284 frames.
LOG (nnet3-latgen-faster-parallel[5.5.569~1-6f329]:~CachingOptimizingCompiler():nnet-optimize.cc:710) 0.0499 seconds taken in nnet3 compilation total (breakdown: 0.0378 compilation, 0.00747 optimization, 0 shortcut expansion, 0.00141 checking, 2.03e-05 computing indexes, 0.00317 misc.) + 0 I/O.
pp41-domotica3_command27 de badkamer open 
LOG (nnet3-latgen-faster-parallel[5.5.569~1-6f329]:~DecodeUtteranceLatticeFasterClass():decoder-wrappers.cc:180) Log-like per frame for utterance pp41-domotica3_command27 is 0.913698 over 287 frames.
LOG (nnet3-latgen-faster-parallel[5.5.569~1-6f329]:~CachingOptimizingCompiler():nnet-optimize.cc:710) 0.0665 seconds taken in nnet3 compilation total (breakdown: 0.051 compilation, 0.0101 optimization, 0 shortcut expansion, 0.00194 checking, 5.01e-06 computing indexes, 0.00346 misc.) + 0 I/O.
pp41-domotica3_command28 steek het licht het 
LOG (nnet3-latgen-faster-parallel[5.5.569~1-6f329]:~DecodeUtteranceLatticeFasterClass():decoder-wrappers.cc:180) Log-like per frame for utterance pp41-domotica3_command28 is 1.25615 over 364 frames.
LOG (nnet3-latgen-faster-parallel[5.5.569~1-6f329]:~CachingOptimizingCompiler():nnet-optimize.cc:710) 0.0886 seconds taken in nnet3 compilation total (breakdown: 0.0712 compilation, 0.00952 optimization, 0 shortcut expansion, 0.00173 checking, 5.01e-06 computing indexes, 0.00616 misc.) + 0 I/O.
pp41-domotica3_command29 hoofdeinde op een 
LOG (nnet3-latgen-faster-parallel[5.5.569~1-6f329]:~DecodeUtteranceLatticeFasterClass():decoder-wrappers.cc:180) Log-like per frame for utterance pp41-domotica3_command29 is 1.0784 over 292 frames.
LOG (nnet3-latgen-faster-parallel[5.5.569~1-6f329]:~CachingOptimizingCompiler():nnet-optimize.cc:710) 0.0738 seconds taken in nnet3 compilation total (breakdown: 0.0569 compilation, 0.0103 optimization, 0 shortcut expansion, 0.00216 checking, 4.05e-06 computing indexes, 0.00443 misc.) + 0 I/O.
pp41-domotica3_command3 uit in het licht dicht 
LOG (nnet3-latgen-faster-parallel[5.5.569~1-6f329]:~DecodeUtteranceLatticeFasterClass():decoder-wrappers.cc:180) Log-like per frame for utterance pp41-domotica3_command3 is 1.08111 over 281 frames.
LOG (nnet3-latgen-faster-parallel[5.5.569~1-6f329]:~CachingOptimizingCompiler():nnet-optimize.cc:710) 0.115 seconds taken in nnet3 compilation total (breakdown: 0.0934 compilation, 0.0116 optimization, 0 shortcut expansion, 0.00199 checking, 5.72e-06 computing indexes, 0.00802 misc.) + 0 I/O.
pp41-domotica3_command31 op stand drie 
LOG (nnet3-latgen-faster-parallel[5.5.569~1-6f329]:~DecodeUtteranceLatticeFasterClass():decoder-wrappers.cc:180) Log-like per frame for utterance pp41-domotica3_command31 is 0.980957 over 261 frames.
LOG (nnet3-latgen-faster-parallel[5.5.569~1-6f329]:~CachingOptimizingCompiler():nnet-optimize.cc:710) 0.0834 seconds taken in nnet3 compilation total (breakdown: 0.0661 compilation, 0.00993 optimization, 0 shortcut expansion, 0.00206 checking, 5.25e-06 computing indexes, 0.00538 misc.) + 0 I/O.
pp41-domotica3_command32 op stand drie 
LOG (nnet3-latgen-faster-parallel[5.5.569~1-6f329]:~DecodeUtteranceLatticeFasterClass():decoder-wrappers.cc:180) Log-like per frame for utterance pp41-domotica3_command32 is 1.22431 over 305 frames.
LOG (nnet3-latgen-faster-parallel[5.5.569~1-6f329]:~CachingOptimizingCompiler():nnet-optimize.cc:710) 0.0886 seconds taken in nnet3 compilation total (breakdown: 0.073 compilation, 0.00923 optimization, 0 shortcut expansion, 0.00189 checking, 6.2e-06 computing indexes, 0.00442 misc.) + 0 I/O.
pp41-domotica3_command34 dicht 
LOG (nnet3-latgen-faster-parallel[5.5.569~1-6f329]:~DecodeUtteranceLatticeFasterClass():decoder-wrappers.cc:180) Log-like per frame for utterance pp41-domotica3_command34 is 1.09157 over 353 frames.
LOG (nnet3-latgen-faster-parallel[5.5.569~1-6f329]:~CachingOptimizingCompiler():nnet-optimize.cc:710) 0.0975 seconds taken in nnet3 compilation total (breakdown: 0.0778 compilation, 0.0112 optimization, 0 shortcut expansion, 0.00229 checking, 5.96e-06 computing indexes, 0.00611 misc.) + 0 I/O.
pp41-domotica3_command35 doe de rolluik lamp dicht 
LOG (nnet3-latgen-faster-parallel[5.5.569~1-6f329]:~DecodeUtteranceLatticeFasterClass():decoder-wrappers.cc:180) Log-like per frame for utterance pp41-domotica3_command35 is 1.14664 over 514 frames.
LOG (nnet3-latgen-faster-parallel[5.5.569~1-6f329]:~CachingOptimizingCompiler():nnet-optimize.cc:710) 0.0915 seconds taken in nnet3 compilation total (breakdown: 0.076 compilation, 0.00859 optimization, 0 shortcut expansion, 0.00162 checking, 5.01e-06 computing indexes, 0.00531 misc.) + 0 I/O.
pp41-domotica3_command36 slaapkamer open 
LOG (nnet3-latgen-faster-parallel[5.5.569~1-6f329]:~DecodeUtteranceLatticeFasterClass():decoder-wrappers.cc:180) Log-like per frame for utterance pp41-domotica3_command36 is 1.20583 over 391 frames.
LOG (nnet3-latgen-faster-parallel[5.5.569~1-6f329]:~CachingOptimizingCompiler():nnet-optimize.cc:710) 0.0563 seconds taken in nnet3 compilation total (breakdown: 0.0447 compilation, 0.00707 optimization, 0 shortcut expansion, 0.0014 checking, 4.05e-06 computing indexes, 0.00305 misc.) + 0 I/O.
pp41-domotica3_command37 
LOG (nnet3-latgen-faster-parallel[5.5.569~1-6f329]:~DecodeUtteranceLatticeFasterClass():decoder-wrappers.cc:180) Log-like per frame for utterance pp41-domotica3_command37 is 0.989322 over 306 frames.
LOG (nnet3-latgen-faster-parallel[5.5.569~1-6f329]:~CachingOptimizingCompiler():nnet-optimize.cc:710) 0.0713 seconds taken in nnet3 compilation total (breakdown: 0.0573 compilation, 0.00769 optimization, 0 shortcut expansion, 0.00161 checking, 4.77e-06 computing indexes, 0.00469 misc.) + 0 I/O.
pp41-domotica3_command38 open 
LOG (nnet3-latgen-faster-parallel[5.5.569~1-6f329]:~DecodeUtteranceLatticeFasterClass():decoder-wrappers.cc:180) Log-like per frame for utterance pp41-domotica3_command38 is 1.04088 over 351 frames.
LOG (nnet3-latgen-faster-parallel[5.5.569~1-6f329]:~CachingOptimizingCompiler():nnet-optimize.cc:710) 0.0879 seconds taken in nnet3 compilation total (breakdown: 0.0698 compilation, 0.0101 optimization, 0 shortcut expansion, 0.00217 checking, 5.01e-06 computing indexes, 0.00581 misc.) + 0 I/O.
pp41-domotica3_command39 dicht 
LOG (nnet3-latgen-faster-parallel[5.5.569~1-6f329]:~DecodeUtteranceLatticeFasterClass():decoder-wrappers.cc:180) Log-like per frame for utterance pp41-domotica3_command39 is 1.31018 over 246 frames.
LOG (nnet3-latgen-faster-parallel[5.5.569~1-6f329]:~CachingOptimizingCompiler():nnet-optimize.cc:710) 0.0563 seconds taken in nnet3 compilation total (breakdown: 0.0448 compilation, 0.00725 optimization, 0 shortcut expansion, 0.00153 checking, 4.05e-06 computing indexes, 0.00276 misc.) + 0 I/O.
pp41-domotica3_command4 het open 
LOG (nnet3-latgen-faster-parallel[5.5.569~1-6f329]:~DecodeUtteranceLatticeFasterClass():decoder-wrappers.cc:180) Log-like per frame for utterance pp41-domotica3_command4 is 1.18031 over 334 frames.
LOG (nnet3-latgen-faster-parallel[5.5.569~1-6f329]:~CachingOptimizingCompiler():nnet-optimize.cc:710) 0.0752 seconds taken in nnet3 compilation total (breakdown: 0.059 compilation, 0.00967 optimization, 0 shortcut expansion, 0.00201 checking, 4.77e-06 computing indexes, 0.00452 misc.) + 0 I/O.
pp41-domotica3_command40 woonkamer omhoog 
LOG (nnet3-latgen-faster-parallel[5.5.569~1-6f329]:~DecodeUtteranceLatticeFasterClass():decoder-wrappers.cc:180) Log-like per frame for utterance pp41-domotica3_command40 is 1.03443 over 367 frames.
LOG (nnet3-latgen-faster-parallel[5.5.569~1-6f329]:~CachingOptimizingCompiler():nnet-optimize.cc:710) 0.0713 seconds taken in nnet3 compilation total (breakdown: 0.0575 compilation, 0.00744 optimization, 0 shortcut expansion, 0.00129 checking, 3.81e-06 computing indexes, 0.00506 misc.) + 0 I/O.
pp41-domotica3_command41 steek het licht aan 
LOG (nnet3-latgen-faster-parallel[5.5.569~1-6f329]:~DecodeUtteranceLatticeFasterClass():decoder-wrappers.cc:180) Log-like per frame for utterance pp41-domotica3_command41 is 0.99651 over 321 frames.
LOG (nnet3-latgen-faster-parallel[5.5.569~1-6f329]:~CachingOptimizingCompiler():nnet-optimize.cc:710) 0.087 seconds taken in nnet3 compilation total (breakdown: 0.0704 compilation, 0.00908 optimization, 0 shortcut expansion, 0.0017 checking, 4.77e-06 computing indexes, 0.00574 misc.) + 0 I/O.
pp41-domotica3_command42 
LOG (nnet3-latgen-faster-parallel[5.5.569~1-6f329]:~DecodeUtteranceLatticeFasterClass():decoder-wrappers.cc:180) Log-like per frame for utterance pp41-domotica3_command42 is 1.13543 over 362 frames.
LOG (nnet3-latgen-faster-parallel[5.5.569~1-6f329]:~CachingOptimizingCompiler():nnet-optimize.cc:710) 0.0727 seconds taken in nnet3 compilation total (breakdown: 0.0589 compilation, 0.00753 optimization, 0 shortcut expansion, 0.00159 checking, 5.01e-06 computing indexes, 0.00468 misc.) + 0 I/O.
pp41-domotica3_command43 
LOG (nnet3-latgen-faster-parallel[5.5.569~1-6f329]:~DecodeUtteranceLatticeFasterClass():decoder-wrappers.cc:180) Log-like per frame for utterance pp41-domotica3_command43 is 1.23005 over 259 frames.
LOG (nnet3-latgen-faster-parallel[5.5.569~1-6f329]:~CachingOptimizingCompiler():nnet-optimize.cc:710) 0.0818 seconds taken in nnet3 compilation total (breakdown: 0.0663 compilation, 0.00926 optimization, 0 shortcut expansion, 0.00179 checking, 4.05e-06 computing indexes, 0.00447 misc.) + 0 I/O.
pp41-domotica3_command44 staande lamp op twee 
LOG (nnet3-latgen-faster-parallel[5.5.569~1-6f329]:~DecodeUtteranceLatticeFasterClass():decoder-wrappers.cc:180) Log-like per frame for utterance pp41-domotica3_command44 is 1.05009 over 248 frames.
LOG (nnet3-latgen-faster-parallel[5.5.569~1-6f329]:~CachingOptimizingCompiler():nnet-optimize.cc:710) 0.0783 seconds taken in nnet3 compilation total (breakdown: 0.0623 compilation, 0.00973 optimization, 0 shortcut expansion, 0.00212 checking, 4.77e-06 computing indexes, 0.00418 misc.) + 0 I/O.
pp41-domotica3_command45 lamp op drie 
LOG (nnet3-latgen-faster-parallel[5.5.569~1-6f329]:~DecodeUtteranceLatticeFasterClass():decoder-wrappers.cc:180) Log-like per frame for utterance pp41-domotica3_command45 is 1.13849 over 260 frames.
LOG (nnet3-latgen-faster-parallel[5.5.569~1-6f329]:~CachingOptimizingCompiler():nnet-optimize.cc:710) 0.0633 seconds taken in nnet3 compilation total (breakdown: 0.051 compilation, 0.00714 optimization, 0 shortcut expansion, 0.00152 checking, 4.77e-06 computing indexes, 0.00367 misc.) + 0 I/O.
pp41-domotica3_command46 ik wil graden woonkamer 
LOG (nnet3-latgen-faster-parallel[5.5.569~1-6f329]:~DecodeUtteranceLatticeFasterClass():decoder-wrappers.cc:180) Log-like per frame for utterance pp41-domotica3_command46 is 1.02053 over 335 frames.
LOG (nnet3-latgen-faster-parallel[5.5.569~1-6f329]:~CachingOptimizingCompiler():nnet-optimize.cc:710) 0.0505 seconds taken in nnet3 compilation total (breakdown: 0.039 compilation, 0.00735 optimization, 0 shortcut expansion, 0.0015 checking, 2.86e-06 computing indexes, 0.00259 misc.) + 0 I/O.
pp41-domotica3_command47 voordeur sluiten 
LOG (nnet3-latgen-faster-parallel[5.5.569~1-6f329]:~DecodeUtteranceLatticeFasterClass():decoder-wrappers.cc:180) Log-like per frame for utterance pp41-domotica3_command47 is 1.1729 over 254 frames.
LOG (nnet3-latgen-faster-parallel[5.5.569~1-6f329]:~CachingOptimizingCompiler():nnet-optimize.cc:710) 0.0906 seconds taken in nnet3 compilation total (breakdown: 0.0719 compilation, 0.0108 optimization, 0 shortcut expansion, 0.00221 checking, 5.96e-06 computing indexes, 0.00569 misc.) + 0 I/O.
pp41-domotica3_command48 op een 
LOG (nnet3-latgen-faster-parallel[5.5.569~1-6f329]:~DecodeUtteranceLatticeFasterClass():decoder-wrappers.cc:180) Log-like per frame for utterance pp41-domotica3_command48 is 1.14158 over 208 frames.
LOG (nnet3-latgen-faster-parallel[5.5.569~1-6f329]:~CachingOptimizingCompiler():nnet-optimize.cc:710) 0.0519 seconds taken in nnet3 compilation total (breakdown: 0.0413 compilation, 0.0067 optimization, 0 shortcut expansion, 0.00128 checking, 2.86e-06 computing indexes, 0.00262 misc.) + 0 I/O.
pp41-domotica3_command49 
LOG (nnet3-latgen-faster-parallel[5.5.569~1-6f329]:~DecodeUtteranceLatticeFasterClass():decoder-wrappers.cc:180) Log-like per frame for utterance pp41-domotica3_command49 is 1.27422 over 306 frames.
LOG (nnet3-latgen-faster-parallel[5.5.569~1-6f329]:~CachingOptimizingCompiler():nnet-optimize.cc:710) 0.0615 seconds taken in nnet3 compilation total (breakdown: 0.0493 compilation, 0.00709 optimization, 0 shortcut expansion, 0.00162 checking, 4.05e-06 computing indexes, 0.00342 misc.) + 0 I/O.
pp41-domotica3_command5 op steek het licht van het 
LOG (nnet3-latgen-faster-parallel[5.5.569~1-6f329]:~DecodeUtteranceLatticeFasterClass():decoder-wrappers.cc:180) Log-like per frame for utterance pp41-domotica3_command5 is 1.1205 over 347 frames.
LOG (nnet3-latgen-faster-parallel[5.5.569~1-6f329]:~CachingOptimizingCompiler():nnet-optimize.cc:710) 0.06 seconds taken in nnet3 compilation total (breakdown: 0.0449 compilation, 0.00861 optimization, 0 shortcut expansion, 0.0017 checking, 5.96e-06 computing indexes, 0.00486 misc.) + 0 I/O.
pp41-domotica3_command50 het dicht 
LOG (nnet3-latgen-faster-parallel[5.5.569~1-6f329]:~DecodeUtteranceLatticeFasterClass():decoder-wrappers.cc:180) Log-like per frame for utterance pp41-domotica3_command50 is 1.11222 over 252 frames.
LOG (nnet3-latgen-faster-parallel[5.5.569~1-6f329]:~CachingOptimizingCompiler():nnet-optimize.cc:710) 0.0811 seconds taken in nnet3 compilation total (breakdown: 0.0615 compilation, 0.0112 optimization, 0 shortcut expansion, 0.00248 checking, 5.96e-06 computing indexes, 0.00589 misc.) + 0 I/O.
pp41-domotica3_command51 badkamer open 
LOG (nnet3-latgen-faster-parallel[5.5.569~1-6f329]:~DecodeUtteranceLatticeFasterClass():decoder-wrappers.cc:180) Log-like per frame for utterance pp41-domotica3_command51 is 1.11193 over 312 frames.
LOG (nnet3-latgen-faster-parallel[5.5.569~1-6f329]:~CachingOptimizingCompiler():nnet-optimize.cc:710) 0.106 seconds taken in nnet3 compilation total (breakdown: 0.0838 compilation, 0.0117 optimization, 0 shortcut expansion, 0.00235 checking, 3.81e-06 computing indexes, 0.00788 misc.) + 0 I/O.
pp41-domotica3_command52 steek het 
LOG (nnet3-latgen-faster-parallel[5.5.569~1-6f329]:~DecodeUtteranceLatticeFasterClass():decoder-wrappers.cc:180) Log-like per frame for utterance pp41-domotica3_command52 is 1.01316 over 333 frames.
LOG (nnet3-latgen-faster-parallel[5.5.569~1-6f329]:~CachingOptimizingCompiler():nnet-optimize.cc:710) 0.0882 seconds taken in nnet3 compilation total (breakdown: 0.0674 compilation, 0.0127 optimization, 0 shortcut expansion, 0.00274 checking, 4.77e-06 computing indexes, 0.00534 misc.) + 0 I/O.
pp41-domotica3_command53 doe de op stand een 
LOG (nnet3-latgen-faster-parallel[5.5.569~1-6f329]:~DecodeUtteranceLatticeFasterClass():decoder-wrappers.cc:180) Log-like per frame for utterance pp41-domotica3_command53 is 1.09522 over 276 frames.
LOG (nnet3-latgen-faster-parallel[5.5.569~1-6f329]:~CachingOptimizingCompiler():nnet-optimize.cc:710) 0.0881 seconds taken in nnet3 compilation total (breakdown: 0.072 compilation, 0.00926 optimization, 0 shortcut expansion, 0.00198 checking, 3.81e-06 computing indexes, 0.00487 misc.) + 0 I/O.
pp41-domotica3_command54 op stand een 
LOG (nnet3-latgen-faster-parallel[5.5.569~1-6f329]:~DecodeUtteranceLatticeFasterClass():decoder-wrappers.cc:180) Log-like per frame for utterance pp41-domotica3_command54 is 1.03457 over 275 frames.
LOG (nnet3-latgen-faster-parallel[5.5.569~1-6f329]:~CachingOptimizingCompiler():nnet-optimize.cc:710) 0.0866 seconds taken in nnet3 compilation total (breakdown: 0.0721 compilation, 0.00759 optimization, 0 shortcut expansion, 0.00159 checking, 5.01e-06 computing indexes, 0.0053 misc.) + 0 I/O.
pp41-domotica3_command55 
LOG (nnet3-latgen-faster-parallel[5.5.569~1-6f329]:~DecodeUtteranceLatticeFasterClass():decoder-wrappers.cc:180) Log-like per frame for utterance pp41-domotica3_command55 is 1.10943 over 288 frames.
LOG (nnet3-latgen-faster-parallel[5.5.569~1-6f329]:~CachingOptimizingCompiler():nnet-optimize.cc:710) 0.0769 seconds taken in nnet3 compilation total (breakdown: 0.0611 compilation, 0.00933 optimization, 0 shortcut expansion, 0.00198 checking, 4.05e-06 computing indexes, 0.00454 misc.) + 0 I/O.
pp41-domotica3_command56 uit steek het lampje aan 
LOG (nnet3-latgen-faster-parallel[5.5.569~1-6f329]:~DecodeUtteranceLatticeFasterClass():decoder-wrappers.cc:180) Log-like per frame for utterance pp41-domotica3_command56 is 1.02918 over 346 frames.
LOG (nnet3-latgen-faster-parallel[5.5.569~1-6f329]:~CachingOptimizingCompiler():nnet-optimize.cc:710) 0.0738 seconds taken in nnet3 compilation total (breakdown: 0.0575 compilation, 0.00955 optimization, 0 shortcut expansion, 0.002 checking, 4.05e-06 computing indexes, 0.00477 misc.) + 0 I/O.
pp41-domotica3_command57 steek het lampje aan 
LOG (nnet3-latgen-faster-parallel[5.5.569~1-6f329]:~DecodeUtteranceLatticeFasterClass():decoder-wrappers.cc:180) Log-like per frame for utterance pp41-domotica3_command57 is 1.06694 over 373 frames.
LOG (nnet3-latgen-faster-parallel[5.5.569~1-6f329]:~CachingOptimizingCompiler():nnet-optimize.cc:710) 0.0894 seconds taken in nnet3 compilation total (breakdown: 0.0723 compilation, 0.00924 optimization, 0 shortcut expansion, 0.00174 checking, 3.81e-06 computing indexes, 0.00612 misc.) + 0 I/O.
pp41-domotica3_command58 dicht 
LOG (nnet3-latgen-faster-parallel[5.5.569~1-6f329]:~DecodeUtteranceLatticeFasterClass():decoder-wrappers.cc:180) Log-like per frame for utterance pp41-domotica3_command58 is 0.908513 over 385 frames.
LOG (nnet3-latgen-faster-parallel[5.5.569~1-6f329]:~CachingOptimizingCompiler():nnet-optimize.cc:710) 0.0626 seconds taken in nnet3 compilation total (breakdown: 0.0484 compilation, 0.00809 optimization, 0 shortcut expansion, 0.0017 checking, 3.1e-06 computing indexes, 0.00438 misc.) + 0 I/O.
pp41-domotica3_command59 deur van de slaapkamer open 
LOG (nnet3-latgen-faster-parallel[5.5.569~1-6f329]:~DecodeUtteranceLatticeFasterClass():decoder-wrappers.cc:180) Log-like per frame for utterance pp41-domotica3_command59 is 1.0591 over 370 frames.
LOG (nnet3-latgen-faster-parallel[5.5.569~1-6f329]:~CachingOptimizingCompiler():nnet-optimize.cc:710) 0.0946 seconds taken in nnet3 compilation total (breakdown: 0.0767 compilation, 0.00908 optimization, 0 shortcut expansion, 0.00176 checking, 5.96e-06 computing indexes, 0.00708 misc.) + 0 I/O.
pp41-domotica3_command6 op een 
LOG (nnet3-latgen-faster-parallel[5.5.569~1-6f329]:~DecodeUtteranceLatticeFasterClass():decoder-wrappers.cc:180) Log-like per frame for utterance pp41-domotica3_command6 is 1.23013 over 355 frames.
LOG (nnet3-latgen-faster-parallel[5.5.569~1-6f329]:~CachingOptimizingCompiler():nnet-optimize.cc:710) 0.084 seconds taken in nnet3 compilation total (breakdown: 0.0668 compilation, 0.00994 optimization, 0 shortcut expansion, 0.00195 checking, 5.01e-06 computing indexes, 0.00534 misc.) + 0 I/O.
pp41-domotica3_command60 doe de keuken omhoog 
LOG (nnet3-latgen-faster-parallel[5.5.569~1-6f329]:~DecodeUtteranceLatticeFasterClass():decoder-wrappers.cc:180) Log-like per frame for utterance pp41-domotica3_command60 is 0.907651 over 342 frames.
LOG (nnet3-latgen-faster-parallel[5.5.569~1-6f329]:~CachingOptimizingCompiler():nnet-optimize.cc:710) 0.0814 seconds taken in nnet3 compilation total (breakdown: 0.0635 compilation, 0.0103 optimization, 0 shortcut expansion, 0.00212 checking, 5.01e-06 computing indexes, 0.00543 misc.) + 0 I/O.
pp41-domotica3_command61 doe de dicht 
LOG (nnet3-latgen-faster-parallel[5.5.569~1-6f329]:~DecodeUtteranceLatticeFasterClass():decoder-wrappers.cc:180) Log-like per frame for utterance pp41-domotica3_command61 is 0.895844 over 298 frames.
LOG (nnet3-latgen-faster-parallel[5.5.569~1-6f329]:~CachingOptimizingCompiler():nnet-optimize.cc:710) 0.0628 seconds taken in nnet3 compilation total (breakdown: 0.0499 compilation, 0.00765 optimization, 0 shortcut expansion, 0.00165 checking, 4.05e-06 computing indexes, 0.00359 misc.) + 0 I/O.
pp41-domotica3_command62 doe de rolluik van de open 
LOG (nnet3-latgen-faster-parallel[5.5.569~1-6f329]:~DecodeUtteranceLatticeFasterClass():decoder-wrappers.cc:180) Log-like per frame for utterance pp41-domotica3_command62 is 0.8072 over 303 frames.
LOG (nnet3-latgen-faster-parallel[5.5.569~1-6f329]:~CachingOptimizingCompiler():nnet-optimize.cc:710) 0.0802 seconds taken in nnet3 compilation total (breakdown: 0.0643 compilation, 0.00938 optimization, 0 shortcut expansion, 0.00193 checking, 4.77e-06 computing indexes, 0.00457 misc.) + 0 I/O.
pp41-domotica3_command63 de deur dicht 
LOG (nnet3-latgen-faster-parallel[5.5.569~1-6f329]:~DecodeUtteranceLatticeFasterClass():decoder-wrappers.cc:180) Log-like per frame for utterance pp41-domotica3_command63 is 1.04539 over 268 frames.
LOG (nnet3-latgen-faster-parallel[5.5.569~1-6f329]:~CachingOptimizingCompiler():nnet-optimize.cc:710) 0.0894 seconds taken in nnet3 compilation total (breakdown: 0.0717 compilation, 0.0099 optimization, 0 shortcut expansion, 0.00194 checking, 5.72e-06 computing indexes, 0.00592 misc.) + 0 I/O.
pp41-domotica3_command64 uit in de rolluik van de woonkamer omhoog 
LOG (nnet3-latgen-faster-parallel[5.5.569~1-6f329]:~DecodeUtteranceLatticeFasterClass():decoder-wrappers.cc:180) Log-like per frame for utterance pp41-domotica3_command64 is 1.0281 over 351 frames.
LOG (nnet3-latgen-faster-parallel[5.5.569~1-6f329]:~CachingOptimizingCompiler():nnet-optimize.cc:710) 0.0603 seconds taken in nnet3 compilation total (breakdown: 0.0485 compilation, 0.00699 optimization, 0 shortcut expansion, 0.00156 checking, 3.1e-06 computing indexes, 0.00329 misc.) + 0 I/O.
pp41-domotica3_command65 steek het licht aan 
LOG (nnet3-latgen-faster-parallel[5.5.569~1-6f329]:~DecodeUtteranceLatticeFasterClass():decoder-wrappers.cc:180) Log-like per frame for utterance pp41-domotica3_command65 is 1.10297 over 316 frames.
LOG (nnet3-latgen-faster-parallel[5.5.569~1-6f329]:~CachingOptimizingCompiler():nnet-optimize.cc:710) 0.0845 seconds taken in nnet3 compilation total (breakdown: 0.0686 compilation, 0.00886 optimization, 0 shortcut expansion, 0.00166 checking, 5.01e-06 computing indexes, 0.00539 misc.) + 0 I/O.
pp41-domotica3_command66 het licht van de slaapkamer uit 
LOG (nnet3-latgen-faster-parallel[5.5.569~1-6f329]:~DecodeUtteranceLatticeFasterClass():decoder-wrappers.cc:180) Log-like per frame for utterance pp41-domotica3_command66 is 0.944708 over 299 frames.
LOG (nnet3-latgen-faster-parallel[5.5.569~1-6f329]:~CachingOptimizingCompiler():nnet-optimize.cc:710) 0.0584 seconds taken in nnet3 compilation total (breakdown: 0.0469 compilation, 0.00694 optimization, 0 shortcut expansion, 0.0015 checking, 4.29e-06 computing indexes, 0.00312 misc.) + 0 I/O.
pp41-domotica3_command67 staande lamp op een 
LOG (nnet3-latgen-faster-parallel[5.5.569~1-6f329]:~DecodeUtteranceLatticeFasterClass():decoder-wrappers.cc:180) Log-like per frame for utterance pp41-domotica3_command67 is 1.16212 over 241 frames.
LOG (nnet3-latgen-faster-parallel[5.5.569~1-6f329]:~CachingOptimizingCompiler():nnet-optimize.cc:710) 0.0537 seconds taken in nnet3 compilation total (breakdown: 0.0413 compilation, 0.00758 optimization, 0 shortcut expansion, 0.0014 checking, 1.91e-05 computing indexes, 0.00335 misc.) + 0 I/O.
pp41-domotica3_command68 lamp op twee 
LOG (nnet3-latgen-faster-parallel[5.5.569~1-6f329]:~DecodeUtteranceLatticeFasterClass():decoder-wrappers.cc:180) Log-like per frame for utterance pp41-domotica3_command68 is 1.27406 over 242 frames.
LOG (nnet3-latgen-faster-parallel[5.5.569~1-6f329]:~CachingOptimizingCompiler():nnet-optimize.cc:710) 0.0717 seconds taken in nnet3 compilation total (breakdown: 0.0565 compilation, 0.00936 optimization, 0 shortcut expansion, 0.00193 checking, 4.05e-06 computing indexes, 0.00388 misc.) + 0 I/O.
pp41-domotica3_command69 staande lamp op drie 
LOG (nnet3-latgen-faster-parallel[5.5.569~1-6f329]:~DecodeUtteranceLatticeFasterClass():decoder-wrappers.cc:180) Log-like per frame for utterance pp41-domotica3_command69 is 1.11981 over 248 frames.
LOG (nnet3-latgen-faster-parallel[5.5.569~1-6f329]:~CachingOptimizingCompiler():nnet-optimize.cc:710) 0.0522 seconds taken in nnet3 compilation total (breakdown: 0.0407 compilation, 0.0071 optimization, 0 shortcut expansion, 0.00148 checking, 3.34e-06 computing indexes, 0.00295 misc.) + 0 I/O.
pp41-domotica3_command7 op drie de op stand een 
LOG (nnet3-latgen-faster-parallel[5.5.569~1-6f329]:~DecodeUtteranceLatticeFasterClass():decoder-wrappers.cc:180) Log-like per frame for utterance pp41-domotica3_command7 is 1.15967 over 342 frames.
LOG (nnet3-latgen-faster-parallel[5.5.569~1-6f329]:~CachingOptimizingCompiler():nnet-optimize.cc:710) 0.0755 seconds taken in nnet3 compilation total (breakdown: 0.0582 compilation, 0.0095 optimization, 0 shortcut expansion, 0.00197 checking, 6.2e-06 computing indexes, 0.0059 misc.) + 0 I/O.
pp41-domotica3_command70 ik wil woonkamer 
LOG (nnet3-latgen-faster-parallel[5.5.569~1-6f329]:~DecodeUtteranceLatticeFasterClass():decoder-wrappers.cc:180) Log-like per frame for utterance pp41-domotica3_command70 is 1.05224 over 323 frames.
LOG (nnet3-latgen-faster-parallel[5.5.569~1-6f329]:~CachingOptimizingCompiler():nnet-optimize.cc:710) 0.0876 seconds taken in nnet3 compilation total (breakdown: 0.0729 compilation, 0.00852 optimization, 0 shortcut expansion, 0.00159 checking, 3.81e-06 computing indexes, 0.00458 misc.) + 0 I/O.
pp41-domotica3_command71 voordeur sluiten 
LOG (nnet3-latgen-faster-parallel[5.5.569~1-6f329]:~DecodeUtteranceLatticeFasterClass():decoder-wrappers.cc:180) Log-like per frame for utterance pp41-domotica3_command71 is 0.966678 over 202 frames.
LOG (nnet3-latgen-faster-parallel[5.5.569~1-6f329]:~CachingOptimizingCompiler():nnet-optimize.cc:710) 0.0549 seconds taken in nnet3 compilation total (breakdown: 0.0438 compilation, 0.00666 optimization, 0 shortcut expansion, 0.00141 checking, 5.01e-06 computing indexes, 0.00297 misc.) + 0 I/O.
pp41-domotica3_command72 drie 
LOG (nnet3-latgen-faster-parallel[5.5.569~1-6f329]:~DecodeUtteranceLatticeFasterClass():decoder-wrappers.cc:180) Log-like per frame for utterance pp41-domotica3_command72 is 0.864084 over 205 frames.
LOG (nnet3-latgen-faster-parallel[5.5.569~1-6f329]:~CachingOptimizingCompiler():nnet-optimize.cc:710) 0.0762 seconds taken in nnet3 compilation total (breakdown: 0.0602 compilation, 0.00918 optimization, 0 shortcut expansion, 0.002 checking, 5.25e-06 computing indexes, 0.00483 misc.) + 0 I/O.
pp41-domotica3_command73 uit in het huis 
LOG (nnet3-latgen-faster-parallel[5.5.569~1-6f329]:~DecodeUtteranceLatticeFasterClass():decoder-wrappers.cc:180) Log-like per frame for utterance pp41-domotica3_command73 is 1.02302 over 302 frames.
LOG (nnet3-latgen-faster-parallel[5.5.569~1-6f329]:~CachingOptimizingCompiler():nnet-optimize.cc:710) 0.0617 seconds taken in nnet3 compilation total (breakdown: 0.0483 compilation, 0.00754 optimization, 0 shortcut expansion, 0.00159 checking, 4.05e-06 computing indexes, 0.00423 misc.) + 0 I/O.
pp41-domotica3_command74 uit in het dicht 
LOG (nnet3-latgen-faster-parallel[5.5.569~1-6f329]:~DecodeUtteranceLatticeFasterClass():decoder-wrappers.cc:180) Log-like per frame for utterance pp41-domotica3_command74 is 1.18169 over 263 frames.
LOG (nnet3-latgen-faster-parallel[5.5.569~1-6f329]:~CachingOptimizingCompiler():nnet-optimize.cc:710) 0.0788 seconds taken in nnet3 compilation total (breakdown: 0.0643 compilation, 0.00866 optimization, 0 shortcut expansion, 0.00155 checking, 1.72e-05 computing indexes, 0.00427 misc.) + 0 I/O.
pp41-domotica3_command75 de deur van de badkamer open 
LOG (nnet3-latgen-faster-parallel[5.5.569~1-6f329]:~DecodeUtteranceLatticeFasterClass():decoder-wrappers.cc:180) Log-like per frame for utterance pp41-domotica3_command75 is 1.00513 over 297 frames.
LOG (nnet3-latgen-faster-parallel[5.5.569~1-6f329]:~CachingOptimizingCompiler():nnet-optimize.cc:710) 0.0564 seconds taken in nnet3 compilation total (breakdown: 0.0446 compilation, 0.00717 optimization, 0 shortcut expansion, 0.00152 checking, 4.05e-06 computing indexes, 0.00313 misc.) + 0 I/O.
pp41-domotica3_command76 uit in steek het licht van de badkamer aan 
LOG (nnet3-latgen-faster-parallel[5.5.569~1-6f329]:~DecodeUtteranceLatticeFasterClass():decoder-wrappers.cc:180) Log-like per frame for utterance pp41-domotica3_command76 is 1.18127 over 328 frames.
LOG (nnet3-latgen-faster-parallel[5.5.569~1-6f329]:~CachingOptimizingCompiler():nnet-optimize.cc:710) 0.0938 seconds taken in nnet3 compilation total (breakdown: 0.0759 compilation, 0.00957 optimization, 0 shortcut expansion, 0.00183 checking, 1.12e-05 computing indexes, 0.00653 misc.) + 0 I/O.
pp41-domotica3_command77 uit in de op een 
LOG (nnet3-latgen-faster-parallel[5.5.569~1-6f329]:~DecodeUtteranceLatticeFasterClass():decoder-wrappers.cc:180) Log-like per frame for utterance pp41-domotica3_command77 is 1.19442 over 302 frames.
LOG (nnet3-latgen-faster-parallel[5.5.569~1-6f329]:~CachingOptimizingCompiler():nnet-optimize.cc:710) 0.0762 seconds taken in nnet3 compilation total (breakdown: 0.0629 compilation, 0.00756 optimization, 0 shortcut expansion, 0.00164 checking, 5.25e-06 computing indexes, 0.00403 misc.) + 0 I/O.
pp41-domotica3_command78 de op stand drie 
LOG (nnet3-latgen-faster-parallel[5.5.569~1-6f329]:~DecodeUtteranceLatticeFasterClass():decoder-wrappers.cc:180) Log-like per frame for utterance pp41-domotica3_command78 is 1.15634 over 278 frames.
LOG (nnet3-latgen-faster-parallel[5.5.569~1-6f329]:~CachingOptimizingCompiler():nnet-optimize.cc:710) 0.0948 seconds taken in nnet3 compilation total (breakdown: 0.0776 compilation, 0.00916 optimization, 0 shortcut expansion, 0.00168 checking, 5.01e-06 computing indexes, 0.00634 misc.) + 0 I/O.
pp41-domotica3_command79 hoofdeinde op een 
LOG (nnet3-latgen-faster-parallel[5.5.569~1-6f329]:~DecodeUtteranceLatticeFasterClass():decoder-wrappers.cc:180) Log-like per frame for utterance pp41-domotica3_command79 is 1.15445 over 270 frames.
LOG (nnet3-latgen-faster-parallel[5.5.569~1-6f329]:~CachingOptimizingCompiler():nnet-optimize.cc:710) 0.0819 seconds taken in nnet3 compilation total (breakdown: 0.0648 compilation, 0.00954 optimization, 0 shortcut expansion, 0.00178 checking, 4.77e-06 computing indexes, 0.00574 misc.) + 0 I/O.
pp41-domotica3_command8 op drie hoofdeinde op drie 
LOG (nnet3-latgen-faster-parallel[5.5.569~1-6f329]:~DecodeUtteranceLatticeFasterClass():decoder-wrappers.cc:180) Log-like per frame for utterance pp41-domotica3_command8 is 1.17131 over 335 frames.
LOG (nnet3-latgen-faster-parallel[5.5.569~1-6f329]:~CachingOptimizingCompiler():nnet-optimize.cc:710) 0.0774 seconds taken in nnet3 compilation total (breakdown: 0.0598 compilation, 0.0104 optimization, 0 shortcut expansion, 0.00217 checking, 5.01e-06 computing indexes, 0.00496 misc.) + 0 I/O.
pp41-domotica3_command80 steek het op een 
LOG (nnet3-latgen-faster-parallel[5.5.569~1-6f329]:~DecodeUtteranceLatticeFasterClass():decoder-wrappers.cc:180) Log-like per frame for utterance pp41-domotica3_command80 is 1.04617 over 351 frames.
LOG (nnet3-latgen-faster-parallel[5.5.569~1-6f329]:~CachingOptimizingCompiler():nnet-optimize.cc:710) 0.0795 seconds taken in nnet3 compilation total (breakdown: 0.0635 compilation, 0.00918 optimization, 0 shortcut expansion, 0.00194 checking, 4.05e-06 computing indexes, 0.00479 misc.) + 0 I/O.
pp41-domotica3_command81 alle van de slaapkamer dicht 
LOG (nnet3-latgen-faster-parallel[5.5.569~1-6f329]:~DecodeUtteranceLatticeFasterClass():decoder-wrappers.cc:180) Log-like per frame for utterance pp41-domotica3_command81 is 1.08226 over 381 frames.
LOG (nnet3-latgen-faster-parallel[5.5.569~1-6f329]:~CachingOptimizingCompiler():nnet-optimize.cc:710) 0.0662 seconds taken in nnet3 compilation total (breakdown: 0.0539 compilation, 0.0078 optimization, 0 shortcut expansion, 0.00147 checking, 4.05e-06 computing indexes, 0.00299 misc.) + 0 I/O.
pp41-domotica3_command82 sluiten 
LOG (nnet3-latgen-faster-parallel[5.5.569~1-6f329]:~DecodeUtteranceLatticeFasterClass():decoder-wrappers.cc:180) Log-like per frame for utterance pp41-domotica3_command82 is 0.930301 over 340 frames.
LOG (nnet3-latgen-faster-parallel[5.5.569~1-6f329]:~CachingOptimizingCompiler():nnet-optimize.cc:710) 0.0788 seconds taken in nnet3 compilation total (breakdown: 0.0618 compilation, 0.0098 optimization, 0 shortcut expansion, 0.00192 checking, 4.05e-06 computing indexes, 0.00524 misc.) + 0 I/O.
pp41-domotica3_command83 dicht 
LOG (nnet3-latgen-faster-parallel[5.5.569~1-6f329]:~DecodeUtteranceLatticeFasterClass():decoder-wrappers.cc:180) Log-like per frame for utterance pp41-domotica3_command83 is 0.93369 over 318 frames.
LOG (nnet3-latgen-faster-parallel[5.5.569~1-6f329]:~CachingOptimizingCompiler():nnet-optimize.cc:710) 0.0841 seconds taken in nnet3 compilation total (breakdown: 0.0688 compilation, 0.00869 optimization, 0 shortcut expansion, 0.00172 checking, 2.86e-06 computing indexes, 0.00486 misc.) + 0 I/O.
pp41-domotica3_command84 van open 
LOG (nnet3-latgen-faster-parallel[5.5.569~1-6f329]:~DecodeUtteranceLatticeFasterClass():decoder-wrappers.cc:180) Log-like per frame for utterance pp41-domotica3_command84 is 1.13064 over 396 frames.
LOG (nnet3-latgen-faster-parallel[5.5.569~1-6f329]:~CachingOptimizingCompiler():nnet-optimize.cc:710) 0.0866 seconds taken in nnet3 compilation total (breakdown: 0.0689 compilation, 0.01 optimization, 0 shortcut expansion, 0.0021 checking, 4.77e-06 computing indexes, 0.00555 misc.) + 0 I/O.
pp41-domotica3_command85 uit dicht 
LOG (nnet3-latgen-faster-parallel[5.5.569~1-6f329]:~DecodeUtteranceLatticeFasterClass():decoder-wrappers.cc:180) Log-like per frame for utterance pp41-domotica3_command85 is 1.33963 over 312 frames.
LOG (nnet3-latgen-faster-parallel[5.5.569~1-6f329]:~CachingOptimizingCompiler():nnet-optimize.cc:710) 0.0895 seconds taken in nnet3 compilation total (breakdown: 0.0728 compilation, 0.00953 optimization, 0 shortcut expansion, 0.00187 checking, 5.01e-06 computing indexes, 0.00524 misc.) + 0 I/O.
pp41-domotica3_command86 uit in de rolluik van de woonkamer omhoog 
LOG (nnet3-latgen-faster-parallel[5.5.569~1-6f329]:~DecodeUtteranceLatticeFasterClass():decoder-wrappers.cc:180) Log-like per frame for utterance pp41-domotica3_command86 is 0.961582 over 348 frames.
LOG (nnet3-latgen-faster-parallel[5.5.569~1-6f329]:~CachingOptimizingCompiler():nnet-optimize.cc:710) 0.0724 seconds taken in nnet3 compilation total (breakdown: 0.058 compilation, 0.00843 optimization, 0 shortcut expansion, 0.00182 checking, 4.29e-06 computing indexes, 0.00418 misc.) + 0 I/O.
pp41-domotica3_command87 uit in steek het huis 
LOG (nnet3-latgen-faster-parallel[5.5.569~1-6f329]:~DecodeUtteranceLatticeFasterClass():decoder-wrappers.cc:180) Log-like per frame for utterance pp41-domotica3_command87 is 1.00661 over 294 frames.
LOG (nnet3-latgen-faster-parallel[5.5.569~1-6f329]:~CachingOptimizingCompiler():nnet-optimize.cc:710) 0.0751 seconds taken in nnet3 compilation total (breakdown: 0.0585 compilation, 0.00966 optimization, 0 shortcut expansion, 0.00204 checking, 5.96e-06 computing indexes, 0.00487 misc.) + 0 I/O.
pp41-domotica3_command88 op het licht aan 
LOG (nnet3-latgen-faster-parallel[5.5.569~1-6f329]:~DecodeUtteranceLatticeFasterClass():decoder-wrappers.cc:180) Log-like per frame for utterance pp41-domotica3_command88 is 1.07399 over 342 frames.
LOG (nnet3-latgen-faster-parallel[5.5.569~1-6f329]:~CachingOptimizingCompiler():nnet-optimize.cc:710) 0.0743 seconds taken in nnet3 compilation total (breakdown: 0.0536 compilation, 0.0125 optimization, 0 shortcut expansion, 0.00265 checking, 5.96e-06 computing indexes, 0.00556 misc.) + 0 I/O.
pp41-domotica3_command89 uit in de keuken aan op een 
LOG (nnet3-latgen-faster-parallel[5.5.569~1-6f329]:~DecodeUtteranceLatticeFasterClass():decoder-wrappers.cc:180) Log-like per frame for utterance pp41-domotica3_command89 is 1.26826 over 276 frames.
LOG (nnet3-latgen-faster-parallel[5.5.569~1-6f329]:~CachingOptimizingCompiler():nnet-optimize.cc:710) 0.0919 seconds taken in nnet3 compilation total (breakdown: 0.0745 compilation, 0.00933 optimization, 0 shortcut expansion, 0.00163 checking, 2.86e-06 computing indexes, 0.00645 misc.) + 0 I/O.
pp41-domotica3_command90 staande lamp op twee 
LOG (nnet3-latgen-faster-parallel[5.5.569~1-6f329]:~DecodeUtteranceLatticeFasterClass():decoder-wrappers.cc:180) Log-like per frame for utterance pp41-domotica3_command90 is 1.24905 over 250 frames.
LOG (nnet3-latgen-faster-parallel[5.5.569~1-6f329]:~CachingOptimizingCompiler():nnet-optimize.cc:710) 0.0764 seconds taken in nnet3 compilation total (breakdown: 0.0602 compilation, 0.00965 optimization, 0 shortcut expansion, 0.0019 checking, 5.25e-06 computing indexes, 0.00468 misc.) + 0 I/O.
pp41-domotica3_command91 in het licht aan op drie 
LOG (nnet3-latgen-faster-parallel[5.5.569~1-6f329]:~DecodeUtteranceLatticeFasterClass():decoder-wrappers.cc:180) Log-like per frame for utterance pp41-domotica3_command91 is 1.06968 over 243 frames.
LOG (nnet3-latgen-faster-parallel[5.5.569~1-6f329]:~CachingOptimizingCompiler():nnet-optimize.cc:710) 0.0775 seconds taken in nnet3 compilation total (breakdown: 0.0615 compilation, 0.00936 optimization, 0 shortcut expansion, 0.00203 checking, 1.5e-05 computing indexes, 0.00467 misc.) + 0 I/O.
pp41-domotica3_command92 alle wil graden in de woonkamer 
LOG (nnet3-latgen-faster-parallel[5.5.569~1-6f329]:~DecodeUtteranceLatticeFasterClass():decoder-wrappers.cc:180) Log-like per frame for utterance pp41-domotica3_command92 is 0.958171 over 336 frames.
LOG (nnet3-latgen-faster-parallel[5.5.569~1-6f329]:~CachingOptimizingCompiler():nnet-optimize.cc:710) 0.0527 seconds taken in nnet3 compilation total (breakdown: 0.0412 compilation, 0.0072 optimization, 0 shortcut expansion, 0.00149 checking, 2.86e-06 computing indexes, 0.00278 misc.) + 0 I/O.
pp41-domotica3_command93 voordeur sluiten 
LOG (nnet3-latgen-faster-parallel[5.5.569~1-6f329]:~DecodeUtteranceLatticeFasterClass():decoder-wrappers.cc:180) Log-like per frame for utterance pp41-domotica3_command93 is 1.07235 over 239 frames.
LOG (nnet3-latgen-faster-parallel[5.5.569~1-6f329]:~CachingOptimizingCompiler():nnet-optimize.cc:710) 0.0693 seconds taken in nnet3 compilation total (breakdown: 0.0534 compilation, 0.00975 optimization, 0 shortcut expansion, 0.00225 checking, 6.2e-06 computing indexes, 0.00385 misc.) + 0 I/O.
LOG (apply-cmvn[5.5.569~1-6f329]:main():apply-cmvn.cc:81) Copied 144 utterances.
pp41-domotica3_command94 open 
LOG (nnet3-latgen-faster-parallel[5.5.569~1-6f329]:~DecodeUtteranceLatticeFasterClass():decoder-wrappers.cc:180) Log-like per frame for utterance pp41-domotica3_command94 is 1.21897 over 230 frames.
LOG (nnet3-latgen-faster-parallel[5.5.569~1-6f329]:~CachingOptimizingCompiler():nnet-optimize.cc:710) 0.0854 seconds taken in nnet3 compilation total (breakdown: 0.069 compilation, 0.00914 optimization, 0 shortcut expansion, 0.00176 checking, 4.29e-06 computing indexes, 0.00544 misc.) + 0 I/O.
pp41-domotica3_command95 uit 
LOG (nnet3-latgen-faster-parallel[5.5.569~1-6f329]:~DecodeUtteranceLatticeFasterClass():decoder-wrappers.cc:180) Log-like per frame for utterance pp41-domotica3_command95 is 1.06908 over 337 frames.
LOG (nnet3-latgen-faster-parallel[5.5.569~1-6f329]:~CachingOptimizingCompiler():nnet-optimize.cc:710) 0.0735 seconds taken in nnet3 compilation total (breakdown: 0.0576 compilation, 0.00962 optimization, 0 shortcut expansion, 0.00198 checking, 3.81e-06 computing indexes, 0.00425 misc.) + 0 I/O.
pp41-domotica3_command96 alle het dicht 
LOG (nnet3-latgen-faster-parallel[5.5.569~1-6f329]:~DecodeUtteranceLatticeFasterClass():decoder-wrappers.cc:180) Log-like per frame for utterance pp41-domotica3_command96 is 1.24781 over 291 frames.
LOG (nnet3-latgen-faster-parallel[5.5.569~1-6f329]:~CachingOptimizingCompiler():nnet-optimize.cc:710) 0.0536 seconds taken in nnet3 compilation total (breakdown: 0.0421 compilation, 0.00723 optimization, 0 shortcut expansion, 0.00155 checking, 1.79e-05 computing indexes, 0.00269 misc.) + 0 I/O.
pp41-domotica3_command97 badkamer open 
LOG (nnet3-latgen-faster-parallel[5.5.569~1-6f329]:~DecodeUtteranceLatticeFasterClass():decoder-wrappers.cc:180) Log-like per frame for utterance pp41-domotica3_command97 is 1.15409 over 368 frames.
LOG (nnet3-latgen-faster-parallel[5.5.569~1-6f329]:~CachingOptimizingCompiler():nnet-optimize.cc:710) 0.0865 seconds taken in nnet3 compilation total (breakdown: 0.0705 compilation, 0.00867 optimization, 0 shortcut expansion, 0.0016 checking, 5.25e-06 computing indexes, 0.00573 misc.) + 0 I/O.
pp41-domotica3_command98 steek het licht van de badkamer 
LOG (nnet3-latgen-faster-parallel[5.5.569~1-6f329]:~DecodeUtteranceLatticeFasterClass():decoder-wrappers.cc:180) Log-like per frame for utterance pp41-domotica3_command98 is 1.21605 over 338 frames.
LOG (nnet3-latgen-faster-parallel[5.5.569~1-6f329]:~CachingOptimizingCompiler():nnet-optimize.cc:710) 0.0714 seconds taken in nnet3 compilation total (breakdown: 0.0559 compilation, 0.00903 optimization, 0 shortcut expansion, 0.00189 checking, 3.1e-06 computing indexes, 0.00458 misc.) + 0 I/O.
pp41-domotica3_command99 op een 
LOG (nnet3-latgen-faster-parallel[5.5.569~1-6f329]:~DecodeUtteranceLatticeFasterClass():decoder-wrappers.cc:180) Log-like per frame for utterance pp41-domotica3_command99 is 1.12387 over 257 frames.
LOG (nnet3-latgen-faster-parallel[5.5.569~1-6f329]:~CachingOptimizingCompiler():nnet-optimize.cc:710) 0.0529 seconds taken in nnet3 compilation total (breakdown: 0.0419 compilation, 0.00691 optimization, 0 shortcut expansion, 0.00122 checking, 3.81e-06 computing indexes, 0.00291 misc.) + 0 I/O.
LOG (nnet3-latgen-faster-parallel[5.5.569~1-6f329]:main():nnet3-latgen-faster-parallel.cc:264) Time taken 20.4693s: real-time factor assuming 100 feature frames/sec is 0.0587516
LOG (nnet3-latgen-faster-parallel[5.5.569~1-6f329]:main():nnet3-latgen-faster-parallel.cc:268) Done 144 utterances, failed for 0
LOG (nnet3-latgen-faster-parallel[5.5.569~1-6f329]:main():nnet3-latgen-faster-parallel.cc:270) Overall log-likelihood per frame is 1.12326 over 46454 frames.
LOG (lattice-scale[5.5.569~1-6f329]:main():lattice-scale.cc:107) Done 144 lattices.
# Accounting: time=21 threads=1
# Ended (code 0) at Tue Mar 23 09:58:52 CET 2021, elapsed time 21 seconds
