# nnet3-latgen-faster-parallel --num-threads=4 --online-ivectors=scp:exp/percgncopas5k/train/nnet3_s/ivectors_test_hires/ivector_online.scp --online-ivector-period=10 --frame-subsampling-factor=3 --frames-per-chunk=140 --extra-left-context=0 --extra-right-context=0 --extra-left-context-initial=-1 --extra-right-context-final=-1 --minimize=false --max-active=7000 --min-active=200 --beam=15.0 --lattice-beam=8.0 --acoustic-scale=1.0 --allow-partial=true --word-symbol-table=exp/percgncopas5k/chain_s/tree_sp/graph_5g_400k/words.txt exp/percgncopas5k/chain_s/tdnn1k_sp/final.mdl exp/percgncopas5k/chain_s/tree_sp/graph_5g_400k/HCLG.fst "ark,s,cs:apply-cmvn --norm-means=false --norm-vars=false --utt2spk=ark:data-percgncopas5k/test_hires/split1/1/utt2spk scp:data-percgncopas5k/test_hires/split1/1/cmvn.scp scp:data-percgncopas5k/test_hires/split1/1/feats.scp ark:- |" "ark:|lattice-scale --acoustic-scale=10.0 ark:- ark:- | gzip -c >exp/percgncopas5k/chain_s/tdnn1k_sp/decode_test_5g_400k/lat.1.gz" 
# Started at Tue Mar 23 15:32:55 CET 2021
#
nnet3-latgen-faster-parallel --num-threads=4 --online-ivectors=scp:exp/percgncopas5k/train/nnet3_s/ivectors_test_hires/ivector_online.scp --online-ivector-period=10 --frame-subsampling-factor=3 --frames-per-chunk=140 --extra-left-context=0 --extra-right-context=0 --extra-left-context-initial=-1 --extra-right-context-final=-1 --minimize=false --max-active=7000 --min-active=200 --beam=15.0 --lattice-beam=8.0 --acoustic-scale=1.0 --allow-partial=true --word-symbol-table=exp/percgncopas5k/chain_s/tree_sp/graph_5g_400k/words.txt exp/percgncopas5k/chain_s/tdnn1k_sp/final.mdl exp/percgncopas5k/chain_s/tree_sp/graph_5g_400k/HCLG.fst 'ark,s,cs:apply-cmvn --norm-means=false --norm-vars=false --utt2spk=ark:data-percgncopas5k/test_hires/split1/1/utt2spk scp:data-percgncopas5k/test_hires/split1/1/cmvn.scp scp:data-percgncopas5k/test_hires/split1/1/feats.scp ark:- |' 'ark:|lattice-scale --acoustic-scale=10.0 ark:- ark:- | gzip -c >exp/percgncopas5k/chain_s/tdnn1k_sp/decode_test_5g_400k/lat.1.gz' 
LOG (nnet3-latgen-faster-parallel[5.5.569~1-6f329]:RemoveOrphanNodes():nnet-nnet.cc:948) Removed 1 orphan nodes.
LOG (nnet3-latgen-faster-parallel[5.5.569~1-6f329]:RemoveOrphanComponents():nnet-nnet.cc:847) Removing 2 orphan components.
LOG (nnet3-latgen-faster-parallel[5.5.569~1-6f329]:Collapse():nnet-utils.cc:1472) Added 1 components, removed 2
lattice-scale --acoustic-scale=10.0 ark:- ark:- 
apply-cmvn --norm-means=false --norm-vars=false --utt2spk=ark:data-percgncopas5k/test_hires/split1/1/utt2spk scp:data-percgncopas5k/test_hires/split1/1/cmvn.scp scp:data-percgncopas5k/test_hires/split1/1/feats.scp ark:- 
LOG (nnet3-latgen-faster-parallel[5.5.569~1-6f329]:CheckAndFixConfigs():nnet-am-decodable-simple.cc:294) Increasing --frames-per-chunk from 140 to 141 to make it a multiple of --frame-subsampling-factor=3
pp48-domotica3_command1 doe alle lichten uit 
LOG (nnet3-latgen-faster-parallel[5.5.569~1-6f329]:~DecodeUtteranceLatticeFasterClass():decoder-wrappers.cc:180) Log-like per frame for utterance pp48-domotica3_command1 is 1.30512 over 236 frames.
LOG (nnet3-latgen-faster-parallel[5.5.569~1-6f329]:~CachingOptimizingCompiler():nnet-optimize.cc:710) 0.0423 seconds taken in nnet3 compilation total (breakdown: 0.0321 compilation, 0.00678 optimization, 0 shortcut expansion, 0.00129 checking, 2.86e-06 computing indexes, 0.00207 misc.) + 0 I/O.
pp48-domotica3_command10 alle in hoofdeinde op stand twee 
LOG (nnet3-latgen-faster-parallel[5.5.569~1-6f329]:~DecodeUtteranceLatticeFasterClass():decoder-wrappers.cc:180) Log-like per frame for utterance pp48-domotica3_command10 is 1.33743 over 206 frames.
LOG (nnet3-latgen-faster-parallel[5.5.569~1-6f329]:~CachingOptimizingCompiler():nnet-optimize.cc:710) 0.0521 seconds taken in nnet3 compilation total (breakdown: 0.0414 compilation, 0.00665 optimization, 0 shortcut expansion, 0.00122 checking, 2.86e-06 computing indexes, 0.00276 misc.) + 0 I/O.
pp48-domotica3_command100 alle in hoofdeinde op stand drie 
LOG (nnet3-latgen-faster-parallel[5.5.569~1-6f329]:~DecodeUtteranceLatticeFasterClass():decoder-wrappers.cc:180) Log-like per frame for utterance pp48-domotica3_command100 is 1.36127 over 168 frames.
LOG (nnet3-latgen-faster-parallel[5.5.569~1-6f329]:~CachingOptimizingCompiler():nnet-optimize.cc:710) 0.0584 seconds taken in nnet3 compilation total (breakdown: 0.0477 compilation, 0.00682 optimization, 0 shortcut expansion, 0.00133 checking, 3.81e-06 computing indexes, 0.0026 misc.) + 0 I/O.
pp48-domotica3_command101 alle in deur dicht aan de slaapkamer 
LOG (nnet3-latgen-faster-parallel[5.5.569~1-6f329]:~DecodeUtteranceLatticeFasterClass():decoder-wrappers.cc:180) Log-like per frame for utterance pp48-domotica3_command101 is 1.52984 over 190 frames.
LOG (nnet3-latgen-faster-parallel[5.5.569~1-6f329]:~CachingOptimizingCompiler():nnet-optimize.cc:710) 0.0681 seconds taken in nnet3 compilation total (breakdown: 0.0544 compilation, 0.00854 optimization, 0 shortcut expansion, 0.00165 checking, 3.81e-06 computing indexes, 0.00353 misc.) + 0 I/O.
pp48-domotica3_command102 deur open naar mijn slaapkamer 
LOG (nnet3-latgen-faster-parallel[5.5.569~1-6f329]:~DecodeUtteranceLatticeFasterClass():decoder-wrappers.cc:180) Log-like per frame for utterance pp48-domotica3_command102 is 1.56992 over 224 frames.
LOG (nnet3-latgen-faster-parallel[5.5.569~1-6f329]:~CachingOptimizingCompiler():nnet-optimize.cc:710) 0.0654 seconds taken in nnet3 compilation total (breakdown: 0.054 compilation, 0.00675 optimization, 0 shortcut expansion, 0.00131 checking, 2.86e-06 computing indexes, 0.00332 misc.) + 0 I/O.
pp48-domotica3_command103 alle in licht aan in mijn slaapkamer 
LOG (nnet3-latgen-faster-parallel[5.5.569~1-6f329]:~DecodeUtteranceLatticeFasterClass():decoder-wrappers.cc:180) Log-like per frame for utterance pp48-domotica3_command103 is 1.47328 over 223 frames.
LOG (nnet3-latgen-faster-parallel[5.5.569~1-6f329]:~CachingOptimizingCompiler():nnet-optimize.cc:710) 0.06 seconds taken in nnet3 compilation total (breakdown: 0.0477 compilation, 0.00708 optimization, 0 shortcut expansion, 0.00138 checking, 4.05e-06 computing indexes, 0.0038 misc.) + 0 I/O.
pp48-domotica3_command104 alle lichten uit op mijn slaapkamer 
LOG (nnet3-latgen-faster-parallel[5.5.569~1-6f329]:~DecodeUtteranceLatticeFasterClass():decoder-wrappers.cc:180) Log-like per frame for utterance pp48-domotica3_command104 is 1.44606 over 208 frames.
LOG (nnet3-latgen-faster-parallel[5.5.569~1-6f329]:~CachingOptimizingCompiler():nnet-optimize.cc:710) 0.055 seconds taken in nnet3 compilation total (breakdown: 0.0444 compilation, 0.00658 optimization, 0 shortcut expansion, 0.00126 checking, 3.1e-06 computing indexes, 0.00275 misc.) + 0 I/O.
pp48-domotica3_command105 alle in de voordeur sluiten 
LOG (nnet3-latgen-faster-parallel[5.5.569~1-6f329]:~DecodeUtteranceLatticeFasterClass():decoder-wrappers.cc:180) Log-like per frame for utterance pp48-domotica3_command105 is 1.52516 over 161 frames.
LOG (nnet3-latgen-faster-parallel[5.5.569~1-6f329]:~CachingOptimizingCompiler():nnet-optimize.cc:710) 0.0695 seconds taken in nnet3 compilation total (breakdown: 0.0556 compilation, 0.00864 optimization, 0 shortcut expansion, 0.00165 checking, 4.05e-06 computing indexes, 0.00356 misc.) + 0 I/O.
pp48-domotica3_command106 alle in deur open 
LOG (nnet3-latgen-faster-parallel[5.5.569~1-6f329]:~DecodeUtteranceLatticeFasterClass():decoder-wrappers.cc:180) Log-like per frame for utterance pp48-domotica3_command106 is 1.38505 over 139 frames.
LOG (nnet3-latgen-faster-parallel[5.5.569~1-6f329]:~CachingOptimizingCompiler():nnet-optimize.cc:710) 0.074 seconds taken in nnet3 compilation total (breakdown: 0.0624 compilation, 0.00691 optimization, 0 shortcut expansion, 0.00131 checking, 3.81e-06 computing indexes, 0.00341 misc.) + 0 I/O.
pp48-domotica3_command107 doe alle lichten uit 
LOG (nnet3-latgen-faster-parallel[5.5.569~1-6f329]:~DecodeUtteranceLatticeFasterClass():decoder-wrappers.cc:180) Log-like per frame for utterance pp48-domotica3_command107 is 1.29357 over 187 frames.
LOG (nnet3-latgen-faster-parallel[5.5.569~1-6f329]:~CachingOptimizingCompiler():nnet-optimize.cc:710) 0.0683 seconds taken in nnet3 compilation total (breakdown: 0.0568 compilation, 0.00678 optimization, 0 shortcut expansion, 0.00128 checking, 3.81e-06 computing indexes, 0.00346 misc.) + 0 I/O.
pp48-domotica3_command108 alle in hoofdeinde op stand twee een 
LOG (nnet3-latgen-faster-parallel[5.5.569~1-6f329]:~DecodeUtteranceLatticeFasterClass():decoder-wrappers.cc:180) Log-like per frame for utterance pp48-domotica3_command108 is 1.20563 over 289 frames.
LOG (nnet3-latgen-faster-parallel[5.5.569~1-6f329]:~CachingOptimizingCompiler():nnet-optimize.cc:710) 0.0504 seconds taken in nnet3 compilation total (breakdown: 0.0395 compilation, 0.00698 optimization, 0 shortcut expansion, 0.00135 checking, 4.05e-06 computing indexes, 0.00256 misc.) + 0 I/O.
pp48-domotica3_command109 alle in hoofdeinde op stand twee 
LOG (nnet3-latgen-faster-parallel[5.5.569~1-6f329]:~DecodeUtteranceLatticeFasterClass():decoder-wrappers.cc:180) Log-like per frame for utterance pp48-domotica3_command109 is 1.57387 over 174 frames.
LOG (nnet3-latgen-faster-parallel[5.5.569~1-6f329]:~CachingOptimizingCompiler():nnet-optimize.cc:710) 0.0611 seconds taken in nnet3 compilation total (breakdown: 0.0499 compilation, 0.0067 optimization, 0 shortcut expansion, 0.00127 checking, 2.86e-06 computing indexes, 0.00322 misc.) + 0 I/O.
pp48-domotica3_command11 alle in hoofdeinde op stand twee 
LOG (nnet3-latgen-faster-parallel[5.5.569~1-6f329]:~DecodeUtteranceLatticeFasterClass():decoder-wrappers.cc:180) Log-like per frame for utterance pp48-domotica3_command11 is 1.41271 over 178 frames.
LOG (nnet3-latgen-faster-parallel[5.5.569~1-6f329]:~CachingOptimizingCompiler():nnet-optimize.cc:710) 0.0623 seconds taken in nnet3 compilation total (breakdown: 0.051 compilation, 0.00686 optimization, 0 shortcut expansion, 0.00124 checking, 4.29e-06 computing indexes, 0.0032 misc.) + 0 I/O.
pp48-domotica3_command110 alle hoofdeinde op stand drie 
LOG (nnet3-latgen-faster-parallel[5.5.569~1-6f329]:~DecodeUtteranceLatticeFasterClass():decoder-wrappers.cc:180) Log-like per frame for utterance pp48-domotica3_command110 is 1.34615 over 180 frames.
LOG (nnet3-latgen-faster-parallel[5.5.569~1-6f329]:~CachingOptimizingCompiler():nnet-optimize.cc:710) 0.0932 seconds taken in nnet3 compilation total (breakdown: 0.0783 compilation, 0.00872 optimization, 0 shortcut expansion, 0.00164 checking, 2.86e-06 computing indexes, 0.00445 misc.) + 0 I/O.
pp48-domotica3_command111 deur dicht aan de slaapkamer 
LOG (nnet3-latgen-faster-parallel[5.5.569~1-6f329]:~DecodeUtteranceLatticeFasterClass():decoder-wrappers.cc:180) Log-like per frame for utterance pp48-domotica3_command111 is 1.29575 over 194 frames.
LOG (nnet3-latgen-faster-parallel[5.5.569~1-6f329]:~CachingOptimizingCompiler():nnet-optimize.cc:710) 0.0502 seconds taken in nnet3 compilation total (breakdown: 0.0397 compilation, 0.00685 optimization, 0 shortcut expansion, 0.00133 checking, 3.1e-06 computing indexes, 0.00234 misc.) + 0 I/O.
pp48-domotica3_command112 alle deur open naar mijn slaapkamer 
LOG (nnet3-latgen-faster-parallel[5.5.569~1-6f329]:~DecodeUtteranceLatticeFasterClass():decoder-wrappers.cc:180) Log-like per frame for utterance pp48-domotica3_command112 is 1.39614 over 225 frames.
LOG (nnet3-latgen-faster-parallel[5.5.569~1-6f329]:~CachingOptimizingCompiler():nnet-optimize.cc:710) 0.0728 seconds taken in nnet3 compilation total (breakdown: 0.0612 compilation, 0.00689 optimization, 0 shortcut expansion, 0.00132 checking, 5.01e-06 computing indexes, 0.00338 misc.) + 0 I/O.
pp48-domotica3_command113 in licht aan in mijn slaapkamer 
LOG (nnet3-latgen-faster-parallel[5.5.569~1-6f329]:~DecodeUtteranceLatticeFasterClass():decoder-wrappers.cc:180) Log-like per frame for utterance pp48-domotica3_command113 is 1.31117 over 203 frames.
LOG (nnet3-latgen-faster-parallel[5.5.569~1-6f329]:~CachingOptimizingCompiler():nnet-optimize.cc:710) 0.0532 seconds taken in nnet3 compilation total (breakdown: 0.0421 compilation, 0.00698 optimization, 0 shortcut expansion, 0.00133 checking, 2.86e-06 computing indexes, 0.00275 misc.) + 0 I/O.
pp48-domotica3_command114 in licht uit op mijn slaapkamer 
LOG (nnet3-latgen-faster-parallel[5.5.569~1-6f329]:~DecodeUtteranceLatticeFasterClass():decoder-wrappers.cc:180) Log-like per frame for utterance pp48-domotica3_command114 is 1.36691 over 195 frames.
LOG (nnet3-latgen-faster-parallel[5.5.569~1-6f329]:~CachingOptimizingCompiler():nnet-optimize.cc:710) 0.0631 seconds taken in nnet3 compilation total (breakdown: 0.0514 compilation, 0.00741 optimization, 0 shortcut expansion, 0.00157 checking, 4.29e-06 computing indexes, 0.00273 misc.) + 0 I/O.
pp48-domotica3_command115 alle de voordeur sluiten 
LOG (nnet3-latgen-faster-parallel[5.5.569~1-6f329]:~DecodeUtteranceLatticeFasterClass():decoder-wrappers.cc:180) Log-like per frame for utterance pp48-domotica3_command115 is 1.69552 over 190 frames.
LOG (nnet3-latgen-faster-parallel[5.5.569~1-6f329]:~CachingOptimizingCompiler():nnet-optimize.cc:710) 0.0637 seconds taken in nnet3 compilation total (breakdown: 0.0501 compilation, 0.00857 optimization, 0 shortcut expansion, 0.00157 checking, 4.05e-06 computing indexes, 0.00343 misc.) + 0 I/O.
pp48-domotica3_command116 aan in deur open 
LOG (nnet3-latgen-faster-parallel[5.5.569~1-6f329]:~DecodeUtteranceLatticeFasterClass():decoder-wrappers.cc:180) Log-like per frame for utterance pp48-domotica3_command116 is 1.33019 over 189 frames.
LOG (nnet3-latgen-faster-parallel[5.5.569~1-6f329]:~CachingOptimizingCompiler():nnet-optimize.cc:710) 0.046 seconds taken in nnet3 compilation total (breakdown: 0.0352 compilation, 0.00709 optimization, 0 shortcut expansion, 0.00141 checking, 2.86e-06 computing indexes, 0.0023 misc.) + 0 I/O.
pp48-domotica3_command117 in doe alle lichten uit 
LOG (nnet3-latgen-faster-parallel[5.5.569~1-6f329]:~DecodeUtteranceLatticeFasterClass():decoder-wrappers.cc:180) Log-like per frame for utterance pp48-domotica3_command117 is 1.20569 over 176 frames.
LOG (nnet3-latgen-faster-parallel[5.5.569~1-6f329]:~CachingOptimizingCompiler():nnet-optimize.cc:710) 0.0741 seconds taken in nnet3 compilation total (breakdown: 0.0584 compilation, 0.00877 optimization, 0 shortcut expansion, 0.00164 checking, 4.05e-06 computing indexes, 0.00536 misc.) + 0 I/O.
pp48-domotica3_command118 hoofdeinde op stand een 
LOG (nnet3-latgen-faster-parallel[5.5.569~1-6f329]:~DecodeUtteranceLatticeFasterClass():decoder-wrappers.cc:180) Log-like per frame for utterance pp48-domotica3_command118 is 1.3485 over 181 frames.
LOG (nnet3-latgen-faster-parallel[5.5.569~1-6f329]:~CachingOptimizingCompiler():nnet-optimize.cc:710) 0.0768 seconds taken in nnet3 compilation total (breakdown: 0.0632 compilation, 0.00818 optimization, 0 shortcut expansion, 0.0015 checking, 4.77e-06 computing indexes, 0.00388 misc.) + 0 I/O.
pp48-domotica3_command119 alle in hoofdeinde op stand twee 
LOG (nnet3-latgen-faster-parallel[5.5.569~1-6f329]:~DecodeUtteranceLatticeFasterClass():decoder-wrappers.cc:180) Log-like per frame for utterance pp48-domotica3_command119 is 1.45411 over 165 frames.
LOG (nnet3-latgen-faster-parallel[5.5.569~1-6f329]:~CachingOptimizingCompiler():nnet-optimize.cc:710) 0.0668 seconds taken in nnet3 compilation total (breakdown: 0.0541 compilation, 0.00804 optimization, 0 shortcut expansion, 0.00149 checking, 4.77e-06 computing indexes, 0.0031 misc.) + 0 I/O.
pp48-domotica3_command12 alle in hoofdeinde op stand drie 
LOG (nnet3-latgen-faster-parallel[5.5.569~1-6f329]:~DecodeUtteranceLatticeFasterClass():decoder-wrappers.cc:180) Log-like per frame for utterance pp48-domotica3_command12 is 1.17991 over 186 frames.
LOG (nnet3-latgen-faster-parallel[5.5.569~1-6f329]:~CachingOptimizingCompiler():nnet-optimize.cc:710) 0.0828 seconds taken in nnet3 compilation total (breakdown: 0.068 compilation, 0.00867 optimization, 0 shortcut expansion, 0.00161 checking, 6.2e-06 computing indexes, 0.00444 misc.) + 0 I/O.
pp48-domotica3_command120 hoofdeinde hoofdeinde op stand drie 
LOG (nnet3-latgen-faster-parallel[5.5.569~1-6f329]:~DecodeUtteranceLatticeFasterClass():decoder-wrappers.cc:180) Log-like per frame for utterance pp48-domotica3_command120 is 1.45637 over 175 frames.
LOG (nnet3-latgen-faster-parallel[5.5.569~1-6f329]:~CachingOptimizingCompiler():nnet-optimize.cc:710) 0.0612 seconds taken in nnet3 compilation total (breakdown: 0.0502 compilation, 0.00669 optimization, 0 shortcut expansion, 0.00138 checking, 3.81e-06 computing indexes, 0.00295 misc.) + 0 I/O.
pp48-domotica3_command121 deur dicht aan de slaapkamer 
LOG (nnet3-latgen-faster-parallel[5.5.569~1-6f329]:~DecodeUtteranceLatticeFasterClass():decoder-wrappers.cc:180) Log-like per frame for utterance pp48-domotica3_command121 is 1.41478 over 202 frames.
LOG (nnet3-latgen-faster-parallel[5.5.569~1-6f329]:~CachingOptimizingCompiler():nnet-optimize.cc:710) 0.0525 seconds taken in nnet3 compilation total (breakdown: 0.0416 compilation, 0.00692 optimization, 0 shortcut expansion, 0.00136 checking, 4.05e-06 computing indexes, 0.00263 misc.) + 0 I/O.
pp48-domotica3_command122 in deur open naar mijn slaapkamer 
LOG (nnet3-latgen-faster-parallel[5.5.569~1-6f329]:~DecodeUtteranceLatticeFasterClass():decoder-wrappers.cc:180) Log-like per frame for utterance pp48-domotica3_command122 is 1.47421 over 167 frames.
LOG (nnet3-latgen-faster-parallel[5.5.569~1-6f329]:~CachingOptimizingCompiler():nnet-optimize.cc:710) 0.0731 seconds taken in nnet3 compilation total (breakdown: 0.0588 compilation, 0.00862 optimization, 0 shortcut expansion, 0.00162 checking, 5.01e-06 computing indexes, 0.00397 misc.) + 0 I/O.
pp48-domotica3_command123 alle in licht aan in mijn slaapkamer 
LOG (nnet3-latgen-faster-parallel[5.5.569~1-6f329]:~DecodeUtteranceLatticeFasterClass():decoder-wrappers.cc:180) Log-like per frame for utterance pp48-domotica3_command123 is 1.49956 over 202 frames.
LOG (nnet3-latgen-faster-parallel[5.5.569~1-6f329]:~CachingOptimizingCompiler():nnet-optimize.cc:710) 0.0546 seconds taken in nnet3 compilation total (breakdown: 0.0436 compilation, 0.00697 optimization, 0 shortcut expansion, 0.00141 checking, 4.05e-06 computing indexes, 0.00255 misc.) + 0 I/O.
pp48-domotica3_command124 alle lichten uit op mijn slaapkamer 
LOG (nnet3-latgen-faster-parallel[5.5.569~1-6f329]:~DecodeUtteranceLatticeFasterClass():decoder-wrappers.cc:180) Log-like per frame for utterance pp48-domotica3_command124 is 1.4243 over 218 frames.
LOG (nnet3-latgen-faster-parallel[5.5.569~1-6f329]:~CachingOptimizingCompiler():nnet-optimize.cc:710) 0.0616 seconds taken in nnet3 compilation total (breakdown: 0.0494 compilation, 0.007 optimization, 0 shortcut expansion, 0.00132 checking, 4.05e-06 computing indexes, 0.00382 misc.) + 0 I/O.
pp48-domotica3_command125 alle in de voordeur sluiten 
LOG (nnet3-latgen-faster-parallel[5.5.569~1-6f329]:~DecodeUtteranceLatticeFasterClass():decoder-wrappers.cc:180) Log-like per frame for utterance pp48-domotica3_command125 is 1.35218 over 169 frames.
LOG (nnet3-latgen-faster-parallel[5.5.569~1-6f329]:~CachingOptimizingCompiler():nnet-optimize.cc:710) 0.0614 seconds taken in nnet3 compilation total (breakdown: 0.0505 compilation, 0.00686 optimization, 0 shortcut expansion, 0.00132 checking, 4.05e-06 computing indexes, 0.00268 misc.) + 0 I/O.
pp48-domotica3_command126 alle deur open 
LOG (nnet3-latgen-faster-parallel[5.5.569~1-6f329]:~DecodeUtteranceLatticeFasterClass():decoder-wrappers.cc:180) Log-like per frame for utterance pp48-domotica3_command126 is 1.33777 over 159 frames.
LOG (nnet3-latgen-faster-parallel[5.5.569~1-6f329]:~CachingOptimizingCompiler():nnet-optimize.cc:710) 0.0641 seconds taken in nnet3 compilation total (breakdown: 0.0539 compilation, 0.00653 optimization, 0 shortcut expansion, 0.00119 checking, 4.05e-06 computing indexes, 0.00247 misc.) + 0 I/O.
pp48-domotica3_command127 mijn doe alle lichten uit 
LOG (nnet3-latgen-faster-parallel[5.5.569~1-6f329]:~DecodeUtteranceLatticeFasterClass():decoder-wrappers.cc:180) Log-like per frame for utterance pp48-domotica3_command127 is 1.38652 over 234 frames.
LOG (nnet3-latgen-faster-parallel[5.5.569~1-6f329]:~CachingOptimizingCompiler():nnet-optimize.cc:710) 0.0858 seconds taken in nnet3 compilation total (breakdown: 0.0735 compilation, 0.00685 optimization, 0 shortcut expansion, 0.00133 checking, 4.05e-06 computing indexes, 0.00415 misc.) + 0 I/O.
pp48-domotica3_command128 hoofdeinde op stand twee een 
LOG (nnet3-latgen-faster-parallel[5.5.569~1-6f329]:~DecodeUtteranceLatticeFasterClass():decoder-wrappers.cc:180) Log-like per frame for utterance pp48-domotica3_command128 is 1.46022 over 210 frames.
LOG (nnet3-latgen-faster-parallel[5.5.569~1-6f329]:~CachingOptimizingCompiler():nnet-optimize.cc:710) 0.0551 seconds taken in nnet3 compilation total (breakdown: 0.0445 compilation, 0.0067 optimization, 0 shortcut expansion, 0.00126 checking, 3.81e-06 computing indexes, 0.00264 misc.) + 0 I/O.
pp48-domotica3_command129 in hoofdeinde op stand twee 
LOG (nnet3-latgen-faster-parallel[5.5.569~1-6f329]:~DecodeUtteranceLatticeFasterClass():decoder-wrappers.cc:180) Log-like per frame for utterance pp48-domotica3_command129 is 1.4912 over 197 frames.
LOG (nnet3-latgen-faster-parallel[5.5.569~1-6f329]:~CachingOptimizingCompiler():nnet-optimize.cc:710) 0.0488 seconds taken in nnet3 compilation total (breakdown: 0.0379 compilation, 0.00691 optimization, 0 shortcut expansion, 0.00134 checking, 2.86e-06 computing indexes, 0.0027 misc.) + 0 I/O.
pp48-domotica3_command13 alle in licht aan in mijn slaapkamer 
LOG (nnet3-latgen-faster-parallel[5.5.569~1-6f329]:~DecodeUtteranceLatticeFasterClass():decoder-wrappers.cc:180) Log-like per frame for utterance pp48-domotica3_command13 is 1.40588 over 200 frames.
LOG (nnet3-latgen-faster-parallel[5.5.569~1-6f329]:~CachingOptimizingCompiler():nnet-optimize.cc:710) 0.0726 seconds taken in nnet3 compilation total (breakdown: 0.0581 compilation, 0.00891 optimization, 0 shortcut expansion, 0.00178 checking, 5.25e-06 computing indexes, 0.00374 misc.) + 0 I/O.
pp48-domotica3_command130 alle in hoofdeinde op stand drie 
LOG (nnet3-latgen-faster-parallel[5.5.569~1-6f329]:~DecodeUtteranceLatticeFasterClass():decoder-wrappers.cc:180) Log-like per frame for utterance pp48-domotica3_command130 is 1.53386 over 184 frames.
LOG (nnet3-latgen-faster-parallel[5.5.569~1-6f329]:~CachingOptimizingCompiler():nnet-optimize.cc:710) 0.0646 seconds taken in nnet3 compilation total (breakdown: 0.0531 compilation, 0.00679 optimization, 0 shortcut expansion, 0.0013 checking, 4.05e-06 computing indexes, 0.00334 misc.) + 0 I/O.
pp48-domotica3_command131 mijn deur dicht aan de slaapkamer 
LOG (nnet3-latgen-faster-parallel[5.5.569~1-6f329]:~DecodeUtteranceLatticeFasterClass():decoder-wrappers.cc:180) Log-like per frame for utterance pp48-domotica3_command131 is 1.40515 over 212 frames.
LOG (nnet3-latgen-faster-parallel[5.5.569~1-6f329]:~CachingOptimizingCompiler():nnet-optimize.cc:710) 0.0577 seconds taken in nnet3 compilation total (breakdown: 0.0463 compilation, 0.00675 optimization, 0 shortcut expansion, 0.00133 checking, 3.81e-06 computing indexes, 0.00341 misc.) + 0 I/O.
pp48-domotica3_command132 mijn deur open naar mijn slaapkamer 
LOG (nnet3-latgen-faster-parallel[5.5.569~1-6f329]:~DecodeUtteranceLatticeFasterClass():decoder-wrappers.cc:180) Log-like per frame for utterance pp48-domotica3_command132 is 1.53624 over 251 frames.
LOG (nnet3-latgen-faster-parallel[5.5.569~1-6f329]:~CachingOptimizingCompiler():nnet-optimize.cc:710) 0.0642 seconds taken in nnet3 compilation total (breakdown: 0.0526 compilation, 0.00709 optimization, 0 shortcut expansion, 0.00147 checking, 3.1e-06 computing indexes, 0.00305 misc.) + 0 I/O.
pp48-domotica3_command133 alle in dicht aan in mijn slaapkamer 
LOG (nnet3-latgen-faster-parallel[5.5.569~1-6f329]:~DecodeUtteranceLatticeFasterClass():decoder-wrappers.cc:180) Log-like per frame for utterance pp48-domotica3_command133 is 1.50597 over 214 frames.
LOG (nnet3-latgen-faster-parallel[5.5.569~1-6f329]:~CachingOptimizingCompiler():nnet-optimize.cc:710) 0.059 seconds taken in nnet3 compilation total (breakdown: 0.0479 compilation, 0.0068 optimization, 0 shortcut expansion, 0.00126 checking, 1.91e-06 computing indexes, 0.00304 misc.) + 0 I/O.
pp48-domotica3_command134 alle lichten uit op mijn slaapkamer 
LOG (nnet3-latgen-faster-parallel[5.5.569~1-6f329]:~DecodeUtteranceLatticeFasterClass():decoder-wrappers.cc:180) Log-like per frame for utterance pp48-domotica3_command134 is 1.40439 over 210 frames.
LOG (nnet3-latgen-faster-parallel[5.5.569~1-6f329]:~CachingOptimizingCompiler():nnet-optimize.cc:710) 0.0686 seconds taken in nnet3 compilation total (breakdown: 0.0576 compilation, 0.00698 optimization, 0 shortcut expansion, 0.00128 checking, 4.05e-06 computing indexes, 0.00275 misc.) + 0 I/O.
pp48-domotica3_command135 alle in de voordeur sluiten 
LOG (nnet3-latgen-faster-parallel[5.5.569~1-6f329]:~DecodeUtteranceLatticeFasterClass():decoder-wrappers.cc:180) Log-like per frame for utterance pp48-domotica3_command135 is 1.52015 over 186 frames.
LOG (nnet3-latgen-faster-parallel[5.5.569~1-6f329]:~CachingOptimizingCompiler():nnet-optimize.cc:710) 0.0832 seconds taken in nnet3 compilation total (breakdown: 0.0682 compilation, 0.00885 optimization, 0 shortcut expansion, 0.00173 checking, 4.05e-06 computing indexes, 0.00447 misc.) + 0 I/O.
pp48-domotica3_command136 alle mijn deur open 
LOG (nnet3-latgen-faster-parallel[5.5.569~1-6f329]:~DecodeUtteranceLatticeFasterClass():decoder-wrappers.cc:180) Log-like per frame for utterance pp48-domotica3_command136 is 1.55174 over 168 frames.
LOG (nnet3-latgen-faster-parallel[5.5.569~1-6f329]:~CachingOptimizingCompiler():nnet-optimize.cc:710) 0.0575 seconds taken in nnet3 compilation total (breakdown: 0.0465 compilation, 0.00683 optimization, 0 shortcut expansion, 0.00128 checking, 1.91e-06 computing indexes, 0.00295 misc.) + 0 I/O.
pp48-domotica3_command137 alle doe alle lichten uit 
LOG (nnet3-latgen-faster-parallel[5.5.569~1-6f329]:~DecodeUtteranceLatticeFasterClass():decoder-wrappers.cc:180) Log-like per frame for utterance pp48-domotica3_command137 is 1.18437 over 186 frames.
LOG (nnet3-latgen-faster-parallel[5.5.569~1-6f329]:~CachingOptimizingCompiler():nnet-optimize.cc:710) 0.0671 seconds taken in nnet3 compilation total (breakdown: 0.0554 compilation, 0.0072 optimization, 0 shortcut expansion, 0.00131 checking, 3.1e-06 computing indexes, 0.0032 misc.) + 0 I/O.
pp48-domotica3_command138 hoofdeinde op stand een 
LOG (nnet3-latgen-faster-parallel[5.5.569~1-6f329]:~DecodeUtteranceLatticeFasterClass():decoder-wrappers.cc:180) Log-like per frame for utterance pp48-domotica3_command138 is 1.40958 over 208 frames.
LOG (nnet3-latgen-faster-parallel[5.5.569~1-6f329]:~CachingOptimizingCompiler():nnet-optimize.cc:710) 0.0541 seconds taken in nnet3 compilation total (breakdown: 0.0424 compilation, 0.00709 optimization, 0 shortcut expansion, 0.00148 checking, 4.77e-06 computing indexes, 0.00312 misc.) + 0 I/O.
pp48-domotica3_command139 alle in hoofdeinde op stand twee 
LOG (nnet3-latgen-faster-parallel[5.5.569~1-6f329]:~DecodeUtteranceLatticeFasterClass():decoder-wrappers.cc:180) Log-like per frame for utterance pp48-domotica3_command139 is 1.38838 over 183 frames.
LOG (nnet3-latgen-faster-parallel[5.5.569~1-6f329]:~CachingOptimizingCompiler():nnet-optimize.cc:710) 0.065 seconds taken in nnet3 compilation total (breakdown: 0.0537 compilation, 0.00685 optimization, 0 shortcut expansion, 0.00131 checking, 3.81e-06 computing indexes, 0.00314 misc.) + 0 I/O.
pp48-domotica3_command14 alle lichten uit op mijn slaapkamer 
LOG (nnet3-latgen-faster-parallel[5.5.569~1-6f329]:~DecodeUtteranceLatticeFasterClass():decoder-wrappers.cc:180) Log-like per frame for utterance pp48-domotica3_command14 is 1.40641 over 206 frames.
LOG (nnet3-latgen-faster-parallel[5.5.569~1-6f329]:~CachingOptimizingCompiler():nnet-optimize.cc:710) 0.0664 seconds taken in nnet3 compilation total (breakdown: 0.0521 compilation, 0.00899 optimization, 0 shortcut expansion, 0.00192 checking, 4.05e-06 computing indexes, 0.00347 misc.) + 0 I/O.
pp48-domotica3_command140 alle in hoofdeinde op stand drie 
LOG (nnet3-latgen-faster-parallel[5.5.569~1-6f329]:~DecodeUtteranceLatticeFasterClass():decoder-wrappers.cc:180) Log-like per frame for utterance pp48-domotica3_command140 is 1.41236 over 198 frames.
LOG (nnet3-latgen-faster-parallel[5.5.569~1-6f329]:~CachingOptimizingCompiler():nnet-optimize.cc:710) 0.0667 seconds taken in nnet3 compilation total (breakdown: 0.0536 compilation, 0.00862 optimization, 0 shortcut expansion, 0.00161 checking, 4.05e-06 computing indexes, 0.00289 misc.) + 0 I/O.
pp48-domotica3_command141 deur dicht aan de slaapkamer 
LOG (nnet3-latgen-faster-parallel[5.5.569~1-6f329]:~DecodeUtteranceLatticeFasterClass():decoder-wrappers.cc:180) Log-like per frame for utterance pp48-domotica3_command141 is 1.43402 over 209 frames.
LOG (nnet3-latgen-faster-parallel[5.5.569~1-6f329]:~CachingOptimizingCompiler():nnet-optimize.cc:710) 0.0661 seconds taken in nnet3 compilation total (breakdown: 0.0553 compilation, 0.00675 optimization, 0 shortcut expansion, 0.00127 checking, 3.1e-06 computing indexes, 0.00283 misc.) + 0 I/O.
pp48-domotica3_command142 deur open naar mijn slaapkamer 
LOG (nnet3-latgen-faster-parallel[5.5.569~1-6f329]:~DecodeUtteranceLatticeFasterClass():decoder-wrappers.cc:180) Log-like per frame for utterance pp48-domotica3_command142 is 1.45671 over 224 frames.
LOG (nnet3-latgen-faster-parallel[5.5.569~1-6f329]:~CachingOptimizingCompiler():nnet-optimize.cc:710) 0.0787 seconds taken in nnet3 compilation total (breakdown: 0.064 compilation, 0.00858 optimization, 0 shortcut expansion, 0.00159 checking, 4.05e-06 computing indexes, 0.00449 misc.) + 0 I/O.
pp48-domotica3_command143 alle lichten licht aan in mijn slaapkamer 
LOG (nnet3-latgen-faster-parallel[5.5.569~1-6f329]:~DecodeUtteranceLatticeFasterClass():decoder-wrappers.cc:180) Log-like per frame for utterance pp48-domotica3_command143 is 1.4033 over 214 frames.
LOG (nnet3-latgen-faster-parallel[5.5.569~1-6f329]:~CachingOptimizingCompiler():nnet-optimize.cc:710) 0.0566 seconds taken in nnet3 compilation total (breakdown: 0.0454 compilation, 0.00689 optimization, 0 shortcut expansion, 0.00134 checking, 3.81e-06 computing indexes, 0.00305 misc.) + 0 I/O.
pp48-domotica3_command144 hoofdeinde lichten uit op mijn slaapkamer 
LOG (nnet3-latgen-faster-parallel[5.5.569~1-6f329]:~DecodeUtteranceLatticeFasterClass():decoder-wrappers.cc:180) Log-like per frame for utterance pp48-domotica3_command144 is 1.41051 over 220 frames.
LOG (nnet3-latgen-faster-parallel[5.5.569~1-6f329]:~CachingOptimizingCompiler():nnet-optimize.cc:710) 0.0818 seconds taken in nnet3 compilation total (breakdown: 0.0667 compilation, 0.00924 optimization, 0 shortcut expansion, 0.00166 checking, 5.01e-06 computing indexes, 0.00425 misc.) + 0 I/O.
pp48-domotica3_command145 alle drie de voordeur sluiten 
LOG (nnet3-latgen-faster-parallel[5.5.569~1-6f329]:~DecodeUtteranceLatticeFasterClass():decoder-wrappers.cc:180) Log-like per frame for utterance pp48-domotica3_command145 is 1.71331 over 193 frames.
LOG (nnet3-latgen-faster-parallel[5.5.569~1-6f329]:~CachingOptimizingCompiler():nnet-optimize.cc:710) 0.0462 seconds taken in nnet3 compilation total (breakdown: 0.0356 compilation, 0.00693 optimization, 0 shortcut expansion, 0.00137 checking, 2.86e-06 computing indexes, 0.00229 misc.) + 0 I/O.
pp48-domotica3_command146 mijn deur open 
LOG (nnet3-latgen-faster-parallel[5.5.569~1-6f329]:~DecodeUtteranceLatticeFasterClass():decoder-wrappers.cc:180) Log-like per frame for utterance pp48-domotica3_command146 is 1.53231 over 163 frames.
LOG (nnet3-latgen-faster-parallel[5.5.569~1-6f329]:~CachingOptimizingCompiler():nnet-optimize.cc:710) 0.0639 seconds taken in nnet3 compilation total (breakdown: 0.0528 compilation, 0.00693 optimization, 0 shortcut expansion, 0.00145 checking, 2.86e-06 computing indexes, 0.00266 misc.) + 0 I/O.
pp48-domotica3_command147 in doe alle lichten uit 
LOG (nnet3-latgen-faster-parallel[5.5.569~1-6f329]:~DecodeUtteranceLatticeFasterClass():decoder-wrappers.cc:180) Log-like per frame for utterance pp48-domotica3_command147 is 1.21919 over 194 frames.
LOG (nnet3-latgen-faster-parallel[5.5.569~1-6f329]:~CachingOptimizingCompiler():nnet-optimize.cc:710) 0.0696 seconds taken in nnet3 compilation total (breakdown: 0.0555 compilation, 0.00875 optimization, 0 shortcut expansion, 0.00159 checking, 2.86e-06 computing indexes, 0.00373 misc.) + 0 I/O.
pp48-domotica3_command148 in hoofdeinde op stand twee 
LOG (nnet3-latgen-faster-parallel[5.5.569~1-6f329]:~DecodeUtteranceLatticeFasterClass():decoder-wrappers.cc:180) Log-like per frame for utterance pp48-domotica3_command148 is 1.33987 over 198 frames.
LOG (nnet3-latgen-faster-parallel[5.5.569~1-6f329]:~CachingOptimizingCompiler():nnet-optimize.cc:710) 0.0498 seconds taken in nnet3 compilation total (breakdown: 0.0393 compilation, 0.00677 optimization, 0 shortcut expansion, 0.00127 checking, 1.91e-06 computing indexes, 0.00241 misc.) + 0 I/O.
pp48-domotica3_command149 in hoofdeinde op stand twee 
LOG (nnet3-latgen-faster-parallel[5.5.569~1-6f329]:~DecodeUtteranceLatticeFasterClass():decoder-wrappers.cc:180) Log-like per frame for utterance pp48-domotica3_command149 is 1.43982 over 191 frames.
LOG (nnet3-latgen-faster-parallel[5.5.569~1-6f329]:~CachingOptimizingCompiler():nnet-optimize.cc:710) 0.0483 seconds taken in nnet3 compilation total (breakdown: 0.0377 compilation, 0.00698 optimization, 0 shortcut expansion, 0.00134 checking, 3.81e-06 computing indexes, 0.0023 misc.) + 0 I/O.
pp48-domotica3_command15 de voordeur sluiten 
LOG (nnet3-latgen-faster-parallel[5.5.569~1-6f329]:~DecodeUtteranceLatticeFasterClass():decoder-wrappers.cc:180) Log-like per frame for utterance pp48-domotica3_command15 is 1.52086 over 182 frames.
LOG (nnet3-latgen-faster-parallel[5.5.569~1-6f329]:~CachingOptimizingCompiler():nnet-optimize.cc:710) 0.0727 seconds taken in nnet3 compilation total (breakdown: 0.0616 compilation, 0.0067 optimization, 0 shortcut expansion, 0.0013 checking, 4.29e-06 computing indexes, 0.00311 misc.) + 0 I/O.
pp48-domotica3_command150 hoofdeinde op stand drie 
LOG (nnet3-latgen-faster-parallel[5.5.569~1-6f329]:~DecodeUtteranceLatticeFasterClass():decoder-wrappers.cc:180) Log-like per frame for utterance pp48-domotica3_command150 is 1.36457 over 195 frames.
LOG (nnet3-latgen-faster-parallel[5.5.569~1-6f329]:~CachingOptimizingCompiler():nnet-optimize.cc:710) 0.0478 seconds taken in nnet3 compilation total (breakdown: 0.0373 compilation, 0.00674 optimization, 0 shortcut expansion, 0.00135 checking, 3.81e-06 computing indexes, 0.00243 misc.) + 0 I/O.
pp48-domotica3_command151 deur dicht aan de slaapkamer 
LOG (nnet3-latgen-faster-parallel[5.5.569~1-6f329]:~DecodeUtteranceLatticeFasterClass():decoder-wrappers.cc:180) Log-like per frame for utterance pp48-domotica3_command151 is 1.26062 over 199 frames.
LOG (nnet3-latgen-faster-parallel[5.5.569~1-6f329]:~CachingOptimizingCompiler():nnet-optimize.cc:710) 0.0516 seconds taken in nnet3 compilation total (breakdown: 0.0403 compilation, 0.00693 optimization, 0 shortcut expansion, 0.00143 checking, 4.05e-06 computing indexes, 0.00291 misc.) + 0 I/O.
pp48-domotica3_command152 mijn deur open naar mijn slaapkamer 
LOG (nnet3-latgen-faster-parallel[5.5.569~1-6f329]:~DecodeUtteranceLatticeFasterClass():decoder-wrappers.cc:180) Log-like per frame for utterance pp48-domotica3_command152 is 1.44039 over 235 frames.
LOG (nnet3-latgen-faster-parallel[5.5.569~1-6f329]:~CachingOptimizingCompiler():nnet-optimize.cc:710) 0.0352 seconds taken in nnet3 compilation total (breakdown: 0.0295 compilation, 0.00346 optimization, 0 shortcut expansion, 0.000677 checking, 1.91e-06 computing indexes, 0.0016 misc.) + 0 I/O.
pp48-domotica3_command153 alle mijn dicht aan in mijn slaapkamer 
LOG (nnet3-latgen-faster-parallel[5.5.569~1-6f329]:~DecodeUtteranceLatticeFasterClass():decoder-wrappers.cc:180) Log-like per frame for utterance pp48-domotica3_command153 is 1.45332 over 232 frames.
LOG (nnet3-latgen-faster-parallel[5.5.569~1-6f329]:~CachingOptimizingCompiler():nnet-optimize.cc:710) 0.0664 seconds taken in nnet3 compilation total (breakdown: 0.0539 compilation, 0.00713 optimization, 0 shortcut expansion, 0.00132 checking, 4.05e-06 computing indexes, 0.00401 misc.) + 0 I/O.
pp48-domotica3_command154 in lichten uit op mijn slaapkamer 
LOG (nnet3-latgen-faster-parallel[5.5.569~1-6f329]:~DecodeUtteranceLatticeFasterClass():decoder-wrappers.cc:180) Log-like per frame for utterance pp48-domotica3_command154 is 1.52225 over 227 frames.
LOG (nnet3-latgen-faster-parallel[5.5.569~1-6f329]:~CachingOptimizingCompiler():nnet-optimize.cc:710) 0.0763 seconds taken in nnet3 compilation total (breakdown: 0.0645 compilation, 0.00689 optimization, 0 shortcut expansion, 0.00137 checking, 3.81e-06 computing indexes, 0.00356 misc.) + 0 I/O.
pp48-domotica3_command155 alle de voordeur sluiten 
LOG (nnet3-latgen-faster-parallel[5.5.569~1-6f329]:~DecodeUtteranceLatticeFasterClass():decoder-wrappers.cc:180) Log-like per frame for utterance pp48-domotica3_command155 is 1.52235 over 181 frames.
LOG (nnet3-latgen-faster-parallel[5.5.569~1-6f329]:~CachingOptimizingCompiler():nnet-optimize.cc:710) 0.0821 seconds taken in nnet3 compilation total (breakdown: 0.0675 compilation, 0.00836 optimization, 0 shortcut expansion, 0.00161 checking, 5.25e-06 computing indexes, 0.00464 misc.) + 0 I/O.
pp48-domotica3_command156 aan in deur open 
LOG (nnet3-latgen-faster-parallel[5.5.569~1-6f329]:~DecodeUtteranceLatticeFasterClass():decoder-wrappers.cc:180) Log-like per frame for utterance pp48-domotica3_command156 is 1.44994 over 153 frames.
LOG (nnet3-latgen-faster-parallel[5.5.569~1-6f329]:~CachingOptimizingCompiler():nnet-optimize.cc:710) 0.0671 seconds taken in nnet3 compilation total (breakdown: 0.0537 compilation, 0.00842 optimization, 0 shortcut expansion, 0.00161 checking, 5.01e-06 computing indexes, 0.00328 misc.) + 0 I/O.
pp48-domotica3_command157 doe alle lichten uit 
LOG (nnet3-latgen-faster-parallel[5.5.569~1-6f329]:~DecodeUtteranceLatticeFasterClass():decoder-wrappers.cc:180) Log-like per frame for utterance pp48-domotica3_command157 is 1.20965 over 190 frames.
LOG (nnet3-latgen-faster-parallel[5.5.569~1-6f329]:~CachingOptimizingCompiler():nnet-optimize.cc:710) 0.0616 seconds taken in nnet3 compilation total (breakdown: 0.0483 compilation, 0.00854 optimization, 0 shortcut expansion, 0.0016 checking, 5.01e-06 computing indexes, 0.00315 misc.) + 0 I/O.
pp48-domotica3_command158 alle hoofdeinde op stand een 
LOG (nnet3-latgen-faster-parallel[5.5.569~1-6f329]:~DecodeUtteranceLatticeFasterClass():decoder-wrappers.cc:180) Log-like per frame for utterance pp48-domotica3_command158 is 1.28339 over 192 frames.
LOG (nnet3-latgen-faster-parallel[5.5.569~1-6f329]:~CachingOptimizingCompiler():nnet-optimize.cc:710) 0.0495 seconds taken in nnet3 compilation total (breakdown: 0.0388 compilation, 0.00688 optimization, 0 shortcut expansion, 0.00139 checking, 5.01e-06 computing indexes, 0.00243 misc.) + 0 I/O.
pp48-domotica3_command159 alle in hoofdeinde op stand twee 
LOG (nnet3-latgen-faster-parallel[5.5.569~1-6f329]:~DecodeUtteranceLatticeFasterClass():decoder-wrappers.cc:180) Log-like per frame for utterance pp48-domotica3_command159 is 1.48401 over 166 frames.
LOG (nnet3-latgen-faster-parallel[5.5.569~1-6f329]:~CachingOptimizingCompiler():nnet-optimize.cc:710) 0.0566 seconds taken in nnet3 compilation total (breakdown: 0.046 compilation, 0.00683 optimization, 0 shortcut expansion, 0.00124 checking, 4.77e-06 computing indexes, 0.00247 misc.) + 0 I/O.
pp48-domotica3_command16 alle deur open 
LOG (nnet3-latgen-faster-parallel[5.5.569~1-6f329]:~DecodeUtteranceLatticeFasterClass():decoder-wrappers.cc:180) Log-like per frame for utterance pp48-domotica3_command16 is 1.53479 over 158 frames.
LOG (nnet3-latgen-faster-parallel[5.5.569~1-6f329]:~CachingOptimizingCompiler():nnet-optimize.cc:710) 0.0506 seconds taken in nnet3 compilation total (breakdown: 0.0397 compilation, 0.00691 optimization, 0 shortcut expansion, 0.00133 checking, 3.1e-06 computing indexes, 0.00269 misc.) + 0 I/O.
pp48-domotica3_command160 hoofdeinde op stand drie 
LOG (nnet3-latgen-faster-parallel[5.5.569~1-6f329]:~DecodeUtteranceLatticeFasterClass():decoder-wrappers.cc:180) Log-like per frame for utterance pp48-domotica3_command160 is 1.34795 over 191 frames.
LOG (nnet3-latgen-faster-parallel[5.5.569~1-6f329]:~CachingOptimizingCompiler():nnet-optimize.cc:710) 0.057 seconds taken in nnet3 compilation total (breakdown: 0.0458 compilation, 0.00723 optimization, 0 shortcut expansion, 0.00132 checking, 4.05e-06 computing indexes, 0.00261 misc.) + 0 I/O.
pp48-domotica3_command161 deur dicht aan de slaapkamer 
LOG (nnet3-latgen-faster-parallel[5.5.569~1-6f329]:~DecodeUtteranceLatticeFasterClass():decoder-wrappers.cc:180) Log-like per frame for utterance pp48-domotica3_command161 is 1.38075 over 199 frames.
LOG (nnet3-latgen-faster-parallel[5.5.569~1-6f329]:~CachingOptimizingCompiler():nnet-optimize.cc:710) 0.054 seconds taken in nnet3 compilation total (breakdown: 0.0429 compilation, 0.00702 optimization, 0 shortcut expansion, 0.00144 checking, 4.05e-06 computing indexes, 0.00261 misc.) + 0 I/O.
pp48-domotica3_command162 deur open naar mijn slaapkamer 
LOG (nnet3-latgen-faster-parallel[5.5.569~1-6f329]:~DecodeUtteranceLatticeFasterClass():decoder-wrappers.cc:180) Log-like per frame for utterance pp48-domotica3_command162 is 1.63594 over 221 frames.
LOG (nnet3-latgen-faster-parallel[5.5.569~1-6f329]:~CachingOptimizingCompiler():nnet-optimize.cc:710) 0.0603 seconds taken in nnet3 compilation total (breakdown: 0.0485 compilation, 0.00686 optimization, 0 shortcut expansion, 0.00136 checking, 4.29e-06 computing indexes, 0.00355 misc.) + 0 I/O.
pp48-domotica3_command163 alle in licht aan in mijn slaapkamer 
LOG (nnet3-latgen-faster-parallel[5.5.569~1-6f329]:~DecodeUtteranceLatticeFasterClass():decoder-wrappers.cc:180) Log-like per frame for utterance pp48-domotica3_command163 is 1.47256 over 205 frames.
LOG (nnet3-latgen-faster-parallel[5.5.569~1-6f329]:~CachingOptimizingCompiler():nnet-optimize.cc:710) 0.0539 seconds taken in nnet3 compilation total (breakdown: 0.0427 compilation, 0.00691 optimization, 0 shortcut expansion, 0.00138 checking, 4.29e-06 computing indexes, 0.00293 misc.) + 0 I/O.
pp48-domotica3_command164 alle lichten uit op mijn slaapkamer 
LOG (nnet3-latgen-faster-parallel[5.5.569~1-6f329]:~DecodeUtteranceLatticeFasterClass():decoder-wrappers.cc:180) Log-like per frame for utterance pp48-domotica3_command164 is 1.53206 over 220 frames.
LOG (nnet3-latgen-faster-parallel[5.5.569~1-6f329]:~CachingOptimizingCompiler():nnet-optimize.cc:710) 0.0703 seconds taken in nnet3 compilation total (breakdown: 0.0587 compilation, 0.00679 optimization, 0 shortcut expansion, 0.00142 checking, 2.86e-06 computing indexes, 0.00344 misc.) + 0 I/O.
pp48-domotica3_command165 de voordeur sluiten 
LOG (nnet3-latgen-faster-parallel[5.5.569~1-6f329]:~DecodeUtteranceLatticeFasterClass():decoder-wrappers.cc:180) Log-like per frame for utterance pp48-domotica3_command165 is 1.59077 over 198 frames.
LOG (nnet3-latgen-faster-parallel[5.5.569~1-6f329]:~CachingOptimizingCompiler():nnet-optimize.cc:710) 0.0702 seconds taken in nnet3 compilation total (breakdown: 0.0578 compilation, 0.00791 optimization, 0 shortcut expansion, 0.00154 checking, 4.05e-06 computing indexes, 0.00299 misc.) + 0 I/O.
pp48-domotica3_command166 in deur open 
LOG (nnet3-latgen-faster-parallel[5.5.569~1-6f329]:~DecodeUtteranceLatticeFasterClass():decoder-wrappers.cc:180) Log-like per frame for utterance pp48-domotica3_command166 is 1.51037 over 153 frames.
LOG (nnet3-latgen-faster-parallel[5.5.569~1-6f329]:~CachingOptimizingCompiler():nnet-optimize.cc:710) 0.0508 seconds taken in nnet3 compilation total (breakdown: 0.0404 compilation, 0.00675 optimization, 0 shortcut expansion, 0.00125 checking, 2.86e-06 computing indexes, 0.00237 misc.) + 0 I/O.
pp48-domotica3_command167 doe alle lichten uit 
LOG (nnet3-latgen-faster-parallel[5.5.569~1-6f329]:~DecodeUtteranceLatticeFasterClass():decoder-wrappers.cc:180) Log-like per frame for utterance pp48-domotica3_command167 is 1.21634 over 189 frames.
LOG (nnet3-latgen-faster-parallel[5.5.569~1-6f329]:~CachingOptimizingCompiler():nnet-optimize.cc:710) 0.0626 seconds taken in nnet3 compilation total (breakdown: 0.0492 compilation, 0.00873 optimization, 0 shortcut expansion, 0.00162 checking, 3.1e-06 computing indexes, 0.00311 misc.) + 0 I/O.
pp48-domotica3_command168 in hoofdeinde op stand een 
LOG (nnet3-latgen-faster-parallel[5.5.569~1-6f329]:~DecodeUtteranceLatticeFasterClass():decoder-wrappers.cc:180) Log-like per frame for utterance pp48-domotica3_command168 is 1.2215 over 202 frames.
LOG (nnet3-latgen-faster-parallel[5.5.569~1-6f329]:~CachingOptimizingCompiler():nnet-optimize.cc:710) 0.0629 seconds taken in nnet3 compilation total (breakdown: 0.0518 compilation, 0.00679 optimization, 0 shortcut expansion, 0.00132 checking, 3.1e-06 computing indexes, 0.00304 misc.) + 0 I/O.
pp48-domotica3_command169 aan in hoofdeinde op stand twee 
LOG (nnet3-latgen-faster-parallel[5.5.569~1-6f329]:~DecodeUtteranceLatticeFasterClass():decoder-wrappers.cc:180) Log-like per frame for utterance pp48-domotica3_command169 is 1.09953 over 142 frames.
LOG (nnet3-latgen-faster-parallel[5.5.569~1-6f329]:~CachingOptimizingCompiler():nnet-optimize.cc:710) 0.0467 seconds taken in nnet3 compilation total (breakdown: 0.0367 compilation, 0.00668 optimization, 0 shortcut expansion, 0.0012 checking, 4.29e-06 computing indexes, 0.00209 misc.) + 0 I/O.
pp48-domotica3_command17 alle in doe alle lichten uit 
LOG (nnet3-latgen-faster-parallel[5.5.569~1-6f329]:~DecodeUtteranceLatticeFasterClass():decoder-wrappers.cc:180) Log-like per frame for utterance pp48-domotica3_command17 is 1.37119 over 182 frames.
LOG (nnet3-latgen-faster-parallel[5.5.569~1-6f329]:~CachingOptimizingCompiler():nnet-optimize.cc:710) 0.0609 seconds taken in nnet3 compilation total (breakdown: 0.0493 compilation, 0.00687 optimization, 0 shortcut expansion, 0.00133 checking, 3.81e-06 computing indexes, 0.00336 misc.) + 0 I/O.
pp48-domotica3_command170 hoofdeinde hoofdeinde op stand drie 
LOG (nnet3-latgen-faster-parallel[5.5.569~1-6f329]:~DecodeUtteranceLatticeFasterClass():decoder-wrappers.cc:180) Log-like per frame for utterance pp48-domotica3_command170 is 1.17236 over 170 frames.
LOG (nnet3-latgen-faster-parallel[5.5.569~1-6f329]:~CachingOptimizingCompiler():nnet-optimize.cc:710) 0.0749 seconds taken in nnet3 compilation total (breakdown: 0.0609 compilation, 0.00856 optimization, 0 shortcut expansion, 0.00153 checking, 5.96e-06 computing indexes, 0.00391 misc.) + 0 I/O.
pp48-domotica3_command18 alle in hoofdeinde op stand twee een 
LOG (nnet3-latgen-faster-parallel[5.5.569~1-6f329]:~DecodeUtteranceLatticeFasterClass():decoder-wrappers.cc:180) Log-like per frame for utterance pp48-domotica3_command18 is 1.44562 over 189 frames.
LOG (nnet3-latgen-faster-parallel[5.5.569~1-6f329]:~CachingOptimizingCompiler():nnet-optimize.cc:710) 0.0636 seconds taken in nnet3 compilation total (breakdown: 0.0505 compilation, 0.00864 optimization, 0 shortcut expansion, 0.00152 checking, 5.01e-06 computing indexes, 0.00299 misc.) + 0 I/O.
pp48-domotica3_command19 alle in hoofdeinde op stand twee 
LOG (nnet3-latgen-faster-parallel[5.5.569~1-6f329]:~DecodeUtteranceLatticeFasterClass():decoder-wrappers.cc:180) Log-like per frame for utterance pp48-domotica3_command19 is 1.44171 over 185 frames.
LOG (nnet3-latgen-faster-parallel[5.5.569~1-6f329]:~CachingOptimizingCompiler():nnet-optimize.cc:710) 0.0648 seconds taken in nnet3 compilation total (breakdown: 0.0531 compilation, 0.00708 optimization, 0 shortcut expansion, 0.00132 checking, 4.05e-06 computing indexes, 0.00333 misc.) + 0 I/O.
pp48-domotica3_command2 in hoofdeinde op stand een 
LOG (nnet3-latgen-faster-parallel[5.5.569~1-6f329]:~DecodeUtteranceLatticeFasterClass():decoder-wrappers.cc:180) Log-like per frame for utterance pp48-domotica3_command2 is 1.28376 over 245 frames.
LOG (nnet3-latgen-faster-parallel[5.5.569~1-6f329]:~CachingOptimizingCompiler():nnet-optimize.cc:710) 0.0511 seconds taken in nnet3 compilation total (breakdown: 0.0397 compilation, 0.00715 optimization, 0 shortcut expansion, 0.00146 checking, 4.77e-06 computing indexes, 0.00282 misc.) + 0 I/O.
pp48-domotica3_command20 alle hoofdeinde op stand drie 
LOG (nnet3-latgen-faster-parallel[5.5.569~1-6f329]:~DecodeUtteranceLatticeFasterClass():decoder-wrappers.cc:180) Log-like per frame for utterance pp48-domotica3_command20 is 1.34847 over 189 frames.
LOG (nnet3-latgen-faster-parallel[5.5.569~1-6f329]:~CachingOptimizingCompiler():nnet-optimize.cc:710) 0.0586 seconds taken in nnet3 compilation total (breakdown: 0.0473 compilation, 0.00711 optimization, 0 shortcut expansion, 0.00135 checking, 1.91e-06 computing indexes, 0.00283 misc.) + 0 I/O.
pp48-domotica3_command21 alle deur dicht aan de slaapkamer 
LOG (nnet3-latgen-faster-parallel[5.5.569~1-6f329]:~DecodeUtteranceLatticeFasterClass():decoder-wrappers.cc:180) Log-like per frame for utterance pp48-domotica3_command21 is 1.34987 over 195 frames.
LOG (nnet3-latgen-faster-parallel[5.5.569~1-6f329]:~CachingOptimizingCompiler():nnet-optimize.cc:710) 0.0491 seconds taken in nnet3 compilation total (breakdown: 0.0376 compilation, 0.00729 optimization, 0 shortcut expansion, 0.00138 checking, 5.25e-06 computing indexes, 0.00277 misc.) + 0 I/O.
pp48-domotica3_command22 alle in licht aan in mijn slaapkamer 
LOG (nnet3-latgen-faster-parallel[5.5.569~1-6f329]:~DecodeUtteranceLatticeFasterClass():decoder-wrappers.cc:180) Log-like per frame for utterance pp48-domotica3_command22 is 1.3002 over 188 frames.
LOG (nnet3-latgen-faster-parallel[5.5.569~1-6f329]:~CachingOptimizingCompiler():nnet-optimize.cc:710) 0.0543 seconds taken in nnet3 compilation total (breakdown: 0.0455 compilation, 0.00507 optimization, 0 shortcut expansion, 0.000981 checking, 3.1e-06 computing indexes, 0.00272 misc.) + 0 I/O.
pp48-domotica3_command23 alle lichten uit op mijn slaapkamer 
LOG (nnet3-latgen-faster-parallel[5.5.569~1-6f329]:~DecodeUtteranceLatticeFasterClass():decoder-wrappers.cc:180) Log-like per frame for utterance pp48-domotica3_command23 is 1.24816 over 204 frames.
LOG (nnet3-latgen-faster-parallel[5.5.569~1-6f329]:~CachingOptimizingCompiler():nnet-optimize.cc:710) 0.0545 seconds taken in nnet3 compilation total (breakdown: 0.043 compilation, 0.007 optimization, 0 shortcut expansion, 0.00138 checking, 4.05e-06 computing indexes, 0.00312 misc.) + 0 I/O.
pp48-domotica3_command24 alle in de voordeur sluiten 
LOG (nnet3-latgen-faster-parallel[5.5.569~1-6f329]:~DecodeUtteranceLatticeFasterClass():decoder-wrappers.cc:180) Log-like per frame for utterance pp48-domotica3_command24 is 1.42666 over 173 frames.
LOG (nnet3-latgen-faster-parallel[5.5.569~1-6f329]:~CachingOptimizingCompiler():nnet-optimize.cc:710) 0.0614 seconds taken in nnet3 compilation total (breakdown: 0.0499 compilation, 0.00726 optimization, 0 shortcut expansion, 0.00142 checking, 3.81e-06 computing indexes, 0.00283 misc.) + 0 I/O.
pp48-domotica3_command25 deur open 
LOG (nnet3-latgen-faster-parallel[5.5.569~1-6f329]:~DecodeUtteranceLatticeFasterClass():decoder-wrappers.cc:180) Log-like per frame for utterance pp48-domotica3_command25 is 1.5433 over 156 frames.
LOG (nnet3-latgen-faster-parallel[5.5.569~1-6f329]:~CachingOptimizingCompiler():nnet-optimize.cc:710) 0.0512 seconds taken in nnet3 compilation total (breakdown: 0.041 compilation, 0.00669 optimization, 0 shortcut expansion, 0.0012 checking, 3.81e-06 computing indexes, 0.0023 misc.) + 0 I/O.
pp48-domotica3_command26 alle doe alle lichten uit 
LOG (nnet3-latgen-faster-parallel[5.5.569~1-6f329]:~DecodeUtteranceLatticeFasterClass():decoder-wrappers.cc:180) Log-like per frame for utterance pp48-domotica3_command26 is 1.26421 over 197 frames.
LOG (nnet3-latgen-faster-parallel[5.5.569~1-6f329]:~CachingOptimizingCompiler():nnet-optimize.cc:710) 0.0674 seconds taken in nnet3 compilation total (breakdown: 0.054 compilation, 0.00866 optimization, 0 shortcut expansion, 0.00175 checking, 5.01e-06 computing indexes, 0.00297 misc.) + 0 I/O.
pp48-domotica3_command27 hoofdeinde op stand twee 
LOG (nnet3-latgen-faster-parallel[5.5.569~1-6f329]:~DecodeUtteranceLatticeFasterClass():decoder-wrappers.cc:180) Log-like per frame for utterance pp48-domotica3_command27 is 1.3415 over 195 frames.
LOG (nnet3-latgen-faster-parallel[5.5.569~1-6f329]:~CachingOptimizingCompiler():nnet-optimize.cc:710) 0.048 seconds taken in nnet3 compilation total (breakdown: 0.0375 compilation, 0.00686 optimization, 0 shortcut expansion, 0.00127 checking, 3.81e-06 computing indexes, 0.00237 misc.) + 0 I/O.
pp48-domotica3_command28 in hoofdeinde op stand twee 
LOG (nnet3-latgen-faster-parallel[5.5.569~1-6f329]:~DecodeUtteranceLatticeFasterClass():decoder-wrappers.cc:180) Log-like per frame for utterance pp48-domotica3_command28 is 1.43094 over 177 frames.
LOG (nnet3-latgen-faster-parallel[5.5.569~1-6f329]:~CachingOptimizingCompiler():nnet-optimize.cc:710) 0.0613 seconds taken in nnet3 compilation total (breakdown: 0.0499 compilation, 0.0069 optimization, 0 shortcut expansion, 0.00135 checking, 4.77e-06 computing indexes, 0.0031 misc.) + 0 I/O.
pp48-domotica3_command29 in hoofdeinde op stand drie 
LOG (nnet3-latgen-faster-parallel[5.5.569~1-6f329]:~DecodeUtteranceLatticeFasterClass():decoder-wrappers.cc:180) Log-like per frame for utterance pp48-domotica3_command29 is 1.48516 over 193 frames.
LOG (nnet3-latgen-faster-parallel[5.5.569~1-6f329]:~CachingOptimizingCompiler():nnet-optimize.cc:710) 0.065 seconds taken in nnet3 compilation total (breakdown: 0.0527 compilation, 0.0078 optimization, 0 shortcut expansion, 0.00167 checking, 4.05e-06 computing indexes, 0.00282 misc.) + 0 I/O.
pp48-domotica3_command3 in hoofdeinde op stand twee 
LOG (nnet3-latgen-faster-parallel[5.5.569~1-6f329]:~DecodeUtteranceLatticeFasterClass():decoder-wrappers.cc:180) Log-like per frame for utterance pp48-domotica3_command3 is 1.34913 over 249 frames.
LOG (nnet3-latgen-faster-parallel[5.5.569~1-6f329]:~CachingOptimizingCompiler():nnet-optimize.cc:710) 0.0525 seconds taken in nnet3 compilation total (breakdown: 0.0412 compilation, 0.00705 optimization, 0 shortcut expansion, 0.00147 checking, 4.77e-06 computing indexes, 0.00278 misc.) + 0 I/O.
pp48-domotica3_command30 deur dicht aan de slaapkamer 
LOG (nnet3-latgen-faster-parallel[5.5.569~1-6f329]:~DecodeUtteranceLatticeFasterClass():decoder-wrappers.cc:180) Log-like per frame for utterance pp48-domotica3_command30 is 1.41292 over 199 frames.
LOG (nnet3-latgen-faster-parallel[5.5.569~1-6f329]:~CachingOptimizingCompiler():nnet-optimize.cc:710) 0.0513 seconds taken in nnet3 compilation total (breakdown: 0.0407 compilation, 0.00676 optimization, 0 shortcut expansion, 0.00131 checking, 4.29e-06 computing indexes, 0.00253 misc.) + 0 I/O.
pp48-domotica3_command31 alle deur open naar mijn slaapkamer 
LOG (nnet3-latgen-faster-parallel[5.5.569~1-6f329]:~DecodeUtteranceLatticeFasterClass():decoder-wrappers.cc:180) Log-like per frame for utterance pp48-domotica3_command31 is 1.48363 over 218 frames.
LOG (nnet3-latgen-faster-parallel[5.5.569~1-6f329]:~CachingOptimizingCompiler():nnet-optimize.cc:710) 0.0699 seconds taken in nnet3 compilation total (breakdown: 0.0582 compilation, 0.0068 optimization, 0 shortcut expansion, 0.00131 checking, 4.05e-06 computing indexes, 0.00356 misc.) + 0 I/O.
pp48-domotica3_command32 alle lichten mijn slaapkamer 
LOG (nnet3-latgen-faster-parallel[5.5.569~1-6f329]:~DecodeUtteranceLatticeFasterClass():decoder-wrappers.cc:180) Log-like per frame for utterance pp48-domotica3_command32 is 1.32777 over 213 frames.
LOG (nnet3-latgen-faster-parallel[5.5.569~1-6f329]:~CachingOptimizingCompiler():nnet-optimize.cc:710) 0.0794 seconds taken in nnet3 compilation total (breakdown: 0.0646 compilation, 0.00874 optimization, 0 shortcut expansion, 0.00159 checking, 5.01e-06 computing indexes, 0.00452 misc.) + 0 I/O.
pp48-domotica3_command33 alle lichten uit op mijn slaapkamer 
LOG (nnet3-latgen-faster-parallel[5.5.569~1-6f329]:~DecodeUtteranceLatticeFasterClass():decoder-wrappers.cc:180) Log-like per frame for utterance pp48-domotica3_command33 is 1.49723 over 215 frames.
LOG (nnet3-latgen-faster-parallel[5.5.569~1-6f329]:~CachingOptimizingCompiler():nnet-optimize.cc:710) 0.058 seconds taken in nnet3 compilation total (breakdown: 0.0469 compilation, 0.0068 optimization, 0 shortcut expansion, 0.00132 checking, 4.05e-06 computing indexes, 0.003 misc.) + 0 I/O.
pp48-domotica3_command34 alle de voordeur sluiten 
LOG (nnet3-latgen-faster-parallel[5.5.569~1-6f329]:~DecodeUtteranceLatticeFasterClass():decoder-wrappers.cc:180) Log-like per frame for utterance pp48-domotica3_command34 is 1.40224 over 186 frames.
LOG (nnet3-latgen-faster-parallel[5.5.569~1-6f329]:~CachingOptimizingCompiler():nnet-optimize.cc:710) 0.0669 seconds taken in nnet3 compilation total (breakdown: 0.0558 compilation, 0.00679 optimization, 0 shortcut expansion, 0.00131 checking, 3.81e-06 computing indexes, 0.00306 misc.) + 0 I/O.
pp48-domotica3_command35 deur open 
LOG (nnet3-latgen-faster-parallel[5.5.569~1-6f329]:~DecodeUtteranceLatticeFasterClass():decoder-wrappers.cc:180) Log-like per frame for utterance pp48-domotica3_command35 is 1.51501 over 162 frames.
LOG (nnet3-latgen-faster-parallel[5.5.569~1-6f329]:~CachingOptimizingCompiler():nnet-optimize.cc:710) 0.0692 seconds taken in nnet3 compilation total (breakdown: 0.0557 compilation, 0.00859 optimization, 0 shortcut expansion, 0.00153 checking, 3.1e-06 computing indexes, 0.00335 misc.) + 0 I/O.
pp48-domotica3_command36 alle doe alle lichten uit 
LOG (nnet3-latgen-faster-parallel[5.5.569~1-6f329]:~DecodeUtteranceLatticeFasterClass():decoder-wrappers.cc:180) Log-like per frame for utterance pp48-domotica3_command36 is 1.48045 over 200 frames.
LOG (nnet3-latgen-faster-parallel[5.5.569~1-6f329]:~CachingOptimizingCompiler():nnet-optimize.cc:710) 0.0543 seconds taken in nnet3 compilation total (breakdown: 0.043 compilation, 0.00704 optimization, 0 shortcut expansion, 0.00136 checking, 5.01e-06 computing indexes, 0.00288 misc.) + 0 I/O.
pp48-domotica3_command37 hoofdeinde op stand twee 
LOG (nnet3-latgen-faster-parallel[5.5.569~1-6f329]:~DecodeUtteranceLatticeFasterClass():decoder-wrappers.cc:180) Log-like per frame for utterance pp48-domotica3_command37 is 1.44444 over 190 frames.
LOG (nnet3-latgen-faster-parallel[5.5.569~1-6f329]:~CachingOptimizingCompiler():nnet-optimize.cc:710) 0.0532 seconds taken in nnet3 compilation total (breakdown: 0.0393 compilation, 0.00913 optimization, 0 shortcut expansion, 0.00172 checking, 5.96e-06 computing indexes, 0.003 misc.) + 0 I/O.
pp48-domotica3_command38 alle hoofdeinde op stand twee 
LOG (nnet3-latgen-faster-parallel[5.5.569~1-6f329]:~DecodeUtteranceLatticeFasterClass():decoder-wrappers.cc:180) Log-like per frame for utterance pp48-domotica3_command38 is 1.56864 over 193 frames.
LOG (nnet3-latgen-faster-parallel[5.5.569~1-6f329]:~CachingOptimizingCompiler():nnet-optimize.cc:710) 0.0485 seconds taken in nnet3 compilation total (breakdown: 0.0374 compilation, 0.00703 optimization, 0 shortcut expansion, 0.00135 checking, 3.81e-06 computing indexes, 0.00265 misc.) + 0 I/O.
pp48-domotica3_command39 in hoofdeinde op stand drie 
LOG (nnet3-latgen-faster-parallel[5.5.569~1-6f329]:~DecodeUtteranceLatticeFasterClass():decoder-wrappers.cc:180) Log-like per frame for utterance pp48-domotica3_command39 is 1.47343 over 207 frames.
LOG (nnet3-latgen-faster-parallel[5.5.569~1-6f329]:~CachingOptimizingCompiler():nnet-optimize.cc:710) 0.0717 seconds taken in nnet3 compilation total (breakdown: 0.0579 compilation, 0.00847 optimization, 0 shortcut expansion, 0.00156 checking, 5.01e-06 computing indexes, 0.00372 misc.) + 0 I/O.
pp48-domotica3_command4 hoofdeinde op stand drie 
LOG (nnet3-latgen-faster-parallel[5.5.569~1-6f329]:~DecodeUtteranceLatticeFasterClass():decoder-wrappers.cc:180) Log-like per frame for utterance pp48-domotica3_command4 is 1.48719 over 227 frames.
LOG (nnet3-latgen-faster-parallel[5.5.569~1-6f329]:~CachingOptimizingCompiler():nnet-optimize.cc:710) 0.082 seconds taken in nnet3 compilation total (breakdown: 0.067 compilation, 0.00877 optimization, 0 shortcut expansion, 0.00167 checking, 5.25e-06 computing indexes, 0.00459 misc.) + 0 I/O.
pp48-domotica3_command40 alle deur dicht aan de slaapkamer 
LOG (nnet3-latgen-faster-parallel[5.5.569~1-6f329]:~DecodeUtteranceLatticeFasterClass():decoder-wrappers.cc:180) Log-like per frame for utterance pp48-domotica3_command40 is 1.60036 over 239 frames.
LOG (nnet3-latgen-faster-parallel[5.5.569~1-6f329]:~CachingOptimizingCompiler():nnet-optimize.cc:710) 0.0617 seconds taken in nnet3 compilation total (breakdown: 0.0479 compilation, 0.00878 optimization, 0 shortcut expansion, 0.00161 checking, 1.91e-05 computing indexes, 0.00336 misc.) + 0 I/O.
pp48-domotica3_command41 alle deur open naar mijn slaapkamer 
LOG (nnet3-latgen-faster-parallel[5.5.569~1-6f329]:~DecodeUtteranceLatticeFasterClass():decoder-wrappers.cc:180) Log-like per frame for utterance pp48-domotica3_command41 is 1.46884 over 226 frames.
LOG (nnet3-latgen-faster-parallel[5.5.569~1-6f329]:~CachingOptimizingCompiler():nnet-optimize.cc:710) 0.0614 seconds taken in nnet3 compilation total (breakdown: 0.0503 compilation, 0.00647 optimization, 0 shortcut expansion, 0.00121 checking, 4.05e-06 computing indexes, 0.00339 misc.) + 0 I/O.
pp48-domotica3_command42 alle licht aan in mijn slaapkamer 
LOG (nnet3-latgen-faster-parallel[5.5.569~1-6f329]:~DecodeUtteranceLatticeFasterClass():decoder-wrappers.cc:180) Log-like per frame for utterance pp48-domotica3_command42 is 1.49587 over 221 frames.
LOG (nnet3-latgen-faster-parallel[5.5.569~1-6f329]:~CachingOptimizingCompiler():nnet-optimize.cc:710) 0.0623 seconds taken in nnet3 compilation total (breakdown: 0.0507 compilation, 0.00679 optimization, 0 shortcut expansion, 0.00138 checking, 3.34e-06 computing indexes, 0.00348 misc.) + 0 I/O.
pp48-domotica3_command43 alle lichten uit op mijn slaapkamer 
LOG (nnet3-latgen-faster-parallel[5.5.569~1-6f329]:~DecodeUtteranceLatticeFasterClass():decoder-wrappers.cc:180) Log-like per frame for utterance pp48-domotica3_command43 is 1.27674 over 212 frames.
LOG (nnet3-latgen-faster-parallel[5.5.569~1-6f329]:~CachingOptimizingCompiler():nnet-optimize.cc:710) 0.053 seconds taken in nnet3 compilation total (breakdown: 0.0423 compilation, 0.00654 optimization, 0 shortcut expansion, 0.00118 checking, 1.91e-06 computing indexes, 0.00302 misc.) + 0 I/O.
pp48-domotica3_command44 alle de voordeur sluiten 
LOG (nnet3-latgen-faster-parallel[5.5.569~1-6f329]:~DecodeUtteranceLatticeFasterClass():decoder-wrappers.cc:180) Log-like per frame for utterance pp48-domotica3_command44 is 1.42131 over 190 frames.
LOG (nnet3-latgen-faster-parallel[5.5.569~1-6f329]:~CachingOptimizingCompiler():nnet-optimize.cc:710) 0.0457 seconds taken in nnet3 compilation total (breakdown: 0.0352 compilation, 0.00689 optimization, 0 shortcut expansion, 0.00127 checking, 4.29e-06 computing indexes, 0.00237 misc.) + 0 I/O.
pp48-domotica3_command45 alle deur open 
LOG (nnet3-latgen-faster-parallel[5.5.569~1-6f329]:~DecodeUtteranceLatticeFasterClass():decoder-wrappers.cc:180) Log-like per frame for utterance pp48-domotica3_command45 is 1.47281 over 173 frames.
LOG (nnet3-latgen-faster-parallel[5.5.569~1-6f329]:~CachingOptimizingCompiler():nnet-optimize.cc:710) 0.0696 seconds taken in nnet3 compilation total (breakdown: 0.0584 compilation, 0.00682 optimization, 0 shortcut expansion, 0.00131 checking, 3.34e-06 computing indexes, 0.00307 misc.) + 0 I/O.
pp48-domotica3_command46 doe alle lichten uit 
LOG (nnet3-latgen-faster-parallel[5.5.569~1-6f329]:~DecodeUtteranceLatticeFasterClass():decoder-wrappers.cc:180) Log-like per frame for utterance pp48-domotica3_command46 is 1.25796 over 188 frames.
LOG (nnet3-latgen-faster-parallel[5.5.569~1-6f329]:~CachingOptimizingCompiler():nnet-optimize.cc:710) 0.0333 seconds taken in nnet3 compilation total (breakdown: 0.0278 compilation, 0.00344 optimization, 0 shortcut expansion, 0.000665 checking, 9.54e-07 computing indexes, 0.00145 misc.) + 0 I/O.
pp48-domotica3_command47 alle hoofdeinde op stand een 
LOG (nnet3-latgen-faster-parallel[5.5.569~1-6f329]:~DecodeUtteranceLatticeFasterClass():decoder-wrappers.cc:180) Log-like per frame for utterance pp48-domotica3_command47 is 1.27695 over 190 frames.
LOG (nnet3-latgen-faster-parallel[5.5.569~1-6f329]:~CachingOptimizingCompiler():nnet-optimize.cc:710) 0.0503 seconds taken in nnet3 compilation total (breakdown: 0.0367 compilation, 0.00806 optimization, 0 shortcut expansion, 0.00156 checking, 5.72e-06 computing indexes, 0.00397 misc.) + 0 I/O.
pp48-domotica3_command48 alle in hoofdeinde op stand twee 
LOG (nnet3-latgen-faster-parallel[5.5.569~1-6f329]:~DecodeUtteranceLatticeFasterClass():decoder-wrappers.cc:180) Log-like per frame for utterance pp48-domotica3_command48 is 1.35065 over 185 frames.
LOG (nnet3-latgen-faster-parallel[5.5.569~1-6f329]:~CachingOptimizingCompiler():nnet-optimize.cc:710) 0.0648 seconds taken in nnet3 compilation total (breakdown: 0.0536 compilation, 0.00683 optimization, 0 shortcut expansion, 0.0013 checking, 3.1e-06 computing indexes, 0.00313 misc.) + 0 I/O.
pp48-domotica3_command49 alle in hoofdeinde op stand drie 
LOG (nnet3-latgen-faster-parallel[5.5.569~1-6f329]:~DecodeUtteranceLatticeFasterClass():decoder-wrappers.cc:180) Log-like per frame for utterance pp48-domotica3_command49 is 1.16859 over 189 frames.
LOG (nnet3-latgen-faster-parallel[5.5.569~1-6f329]:~CachingOptimizingCompiler():nnet-optimize.cc:710) 0.045 seconds taken in nnet3 compilation total (breakdown: 0.0343 compilation, 0.00697 optimization, 0 shortcut expansion, 0.00128 checking, 2.86e-06 computing indexes, 0.00246 misc.) + 0 I/O.
pp48-domotica3_command5 alle in licht aan in mijn slaapkamer 
LOG (nnet3-latgen-faster-parallel[5.5.569~1-6f329]:~DecodeUtteranceLatticeFasterClass():decoder-wrappers.cc:180) Log-like per frame for utterance pp48-domotica3_command5 is 1.44441 over 218 frames.
LOG (nnet3-latgen-faster-parallel[5.5.569~1-6f329]:~CachingOptimizingCompiler():nnet-optimize.cc:710) 0.0716 seconds taken in nnet3 compilation total (breakdown: 0.06 compilation, 0.007 optimization, 0 shortcut expansion, 0.00136 checking, 4.77e-06 computing indexes, 0.0032 misc.) + 0 I/O.
pp48-domotica3_command50 deur dicht aan de slaapkamer 
LOG (nnet3-latgen-faster-parallel[5.5.569~1-6f329]:~DecodeUtteranceLatticeFasterClass():decoder-wrappers.cc:180) Log-like per frame for utterance pp48-domotica3_command50 is 1.16025 over 202 frames.
LOG (nnet3-latgen-faster-parallel[5.5.569~1-6f329]:~CachingOptimizingCompiler():nnet-optimize.cc:710) 0.051 seconds taken in nnet3 compilation total (breakdown: 0.0403 compilation, 0.00685 optimization, 0 shortcut expansion, 0.00131 checking, 2.15e-06 computing indexes, 0.00258 misc.) + 0 I/O.
pp48-domotica3_command51 alle deur open naar mijn slaapkamer 
LOG (nnet3-latgen-faster-parallel[5.5.569~1-6f329]:~DecodeUtteranceLatticeFasterClass():decoder-wrappers.cc:180) Log-like per frame for utterance pp48-domotica3_command51 is 1.34011 over 228 frames.
LOG (nnet3-latgen-faster-parallel[5.5.569~1-6f329]:~CachingOptimizingCompiler():nnet-optimize.cc:710) 0.0649 seconds taken in nnet3 compilation total (breakdown: 0.0528 compilation, 0.00693 optimization, 0 shortcut expansion, 0.00133 checking, 4.05e-06 computing indexes, 0.00384 misc.) + 0 I/O.
pp48-domotica3_command52 alle lichten in mijn slaapkamer 
LOG (nnet3-latgen-faster-parallel[5.5.569~1-6f329]:~DecodeUtteranceLatticeFasterClass():decoder-wrappers.cc:180) Log-like per frame for utterance pp48-domotica3_command52 is 1.21149 over 209 frames.
LOG (nnet3-latgen-faster-parallel[5.5.569~1-6f329]:~CachingOptimizingCompiler():nnet-optimize.cc:710) 0.0744 seconds taken in nnet3 compilation total (breakdown: 0.0606 compilation, 0.00849 optimization, 0 shortcut expansion, 0.00169 checking, 4.05e-06 computing indexes, 0.0036 misc.) + 0 I/O.
pp48-domotica3_command53 alle lichten uit op mijn slaapkamer 
LOG (nnet3-latgen-faster-parallel[5.5.569~1-6f329]:~DecodeUtteranceLatticeFasterClass():decoder-wrappers.cc:180) Log-like per frame for utterance pp48-domotica3_command53 is 1.45687 over 209 frames.
LOG (nnet3-latgen-faster-parallel[5.5.569~1-6f329]:~CachingOptimizingCompiler():nnet-optimize.cc:710) 0.0537 seconds taken in nnet3 compilation total (breakdown: 0.0429 compilation, 0.00669 optimization, 0 shortcut expansion, 0.00125 checking, 4.05e-06 computing indexes, 0.00288 misc.) + 0 I/O.
pp48-domotica3_command54 alle de voordeur sluiten 
LOG (nnet3-latgen-faster-parallel[5.5.569~1-6f329]:~DecodeUtteranceLatticeFasterClass():decoder-wrappers.cc:180) Log-like per frame for utterance pp48-domotica3_command54 is 1.45668 over 180 frames.
LOG (nnet3-latgen-faster-parallel[5.5.569~1-6f329]:~CachingOptimizingCompiler():nnet-optimize.cc:710) 0.0719 seconds taken in nnet3 compilation total (breakdown: 0.0609 compilation, 0.00677 optimization, 0 shortcut expansion, 0.00127 checking, 3.1e-06 computing indexes, 0.00298 misc.) + 0 I/O.
pp48-domotica3_command55 alle deur open 
LOG (nnet3-latgen-faster-parallel[5.5.569~1-6f329]:~DecodeUtteranceLatticeFasterClass():decoder-wrappers.cc:180) Log-like per frame for utterance pp48-domotica3_command55 is 1.41321 over 158 frames.
LOG (nnet3-latgen-faster-parallel[5.5.569~1-6f329]:~CachingOptimizingCompiler():nnet-optimize.cc:710) 0.0619 seconds taken in nnet3 compilation total (breakdown: 0.0515 compilation, 0.00672 optimization, 0 shortcut expansion, 0.00124 checking, 4.05e-06 computing indexes, 0.00237 misc.) + 0 I/O.
pp48-domotica3_command56 alle doe alle lichten uit 
LOG (nnet3-latgen-faster-parallel[5.5.569~1-6f329]:~DecodeUtteranceLatticeFasterClass():decoder-wrappers.cc:180) Log-like per frame for utterance pp48-domotica3_command56 is 1.13058 over 192 frames.
LOG (nnet3-latgen-faster-parallel[5.5.569~1-6f329]:~CachingOptimizingCompiler():nnet-optimize.cc:710) 0.048 seconds taken in nnet3 compilation total (breakdown: 0.0373 compilation, 0.00685 optimization, 0 shortcut expansion, 0.00126 checking, 4.05e-06 computing indexes, 0.0025 misc.) + 0 I/O.
pp48-domotica3_command57 alle in hoofdeinde op stand twee 
LOG (nnet3-latgen-faster-parallel[5.5.569~1-6f329]:~DecodeUtteranceLatticeFasterClass():decoder-wrappers.cc:180) Log-like per frame for utterance pp48-domotica3_command57 is 1.20264 over 197 frames.
LOG (nnet3-latgen-faster-parallel[5.5.569~1-6f329]:~CachingOptimizingCompiler():nnet-optimize.cc:710) 0.0511 seconds taken in nnet3 compilation total (breakdown: 0.0403 compilation, 0.00696 optimization, 0 shortcut expansion, 0.00133 checking, 4.05e-06 computing indexes, 0.00249 misc.) + 0 I/O.
pp48-domotica3_command58 alle in hoofdeinde op stand twee 
LOG (nnet3-latgen-faster-parallel[5.5.569~1-6f329]:~DecodeUtteranceLatticeFasterClass():decoder-wrappers.cc:180) Log-like per frame for utterance pp48-domotica3_command58 is 1.47729 over 187 frames.
LOG (nnet3-latgen-faster-parallel[5.5.569~1-6f329]:~CachingOptimizingCompiler():nnet-optimize.cc:710) 0.0667 seconds taken in nnet3 compilation total (breakdown: 0.0549 compilation, 0.00683 optimization, 0 shortcut expansion, 0.00135 checking, 3.1e-06 computing indexes, 0.00355 misc.) + 0 I/O.
pp48-domotica3_command59 hoofdeinde in hoofdeinde op stand drie 
LOG (nnet3-latgen-faster-parallel[5.5.569~1-6f329]:~DecodeUtteranceLatticeFasterClass():decoder-wrappers.cc:180) Log-like per frame for utterance pp48-domotica3_command59 is 1.2814 over 180 frames.
LOG (nnet3-latgen-faster-parallel[5.5.569~1-6f329]:~CachingOptimizingCompiler():nnet-optimize.cc:710) 0.0623 seconds taken in nnet3 compilation total (breakdown: 0.0511 compilation, 0.00679 optimization, 0 shortcut expansion, 0.00134 checking, 4.05e-06 computing indexes, 0.00306 misc.) + 0 I/O.
pp48-domotica3_command6 aan in licht uit op mijn slaapkamer 
LOG (nnet3-latgen-faster-parallel[5.5.569~1-6f329]:~DecodeUtteranceLatticeFasterClass():decoder-wrappers.cc:180) Log-like per frame for utterance pp48-domotica3_command6 is 1.48615 over 226 frames.
LOG (nnet3-latgen-faster-parallel[5.5.569~1-6f329]:~CachingOptimizingCompiler():nnet-optimize.cc:710) 0.0809 seconds taken in nnet3 compilation total (breakdown: 0.0672 compilation, 0.00826 optimization, 0 shortcut expansion, 0.00152 checking, 5.25e-06 computing indexes, 0.00389 misc.) + 0 I/O.
pp48-domotica3_command60 hoofdeinde deur dicht aan de slaapkamer 
LOG (nnet3-latgen-faster-parallel[5.5.569~1-6f329]:~DecodeUtteranceLatticeFasterClass():decoder-wrappers.cc:180) Log-like per frame for utterance pp48-domotica3_command60 is 1.32624 over 187 frames.
LOG (nnet3-latgen-faster-parallel[5.5.569~1-6f329]:~CachingOptimizingCompiler():nnet-optimize.cc:710) 0.0693 seconds taken in nnet3 compilation total (breakdown: 0.0571 compilation, 0.00704 optimization, 0 shortcut expansion, 0.00137 checking, 2.86e-06 computing indexes, 0.00381 misc.) + 0 I/O.
pp48-domotica3_command61 deur open naar mijn slaapkamer 
LOG (nnet3-latgen-faster-parallel[5.5.569~1-6f329]:~DecodeUtteranceLatticeFasterClass():decoder-wrappers.cc:180) Log-like per frame for utterance pp48-domotica3_command61 is 1.42271 over 206 frames.
LOG (nnet3-latgen-faster-parallel[5.5.569~1-6f329]:~CachingOptimizingCompiler():nnet-optimize.cc:710) 0.0556 seconds taken in nnet3 compilation total (breakdown: 0.0446 compilation, 0.007 optimization, 0 shortcut expansion, 0.00137 checking, 3.81e-06 computing indexes, 0.00259 misc.) + 0 I/O.
pp48-domotica3_command62 in licht aan in mijn slaapkamer 
LOG (nnet3-latgen-faster-parallel[5.5.569~1-6f329]:~DecodeUtteranceLatticeFasterClass():decoder-wrappers.cc:180) Log-like per frame for utterance pp48-domotica3_command62 is 1.22424 over 197 frames.
LOG (nnet3-latgen-faster-parallel[5.5.569~1-6f329]:~CachingOptimizingCompiler():nnet-optimize.cc:710) 0.0709 seconds taken in nnet3 compilation total (breakdown: 0.0563 compilation, 0.00875 optimization, 0 shortcut expansion, 0.00174 checking, 5.01e-06 computing indexes, 0.00407 misc.) + 0 I/O.
pp48-domotica3_command63 hoofdeinde licht uit op mijn slaapkamer 
LOG (nnet3-latgen-faster-parallel[5.5.569~1-6f329]:~DecodeUtteranceLatticeFasterClass():decoder-wrappers.cc:180) Log-like per frame for utterance pp48-domotica3_command63 is 1.24395 over 187 frames.
LOG (nnet3-latgen-faster-parallel[5.5.569~1-6f329]:~CachingOptimizingCompiler():nnet-optimize.cc:710) 0.0632 seconds taken in nnet3 compilation total (breakdown: 0.0514 compilation, 0.00703 optimization, 0 shortcut expansion, 0.00134 checking, 3.81e-06 computing indexes, 0.00344 misc.) + 0 I/O.
pp48-domotica3_command64 alle in de voordeur sluiten 
LOG (nnet3-latgen-faster-parallel[5.5.569~1-6f329]:~DecodeUtteranceLatticeFasterClass():decoder-wrappers.cc:180) Log-like per frame for utterance pp48-domotica3_command64 is 1.4081 over 179 frames.
LOG (nnet3-latgen-faster-parallel[5.5.569~1-6f329]:~CachingOptimizingCompiler():nnet-optimize.cc:710) 0.0635 seconds taken in nnet3 compilation total (breakdown: 0.0526 compilation, 0.00676 optimization, 0 shortcut expansion, 0.00125 checking, 4.05e-06 computing indexes, 0.00296 misc.) + 0 I/O.
pp48-domotica3_command65 alle deur open 
LOG (nnet3-latgen-faster-parallel[5.5.569~1-6f329]:~DecodeUtteranceLatticeFasterClass():decoder-wrappers.cc:180) Log-like per frame for utterance pp48-domotica3_command65 is 1.27502 over 151 frames.
LOG (nnet3-latgen-faster-parallel[5.5.569~1-6f329]:~CachingOptimizingCompiler():nnet-optimize.cc:710) 0.0661 seconds taken in nnet3 compilation total (breakdown: 0.0527 compilation, 0.00847 optimization, 0 shortcut expansion, 0.00161 checking, 4.29e-06 computing indexes, 0.00326 misc.) + 0 I/O.
pp48-domotica3_command66 alle in doe alle lichten uit 
LOG (nnet3-latgen-faster-parallel[5.5.569~1-6f329]:~DecodeUtteranceLatticeFasterClass():decoder-wrappers.cc:180) Log-like per frame for utterance pp48-domotica3_command66 is 1.12055 over 188 frames.
LOG (nnet3-latgen-faster-parallel[5.5.569~1-6f329]:~CachingOptimizingCompiler():nnet-optimize.cc:710) 0.0342 seconds taken in nnet3 compilation total (breakdown: 0.0268 compilation, 0.00434 optimization, 0 shortcut expansion, 0.000741 checking, 1.91e-06 computing indexes, 0.0023 misc.) + 0 I/O.
pp48-domotica3_command67 in hoofdeinde op stand drie 
LOG (nnet3-latgen-faster-parallel[5.5.569~1-6f329]:~DecodeUtteranceLatticeFasterClass():decoder-wrappers.cc:180) Log-like per frame for utterance pp48-domotica3_command67 is 1.19891 over 183 frames.
LOG (nnet3-latgen-faster-parallel[5.5.569~1-6f329]:~CachingOptimizingCompiler():nnet-optimize.cc:710) 0.0817 seconds taken in nnet3 compilation total (breakdown: 0.0676 compilation, 0.00852 optimization, 0 shortcut expansion, 0.00159 checking, 3.1e-06 computing indexes, 0.004 misc.) + 0 I/O.
pp48-domotica3_command68 hoofdeinde in hoofdeinde op stand twee 
LOG (nnet3-latgen-faster-parallel[5.5.569~1-6f329]:~DecodeUtteranceLatticeFasterClass():decoder-wrappers.cc:180) Log-like per frame for utterance pp48-domotica3_command68 is 1.28692 over 169 frames.
LOG (nnet3-latgen-faster-parallel[5.5.569~1-6f329]:~CachingOptimizingCompiler():nnet-optimize.cc:710) 0.0552 seconds taken in nnet3 compilation total (breakdown: 0.0449 compilation, 0.00663 optimization, 0 shortcut expansion, 0.00122 checking, 3.81e-06 computing indexes, 0.00245 misc.) + 0 I/O.
pp48-domotica3_command69 alle in hoofdeinde op stand drie 
LOG (nnet3-latgen-faster-parallel[5.5.569~1-6f329]:~DecodeUtteranceLatticeFasterClass():decoder-wrappers.cc:180) Log-like per frame for utterance pp48-domotica3_command69 is 1.30399 over 191 frames.
LOG (nnet3-latgen-faster-parallel[5.5.569~1-6f329]:~CachingOptimizingCompiler():nnet-optimize.cc:710) 0.0623 seconds taken in nnet3 compilation total (breakdown: 0.0481 compilation, 0.00867 optimization, 0 shortcut expansion, 0.00165 checking, 4.05e-06 computing indexes, 0.0039 misc.) + 0 I/O.
pp48-domotica3_command7 alle aan in de voordeur sluiten 
LOG (nnet3-latgen-faster-parallel[5.5.569~1-6f329]:~DecodeUtteranceLatticeFasterClass():decoder-wrappers.cc:180) Log-like per frame for utterance pp48-domotica3_command7 is 1.61959 over 185 frames.
LOG (nnet3-latgen-faster-parallel[5.5.569~1-6f329]:~CachingOptimizingCompiler():nnet-optimize.cc:710) 0.0732 seconds taken in nnet3 compilation total (breakdown: 0.062 compilation, 0.00678 optimization, 0 shortcut expansion, 0.00129 checking, 3.81e-06 computing indexes, 0.00313 misc.) + 0 I/O.
pp48-domotica3_command70 hoofdeinde in deur dicht aan de slaapkamer 
LOG (nnet3-latgen-faster-parallel[5.5.569~1-6f329]:~DecodeUtteranceLatticeFasterClass():decoder-wrappers.cc:180) Log-like per frame for utterance pp48-domotica3_command70 is 1.20514 over 176 frames.
LOG (nnet3-latgen-faster-parallel[5.5.569~1-6f329]:~CachingOptimizingCompiler():nnet-optimize.cc:710) 0.0604 seconds taken in nnet3 compilation total (breakdown: 0.0494 compilation, 0.00674 optimization, 0 shortcut expansion, 0.00132 checking, 3.81e-06 computing indexes, 0.00295 misc.) + 0 I/O.
pp48-domotica3_command71 alle in deur open naar mijn slaapkamer 
LOG (nnet3-latgen-faster-parallel[5.5.569~1-6f329]:~DecodeUtteranceLatticeFasterClass():decoder-wrappers.cc:180) Log-like per frame for utterance pp48-domotica3_command71 is 1.39315 over 203 frames.
LOG (nnet3-latgen-faster-parallel[5.5.569~1-6f329]:~CachingOptimizingCompiler():nnet-optimize.cc:710) 0.0559 seconds taken in nnet3 compilation total (breakdown: 0.0453 compilation, 0.00665 optimization, 0 shortcut expansion, 0.00131 checking, 1.91e-06 computing indexes, 0.00271 misc.) + 0 I/O.
pp48-domotica3_command72 alle in licht aan in mijn slaapkamer 
LOG (nnet3-latgen-faster-parallel[5.5.569~1-6f329]:~DecodeUtteranceLatticeFasterClass():decoder-wrappers.cc:180) Log-like per frame for utterance pp48-domotica3_command72 is 1.30875 over 197 frames.
LOG (nnet3-latgen-faster-parallel[5.5.569~1-6f329]:~CachingOptimizingCompiler():nnet-optimize.cc:710) 0.0616 seconds taken in nnet3 compilation total (breakdown: 0.0502 compilation, 0.00712 optimization, 0 shortcut expansion, 0.00136 checking, 6.2e-06 computing indexes, 0.00295 misc.) + 0 I/O.
pp48-domotica3_command73 op mijn licht uit op mijn slaapkamer 
LOG (nnet3-latgen-faster-parallel[5.5.569~1-6f329]:~DecodeUtteranceLatticeFasterClass():decoder-wrappers.cc:180) Log-like per frame for utterance pp48-domotica3_command73 is 1.26847 over 222 frames.
LOG (nnet3-latgen-faster-parallel[5.5.569~1-6f329]:~CachingOptimizingCompiler():nnet-optimize.cc:710) 0.0671 seconds taken in nnet3 compilation total (breakdown: 0.0557 compilation, 0.00687 optimization, 0 shortcut expansion, 0.00132 checking, 3.81e-06 computing indexes, 0.00317 misc.) + 0 I/O.
pp48-domotica3_command74 alle in de voordeur sluiten 
LOG (nnet3-latgen-faster-parallel[5.5.569~1-6f329]:~DecodeUtteranceLatticeFasterClass():decoder-wrappers.cc:180) Log-like per frame for utterance pp48-domotica3_command74 is 1.38932 over 167 frames.
LOG (nnet3-latgen-faster-parallel[5.5.569~1-6f329]:~CachingOptimizingCompiler():nnet-optimize.cc:710) 0.0574 seconds taken in nnet3 compilation total (breakdown: 0.0461 compilation, 0.00679 optimization, 0 shortcut expansion, 0.00134 checking, 4.05e-06 computing indexes, 0.00317 misc.) + 0 I/O.
pp48-domotica3_command75 alle deur open 
LOG (nnet3-latgen-faster-parallel[5.5.569~1-6f329]:~DecodeUtteranceLatticeFasterClass():decoder-wrappers.cc:180) Log-like per frame for utterance pp48-domotica3_command75 is 1.48347 over 151 frames.
LOG (nnet3-latgen-faster-parallel[5.5.569~1-6f329]:~CachingOptimizingCompiler():nnet-optimize.cc:710) 0.0491 seconds taken in nnet3 compilation total (breakdown: 0.0388 compilation, 0.00666 optimization, 0 shortcut expansion, 0.00123 checking, 5.01e-06 computing indexes, 0.00235 misc.) + 0 I/O.
pp48-domotica3_command76 alle doe alle lichten uit 
LOG (nnet3-latgen-faster-parallel[5.5.569~1-6f329]:~DecodeUtteranceLatticeFasterClass():decoder-wrappers.cc:180) Log-like per frame for utterance pp48-domotica3_command76 is 1.35067 over 182 frames.
LOG (nnet3-latgen-faster-parallel[5.5.569~1-6f329]:~CachingOptimizingCompiler():nnet-optimize.cc:710) 0.084 seconds taken in nnet3 compilation total (breakdown: 0.0701 compilation, 0.00851 optimization, 0 shortcut expansion, 0.0016 checking, 4.05e-06 computing indexes, 0.00382 misc.) + 0 I/O.
pp48-domotica3_command77 aan in hoofdeinde op stand twee 
LOG (nnet3-latgen-faster-parallel[5.5.569~1-6f329]:~DecodeUtteranceLatticeFasterClass():decoder-wrappers.cc:180) Log-like per frame for utterance pp48-domotica3_command77 is 1.34123 over 186 frames.
LOG (nnet3-latgen-faster-parallel[5.5.569~1-6f329]:~CachingOptimizingCompiler():nnet-optimize.cc:710) 0.0647 seconds taken in nnet3 compilation total (breakdown: 0.0533 compilation, 0.0068 optimization, 0 shortcut expansion, 0.00131 checking, 2.86e-06 computing indexes, 0.00331 misc.) + 0 I/O.
pp48-domotica3_command78 alle hoofdeinde op stand twee 
LOG (nnet3-latgen-faster-parallel[5.5.569~1-6f329]:~DecodeUtteranceLatticeFasterClass():decoder-wrappers.cc:180) Log-like per frame for utterance pp48-domotica3_command78 is 1.45131 over 177 frames.
LOG (nnet3-latgen-faster-parallel[5.5.569~1-6f329]:~CachingOptimizingCompiler():nnet-optimize.cc:710) 0.0604 seconds taken in nnet3 compilation total (breakdown: 0.0494 compilation, 0.00682 optimization, 0 shortcut expansion, 0.00132 checking, 2.86e-06 computing indexes, 0.00283 misc.) + 0 I/O.
pp48-domotica3_command79 alle in hoofdeinde op stand drie 
LOG (nnet3-latgen-faster-parallel[5.5.569~1-6f329]:~DecodeUtteranceLatticeFasterClass():decoder-wrappers.cc:180) Log-like per frame for utterance pp48-domotica3_command79 is 1.565 over 168 frames.
LOG (nnet3-latgen-faster-parallel[5.5.569~1-6f329]:~CachingOptimizingCompiler():nnet-optimize.cc:710) 0.0668 seconds taken in nnet3 compilation total (breakdown: 0.0533 compilation, 0.00856 optimization, 0 shortcut expansion, 0.00162 checking, 3.81e-06 computing indexes, 0.00333 misc.) + 0 I/O.
pp48-domotica3_command8 alle aan in deur open 
LOG (nnet3-latgen-faster-parallel[5.5.569~1-6f329]:~DecodeUtteranceLatticeFasterClass():decoder-wrappers.cc:180) Log-like per frame for utterance pp48-domotica3_command8 is 1.60934 over 151 frames.
LOG (nnet3-latgen-faster-parallel[5.5.569~1-6f329]:~CachingOptimizingCompiler():nnet-optimize.cc:710) 0.047 seconds taken in nnet3 compilation total (breakdown: 0.0363 compilation, 0.00694 optimization, 0 shortcut expansion, 0.00133 checking, 4.29e-06 computing indexes, 0.00233 misc.) + 0 I/O.
pp48-domotica3_command81 deur dicht aan de slaapkamer 
LOG (nnet3-latgen-faster-parallel[5.5.569~1-6f329]:~DecodeUtteranceLatticeFasterClass():decoder-wrappers.cc:180) Log-like per frame for utterance pp48-domotica3_command81 is 1.48341 over 167 frames.
LOG (nnet3-latgen-faster-parallel[5.5.569~1-6f329]:~CachingOptimizingCompiler():nnet-optimize.cc:710) 0.0693 seconds taken in nnet3 compilation total (breakdown: 0.0583 compilation, 0.00676 optimization, 0 shortcut expansion, 0.00127 checking, 4.77e-06 computing indexes, 0.00301 misc.) + 0 I/O.
pp48-domotica3_command82 alle deur open naar mijn slaapkamer 
LOG (nnet3-latgen-faster-parallel[5.5.569~1-6f329]:~DecodeUtteranceLatticeFasterClass():decoder-wrappers.cc:180) Log-like per frame for utterance pp48-domotica3_command82 is 1.47097 over 201 frames.
LOG (nnet3-latgen-faster-parallel[5.5.569~1-6f329]:~CachingOptimizingCompiler():nnet-optimize.cc:710) 0.0528 seconds taken in nnet3 compilation total (breakdown: 0.0419 compilation, 0.00699 optimization, 0 shortcut expansion, 0.00132 checking, 4.77e-06 computing indexes, 0.00255 misc.) + 0 I/O.
pp48-domotica3_command83 alle licht aan in mijn slaapkamer 
LOG (nnet3-latgen-faster-parallel[5.5.569~1-6f329]:~DecodeUtteranceLatticeFasterClass():decoder-wrappers.cc:180) Log-like per frame for utterance pp48-domotica3_command83 is 1.44997 over 187 frames.
LOG (nnet3-latgen-faster-parallel[5.5.569~1-6f329]:~CachingOptimizingCompiler():nnet-optimize.cc:710) 0.066 seconds taken in nnet3 compilation total (breakdown: 0.0547 compilation, 0.00677 optimization, 0 shortcut expansion, 0.0013 checking, 2.86e-06 computing indexes, 0.00318 misc.) + 0 I/O.
pp48-domotica3_command84 alle lichten uit op mijn slaapkamer 
LOG (nnet3-latgen-faster-parallel[5.5.569~1-6f329]:~DecodeUtteranceLatticeFasterClass():decoder-wrappers.cc:180) Log-like per frame for utterance pp48-domotica3_command84 is 1.24516 over 190 frames.
LOG (nnet3-latgen-faster-parallel[5.5.569~1-6f329]:~CachingOptimizingCompiler():nnet-optimize.cc:710) 0.0483 seconds taken in nnet3 compilation total (breakdown: 0.0374 compilation, 0.00705 optimization, 0 shortcut expansion, 0.00138 checking, 4.77e-06 computing indexes, 0.00245 misc.) + 0 I/O.
pp48-domotica3_command85 alle in de voordeur sluiten 
LOG (nnet3-latgen-faster-parallel[5.5.569~1-6f329]:~DecodeUtteranceLatticeFasterClass():decoder-wrappers.cc:180) Log-like per frame for utterance pp48-domotica3_command85 is 1.4464 over 182 frames.
LOG (nnet3-latgen-faster-parallel[5.5.569~1-6f329]:~CachingOptimizingCompiler():nnet-optimize.cc:710) 0.0727 seconds taken in nnet3 compilation total (breakdown: 0.0611 compilation, 0.00669 optimization, 0 shortcut expansion, 0.00131 checking, 5.25e-06 computing indexes, 0.00361 misc.) + 0 I/O.
pp48-domotica3_command86 alle in deur open 
LOG (nnet3-latgen-faster-parallel[5.5.569~1-6f329]:~DecodeUtteranceLatticeFasterClass():decoder-wrappers.cc:180) Log-like per frame for utterance pp48-domotica3_command86 is 1.45591 over 174 frames.
LOG (nnet3-latgen-faster-parallel[5.5.569~1-6f329]:~CachingOptimizingCompiler():nnet-optimize.cc:710) 0.0605 seconds taken in nnet3 compilation total (breakdown: 0.0496 compilation, 0.00681 optimization, 0 shortcut expansion, 0.00131 checking, 5.25e-06 computing indexes, 0.0028 misc.) + 0 I/O.
pp48-domotica3_command87 doe alle lichten uit 
LOG (nnet3-latgen-faster-parallel[5.5.569~1-6f329]:~DecodeUtteranceLatticeFasterClass():decoder-wrappers.cc:180) Log-like per frame for utterance pp48-domotica3_command87 is 1.24072 over 173 frames.
LOG (nnet3-latgen-faster-parallel[5.5.569~1-6f329]:~CachingOptimizingCompiler():nnet-optimize.cc:710) 0.0601 seconds taken in nnet3 compilation total (breakdown: 0.0491 compilation, 0.00678 optimization, 0 shortcut expansion, 0.00131 checking, 3.1e-06 computing indexes, 0.00291 misc.) + 0 I/O.
pp48-domotica3_command88 alle hoofdeinde op stand twee 
LOG (nnet3-latgen-faster-parallel[5.5.569~1-6f329]:~DecodeUtteranceLatticeFasterClass():decoder-wrappers.cc:180) Log-like per frame for utterance pp48-domotica3_command88 is 1.42354 over 180 frames.
LOG (nnet3-latgen-faster-parallel[5.5.569~1-6f329]:~CachingOptimizingCompiler():nnet-optimize.cc:710) 0.0612 seconds taken in nnet3 compilation total (breakdown: 0.05 compilation, 0.00679 optimization, 0 shortcut expansion, 0.00133 checking, 4.05e-06 computing indexes, 0.00304 misc.) + 0 I/O.
pp48-domotica3_command89 alle in hoofdeinde op stand twee 
LOG (nnet3-latgen-faster-parallel[5.5.569~1-6f329]:~DecodeUtteranceLatticeFasterClass():decoder-wrappers.cc:180) Log-like per frame for utterance pp48-domotica3_command89 is 1.543 over 163 frames.
LOG (nnet3-latgen-faster-parallel[5.5.569~1-6f329]:~CachingOptimizingCompiler():nnet-optimize.cc:710) 0.0529 seconds taken in nnet3 compilation total (breakdown: 0.0419 compilation, 0.00692 optimization, 0 shortcut expansion, 0.00136 checking, 3.1e-06 computing indexes, 0.0027 misc.) + 0 I/O.
pp48-domotica3_command9 in doe alle lichten uit 
LOG (nnet3-latgen-faster-parallel[5.5.569~1-6f329]:~DecodeUtteranceLatticeFasterClass():decoder-wrappers.cc:180) Log-like per frame for utterance pp48-domotica3_command9 is 1.43158 over 187 frames.
LOG (nnet3-latgen-faster-parallel[5.5.569~1-6f329]:~CachingOptimizingCompiler():nnet-optimize.cc:710) 0.0656 seconds taken in nnet3 compilation total (breakdown: 0.054 compilation, 0.00676 optimization, 0 shortcut expansion, 0.00133 checking, 5.96e-06 computing indexes, 0.00342 misc.) + 0 I/O.
pp48-domotica3_command90 alle in hoofdeinde op stand drie 
LOG (nnet3-latgen-faster-parallel[5.5.569~1-6f329]:~DecodeUtteranceLatticeFasterClass():decoder-wrappers.cc:180) Log-like per frame for utterance pp48-domotica3_command90 is 1.42665 over 186 frames.
LOG (nnet3-latgen-faster-parallel[5.5.569~1-6f329]:~CachingOptimizingCompiler():nnet-optimize.cc:710) 0.0632 seconds taken in nnet3 compilation total (breakdown: 0.0522 compilation, 0.00671 optimization, 0 shortcut expansion, 0.00129 checking, 3.81e-06 computing indexes, 0.003 misc.) + 0 I/O.
pp48-domotica3_command91 alle in deur dicht aan de slaapkamer 
LOG (nnet3-latgen-faster-parallel[5.5.569~1-6f329]:~DecodeUtteranceLatticeFasterClass():decoder-wrappers.cc:180) Log-like per frame for utterance pp48-domotica3_command91 is 1.55655 over 203 frames.
LOG (nnet3-latgen-faster-parallel[5.5.569~1-6f329]:~CachingOptimizingCompiler():nnet-optimize.cc:710) 0.0667 seconds taken in nnet3 compilation total (breakdown: 0.0526 compilation, 0.00885 optimization, 0 shortcut expansion, 0.00174 checking, 5.01e-06 computing indexes, 0.00355 misc.) + 0 I/O.
pp48-domotica3_command92 alle in deur open naar mijn slaapkamer 
LOG (nnet3-latgen-faster-parallel[5.5.569~1-6f329]:~DecodeUtteranceLatticeFasterClass():decoder-wrappers.cc:180) Log-like per frame for utterance pp48-domotica3_command92 is 1.60129 over 236 frames.
LOG (nnet3-latgen-faster-parallel[5.5.569~1-6f329]:~CachingOptimizingCompiler():nnet-optimize.cc:710) 0.0454 seconds taken in nnet3 compilation total (breakdown: 0.0349 compilation, 0.0071 optimization, 0 shortcut expansion, 0.00129 checking, 2.86e-06 computing indexes, 0.00216 misc.) + 0 I/O.
LOG (apply-cmvn[5.5.569~1-6f329]:main():apply-cmvn.cc:81) Copied 169 utterances.
pp48-domotica3_command93 licht aan in mijn slaapkamer 
LOG (nnet3-latgen-faster-parallel[5.5.569~1-6f329]:~DecodeUtteranceLatticeFasterClass():decoder-wrappers.cc:180) Log-like per frame for utterance pp48-domotica3_command93 is 1.05449 over 190 frames.
LOG (nnet3-latgen-faster-parallel[5.5.569~1-6f329]:~CachingOptimizingCompiler():nnet-optimize.cc:710) 0.0455 seconds taken in nnet3 compilation total (breakdown: 0.035 compilation, 0.00694 optimization, 0 shortcut expansion, 0.00124 checking, 2.86e-06 computing indexes, 0.00226 misc.) + 0 I/O.
pp48-domotica3_command94 alle lichten uit op mijn slaapkamer 
LOG (nnet3-latgen-faster-parallel[5.5.569~1-6f329]:~DecodeUtteranceLatticeFasterClass():decoder-wrappers.cc:180) Log-like per frame for utterance pp48-domotica3_command94 is 1.46575 over 218 frames.
LOG (nnet3-latgen-faster-parallel[5.5.569~1-6f329]:~CachingOptimizingCompiler():nnet-optimize.cc:710) 0.0644 seconds taken in nnet3 compilation total (breakdown: 0.0526 compilation, 0.007 optimization, 0 shortcut expansion, 0.00141 checking, 4.29e-06 computing indexes, 0.00332 misc.) + 0 I/O.
pp48-domotica3_command95 alle de voordeur sluiten 
LOG (nnet3-latgen-faster-parallel[5.5.569~1-6f329]:~DecodeUtteranceLatticeFasterClass():decoder-wrappers.cc:180) Log-like per frame for utterance pp48-domotica3_command95 is 1.47334 over 182 frames.
LOG (nnet3-latgen-faster-parallel[5.5.569~1-6f329]:~CachingOptimizingCompiler():nnet-optimize.cc:710) 0.064 seconds taken in nnet3 compilation total (breakdown: 0.0525 compilation, 0.00705 optimization, 0 shortcut expansion, 0.00136 checking, 4.05e-06 computing indexes, 0.0031 misc.) + 0 I/O.
pp48-domotica3_command96 naar mijn deur open 
LOG (nnet3-latgen-faster-parallel[5.5.569~1-6f329]:~DecodeUtteranceLatticeFasterClass():decoder-wrappers.cc:180) Log-like per frame for utterance pp48-domotica3_command96 is 1.36258 over 283 frames.
LOG (nnet3-latgen-faster-parallel[5.5.569~1-6f329]:~CachingOptimizingCompiler():nnet-optimize.cc:710) 0.0455 seconds taken in nnet3 compilation total (breakdown: 0.0351 compilation, 0.00673 optimization, 0 shortcut expansion, 0.00132 checking, 4.29e-06 computing indexes, 0.00236 misc.) + 0 I/O.
pp48-domotica3_command97 doe alle lichten uit 
LOG (nnet3-latgen-faster-parallel[5.5.569~1-6f329]:~DecodeUtteranceLatticeFasterClass():decoder-wrappers.cc:180) Log-like per frame for utterance pp48-domotica3_command97 is 1.30579 over 161 frames.
LOG (nnet3-latgen-faster-parallel[5.5.569~1-6f329]:~CachingOptimizingCompiler():nnet-optimize.cc:710) 0.052 seconds taken in nnet3 compilation total (breakdown: 0.0413 compilation, 0.00672 optimization, 0 shortcut expansion, 0.0013 checking, 3.81e-06 computing indexes, 0.00269 misc.) + 0 I/O.
pp48-domotica3_command98 alle in hoofdeinde op stand een 
LOG (nnet3-latgen-faster-parallel[5.5.569~1-6f329]:~DecodeUtteranceLatticeFasterClass():decoder-wrappers.cc:180) Log-like per frame for utterance pp48-domotica3_command98 is 1.33029 over 171 frames.
LOG (nnet3-latgen-faster-parallel[5.5.569~1-6f329]:~CachingOptimizingCompiler():nnet-optimize.cc:710) 0.0573 seconds taken in nnet3 compilation total (breakdown: 0.0467 compilation, 0.0066 optimization, 0 shortcut expansion, 0.00121 checking, 2.15e-06 computing indexes, 0.00279 misc.) + 0 I/O.
pp48-domotica3_command99 alle in hoofdeinde op stand twee 
LOG (nnet3-latgen-faster-parallel[5.5.569~1-6f329]:~DecodeUtteranceLatticeFasterClass():decoder-wrappers.cc:180) Log-like per frame for utterance pp48-domotica3_command99 is 1.43587 over 160 frames.
LOG (nnet3-latgen-faster-parallel[5.5.569~1-6f329]:~CachingOptimizingCompiler():nnet-optimize.cc:710) 0.0482 seconds taken in nnet3 compilation total (breakdown: 0.0383 compilation, 0.00627 optimization, 0 shortcut expansion, 0.00117 checking, 3.1e-06 computing indexes, 0.00245 misc.) + 0 I/O.
LOG (nnet3-latgen-faster-parallel[5.5.569~1-6f329]:main():nnet3-latgen-faster-parallel.cc:264) Time taken 15.5641s: real-time factor assuming 100 feature frames/sec is 0.0633942
LOG (nnet3-latgen-faster-parallel[5.5.569~1-6f329]:main():nnet3-latgen-faster-parallel.cc:268) Done 169 utterances, failed for 0
LOG (nnet3-latgen-faster-parallel[5.5.569~1-6f329]:main():nnet3-latgen-faster-parallel.cc:270) Overall log-likelihood per frame is 1.39711 over 32735 frames.
LOG (lattice-scale[5.5.569~1-6f329]:main():lattice-scale.cc:107) Done 169 lattices.
# Accounting: time=16 threads=1
# Ended (code 0) at Tue Mar 23 15:33:11 CET 2021, elapsed time 16 seconds
